homfam ricin 747 7 198.708 281 37.5 91.0 91.4 76.2 83.8 484.4953 0:08:04 15045.43 105020.52 14671.87 14881.50 1.99 1.36 143.65 704.28
homfam ghf10 1502 5 220.34 364 43.3 92.2 92.6 79.3 85.0 1156.5068 0:19:16 14132.49 104021.66 13627.88 13838.12 1.99 2.44 143.06 1656.34
homfam seatoxin 93 5 43.6344 54 42.6 66.7 64.1 8.2 9.3 169.2216 0:02:49 15005.79 104831.26 14501.36 14711.02 0.00 0.02 129.64 4.41
homfam mofe 2567 6 353.074 609 30.0 85.5 85.3 66.4 74.4 3307.1801 0:55:07 13751.59 103583.24 13203.02 13412.56 1.99 4.58 157.38 5212.80
homfam cyt3 385 6 92.3065 130 40.3 80.3 81.1 59.3 68.6 193.8071 0:03:13 14310.14 104206.58 13800.98 14010.62 1.99 0.87 110.82 216.36
homfam ins 793 6 65.2825 74 44.9 90.2 90.3 68.1 84.9 362.4579 0:06:02 15072.81 104980.50 14702.12 14808.00 1.99 1.09 145.30 536.29
homfam Ald_Xan_dh_2 2589 6 109.304 885 31.8 83.2 83.2 63.6 71.7 2141.8863 0:35:41 14933.38 104757.47 14428.91 14638.49 1.99 3.01 162.36 3482.08
homfam tms 2118 5 264.245 357 45.9 94.4 94.3 82.1 88.4 1255.7506 0:20:55 13932.59 103756.75 13452.88 13662.46 1.99 3.25 154.77 1950.93
homfam phc 2957 12 98.4711 179 37.2 92.1 93.3 70.4 75.6 512.8436 0:08:32 15000.86 104833.74 14454.71 14664.13 1.99 3.01 123.07 640.67
homfam cytb 3206 6 82.1454 100 35.6 90.4 90.7 69.6 75.3 863.7395 0:14:23 14670.69 104573.58 14179.05 14388.66 1.99 2.72 150.78 1310.34
homfam mmp 1427 6 157.93 180 55.1 95.8 96.6 87.6 92.7 788.0426 0:13:08 14757.73 104582.31 14203.39 14413.00 1.99 1.99 152.42 1209.01
homfam phoslip 946 18 113.33 137 48.9 94.2 93.9 67.6 77.5 265.2135 0:04:25 14631.96 104456.27 14127.29 14336.92 1.99 1.31 135.95 367.58
homfam HLH 6781 5 53.5453 92 28.1 89.2 93.2 65.5 77.1 619.5699 0:10:19 14697.76 104651.81 14182.02 14391.53 1.99 4.46 148.12 928.36
homfam myb_DNA-binding 10398 5 46.5583 61 40.7 94.6 94.2 80.4 86.0 384.4400 0:06:24 13189.24 103013.38 12684.66 12825.13 1.98 6.30 128.88 499.13
homfam msb 4884 8 106.037 158 26.6 86.5 88.5 60.7 74.1 450.9323 0:07:30 14065.46 103960.23 13555.30 13764.91 1.98 4.46 111.70 510.05
homfam ghf1 4358 8 403.813 562 38.4 91.9 92.2 71.8 79.4 3358.7749 0:55:58 14235.53 104059.09 13755.80 13896.87 1.99 7.77 152.11 5113.17
homfam rvp 93681 6 94.2886 132 36.6 81.9 82.1 53.2 59.9 2004.4323 0:33:24 8287.59 102951.26 7832.05 7937.92 1.99 58.18 114.78 2304.14
homfam lyase_1 7632 5 295.082 511 30.9 77.9 78.2 56.3 61.3 2136.6096 0:35:36 13551.42 103437.96 13058.92 13268.62 1.99 15.67 147.27 3147.39
homfam ldh 7367 14 121.378 371 31.9 90.5 90.1 62.4 72.1 1096.2878 0:18:16 15104.66 105014.16 14733.38 14874.37 1.99 7.08 149.15 1642.71
homfam subt 7517 11 301.598 414 39.5 80.5 81.7 32.9 45.5 7129.0292 1:58:49 15065.30 104989.41 14657.42 14797.88 1.98 11.82 169.54 12095.60
homfam sodfe 4455 8 77.4471 219 42.3 91.0 90.4 65.6 69.1 619.8289 0:10:19 15073.34 104959.82 14580.64 14721.09 1.99 3.38 138.40 858.89
homfam LIM 6428 5 57.0143 86 52.8 98.5 98.5 90.2 98.4 348.7453 0:05:48 14711.51 104534.90 14206.99 14347.45 1.99 3.93 118.42 414.28
homfam blm 9105 8 300.727 274 39.1 76.4 77.9 52.8 54.9 3867.6171 1:04:27 7799.60 103193.11 7296.59 7530.71 1.98 13.48 156.65 6068.09
homfam DMRL_synthase 2099 5 140.59 182 33.2 92.1 89.6 74.6 83.3 402.0031 0:06:42 14803.15 104708.43 14303.36 14512.90 1.99 2.61 134.33 541.53
homfam tRNA-synt_2b 11293 5 177.564 467 18.7 51.2 50.1 23.3 32.8 2281.9938 0:38:01 7555.09 103124.11 7284.49 7401.75 1.99 11.77 164.00 3753.14
homfam Stap_Strp_toxin 640 6 87.3922 254 32.5 81.4 81.4 48.1 53.8 457.1100 0:07:37 15006.43 104832.45 14526.92 14736.50 1.99 1.29 149.56 684.71
homfam Acetyltransf 46285 6 82.9897 229 24.1 69.4 66.5 34.4 44.7 3478.8037 0:57:58 15211.12 105187.89 14845.17 14984.85 77.97 33.52 164.88 5744.25
homfam ghf22 760 12 107.567 131 51.4 94.3 94.7 82.3 85.6 235.0592 0:03:55 15059.43 104906.48 14652.51 14862.11 1.99 1.46 131.35 310.53
homfam sdr 50157 13 163.253 361 23.3 77.1 77.2 31.2 41.1 3514.3000 0:58:34 8516.80 103067.66 8014.21 8248.19 9.96 54.67 136.84 4801.67
homfam ltn 1068 12 204.148 282 49.9 92.9 93.2 68.0 76.5 614.4300 0:10:14 15073.11 104981.48 14655.98 14796.52 1.99 2.06 147.12 905.28
homfam hpr 3349 5 83.0427 89 44.4 99.3 99.3 97.7 98.5 315.2990 0:05:15 14308.78 104134.37 13804.02 13944.45 1.99 2.90 114.01 361.07
homfam bowman 499 5 26.1443 73 64.9 93.6 94.2 81.4 84.0 150.0483 0:02:30 15144.70 105056.46 14774.90 14985.20 1.99 1.05 114.93 173.88
homfam hip 167 5 66.2096 88 33.4 86.1 85.3 60.7 72.4 168.6471 0:02:48 15069.30 104981.41 14701.40 14912.81 0.00 0.02 130.99 4.10
homfam HMG_box 4779 5 66.0716 89 24.8 94.5 94.5 79.0 86.8 339.2918 0:05:39 14469.02 104308.90 13980.18 14189.65 1.99 3.52 119.34 406.44
homfam icd 5678 5 328.887 433 41.7 92.8 93.4 82.9 86.4 2860.6629 0:47:40 13937.05 103762.14 13432.23 13573.38 1.99 8.27 152.69 4369.27
homfam peroxidase 4514 5 256.626 383 37.3 78.1 81.1 52.4 54.6 2735.3482 0:45:35 15201.96 105109.81 14787.71 14928.86 1.99 6.58 164.18 4500.35
homfam asp 3262 13 284.142 381 37.5 92.3 92.6 77.3 82.9 2198.6061 0:36:38 15034.95 104858.73 14530.19 14670.64 1.99 5.27 153.00 3369.05
homfam flav 4612 6 138.021 183 35.0 84.8 85.0 59.4 61.4 858.1797 0:14:18 13984.91 103809.30 13530.16 13739.73 1.99 4.55 144.92 1251.72
homfam cah 1379 5 212.706 279 38.7 89.1 89.9 70.8 79.2 733.3320 0:12:13 15033.59 104957.64 14552.83 14693.38 1.99 2.14 148.37 1089.61
homfam ace 3989 6 427.824 601 37.3 81.9 83.3 60.7 67.1 5908.8919 1:38:28 12659.50 103137.54 12179.19 12388.78 1.98 9.11 161.30 9537.34
homfam sti 613 5 165.383 198 36.4 86.9 86.9 66.8 73.7 268.2554 0:04:28 14606.27 104430.04 14126.66 14336.94 1.99 1.44 128.94 347.36
homfam aat 25100 10 337.807 476 28.6 84.2 84.7 50.6 56.3 6821.6492 1:53:41 8645.70 100535.60 8474.10 8503.89 53.98 36.38 144.97 9888.99
homfam oxidored_q6 3348 5 123.044 285 56.7 92.7 93.2 85.7 87.2 832.3739 0:13:52 14208.23 104032.90 13703.79 13844.24 5.99 3.53 143.62 1200.30
homfam hormone_rec 3509 5 188.562 308 21.5 72.2 73.0 45.6 58.5 1156.4727 0:19:16 14884.49 104709.69 14380.00 14520.50 1.99 4.25 151.97 1764.88
homfam rhv 17976 6 143.424 938 33.1 66.7 67.0 36.4 45.3 11618.2771 3:13:38 9696.51 99682.51 9630.18 9659.04 1.99 17.05 155.11 18021.85
homfam tgfb 1606 8 95.4645 118 43.8 81.2 85.2 29.9 38.1 274.8798 0:04:34 15149.56 105058.59 14777.89 14883.75 1.99 1.57 120.48 332.58
homfam cryst 1160 7 80.8078 192 44.4 91.1 90.9 70.2 72.6 315.4404 0:05:15 14702.02 104532.27 14228.28 14437.86 1.99 1.27 131.27 415.74
homfam cyclo 6288 6 159.069 203 44.1 86.2 87.6 70.9 75.9 1353.4829 0:22:33 14587.12 104411.79 14107.30 14248.37 1.99 7.13 154.93 2105.46
homfam kunitz 2266 10 53.752 64 37.9 98.9 98.9 95.0 94.7 217.7978 0:03:37 15058.98 104983.64 14603.41 14743.89 1.99 2.16 119.37 261.19
homfam Rhodanese 14049 6 102.277 216 22.7 72.9 78.7 50.0 56.7 1444.9546 0:24:04 14386.56 104282.26 13815.25 13956.14 1.98 11.24 159.85 2312.07
homfam sodcu 2038 7 141.322 169 42.2 91.7 91.8 78.9 82.7 441.2426 0:07:21 14893.66 104781.29 14378.60 14588.15 1.99 3.72 143.62 635.21
homfam profilin 687 5 123.371 144 39.7 92.1 92.1 80.5 81.7 272.4174 0:04:32 15077.24 104955.45 14577.02 14786.70 5.99 1.47 132.95 371.75
homfam glob 3983 41 100.684 174 31.7 94.7 94.5 64.1 67.7 444.3625 0:07:24 15078.62 104985.80 14667.98 14808.48 1.99 3.38 132.26 596.62
homfam tim 3904 10 205.645 260 47.5 98.1 97.9 93.8 96.8 1207.4578 0:20:07 13283.98 103222.10 12804.04 12944.49 1.99 4.93 150.22 1817.06
homfam uce 4558 13 134.701 184 34.0 90.6 89.7 56.0 64.5 582.8217 0:09:42 15076.04 105048.82 14704.44 14845.58 1.99 4.23 114.12 675.76
homfam toxin 508 20 62.311 78 43.1 91.3 89.6 58.4 66.3 164.3068 0:02:44 15070.73 104982.45 14663.70 14804.20 1.99 1.12 101.81 168.83
homfam rub 1435 5 46.1575 54 62.1 96.7 98.3 88.9 89.4 185.3557 0:03:05 15067.96 104982.55 14752.59 14858.57 1.99 1.32 116.81 218.19
homfam hom 12037 8 53.4951 98 35.3 92.9 93.5 68.1 84.7 463.9871 0:07:43 14154.27 103989.94 13611.25 13751.69 1.99 6.54 128.08 595.34
homfam biotin_lipoyl 11833 7 71.8928 112 28.9 93.8 94.1 78.8 83.3 451.2751 0:07:31 15165.84 104992.73 14612.81 14753.72 1.99 7.84 121.25 548.21
homfam cys 4316 13 198.11 284 40.5 94.5 93.8 66.4 81.8 1092.4432 0:18:12 15102.08 105009.81 14731.05 14872.01 1.99 5.68 150.30 1649.94
homfam ghf11 521 5 167.758 202 49.5 92.5 92.4 80.2 81.8 452.6200 0:07:32 14631.77 104456.05 14152.64 14362.81 1.99 1.50 126.56 574.41
homfam blmb 17200 6 192.465 344 20.6 67.3 72.0 38.9 50.0 3565.7567 0:59:25 8016.65 99834.44 7512.74 7746.96 37.98 18.94 168.59 6012.67
homfam aadh 3127 8 225.129 542 38.2 89.2 89.2 61.9 68.7 1714.6447 0:28:34 15101.98 105073.72 14729.69 14870.81 1.99 4.20 156.78 2696.79
homfam DEATH 1183 7 80.5689 159 19.6 81.9 82.9 59.7 66.4 270.1139 0:04:30 15081.87 104906.49 14577.41 14786.99 1.99 1.61 135.00 366.46
homfam Sulfotransfer 2489 5 235.798 381 26.2 77.9 78.5 51.0 60.0 1758.3346 0:29:18 15075.11 104984.61 14704.09 14845.16 1.99 3.95 161.05 2840.78
homfam serpin 3144 8 291.462 418 34.3 96.1 95.5 83.9 91.0 2491.5871 0:41:31 7497.17 103256.77 6992.84 7227.14 9.99 4.89 151.16 3775.66
homfam proteasome 5732 17 174.347 309 21.7 83.8 81.5 42.4 63.4 964.9648 0:16:04 15103.34 104937.03 14649.03 14789.51 1.99 5.62 140.32 1363.72
homfam zf-CCHH 88345 15 23.2513 39 35.5 96.4 96.5 85.7 89.3 1332.9844 0:22:12 10228.82 102894.48 10112.48 10141.32 1.95 42.29 112.43 1499.93
homfam egf 7774 12 32.0765 71 31.1 77.6 79.0 36.8 46.9 297.9379 0:04:57 14752.64 104637.00 14232.88 14373.32 1.99 4.57 126.31 384.26
homfam annexin 3139 6 65.1902 323 57.2 99.6 99.8 99.4 99.4 584.6635 0:09:44 15076.53 104983.75 14704.61 14810.39 1.99 2.37 149.02 872.56
homfam OTCace 4795 5 157.005 350 37.3 96.1 96.6 89.0 91.1 968.7310 0:16:08 14330.23 104159.07 13735.66 13876.11 1.99 6.76 144.15 1403.86
homfam rnasemam 498 6 120.072 141 42.2 91.9 89.4 67.9 80.2 203.0018 0:03:23 15071.79 104981.43 14702.95 14808.93 1.99 0.98 130.48 266.33
homfam adh 21331 5 123.64 375 63.9 97.0 97.3 92.0 92.3 1883.3778 0:31:23 12550.66 103182.54 11995.03 12204.34 1.98 18.98 146.57 2766.99
homfam il8 1073 11 63.7623 81 34.5 89.9 89.5 64.9 73.7 198.3911 0:03:18 15091.75 104957.52 14577.47 14718.02 1.99 1.11 108.31 216.53
homfam hr 3707 5 65.1513 82 53.3 98.3 98.7 93.7 98.3 284.3630 0:04:44 15059.45 104884.76 14729.71 14940.05 1.99 2.80 121.90 348.39
homfam ChtBD 774 5 38.2713 45 59.3 99.3 99.0 95.3 97.1 158.5743 0:02:38 14256.05 104080.69 13776.16 13916.67 1.99 1.25 103.72 166.06
homfam gluts 10099 14 98.1117 235 39.4 88.8 89.1 59.7 62.7 1650.4187 0:27:30 14289.71 104115.79 13785.22 13994.80 0.00 0.02 167.05 9.74
homfam ghf5 2717 6 260.466 470 17.8 68.7 67.9 36.0 50.6 2047.7998 0:34:07 13847.63 103757.56 13353.12 13562.72 1.99 4.19 161.22 3311.34
homfam ghf13 12607 10 264.452 626 26.8 65.1 65.3 27.2 36.2 5725.9104 1:35:25 11016.61 103219.24 10849.53 10878.57 1.99 16.25 168.58 9655.00
homfam PDZ 14950 6 80.8907 110 30.6 87.3 87.4 74.7 76.7 821.4017 0:13:41 15085.84 104993.94 14714.94 14856.10 1.98 10.77 134.09 1103.76
homfam az 1086 29 100.416 215 33.4 75.0 76.1 33.7 33.3 247.4104 0:04:07 6884.41 98340.32 6381.30 6616.80 0.00 0.42 117.45 296.04
homfam hla 13465 5 153.148 178 76.5 99.7 100.0 99.4 99.4 855.8200 0:14:15 14886.24 104768.79 14365.93 14506.97 1.99 13.43 112.29 968.47
homfam slectin 932 5 133.052 142 33.3 94.9 95.0 86.9 91.0 490.4360 0:08:10 14181.35 104005.78 13676.66 13886.92 1.99 1.70 137.01 680.20
homfam GEL 2195 5 78.1157 150 23.7 65.5 67.6 34.2 48.0 336.9917 0:05:36 15172.16 105083.64 14678.35 14818.87 1.99 2.32 137.45 472.35
homfam kringle 1091 9 75.9138 100 43.3 91.7 91.1 69.7 74.1 217.1191 0:03:37 15069.41 104980.50 14686.79 14827.26 1.99 1.54 122.29 267.31
homfam p450 21013 12 331.506 512 20.8 72.6 72.4 34.9 42.6 5649.2974 1:34:09 9335.68 103224.51 8831.27 8988.82 1.98 32.43 144.17 8139.90
homfam gpdh 7691 8 129.082 360 55.1 95.9 96.0 87.7 90.5 878.8951 0:14:38 14965.75 104878.12 14483.71 14624.77 1.99 7.79 142.87 1263.90
homfam int 7572 5 168.037 219 22.5 87.2 88.5 67.3 72.7 1536.0577 0:25:36 15038.83 104888.23 14684.25 14825.23 1.98 8.05 154.84 2388.63
homfam KAS 2070 6 174.528 404 31.7 87.3 87.1 71.2 75.7 781.1489 0:13:01 15070.17 104982.59 14703.27 14912.92 1.99 2.64 148.21 1165.31
homfam trfl 837 7 242.315 702 61.9 94.8 95.9 86.9 85.6 1567.6713 0:26:07 15072.50 104982.48 14702.75 14808.47 1.99 1.58 162.67 2555.35
homfam TNF 556 5 119.903 176 32.0 79.7 80.6 63.1 70.3 232.7828 0:03:52 15046.84 104882.47 14621.98 14831.67 1.99 1.34 133.38 313.28
homfam scorptoxin 363 8 53.2562 74 46.3 91.2 90.3 72.6 80.2 147.9207 0:02:27 15056.34 104882.43 14601.81 14742.29 1.99 1.05 113.54 169.44
homfam aldosered 13277 7 268.547 386 41.6 87.1 89.2 68.6 75.7 2910.9060 0:48:30 10467.12 103255.66 9988.24 10127.96 1.98 18.24 143.05 4170.04
homfam rrm 27610 20 67.4587 157 22.9 86.8 85.2 23.4 30.7 687.3546 0:11:27 15056.09 104945.45 14551.39 14691.82 1.97 29.43 125.63 864.99
