homfam ricin 747 7 198.708 281 37.5 90.6 91.2 75.1 82.8 857.2532 0:14:17 8163.29 99160.67 7686.80 7807.36 1.99 1.72 130.37 1126.34

homfam ghf10 1502 5 220.34 364 43.3 93.8 93.7 82.7 87.6 1597.7549 0:26:37 8586.45 99627.28 8109.03 8248.34 1.99 2.54 152.08 2439.13

homfam seatoxin 93 5 43.6344 54 42.6 86.8 87.6 65.3 66.7 307.5410 0:05:07 7468.00 97051.16 7098.69 7174.79 1.99 0.65 93.46 288.98

homfam mofe 2567 6 353.074 609 30.0 85.2 87.9 68.7 75.4 2905.0210 0:48:25 9799.27 101208.19 9362.15 9465.33 1.99 4.27 160.66 4676.25

homfam cyt3 385 6 92.3065 130 40.3 77.0 76.8 54.2 61.8 415.2448 0:06:55 7797.28 97670.90 7259.00 7379.61 1.99 1.36 92.56 385.82

homfam ins 793 6 65.2825 74 44.9 86.5 88.0 55.1 77.8 646.1218 0:10:46 7805.34 99254.22 7328.21 7468.33 1.99 1.47 124.98 809.33

homfam Ald_Xan_dh_2 2589 6 109.304 885 31.8 83.2 83.1 63.5 71.8 3730.3426 1:02:10 7873.55 99454.51 7506.75 7590.25 69.98 2.68 164.48 6146.38

homfam tms 2118 5 264.245 357 45.9 96.4 95.9 86.7 92.9 2001.5532 0:33:21 8822.51 100333.23 8320.10 8440.68 1.99 3.59 152.48 3062.77

homfam phc 2957 12 98.4711 179 37.2 74.4 96.1 39.1 40.3 991.8771 0:16:31 8108.38 99388.65 7655.69 7794.74 1.99 2.87 144.93 1442.67

homfam cytb 3206 6 82.1454 100 35.6 87.3 87.9 67.4 74.7 1120.8125 0:18:40 7882.49 99597.19 7517.90 7622.46 4.00 0.02 155.38 10.91

homfam mmp 1427 6 157.93 180 55.1 94.4 96.1 84.6 90.2 1352.6238 0:22:32 8246.05 99623.77 7745.55 7884.47 1.99 2.29 146.37 1990.51

homfam phoslip 946 18 113.33 137 48.9 95.5 95.2 76.5 86.1 520.5854 0:08:40 7727.54 101264.67 7252.61 7456.03 1.99 1.32 104.51 547.81

homfam HLH 6781 5 53.5453 92 28.1 89.3 94.2 66.7 77.2 921.2418 0:15:21 7978.32 99434.05 7502.28 7641.36 1.99 6.60 140.16 1292.63

homfam myb_DNA-binding 10398 5 46.5583 61 40.7 96.8 95.6 83.9 90.0 769.9006 0:12:49 8019.14 99665.09 7542.70 7663.31 1.98 6.25 117.57 911.29

homfam msb 4884 8 106.037 158 26.6 86.2 89.6 61.4 71.1 706.7610 0:11:46 7930.61 99452.46 7495.83 7608.74 1.98 4.79 128.39 915.77

homfam ghf1 4358 8 403.813 562 38.4 92.7 92.9 72.6 81.1 5176.7137 1:26:16 10596.16 101687.54 10119.54 10257.20 37.99 16.29 165.36 8559.13

homfam rvp 93681 6 94.2886 132 36.6 85.8 85.4 62.2 70.0 1737.3523 0:28:57 10262.09 99961.86 9871.48 9985.74 2.11 58.52 144.50 2511.98

homfam lyase_1 7632 5 295.082 511 30.9 77.5 76.9 55.9 59.6 3277.6629 0:54:37 9306.20 99077.85 8829.55 8995.85 1.99 10.70 163.23 5351.66

homfam ldh 7367 14 121.378 371 31.9 89.7 89.2 60.8 72.8 1613.9797 0:26:53 8401.36 99074.65 8035.13 8138.47 1.99 7.39 150.50 2433.70

homfam subt 7517 11 301.598 414 39.5 78.3 79.5 34.4 44.4 11212.7712 3:06:52 9737.30 101177.98 9406.75 9436.76 1.98 43.11 178.37 20001.46

homfam sodfe 4455 8 77.4471 219 42.3 90.8 89.8 66.0 69.5 1008.1919 0:16:48 8000.16 97814.09 7634.22 7718.03 1.99 3.68 130.29 1315.23

homfam LIM 6428 5 57.0143 86 52.8 96.6 96.6 85.4 92.6 538.4548 0:08:58 7799.68 97369.43 7656.68 7710.55 1.99 5.81 144.85 781.53

homfam blm 9105 8 300.727 274 39.1 73.0 89.8 1.1 0.6 7275.7877 2:01:15 10076.46 101583.00 9695.98 9781.11 52.83 13.65 176.79 12862.81

homfam DMRL_synthase 2099 5 140.59 182 33.2 93.0 90.1 73.4 82.5 782.8301 0:13:02 7952.19 97861.11 7502.63 7641.18 13.99 2.32 124.23 978.67

homfam tRNA-synt_2b 11293 5 177.564 467 18.7 52.9 53.7 27.6 38.2 3225.3429 0:53:45 8734.24 100162.39 8421.60 8504.89 1.99 12.22 173.88 5620.77

homfam Stap_Strp_toxin 640 6 87.3922 254 32.5 80.3 79.6 48.1 53.6 736.1652 0:12:16 7902.51 97653.00 7536.63 7639.88 1.99 1.51 116.56 859.30

homfam Acetyltransf 46285 6 82.9897 229 24.1 56.3 64.6 29.6 37.1 4175.9529 1:09:35 9332.31 100731.71 8873.55 9012.16 17.96 34.72 177.11 7404.56

homfam ghf22 760 12 107.567 131 51.4 93.2 93.4 79.2 82.9 470.0279 0:07:50 7728.97 97600.30 7252.26 7391.37 0.00 0.02 95.76 4.30

homfam sdr 50157 13 163.253 361 23.3 79.7 78.7 34.4 45.0 4001.6979 1:06:41 10426.67 101853.71 10005.94 10089.68 1.96 55.62 157.77 6324.82

homfam ltn 1068 12 204.148 282 49.9 93.8 94.3 70.4 79.6 1129.1162 0:18:49 8294.02 99551.72 7909.21 7993.71 5.99 1.90 138.80 1573.06

homfam hpr 3349 5 83.0427 89 44.4 99.3 99.3 97.7 98.5 489.1528 0:08:09 7655.45 97545.52 7255.68 7367.30 1.99 2.61 127.29 624.18

homfam bowman 499 5 26.1443 73 64.9 94.2 94.2 82.9 84.9 305.9904 0:05:05 7428.48 97299.79 6942.86 7074.23 1.99 1.06 87.55 269.48

homfam hip 167 5 66.2096 88 33.4 88.2 87.2 69.0 78.2 329.2304 0:05:29 7786.32 97540.30 7309.68 7476.99 1.99 0.98 95.16 314.83

homfam HMG_box 4779 5 66.0716 89 24.8 97.3 96.2 85.2 93.9 524.3812 0:08:44 7816.45 97517.88 7757.77 7784.17 1.99 3.64 120.39 632.89

homfam icd 5678 5 328.887 433 41.7 93.9 94.5 84.0 87.0 3591.5895 0:59:51 9808.06 101087.61 9442.04 9525.35 9.99 9.02 165.68 5961.01

homfam peroxidase 4514 5 256.626 383 37.3 74.9 80.1 51.6 53.6 3179.8371 0:52:59 9417.69 100873.53 8977.74 9098.12 1.99 6.64 169.30 5395.32

homfam asp 3262 13 284.142 381 37.5 92.1 92.2 76.2 81.7 2873.8675 0:47:53 9344.59 100742.51 8867.68 8988.31 1.99 5.68 167.38 4820.01

homfam flav 4612 6 138.021 183 35.0 84.0 84.5 57.1 58.9 1276.1279 0:21:16 8006.77 99577.82 7640.64 7724.19 1.99 4.24 134.10 1716.09

homfam cah 1379 5 212.706 279 38.7 89.9 90.1 70.1 77.6 1258.2222 0:20:58 8700.60 98440.57 8334.54 8421.95 0.00 0.02 143.41 10.33

homfam ace 3989 6 427.824 601 37.3 86.8 87.7 66.6 73.6 5596.8880 1:33:16 10769.38 101939.34 10291.88 10412.38 29.98 8.54 167.08 9358.29

homfam sti 613 5 165.383 198 36.4 89.0 88.3 70.1 77.4 485.0578 0:08:05 8099.02 101264.62 7800.61 7902.62 1.99 1.18 121.32 589.92

homfam aat 25100 10 337.807 476 28.6 73.6 74.3 31.0 35.9 8405.9632 2:20:05 11690.60 102895.13 11194.82 11333.66 1.98 36.47 170.34 14319.29

homfam oxidored_q6 3348 5 123.044 285 56.7 98.0 98.0 93.2 94.8 1306.7398 0:21:46 8150.58 99520.56 7673.96 7794.44 1.99 3.48 149.16 1958.64

homfam hormone_rec 3509 5 188.562 308 21.5 72.0 74.5 45.2 58.0 1641.2931 0:27:21 8453.34 99845.38 7913.26 8044.40 1.99 3.80 152.50 2513.60

homfam rhv 17976 6 143.424 938 33.1 35.3 46.1 3.9 2.9 12751.0141 3:32:31 8785.58 100437.01 8424.53 8534.47 4.00 0.02 172.53 106.78

homfam tgfb 1606 8 95.4645 118 43.8 84.8 87.3 42.7 45.6 536.5743 0:08:56 7668.87 97538.75 7302.93 7386.88 1.99 1.95 113.69 611.73

homfam cryst 1160 7 80.8078 192 44.4 91.5 91.4 69.6 72.0 525.6951 0:08:45 7745.69 97687.82 7308.60 7432.88 1.99 1.32 120.17 633.05

homfam cyclo 6288 6 159.069 203 44.1 85.9 88.4 66.1 75.5 1926.6817 0:32:06 8246.45 99775.66 7778.34 7916.97 1.99 7.86 156.09 3016.83

homfam kunitz 2266 10 53.752 64 37.9 98.9 98.9 95.0 94.7 447.7234 0:07:27 7825.96 97349.87 7350.11 7507.44 1.99 1.89 101.95 457.95

homfam Rhodanese 14049 6 102.277 216 22.7 75.7 81.2 57.3 59.9 2067.2797 0:34:27 8637.62 100006.76 8160.52 8300.04 1.98 11.61 162.37 3368.21

homfam sodcu 2038 7 141.322 169 42.2 91.6 92.1 75.9 80.3 740.9691 0:12:20 8195.36 98922.84 7782.14 7885.25 1.99 2.43 130.35 971.67

homfam profilin 687 5 123.371 144 39.7 95.6 95.6 89.1 89.4 528.1809 0:08:48 7958.66 97875.83 7610.97 7721.58 1.99 1.23 103.62 548.89

homfam glob 3983 41 100.684 174 31.7 95.7 95.4 71.8 74.0 756.6054 0:12:36 7842.94 99376.50 7448.10 7612.80 1.99 3.81 124.93 950.60

homfam tim 3904 10 205.645 260 47.5 97.7 97.9 90.7 93.7 1518.1500 0:25:18 8749.51 100269.42 8383.05 8466.86 1.99 5.35 152.58 2322.66

homfam uce 4558 13 134.701 184 34.0 89.7 90.9 57.2 63.3 873.7500 0:14:33 8105.35 99573.32 7656.82 7795.95 1.99 4.39 135.59 1194.17

homfam toxin 508 20 62.311 78 43.1 92.2 90.3 57.1 64.7 351.5002 0:05:51 7667.07 97386.18 7114.39 7247.74 1.99 0.97 88.70 313.27

homfam rub 1435 5 46.1575 54 62.1 98.4 98.4 92.6 93.5 306.2667 0:05:06 7660.44 97219.34 7294.65 7397.89 1.99 1.27 93.98 289.28

homfam hom 12037 8 53.4951 98 35.3 95.8 95.0 75.4 91.2 742.1483 0:12:22 7996.01 97698.05 7519.27 7640.00 0.00 0.02 116.34 5.95

homfam biotin_lipoyl 11833 7 71.8928 112 28.9 96.5 94.8 81.2 84.2 869.3346 0:14:29 7890.96 97724.68 7415.03 7581.78 1.99 10.59 135.33 1178.10

homfam cys 4316 13 198.11 284 40.5 93.6 93.3 70.9 81.1 1725.2267 0:28:45 8650.52 104345.15 8257.21 8404.35 1.99 6.00 161.11 2781.01

homfam ghf11 521 5 167.758 202 49.5 94.1 94.0 83.9 84.6 634.7821 0:10:34 8054.61 97885.90 7544.92 7665.51 1.99 1.17 120.29 765.19

homfam blmb 17200 6 192.465 344 20.6 68.2 71.8 40.7 52.1 5522.5597 1:32:02 9372.43 100656.48 8862.62 9001.63 1.98 18.57 181.34 10019.01

homfam aadh 3127 8 225.129 542 38.2 84.7 84.9 51.0 56.7 1860.2695 0:31:00 8699.32 100053.00 8640.80 8667.23 1.99 4.36 157.79 2943.09

homfam DEATH 1183 7 80.5689 159 19.6 80.7 81.1 43.5 59.2 516.8927 0:08:36 7698.98 97606.75 7235.86 7363.33 1.99 1.66 112.20 581.48

homfam Sulfotransfer 2489 5 235.798 381 26.2 64.5 70.3 38.2 47.0 2979.1527 0:49:39 8914.70 100253.53 8437.77 8576.84 1.99 3.97 172.93 5157.00

homfam serpin 3144 8 291.462 418 34.3 95.7 95.1 83.4 90.2 2575.4100 0:42:55 9823.49 101082.10 9347.36 9467.90 0.00 0.02 157.96 13.50

homfam proteasome 5732 17 174.347 309 21.7 83.1 81.5 30.3 45.5 1348.4148 0:22:28 8338.49 99445.08 7862.65 7982.70 1.99 6.05 148.45 2011.25

homfam zf-CCHH 88345 15 23.2513 39 35.5 96.5 95.9 88.6 93.0 1215.5029 0:20:15 8538.42 98198.22 8061.40 8200.11 57.94 42.26 132.39 1611.99

homfam egf 7774 12 32.0765 71 31.1 67.9 70.0 26.5 29.1 481.5683 0:08:01 8010.84 99155.55 7644.70 7728.48 1.98 4.85 112.84 550.05

homfam annexin 3139 6 65.1902 323 57.2 100.0 100.0 100.0 100.0 8976.7102 2:29:36 6136.92 11037.92 5992.81 6020.70 1.99 2.43 188.38 16911.25

homfam OTCace 4795 5 157.005 350 37.3 96.9 96.9 89.9 92.2 1345.9048 0:22:25 8128.62 98017.86 7651.84 7772.42 1.99 5.27 152.18 2049.88

homfam rnasemam 498 6 120.072 141 42.2 93.7 90.4 70.1 82.6 453.4462 0:07:33 7861.79 97735.40 7495.50 7598.81 1.99 0.98 92.72 421.90

homfam adh 21331 5 123.64 375 63.9 93.6 94.4 84.5 84.8 2903.4922 0:48:23 8991.09 100119.50 8514.41 8670.91 1.98 19.06 163.03 4742.96

homfam il8 1073 11 63.7623 81 34.5 91.1 90.6 64.9 73.7 452.8421 0:07:32 7543.20 97363.13 7180.58 7291.75 1.99 1.14 87.36 397.05

homfam hr 3707 5 65.1513 82 53.3 99.1 99.1 94.9 99.1 575.0317 0:09:35 7676.15 98711.19 7196.78 7335.36 1.99 2.93 121.78 707.31

homfam ChtBD 774 5 38.2713 45 59.3 98.3 98.1 93.0 94.7 242.2061 0:04:02 7810.63 101264.74 7446.72 7586.94 1.99 0.98 110.51 269.14

homfam gluts 10099 14 98.1117 235 39.4 88.7 89.6 63.9 68.3 2443.0108 0:40:43 8433.43 99840.75 7957.40 8077.67 1.98 7.93 166.26 4062.74

homfam ghf5 2717 6 260.466 470 17.8 65.0 65.6 35.5 50.6 3447.3798 0:57:27 8922.60 100416.91 8509.34 8624.79 1.99 4.48 164.85 5691.42

homfam ghf13 12607 10 264.452 626 26.8 63.6 63.6 27.8 37.8 7692.4591 2:08:12 9959.64 101409.06 9593.20 9677.09 1.99 16.73 181.15 13938.01

homfam PDZ 14950 6 80.8907 110 30.6 89.2 88.8 75.8 78.9 1298.2790 0:21:38 8367.47 99820.70 7940.27 8050.18 1.98 12.50 147.98 1933.14

homfam az 1086 29 100.416 215 33.4 75.3 74.6 41.8 45.3 532.8988 0:08:52 7809.79 97680.54 7271.04 7428.90 0.00 0.02 119.67 5.24

homfam hla 13465 5 153.148 178 76.5 100.0 100.0 100.0 100.0 1364.8388 0:22:44 8973.21 99656.44 8536.14 8702.43 1.99 13.62 148.52 2035.63

homfam slectin 932 5 133.052 142 33.3 94.0 94.5 85.4 88.9 823.7416 0:13:43 7923.44 99408.94 7502.41 7611.41 1.99 1.39 122.25 1015.45

homfam GEL 2195 5 78.1157 150 23.7 67.8 67.5 37.0 51.9 715.8126 0:11:55 7725.97 98790.45 7192.44 7331.14 1.99 1.98 111.19 798.53

homfam kringle 1091 9 75.9138 100 43.3 96.8 95.7 83.1 87.3 410.6289 0:06:50 7569.09 97424.50 7165.85 7276.98 0.00 0.02 107.99 4.24

homfam p450 21013 12 331.506 512 20.8 74.7 75.3 36.9 45.4 12725.4679 3:32:05 12362.82 103725.02 12018.21 12184.45 1.98 32.99 167.34 21298.69

homfam gpdh 7691 8 129.082 360 55.1 96.3 96.1 88.3 91.3 1949.8200 0:32:29 8421.01 99759.11 7998.59 8137.20 1.99 7.91 159.05 3101.48

homfam int 7572 5 168.037 219 22.5 83.3 85.8 60.9 65.1 2057.4135 0:34:17 8545.81 100049.50 8139.47 8248.73 1.98 8.31 162.83 3360.83

homfam KAS 2070 6 174.528 404 31.7 87.2 86.8 70.2 75.6 1176.1329 0:19:36 8520.86 99380.28 7976.44 8193.96 5.99 2.96 149.12 1760.61

homfam trfl 837 7 242.315 702 61.9 95.1 95.4 88.4 88.8 2318.8870 0:38:38 8806.70 100261.53 8384.62 8504.89 1.99 1.61 163.78 3803.23

homfam TNF 556 5 119.903 176 32.0 85.2 84.5 69.4 72.9 412.6247 0:06:52 7955.55 97873.43 7491.60 7603.07 1.99 1.20 117.80 487.52

homfam scorptoxin 363 8 53.2562 74 46.3 90.8 89.9 75.3 80.7 290.9285 0:04:50 8004.63 97704.25 7527.66 7686.34 1.99 0.84 91.78 268.52

homfam aldosered 13277 7 268.547 386 41.6 87.8 90.2 70.2 76.6 4768.1143 1:19:28 9996.16 101083.83 9629.56 9713.03 53.98 18.28 167.99 8010.76

homfam rrm 27610 20 67.4587 157 22.9 83.7 81.9 20.7 27.8 1192.3519 0:19:52 8587.05 98305.99 8220.66 8309.68 1.97 17.98 132.33 1579.36

