homfam ricin 747 7 198.708 281 37.5 90.6 91.0 76.6 83.2 649.4525 0:10:49 15066.78 104982.35 14680.60 14820.54 1.99 1.34 146.18 955.65
homfam ghf10 1502 5 220.34 364 43.3 92.9 93.1 78.9 84.9 1284.8498 0:21:24 15073.86 105045.43 14647.03 14857.57 1.99 2.73 153.67 1981.11
homfam seatoxin 93 5 43.6344 54 42.6 66.7 64.1 8.2 9.3 161.7830 0:02:41 15168.29 105081.28 14787.38 14928.19 1.99 0.93 107.02 174.68
homfam mofe 2567 6 353.074 609 30.0 85.1 86.3 65.5 73.3 5350.7128 1:29:10 14447.43 104348.19 13905.95 14114.86 1.99 4.28 164.92 8834.63
homfam cyt3 385 6 92.3065 130 40.3 80.0 81.9 61.9 69.8 271.6010 0:04:31 15081.82 104906.32 14690.34 14854.43 1.99 1.28 136.77 381.78
homfam ins 793 6 65.2825 74 44.9 87.1 91.5 60.9 83.5 441.3102 0:07:21 15112.50 105094.35 14691.25 14831.71 1.99 1.47 140.18 627.01
homfam Ald_Xan_dh_2 2589 6 109.304 885 31.8 83.3 83.3 63.9 72.1 2790.2584 0:46:30 15067.77 104983.52 14701.79 14842.51 1.99 2.66 161.23 4507.90
homfam tms 2118 5 264.245 357 45.9 96.9 96.3 87.0 93.6 1854.9018 0:30:54 15067.90 105046.49 14649.34 14858.08 1.99 3.32 158.12 2942.47
homfam phc 2957 12 98.4711 179 37.2 45.3 75.7 2.8 0.2 1206.5036 0:20:06 15187.84 105109.60 14896.06 14990.45 1.99 4.14 173.09 2088.25
homfam cytb 3206 6 82.1454 100 35.6 89.8 90.0 71.7 79.8 925.7936 0:15:25 15116.81 105033.62 14688.79 14829.38 1.99 2.68 147.26 1372.10
homfam mmp 1427 6 157.93 180 55.1 95.0 95.9 87.0 92.1 1171.7694 0:19:31 15119.72 104981.43 14633.14 14795.99 1.99 1.94 155.29 1826.31
homfam phoslip 946 18 113.33 137 48.9 93.8 93.8 69.1 79.2 392.3144 0:06:32 15068.31 105046.37 14702.12 14819.61 1.99 1.37 130.92 521.18
homfam HLH 6781 5 53.5453 92 28.1 89.0 94.3 70.2 77.7 743.4895 0:12:23 15125.86 105101.99 14683.77 14824.38 1.99 3.99 148.44 1107.64
homfam myb_DNA-binding 10398 5 46.5583 61 40.7 94.4 93.3 78.6 84.0 612.7165 0:10:12 15065.84 104954.23 14776.11 14916.53 1.98 5.99 123.74 766.60
homfam msb 4884 8 106.037 158 26.6 83.7 85.9 60.0 73.8 539.0816 0:08:59 15073.14 104985.71 14814.73 14955.12 1.98 4.42 132.49 719.09
homfam ghf1 4358 8 403.813 562 38.4 90.9 91.1 69.6 77.9 6162.2675 1:42:42 12252.99 103239.07 11781.01 11898.03 1.99 8.34 158.76 9787.59
homfam rvp 93681 6 94.2886 132 36.6 62.7 82.2 20.7 23.3 3111.9763 0:51:51 9497.43 102988.19 9010.16 9219.07 1.99 58.23 132.32 4126.15
homfam lyase_1 7632 5 295.082 511 30.9 82.5 82.5 63.2 68.6 3589.6789 0:59:49 13980.00 103877.89 13483.76 13601.29 1.99 10.56 151.90 5459.11
homfam ldh 7367 14 121.378 371 31.9 88.9 88.6 57.8 69.1 1527.9023 0:25:27 13454.73 103286.51 12958.95 13076.00 1.99 7.66 148.96 2281.72
homfam subt 7517 11 301.598 414 39.5 78.1 79.3 28.8 39.1 12220.1465 3:23:40 8385.57 103130.89 8314.17 8343.23 5.98 12.29 170.51 20848.06
homfam sodfe 4455 8 77.4471 219 42.3 90.6 89.7 64.1 68.8 860.7846 0:14:20 15074.17 104984.71 14843.83 14984.85 1.99 3.37 135.86 1170.95
homfam LIM 6428 5 57.0143 86 52.8 97.3 97.3 86.6 94.2 456.4085 0:07:36 8680.70 103187.96 8126.39 8243.52 1.99 4.20 119.85 548.58
homfam blm 9105 8 300.727 274 39.1 68.7 70.7 42.3 44.0 4930.3054 1:22:10 8218.99 103238.91 7853.16 8018.17 9.98 12.81 157.39 7766.06
homfam DMRL_synthase 2099 5 140.59 182 33.2 93.0 90.1 76.3 85.1 482.5289 0:08:02 15160.54 105008.53 14751.05 14914.01 1.99 2.32 140.46 683.97
homfam tRNA-synt_2b 11293 5 177.564 467 18.7 49.9 48.0 22.1 31.1 3142.3533 0:52:22 14813.16 104707.36 14262.66 14368.87 1.99 12.26 161.26 5074.14
homfam Stap_Strp_toxin 640 6 87.3922 254 32.5 81.0 80.2 47.7 53.9 601.0216 0:10:01 15194.34 105171.32 14827.64 14991.20 1.99 1.03 155.93 938.66
homfam Acetyltransf 46285 6 82.9897 229 24.1 65.9 63.7 34.4 43.5 3887.5342 1:04:47 11548.12 103251.22 11091.46 11197.40 1.97 34.01 164.06 6386.24
homfam ghf22 760 12 107.567 131 51.4 93.1 93.5 81.5 85.2 293.6681 0:04:53 15093.43 105007.36 14726.39 14896.65 1.99 1.23 138.56 408.40
homfam sdr 50157 13 163.253 361 23.3 80.6 79.3 38.5 51.0 5106.5721 1:25:06 9968.36 103190.85 9464.28 9598.19 1.97 55.33 140.54 7170.55
homfam ltn 1068 12 204.148 282 49.9 93.2 93.7 69.6 78.8 1043.4422 0:17:23 15070.78 104982.38 14703.32 14820.99 1.99 1.89 150.30 1576.58
homfam hpr 3349 5 83.0427 89 44.4 99.3 99.3 97.7 98.5 378.4660 0:06:18 15059.36 104884.64 14657.94 14797.94 1.99 3.00 122.32 464.39
homfam bowman 499 5 26.1443 73 64.9 94.2 94.2 82.9 84.9 187.2236 0:03:07 15120.04 105030.35 14741.78 14859.45 1.99 1.06 116.49 219.64
homfam hip 167 5 66.2096 88 33.4 86.7 85.7 66.7 75.2 171.4262 0:02:51 15142.44 105056.28 14776.25 14893.94 1.99 0.75 129.55 223.37
homfam HMG_box 4779 5 66.0716 89 24.8 94.5 93.9 79.0 86.8 404.0520 0:06:44 15120.52 105034.73 14845.69 14940.01 1.99 3.23 125.92 510.22
homfam icd 5678 5 328.887 433 41.7 91.7 92.8 80.4 83.4 4700.2384 1:18:20 14925.69 104812.85 14409.34 14515.16 1.99 8.61 158.45 7456.69
homfam peroxidase 4514 5 256.626 383 37.3 75.2 78.8 45.0 49.0 3684.5877 1:01:24 15078.02 104985.74 14698.62 14907.64 1.99 6.63 170.39 6285.80
homfam asp 3262 13 284.142 381 37.5 91.3 91.3 73.8 79.5 2742.3484 0:45:42 15018.59 104860.67 14481.32 14691.70 1.99 5.54 157.38 4324.11
homfam flav 4612 6 138.021 183 35.0 81.2 81.7 48.0 55.1 1148.3255 0:19:08 15106.45 105049.71 14628.08 14837.00 1.99 7.22 157.55 1810.46
homfam cah 1379 5 212.706 279 38.7 89.3 90.1 69.7 77.0 1250.0173 0:20:50 15073.50 105047.43 14702.63 14820.12 1.99 2.16 152.56 1914.94
homfam ace 3989 6 427.824 601 37.3 87.3 88.2 68.2 75.4 7709.9768 2:08:29 14760.97 104585.78 14256.10 14373.58 1.98 8.91 162.66 12542.43
homfam sti 613 5 165.383 198 36.4 87.2 86.5 66.8 75.1 379.4188 0:06:19 13052.43 102944.96 12512.07 12629.48 1.99 1.17 131.14 499.11
homfam aat 25100 10 337.807 476 28.6 79.3 79.7 43.7 49.7 9623.7371 2:40:23 15097.54 105011.16 14705.18 14915.07 1.98 36.58 150.21 14458.52
homfam oxidored_q6 3348 5 123.044 285 56.7 89.5 91.4 80.5 82.1 1064.0503 0:17:44 15075.33 104983.63 14792.64 14934.52 1.99 3.48 156.51 1674.49
homfam hormone_rec 3509 5 188.562 308 21.5 75.4 76.6 50.2 64.4 1503.3486 0:25:03 15127.11 105033.64 14710.89 14919.87 1.99 5.72 158.64 2391.32
homfam rhv 17976 6 143.424 938 33.1 12.7 27.9 1.8 0.3 20533.8363 5:42:13 7669.50 102342.18 7600.96 7626.55 9.99 15.41 147.30 30253.68
homfam tgfb 1606 8 95.4645 118 43.8 83.1 87.7 37.6 47.5 339.2649 0:05:39 15193.66 105107.44 14966.35 15061.18 1.99 1.96 133.53 460.95
homfam cryst 1160 7 80.8078 192 44.4 90.5 90.5 67.4 70.1 334.7243 0:05:34 12144.58 102119.46 11650.38 11768.09 1.99 1.28 138.62 465.21
homfam cyclo 6288 6 159.069 203 44.1 88.1 90.5 74.1 77.9 1865.0715 0:31:05 10979.66 103168.29 10503.89 10609.54 1.99 15.57 162.19 3024.79
homfam kunitz 2266 10 53.752 64 37.9 98.6 98.6 93.3 92.9 260.8462 0:04:20 15142.97 105122.48 14654.73 14794.63 1.99 2.40 131.54 344.55
homfam Rhodanese 14049 6 102.277 216 22.7 66.9 69.0 43.8 50.1 2157.1054 0:35:57 15106.61 105019.73 14739.24 14845.11 1.98 11.50 155.99 3372.41
homfam sodcu 2038 7 141.322 169 42.2 87.6 88.7 70.5 75.1 529.9273 0:08:49 15170.76 105083.48 14804.51 14967.39 1.99 2.54 131.03 699.35
homfam profilin 687 5 123.371 144 39.7 92.7 92.7 82.8 84.2 374.7573 0:06:14 15069.20 104982.35 14691.60 14809.17 1.99 1.48 115.17 432.66
homfam glob 3983 41 100.684 174 31.7 95.1 94.9 69.4 72.6 565.9722 0:09:25 15149.68 105060.70 14752.78 14870.19 1.99 3.84 130.19 743.64
homfam tim 3904 10 205.645 260 47.5 97.6 97.5 92.3 95.2 1877.4520 0:31:17 15121.48 105035.67 14740.00 14948.86 1.99 4.95 149.13 2809.32
homfam uce 4558 13 134.701 184 34.0 90.5 91.3 64.5 71.8 1270.6093 0:21:10 15076.32 104984.72 14834.29 14974.71 1.99 4.19 161.26 2055.10
homfam toxin 508 20 62.311 78 43.1 90.8 89.3 59.7 68.0 197.0099 0:03:17 12199.29 102922.00 11676.16 11793.67 1.99 0.84 109.32 216.59
homfam rub 1435 5 46.1575 54 62.1 98.4 98.4 92.6 93.5 262.3949 0:04:22 11753.44 102919.75 11232.46 11350.08 1.99 1.29 111.12 293.07
homfam hom 12037 8 53.4951 98 35.3 95.3 95.2 69.6 85.1 686.4251 0:11:26 15099.99 105079.62 14833.82 15043.57 1.99 8.31 126.56 872.59
homfam biotin_lipoyl 11833 7 71.8928 112 28.9 94.7 94.9 78.8 83.1 626.6179 0:10:26 15041.57 104865.62 14561.99 14668.13 1.99 8.14 133.34 837.07
homfam cys 4316 13 198.11 284 40.5 92.9 92.1 62.7 77.4 1697.0325 0:28:17 14685.23 104509.52 14168.54 14378.17 1.99 6.02 155.85 2650.33
homfam ghf11 521 5 167.758 202 49.5 89.6 89.5 77.1 78.4 559.4905 0:09:19 12793.61 102694.05 12299.50 12405.69 1.99 1.15 141.03 790.62
homfam blmb 17200 6 192.465 344 20.6 69.6 71.1 44.7 53.7 4732.6194 1:18:52 14782.33 104672.68 14216.03 14333.64 9.98 18.71 164.38 7787.10
homfam aadh 3127 8 225.129 542 38.2 84.7 87.7 50.3 55.9 2536.1758 0:42:16 15060.55 104883.61 14633.98 14842.97 1.99 4.28 157.39 3999.09
homfam DEATH 1183 7 80.5689 159 19.6 71.3 72.7 31.5 42.5 307.3764 0:05:07 15056.86 104882.38 14678.70 14818.47 1.99 1.65 130.74 403.34
homfam Sulfotransfer 2489 5 235.798 381 26.2 72.8 73.9 41.9 50.1 2638.9125 0:43:58 15143.95 105059.50 14755.47 14964.37 2.10 4.02 166.14 4394.62
homfam serpin 3144 8 291.462 418 34.3 94.9 94.6 81.2 87.6 3096.2380 0:51:36 15064.96 104984.62 14650.32 14860.01 1.99 4.54 159.53 4947.63
homfam proteasome 5732 17 174.347 309 21.7 83.2 80.9 34.5 51.6 1546.3901 0:25:46 7364.35 99267.48 6860.79 7004.38 80.00 0.76 129.66 2012.84
homfam zf-CCHH 88345 15 23.2513 39 35.5 94.7 94.6 74.3 84.7 2000.2757 0:33:20 10718.45 103053.37 10198.62 10408.19 1.95 41.64 110.83 2218.12
homfam egf 7774 12 32.0765 71 31.1 77.8 76.8 35.3 39.3 384.9686 0:06:24 15080.03 104988.07 14708.27 14872.42 1.99 4.75 128.48 497.30
homfam annexin 3139 6 65.1902 323 57.2 99.6 99.8 99.4 99.4 807.6400 0:13:27 15073.76 104982.66 14704.09 14821.60 1.99 2.34 148.90 1203.56
homfam OTCace 4795 5 157.005 350 37.3 96.1 96.4 89.0 90.9 1345.8228 0:22:25 14146.07 104059.84 13719.89 13860.08 1.99 4.93 144.80 1950.20
homfam rnasemam 498 6 120.072 141 42.2 92.5 89.7 69.4 81.6 264.9231 0:04:24 15095.23 105070.31 14685.97 14803.45 1.99 1.29 136.12 362.12
homfam adh 21331 5 123.64 375 63.9 94.4 95.2 88.0 88.3 2437.1080 0:40:37 12073.36 103182.80 11593.57 11711.18 1.98 19.23 141.71 3462.33
homfam il8 1073 11 63.7623 81 34.5 91.7 91.0 64.9 73.7 244.6779 0:04:04 15043.85 104956.39 14657.57 14775.21 1.99 3.35 128.23 315.26
homfam hr 3707 5 65.1513 82 53.3 99.1 99.1 94.9 99.1 403.6574 0:06:43 15074.98 105047.62 14704.62 14845.75 1.99 2.62 131.55 535.75
homfam ChtBD 774 5 38.2713 45 59.3 99.3 99.0 95.3 97.1 196.9741 0:03:16 15067.19 104981.36 14702.13 14842.60 1.99 1.27 109.64 217.45
homfam gluts 10099 14 98.1117 235 39.4 66.0 75.2 7.3 6.0 2534.4630 0:42:14 15116.60 105041.21 14855.20 14926.47 1.98 8.16 163.67 4155.41
homfam ghf5 2717 6 260.466 470 17.8 62.8 64.1 31.6 44.5 3134.2655 0:52:14 15060.99 104984.51 14653.41 14863.09 1.99 4.21 167.21 5242.12
homfam ghf13 12607 10 264.452 626 26.8 58.0 61.2 24.6 33.9 7886.7346 2:11:26 11790.47 103216.29 11289.19 11429.08 1.99 17.07 167.28 13198.91
homfam PDZ 14950 6 80.8907 110 30.6 89.9 89.5 77.8 80.3 967.3299 0:16:07 15158.60 104994.79 14641.14 14850.14 1.98 10.64 143.25 1392.90
homfam az 1086 29 100.416 215 33.4 74.8 75.6 40.2 42.1 395.0962 0:06:35 15068.66 104982.38 14679.26 14785.36 1.99 1.53 129.14 517.18
homfam hla 13465 5 153.148 178 76.5 100.0 100.0 100.0 100.0 1185.3825 0:19:45 13017.98 102906.38 12513.18 12619.02 1.99 13.78 131.39 1562.71
homfam slectin 932 5 133.052 142 33.3 92.0 94.1 83.2 87.2 693.5369 0:11:33 15140.47 104982.38 14631.18 14748.86 1.99 1.39 144.86 1013.50
homfam GEL 2195 5 78.1157 150 23.7 68.1 72.3 39.0 54.0 415.5369 0:06:55 15071.52 104982.49 14681.36 14892.54 1.99 2.27 132.63 554.58
homfam kringle 1091 9 75.9138 100 43.3 94.5 93.6 76.4 81.4 292.4361 0:04:52 14707.41 104530.86 14227.52 14333.52 1.99 1.62 140.56 413.54
homfam p450 21013 12 331.506 512 20.8 69.5 68.2 35.7 44.8 11000.8532 3:03:20 10088.00 103332.32 9583.58 9705.90 1.97 32.79 153.73 16909.20
homfam gpdh 7691 8 129.082 360 55.1 96.3 96.2 88.5 91.1 1563.8793 0:26:03 15078.93 104988.06 14683.99 14789.86 1.99 7.93 147.51 2312.97
homfam int 7572 5 168.037 219 22.5 86.8 88.3 66.3 73.1 2146.8756 0:35:46 15063.54 104889.04 14663.77 14769.68 1.98 17.05 155.03 3328.88
homfam KAS 2070 6 174.528 404 31.7 78.1 85.8 56.5 61.7 971.1080 0:16:11 15085.81 104932.49 14665.96 14828.94 1.99 2.59 150.33 1465.09
homfam trfl 837 7 242.315 702 61.9 93.4 94.8 87.3 87.1 1738.7304 0:28:58 15193.11 105107.39 14795.14 14958.04 1.99 1.56 153.65 2679.84
homfam TNF 556 5 119.903 176 32.0 80.6 81.2 67.5 71.8 306.1595 0:05:06 15094.94 104957.34 14678.82 14819.34 1.99 1.32 133.69 410.77
homfam scorptoxin 363 8 53.2562 74 46.3 91.2 90.3 72.6 80.2 174.0822 0:02:54 12427.81 102316.89 11919.92 12037.52 1.99 0.96 123.90 217.16
homfam aldosered 13277 7 268.547 386 41.6 85.3 88.5 64.6 73.1 4596.0908 1:16:36 10366.83 103253.00 9862.30 9968.26 1.98 19.12 152.43 7015.48
homfam rrm 27610 20 67.4587 157 22.9 82.3 80.5 17.1 22.7 1139.9588 0:18:59 11628.15 101453.75 11262.18 11402.59 1.98 17.67 124.05 1415.78
