homfam ricin 747 7 198.708 281 37.5 90.1 90.8 76.2 83.7 793.9273 0:13:13 8288.11 99912.57 7818.58 7992.25 1.99 1.71 144.11 1145.57
homfam ghf10 1502 5 220.34 364 43.3 93.7 93.6 79.6 86.2 1728.3645 0:28:48 15078.84 105179.39 14683.16 14822.99 1.99 2.76 146.81 2547.40
homfam seatoxin 93 5 43.6344 54 42.6 66.9 64.8 12.2 12.0 355.4610 0:05:55 15077.05 105242.19 14680.96 14798.78 1.99 0.63 89.37 319.12
homfam mofe 2567 6 353.074 609 30.0 86.2 88.7 69.8 75.5 2704.1195 0:45:04 15074.75 105182.54 14643.50 14761.19 1.99 4.44 156.45 4239.19
homfam cyt3 385 6 92.3065 130 40.3 75.4 73.7 44.9 51.0 573.9183 0:09:33 15073.72 105243.22 14693.22 14856.82 1.99 1.33 99.83 576.58
homfam ins 793 6 65.2825 74 44.9 92.2 97.1 71.0 90.3 626.5071 0:10:26 8071.55 99872.09 7628.32 7761.75 1.99 1.40 128.33 814.11
homfam Ald_Xan_dh_2 2589 6 109.304 885 31.8 82.8 82.9 62.9 71.2 4167.1733 1:09:27 9687.42 99841.07 9178.59 9296.08 77.99 2.94 165.12 6893.83
homfam tms 2118 5 264.245 357 45.9 95.7 95.4 84.2 90.7 2301.7772 0:38:21 15084.57 105180.47 14709.86 14815.42 1.99 3.22 154.81 3571.74
homfam phc 2957 12 98.4711 179 37.2 95.0 94.9 72.1 79.7 1598.2687 0:26:38 15121.82 105181.64 14610.13 14750.04 1.99 2.78 162.99 2615.10
homfam cytb 3206 6 82.1454 100 35.6 85.6 85.4 63.0 68.9 1246.2666 0:20:46 11803.63 101894.05 11295.44 11412.76 9.99 2.66 142.29 1782.82
homfam mmp 1427 6 157.93 180 55.1 96.7 97.0 88.2 93.4 1313.3995 0:21:53 15062.41 105080.41 14608.45 14714.24 1.99 1.94 142.66 1882.46
homfam phoslip 946 18 113.33 137 48.9 91.2 90.8 64.0 74.1 534.0068 0:08:54 15085.44 105180.32 14662.38 14802.22 1.99 1.83 102.20 547.22
homfam HLH 6781 5 53.5453 92 28.1 89.0 92.8 67.9 77.4 981.8075 0:16:21 15086.32 105184.19 14674.64 14814.42 1.99 4.26 135.84 1339.23
homfam myb_DNA-binding 10398 5 46.5583 61 40.7 96.8 95.6 83.9 90.0 777.1010 0:12:57 8199.62 98383.11 7695.40 7814.64 1.98 5.90 116.97 910.59
homfam msb 4884 8 106.037 158 26.6 84.4 84.9 57.9 71.9 779.3530 0:12:59 15090.36 105108.84 14883.12 14954.32 1.98 4.93 119.16 930.59
homfam ghf1 4358 8 403.813 562 38.4 88.5 89.1 64.0 73.6 5954.0833 1:39:14 10690.23 101781.36 10182.30 10317.44 1.99 8.01 171.67 10221.76
homfam rvp 93681 6 94.2886 132 36.6 85.9 85.1 62.2 70.0 2728.3169 0:45:28 10310.21 100435.03 9803.95 9962.45 1.99 58.50 123.15 3365.88
homfam lyase_1 7632 5 295.082 511 30.9 81.6 81.8 63.6 67.2 3479.4385 0:57:59 15162.01 105263.29 14790.55 14907.67 1.99 10.46 157.30 5476.60
homfam ldh 7367 14 121.378 371 31.9 90.2 89.3 61.6 73.4 2004.1342 0:33:24 8608.82 99785.11 8104.28 8222.43 1.99 7.38 152.95 3074.01
homfam subt 7517 11 301.598 414 39.5 77.8 79.5 31.9 43.9 9026.9624 2:30:26 10071.16 101809.72 9566.95 9719.34 1.98 12.59 172.29 15561.18
homfam sodfe 4455 8 77.4471 219 42.3 91.6 91.0 66.5 69.6 1100.6542 0:18:20 8185.74 98299.44 7681.09 7799.25 1.99 3.51 127.52 1405.05
homfam LIM 6428 5 57.0143 86 52.8 97.9 97.9 87.8 95.8 590.9627 0:09:50 8112.94 98119.75 7691.33 7867.73 1.99 4.02 117.93 698.44
homfam blm 9105 8 300.727 274 39.1 46.1 50.9 24.7 25.7 5339.8976 1:28:59 10383.31 101877.18 9867.14 9985.08 1.98 12.80 162.74 8701.21
homfam DMRL_synthase 2099 5 140.59 182 33.2 92.8 90.2 74.0 83.2 895.0253 0:14:55 8133.50 98367.55 7629.87 7760.01 0.00 0.02 115.53 7.49
homfam tRNA-synt_2b 11293 5 177.564 467 18.7 53.4 51.4 26.2 36.9 3877.3324 1:04:37 15122.56 105204.96 14729.66 14846.85 1.99 11.99 165.23 6416.09
homfam Stap_Strp_toxin 640 6 87.3922 254 32.5 78.5 78.1 41.6 46.9 684.8667 0:11:24 7923.60 98083.66 7421.95 7551.68 1.99 1.45 131.43 901.49
homfam Acetyltransf 46285 6 82.9897 229 24.1 29.8 32.1 0.0 0.0 2851.4055 0:47:31 15181.43 105198.76 14801.05 14941.17 9.98 64.17 144.97 4135.04
homfam ghf22 760 12 107.567 131 51.4 96.0 96.0 86.2 89.5 802.7025 0:13:22 15096.65 105204.28 14651.08 14768.60 1.99 1.41 138.31 1118.80
homfam sdr 50157 13 163.253 361 23.3 55.7 61.2 2.5 0.1 4436.4763 1:13:56 10746.62 102201.09 10242.39 10422.08 2.06 56.40 142.42 6327.83
homfam ltn 1068 12 204.148 282 49.9 92.9 93.5 68.0 76.6 1119.4209 0:18:39 8678.19 98813.58 8174.84 8354.35 1.99 1.79 127.45 1430.07
homfam hpr 3349 5 83.0427 89 44.4 99.3 99.3 97.7 98.5 585.3418 0:09:45 15131.27 105231.65 14761.62 14878.62 1.99 2.92 109.99 645.15
homfam bowman 499 5 26.1443 73 64.9 94.5 94.5 82.9 84.9 268.2785 0:04:28 7585.80 97751.60 7083.33 7236.29 1.99 0.72 90.93 245.38
homfam hip 167 5 66.2096 88 33.4 89.0 87.9 66.7 74.2 342.7161 0:05:42 15104.56 105203.19 14721.64 14861.49 1.99 0.75 93.95 323.50
homfam HMG_box 4779 5 66.0716 89 24.8 97.3 96.2 85.2 93.9 628.2652 0:10:28 7961.01 98047.29 7498.75 7648.18 1.99 3.60 117.11 738.92
homfam icd 5678 5 328.887 433 41.7 93.3 93.6 82.4 86.1 4068.5594 1:07:48 13091.64 103108.90 12536.78 12654.18 1.99 8.32 160.39 6532.08
homfam peroxidase 4514 5 256.626 383 37.3 71.1 74.6 41.0 45.1 3731.2099 1:02:11 9672.61 101265.14 9168.06 9320.57 1.99 6.39 167.99 6278.75
homfam asp 3262 13 284.142 381 37.5 90.6 90.8 70.9 77.6 2851.5792 0:47:31 14864.35 104882.43 14305.09 14444.92 1.99 5.55 159.92 4563.45
homfam flav 4612 6 138.021 183 35.0 82.9 83.6 58.9 60.1 1424.8810 0:23:44 8188.95 100135.12 7996.21 8022.89 1.99 4.20 125.41 1797.55
homfam cah 1379 5 212.706 279 38.7 87.4 87.9 67.9 74.6 1187.9008 0:19:47 8562.30 98653.00 8060.62 8177.95 13.99 2.06 141.57 1683.29
homfam ace 3989 6 427.824 601 37.3 86.0 87.2 63.5 71.4 5359.4448 1:29:19 15132.97 105234.05 14705.13 14844.73 1.98 17.50 161.12 8633.32
homfam sti 613 5 165.383 198 36.4 79.3 78.3 53.8 59.3 730.5074 0:12:10 8217.97 100032.06 7788.19 7960.53 1.99 1.16 116.93 862.62
homfam aat 25100 10 337.807 476 28.6 66.0 67.0 32.4 36.9 10088.8303 2:48:08 11852.21 103669.38 11349.23 11500.93 1.98 37.84 161.36 16288.64
homfam oxidored_q6 3348 5 123.044 285 56.7 97.5 97.7 92.1 93.8 1345.2543 0:22:25 8263.87 100022.52 7888.41 7996.01 1.99 3.47 142.21 1922.27
homfam hormone_rec 3509 5 188.562 308 21.5 72.8 74.5 50.5 64.5 1451.9755 0:24:11 15092.84 105182.68 14710.98 14828.02 1.99 4.02 148.88 2171.78
homfam rhv 17976 6 143.424 938 33.1 35.6 47.1 1.8 0.2 16075.2709 4:27:55 9219.66 100874.54 8833.53 8957.90 1.99 15.26 160.99 25885.11
homfam tgfb 1606 8 95.4645 118 43.8 80.1 83.4 29.9 37.2 537.5755 0:08:57 15108.50 105205.43 14677.49 14783.48 1.99 1.86 112.88 610.01
homfam cryst 1160 7 80.8078 192 44.4 91.5 91.4 68.5 71.8 611.0595 0:10:11 15087.29 105104.31 14700.45 14818.30 1.99 1.55 111.65 683.69
homfam cyclo 6288 6 159.069 203 44.1 89.8 90.2 77.2 81.6 2060.2763 0:34:20 13614.24 103772.82 13111.66 13228.90 1.99 7.93 151.20 3126.38
homfam kunitz 2266 10 53.752 64 37.9 98.9 98.9 95.0 94.7 477.9755 0:07:57 15186.11 105230.46 14658.20 14822.43 1.99 1.90 100.21 480.50
homfam Rhodanese 14049 6 102.277 216 22.7 71.5 73.0 51.0 53.4 2229.2807 0:37:09 15051.06 105167.28 14675.52 14780.70 1.98 11.20 145.93 3264.61
homfam sodcu 2038 7 141.322 169 42.2 88.4 89.2 73.5 77.3 873.7281 0:14:33 11810.27 101827.71 11305.22 11446.05 1.99 2.38 134.93 1184.15
homfam profilin 687 5 123.371 144 39.7 94.5 94.5 87.5 88.5 544.6731 0:09:04 8021.81 99349.25 7517.58 7688.80 1.99 1.19 106.73 587.59
homfam glob 3983 41 100.684 174 31.7 96.5 96.2 72.4 75.8 863.4138 0:14:23 15086.17 105182.73 15105.93 15132.57 1.99 3.65 112.57 981.18
homfam tim 3904 10 205.645 260 47.5 95.9 96.5 86.1 89.6 1400.9328 0:23:20 8614.44 100418.93 8121.00 8301.72 1.99 4.91 147.10 2061.77
homfam uce 4558 13 134.701 184 34.0 90.7 91.2 63.9 71.0 1065.6023 0:17:45 15104.47 105207.79 14723.13 14856.34 1.99 4.51 125.11 1336.74
homfam toxin 508 20 62.311 78 43.1 92.3 90.6 54.5 63.4 409.0246 0:06:49 7795.28 97942.40 7292.16 7463.77 0.00 0.02 82.99 4.11
homfam rub 1435 5 46.1575 54 62.1 98.4 98.4 92.6 93.5 306.5289 0:05:06 15202.61 105368.40 14832.42 14950.12 1.99 1.54 97.66 300.87
homfam hom 12037 8 53.4951 98 35.3 94.1 94.0 65.2 81.1 754.5898 0:12:34 15141.65 105241.05 14767.47 14908.09 1.99 6.86 112.32 855.20
homfam biotin_lipoyl 11833 7 71.8928 112 28.9 96.5 96.7 84.7 85.5 894.1042 0:14:54 15092.65 105190.03 14686.03 14791.97 0.00 0.02 127.87 8.01
homfam cys 4316 13 198.11 284 40.5 93.4 92.9 67.2 79.7 1353.4500 0:22:33 14187.41 104207.97 13684.83 13802.38 1.99 6.09 142.79 1940.57
homfam ghf11 521 5 167.758 202 49.5 86.7 87.7 71.4 75.0 942.9956 0:15:42 15184.14 105279.23 14797.59 14938.76 1.99 1.18 148.01 1401.71
homfam blmb 17200 6 192.465 344 20.6 66.8 70.8 37.8 47.7 8786.0412 2:26:26 13122.91 103146.77 12580.52 12790.38 89.98 19.00 179.58 15789.38
homfam aadh 3127 8 225.129 542 38.2 85.7 85.8 49.4 55.4 2125.9348 0:35:25 15085.58 105182.66 14695.23 14801.41 1.99 4.57 151.99 3239.14
homfam DEATH 1183 7 80.5689 159 19.6 74.5 75.8 44.4 45.5 536.9824 0:08:56 15082.94 105179.36 14696.43 14859.82 1.99 1.45 114.01 613.68
homfam Sulfotransfer 2489 5 235.798 381 26.2 65.1 76.4 40.5 47.6 3274.7646 0:54:34 15080.14 105181.53 14693.14 14833.67 1.99 4.21 165.97 5442.72
homfam serpin 3144 8 291.462 418 34.3 96.5 95.8 84.9 90.7 2748.8512 0:45:48 15093.17 105182.64 14711.88 14818.14 1.99 4.59 155.84 4291.39
homfam proteasome 5732 17 174.347 309 21.7 84.0 83.1 29.0 43.5 1420.7131 0:23:40 12858.54 102947.27 12498.84 12569.88 1.99 5.83 147.61 2106.18
homfam zf-CCHH 88345 15 23.2513 39 35.5 97.1 96.5 88.6 93.0 1973.3088 0:32:53 15337.12 105435.94 14964.58 15081.38 137.94 42.52 112.78 2228.39
homfam egf 7774 12 32.0765 71 31.1 64.6 70.8 0.0 0.0 594.8491 0:09:54 8076.78 98160.20 7572.51 7745.72 1.98 6.46 105.12 626.72
homfam annexin 3139 6 65.1902 323 57.2 100.0 100.0 100.0 100.0 1384.1803 0:23:04 8139.29 98201.63 7635.21 7764.80 1.99 2.66 142.46 1973.57
homfam OTCace 4795 5 157.005 350 37.3 95.5 95.7 86.4 89.5 1436.6613 0:23:56 8315.64 98587.41 7827.62 7984.41 1.99 4.95 145.30 2088.99
homfam rnasemam 498 6 120.072 141 42.2 92.9 89.6 70.1 80.2 386.7254 0:06:26 7991.99 98232.45 7488.82 7628.97 1.99 1.20 112.73 437.52
homfam adh 21331 5 123.64 375 63.9 39.0 58.5 9.9 9.9 3119.8043 0:51:59 15094.30 105200.09 14722.43 14886.15 18.02 18.97 157.15 4909.50
homfam il8 1073 11 63.7623 81 34.5 92.0 91.3 63.6 73.6 408.4602 0:06:48 7769.66 97954.57 7404.05 7507.79 1.99 1.34 98.59 404.21
homfam hr 3707 5 65.1513 82 53.3 99.1 99.1 94.9 99.1 642.4512 0:10:42 13851.83 103881.14 13323.90 13441.23 61.99 2.85 103.15 672.95
homfam ChtBD 774 5 38.2713 45 59.3 99.3 99.0 95.3 97.1 336.5911 0:05:36 7896.99 97995.57 7392.85 7550.66 1.99 1.06 88.74 300.25
homfam gluts 10099 14 98.1117 235 39.4 81.3 83.9 54.9 58.7 2829.1181 0:47:09 15092.29 105188.56 14713.33 14830.59 0.00 0.02 158.21 21.33
homfam ghf5 2717 6 260.466 470 17.8 65.5 66.8 36.5 51.1 3118.0380 0:51:58 15080.73 105180.53 14674.01 14791.63 1.99 4.20 162.23 5067.09
homfam ghf13 12607 10 264.452 626 26.8 30.6 43.9 0.7 0.1 6320.4843 1:45:20 10314.79 102144.06 9962.07 10070.81 2.16 16.24 168.20 10631.58
homfam PDZ 14950 6 80.8907 110 30.6 83.7 83.5 65.7 67.4 1276.1133 0:21:16 15116.41 105282.38 14745.20 14955.91 1.98 11.30 130.17 1671.57
homfam az 1086 29 100.416 215 33.4 73.8 74.4 38.6 39.9 563.6084 0:09:23 15152.31 105255.31 14763.11 14902.96 1.99 1.77 117.43 663.28
homfam hla 13465 5 153.148 178 76.5 99.0 100.0 98.3 98.3 1620.3435 0:27:00 11521.53 101539.94 11041.61 11159.04 1.99 13.49 138.33 2242.89
homfam slectin 932 5 133.052 142 33.3 95.0 94.8 86.9 91.0 830.4137 0:13:50 8124.05 100008.07 7600.63 7730.65 1.99 1.77 115.56 959.44
homfam GEL 2195 5 78.1157 150 23.7 67.7 67.5 39.7 54.1 772.4323 0:12:52 7867.46 97946.50 7363.47 7511.48 9.99 1.95 117.20 912.58
homfam kringle 1091 9 75.9138 100 43.3 91.7 90.4 70.8 75.4 400.1127 0:06:40 7880.85 98038.95 7376.69 7506.60 1.99 1.48 114.77 437.03
homfam p450 21013 12 331.506 512 20.8 76.8 76.4 37.3 46.1 11568.8389 3:12:48 15161.29 105243.39 14730.98 14940.58 1.97 32.46 158.09 18296.70
homfam gpdh 7691 8 129.082 360 55.1 94.0 94.1 81.6 83.8 2127.1506 0:35:27 13867.66 103959.60 13377.18 13482.88 1.99 8.00 150.67 3216.83
homfam int 7572 5 168.037 219 22.5 87.2 88.5 69.3 74.3 2219.1386 0:36:59 8739.79 100397.05 8590.92 8647.88 1.98 7.96 143.65 3195.48
homfam KAS 2070 6 174.528 404 31.7 77.7 81.1 52.0 59.7 1258.3603 0:20:58 15131.45 105231.45 14896.99 14968.17 0.00 0.02 148.40 10.18
homfam trfl 837 7 242.315 702 61.9 92.3 93.5 79.3 80.6 2893.6524 0:48:13 8831.79 100608.16 8337.53 8476.05 1.99 1.84 164.33 4765.03
homfam TNF 556 5 119.903 176 32.0 82.2 81.5 62.4 68.9 536.2533 0:08:56 8111.93 98359.58 7534.88 7706.60 1.99 1.19 94.68 509.43
homfam scorptoxin 363 8 53.2562 74 46.3 89.1 88.2 67.1 75.9 317.7120 0:05:17 8145.58 98213.80 7642.71 7815.18 1.99 0.99 79.79 254.91
homfam aldosered 13277 7 268.547 386 41.6 88.0 90.3 71.4 77.5 5370.4402 1:29:30 11664.87 101703.06 11189.34 11330.00 1.98 17.92 156.36 8406.02
homfam rrm 27610 20 67.4587 157 22.9 75.8 79.3 3.6 0.0 1372.9393 0:22:52 15101.70 105205.47 14712.22 14829.42 13.98 17.60 116.40 1599.54
