homfam ricin 747 7 198.708 281 37.5 92.4 92.7 79.5 86.1 544.6883 0:09:04 7952.14 98426.70 7494.71 7611.76 1.99 1.37 140.88 775.48
homfam ghf10 1502 5 220.34 364 43.3 94.6 94.1 84.2 88.9 1071.4149 0:17:51 8007.86 103116.36 7624.33 7764.26 1.99 2.45 157.33 1692.04
homfam seatoxin 93 5 43.6344 54 42.6 65.7 63.3 8.2 9.3 159.4421 0:02:39 7979.64 97836.59 7491.13 7608.17 1.99 0.92 105.67 169.98
homfam mofe 2567 6 353.074 609 30.0 81.9 82.9 60.8 68.8 2960.9565 0:49:20 7910.27 102927.29 7402.95 7611.81 1.99 4.03 158.98 4715.21
homfam cyt3 385 6 92.3065 130 40.3 79.6 79.5 58.5 66.7 197.5339 0:03:17 7977.28 102921.15 7525.41 7642.48 1.99 1.16 105.25 209.49
homfam ins 793 6 65.2825 74 44.9 91.5 91.9 66.7 89.9 382.7904 0:06:22 8007.95 102925.97 7557.72 7697.89 1.99 1.10 145.91 563.00
homfam Ald_Xan_dh_2 2589 6 109.304 885 31.8 83.7 84.1 63.6 72.7 1898.7218 0:31:38 8064.27 101959.47 7573.19 7736.12 1.99 2.65 162.51 3094.89
homfam tms 2118 5 264.245 357 45.9 95.9 95.6 85.6 92.2 1243.3161 0:20:43 8026.34 103278.75 7566.73 7706.61 1.99 3.62 159.49 1990.33
homfam phc 2957 12 98.4711 179 37.2 93.3 94.4 73.2 81.0 408.7287 0:06:48 7943.11 101958.57 7485.14 7625.40 1.99 2.78 146.59 608.04
homfam cytb 3206 6 82.1454 100 35.6 90.0 89.9 71.7 79.8 630.9599 0:10:30 8063.20 103053.07 7573.38 7736.38 1.99 2.67 165.00 1046.52
homfam mmp 1427 6 157.93 180 55.1 97.2 97.4 88.2 93.4 716.2577 0:11:56 8007.30 102938.28 7637.65 7800.55 1.99 1.93 156.86 1133.37
homfam phoslip 946 18 113.33 137 48.9 95.4 95.1 76.5 86.1 254.9308 0:04:14 7985.50 102921.07 7489.29 7629.30 1.99 1.31 122.05 312.17
homfam HLH 6781 5 53.5453 92 28.1 88.9 94.0 65.5 77.1 565.0268 0:09:25 8010.50 103051.04 7949.02 7978.26 1.99 4.02 160.38 907.95
homfam myb_DNA-binding 10398 5 46.5583 61 40.7 95.2 94.1 80.4 86.0 383.8632 0:06:23 7987.46 102830.25 7549.67 7758.50 1.98 6.27 141.10 544.73
homfam msb 4884 8 106.037 158 26.6 85.4 87.3 62.1 75.8 478.2239 0:07:58 7982.55 102988.56 7526.46 7735.28 1.98 4.44 124.43 602.69
homfam ghf1 4358 8 403.813 562 38.4 91.5 91.5 72.0 79.7 4114.8554 1:08:34 8075.73 103189.20 7577.11 7699.96 1.99 13.77 162.95 6703.87
homfam rvp 93681 6 94.2886 132 36.6 82.0 81.8 55.9 62.9 1316.6820 0:21:56 8440.72 102948.11 7937.64 8066.95 1.99 88.29 134.11 1765.36
homfam lyase_1 7632 5 295.082 511 30.9 80.8 80.6 59.8 65.6 2305.7327 0:38:25 7988.34 103321.88 7530.97 7739.85 1.99 10.12 156.08 3598.74
homfam ldh 7367 14 121.378 371 31.9 90.4 89.5 61.1 72.8 898.9359 0:14:58 8021.27 103088.55 7684.43 7826.38 1.99 9.12 154.97 1399.13
homfam subt 7517 11 301.598 414 39.5 81.9 82.9 36.0 46.2 7951.3562 2:12:31 7973.31 103287.66 7671.16 7761.80 1.98 11.85 174.19 13856.61
homfam sodfe 4455 8 77.4471 219 42.3 91.6 90.4 65.6 69.4 562.4576 0:09:22 7948.26 99911.90 7489.75 7606.97 1.99 5.01 138.58 780.86
homfam LIM 6428 5 57.0143 86 52.8 97.3 97.3 86.6 94.2 324.8061 0:05:24 8023.14 99913.44 7529.43 7669.79 1.99 3.96 118.95 388.04
homfam blm 9105 8 300.727 274 39.1 74.7 76.5 50.2 52.2 3791.4098 1:03:11 7928.95 102929.80 7427.47 7606.42 5.98 13.55 163.20 6196.53
homfam DMRL_synthase 2099 5 140.59 182 33.2 92.6 90.0 74.6 83.3 395.2261 0:06:35 8000.01 101959.43 7543.60 7660.94 1.99 2.27 119.83 474.50
homfam tRNA-synt_2b 11293 5 177.564 467 18.7 50.7 49.0 23.5 33.2 2290.5282 0:38:10 8003.27 103205.71 7545.57 7662.72 1.99 11.89 167.61 3844.33
homfam Stap_Strp_toxin 640 6 87.3922 254 32.5 81.2 80.7 47.3 54.0 422.7499 0:07:02 7978.02 99911.80 7525.10 7665.65 1.99 1.01 147.98 627.04
homfam Acetyltransf 46285 6 82.9897 229 24.1 67.0 64.6 31.7 42.9 2945.6823 0:49:05 8039.62 103059.21 7583.73 7792.96 1.96 33.82 176.57 5203.92
homfam ghf22 760 12 107.567 131 51.4 93.8 94.0 81.5 85.2 227.7671 0:03:47 7990.91 97899.80 7531.22 7636.69 1.99 1.11 112.91 258.60
homfam sdr 50157 13 163.253 361 23.3 73.9 73.6 35.3 45.9 3022.5302 0:50:22 8292.83 103080.90 8201.55 8232.36 8.15 54.93 152.07 4597.26
homfam ltn 1068 12 204.148 282 49.9 93.1 93.4 69.6 78.7 627.4384 0:10:27 7944.22 102937.31 7695.75 7790.07 1.99 1.82 153.08 963.81
homfam hpr 3349 5 83.0427 89 44.4 99.3 99.3 97.7 98.5 299.9823 0:04:59 7992.63 102922.34 7493.42 7610.86 1.99 2.62 134.10 403.79
homfam bowman 499 5 26.1443 73 64.9 94.5 94.5 82.9 84.9 165.0834 0:02:45 7944.77 99911.89 7488.79 7594.32 1.99 0.75 95.88 159.86
homfam hip 167 5 66.2096 88 33.4 86.7 85.7 63.1 74.8 191.2514 0:03:11 8043.22 102920.90 7555.09 7695.25 1.99 0.70 110.54 212.83
homfam HMG_box 4779 5 66.0716 89 24.8 97.3 96.2 85.2 93.9 265.4487 0:04:25 7994.20 99910.09 7538.12 7701.26 1.99 3.21 131.41 350.33
homfam icd 5678 5 328.887 433 41.7 94.0 94.2 83.7 87.1 2662.7863 0:44:22 8058.80 103153.81 7552.93 7658.61 1.99 8.38 155.95 4159.92
homfam peroxidase 4514 5 256.626 383 37.3 81.9 82.1 51.3 56.4 2771.7849 0:46:11 8032.76 103199.47 7530.50 7739.47 1.99 6.38 176.59 4895.04
homfam asp 3262 13 284.142 381 37.5 91.1 91.3 72.7 79.6 1746.7339 0:29:06 7965.94 103244.40 7507.39 7716.48 1.99 5.13 160.51 2807.14
homfam flav 4612 6 138.021 183 35.0 83.8 84.4 52.0 59.1 820.2176 0:13:40 7981.62 103178.36 7526.00 7735.18 1.99 4.23 161.20 1323.16
homfam cah 1379 5 212.706 279 38.7 88.8 89.2 68.3 76.5 747.0893 0:12:27 7982.05 98633.70 7492.39 7655.15 1.99 2.09 155.26 1162.67
homfam ace 3989 6 427.824 601 37.3 86.0 88.1 65.7 71.6 4405.9243 1:13:25 7989.09 103066.26 7531.66 7695.27 1.98 8.62 162.58 7170.83
homfam sti 613 5 165.383 198 36.4 88.9 88.4 70.7 78.1 285.3008 0:04:45 7946.31 99909.18 7558.09 7663.81 1.99 1.11 123.86 354.92
homfam aat 25100 10 337.807 476 28.6 83.4 83.5 49.2 54.4 5697.3615 1:34:57 8855.07 103242.55 8351.22 8515.15 1.98 36.45 153.90 8771.00
homfam oxidored_q6 3348 5 123.044 285 56.7 91.9 92.3 83.8 85.3 802.0885 0:13:22 7950.22 101959.60 7498.62 7615.65 1.99 3.57 155.37 1254.73
homfam hormone_rec 3509 5 188.562 308 21.5 77.1 77.3 52.3 67.2 1036.1631 0:17:16 7947.54 102056.97 7883.25 7912.25 1.99 3.78 149.80 1560.80
homfam rhv 17976 6 143.424 938 33.1 32.5 41.2 1.9 0.2 9396.3125 2:36:36 7886.73 99330.56 7432.30 7549.12 89.99 15.79 162.50 15272.53
homfam tgfb 1606 8 95.4645 118 43.8 82.4 86.2 32.5 39.2 284.5050 0:04:44 7996.38 102918.63 7490.98 7608.10 1.99 1.58 124.95 357.02
homfam cryst 1160 7 80.8078 192 44.4 92.6 92.4 72.9 75.9 304.9629 0:05:04 7977.86 101994.11 7527.44 7633.06 1.99 1.57 135.27 413.48
homfam cyclo 6288 6 159.069 203 44.1 86.6 87.6 71.4 77.1 1290.7201 0:21:30 7998.94 103181.11 7546.48 7651.87 1.99 7.51 162.86 2111.33
homfam kunitz 2266 10 53.752 64 37.9 96.8 96.8 85.0 84.0 256.0521 0:04:16 7988.78 99909.14 7712.24 7853.02 1.99 1.90 110.17 283.70
homfam Rhodanese 14049 6 102.277 216 22.7 74.9 81.9 57.3 59.3 1365.4533 0:22:45 8050.84 99915.05 7557.74 7663.15 1.98 11.55 164.10 2248.30
homfam sodcu 2038 7 141.322 169 42.2 91.0 91.2 74.7 79.3 438.1803 0:07:18 7997.54 99911.91 7546.27 7686.07 1.99 2.36 130.51 579.98
homfam profilin 687 5 123.371 144 39.7 92.6 92.6 80.5 82.5 282.4017 0:04:42 8056.06 102923.50 7711.41 7806.36 1.99 1.15 118.39 335.89
homfam glob 3983 41 100.684 174 31.7 95.6 95.4 69.4 72.6 446.6686 0:07:26 8001.07 99911.88 7544.07 7752.87 1.99 3.36 116.18 524.24
homfam tim 3904 10 205.645 260 47.5 97.7 97.5 90.7 95.0 1082.0545 0:18:02 7947.80 103249.37 7627.62 7767.90 1.99 5.09 153.93 1673.51
homfam uce 4558 13 134.701 184 34.0 91.1 91.0 56.0 64.7 487.3805 0:08:07 8012.42 99909.84 7557.30 7766.02 1.99 4.17 135.95 663.93
homfam toxin 508 20 62.311 78 43.1 93.9 92.0 67.5 76.3 176.7458 0:02:56 7942.77 97774.64 7494.96 7612.19 1.99 1.13 118.02 209.62
homfam rub 1435 5 46.1575 54 62.1 98.4 98.4 92.6 93.5 192.3625 0:03:12 8008.64 102918.39 7561.37 7678.29 1.99 1.27 107.61 208.70
homfam hom 12037 8 53.4951 98 35.3 95.3 95.2 69.6 85.1 401.6160 0:06:41 7979.94 99910.16 7602.34 7811.36 1.99 6.48 118.73 478.35
homfam biotin_lipoyl 11833 7 71.8928 112 28.9 94.6 93.0 75.3 81.0 329.0630 0:05:29 7955.38 102919.77 7636.88 7777.04 1.99 7.87 129.69 428.27
homfam cys 4316 13 198.11 284 40.5 95.3 94.6 73.1 82.8 1112.9799 0:18:32 7981.20 103054.66 7531.68 7740.46 1.99 6.11 161.39 1805.02
homfam ghf11 521 5 167.758 202 49.5 93.6 93.4 83.9 85.2 398.4179 0:06:38 8012.16 101958.28 7554.42 7681.04 1.99 1.46 140.28 560.42
homfam blmb 17200 6 192.465 344 20.6 70.1 74.0 45.1 55.7 2994.9775 0:49:54 8079.75 103012.74 7575.80 7728.43 1.98 18.82 169.81 5093.12
homfam aadh 3127 8 225.129 542 38.2 86.0 88.9 52.6 58.1 1518.0954 0:25:18 7945.35 103286.52 7495.15 7704.40 1.99 4.29 159.95 2431.25
homfam DEATH 1183 7 80.5689 159 19.6 84.2 84.3 60.5 67.5 259.1485 0:04:19 7978.02 103072.46 7520.66 7637.51 0.00 0.02 136.75 4.65
homfam Sulfotransfer 2489 5 235.798 381 26.2 76.4 77.6 51.0 60.0 1663.2544 0:27:43 8011.33 103421.47 7895.76 7947.21 1.99 3.94 166.16 2771.81
homfam serpin 3144 8 291.462 418 34.3 95.3 94.7 81.7 88.4 1919.5854 0:31:59 7993.92 103186.52 7607.44 7713.07 1.99 6.84 162.39 3121.79
homfam proteasome 5732 17 174.347 309 21.7 84.5 82.0 41.0 61.4 806.0073 0:13:26 7969.68 101959.40 7514.59 7725.07 5.99 5.97 144.53 1172.10
homfam zf-CCHH 88345 15 23.2513 39 35.5 96.4 95.8 77.1 85.3 820.7740 0:13:40 8037.88 97885.36 7606.69 7746.06 1.95 42.29 124.52 1023.73
homfam egf 7774 12 32.0765 71 31.1 78.2 81.2 33.8 36.8 266.0072 0:04:26 7994.65 99913.12 7503.77 7666.97 1.98 4.59 129.09 349.29
homfam annexin 3139 6 65.1902 323 57.2 99.6 99.8 99.4 99.4 550.5611 0:09:10 8011.89 101957.49 7556.40 7719.41 1.99 2.35 137.79 760.08
homfam OTCace 4795 5 157.005 350 37.3 95.9 96.4 88.1 90.7 801.1431 0:13:21 8000.05 103134.15 7542.93 7751.77 1.99 4.95 140.48 1127.40
homfam rnasemam 498 6 120.072 141 42.2 94.3 91.0 70.1 82.3 217.9516 0:03:37 8028.26 97884.01 7540.21 7657.44 1.99 1.24 117.45 257.50
homfam adh 21331 5 123.64 375 63.9 98.5 98.6 95.7 96.1 1576.7391 0:26:16 8028.32 103121.21 7570.15 7687.41 1.98 19.19 150.39 2378.73
homfam il8 1073 11 63.7623 81 34.5 90.9 90.2 63.6 72.3 206.2759 0:03:26 8037.52 102933.31 7555.18 7695.08 1.99 1.10 124.64 258.61
homfam hr 3707 5 65.1513 82 53.3 99.1 99.1 94.9 99.1 317.6050 0:05:17 7949.79 99911.79 7562.27 7679.27 1.99 2.59 120.98 385.80
homfam ChtBD 774 5 38.2713 45 59.3 99.3 99.0 95.3 97.1 162.9990 0:02:42 7987.93 102918.31 7531.23 7711.06 1.99 0.94 97.44 160.29
homfam gluts 10099 14 98.1117 235 39.4 89.5 89.5 62.2 65.5 1612.2528 0:26:52 8005.05 102988.21 7501.33 7710.61 1.98 7.84 167.08 2701.79
homfam ghf5 2717 6 260.466 470 17.8 68.4 69.8 36.8 51.9 1943.1468 0:32:23 7976.59 103060.59 7658.59 7798.85 1.99 4.01 160.39 3126.32
homfam ghf13 12607 10 264.452 626 26.8 65.8 65.4 29.9 40.8 5305.8622 1:28:25 8029.27 102984.45 7549.91 7666.76 1.99 16.05 175.61 9315.68
homfam PDZ 14950 6 80.8907 110 30.6 90.3 90.0 76.8 80.0 644.8603 0:10:44 7971.47 103556.84 7675.41 7815.72 1.98 10.84 155.66 1006.36
homfam az 1086 29 100.416 215 33.4 77.1 77.0 40.2 43.1 298.6391 0:04:58 7939.86 103188.43 7558.36 7663.90 1.99 1.37 123.87 376.79
homfam hla 13465 5 153.148 178 76.5 100.0 100.0 100.0 100.0 770.7084 0:12:50 7991.03 102923.45 7534.90 7743.79 1.99 13.32 124.21 958.83
homfam slectin 932 5 133.052 142 33.3 93.6 93.4 83.2 87.5 519.4216 0:08:39 8000.46 99908.46 7559.00 7676.01 1.99 1.39 154.17 809.21
homfam GEL 2195 5 78.1157 150 23.7 67.5 70.6 38.4 53.9 316.3611 0:05:16 8000.15 98533.60 7541.80 7704.92 1.99 1.91 121.68 389.15
homfam kringle 1091 9 75.9138 100 43.3 96.2 95.1 82.0 86.0 214.0253 0:03:34 8009.04 101958.30 7551.36 7760.83 1.99 1.25 121.34 261.22
homfam p450 21013 12 331.506 512 20.8 78.5 79.2 42.3 53.1 5458.8466 1:30:58 9005.88 103141.01 8502.76 8670.20 17.98 33.12 152.87 8351.19
homfam gpdh 7691 8 129.082 360 55.1 96.3 96.2 88.3 90.8 855.8751 0:14:15 8048.91 103221.66 7700.36 7840.67 1.99 9.40 148.55 1279.05
homfam int 7572 5 168.037 219 22.5 88.5 89.5 70.3 78.2 1438.8060 0:23:58 7952.93 102946.42 7563.33 7703.43 1.98 8.32 158.72 2290.87
homfam KAS 2070 6 174.528 404 31.7 79.0 81.2 55.0 63.2 674.3515 0:11:14 7961.94 99909.85 7526.11 7689.07 5.99 2.54 142.93 965.54
homfam trfl 837 7 242.315 702 61.9 92.9 94.7 86.6 83.9 1482.3949 0:24:42 8011.38 99911.88 7525.38 7630.82 1.99 1.60 160.85 2388.85
homfam TNF 556 5 119.903 176 32.0 84.5 84.3 64.3 70.5 230.0318 0:03:50 7981.06 100726.61 7528.25 7645.54 0.00 0.02 132.07 5.01
homfam scorptoxin 363 8 53.2562 74 46.3 91.1 90.0 75.3 81.8 164.7771 0:02:44 7942.55 99909.14 7557.32 7720.65 1.99 0.76 94.56 157.38
homfam aldosered 13277 7 268.547 386 41.6 86.8 89.6 68.3 75.4 2882.1666 0:48:02 8013.95 103310.96 7556.32 7673.60 1.98 18.97 158.82 4580.14
homfam rrm 27610 20 67.4587 157 22.9 84.7 85.1 21.6 31.7 699.2064 0:11:39 7953.36 103134.41 7632.75 7773.07 1.97 17.82 126.26 884.39
