homfam ricin 747 7 198.708 281 37.5 91.1 91.6 76.6 83.5 481.1899 0:08:01 7991.06 101958.59 7637.17 7742.77 1.99 1.69 146.55 713.88
homfam ghf10 1502 5 220.34 364 43.3 93.5 93.7 81.4 87.6 988.7659 0:16:28 7986.47 103174.95 7515.73 7621.35 1.99 2.79 153.97 1528.20
homfam seatoxin 93 5 43.6344 54 42.6 67.1 65.3 18.4 15.5 179.6120 0:02:59 7946.82 101993.16 7557.54 7698.16 1.99 0.94 117.43 212.50
homfam mofe 2567 6 353.074 609 30.0 84.7 85.2 64.9 73.0 3170.9605 0:52:50 7981.51 99399.43 7521.06 7729.72 21.99 4.20 161.82 5141.93
homfam cyt3 385 6 92.3065 130 40.3 80.8 80.7 60.2 68.4 203.7299 0:03:23 7946.68 99909.36 7490.88 7699.94 1.99 0.95 127.49 265.18
homfam ins 793 6 65.2825 74 44.9 89.3 90.2 60.9 81.6 324.2793 0:05:24 8008.63 98919.64 7550.61 7656.25 1.99 3.77 153.30 497.15
homfam Ald_Xan_dh_2 2589 6 109.304 885 31.8 83.7 83.9 64.4 72.6 1823.9225 0:30:23 7991.14 103245.00 7498.84 7604.46 1.99 2.98 157.09 2873.43
homfam tms 2118 5 264.245 357 45.9 95.7 95.6 85.3 90.3 1507.7381 0:25:07 7979.19 103248.34 7526.19 7735.47 1.99 3.36 156.92 2372.13
homfam phc 2957 12 98.4711 179 37.2 91.2 91.9 63.1 67.9 497.1250 0:08:17 8000.81 103053.23 7490.95 7700.13 1.99 5.72 156.11 776.47
homfam cytb 3206 6 82.1454 100 35.6 89.3 89.3 69.6 78.4 765.8048 0:12:45 7952.28 99913.48 7492.67 7598.18 1.99 3.01 159.57 1230.00
homfam mmp 1427 6 157.93 180 55.1 97.0 96.8 88.8 94.0 770.6761 0:12:50 8072.00 101959.70 7573.64 7679.29 1.99 2.31 161.40 1253.13
homfam phoslip 946 18 113.33 137 48.9 95.7 95.5 77.9 87.0 273.3178 0:04:33 8023.25 102937.70 7565.18 7670.85 1.99 1.55 110.15 302.51
homfam HLH 6781 5 53.5453 92 28.1 88.9 94.0 65.5 77.1 509.6873 0:08:29 8053.25 99945.29 7536.04 7745.22 1.99 4.02 154.41 796.15
homfam myb_DNA-binding 10398 5 46.5583 61 40.7 95.2 94.1 80.4 86.0 414.6100 0:06:54 7976.24 102834.75 7534.18 7639.76 1.98 6.46 128.34 533.56
homfam msb 4884 8 106.037 158 26.6 88.7 91.8 68.3 78.6 407.0910 0:06:47 8048.82 99911.20 7564.31 7669.94 1.98 4.99 124.47 509.76
homfam ghf1 4358 8 403.813 562 38.4 92.1 92.2 73.0 81.9 3186.8122 0:53:06 8036.59 103238.01 7532.50 7706.50 1.99 7.86 157.56 5024.76
homfam rvp 93681 6 94.2886 132 36.6 30.6 75.5 4.5 1.0 2067.2742 0:34:27 8487.68 100176.67 7984.38 8106.50 56.00 0.75 147.36 3048.78
homfam lyase_1 7632 5 295.082 511 30.9 82.8 82.7 63.4 69.0 2683.0604 0:44:43 7993.69 103245.26 7535.46 7641.14 1.99 10.39 157.26 4225.58
homfam ldh 7367 14 121.378 371 31.9 90.0 89.6 61.1 72.8 1049.7833 0:17:29 7997.76 103247.00 7540.21 7645.47 1.99 7.52 146.11 1536.69
homfam subt 7517 11 301.598 414 39.5 80.1 80.6 33.4 45.9 8009.7755 2:13:29 8032.89 103208.83 7530.52 7739.65 1.98 12.33 177.42 14206.52
homfam sodfe 4455 8 77.4471 219 42.3 92.2 91.0 66.5 71.4 568.1213 0:09:28 7997.45 103138.62 7547.17 7652.83 1.99 5.51 143.36 820.41
homfam LIM 6428 5 57.0143 86 52.8 97.9 97.9 87.8 95.8 304.6121 0:05:04 8059.62 102058.46 7563.12 7772.33 1.99 3.92 132.19 404.11
homfam blm 9105 8 300.727 274 39.1 65.1 84.9 19.9 20.7 4765.3580 1:19:25 7938.02 102994.54 7480.04 7585.73 13.96 13.35 168.65 8037.75
homfam DMRL_synthase 2099 5 140.59 182 33.2 91.8 89.6 72.8 81.2 398.2328 0:06:38 8010.44 102057.28 7552.21 7761.51 1.99 2.30 118.06 471.24
homfam tRNA-synt_2b 11293 5 177.564 467 18.7 49.7 47.9 21.5 30.3 2085.9450 0:34:45 7989.73 103096.50 7534.07 7639.67 1.99 11.52 167.25 3496.73
homfam Stap_Strp_toxin 640 6 87.3922 254 32.5 83.7 83.1 53.9 60.5 420.8408 0:07:00 8009.89 99913.12 7621.82 7831.04 1.99 1.04 148.68 627.33
homfam Acetyltransf 46285 6 82.9897 229 24.1 65.1 64.9 31.7 41.9 2980.0342 0:49:40 8031.52 103566.68 7576.04 7681.94 9.97 33.80 179.72 5363.03
homfam ghf22 760 12 107.567 131 51.4 94.5 94.7 82.3 85.7 226.0544 0:03:46 7945.42 102917.75 7556.99 7766.08 1.99 1.13 112.96 256.93
homfam sdr 50157 13 163.253 361 23.3 74.7 74.4 34.7 45.8 3117.0480 0:51:57 8540.82 103256.93 8036.73 8270.83 1.97 55.42 156.34 4872.51
homfam ltn 1068 12 204.148 282 49.9 93.3 93.5 70.0 79.1 671.3159 0:11:11 7993.34 99912.16 7533.38 7639.05 1.99 2.20 146.24 983.77
homfam hpr 3349 5 83.0427 89 44.4 99.3 99.3 97.7 98.5 281.6803 0:04:41 7978.94 102982.62 7521.64 7627.12 1.99 2.86 123.34 348.71
homfam bowman 499 5 26.1443 73 64.9 94.5 94.5 82.9 84.9 163.7657 0:02:43 7991.19 99910.38 7492.50 7598.14 1.99 1.05 96.47 159.47
homfam hip 167 5 66.2096 88 33.4 87.3 86.3 64.3 76.3 185.9063 0:03:05 8030.10 102921.95 7576.61 7682.26 1.99 0.98 113.99 213.52
homfam HMG_box 4779 5 66.0716 89 24.8 97.3 96.2 85.2 93.9 310.8039 0:05:10 7996.59 99913.12 7539.03 7644.61 1.99 3.54 114.98 359.01
homfam icd 5678 5 328.887 433 41.7 94.5 95.1 84.8 88.2 3162.3641 0:52:42 7984.30 103185.83 7534.23 7651.54 1.99 8.34 164.28 5200.80
homfam peroxidase 4514 5 256.626 383 37.3 82.5 82.9 53.6 58.2 2712.5063 0:45:12 8013.50 103247.57 7555.40 7661.14 1.99 6.31 171.56 4659.41
homfam asp 3262 13 284.142 381 37.5 91.7 91.7 75.1 82.0 1837.4241 0:30:37 8053.73 103196.67 7557.80 7663.14 1.99 5.67 159.59 2931.59
homfam flav 4612 6 138.021 183 35.0 84.4 85.0 60.6 62.9 750.4144 0:12:30 7950.19 102938.71 7492.41 7598.04 1.99 6.45 152.64 1152.15
homfam cah 1379 5 212.706 279 38.7 88.0 88.3 67.5 75.0 669.4145 0:11:09 8005.62 102993.39 7549.83 7759.06 1.99 2.07 149.54 1007.59
homfam ace 3989 6 427.824 601 37.3 87.9 88.9 68.3 74.8 4169.5912 1:09:29 8078.67 103256.62 7571.45 7700.80 1.98 8.33 160.46 6691.23
homfam sti 613 5 165.383 198 36.4 86.2 85.4 64.7 71.7 279.5106 0:04:39 7965.36 102918.58 7507.54 7716.71 1.99 1.12 123.22 345.95
homfam aat 25100 10 337.807 476 28.6 85.4 85.3 56.1 63.1 6091.1350 1:41:31 8729.30 103166.04 8329.50 8440.90 1.98 36.39 154.09 9385.24
homfam oxidored_q6 3348 5 123.044 285 56.7 90.9 92.3 81.6 83.3 749.2216 0:12:29 8011.77 102058.30 7623.26 7832.43 1.99 3.19 162.59 1220.42
homfam hormone_rec 3509 5 188.562 308 21.5 74.5 75.8 50.5 64.9 1321.7519 0:22:01 7995.25 99097.65 7539.74 7645.39 5.99 4.10 126.81 1686.13
homfam rhv 17976 6 143.424 938 33.1 36.8 52.8 1.7 0.7 10164.9493 2:49:24 7899.68 99350.03 7408.81 7514.31 12.00 0.43 165.64 16836.05
homfam tgfb 1606 8 95.4645 118 43.8 82.3 87.4 32.5 39.2 280.5099 0:04:40 7987.19 99912.18 7558.24 7767.40 1.99 1.55 127.41 358.97
homfam cryst 1160 7 80.8078 192 44.4 91.2 91.0 71.3 73.7 347.9142 0:05:47 8011.32 102918.75 7558.71 7699.48 1.99 1.59 119.51 417.25
homfam cyclo 6288 6 159.069 203 44.1 87.3 88.1 70.4 76.8 1293.4073 0:21:33 7992.64 103245.36 7549.44 7654.59 1.99 7.06 157.52 2044.30
homfam kunitz 2266 10 53.752 64 37.9 96.8 96.8 85.0 84.0 226.3705 0:03:46 7977.77 101959.62 7525.87 7631.50 1.99 2.15 113.43 258.24
homfam Rhodanese 14049 6 102.277 216 22.7 75.8 79.1 55.7 59.8 1115.0163 0:18:35 8024.20 102925.86 7566.17 7671.91 1.98 11.09 162.96 1822.35
homfam sodcu 2038 7 141.322 169 42.2 91.6 91.9 78.9 83.1 432.7297 0:07:12 7928.00 101958.79 7494.14 7599.82 1.99 2.65 115.87 504.33
homfam profilin 687 5 123.371 144 39.7 94.8 94.8 87.5 87.8 268.0949 0:04:28 7976.97 102938.68 7520.81 7730.00 1.99 1.17 133.17 366.36
homfam glob 3983 41 100.684 174 31.7 94.8 94.6 69.4 72.6 403.4041 0:06:43 8040.04 103052.96 7542.23 7647.87 1.99 3.74 137.94 565.30
homfam tim 3904 10 205.645 260 47.5 97.4 97.3 90.0 94.5 1250.6933 0:20:50 7941.74 103056.35 7529.80 7635.56 1.99 5.85 154.34 1937.26
homfam uce 4558 13 134.701 184 34.0 89.9 91.3 64.5 71.8 544.8263 0:09:04 8055.60 99913.84 7550.90 7656.52 1.99 4.50 138.17 760.91
homfam toxin 508 20 62.311 78 43.1 90.7 88.8 62.3 71.5 172.0292 0:02:52 7993.29 102919.01 7537.36 7746.60 1.99 0.85 119.83 206.47
homfam rub 1435 5 46.1575 54 62.1 97.6 97.6 88.9 90.2 197.7109 0:03:17 7985.21 103053.49 7541.29 7682.02 1.99 1.55 104.00 206.66
homfam hom 12037 8 53.4951 98 35.3 96.9 96.4 75.4 91.0 382.0619 0:06:22 8000.36 103724.70 7550.35 7655.81 1.99 6.86 125.45 480.89
homfam biotin_lipoyl 11833 7 71.8928 112 28.9 94.6 93.0 75.3 81.0 437.5409 0:07:17 8003.41 103167.10 7547.26 7652.57 1.99 8.13 120.40 528.81
homfam cys 4316 13 198.11 284 40.5 93.9 93.3 67.5 80.8 1255.2767 0:20:55 7976.56 102955.37 7518.62 7727.21 5.99 5.78 152.12 1917.00
homfam ghf11 521 5 167.758 202 49.5 93.7 93.4 85.9 87.4 366.0883 0:06:06 8025.33 100328.47 7568.46 7674.00 1.99 1.51 138.98 510.28
homfam blmb 17200 6 192.465 344 20.6 69.1 72.8 41.5 52.8 3312.4956 0:55:12 7944.99 102928.07 7487.18 7593.11 5.98 18.55 172.78 5730.95
homfam aadh 3127 8 225.129 542 38.2 85.7 86.5 53.5 60.3 1630.7341 0:27:10 7981.44 103245.16 7528.15 7737.23 1.99 6.14 161.02 2634.25
homfam DEATH 1183 7 80.5689 159 19.6 84.2 84.4 54.8 67.8 264.4673 0:04:24 7981.19 102998.58 7604.92 7814.17 1.99 1.32 115.76 307.59
homfam Sulfotransfer 2489 5 235.798 381 26.2 69.7 70.6 38.2 47.2 1738.3732 0:28:58 8046.31 99913.62 7543.02 7648.64 1.99 4.21 168.54 2939.03
homfam serpin 3144 8 291.462 418 34.3 95.7 95.1 83.4 89.8 1909.2590 0:31:49 8048.77 99913.09 7529.35 7634.58 1.99 4.86 155.45 2975.80
homfam proteasome 5732 17 174.347 309 21.7 84.3 83.1 40.7 60.8 1006.2408 0:16:46 8029.54 102920.94 7532.85 7638.20 1.99 6.13 141.11 1428.92
homfam zf-CCHH 88345 15 23.2513 39 35.5 95.5 94.8 77.1 85.3 751.3854 0:12:31 7975.63 102929.09 7517.61 7623.28 17.95 42.32 118.98 895.34
homfam egf 7774 12 32.0765 71 31.1 76.6 78.4 35.3 39.3 279.0259 0:04:39 8010.49 99944.18 7562.42 7771.68 1.98 4.45 124.86 349.87
homfam annexin 3139 6 65.1902 323 57.2 99.5 99.8 99.1 99.0 537.8119 0:08:57 7949.89 102058.32 7497.48 7706.76 1.99 2.36 153.17 825.28
homfam OTCace 4795 5 157.005 350 37.3 95.8 95.9 87.8 90.5 776.7357 0:12:56 8023.49 102936.39 7527.52 7633.22 1.99 5.33 154.73 1203.33
homfam rnasemam 498 6 120.072 141 42.2 94.4 91.1 73.1 85.9 219.7373 0:03:39 7945.02 101992.16 7487.15 7592.81 1.99 1.26 116.24 256.93
homfam adh 21331 5 123.64 375 63.9 98.4 98.6 96.8 97.1 1632.0564 0:27:12 7954.03 103308.27 7480.34 7585.97 13.98 18.93 156.98 2568.52
homfam il8 1073 11 63.7623 81 34.5 91.4 91.0 67.5 75.3 201.2126 0:03:21 8061.02 102919.02 7555.12 7764.24 1.99 1.35 127.83 258.23
homfam hr 3707 5 65.1513 82 53.3 99.1 99.1 94.9 99.1 317.5461 0:05:17 7999.89 99914.66 7497.79 7603.51 1.99 2.82 118.82 379.06
homfam ChtBD 774 5 38.2713 45 59.3 99.3 99.0 95.3 97.1 157.6865 0:02:37 7996.85 100232.51 7580.53 7686.19 1.99 1.26 105.26 167.50
homfam gluts 10099 14 98.1117 235 39.4 89.6 89.6 64.4 67.9 1750.3325 0:29:10 8003.14 102988.21 7544.85 7650.85 0.00 0.02 164.09 10.66
homfam ghf5 2717 6 260.466 470 17.8 67.2 69.5 38.0 52.5 2202.3532 0:36:42 7954.65 99237.45 7496.71 7602.38 17.99 4.44 146.50 3236.97
homfam ghf13 12607 10 264.452 626 26.8 64.3 63.8 29.0 39.8 5959.4535 1:39:19 7956.04 103124.62 7498.52 7604.14 1.99 16.08 174.98 10429.84
homfam PDZ 14950 6 80.8907 110 30.6 87.7 88.2 73.7 76.6 632.9044 0:10:32 8005.83 103017.19 7555.73 7661.67 1.98 10.71 146.64 935.68
homfam az 1086 29 100.416 215 33.4 75.2 75.4 39.1 44.0 300.3689 0:05:00 7990.52 99913.16 7523.24 7628.88 1.99 1.69 126.14 385.26
homfam hla 13465 5 153.148 178 76.5 100.0 100.0 100.0 100.0 742.6248 0:12:22 8003.64 102993.79 7545.52 7651.29 1.99 18.62 133.32 991.58
homfam slectin 932 5 133.052 142 33.3 94.0 94.3 85.4 89.5 491.1158 0:08:11 7948.26 101958.60 7500.55 7709.61 1.99 1.36 149.98 741.03
homfam GEL 2195 5 78.1157 150 23.7 70.1 73.7 41.1 56.1 314.1709 0:05:14 7984.38 101958.67 7595.25 7804.43 1.99 1.90 121.19 383.14
homfam kringle 1091 9 75.9138 100 43.3 93.3 92.2 76.4 80.9 254.7822 0:04:14 8009.70 102918.70 7553.77 7659.38 1.99 1.56 111.59 285.77
homfam p450 21013 12 331.506 512 20.8 74.1 73.5 36.5 45.0 7509.2415 2:05:09 8998.84 103328.88 8495.17 8651.59 1.98 102.45 159.66 11985.18
homfam gpdh 7691 8 129.082 360 55.1 96.6 96.4 89.1 91.7 1178.1605 0:19:38 7949.48 103120.73 7493.41 7598.78 1.99 8.00 150.08 1776.91
homfam int 7572 5 168.037 219 22.5 90.2 91.4 74.8 82.7 1537.5031 0:25:37 8017.41 103273.98 7561.29 7667.01 1.98 7.96 158.12 2440.45
homfam KAS 2070 6 174.528 404 31.7 78.6 82.2 54.8 63.2 682.4090 0:11:22 7954.20 103116.76 7501.87 7711.12 1.99 5.48 150.36 1027.59
homfam trfl 837 7 242.315 702 61.9 93.9 95.2 87.9 87.4 1406.1051 0:23:26 8010.67 99911.04 7577.67 7683.29 1.99 3.80 158.23 2226.55
homfam TNF 556 5 119.903 176 32.0 81.7 82.6 66.2 72.7 231.0188 0:03:51 7945.76 101994.17 7489.91 7699.07 1.99 1.18 130.15 302.10
homfam scorptoxin 363 8 53.2562 74 46.3 92.0 90.8 78.1 84.0 162.7987 0:02:42 7981.16 101958.46 7524.91 7630.52 1.99 1.05 95.56 157.27
homfam aldosered 13277 7 268.547 386 41.6 86.9 89.6 67.4 75.3 2734.1348 0:45:34 7933.74 103757.39 7475.85 7581.55 6.02 17.86 155.91 4260.98
homfam rrm 27610 20 67.4587 157 22.9 84.5 85.1 20.7 30.6 597.6032 0:09:57 7994.72 103055.14 7536.93 7642.63 5.98 17.84 136.96 824.23
