homfam ricin 747 7 198.708 281 37.5 91.8 91.7 77.3 85.2 827.0293 0:13:47 8403.19 99889.93 7898.52 8020.81 1.99 1.67 126.00 1050.29
homfam ghf10 1502 5 220.34 364 43.3 88.1 94.3 76.5 81.8 1612.7854 0:26:52 8742.25 100609.18 8237.75 8367.53 1.99 2.53 155.40 2514.34
homfam seatoxin 93 5 43.6344 54 42.6 65.5 63.7 12.2 12.0 403.6777 0:06:43 8020.38 98062.19 7590.38 7767.54 1.99 0.93 80.93 328.20
homfam mofe 2567 6 353.074 609 30.0 78.3 82.2 54.0 58.0 2987.6737 0:49:47 9938.30 101453.26 9435.00 9650.87 1.99 4.11 156.18 4676.32
homfam cyt3 385 6 92.3065 130 40.3 75.8 74.6 45.8 52.6 387.9118 0:06:27 8113.39 99893.68 7610.03 7782.48 1.99 1.15 94.04 366.21
homfam ins 793 6 65.2825 74 44.9 95.1 96.9 68.1 92.0 587.7147 0:09:47 8042.64 100610.78 7646.05 7749.29 1.99 1.09 122.55 727.78
homfam Ald_Xan_dh_2 2589 6 109.304 885 31.8 40.4 55.5 19.5 18.9 3930.1954 1:05:30 8138.44 99873.96 7634.26 7802.00 97.99 2.73 166.43 6549.93
homfam tms 2118 5 264.245 357 45.9 96.7 96.6 86.0 92.4 1811.2245 0:30:11 8940.33 101287.19 8435.90 8554.35 1.99 3.28 153.00 2781.03
homfam phc 2957 12 98.4711 179 37.2 75.0 86.0 38.0 42.0 863.9880 0:14:23 8410.91 100218.27 7907.25 8059.76 1.99 2.85 132.78 1152.41
homfam cytb 3206 6 82.1454 100 35.6 88.3 89.0 68.5 75.9 1198.4117 0:19:58 8054.17 99933.19 7556.30 7683.16 153.99 3.04 140.50 1694.52
homfam mmp 1427 6 157.93 180 55.1 93.8 94.9 84.6 90.2 887.6183 0:14:47 8518.11 100316.04 8014.20 8223.16 1.99 1.93 140.57 1254.79
homfam phoslip 946 18 113.33 137 48.9 95.5 95.2 75.0 85.2 514.4195 0:08:34 8175.89 98316.10 7672.45 7854.12 1.99 1.55 94.44 487.26
homfam HLH 6781 5 53.5453 92 28.1 87.6 92.5 65.5 77.1 852.9071 0:14:12 8057.18 100060.20 7767.78 7848.91 1.99 4.05 134.56 1153.88
homfam myb_DNA-binding 10398 5 46.5583 61 40.7 96.8 95.6 83.9 90.0 650.4490 0:10:50 8071.23 98165.41 8011.68 8038.30 0.00 0.02 121.02 4.91
homfam msb 4884 8 106.037 158 26.6 86.4 86.8 61.4 74.2 706.2682 0:11:46 8288.18 98388.59 7783.74 7964.45 1.98 4.56 114.58 810.66
homfam ghf1 4358 8 403.813 562 38.4 92.7 92.7 73.8 82.1 5663.1876 1:34:23 10031.07 101384.51 9682.19 9748.86 0.00 0.02 162.96 35.60
homfam rvp 93681 6 94.2886 132 36.6 84.0 84.0 59.5 67.0 2012.7433 0:33:32 8885.18 98875.55 8381.00 8538.23 1.99 58.67 131.10 2640.48
homfam lyase_1 7632 5 295.082 511 30.9 85.4 85.5 71.4 73.6 3678.8436 1:01:18 9360.05 99440.87 8994.79 9160.85 1.99 10.64 158.14 5818.98
homfam ldh 7367 14 121.378 371 31.9 59.2 65.6 33.0 39.2 1782.1129 0:29:42 8444.41 104443.43 8057.09 8168.24 1.99 7.59 143.16 2554.03
homfam subt 7517 11 301.598 414 39.5 79.8 81.6 32.1 43.5 10884.7388 3:01:24 9289.56 101321.62 8785.71 8961.58 5.98 11.70 175.83 19144.53
homfam sodfe 4455 8 77.4471 219 42.3 75.7 87.5 24.4 25.2 835.9754 0:13:55 8053.11 98212.82 7585.69 7712.93 1.99 5.34 141.62 1185.35
homfam LIM 6428 5 57.0143 86 52.8 97.3 97.3 86.6 94.2 607.7518 0:10:07 8060.54 98116.20 7563.59 7713.28 1.99 4.18 101.13 616.06
homfam blm 9105 8 300.727 274 39.1 26.7 35.0 0.0 0.0 5486.1616 1:31:26 9530.44 101897.37 9293.19 9344.05 73.98 13.15 161.77 8885.98
homfam DMRL_synthase 2099 5 140.59 182 33.2 92.8 89.9 73.4 82.5 739.9677 0:12:19 8707.37 99066.86 8202.94 8333.15 1.99 2.31 111.09 823.72
homfam tRNA-synt_2b 11293 5 177.564 467 18.7 29.2 46.9 0.0 0.0 3030.6975 0:50:30 8811.51 100477.36 8307.39 8436.76 1.99 12.11 167.23 5079.14
homfam Stap_Strp_toxin 640 6 87.3922 254 32.5 46.8 48.2 21.0 23.1 726.0741 0:12:06 8182.80 98269.23 7678.79 7835.68 1.99 1.26 109.33 795.13
homfam Acetyltransf 46285 6 82.9897 229 24.1 53.8 59.1 30.7 42.3 1565.0776 0:26:05 8868.89 98927.99 8364.38 8493.84 29.96 33.93 131.46 2068.55
homfam ghf22 760 12 107.567 131 51.4 96.1 96.1 83.8 86.7 408.8162 0:06:48 8109.07 98207.70 7575.02 7694.04 0.00 0.02 111.54 4.15
homfam sdr 50157 13 163.253 361 23.3 63.0 69.5 10.7 12.9 3897.0193 1:04:57 9593.11 101089.07 9509.73 9540.40 2.12 54.83 153.05 5975.82
homfam ltn 1068 12 204.148 282 49.9 94.0 93.8 71.9 79.6 1189.5274 0:19:49 8478.35 98582.90 7975.10 8104.20 5.99 2.15 141.60 1685.90
homfam hpr 3349 5 83.0427 89 44.4 99.3 99.3 97.7 98.5 538.1841 0:08:58 8162.45 98178.83 7659.45 7824.25 1.99 2.89 112.30 605.77
homfam bowman 499 5 26.1443 73 64.9 94.5 94.5 82.9 84.9 330.3013 0:05:30 8196.87 98238.99 7774.82 7856.05 1.99 1.03 88.94 295.18
homfam hip 167 5 66.2096 88 33.4 83.8 82.8 61.9 69.2 418.2894 0:06:58 8088.46 98174.21 7588.44 7704.24 1.99 0.98 84.42 354.63
homfam HMG_box 4779 5 66.0716 89 24.8 97.3 96.2 85.2 93.9 635.5911 0:10:35 8006.37 98162.74 7612.15 7788.76 1.99 3.48 99.64 634.85
homfam icd 5678 5 328.887 433 41.7 94.5 94.3 84.6 87.8 3622.2965 1:00:22 9735.83 101518.47 9297.98 9467.27 1.99 8.61 158.16 5738.61
homfam peroxidase 4514 5 256.626 383 37.3 67.0 81.9 46.7 51.9 3697.8506 1:01:37 8839.44 100718.40 8690.82 8747.85 1.99 8.34 156.61 5801.48
homfam asp 3262 13 284.142 381 37.5 90.8 90.9 73.0 78.5 2528.8696 0:42:08 9134.59 101178.60 8631.16 8811.09 1.99 5.22 161.69 4093.18
homfam flav 4612 6 138.021 183 35.0 82.3 83.0 58.3 60.4 1159.2605 0:19:19 8321.59 100629.29 7817.07 7946.81 1.99 7.49 135.96 1577.81
homfam cah 1379 5 212.706 279 38.7 89.9 90.8 70.1 80.3 1306.3865 0:21:46 8728.31 99198.11 8223.72 8354.23 41.99 2.13 136.39 1762.44
homfam ace 3989 6 427.824 601 37.3 88.3 89.1 68.2 74.8 7201.0122 2:00:01 10408.87 102196.26 9904.80 10034.30 0.00 0.03 167.02 49.12
homfam sti 613 5 165.383 198 36.4 89.7 88.4 69.0 76.2 516.5827 0:08:36 8538.76 98678.87 8034.57 8164.17 1.99 1.41 100.22 519.22
homfam aat 25100 10 337.807 476 28.6 82.6 82.9 49.7 55.7 8084.1662 2:14:44 10013.06 101899.09 9508.43 9688.45 1.98 36.95 163.83 13245.87
homfam oxidored_q6 3348 5 123.044 285 56.7 97.7 97.7 92.5 94.1 1304.6575 0:21:44 8264.20 99965.32 7898.04 8001.34 1.99 3.20 147.83 1937.97
homfam hormone_rec 3509 5 188.562 308 21.5 72.9 73.3 48.4 61.7 1527.4057 0:25:27 8830.29 100619.26 8326.76 8506.72 1.99 4.07 140.80 2158.15
homfam rhv 17976 6 143.424 938 33.1 65.4 69.2 34.1 41.3 13656.7054 3:47:36 8501.75 100740.52 7996.54 8114.94 25.99 15.82 163.12 22275.82
homfam tgfb 1606 8 95.4645 118 43.8 81.6 84.0 29.9 37.6 558.8311 0:09:18 8127.85 98175.66 7628.28 7782.55 1.99 1.86 97.28 544.96
homfam cryst 1160 7 80.8078 192 44.4 93.5 93.3 75.1 76.9 547.3098 0:09:07 8288.44 98509.66 7784.21 7941.88 1.99 1.32 104.72 574.65
homfam cyclo 6288 6 159.069 203 44.1 88.2 90.2 76.2 78.7 1895.5142 0:31:35 8533.12 100783.76 8030.09 8159.22 1.99 7.99 150.11 2855.06
homfam kunitz 2266 10 53.752 64 37.9 98.2 98.2 91.7 91.1 444.3437 0:07:24 8101.36 98177.98 7601.91 7751.90 1.99 2.32 103.61 461.91
homfam Rhodanese 14049 6 102.277 216 22.7 75.4 78.2 54.2 62.4 2073.3260 0:34:33 8132.33 100109.75 7720.16 7881.51 1.98 11.59 144.04 2997.85
homfam sodcu 2038 7 141.322 169 42.2 90.7 90.9 76.5 80.9 733.4063 0:12:13 8615.97 99773.86 8111.54 8241.06 1.99 2.41 118.15 868.33
homfam profilin 687 5 123.371 144 39.7 95.1 95.1 88.3 89.3 497.9562 0:08:17 8282.89 100129.28 7916.83 8028.37 1.99 1.21 99.80 500.50
homfam glob 3983 41 100.684 174 31.7 97.2 96.8 72.9 75.5 649.7249 0:10:49 8166.16 100079.10 7662.12 7780.62 1.99 3.38 122.47 803.76
homfam tim 3904 10 205.645 260 47.5 97.6 98.0 91.1 94.1 1740.7137 0:29:00 8746.78 99223.80 8243.02 8414.41 0.00 0.02 145.16 11.39
homfam uce 4558 13 134.701 184 34.0 91.2 90.2 59.0 68.0 801.0847 0:13:21 8597.76 99899.49 8094.09 8251.28 1.99 4.54 119.23 961.33
homfam toxin 508 20 62.311 78 43.1 90.8 89.2 54.5 62.0 360.2172 0:06:00 8015.11 97913.27 7522.58 7727.13 1.99 0.94 89.08 322.28
homfam rub 1435 5 46.1575 54 62.1 98.4 98.4 92.6 93.5 421.6095 0:07:01 8061.45 98112.41 7560.42 7737.18 1.99 1.55 84.77 359.11
homfam hom 12037 8 53.4951 98 35.3 96.1 95.8 75.4 91.2 731.7843 0:12:11 8078.16 98170.07 7580.79 7730.60 1.99 6.85 124.47 912.44
homfam biotin_lipoyl 11833 7 71.8928 112 28.9 94.4 94.9 78.8 80.8 731.1556 0:12:11 8073.25 98123.05 7999.12 8025.97 1.99 8.15 132.62 971.09
homfam cys 4316 13 198.11 284 40.5 93.5 93.2 63.8 77.8 1485.3721 0:24:45 8656.60 100628.06 8153.43 8282.87 1.99 6.04 152.99 2273.17
homfam ghf11 521 5 167.758 202 49.5 96.7 96.7 90.6 91.7 640.1337 0:10:40 8327.88 98419.36 7824.59 7942.79 1.99 1.47 115.20 739.06
homfam blmb 17200 6 192.465 344 20.6 67.6 71.1 38.5 49.5 4363.7589 1:12:43 8893.18 100895.66 8388.89 8518.38 0.00 0.02 172.61 26.40
homfam aadh 3127 8 225.129 542 38.2 84.5 84.8 49.9 55.3 1747.9827 0:29:07 8639.37 100660.70 8135.20 8253.50 1.99 4.32 160.97 2819.20
homfam DEATH 1183 7 80.5689 159 19.6 86.3 86.0 58.9 65.3 527.4030 0:08:47 8061.86 98156.61 7561.61 7700.48 1.99 1.35 100.08 529.35
homfam Sulfotransfer 2489 5 235.798 381 26.2 60.0 62.9 27.0 33.2 2131.3453 0:35:31 8848.33 100837.12 8789.12 8815.76 1.99 4.25 159.01 3398.69
homfam serpin 3144 8 291.462 418 34.3 95.2 94.5 82.7 89.4 3028.8011 0:50:28 9528.30 101474.25 9107.78 9249.68 1.99 4.91 161.94 4908.94
homfam proteasome 5732 17 174.347 309 21.7 84.4 83.1 36.6 54.7 1366.4004 0:22:46 8420.82 99906.83 7916.24 8050.81 1.99 5.82 145.75 2001.10
homfam zf-CCHH 88345 15 23.2513 39 35.5 97.1 96.5 88.6 93.0 1653.8500 0:27:33 8177.41 98271.95 7680.22 7829.71 25.95 54.19 115.91 1918.54
homfam egf 7774 12 32.0765 71 31.1 74.1 75.0 23.5 28.2 588.0838 0:09:48 7953.79 97839.78 7570.87 7733.16 1.98 4.52 105.31 620.77
homfam annexin 3139 6 65.1902 323 57.2 100.0 100.0 100.0 100.0 1281.6389 0:21:21 8163.16 98217.44 7659.76 7788.88 1.99 2.39 139.06 1783.64
homfam OTCace 4795 5 157.005 350 37.3 62.2 80.9 9.5 4.1 1235.0863 0:20:35 8525.93 98628.95 8021.50 8174.30 1.99 5.36 147.30 1824.06
homfam rnasemam 498 6 120.072 141 42.2 90.6 87.8 64.2 76.7 407.3944 0:06:47 8189.06 98296.31 7684.66 7833.82 1.99 0.94 102.78 420.10
homfam adh 21331 5 123.64 375 63.9 39.1 53.2 13.9 14.0 2242.8473 0:37:22 8595.76 100883.42 8090.96 8209.20 1.98 18.46 151.31 3401.45
homfam il8 1073 11 63.7623 81 34.5 92.5 91.8 68.8 78.4 381.3354 0:06:21 8043.09 97966.55 7634.58 7786.21 0.00 0.02 105.01 3.99
homfam hr 3707 5 65.1513 82 53.3 99.1 99.1 94.9 99.1 669.2896 0:11:09 8149.80 98195.22 7594.20 7747.82 37.99 3.91 101.73 683.43
homfam ChtBD 774 5 38.2713 45 59.3 99.3 99.0 95.3 97.1 355.9432 0:05:55 8109.56 98543.48 7609.83 7725.46 1.99 1.37 88.09 315.02
homfam gluts 10099 14 98.1117 235 39.4 52.4 57.3 27.9 30.7 2373.7802 0:39:33 8264.35 100659.64 7761.09 7913.05 1.98 13.99 160.31 3807.00
homfam ghf5 2717 6 260.466 470 17.8 66.1 64.9 36.2 50.5 3213.0275 0:53:33 8978.00 101226.34 8473.36 8645.71 1.99 8.36 165.23 5309.03
homfam ghf13 12607 10 264.452 626 26.8 61.9 71.8 32.1 44.2 6565.6011 1:49:25 9402.00 101298.63 8898.65 9062.42 1.99 16.70 171.46 11256.97
homfam PDZ 14950 6 80.8907 110 30.6 83.4 84.6 64.6 66.2 1026.9521 0:17:06 8339.89 99825.40 7836.00 8055.02 5.98 11.21 123.35 1277.12
homfam az 1086 29 100.416 215 33.4 75.2 74.7 40.2 45.0 556.2836 0:09:16 8219.32 98306.38 7715.98 7833.96 1.99 1.38 93.00 518.99
homfam hla 13465 5 153.148 178 76.5 100.0 100.0 100.0 100.0 1161.7045 0:19:21 8786.28 98946.29 8281.65 8399.54 1.99 13.65 129.41 1504.90
homfam slectin 932 5 133.052 142 33.3 94.2 94.1 84.7 89.0 852.7635 0:14:12 8186.74 100182.06 7682.00 7839.82 0.00 0.02 121.80 6.16
homfam GEL 2195 5 78.1157 150 23.7 66.9 67.7 38.4 53.9 630.0363 0:10:30 8096.95 98203.11 7597.39 7724.06 1.99 2.23 121.81 770.72
homfam kringle 1091 9 75.9138 100 43.3 98.0 96.6 86.5 91.2 395.3163 0:06:35 8037.52 98504.73 7625.09 7798.64 1.99 1.52 107.70 427.20
homfam p450 21013 12 331.506 512 20.8 79.9 79.5 43.3 54.1 10743.2389 2:59:03 10355.99 102322.33 9851.72 9969.85 1.97 32.99 162.79 17498.83
homfam gpdh 7691 8 129.082 360 55.1 96.0 95.8 87.2 90.2 1738.3272 0:28:58 8507.77 99753.02 8004.40 8122.36 1.99 7.82 140.76 2450.28
homfam int 7572 5 168.037 219 22.5 86.3 87.4 63.4 68.4 2222.7966 0:37:02 8579.31 100438.50 8074.94 8193.02 1.98 7.98 151.97 3388.52
homfam KAS 2070 6 174.528 404 31.7 59.2 75.2 43.2 44.0 1152.6511 0:19:12 8488.17 98954.55 7984.57 8141.76 1.99 2.79 129.47 1493.79
homfam trfl 837 7 242.315 702 61.9 95.1 95.5 90.6 90.1 2038.9037 0:33:58 9176.91 99381.99 8672.90 8791.12 1.99 1.84 153.87 3138.91
homfam TNF 556 5 119.903 176 32.0 84.0 83.6 63.7 69.1 477.3474 0:07:57 8185.86 98316.42 7682.25 7853.92 1.99 1.25 92.42 442.52
homfam scorptoxin 363 8 53.2562 74 46.3 90.1 89.2 72.6 80.2 347.1466 0:05:47 8125.17 98191.70 7625.10 7740.77 1.99 0.73 77.34 269.97
homfam aldosered 13277 7 268.547 386 41.6 88.9 90.8 72.9 78.4 4899.0159 1:21:39 9166.03 101448.27 8800.30 8910.65 17.98 18.79 164.61 8071.83
homfam rrm 27610 20 67.4587 157 22.9 89.7 88.1 41.4 52.7 1047.1593 0:17:27 8264.05 98310.88 7760.89 7939.93 9.97 28.39 132.35 1388.61
