homfam ricin 747 7 198.708 281 37.5 90.1 90.2 73.3 81.1 338.5200 0:05:38 6817.66 102921.29 6341.70 6561.96 1.99 1.42 143.21 493.72
homfam ghf10 1502 5 220.34 364 43.3 92.4 92.8 78.3 83.6 761.2658 0:12:41 6809.18 101958.79 6714.30 6743.15 1.99 2.53 154.71 1185.22
homfam seatoxin 93 5 43.6344 54 42.6 67.1 65.3 18.4 15.5 142.9523 0:02:22 6356.14 99816.00 6036.74 6177.89 1.99 0.66 130.48 188.02
homfam mofe 2567 6 353.074 609 30.0 83.9 84.7 64.3 72.0 1845.4707 0:30:45 7311.77 103185.32 6835.68 7055.88 1.99 4.25 164.92 3051.99
homfam cyt3 385 6 92.3065 130 40.3 78.1 79.4 59.3 67.8 163.5145 0:02:43 6557.26 102919.54 6192.60 6357.45 1.99 0.89 110.61 182.87
homfam ins 793 6 65.2825 74 44.9 88.5 93.0 63.8 79.9 322.6508 0:05:22 6646.05 102919.71 6330.00 6470.33 1.99 1.11 145.61 476.15
homfam Ald_Xan_dh_2 2589 6 109.304 885 31.8 82.8 82.8 62.6 71.3 1239.4959 0:20:39 6545.84 97779.00 6180.50 6345.85 1.99 2.65 167.93 2089.70
homfam tms 2118 5 264.245 357 45.9 96.8 96.4 86.0 92.6 849.4954 0:14:09 6864.78 103244.88 6388.77 6609.07 1.99 5.18 160.59 1371.51
homfam phc 2957 12 98.4711 179 37.2 94.1 95.4 73.2 79.7 388.7901 0:06:28 6828.15 102935.26 6511.73 6652.09 1.99 2.68 145.40 574.07
homfam cytb 3206 6 82.1454 100 35.6 91.3 91.3 73.9 82.3 505.6601 0:08:25 6595.47 101957.75 6230.09 6394.84 1.99 4.69 163.46 835.57
homfam mmp 1427 6 157.93 180 55.1 94.4 96.3 85.8 91.4 478.3905 0:07:58 6704.53 99014.21 6339.52 6504.28 1.99 1.99 160.25 772.64
homfam phoslip 946 18 113.33 137 48.9 94.6 94.3 70.6 80.1 194.2314 0:03:14 6747.30 96330.86 6381.79 6546.76 1.99 1.29 120.34 234.76
homfam HLH 6781 5 53.5453 92 28.1 89.0 94.0 65.5 77.1 398.8117 0:06:38 6658.44 102938.70 6293.19 6458.09 1.99 5.79 149.77 605.86
homfam myb_DNA-binding 10398 5 46.5583 61 40.7 94.8 93.7 80.4 86.0 257.5295 0:04:17 6750.43 99912.99 6385.43 6550.31 1.98 5.84 128.98 333.58
homfam msb 4884 8 106.037 158 26.6 86.4 89.8 63.4 73.4 308.2286 0:05:08 6690.71 99909.02 6214.56 6434.79 1.98 4.44 147.00 461.38
homfam ghf1 4358 8 403.813 562 38.4 91.2 91.5 70.4 78.0 2017.1537 0:33:37 7636.89 103209.92 7160.77 7303.52 1.99 8.32 163.69 3300.08
homfam rvp 93681 6 94.2886 132 36.6 79.0 79.1 52.3 58.9 659.8120 0:10:59 7816.54 103176.45 7499.32 7640.15 1.99 58.48 146.14 965.12
homfam lyase_1 7632 5 295.082 511 30.9 76.8 76.6 55.9 59.9 1029.1112 0:17:09 7144.77 103198.23 6822.99 6963.73 1.99 10.32 148.39 1531.11
homfam ldh 7367 14 121.378 371 31.9 89.4 88.8 59.5 71.1 696.5696 0:11:36 6927.00 99912.94 6561.68 6645.17 1.99 7.60 151.44 1062.94
homfam subt 7517 11 301.598 414 39.5 78.0 79.8 34.7 46.6 5739.7537 1:35:39 7374.76 103274.65 7008.12 7104.39 5.98 12.38 181.86 10437.83
homfam sodfe 4455 8 77.4471 219 42.3 90.1 89.2 60.8 65.1 344.1845 0:05:44 6615.47 99912.18 6250.13 6414.98 1.99 3.45 143.74 496.17
homfam LIM 6428 5 57.0143 86 52.8 97.9 97.9 87.8 95.8 174.9210 0:02:54 6565.60 99399.89 6200.03 6364.91 1.99 3.80 132.20 232.66
homfam blm 9105 8 300.727 274 39.1 25.5 67.8 0.0 0.0 2672.4137 0:44:32 7451.91 103100.63 7086.87 7251.82 1.98 12.95 174.33 4664.64
homfam DMRL_synthase 2099 5 140.59 182 33.2 92.2 89.7 74.0 82.6 248.0104 0:04:08 6767.71 99911.15 6402.52 6567.38 1.99 2.27 133.23 331.86
homfam tRNA-synt_2b 11293 5 177.564 467 18.7 52.1 52.2 28.2 39.1 1695.2911 0:28:15 7113.70 103185.84 6637.76 6758.18 1.99 11.63 181.19 3074.29
homfam Stap_Strp_toxin 640 6 87.3922 254 32.5 81.3 81.0 48.1 55.0 258.6336 0:04:18 6645.75 102920.62 6399.22 6445.26 1.99 0.96 131.53 341.72
homfam Acetyltransf 46285 6 82.9897 229 24.1 56.8 65.0 33.3 42.5 2631.5758 0:43:51 7297.41 98627.58 7192.64 7221.50 0.00 0.49 178.75 4704.85
homfam ghf22 760 12 107.567 131 51.4 93.6 93.8 80.0 83.7 182.0479 0:03:02 6537.67 96206.12 6326.59 6362.33 1.99 1.14 128.09 234.23
homfam sdr 50157 13 163.253 361 23.3 66.1 72.5 15.5 20.4 1864.7778 0:31:04 7794.73 103573.29 7318.48 7461.42 1.96 55.59 165.73 3084.83
homfam ltn 1068 12 204.148 282 49.9 92.6 93.1 68.4 77.3 452.9435 0:07:32 6701.80 97878.32 6622.86 6651.70 1.99 1.88 152.55 698.47
homfam hpr 3349 5 83.0427 89 44.4 99.3 99.3 97.7 98.5 222.1011 0:03:42 6534.38 99909.71 6168.92 6333.79 1.99 2.61 121.62 271.59
homfam bowman 499 5 26.1443 73 64.9 94.5 94.5 82.9 84.9 104.6743 0:01:44 6347.50 95938.46 6031.50 6171.72 1.99 0.74 89.00 94.63
homfam hip 167 5 66.2096 88 33.4 86.4 85.4 66.7 75.2 152.5695 0:02:32 6414.83 96065.81 6346.71 6375.50 1.99 0.70 122.10 187.82
homfam HMG_box 4779 5 66.0716 89 24.8 97.3 96.2 85.2 93.9 183.0619 0:03:03 6593.91 102937.70 6400.89 6429.67 1.99 3.24 127.73 235.29
homfam icd 5678 5 328.887 433 41.7 94.3 94.4 84.8 88.0 1492.4964 0:24:52 7234.54 103245.16 6759.32 6898.39 1.99 8.62 162.38 2429.23
homfam peroxidase 4514 5 256.626 383 37.3 83.0 83.8 53.9 59.2 2127.8153 0:35:27 7077.49 102924.49 6601.64 6821.83 1.99 6.09 180.45 3847.89
homfam asp 3262 13 284.142 381 37.5 92.5 92.6 75.1 82.0 1176.7760 0:19:36 7124.38 103249.74 7058.69 7087.50 1.99 7.11 164.85 1947.01
homfam flav 4612 6 138.021 183 35.0 83.0 83.8 57.1 59.5 669.6062 0:11:09 6703.01 103014.94 6337.46 6502.44 1.99 4.25 159.61 1076.68
homfam cah 1379 5 212.706 279 38.7 86.8 87.5 64.9 72.6 465.4279 0:07:45 6745.59 103244.74 6675.73 6704.53 1.99 2.19 139.44 650.36
homfam ace 3989 6 427.824 601 37.3 82.0 83.9 61.4 69.1 2739.1458 0:45:39 7336.65 103290.16 7212.60 7241.47 1.98 8.14 166.36 4562.24
homfam sti 613 5 165.383 198 36.4 88.4 87.8 69.6 76.8 222.3677 0:03:42 6754.47 96274.96 6392.65 6554.73 1.99 1.11 123.42 276.00
homfam aat 25100 10 337.807 476 28.6 76.6 80.4 45.5 49.6 2966.2248 0:49:26 8110.68 103310.29 7744.58 7910.71 1.98 36.32 165.36 4907.09
homfam oxidored_q6 3348 5 123.044 285 56.7 89.3 91.2 81.2 82.9 575.6574 0:09:35 6659.38 102990.92 6293.83 6458.77 1.99 3.21 144.09 836.11
homfam hormone_rec 3509 5 188.562 308 21.5 71.7 73.6 47.0 59.9 710.7210 0:11:50 6963.89 101959.21 6598.20 6763.24 1.99 3.86 157.27 1119.25
homfam rhv 17976 6 143.424 938 33.1 46.2 56.6 0.0 0.0 5478.8646 1:31:18 6963.51 102924.03 6594.48 6759.97 1.99 15.16 170.40 9344.38
homfam tgfb 1606 8 95.4645 118 43.8 82.2 85.9 32.5 39.2 179.1448 0:02:59 6585.88 102922.28 6220.43 6385.76 1.99 1.55 129.68 233.78
homfam cryst 1160 7 80.8078 192 44.4 92.2 91.9 73.5 76.1 200.1069 0:03:20 6550.21 102918.68 6336.61 6365.27 1.99 1.72 141.14 283.83
homfam cyclo 6288 6 159.069 203 44.1 87.8 89.7 71.4 77.7 949.7496 0:15:49 6877.18 103130.44 6511.93 6678.41 1.99 7.66 159.14 1518.28
homfam kunitz 2266 10 53.752 64 37.9 98.6 98.6 93.3 92.9 136.6987 0:02:16 6435.80 102920.56 5960.70 6180.78 1.99 1.83 96.00 132.73
homfam Rhodanese 14049 6 102.277 216 22.7 75.3 82.8 53.1 58.4 977.2324 0:16:17 6732.00 99914.18 6366.64 6531.55 1.98 11.56 163.95 1607.59
homfam sodcu 2038 7 141.322 169 42.2 88.2 88.6 70.5 74.8 260.8705 0:04:20 6790.72 101962.45 6405.37 6535.55 1.99 2.41 126.00 336.32
homfam profilin 687 5 123.371 144 39.7 92.7 92.7 82.8 84.2 212.0404 0:03:32 6709.70 99909.52 6362.14 6509.50 1.99 1.14 133.98 290.72
homfam glob 3983 41 100.684 174 31.7 95.3 95.1 62.4 69.7 285.2098 0:04:45 6748.79 99910.87 6383.41 6548.28 1.99 3.34 135.43 394.45
homfam tim 3904 10 205.645 260 47.5 98.0 97.9 93.1 96.2 686.3420 0:11:26 6833.95 103280.38 6357.82 6578.11 1.99 5.01 155.47 1075.12
homfam uce 4558 13 134.701 184 34.0 90.2 92.1 58.4 65.9 425.0188 0:07:05 6757.66 99911.10 6391.94 6556.98 1.99 4.32 143.30 616.68
homfam toxin 508 20 62.311 78 43.1 85.9 85.1 50.6 58.2 133.8705 0:02:13 6478.29 99909.41 6112.73 6278.06 1.99 0.84 98.55 133.40
homfam rub 1435 5 46.1575 54 62.1 98.4 98.4 92.6 93.5 128.7113 0:02:08 6558.09 102937.77 6192.87 6357.58 1.99 1.26 102.88 133.91
homfam hom 12037 8 53.4951 98 35.3 95.0 94.9 71.0 86.9 232.4386 0:03:52 6549.65 99910.54 6183.94 6348.94 1.99 6.59 143.59 335.66
homfam biotin_lipoyl 11833 7 71.8928 112 28.9 93.9 94.1 76.5 81.4 228.1240 0:03:48 6668.24 102058.65 6302.71 6390.32 1.99 8.11 122.80 280.97
homfam cys 4316 13 198.11 284 40.5 93.8 93.4 69.4 80.1 925.1382 0:15:25 6907.98 103220.59 6542.56 6707.55 1.99 6.04 152.61 1414.42
homfam ghf11 521 5 167.758 202 49.5 93.6 93.4 82.8 84.6 248.2395 0:04:08 6767.94 96343.82 6402.79 6567.72 1.99 1.16 135.07 336.85
homfam blmb 17200 6 192.465 344 20.6 66.9 72.3 41.1 52.7 3050.4979 0:50:50 7394.84 103219.84 6918.35 7038.93 1.98 18.82 185.88 5675.88
homfam aadh 3127 8 225.129 542 38.2 85.7 88.5 50.3 56.1 1065.4379 0:17:45 6832.12 103182.99 6764.40 6787.49 1.99 4.34 161.94 1733.84
homfam DEATH 1183 7 80.5689 159 19.6 76.9 77.6 44.4 60.3 180.3334 0:03:00 6560.96 99913.13 6195.32 6360.31 1.99 1.34 129.55 235.09
homfam Sulfotransfer 2489 5 235.798 381 26.2 70.0 71.6 43.2 51.7 1267.7440 0:21:07 6919.00 103246.39 6724.88 6753.67 1.99 3.75 164.04 2088.86
homfam serpin 3144 8 291.462 418 34.3 95.2 94.7 81.7 88.8 1153.5116 0:19:13 7324.48 103191.41 6958.95 7046.62 1.99 4.93 161.92 1874.78
homfam proteasome 5732 17 174.347 309 21.7 83.0 81.7 35.9 53.0 538.1274 0:08:58 6814.04 103117.51 6448.46 6547.75 1.99 6.18 144.98 788.26
homfam zf-CCHH 88345 15 23.2513 39 35.5 97.1 96.5 88.6 93.0 331.9472 0:05:31 7006.39 102962.23 6531.08 6673.87 1.94 41.72 129.66 431.84
homfam egf 7774 12 32.0765 71 31.1 79.5 80.0 33.8 36.8 187.8844 0:03:07 6500.29 103192.50 6135.68 6300.34 1.98 4.44 122.01 230.66
homfam annexin 3139 6 65.1902 323 57.2 99.6 99.8 99.4 99.4 455.1919 0:07:35 6673.42 101963.43 6576.43 6605.24 1.99 2.40 153.89 701.84
homfam OTCace 4795 5 157.005 350 37.3 96.2 96.4 88.1 91.0 481.7850 0:08:01 6817.50 103258.90 6452.30 6617.17 1.99 5.09 152.72 739.32
homfam rnasemam 498 6 120.072 141 42.2 94.4 91.5 72.4 83.4 173.1626 0:02:53 6599.66 96172.16 6469.80 6498.55 1.99 1.00 136.00 236.95
homfam adh 21331 5 123.64 375 63.9 96.2 96.7 92.3 92.6 1244.5276 0:20:44 6889.87 103287.23 6413.74 6556.62 1.98 19.04 168.98 2103.91
homfam il8 1073 11 63.7623 81 34.5 90.2 89.8 66.2 75.3 145.0678 0:02:25 6537.79 99913.15 6172.77 6337.66 1.99 1.13 126.94 185.62
homfam hr 3707 5 65.1513 82 53.3 99.1 99.1 94.9 99.1 206.1395 0:03:26 6511.45 97462.68 6146.07 6311.36 1.99 3.64 140.88 298.86
homfam ChtBD 774 5 38.2713 45 59.3 98.3 98.1 93.0 94.7 121.4564 0:02:01 6469.73 101992.25 6104.45 6269.34 1.99 0.98 109.07 133.97
homfam gluts 10099 14 98.1117 235 39.4 89.5 89.7 62.7 66.0 1266.7677 0:21:06 6802.64 98284.01 6438.57 6604.61 29.98 8.43 165.11 2099.47
homfam ghf5 2717 6 260.466 470 17.8 67.9 67.9 36.2 51.2 1445.6533 0:24:05 6950.76 103252.85 6749.57 6778.33 1.99 4.11 164.50 2383.20
homfam ghf13 12607 10 264.452 626 26.8 61.9 64.1 27.8 36.7 5157.7173 1:25:57 7412.17 103248.12 7034.37 7153.32 1.99 16.61 184.07 9495.42
homfam PDZ 14950 6 80.8907 110 30.6 88.2 88.5 73.7 76.6 529.5636 0:08:49 6785.47 102926.26 6420.13 6584.93 1.98 10.88 145.27 773.43
homfam az 1086 29 100.416 215 33.4 73.6 75.2 37.0 35.8 219.7361 0:03:39 6646.90 102922.28 6281.70 6446.60 1.99 1.38 130.10 293.77
homfam hla 13465 5 153.148 178 76.5 99.3 99.7 98.9 98.9 433.3083 0:07:13 7260.98 102922.60 6784.75 7005.01 1.99 13.38 139.09 604.16
homfam slectin 932 5 133.052 142 33.3 95.1 95.0 87.6 91.3 320.6478 0:05:20 6673.79 102929.48 6597.27 6626.06 1.99 1.37 138.97 454.95
homfam GEL 2195 5 78.1157 150 23.7 71.4 72.7 41.1 57.0 214.3993 0:03:34 6623.20 102920.76 6420.81 6449.27 1.99 1.91 133.51 294.24
homfam kringle 1091 9 75.9138 100 43.3 92.5 91.5 70.8 76.3 156.2850 0:02:36 6605.29 97894.59 6239.73 6404.74 1.99 1.25 117.54 185.19
homfam p450 21013 12 331.506 512 20.8 51.9 73.4 7.6 5.9 4116.1532 1:08:36 8319.24 103305.54 7954.13 8120.05 1.98 32.52 170.83 7028.06
homfam gpdh 7691 8 129.082 360 55.1 96.4 96.3 89.1 91.7 638.6778 0:10:38 6899.99 103119.71 6534.84 6699.79 1.99 7.66 150.27 968.02
homfam int 7572 5 168.037 219 22.5 80.5 82.2 55.4 61.5 1141.2243 0:19:01 6969.07 103220.01 6619.66 6713.40 1.98 7.98 177.93 2030.89
homfam KAS 2070 6 174.528 404 31.7 86.7 86.4 69.0 75.1 514.3726 0:08:34 6825.11 100935.89 6459.93 6624.79 1.99 2.68 150.37 774.92
homfam trfl 837 7 242.315 702 61.9 91.8 93.3 84.5 83.8 981.5413 0:16:21 7084.82 99689.32 7002.54 7031.28 1.99 1.58 155.97 1537.00
homfam TNF 556 5 119.903 176 32.0 79.2 80.0 61.8 67.7 191.7397 0:03:11 6647.06 102921.45 6329.71 6470.81 1.99 1.02 121.81 235.04
homfam scorptoxin 363 8 53.2562 74 46.3 92.0 90.8 78.1 84.0 123.3759 0:02:03 6439.85 99909.36 6074.27 6239.53 1.99 0.76 107.62 134.25
homfam aldosered 13277 7 268.547 386 41.6 84.1 88.0 65.2 72.8 2170.1968 0:36:10 7325.04 103077.01 6948.86 7060.57 1.98 18.19 167.36 3626.85
homfam rrm 27610 20 67.4587 157 22.9 80.1 80.8 15.3 22.6 321.2018 0:05:21 6816.33 96323.10 6339.66 6482.88 1.98 18.23 136.55 440.86
