homfam ricin 747 7 198.708 281 37.5 91.3 91.6 76.9 84.3 529.9398 0:08:49 7997.70 102922.60 7609.46 7818.59 1.99 1.36 139.46 740.47
homfam ghf10 1502 5 220.34 364 43.3 91.7 91.9 77.7 83.8 1032.7297 0:17:12 8031.51 103122.57 7559.96 7769.13 1.99 2.60 150.98 1566.39
homfam seatoxin 93 5 43.6344 54 42.6 72.2 70.6 26.5 25.0 168.5414 0:02:48 7995.67 102923.26 7519.82 7728.97 1.99 0.62 97.86 166.53
homfam mofe 2567 6 353.074 609 30.0 85.6 86.3 67.0 75.3 3006.2992 0:50:06 7852.96 103083.38 7399.20 7607.82 1.99 4.24 162.79 4903.73
homfam cyt3 385 6 92.3065 130 40.3 82.2 81.5 61.0 69.3 200.0569 0:03:20 7973.56 102921.06 7589.86 7799.03 1.99 1.04 127.08 255.73
homfam ins 793 6 65.2825 74 44.9 85.9 87.8 55.1 77.8 362.4255 0:06:02 8018.59 102921.90 7560.38 7769.68 1.99 3.06 127.73 472.15
homfam Ald_Xan_dh_2 2589 6 109.304 885 31.8 83.1 83.1 62.9 71.7 1688.2517 0:28:08 7986.26 103051.75 7598.16 7807.46 1.99 4.50 162.49 2750.25
homfam tms 2118 5 264.245 357 45.9 96.6 96.5 86.7 93.5 1243.8734 0:20:43 8013.32 103298.55 7553.30 7658.91 1.99 3.52 158.43 1976.66
homfam phc 2957 12 98.4711 179 37.2 91.0 92.5 70.9 77.9 521.4370 0:08:41 7992.75 101993.04 7542.65 7683.41 1.99 3.00 135.25 714.23
homfam cytb 3206 6 82.1454 100 35.6 85.8 85.5 64.1 71.0 750.2377 0:12:30 7947.85 99911.77 7492.02 7597.67 1.99 3.02 150.68 1139.15
homfam mmp 1427 6 157.93 180 55.1 95.9 96.4 85.8 91.4 725.9296 0:12:05 7996.55 99912.91 7544.42 7753.61 1.99 1.96 156.63 1143.98
homfam phoslip 946 18 113.33 137 48.9 95.5 95.3 76.5 86.1 266.5501 0:04:26 8006.45 102921.74 7572.44 7678.08 1.99 1.63 134.79 367.77
homfam HLH 6781 5 53.5453 92 28.1 88.9 93.5 65.5 77.1 526.5454 0:08:46 8049.92 102920.05 7545.93 7651.54 1.99 6.15 154.52 821.47
homfam myb_DNA-binding 10398 5 46.5583 61 40.7 95.2 94.1 80.4 86.0 379.6816 0:06:19 8031.89 103259.66 7537.83 7747.10 1.98 6.12 128.73 490.34
homfam msb 4884 8 106.037 158 26.6 88.4 90.3 65.5 78.9 376.1315 0:06:16 7981.06 103082.92 7916.47 7945.61 1.98 4.68 132.35 505.81
homfam ghf1 4358 8 403.813 562 38.4 92.4 92.4 73.6 81.8 3434.8581 0:57:14 8063.96 103238.69 7559.30 7699.31 1.99 7.83 157.44 5412.14
homfam rvp 93681 6 94.2886 132 36.6 81.3 80.7 53.2 59.9 1320.9658 0:22:00 8301.64 103142.67 7798.17 8013.50 1.99 59.25 127.41 1687.59
homfam lyase_1 7632 5 295.082 511 30.9 84.1 84.0 66.8 71.6 2225.9314 0:37:05 8005.21 103037.88 7548.10 7654.02 1.99 9.85 153.55 3418.82
homfam ldh 7367 14 121.378 371 31.9 89.7 89.4 62.2 74.0 836.8910 0:13:56 7994.74 97958.57 7546.88 7652.18 1.99 7.55 151.34 1268.62
homfam subt 7517 11 301.598 414 39.5 78.8 81.4 35.2 47.3 7546.2881 2:05:46 7989.91 103055.33 7536.07 7641.82 1.98 12.23 174.82 13202.38
homfam sodfe 4455 8 77.4471 219 42.3 91.5 90.5 65.6 70.4 500.0928 0:08:20 8035.27 99909.58 7530.56 7739.62 1.99 3.30 142.09 712.13
homfam LIM 6428 5 57.0143 86 52.8 97.3 97.3 86.6 94.2 291.9690 0:04:51 8015.41 99912.91 7558.34 7767.64 1.99 3.91 135.52 397.17
homfam blm 9105 8 300.727 274 39.1 91.8 94.0 77.9 80.7 3885.2271 1:04:45 7925.64 99726.04 7451.08 7556.46 16.00 0.45 162.95 6332.08
homfam DMRL_synthase 2099 5 140.59 182 33.2 92.6 89.9 75.1 84.0 392.6579 0:06:32 7980.39 102918.12 7528.42 7634.18 1.99 2.64 124.34 489.66
homfam tRNA-synt_2b 11293 5 177.564 467 18.7 54.3 52.6 27.0 37.3 2214.2612 0:36:54 7986.07 103255.32 7501.97 7607.44 5.99 12.14 168.03 3727.75
homfam Stap_Strp_toxin 640 6 87.3922 254 32.5 84.7 84.3 52.7 58.5 433.0282 0:07:13 7946.60 97771.33 7870.75 7899.89 1.99 0.99 144.90 628.84
homfam Acetyltransf 46285 6 82.9897 229 24.1 64.3 62.0 33.3 43.9 3349.7632 0:55:49 7978.66 103187.36 7520.75 7626.47 9.96 33.60 177.77 5957.59
homfam ghf22 760 12 107.567 131 51.4 93.8 94.0 81.5 85.2 233.7169 0:03:53 8015.64 101959.17 7511.21 7720.48 1.99 1.13 131.12 307.44
homfam sdr 50157 13 163.253 361 23.3 68.5 71.9 24.3 31.2 2533.1876 0:42:13 8387.39 103007.30 7883.71 8013.46 1.97 54.91 148.67 3762.39
homfam ltn 1068 12 204.148 282 49.9 93.4 93.7 70.0 79.2 683.4455 0:11:23 8001.77 103098.88 7513.45 7619.12 1.99 2.91 141.76 970.16
homfam hpr 3349 5 83.0427 89 44.4 99.3 99.3 97.7 98.5 297.3374 0:04:57 8026.37 102921.07 7530.54 7671.29 1.99 2.93 134.32 408.16
homfam bowman 499 5 26.1443 73 64.9 94.5 94.5 82.9 84.9 161.9280 0:02:41 7977.50 99815.86 7541.85 7647.38 2.00 1.04 100.33 164.05
homfam hip 167 5 66.2096 88 33.4 85.8 85.0 60.7 72.4 183.6824 0:03:03 8042.71 101991.91 7608.30 7817.55 1.99 0.68 116.30 215.20
homfam HMG_box 4779 5 66.0716 89 24.8 97.3 96.2 85.2 93.9 282.3145 0:04:42 8023.61 99909.47 7525.92 7735.21 1.99 3.22 126.19 357.21
homfam icd 5678 5 328.887 433 41.7 93.7 93.9 83.2 86.2 2814.4872 0:46:54 8062.52 103248.52 7563.07 7680.07 1.99 8.30 157.67 4444.27
homfam peroxidase 4514 5 256.626 383 37.3 84.8 84.9 57.6 62.5 2784.8250 0:46:24 8000.18 102989.57 7547.75 7653.42 1.99 6.64 168.82 4710.45
homfam asp 3262 13 284.142 381 37.5 91.8 92.1 75.7 81.9 2235.3863 0:37:15 7978.53 103009.00 7534.44 7674.76 1.99 5.76 155.13 3468.26
homfam flav 4612 6 138.021 183 35.0 83.4 84.0 52.0 59.1 732.6699 0:12:12 8006.81 98846.04 7532.26 7741.04 1.99 6.11 143.16 1054.90
homfam cah 1379 5 212.706 279 38.7 88.9 89.0 69.0 76.8 634.6685 0:10:34 7964.61 103122.54 7589.49 7798.67 1.99 2.44 150.82 965.31
homfam ace 3989 6 427.824 601 37.3 87.7 89.0 69.4 76.7 5035.1135 1:23:55 8136.50 103056.49 7632.82 7762.37 1.98 17.23 164.72 8295.38
homfam sti 613 5 165.383 198 36.4 89.2 88.7 70.7 77.1 289.2054 0:04:49 7979.45 102921.38 7543.47 7684.26 1.99 1.43 121.54 353.06
homfam aat 25100 10 337.807 476 28.6 84.3 85.0 51.7 58.0 6123.9057 1:42:03 8730.65 103199.37 8226.80 8356.44 1.98 36.75 152.94 9372.03
homfam oxidored_q6 3348 5 123.044 285 56.7 92.2 93.5 83.8 85.6 699.4308 0:11:39 7989.41 103115.64 7496.24 7601.86 1.99 3.59 151.17 1063.91
homfam hormone_rec 3509 5 188.562 308 21.5 76.4 77.5 48.8 61.7 1250.4819 0:20:50 7964.85 98976.79 7509.65 7615.14 13.99 4.16 129.35 1623.33
homfam rhv 17976 6 143.424 938 33.1 42.0 52.4 0.1 0.0 8185.3811 2:16:25 8008.98 102924.68 7617.46 7772.39 5.99 15.39 163.98 13425.77
homfam tgfb 1606 8 95.4645 118 43.8 81.6 87.1 33.3 39.9 272.2377 0:04:32 8005.48 102922.79 7557.49 7766.70 1.99 1.54 130.57 356.49
homfam cryst 1160 7 80.8078 192 44.4 92.7 92.5 72.4 75.3 296.2041 0:04:56 7982.65 101957.29 7524.51 7733.84 1.99 1.25 138.30 410.64
homfam cyclo 6288 6 159.069 203 44.1 87.1 89.3 72.0 76.6 1270.0865 0:21:10 8008.86 103180.86 7532.10 7637.42 1.99 7.51 158.35 2018.06
homfam kunitz 2266 10 53.752 64 37.9 98.2 98.2 91.7 91.1 216.5795 0:03:36 8010.43 102058.03 7552.15 7761.48 1.99 1.87 120.16 261.70
homfam Rhodanese 14049 6 102.277 216 22.7 70.0 78.2 43.2 49.1 1126.9403 0:18:46 8024.67 99910.09 7574.24 7679.98 1.98 11.48 162.96 1836.69
homfam sodcu 2038 7 141.322 169 42.2 90.5 90.8 77.7 81.7 393.4400 0:06:33 8026.62 98310.61 7570.39 7779.56 1.99 2.36 139.35 556.52
homfam profilin 687 5 123.371 144 39.7 92.9 92.9 83.6 85.1 268.2345 0:04:28 7990.91 98084.16 7532.73 7742.00 1.99 1.18 133.66 368.08
homfam glob 3983 41 100.684 174 31.7 95.9 95.6 70.6 74.0 457.9478 0:07:37 7949.16 99335.55 7492.36 7701.62 1.99 3.36 122.10 568.72
homfam tim 3904 10 205.645 260 47.5 97.4 97.5 91.1 95.2 1091.0512 0:18:11 7987.21 103248.12 7576.04 7784.84 1.99 5.06 147.21 1612.15
homfam uce 4558 13 134.701 184 34.0 90.4 90.0 57.2 65.7 607.0347 0:10:07 7947.03 99913.62 7496.86 7706.13 1.99 7.66 156.87 951.29
homfam toxin 508 20 62.311 78 43.1 92.5 90.7 61.0 69.8 175.8585 0:02:55 8024.61 102924.52 7572.46 7713.21 1.99 1.14 118.70 210.24
homfam rub 1435 5 46.1575 54 62.1 98.4 98.4 92.6 93.5 196.4533 0:03:16 8065.56 99910.88 7567.41 7776.69 1.99 1.29 106.17 209.67
homfam hom 12037 8 53.4951 98 35.3 96.9 96.4 75.4 91.0 420.2372 0:07:00 7988.88 98365.84 7533.27 7741.78 1.99 6.82 119.79 511.24
homfam biotin_lipoyl 11833 7 71.8928 112 28.9 93.1 93.5 76.5 81.6 425.2195 0:07:05 8016.82 99911.33 7556.91 7691.24 5.99 8.18 132.84 566.39
homfam cys 4316 13 198.11 284 40.5 94.9 94.2 67.9 80.8 1091.3144 0:18:11 7947.68 102990.09 7498.09 7603.52 1.99 6.34 154.57 1690.57
homfam ghf11 521 5 167.758 202 49.5 93.6 93.4 85.4 87.4 398.4971 0:06:38 7995.55 102931.41 7542.12 7647.78 1.99 1.46 140.81 562.71
homfam blmb 17200 6 192.465 344 20.6 70.8 75.1 46.2 58.5 4187.7445 1:09:47 8092.78 99853.12 7590.23 7722.36 4.00 0.46 175.92 7367.90
homfam aadh 3127 8 225.129 542 38.2 85.5 88.7 50.8 56.6 1829.4187 0:30:29 7967.81 103307.78 7496.12 7601.78 1.99 4.55 159.40 2923.81
homfam DEATH 1183 7 80.5689 159 19.6 83.0 83.3 53.2 66.0 260.4615 0:04:20 8020.64 102938.45 7561.24 7666.74 1.99 1.94 138.82 363.08
homfam Sulfotransfer 2489 5 235.798 381 26.2 73.1 73.8 42.9 51.7 1777.6106 0:29:37 8022.52 103030.88 7524.77 7734.06 1.99 4.04 161.71 2882.53
homfam serpin 3144 8 291.462 418 34.3 94.9 94.3 80.9 87.8 2234.5020 0:37:14 8039.67 99426.68 7573.39 7768.08 501.99 4.62 153.44 3440.49
homfam proteasome 5732 17 174.347 309 21.7 84.3 81.7 40.7 60.8 893.7729 0:14:53 7950.01 103054.92 7497.74 7603.05 5.99 6.24 142.12 1277.52
homfam zf-CCHH 88345 15 23.2513 39 35.5 95.1 94.6 77.1 85.3 807.1335 0:13:27 8060.22 97992.95 7603.20 7708.63 8.00 0.44 117.05 946.45
homfam egf 7774 12 32.0765 71 31.1 77.8 80.7 33.8 36.8 250.6616 0:04:10 8025.67 99909.70 7565.87 7671.51 1.98 4.90 119.63 301.34
homfam annexin 3139 6 65.1902 323 57.2 99.5 99.8 99.1 99.0 623.6194 0:10:23 8017.11 99910.30 7525.89 7631.52 1.99 2.68 138.81 866.94
homfam OTCace 4795 5 157.005 350 37.3 96.5 96.5 89.0 91.7 754.5446 0:12:34 7986.91 102940.32 7560.86 7666.50 1.99 7.11 150.50 1137.90
homfam rnasemam 498 6 120.072 141 42.2 94.2 90.9 73.1 84.0 217.1217 0:03:37 8074.15 103032.04 7570.90 7676.51 1.99 3.19 119.92 261.93
homfam adh 21331 5 123.64 375 63.9 98.4 98.7 95.7 96.1 1790.0000 0:29:49 7914.84 99493.28 7448.12 7553.41 0.00 0.46 157.05 2813.17
homfam il8 1073 11 63.7623 81 34.5 94.2 93.3 71.4 81.5 243.6949 0:04:03 7978.47 99912.98 7589.11 7694.62 1.99 1.42 108.57 266.10
homfam hr 3707 5 65.1513 82 53.3 99.1 99.1 94.9 99.1 309.2032 0:05:09 8027.92 103116.34 7574.72 7680.43 1.99 2.86 130.94 408.83
homfam ChtBD 774 5 38.2713 45 59.3 99.3 99.0 95.3 97.1 167.7349 0:02:47 7990.92 102001.08 7532.71 7638.33 1.99 1.23 93.75 158.82
homfam gluts 10099 14 98.1117 235 39.4 88.8 88.9 63.9 67.4 1717.4858 0:28:37 8033.57 103126.80 7645.47 7751.20 1.98 7.94 168.35 2899.24
homfam ghf5 2717 6 260.466 470 17.8 68.6 69.8 39.3 55.4 1983.2528 0:33:03 7908.48 99236.68 7450.59 7556.24 4.00 0.02 147.88 9.83
homfam ghf13 12607 10 264.452 626 26.8 62.5 63.8 26.7 36.2 5515.8683 1:31:55 7853.19 103202.55 7350.07 7486.29 29.99 16.44 178.13 9830.93
homfam PDZ 14950 6 80.8907 110 30.6 87.5 87.1 69.7 72.0 733.2350 0:12:13 8019.45 102934.49 7569.28 7675.04 1.98 10.73 154.33 1141.55
homfam az 1086 29 100.416 215 33.4 77.4 77.2 40.8 44.2 292.7695 0:04:52 8001.45 102938.30 7522.81 7732.01 1.99 1.36 127.40 376.18
homfam hla 13465 5 153.148 178 76.5 100.0 100.0 100.0 100.0 709.3615 0:11:49 8026.95 99914.71 7569.04 7674.77 1.99 13.46 122.80 872.60
homfam slectin 932 5 133.052 142 33.3 94.0 94.3 85.4 89.5 493.4075 0:08:13 8051.23 101993.00 7557.04 7766.41 1.99 1.36 143.26 718.00
homfam GEL 2195 5 78.1157 150 23.7 65.2 74.2 38.4 53.9 320.1943 0:05:20 7985.29 101958.41 7557.65 7663.31 1.99 2.30 126.51 413.15
homfam kringle 1091 9 75.9138 100 43.3 96.3 95.2 82.0 87.8 227.5658 0:03:47 7994.97 101959.30 7544.69 7650.32 1.99 1.52 111.41 255.08
homfam p450 21013 12 331.506 512 20.8 76.7 76.1 38.5 47.8 8517.3971 2:21:57 8927.48 100776.81 8424.91 8658.56 16.00 0.48 156.90 13373.82
homfam gpdh 7691 8 129.082 360 55.1 96.1 96.2 88.0 90.8 1051.3606 0:17:31 7951.04 103121.95 7567.07 7672.48 1.99 13.45 150.50 1582.84
homfam int 7572 5 168.037 219 22.5 87.8 89.2 69.3 76.9 1592.5987 0:26:32 8028.32 103096.93 7627.49 7733.38 1.98 7.95 160.72 2569.44
homfam KAS 2070 6 174.528 404 31.7 87.5 87.1 69.8 75.5 687.1392 0:11:27 8017.29 97854.61 7575.09 7680.77 1.99 3.01 150.82 1038.35
homfam trfl 837 7 242.315 702 61.9 94.6 95.1 88.4 88.0 1453.5817 0:24:13 7934.69 99909.27 7492.68 7598.32 1.99 1.91 159.05 2319.40
homfam TNF 556 5 119.903 176 32.0 86.6 86.2 70.7 75.4 226.9044 0:03:46 8037.07 102922.04 7554.23 7763.42 1.99 0.96 111.60 254.66
homfam scorptoxin 363 8 53.2562 74 46.3 92.9 91.7 80.8 86.0 162.3206 0:02:42 7960.27 103083.07 7524.29 7629.84 1.99 2.99 98.05 160.17
homfam aldosered 13277 7 268.547 386 41.6 87.1 89.7 68.3 75.4 3305.3210 0:55:05 7888.88 103138.53 7620.04 7725.46 25.98 18.76 160.17 5297.31
homfam rrm 27610 20 67.4587 157 22.9 84.6 85.5 20.7 30.6 633.4580 0:10:33 7964.09 102956.48 7502.06 7607.73 25.98 18.33 137.03 873.33
