homfam ricin 747 7 198.708 281 37.5 90.4 91.1 74.4 82.3 338.7601 0:05:38 6797.68 101992.90 6432.36 6542.99 1.99 1.45 142.85 493.23
homfam ghf10 1502 5 220.34 364 43.3 92.7 93.2 80.5 86.4 794.3222 0:13:14 6845.08 103204.16 6369.15 6535.63 1.99 2.96 144.07 1153.90
homfam seatoxin 93 5 43.6344 54 42.6 66.7 64.9 14.3 12.7 122.8447 0:02:02 6243.98 102921.98 5878.88 5962.25 1.99 0.94 116.26 144.35
homfam mofe 2567 6 353.074 609 30.0 84.7 85.9 67.4 75.2 1746.6521 0:29:06 7375.64 103140.25 6899.79 7120.01 1.99 4.23 163.58 2867.22
homfam cyt3 385 6 92.3065 130 40.3 79.2 80.7 59.3 67.8 162.8646 0:02:42 6550.90 99912.86 6075.20 6242.22 1.99 1.17 112.06 183.52
homfam ins 793 6 65.2825 74 44.9 88.6 90.3 68.1 86.8 302.1078 0:05:02 6682.05 99910.19 6206.27 6344.99 1.99 1.43 152.39 470.19
homfam Ald_Xan_dh_2 2589 6 109.304 885 31.8 83.0 83.0 63.0 71.8 1372.2420 0:22:52 6509.44 103271.09 6033.63 6199.48 1.99 2.66 162.05 2232.05
homfam tms 2118 5 264.245 357 45.9 96.2 95.7 86.0 92.6 863.6015 0:14:23 7005.34 103302.95 6639.95 6804.82 1.99 3.25 156.64 1361.01
homfam phc 2957 12 98.4711 179 37.2 94.7 95.7 77.1 82.0 387.6477 0:06:27 6703.70 98122.84 6309.93 6449.89 1.99 3.01 149.83 589.12
homfam cytb 3206 6 82.1454 100 35.6 88.8 88.7 70.7 78.5 564.2385 0:09:24 6569.76 99910.32 6153.87 6241.48 1.99 2.66 168.02 957.55
homfam mmp 1427 6 157.93 180 55.1 96.6 96.8 86.4 91.5 537.2230 0:08:57 6850.25 102920.07 6485.26 6595.84 1.99 2.05 142.92 778.40
homfam phoslip 946 18 113.33 137 48.9 95.0 94.8 75.0 85.2 197.0414 0:03:17 6691.67 99909.34 6215.50 6354.50 1.99 1.30 116.67 231.43
homfam HLH 6781 5 53.5453 92 28.1 88.9 93.1 65.5 77.1 431.4599 0:07:11 6587.96 102057.24 6222.35 6333.14 1.99 4.00 157.86 690.04
homfam myb_DNA-binding 10398 5 46.5583 61 40.7 94.0 92.9 78.6 84.0 237.6454 0:03:57 6665.29 102921.24 6501.54 6553.07 1.98 5.87 132.14 322.52
homfam msb 4884 8 106.037 158 26.6 86.5 89.8 64.1 73.9 319.8319 0:05:19 6656.47 101959.75 6286.33 6406.89 1.99 4.37 130.54 423.34
homfam ghf1 4358 8 403.813 562 38.4 92.0 91.9 71.6 79.8 1825.0938 0:30:25 7494.23 103246.74 7018.29 7166.42 5.99 7.90 162.04 2958.40
homfam rvp 93681 6 94.2886 132 36.6 19.3 71.1 0.0 0.0 1922.8100 0:32:02 7367.30 98853.43 7022.36 7168.75 4.00 0.45 168.00 3239.88
homfam lyase_1 7632 5 295.082 511 30.9 81.7 82.0 64.0 67.8 1100.6173 0:18:20 7168.29 103232.07 6802.44 6967.44 5.99 10.24 152.09 1679.99
homfam ldh 7367 14 121.378 371 31.9 89.2 88.7 58.1 69.6 669.5557 0:11:09 6922.19 101959.40 6556.58 6667.72 1.99 7.52 156.09 1048.18
homfam subt 7517 11 301.598 414 39.5 79.0 79.7 29.8 42.8 5927.5518 1:38:47 7265.34 103103.61 6788.48 6954.25 1.98 12.57 181.56 10765.21
homfam sodfe 4455 8 77.4471 219 42.3 91.0 89.9 64.1 68.8 390.3481 0:06:30 6618.19 102056.99 6528.24 6556.97 1.99 3.42 152.30 603.23
homfam LIM 6428 5 57.0143 86 52.8 97.9 97.9 87.8 95.8 203.6126 0:03:23 6547.15 99909.73 6071.11 6245.72 1.99 4.19 138.56 283.73
homfam blm 9105 8 300.727 274 39.1 69.6 72.0 44.2 46.0 2412.3581 0:40:12 7431.37 103305.33 6956.07 7176.10 1.98 13.16 169.96 4107.27
homfam DMRL_synthase 2099 5 140.59 182 33.2 92.6 90.0 74.6 83.3 246.3636 0:04:06 6714.89 103051.66 6349.31 6514.79 1.99 2.27 134.07 331.74
homfam tRNA-synt_2b 11293 5 177.564 467 18.7 48.3 47.7 22.4 30.8 1618.5226 0:26:58 7112.15 103684.41 6659.50 6856.10 1.99 12.04 175.15 2841.34
homfam Stap_Strp_toxin 640 6 87.3922 254 32.5 82.4 82.0 50.6 57.5 251.7428 0:04:11 6614.95 102922.02 6139.44 6305.17 1.99 0.94 135.13 341.58
homfam Acetyltransf 46285 6 82.9897 229 24.1 58.4 59.2 29.1 40.1 2751.3760 0:45:51 7352.18 103035.03 6986.93 7074.41 1.97 34.23 186.93 5150.20
homfam ghf22 760 12 107.567 131 51.4 94.3 94.3 80.0 83.7 181.4975 0:03:01 6558.69 99911.92 6193.21 6276.69 1.99 1.50 127.93 233.71
homfam sdr 50157 13 163.253 361 23.3 74.1 73.4 29.7 38.9 1734.1701 0:28:54 7409.41 103235.54 7044.04 7127.48 1.96 54.86 162.23 2809.50
homfam ltn 1068 12 204.148 282 49.9 92.3 92.7 68.4 77.3 493.4722 0:08:13 6745.21 103143.07 6329.86 6495.23 1.99 1.85 134.68 669.27
homfam hpr 3349 5 83.0427 89 44.4 99.3 99.3 97.7 98.5 221.7825 0:03:41 6569.07 99911.89 6481.62 6503.48 1.99 4.46 112.72 251.52
homfam bowman 499 5 26.1443 73 64.9 94.5 94.5 82.9 84.9 125.5125 0:02:05 6341.61 102918.32 6020.40 6100.11 1.99 0.77 105.49 133.88
homfam hip 167 5 66.2096 88 33.4 86.4 85.6 66.7 75.2 153.2315 0:02:33 6418.89 102930.42 6053.10 6169.86 1.99 0.71 120.77 186.60
homfam HMG_box 4779 5 66.0716 89 24.8 97.3 96.2 85.2 93.9 189.3412 0:03:09 6560.82 103172.31 6085.11 6251.58 1.99 3.57 123.75 235.86
homfam icd 5678 5 328.887 433 41.7 94.2 94.6 84.8 88.0 1551.2699 0:25:51 7299.13 103184.09 6823.12 6947.47 1.99 15.93 163.05 2530.35
homfam peroxidase 4514 5 256.626 383 37.3 78.5 79.6 48.4 51.5 2190.1444 0:36:30 7051.66 103117.86 6678.77 6762.30 1.99 6.87 178.74 3916.15
homfam asp 3262 13 284.142 381 37.5 90.3 90.6 71.4 77.9 1295.3456 0:21:35 7135.64 103228.77 6659.84 6881.33 1.99 5.58 163.24 2120.66
homfam flav 4612 6 138.021 183 35.0 83.9 84.7 60.0 61.4 640.9613 0:10:40 6678.71 99909.86 6265.16 6423.18 1.99 4.26 149.72 965.39
homfam cah 1379 5 212.706 279 38.7 89.0 89.4 69.7 77.2 459.8621 0:07:39 6673.09 98198.98 6355.45 6451.05 1.99 2.14 131.15 607.75
homfam ace 3989 6 427.824 601 37.3 84.3 85.8 64.4 70.8 2721.4766 0:45:21 7408.24 103090.57 6932.16 7070.89 1.98 8.77 165.35 4500.56
homfam sti 613 5 165.383 198 36.4 86.5 85.7 65.8 72.0 217.1881 0:03:37 6787.35 103119.16 6422.12 6505.61 1.99 1.11 129.17 282.14
homfam aat 25100 10 337.807 476 28.6 84.6 85.1 57.9 65.5 3545.8542 0:59:05 7884.24 99300.50 7409.90 7548.41 8.00 0.79 161.36 5731.18
homfam oxidored_q6 3348 5 123.044 285 56.7 90.6 92.2 83.5 84.8 537.5788 0:08:57 6608.21 99910.61 6132.87 6299.31 1.99 3.69 154.38 839.19
homfam hormone_rec 3509 5 188.562 308 21.5 73.5 75.1 51.6 65.8 713.6474 0:11:53 6847.18 103116.62 6482.17 6646.80 1.99 3.80 156.13 1112.19
homfam rhv 17976 6 143.424 938 33.1 65.9 73.8 36.6 45.7 5897.2163 1:38:17 6947.60 98549.02 6472.16 6596.46 1.99 15.74 170.51 10061.57
homfam tgfb 1606 8 95.4645 118 43.8 81.5 85.7 31.6 38.2 179.8998 0:02:59 6564.90 99652.28 6199.82 6283.31 1.99 1.62 129.22 242.48
homfam cryst 1160 7 80.8078 192 44.4 92.4 92.1 72.4 74.9 200.8577 0:03:20 6762.20 102922.91 6396.80 6484.31 1.99 1.70 139.44 281.60
homfam cyclo 6288 6 159.069 203 44.1 87.6 88.9 69.8 76.2 1105.8524 0:18:25 6774.57 103241.06 6298.42 6436.82 1.99 7.91 175.11 1939.22
homfam kunitz 2266 10 53.752 64 37.9 97.5 97.5 88.3 87.5 144.6683 0:02:24 6401.47 102920.56 6036.15 6123.69 1.99 2.16 126.14 183.12
homfam Rhodanese 14049 6 102.277 216 22.7 72.0 78.3 45.3 52.2 929.8100 0:15:29 6783.34 99913.43 6385.98 6481.81 1.98 11.45 158.22 1475.00
homfam sodcu 2038 7 141.322 169 42.2 90.3 90.9 73.5 80.6 279.4092 0:04:39 6749.36 99910.39 6273.54 6412.33 1.99 2.31 133.35 381.30
homfam profilin 687 5 123.371 144 39.7 92.9 92.9 83.6 85.1 211.2094 0:03:31 6628.34 101992.88 6262.95 6346.45 1.99 1.20 134.07 291.68
homfam glob 3983 41 100.684 174 31.7 95.0 94.6 62.4 69.7 292.7668 0:04:52 6769.29 99913.34 6403.81 6514.45 1.99 3.34 131.15 393.98
homfam tim 3904 10 205.645 260 47.5 98.0 97.9 93.1 96.2 734.6300 0:12:14 6815.52 103280.41 6449.75 6614.56 1.99 5.03 148.18 1096.40
homfam uce 4558 13 134.701 184 34.0 90.4 92.5 60.8 67.2 401.9704 0:06:41 6912.07 99909.75 6573.98 6715.38 1.99 4.44 162.43 658.87
homfam toxin 508 20 62.311 78 43.1 87.4 85.6 53.2 60.2 136.3745 0:02:16 6492.95 99301.81 6016.93 6155.69 1.99 1.15 94.65 130.87
homfam rub 1435 5 46.1575 54 62.1 98.4 98.4 92.6 93.5 128.9060 0:02:08 6444.61 99909.27 6079.71 6175.23 1.99 1.55 101.73 132.64
homfam hom 12037 8 53.4951 98 35.3 95.0 94.6 71.0 86.9 278.3126 0:04:38 6526.60 102920.28 6161.21 6326.12 1.99 6.52 124.26 347.31
homfam biotin_lipoyl 11833 7 71.8928 112 28.9 94.6 93.0 75.3 81.0 251.9066 0:04:11 6698.71 102921.80 6333.73 6498.40 1.99 7.82 132.76 336.04
homfam cys 4316 13 198.11 284 40.5 93.6 93.1 69.4 79.4 782.5507 0:13:02 6914.83 103029.44 6593.42 6734.87 1.99 7.56 156.93 1237.12
homfam ghf11 521 5 167.758 202 49.5 94.3 94.1 87.0 88.2 250.2865 0:04:10 6673.96 99911.82 6308.65 6395.73 1.99 1.47 132.03 331.97
homfam blmb 17200 6 192.465 344 20.6 67.4 72.1 36.4 47.9 2673.5353 0:44:33 7392.96 103134.52 7027.12 7114.75 1.98 19.18 182.12 4876.81
homfam aadh 3127 8 225.129 542 38.2 85.6 88.4 51.0 56.5 925.2776 0:15:25 6834.41 103209.79 6358.32 6578.59 1.99 4.23 165.47 1532.60
homfam DEATH 1183 7 80.5689 159 19.6 77.2 78.2 44.4 60.3 182.3383 0:03:02 6608.20 103030.15 6132.04 6252.32 1.99 1.64 127.60 234.23
homfam Sulfotransfer 2489 5 235.798 381 26.2 72.0 74.0 47.3 57.2 1295.1033 0:21:35 6823.61 99912.91 6347.46 6513.44 1.99 3.91 163.86 2127.72
homfam serpin 3144 8 291.462 418 34.3 95.5 94.9 81.9 88.8 1305.1660 0:21:45 7204.00 103231.03 6838.54 6921.99 1.99 4.92 159.12 2085.39
homfam proteasome 5732 17 174.347 309 21.7 83.9 82.8 39.7 59.2 539.6646 0:08:59 6840.45 99911.49 6364.63 6503.35 1.99 6.21 145.87 797.75
homfam zf-CCHH 88345 15 23.2513 39 35.5 97.1 96.5 88.6 93.0 316.0419 0:05:16 6999.48 99912.70 6523.49 6697.99 1.96 42.23 122.56 388.82
homfam egf 7774 12 32.0765 71 31.1 74.3 78.8 29.4 29.1 167.1675 0:02:47 6455.49 103486.79 6090.45 6226.43 1.98 4.40 110.46 185.84
homfam annexin 3139 6 65.1902 323 57.2 99.6 99.8 99.4 99.4 489.5958 0:08:09 6692.98 103052.32 6328.27 6438.83 1.99 2.36 140.07 687.24
homfam OTCace 4795 5 157.005 350 37.3 96.0 96.5 84.6 90.4 502.2456 0:08:22 6814.13 98762.29 6448.52 6613.42 1.99 7.75 156.69 789.00
homfam rnasemam 498 6 120.072 141 42.2 92.7 90.1 70.1 81.4 173.8227 0:02:53 6588.17 102921.42 6112.09 6236.54 1.99 0.96 134.34 235.12
homfam adh 21331 5 123.64 375 63.9 96.1 96.6 92.0 92.3 1202.9378 0:20:02 6899.70 103198.99 6465.79 6585.10 1.98 18.91 170.09 2051.86
homfam il8 1073 11 63.7623 81 34.5 91.8 91.3 68.8 76.9 143.9624 0:02:23 6414.76 99909.15 5938.85 6062.78 1.99 3.09 126.76 183.95
homfam hr 3707 5 65.1513 82 53.3 99.1 99.1 94.9 99.1 209.2630 0:03:29 6550.36 99910.77 6074.35 6240.18 1.99 2.53 136.99 295.36
homfam ChtBD 774 5 38.2713 45 59.3 99.3 99.0 95.3 97.1 123.3267 0:02:03 6522.78 97482.68 6157.52 6268.20 1.99 0.97 107.74 134.33
homfam gluts 10099 14 98.1117 235 39.4 88.0 88.8 63.5 66.6 1141.1435 0:19:01 6872.28 103052.38 6396.57 6616.71 1.98 7.95 173.62 1988.13
homfam ghf5 2717 6 260.466 470 17.8 68.6 68.3 36.2 51.0 1382.5943 0:23:02 7065.98 103116.44 6700.93 6865.64 1.99 7.91 170.84 2360.56
homfam ghf13 12607 10 264.452 626 26.8 61.9 63.8 25.0 34.4 5005.8100 1:23:25 7428.08 103246.85 7062.66 7227.59 13.99 16.16 185.76 9295.87
homfam PDZ 14950 6 80.8907 110 30.6 89.7 89.6 75.8 78.9 473.1167 0:07:53 6825.26 103135.28 6508.05 6648.76 1.98 10.80 151.57 723.46
homfam az 1086 29 100.416 215 33.4 73.5 74.3 38.6 35.0 252.7778 0:04:12 6631.57 102922.15 6266.00 6353.12 1.99 1.41 116.24 300.03
homfam hla 13465 5 153.148 178 76.5 100.0 100.0 100.0 100.0 412.6106 0:06:52 7058.91 99916.09 6583.19 6803.40 1.99 13.38 141.95 587.26
homfam slectin 932 5 133.052 142 33.3 95.1 95.0 87.6 91.3 374.3950 0:06:14 6666.31 98123.81 6190.46 6329.22 1.99 1.39 141.53 540.31
homfam GEL 2195 5 78.1157 150 23.7 63.5 63.9 32.2 44.1 215.1998 0:03:35 6705.26 103079.44 6229.66 6395.54 1.99 1.94 133.06 295.39
homfam kringle 1091 9 75.9138 100 43.3 93.5 92.6 73.0 78.5 157.1200 0:02:37 6510.77 96129.64 6145.51 6249.54 1.99 1.25 116.55 184.40
homfam p450 21013 12 331.506 512 20.8 35.5 60.0 3.2 0.2 5124.4901 1:25:24 8145.77 103301.26 7828.04 7968.96 1.98 32.70 174.17 8920.60
homfam gpdh 7691 8 129.082 360 55.1 96.3 96.3 89.1 91.7 693.9276 0:11:33 6854.63 103167.47 6378.33 6498.70 1.99 8.05 158.39 1107.85
homfam int 7572 5 168.037 219 22.5 82.4 84.4 58.9 65.1 1040.9376 0:17:20 6869.62 103184.11 6393.57 6532.20 1.98 8.34 177.48 1855.75
homfam KAS 2070 6 174.528 404 31.7 77.3 80.0 51.8 62.2 470.7374 0:07:50 6960.83 102922.27 6595.45 6714.12 1.99 3.69 152.84 720.39
homfam trfl 837 7 242.315 702 61.9 92.8 94.1 85.7 83.6 902.6694 0:15:02 7120.45 99912.80 6755.25 6921.66 1.99 3.86 152.99 1386.71
homfam TNF 556 5 119.903 176 32.0 80.9 81.4 66.2 71.7 190.3974 0:03:10 6705.45 96298.96 6339.78 6435.58 1.99 1.32 121.89 233.61
homfam scorptoxin 363 8 53.2562 74 46.3 92.0 90.8 78.1 84.0 122.6129 0:02:02 6453.23 101991.80 6087.85 6198.48 1.99 0.76 107.22 133.45
homfam aldosered 13277 7 268.547 386 41.6 85.5 89.5 67.7 74.6 1833.5883 0:30:33 7222.62 103195.05 6746.48 6885.23 1.98 50.02 169.44 3105.50
homfam rrm 27610 20 67.4587 157 22.9 81.5 81.4 20.7 30.6 330.5129 0:05:30 6761.29 99915.14 6395.52 6483.41 1.98 17.86 126.84 426.32
