homfam ricin 747 7 198.708 281 37.5 91.5 91.7 76.9 84.5 464.3675 0:07:44 6783.97 102922.37 6308.54 6428.82 1.99 1.71 147.25 690.31
homfam ghf10 1502 5 220.34 364 43.3 89.9 90.3 76.5 82.5 985.6291 0:16:25 6880.00 99909.69 6623.52 6680.21 1.99 2.44 164.72 1625.72
homfam seatoxin 93 5 43.6344 54 42.6 72.2 70.6 26.5 25.0 142.4476 0:02:22 6386.24 99912.99 6321.07 6349.68 1.99 0.67 131.28 188.43
homfam mofe 2567 6 353.074 609 30.0 83.6 85.3 64.3 71.3 2896.6622 0:48:16 7379.34 103151.47 7301.46 7330.23 1.99 4.22 161.37 4680.75
homfam cyt3 385 6 92.3065 130 40.3 79.8 80.9 58.5 66.8 165.3935 0:02:45 6628.63 102920.68 6263.80 6428.65 1.99 0.88 108.52 181.07
homfam ins 793 6 65.2825 74 44.9 93.3 95.9 72.5 92.4 347.2736 0:05:47 6694.82 99913.03 6329.19 6494.20 1.99 1.46 158.45 547.47
homfam Ald_Xan_dh_2 2589 6 109.304 885 31.8 82.7 82.7 63.0 71.1 1827.4159 0:30:27 6502.42 102663.51 6355.91 6384.76 1.99 2.67 165.10 3024.00
homfam tms 2118 5 264.245 357 45.9 96.0 95.5 84.6 91.0 1231.3473 0:20:31 7036.90 103199.23 6561.20 6727.69 1.99 3.59 162.85 2011.47
homfam phc 2957 12 98.4711 179 37.2 92.8 92.8 72.1 76.1 459.1607 0:07:39 6779.29 100105.52 6516.24 6605.72 1.99 2.70 153.42 712.94
homfam cytb 3206 6 82.1454 100 35.6 87.0 87.1 64.1 69.0 636.2454 0:10:36 6669.03 99912.13 6304.04 6468.83 1.99 2.71 167.35 1071.36
homfam mmp 1427 6 157.93 180 55.1 95.3 95.7 87.0 92.1 693.1140 0:11:33 6800.89 102995.53 6335.24 6464.25 1.99 2.27 157.73 1091.58
homfam phoslip 946 18 113.33 137 48.9 94.4 94.1 70.6 80.1 230.4376 0:03:50 6704.21 99945.24 6478.12 6528.33 1.99 1.77 145.19 335.47
homfam HLH 6781 5 53.5453 92 28.1 88.9 93.9 65.5 77.1 480.5247 0:08:00 6785.73 101960.09 6330.07 6449.44 1.99 4.36 165.26 803.74
homfam myb_DNA-binding 10398 5 46.5583 61 40.7 95.2 94.1 80.4 86.0 343.9396 0:05:43 6691.56 101960.41 6326.52 6491.36 1.98 7.82 133.25 459.76
homfam msb 4884 8 106.037 158 26.6 85.1 87.4 60.7 73.8 341.2296 0:05:41 6763.88 102927.47 6398.48 6563.32 1.98 4.45 152.76 529.15
homfam ghf1 4358 8 403.813 562 38.4 91.0 91.4 69.6 77.7 2952.5444 0:49:12 7785.87 103135.90 7310.67 7458.23 1.99 8.06 159.71 4718.97
homfam rvp 93681 6 94.2886 132 36.6 80.4 80.1 53.2 59.9 1110.0746 0:18:30 8456.20 103071.30 8090.33 8255.26 1.99 58.30 151.19 1678.57
homfam lyase_1 7632 5 295.082 511 30.9 82.9 83.0 64.2 69.6 2113.4577 0:35:13 7372.99 103189.52 7007.48 7172.51 1.99 9.99 161.76 3424.85
homfam ldh 7367 14 121.378 371 31.9 88.1 87.6 55.1 66.3 966.0983 0:16:06 7041.74 103165.58 6676.86 6841.78 1.99 7.11 159.49 1548.08
homfam subt 7517 11 301.598 414 39.5 79.8 80.8 33.9 47.7 7675.4721 2:07:55 7586.72 103071.07 7178.71 7275.35 1.98 14.53 179.79 13806.42
homfam sodfe 4455 8 77.4471 219 42.3 90.6 89.8 65.1 68.9 573.1197 0:09:33 6647.97 102936.66 6282.64 6447.66 1.99 3.36 140.31 805.01
homfam LIM 6428 5 57.0143 86 52.8 98.5 98.5 90.2 98.4 220.6235 0:03:40 6562.21 99915.80 6496.39 6525.13 1.99 3.79 127.89 283.67
homfam blm 9105 8 300.727 274 39.1 50.5 56.2 16.1 16.8 3270.8678 0:54:30 7620.30 103009.85 7238.36 7326.45 1.98 13.29 167.33 5478.81
homfam DMRL_synthase 2099 5 140.59 182 33.2 92.6 90.0 74.6 83.3 328.1029 0:05:28 6974.71 101958.70 6609.57 6693.06 1.99 2.68 146.73 489.42
homfam tRNA-synt_2b 11293 5 177.564 467 18.7 52.0 51.3 26.7 37.7 1905.4919 0:31:45 7238.08 103264.54 6872.65 6956.17 1.99 12.02 175.51 3353.06
homfam Stap_Strp_toxin 640 6 87.3922 254 32.5 81.8 81.4 48.6 55.3 395.1199 0:06:35 6751.61 99910.41 6674.87 6703.64 1.99 1.02 151.43 599.73
homfam Acetyltransf 46285 6 82.9897 229 24.1 62.6 61.8 27.0 35.7 2973.4912 0:49:33 7569.25 102924.38 7253.25 7393.48 5.97 33.67 181.60 5408.55
homfam ghf22 760 12 107.567 131 51.4 94.7 94.9 83.8 87.2 193.6998 0:03:13 6630.05 96203.36 6264.44 6429.39 1.99 1.14 119.61 233.13
homfam sdr 50157 13 163.253 361 23.3 75.9 76.3 29.7 39.9 2165.2132 0:36:05 7999.32 103196.60 7523.46 7662.29 1.97 55.82 156.96 3397.51
homfam ltn 1068 12 204.148 282 49.9 93.4 93.8 69.2 78.3 541.7808 0:09:01 6790.80 103172.82 6314.78 6457.64 1.99 2.15 153.13 834.32
homfam hpr 3349 5 83.0427 89 44.4 99.3 99.3 97.7 98.5 222.1643 0:03:42 6633.62 101959.82 6268.95 6433.75 1.99 4.48 128.36 287.15
homfam bowman 499 5 26.1443 73 64.9 94.5 94.5 82.9 84.9 132.8731 0:02:12 6538.97 102919.41 6173.91 6257.43 1.99 1.07 97.60 131.17
homfam hip 167 5 66.2096 88 33.4 86.4 85.4 66.7 75.2 157.8079 0:02:37 6475.47 99912.13 5999.95 6138.67 1.99 1.01 117.45 187.09
homfam HMG_box 4779 5 66.0716 89 24.8 97.3 96.2 85.2 93.9 244.6166 0:04:04 6621.93 103130.52 6256.38 6339.89 1.99 3.62 136.36 335.10
homfam icd 5678 5 328.887 433 41.7 93.7 94.6 83.2 86.9 2578.7101 0:42:58 7452.29 103226.74 7086.40 7170.00 1.99 8.54 158.82 4102.33
homfam peroxidase 4514 5 256.626 383 37.3 83.1 84.1 56.4 60.3 2663.1697 0:44:23 7122.10 102990.02 6921.22 6944.07 1.99 6.16 179.22 4773.80
homfam asp 3262 13 284.142 381 37.5 90.4 90.6 69.8 77.0 1643.7981 0:27:23 7192.25 103300.63 6826.96 6991.79 1.99 5.23 166.17 2733.12
homfam flav 4612 6 138.021 183 35.0 86.2 87.1 64.6 66.4 769.5334 0:12:49 6781.16 102920.05 6415.54 6500.42 1.99 4.56 151.84 1176.47
homfam cah 1379 5 212.706 279 38.7 89.1 89.8 69.4 77.3 764.2921 0:12:44 6836.77 102995.80 6552.63 6636.58 1.99 2.14 148.17 1137.85
homfam ace 3989 6 427.824 601 37.3 87.9 88.9 69.9 76.0 4074.3770 1:07:54 7721.21 103156.71 7551.03 7609.64 1.98 8.70 162.48 6620.25
homfam sti 613 5 165.383 198 36.4 88.7 87.7 71.2 77.6 248.8186 0:04:08 6784.50 102917.81 6308.99 6451.22 1.99 1.43 131.94 329.75
homfam aat 25100 10 337.807 476 28.6 74.5 75.5 35.5 40.7 5518.6911 1:31:58 8601.41 103195.55 8235.86 8400.81 1.98 36.41 160.03 8836.36
homfam oxidored_q6 3348 5 123.044 285 56.7 90.7 91.9 82.7 84.0 758.4811 0:12:38 6821.46 101959.96 6482.36 6621.11 1.99 3.21 162.82 1241.77
homfam hormone_rec 3509 5 188.562 308 21.5 69.8 71.0 44.8 57.1 939.0111 0:15:39 7021.03 99912.14 6545.23 6684.01 1.99 4.18 163.69 1541.94
homfam rhv 17976 6 143.424 938 33.1 32.2 41.2 1.9 0.3 8220.7409 2:17:00 7160.79 101962.80 6684.05 6905.21 1.99 15.53 170.38 14009.88
homfam tgfb 1606 8 95.4645 118 43.8 83.5 87.5 36.8 45.1 244.8973 0:04:04 6656.66 101958.63 6341.56 6479.56 1.99 1.58 136.24 335.08
homfam cryst 1160 7 80.8078 192 44.4 93.4 93.1 75.7 78.5 265.5399 0:04:25 6827.77 102922.35 6462.50 6627.39 1.99 1.28 144.97 386.94
homfam cyclo 6288 6 159.069 203 44.1 86.9 89.1 70.9 76.1 1235.1924 0:20:35 6907.70 103132.77 6437.44 6582.76 1.99 7.66 165.01 2041.76
homfam kunitz 2266 10 53.752 64 37.9 97.5 97.5 88.3 87.5 172.3828 0:02:52 6485.71 102056.30 6120.66 6285.46 1.99 1.87 134.76 233.71
homfam Rhodanese 14049 6 102.277 216 22.7 73.8 80.2 54.2 57.5 1156.5530 0:19:16 6859.60 98394.91 6536.82 6618.80 1.98 11.56 158.45 1840.16
homfam sodcu 2038 7 141.322 169 42.2 89.4 90.2 70.5 77.8 347.6384 0:05:47 6939.73 99912.16 6574.41 6739.35 1.99 2.45 136.97 482.82
homfam profilin 687 5 123.371 144 39.7 92.6 92.6 82.8 83.5 233.7426 0:03:53 6682.75 97991.04 6423.39 6506.06 1.99 1.16 144.08 342.66
homfam glob 3983 41 100.684 174 31.7 96.1 95.8 71.2 74.7 382.2627 0:06:22 6879.38 99910.14 6513.95 6678.97 1.99 5.25 140.46 544.89
homfam tim 3904 10 205.645 260 47.5 98.0 97.9 93.1 96.2 910.2545 0:15:10 6948.21 103288.15 6583.03 6685.84 1.99 5.34 155.27 1419.07
homfam uce 4558 13 134.701 184 34.0 90.2 92.2 61.4 67.9 467.9595 0:07:47 7161.79 99943.11 6685.67 6905.94 1.99 4.22 157.52 741.61
homfam toxin 508 20 62.311 78 43.1 90.9 90.3 61.0 69.1 116.1462 0:01:56 6386.39 99912.08 5910.81 6049.58 1.99 1.14 121.08 142.09
homfam rub 1435 5 46.1575 54 62.1 98.4 98.4 92.6 93.5 152.6698 0:02:32 6535.26 101992.25 6170.14 6335.13 5.99 1.29 120.49 185.51
homfam hom 12037 8 53.4951 98 35.3 95.8 95.6 71.0 86.9 335.9228 0:05:35 6660.06 99909.53 6294.97 6459.98 1.99 6.61 142.83 487.64
homfam biotin_lipoyl 11833 7 71.8928 112 28.9 94.6 93.0 75.3 81.0 320.6651 0:05:20 6803.75 102250.73 6431.03 6518.54 1.99 10.88 134.10 431.48
homfam cys 4316 13 198.11 284 40.5 94.2 93.6 71.3 80.4 1033.4938 0:17:13 7051.71 103291.58 6686.36 6769.91 0.00 0.02 161.47 7.78
homfam ghf11 521 5 167.758 202 49.5 93.4 93.2 82.8 84.2 356.6248 0:05:56 6724.49 101958.53 6249.03 6404.32 1.99 1.50 150.18 537.10
homfam blmb 17200 6 192.465 344 20.6 67.4 72.3 35.6 46.6 3402.1835 0:56:42 7670.38 103000.62 7443.93 7472.73 1.98 18.22 181.72 6189.25
homfam aadh 3127 8 225.129 542 38.2 84.9 87.5 50.3 56.4 1566.2624 0:26:06 6896.89 103236.66 6420.95 6541.30 1.99 4.68 164.77 2587.61
homfam DEATH 1183 7 80.5689 159 19.6 80.0 80.8 44.4 60.3 235.8364 0:03:55 6713.29 99912.04 6237.35 6387.46 1.99 1.66 122.97 291.47
homfam Sulfotransfer 2489 5 235.798 381 26.2 66.3 67.8 35.5 42.7 1780.2392 0:29:40 6945.83 103079.66 6470.11 6590.40 1.99 4.29 170.02 3034.45
homfam serpin 3144 8 291.462 418 34.3 95.7 95.1 83.4 89.9 2053.1880 0:34:13 7271.25 103311.31 6906.17 7017.34 1.99 4.79 155.09 3192.12
homfam proteasome 5732 17 174.347 309 21.7 84.4 84.0 38.3 57.2 716.7166 0:11:56 6883.93 103205.63 6567.96 6708.17 1.99 5.68 154.97 1117.00
homfam zf-CCHH 88345 15 23.2513 39 35.5 97.1 96.5 88.6 93.0 495.3127 0:08:15 7136.20 96658.26 6772.43 6936.69 5.95 41.98 120.20 597.55
homfam egf 7774 12 32.0765 71 31.1 78.7 78.6 33.8 36.8 198.9075 0:03:18 6509.92 103053.36 6056.24 6221.19 1.98 8.07 138.83 277.67
homfam annexin 3139 6 65.1902 323 57.2 99.6 99.8 99.4 99.4 521.8370 0:08:41 6733.55 99912.14 6257.63 6396.44 1.99 2.66 156.41 817.70
homfam OTCace 4795 5 157.005 350 37.3 96.2 96.2 88.4 91.3 703.8876 0:11:43 6931.05 101960.36 6858.95 6887.54 1.99 4.83 153.77 1084.07
homfam rnasemam 498 6 120.072 141 42.2 93.4 90.4 73.1 84.1 181.7590 0:03:01 6679.40 101959.51 6363.02 6503.38 1.99 0.97 127.90 233.97
homfam adh 21331 5 123.64 375 63.9 97.0 97.3 92.0 92.3 1590.7670 0:26:30 7249.69 103182.36 6883.88 7050.00 2.11 18.80 164.96 2632.49
homfam il8 1073 11 63.7623 81 34.5 92.1 91.3 61.0 70.5 167.7930 0:02:47 6562.96 101958.55 6197.75 6362.63 1.99 1.11 108.89 184.16
homfam hr 3707 5 65.1513 82 53.3 99.1 99.1 94.9 99.1 248.9139 0:04:08 6583.49 103052.38 6107.21 6327.54 1.99 2.58 132.10 336.32
homfam ChtBD 774 5 38.2713 45 59.3 98.3 98.1 93.0 94.7 131.2987 0:02:11 6473.34 102923.29 6107.98 6227.23 1.99 1.27 100.38 133.30
homfam gluts 10099 14 98.1117 235 39.4 88.8 89.2 64.4 67.9 1546.3653 0:25:46 6851.33 101959.91 6375.43 6595.45 1.98 8.08 171.30 2656.88
homfam ghf5 2717 6 260.466 470 17.8 66.8 68.1 35.0 49.4 1820.5920 0:30:20 7083.57 103193.43 6608.12 6774.53 1.97 4.51 164.86 3007.90
homfam ghf13 12607 10 264.452 626 26.8 61.1 61.8 28.2 36.4 6226.7027 1:43:46 7663.55 103248.50 7298.96 7405.75 2.08 16.44 175.68 10947.24
homfam PDZ 14950 6 80.8907 110 30.6 88.7 88.8 73.7 76.6 568.0217 0:09:28 6949.28 102922.04 6583.89 6748.86 1.98 10.94 156.53 896.43
homfam az 1086 29 100.416 215 33.4 76.4 75.8 41.3 45.2 255.1196 0:04:15 6747.66 101993.28 6411.48 6555.02 1.99 1.38 130.75 335.08
homfam hla 13465 5 153.148 178 76.5 100.0 100.0 100.0 100.0 572.4001 0:09:32 7377.72 98271.77 7012.06 7176.95 1.99 13.22 142.72 824.06
homfam slectin 932 5 133.052 142 33.3 95.1 95.0 87.6 91.3 443.6434 0:07:23 6746.62 102935.48 6478.64 6542.33 1.99 1.37 139.16 625.18
homfam GEL 2195 5 78.1157 150 23.7 69.1 68.6 40.4 54.2 263.3509 0:04:23 6711.71 103052.39 6645.72 6674.57 1.99 3.87 148.05 393.72
homfam kringle 1091 9 75.9138 100 43.3 93.5 92.6 73.0 78.5 179.8778 0:02:59 6662.32 99911.13 6297.05 6462.04 1.99 1.24 129.78 234.95
homfam p450 21013 12 331.506 512 20.8 78.2 77.4 36.5 44.8 9211.7813 2:33:31 8837.51 103274.32 8779.38 8805.80 1.97 33.20 162.06 14930.34
homfam gpdh 7691 8 129.082 360 55.1 96.2 96.1 88.5 91.1 1019.3347 0:16:59 6938.47 102943.71 6462.67 6601.38 1.99 8.29 153.14 1568.99
homfam int 7572 5 168.037 219 22.5 86.6 87.6 66.8 73.4 1421.5713 0:23:41 7043.52 99914.73 6567.95 6788.09 1.98 8.01 170.60 2433.58
homfam KAS 2070 6 174.528 404 31.7 87.4 87.0 70.5 76.4 688.4096 0:11:28 6936.72 101958.86 6571.71 6736.60 1.99 2.57 153.69 1062.75
homfam trfl 837 7 242.315 702 61.9 94.0 94.6 87.7 87.5 1295.7279 0:21:35 7167.71 102920.17 6725.08 6858.06 1.99 1.91 162.76 2116.44
homfam TNF 556 5 119.903 176 32.0 79.5 80.1 64.3 69.8 196.5692 0:03:16 6742.41 102918.90 6267.11 6409.78 1.99 1.27 117.53 232.52
homfam scorptoxin 363 8 53.2562 74 46.3 92.1 91.2 75.3 81.8 125.4131 0:02:05 6474.92 101993.16 6109.55 6274.38 1.99 0.77 105.08 133.27
homfam aldosered 13277 7 268.547 386 41.6 86.6 89.5 68.0 75.4 3648.2479 1:00:48 7634.10 103310.75 7308.60 7433.80 1.98 18.89 166.19 6065.05
homfam rrm 27610 20 67.4587 157 22.9 84.3 83.8 21.6 30.7 451.9687 0:07:31 6949.64 99915.50 6583.99 6685.04 1.97 17.73 144.64 655.18
