homfam ricin 747 7 198.708 281 37.5 90.6 91.1 77.3 84.1 640.9971 0:10:40 6873.02 102917.62 6507.66 6618.96 1.99 1.37 151.65 975.19
homfam ghf10 1502 5 220.34 364 43.3 91.4 92.1 76.8 82.6 1854.0573 0:30:54 7045.69 103149.12 6679.77 6763.36 1.99 2.57 160.74 2988.38
homfam seatoxin 93 5 43.6344 54 42.6 66.7 64.1 8.2 9.3 143.4326 0:02:23 6394.55 99912.00 6029.38 6196.10 1.99 0.66 128.84 186.14
homfam mofe 2567 6 353.074 609 30.0 81.1 83.3 63.0 67.9 5077.3928 1:24:37 7425.12 98927.55 7081.86 7224.62 1.99 4.24 161.52 8208.17
homfam cyt3 385 6 92.3065 130 40.3 82.3 82.3 63.6 71.7 217.0203 0:03:37 6744.66 99237.06 6268.77 6442.39 1.99 1.21 128.94 281.37
homfam ins 793 6 65.2825 74 44.9 93.9 95.5 76.8 92.8 389.1172 0:06:29 6818.79 102923.04 6453.70 6572.59 1.99 1.48 143.74 568.59
homfam Ald_Xan_dh_2 2589 6 109.304 885 31.8 83.0 83.1 63.5 71.5 2661.5053 0:44:21 6536.10 99911.00 6170.68 6260.69 1.99 2.76 169.52 4520.71
homfam tms 2118 5 264.245 357 45.9 96.4 95.9 85.3 91.8 2012.6387 0:33:32 7299.99 103300.86 6824.30 6983.43 1.99 3.71 160.73 3244.58
homfam phc 2957 12 98.4711 179 37.2 85.4 93.3 43.0 44.4 575.3310 0:09:35 7092.73 102919.44 6726.93 6846.39 1.99 2.67 146.41 850.00
homfam cytb 3206 6 82.1454 100 35.6 92.8 93.1 73.9 80.3 838.6649 0:13:58 6753.93 103053.48 6278.11 6416.87 1.99 2.69 160.50 1351.47
homfam mmp 1427 6 157.93 180 55.1 95.3 96.4 86.4 91.5 1052.9892 0:17:32 6983.29 102919.67 6618.52 6784.81 1.99 2.32 164.54 1740.03
homfam phoslip 946 18 113.33 137 48.9 94.4 94.1 70.6 80.1 295.3523 0:04:55 6788.98 102928.28 6314.02 6504.78 1.99 1.40 143.11 430.97
homfam HLH 6781 5 53.5453 92 28.1 87.9 91.4 65.5 77.1 566.4129 0:09:26 6779.18 98211.35 6597.94 6626.63 1.99 3.98 156.13 894.97
homfam myb_DNA-binding 10398 5 46.5583 61 40.7 94.4 93.3 78.6 84.0 393.3411 0:06:33 6759.88 101959.44 6417.17 6504.26 1.98 5.89 146.14 581.50
homfam msb 4884 8 106.037 158 26.6 86.2 85.9 62.1 75.2 477.4884 0:07:57 7044.16 99910.03 6678.55 6762.09 1.98 4.91 138.00 666.03
homfam ghf1 4358 8 403.813 562 38.4 91.3 91.5 69.8 78.1 6125.0655 1:42:05 8009.67 103261.68 7534.52 7700.93 1.99 8.14 162.26 9936.08
homfam rvp 93681 6 94.2886 132 36.6 78.7 79.5 49.5 55.8 1668.9254 0:27:48 9538.98 102955.98 9173.10 9256.66 1.99 58.90 148.44 2476.27
homfam lyase_1 7632 5 295.082 511 30.9 82.6 82.6 62.6 68.7 3881.9402 1:04:41 7681.02 103138.91 7358.10 7446.86 1.99 10.12 161.46 6268.16
homfam ldh 7367 14 121.378 371 31.9 89.0 88.4 58.9 70.9 1132.6198 0:18:52 7060.27 103283.34 6694.62 6859.64 1.99 7.06 156.70 1775.76
homfam subt 7517 11 301.598 414 39.5 80.1 80.9 33.9 45.2 11659.5789 3:14:19 8153.42 99624.82 7791.39 7879.00 1.98 12.12 172.14 20079.99
homfam sodfe 4455 8 77.4471 219 42.3 91.0 90.1 65.1 68.9 694.6794 0:11:34 6662.47 99913.14 6296.80 6380.36 1.99 3.71 157.43 1094.51
homfam LIM 6428 5 57.0143 86 52.8 98.5 98.5 90.2 98.4 330.5096 0:05:30 6686.68 102922.48 6321.41 6416.80 1.99 4.24 140.72 466.92
homfam blm 9105 8 300.727 274 39.1 63.3 66.5 34.1 35.5 4761.4888 1:19:21 8132.70 103158.45 7767.23 7850.79 1.98 12.96 161.73 7709.11
homfam DMRL_synthase 2099 5 140.59 182 33.2 92.6 89.7 74.6 83.3 469.1528 0:07:49 6976.57 99912.16 6610.98 6721.65 1.99 2.34 143.72 675.24
homfam tRNA-synt_2b 11293 5 177.564 467 18.7 49.5 47.4 21.8 30.3 2766.3688 0:46:06 7700.55 103233.79 7335.12 7500.05 1.99 11.63 167.78 4641.19
homfam Stap_Strp_toxin 640 6 87.3922 254 32.5 79.4 78.7 47.7 53.6 583.2259 0:09:43 6789.04 96371.95 6382.77 6501.25 1.99 1.01 153.53 896.49
homfam Acetyltransf 46285 6 82.9897 229 24.1 66.7 65.5 34.4 44.7 3328.7200 0:55:28 8422.55 102933.26 8059.30 8166.88 1.96 63.07 179.83 5987.65
homfam ghf22 760 12 107.567 131 51.4 93.4 93.5 81.5 85.2 314.7286 0:05:14 6645.30 96287.14 6169.60 6334.54 1.99 1.20 122.36 386.63
homfam sdr 50157 13 163.253 361 23.3 79.6 79.1 35.0 46.2 3515.7224 0:58:35 9186.99 103212.13 8768.93 8872.54 1.96 55.58 154.03 5415.78
homfam ltn 1068 12 204.148 282 49.9 92.0 92.7 68.4 77.3 793.0023 0:13:13 6785.80 101958.68 6420.70 6587.01 1.99 2.11 155.51 1234.63
homfam hpr 3349 5 83.0427 89 44.4 99.3 99.3 97.7 98.5 316.4585 0:05:16 6725.37 101958.82 6359.70 6455.47 1.99 2.60 134.97 427.98
homfam bowman 499 5 26.1443 73 64.9 94.2 94.2 82.9 84.9 156.9006 0:02:36 6537.73 96090.94 6172.39 6337.87 1.99 0.80 117.86 186.44
homfam hip 167 5 66.2096 88 33.4 86.7 85.7 66.7 75.2 158.9274 0:02:38 6491.29 102922.27 6015.56 6135.96 1.99 0.70 114.67 183.19
homfam HMG_box 4779 5 66.0716 89 24.8 97.3 96.2 85.2 93.9 318.5501 0:05:18 6614.20 99911.90 6198.44 6363.71 1.99 3.20 127.14 406.51
homfam icd 5678 5 328.887 433 41.7 94.3 94.7 85.4 88.6 3875.2651 1:04:35 7649.24 103292.82 7283.75 7395.01 1.99 8.49 161.99 6277.22
homfam peroxidase 4514 5 256.626 383 37.3 76.7 77.8 49.0 52.5 3943.9801 1:05:43 7256.43 102938.73 7079.30 7157.10 1.99 6.35 170.50 6732.68
homfam asp 3262 13 284.142 381 37.5 91.4 91.6 74.6 80.7 3031.6263 0:50:31 7354.05 102995.42 7096.38 7162.38 1.99 7.30 157.79 4792.34
homfam flav 4612 6 138.021 183 35.0 86.1 86.4 62.3 63.9 1047.2477 0:17:27 6844.07 101959.15 6478.59 6643.56 1.99 4.20 156.70 1648.53
homfam cah 1379 5 212.706 279 38.7 88.2 88.8 67.2 74.9 879.3177 0:14:39 6844.75 99912.14 6713.61 6733.83 1.99 2.47 158.17 1393.87
homfam ace 3989 6 427.824 601 37.3 85.3 86.5 65.6 73.3 6080.5096 1:41:20 8352.97 103070.04 7876.80 7997.43 1.98 19.92 166.10 10098.49
homfam sti 613 5 165.383 198 36.4 88.0 87.2 70.1 76.6 348.2130 0:05:48 6919.55 101994.23 6443.85 6595.26 1.99 1.16 134.86 471.08
homfam aat 25100 10 337.807 476 28.6 84.4 84.9 57.6 64.6 10527.8762 2:55:27 9532.21 100949.91 9167.77 9253.99 4.00 0.81 160.01 16855.91
homfam oxidored_q6 3348 5 123.044 285 56.7 89.4 90.6 79.7 80.9 883.8798 0:14:43 6821.69 102743.93 6456.39 6539.89 1.99 3.54 163.97 1457.44
homfam hormone_rec 3509 5 188.562 308 21.5 74.0 74.7 50.9 64.9 1394.4211 0:23:14 7119.97 99909.09 6754.64 6919.50 1.99 3.80 157.51 2202.04
homfam rhv 17976 6 143.424 938 33.1 31.1 40.4 1.8 0.3 15858.6292 4:24:18 7479.36 102925.15 7113.27 7225.04 13.99 15.59 171.15 27151.60
homfam tgfb 1606 8 95.4645 118 43.8 82.4 86.6 35.0 41.8 352.7097 0:05:52 6882.18 99912.14 6516.84 6678.99 1.99 1.64 125.91 445.97
homfam cryst 1160 7 80.8078 192 44.4 91.0 91.2 69.6 72.6 369.7633 0:06:09 6814.26 101993.29 6387.98 6484.27 1.99 1.31 140.13 519.48
homfam cyclo 6288 6 159.069 203 44.1 86.1 87.4 68.8 74.3 1684.7373 0:28:04 7179.98 103194.89 6814.75 6897.81 1.99 7.46 165.64 2802.67
homfam kunitz 2266 10 53.752 64 37.9 97.5 97.5 88.3 87.5 218.3807 0:03:38 6534.75 99912.15 6075.61 6211.99 1.99 1.89 129.79 284.97
homfam Rhodanese 14049 6 102.277 216 22.7 73.0 78.0 53.6 54.3 1580.8722 0:26:20 7108.36 103218.83 6632.20 6775.03 1.98 22.61 167.16 2641.50
homfam sodcu 2038 7 141.322 169 42.2 90.3 90.5 76.5 80.5 512.1524 0:08:32 6947.60 97784.31 6584.38 6749.86 1.99 2.74 121.33 629.65
homfam profilin 687 5 123.371 144 39.7 93.0 93.0 82.8 84.2 315.4702 0:05:15 6943.43 101957.46 6467.22 6618.63 1.99 1.20 135.79 429.87
homfam glob 3983 41 100.684 174 31.7 94.4 94.1 70.6 74.0 474.7036 0:07:54 6862.59 99912.14 6528.88 6643.32 1.99 3.62 142.80 685.96
homfam tim 3904 10 205.645 260 47.5 97.9 97.8 92.3 95.6 1668.3254 0:27:48 7093.46 103256.93 6826.37 6892.77 1.99 4.96 155.00 2587.23
homfam uce 4558 13 134.701 184 34.0 89.9 89.2 56.0 64.9 561.8368 0:09:21 7191.32 102937.69 7011.71 7040.62 1.99 4.14 143.19 811.93
homfam toxin 508 20 62.311 78 43.1 92.5 90.7 62.3 71.5 172.0585 0:02:52 6513.02 101994.16 6037.10 6203.02 1.99 0.91 135.59 234.80
homfam rub 1435 5 46.1575 54 62.1 98.4 98.4 92.6 93.5 193.2000 0:03:13 6570.67 102886.33 6094.43 6233.40 1.99 1.31 120.90 235.11
homfam hom 12037 8 53.4951 98 35.3 95.8 95.6 71.0 86.9 428.7434 0:07:08 6712.36 99911.52 6255.34 6456.65 1.99 6.59 142.87 614.10
homfam biotin_lipoyl 11833 7 71.8928 112 28.9 95.0 93.4 76.5 82.3 418.7737 0:06:58 6909.92 103149.84 6789.65 6818.85 1.99 7.75 145.54 610.92
homfam cys 4316 13 198.11 284 40.5 94.0 93.6 70.1 80.1 1423.2908 0:23:43 7326.25 103245.70 6849.86 7070.22 1.99 6.04 162.94 2328.58
homfam ghf11 521 5 167.758 202 49.5 93.6 93.4 82.8 84.6 521.2973 0:08:41 6840.31 101958.52 6474.76 6570.93 1.99 1.18 150.48 786.13
homfam blmb 17200 6 192.465 344 20.6 66.7 69.0 42.5 50.8 4217.8953 1:10:17 8032.08 103056.18 7797.01 7874.72 1.98 50.91 170.66 7198.74
homfam aadh 3127 8 225.129 542 38.2 84.3 84.7 49.9 54.9 2123.9144 0:35:23 6994.84 102965.09 6629.81 6794.61 1.99 4.29 161.86 3446.51
homfam DEATH 1183 7 80.5689 159 19.6 77.1 77.2 53.2 57.6 268.6595 0:04:28 6694.44 102922.04 6329.27 6440.54 1.99 1.68 139.19 375.41
homfam Sulfotransfer 2489 5 235.798 381 26.2 77.7 78.6 52.0 60.0 2532.3508 0:42:12 7164.87 103243.60 6848.63 6989.48 1.99 3.84 161.97 4108.22
homfam serpin 3144 8 291.462 418 34.3 95.1 94.6 81.2 88.1 2560.2389 0:42:40 7566.77 103235.50 7090.53 7310.84 1.99 4.66 159.07 4083.49
homfam proteasome 5732 17 174.347 309 21.7 82.9 80.3 34.8 52.0 1235.7906 0:20:35 7068.71 98052.40 6986.48 7015.30 136.00 0.46 137.79 1713.03
homfam zf-CCHH 88345 15 23.2513 39 35.5 97.1 96.5 88.6 93.0 689.5605 0:11:29 7427.38 96925.41 7062.05 7226.83 1.94 42.09 132.87 917.93
homfam egf 7774 12 32.0765 71 31.1 79.5 80.0 33.8 36.8 248.4830 0:04:08 6623.64 102919.60 6257.96 6368.74 1.98 4.47 130.92 326.83
homfam annexin 3139 6 65.1902 323 57.2 99.6 99.8 99.4 99.4 688.7422 0:11:28 6667.05 103024.20 6301.20 6419.74 1.99 2.37 147.33 1015.90
homfam OTCace 4795 5 157.005 350 37.3 95.4 95.8 85.8 89.2 1252.5718 0:20:52 6990.56 102987.36 6547.73 6734.29 1.99 4.91 152.65 1912.91
homfam rnasemam 498 6 120.072 141 42.2 94.4 91.2 73.1 84.4 239.2935 0:03:59 6742.39 102919.75 6376.86 6460.53 1.99 1.00 138.55 332.64
homfam adh 21331 5 123.64 375 63.9 96.6 97.1 91.2 91.5 1935.0243 0:32:15 7542.21 103194.57 7408.93 7437.76 5.98 18.36 160.84 3112.09
homfam il8 1073 11 63.7623 81 34.5 91.1 90.6 68.8 76.9 226.5036 0:03:46 6605.66 99911.12 6129.69 6268.52 1.99 1.14 125.17 285.10
homfam hr 3707 5 65.1513 82 53.3 99.1 99.1 94.9 99.1 304.4134 0:05:04 6644.43 99912.14 6309.08 6403.48 1.99 2.56 134.81 416.72
homfam ChtBD 774 5 38.2713 45 59.3 99.3 99.0 95.3 97.1 161.4459 0:02:41 6503.68 102919.61 6027.55 6166.36 1.99 0.99 113.47 184.74
homfam gluts 10099 14 98.1117 235 39.4 63.2 72.6 6.9 5.9 1979.5913 0:32:59 6998.97 102929.54 6635.98 6754.03 5.98 8.19 164.84 3271.37
homfam ghf5 2717 6 260.466 470 17.8 65.8 65.2 32.4 46.4 2919.7355 0:48:39 7190.50 102932.73 7079.20 7107.90 1.99 5.98 169.69 4961.81
homfam ghf13 12607 10 264.452 626 26.8 62.2 63.3 26.1 34.3 6923.9944 1:55:23 8373.21 103228.52 8113.66 8208.53 1.99 16.30 173.71 12035.08
homfam PDZ 14950 6 80.8907 110 30.6 88.1 88.6 75.8 78.9 853.5640 0:14:13 7049.57 99913.27 6573.80 6740.29 1.98 11.40 153.44 1318.49
homfam az 1086 29 100.416 215 33.4 75.5 75.1 40.8 44.2 301.3314 0:05:01 6781.05 99912.14 6304.59 6470.46 1.99 1.41 143.30 441.07
homfam hla 13465 5 153.148 178 76.5 100.0 100.0 100.0 100.0 731.0335 0:12:11 7580.94 99914.98 7192.13 7334.34 1.99 14.03 143.86 1053.24
homfam slectin 932 5 133.052 142 33.3 95.1 95.0 87.6 91.3 586.2333 0:09:46 6754.10 101959.60 6388.25 6507.38 1.99 1.40 151.51 893.93
homfam GEL 2195 5 78.1157 150 23.7 69.5 70.3 39.0 54.0 339.4910 0:05:39 6801.57 102945.94 6435.90 6586.63 1.99 1.97 141.97 491.16
homfam kringle 1091 9 75.9138 100 43.3 94.6 93.7 77.5 80.9 245.3850 0:04:05 6719.14 102938.50 6243.30 6453.39 1.99 1.30 136.23 335.76
homfam p450 21013 12 331.506 512 20.8 70.6 71.4 35.5 43.6 7297.5092 2:01:37 10344.26 103253.07 9978.06 10061.82 1.98 32.92 162.35 11841.72
homfam gpdh 7691 8 129.082 360 55.1 96.4 96.2 88.3 91.1 1292.9725 0:21:32 7116.77 103251.21 6640.68 6765.04 1.99 8.05 159.74 2069.02
homfam int 7572 5 168.037 219 22.5 83.4 85.5 61.9 67.8 1568.2445 0:26:08 7274.26 99914.69 6797.40 6962.36 5.98 8.33 167.41 2634.83
homfam KAS 2070 6 174.528 404 31.7 86.7 86.7 68.8 74.5 937.4440 0:15:37 7107.15 101957.84 6674.47 6793.89 1.99 2.98 152.98 1435.67
homfam trfl 837 7 242.315 702 61.9 93.8 94.7 87.3 87.0 1968.6033 0:32:48 7222.54 98594.59 6746.75 6898.06 1.99 1.58 164.84 3252.53
homfam TNF 556 5 119.903 176 32.0 84.8 84.3 64.3 71.1 267.2382 0:04:27 6816.17 96377.08 6339.68 6478.59 1.99 1.04 141.62 379.59
homfam scorptoxin 363 8 53.2562 74 46.3 91.2 90.5 72.6 81.2 154.0853 0:02:34 6473.58 102921.17 6108.50 6227.82 1.99 1.09 118.81 184.55
homfam aldosered 13277 7 268.547 386 41.6 85.5 88.5 65.8 73.8 4941.8436 1:22:21 8113.01 103831.96 7636.63 7777.17 1.98 43.18 164.41 8120.88
homfam rrm 27610 20 67.4587 157 22.9 83.1 82.0 17.1 22.7 681.9582 0:11:21 7170.26 97289.20 6694.52 6837.23 1.98 18.00 144.71 988.30
