homfam ricin 747 7 198.708 281 37.5 91.5 92.0 76.9 83.7 620.0655 0:10:20 6874.56 102921.25 6493.36 6604.81 1.99 1.34 136.49 847.73
homfam ghf10 1502 5 220.34 364 43.3 88.5 89.4 72.1 78.4 1512.5246 0:25:12 7063.32 103287.07 6695.55 6831.44 1.99 2.44 164.20 2492.85
homfam seatoxin 93 5 43.6344 54 42.6 67.1 64.6 8.2 9.3 146.2675 0:02:26 6391.39 99912.16 5914.75 6074.23 1.99 0.66 125.99 185.75
homfam mofe 2567 6 353.074 609 30.0 84.1 85.5 66.0 72.4 4998.8293 1:23:18 7628.97 103256.38 7530.63 7559.38 1.99 4.32 166.23 8317.97
homfam cyt3 385 6 92.3065 130 40.3 78.9 79.8 58.5 67.6 213.3647 0:03:33 6785.73 99910.40 6310.00 6476.30 1.99 1.22 130.59 280.24
homfam ins 793 6 65.2825 74 44.9 94.0 93.9 68.1 92.0 405.9374 0:06:45 6848.77 101958.52 6483.39 6567.03 1.99 1.16 144.19 593.54
homfam Ald_Xan_dh_2 2589 6 109.304 885 31.8 84.7 84.8 65.4 73.5 2166.0820 0:36:06 6547.53 99911.14 6231.13 6373.28 1.99 5.66 170.91 3703.61
homfam tms 2118 5 264.245 357 45.9 95.4 94.8 82.8 89.1 1740.7165 0:29:00 7129.96 103177.77 6674.34 6792.45 1.99 3.82 163.18 2848.13
homfam phc 2957 12 98.4711 179 37.2 94.0 95.4 76.5 78.4 507.6400 0:08:27 6919.32 102919.28 6527.57 6665.46 1.99 3.00 154.12 790.08
homfam cytb 3206 6 82.1454 100 35.6 85.8 85.6 63.0 67.8 848.4312 0:14:08 6737.79 99912.14 6360.26 6525.64 1.99 2.81 156.97 1342.18
homfam mmp 1427 6 157.93 180 55.1 96.4 96.8 88.2 93.4 844.8459 0:14:04 6953.56 99913.14 6476.86 6588.30 1.99 2.01 162.42 1378.68
homfam phoslip 946 18 113.33 137 48.9 94.5 94.3 70.6 80.1 343.8436 0:05:43 6690.26 102921.39 6309.02 6392.56 1.99 1.38 130.71 450.96
homfam HLH 6781 5 53.5453 92 28.1 87.9 90.4 65.5 77.1 540.3782 0:09:00 6816.03 99910.99 6437.77 6560.12 1.99 4.07 164.58 895.64
homfam myb_DNA-binding 10398 5 46.5583 61 40.7 94.4 93.3 78.6 84.0 427.1854 0:07:07 6777.30 102057.62 6479.42 6619.82 1.98 5.89 146.92 632.84
homfam msb 4884 8 106.037 158 26.6 87.9 88.8 60.7 74.8 403.5058 0:06:43 6989.37 101959.13 6513.20 6687.21 1.98 4.36 141.60 579.84
homfam ghf1 4358 8 403.813 562 38.4 92.3 92.4 72.8 81.0 6063.5730 1:41:03 7996.22 103200.21 7520.46 7640.81 1.99 7.81 164.71 9987.00
homfam rvp 93681 6 94.2886 132 36.6 79.1 79.3 49.5 55.8 1455.2456 0:24:15 9424.16 101998.44 9106.91 9247.67 1.99 58.38 144.59 2110.96
homfam lyase_1 7632 5 295.082 511 30.9 82.9 83.2 65.0 69.5 3525.7088 0:58:45 7684.33 103198.46 7459.66 7510.13 1.99 10.05 161.31 5691.04
homfam ldh 7367 14 121.378 371 31.9 88.5 88.3 57.6 68.9 1150.9814 0:19:10 7019.64 103182.50 6850.94 6877.81 1.99 7.41 158.59 1829.43
homfam subt 7517 11 301.598 414 39.5 79.1 79.2 28.3 38.3 11525.2370 3:12:05 8172.79 102953.03 7696.45 7917.21 1.98 12.05 174.79 20149.30
homfam sodfe 4455 8 77.4471 219 42.3 91.5 90.4 66.0 69.5 655.4993 0:10:55 6685.92 99912.16 6220.78 6376.36 1.99 3.43 156.75 1030.01
homfam LIM 6428 5 57.0143 86 52.8 97.9 97.9 87.8 95.8 280.7643 0:04:40 6604.89 102919.42 6129.19 6253.63 1.99 4.18 135.74 382.63
homfam blm 9105 8 300.727 274 39.1 67.2 71.5 39.0 40.5 4862.6879 1:21:02 8085.33 102956.01 7608.91 7729.26 1.98 13.22 165.29 8044.89
homfam DMRL_synthase 2099 5 140.59 182 33.2 92.4 89.6 74.6 83.3 412.9986 0:06:52 6920.75 99912.15 6518.29 6654.23 1.99 2.91 150.53 622.73
homfam tRNA-synt_2b 11293 5 177.564 467 18.7 49.6 47.5 21.8 30.7 2716.4738 0:45:16 7685.21 103247.78 7208.75 7329.26 1.99 11.89 167.65 4562.26
homfam Stap_Strp_toxin 640 6 87.3922 254 32.5 81.5 80.8 47.3 53.6 590.5560 0:09:50 6775.78 102918.61 6424.65 6522.11 1.99 1.01 153.66 908.87
homfam Acetyltransf 46285 6 82.9897 229 24.1 62.9 62.1 31.7 41.7 3018.3565 0:50:18 8496.02 103175.49 8018.91 8143.76 1.97 34.44 179.98 5432.74
homfam ghf22 760 12 107.567 131 51.4 94.1 94.4 82.3 85.7 272.0110 0:04:32 6755.55 101957.51 6279.33 6418.10 1.99 1.20 139.41 380.77
homfam sdr 50157 13 163.253 361 23.3 80.6 79.8 34.4 45.4 3380.0389 0:56:20 9114.55 103063.10 8960.30 8989.10 1.97 54.56 156.14 5276.81
homfam ltn 1068 12 204.148 282 49.9 92.3 93.3 68.0 76.9 976.2128 0:16:16 7000.56 99908.80 6713.70 6780.89 1.99 1.80 158.09 1545.23
homfam hpr 3349 5 83.0427 89 44.4 99.3 99.3 97.7 98.5 315.1975 0:05:15 6705.84 103182.09 6230.18 6395.94 1.99 2.63 122.68 388.08
homfam bowman 499 5 26.1443 73 64.9 93.3 93.3 81.4 82.0 159.5253 0:02:39 6499.85 102918.49 6023.57 6189.52 1.99 0.79 116.30 187.04
homfam hip 167 5 66.2096 88 33.4 86.4 85.4 63.1 74.8 158.4936 0:02:38 6508.50 102922.30 6032.96 6171.61 1.99 1.01 115.55 184.69
homfam HMG_box 4779 5 66.0716 89 24.8 97.3 96.2 85.2 93.9 310.4260 0:05:10 6668.91 102920.10 6303.68 6414.25 1.99 3.26 132.32 412.31
homfam icd 5678 5 328.887 433 41.7 93.5 94.0 83.2 86.4 3977.5520 1:06:17 7767.31 103278.09 7291.27 7402.55 5.99 8.70 161.51 6432.73
homfam peroxidase 4514 5 256.626 383 37.3 80.4 83.0 54.4 56.7 3446.2049 0:57:26 7609.25 103219.57 7133.38 7253.77 1.99 6.75 173.81 5989.70
homfam asp 3262 13 284.142 381 37.5 90.8 90.8 74.9 81.3 2762.6104 0:46:02 7421.74 103233.56 7056.03 7220.96 1.99 5.48 165.36 4575.51
homfam flav 4612 6 138.021 183 35.0 85.3 85.6 55.4 63.1 917.7982 0:15:17 6936.40 99911.86 6706.50 6735.25 0.00 0.02 163.08 7.48
homfam cah 1379 5 212.706 279 38.7 88.3 88.9 69.4 77.5 896.6376 0:14:56 6919.08 99952.64 6553.34 6636.94 1.99 2.08 149.69 1343.20
homfam ace 3989 6 427.824 601 37.3 85.1 86.2 65.4 72.7 6503.8442 1:48:23 8183.95 103277.12 7707.68 7851.24 1.98 8.52 160.97 10475.35
homfam sti 613 5 165.383 198 36.4 88.9 88.5 71.2 78.1 349.1066 0:05:49 6881.87 99910.55 6405.83 6527.17 1.99 1.19 134.29 470.47
homfam aat 25100 10 337.807 476 28.6 73.9 75.4 35.3 40.7 8517.2024 2:21:57 9551.31 103149.85 9286.10 9335.99 1.98 35.89 160.42 13669.60
homfam oxidored_q6 3348 5 123.044 285 56.7 94.8 96.2 87.6 89.0 991.7532 0:16:31 6842.54 103227.87 6449.81 6537.23 1.99 3.52 159.97 1592.06
homfam hormone_rec 3509 5 188.562 308 21.5 71.0 71.8 44.8 57.6 1390.7865 0:23:10 7178.31 101960.21 6812.88 6977.84 1.99 3.83 160.96 2242.55
homfam rhv 17976 6 143.424 938 33.1 59.0 59.1 31.3 39.4 14242.4337 3:57:22 7489.39 99063.62 7013.55 7152.42 49.99 15.57 167.78 23904.79
homfam tgfb 1606 8 95.4645 118 43.8 83.1 86.4 33.3 42.4 282.1408 0:04:42 6746.07 102918.34 6269.98 6436.39 1.99 2.05 134.89 382.13
homfam cryst 1160 7 80.8078 192 44.4 92.7 92.4 73.5 76.6 369.2702 0:06:09 6831.40 99911.15 6465.85 6549.36 1.99 1.62 129.05 478.02
homfam cyclo 6288 6 159.069 203 44.1 86.6 87.8 68.8 73.6 1628.6388 0:27:08 7136.01 103246.14 6725.29 6829.35 1.99 7.73 165.36 2698.90
homfam kunitz 2266 10 53.752 64 37.9 97.5 97.5 88.3 87.5 213.3628 0:03:33 6593.46 103158.23 6117.04 6283.89 1.99 1.89 133.05 285.42
homfam Rhodanese 14049 6 102.277 216 22.7 71.7 77.9 51.0 52.0 1545.5788 0:25:45 7064.59 99913.32 6589.08 6736.31 1.98 11.79 167.35 2590.45
homfam sodcu 2038 7 141.322 169 42.2 89.6 90.1 75.3 79.2 448.6771 0:07:28 7048.65 101962.43 6572.89 6711.66 1.99 2.36 137.93 625.53
homfam profilin 687 5 123.371 144 39.7 92.3 92.3 82.8 83.5 326.1035 0:05:26 6881.68 99910.40 6443.95 6572.53 1.99 1.23 147.19 489.06
homfam glob 3983 41 100.684 174 31.7 94.3 94.0 69.4 72.6 504.4765 0:08:24 6799.71 99913.14 6583.51 6605.59 1.99 3.37 139.11 709.38
homfam tim 3904 10 205.645 260 47.5 97.9 97.8 92.3 95.6 1615.0870 0:26:55 7047.81 103281.18 6571.47 6791.63 1.99 5.05 159.77 2581.83
homfam uce 4558 13 134.701 184 34.0 90.2 89.0 56.0 64.9 582.6451 0:09:42 7026.66 102955.71 6661.07 6825.91 1.99 4.24 148.29 870.89
homfam toxin 508 20 62.311 78 43.1 91.8 89.9 63.6 73.2 171.3530 0:02:51 6522.75 99910.36 6046.95 6189.82 1.99 0.91 135.23 232.73
homfam rub 1435 5 46.1575 54 62.1 98.4 98.4 92.6 93.5 225.2121 0:03:45 6540.86 102918.79 6221.68 6294.10 1.99 1.30 119.50 270.62
homfam hom 12037 8 53.4951 98 35.3 92.3 92.0 62.3 77.5 428.2600 0:07:08 6750.44 102939.19 6676.30 6704.99 1.99 6.47 142.82 613.06
homfam biotin_lipoyl 11833 7 71.8928 112 28.9 94.6 93.0 75.3 81.0 433.9922 0:07:13 6939.00 103181.13 6573.44 6738.13 1.99 7.99 142.04 617.85
homfam cys 4316 13 198.11 284 40.5 93.0 92.3 64.6 77.1 1429.0359 0:23:49 7265.63 102965.12 7149.46 7178.31 1.99 10.69 165.05 2357.48
homfam ghf11 521 5 167.758 202 49.5 94.7 94.7 85.9 87.1 500.3250 0:08:20 6819.68 98982.04 6344.05 6464.52 0.00 0.02 156.15 5.20
homfam blmb 17200 6 192.465 344 20.6 67.6 69.8 41.5 49.5 3810.8083 1:03:30 8005.31 103059.87 7529.23 7676.29 1.98 18.83 172.57 6581.63
homfam aadh 3127 8 225.129 542 38.2 83.8 84.3 51.0 57.0 2281.7565 0:38:01 7017.56 103297.42 6750.14 6778.85 1.99 4.14 162.25 3712.64
homfam DEATH 1183 7 80.5689 159 19.6 77.2 77.2 52.4 56.5 268.1504 0:04:28 6720.73 96258.11 6355.51 6439.07 1.99 1.38 138.44 372.63
homfam Sulfotransfer 2489 5 235.798 381 26.2 58.9 59.1 28.0 34.5 3025.6644 0:50:25 7072.76 98884.60 6704.46 6870.01 1.99 4.04 168.75 5113.39
homfam serpin 3144 8 291.462 418 34.3 95.1 94.6 81.9 88.1 3553.7015 0:59:13 7312.75 103181.60 7217.30 7246.16 1.99 6.52 163.52 5819.08
homfam proteasome 5732 17 174.347 309 21.7 82.7 80.0 32.4 48.6 1178.0948 0:19:38 7131.72 96843.05 6766.85 6931.72 0.00 0.46 139.52 1653.41
homfam zf-CCHH 88345 15 23.2513 39 35.5 97.1 96.5 88.6 93.0 680.3671 0:11:20 7418.50 102939.95 6942.39 7104.77 1.94 42.25 127.37 867.95
homfam egf 7774 12 32.0765 71 31.1 78.7 78.6 33.8 36.8 283.3798 0:04:43 6532.30 99911.27 6056.38 6204.96 1.98 4.74 134.26 381.96
homfam annexin 3139 6 65.1902 323 57.2 99.6 99.8 99.4 99.4 653.8175 0:10:53 6650.58 103281.77 6285.04 6368.64 1.99 3.59 150.07 982.36
homfam OTCace 4795 5 157.005 350 37.3 94.9 95.3 85.5 87.6 1080.5358 0:18:00 6972.54 103248.36 6496.84 6716.95 1.99 4.99 153.93 1668.03
homfam rnasemam 498 6 120.072 141 42.2 93.9 90.6 71.6 83.0 244.8941 0:04:04 6717.89 102923.07 6352.52 6436.01 1.99 1.33 133.64 328.77
homfam adh 21331 5 123.64 375 63.9 39.7 59.5 9.9 9.9 1682.2787 0:28:02 7519.86 103127.19 7154.42 7238.34 1.98 18.68 156.03 2632.23
homfam il8 1073 11 63.7623 81 34.5 92.0 91.1 70.1 78.7 224.1482 0:03:44 6624.88 102771.82 6306.17 6401.72 1.99 1.14 126.44 285.01
homfam hr 3707 5 65.1513 82 53.3 99.1 99.1 94.9 99.1 314.7864 0:05:14 6567.18 99910.70 6124.12 6294.71 1.99 2.56 129.12 408.48
homfam ChtBD 774 5 38.2713 45 59.3 98.3 98.1 90.7 93.2 170.0792 0:02:50 6507.67 99909.41 6142.39 6225.90 1.99 1.44 136.10 232.96
homfam gluts 10099 14 98.1117 235 39.4 50.8 53.2 23.6 26.3 1935.0942 0:32:15 7053.91 102313.63 6940.89 6969.58 1.98 8.11 169.20 3284.87
homfam ghf5 2717 6 260.466 470 17.8 65.5 65.5 31.4 44.9 2979.2813 0:49:39 7162.16 103256.80 7004.50 7058.83 1.99 4.14 163.34 4876.10
homfam ghf13 12607 10 264.452 626 26.8 64.9 63.9 25.6 37.0 6831.1623 1:53:51 8244.12 103154.88 7768.04 7888.44 1.99 16.67 170.42 11648.22
homfam PDZ 14950 6 80.8907 110 30.6 89.2 88.8 75.8 78.9 853.5196 0:14:13 7240.39 103226.16 6874.90 7039.88 1.98 10.73 156.62 1345.41
homfam az 1086 29 100.416 215 33.4 75.1 75.2 40.8 44.2 298.2814 0:04:58 6847.04 99912.27 6481.43 6577.56 1.99 1.42 144.12 440.10
homfam hla 13465 5 153.148 178 76.5 100.0 100.0 100.0 100.0 910.3154 0:15:10 7846.62 102923.62 7370.35 7513.31 1.99 13.82 146.20 1332.40
homfam slectin 932 5 133.052 142 33.3 94.7 94.6 85.4 89.2 587.5603 0:09:47 6786.73 103118.45 6502.25 6620.12 1.99 1.39 152.59 906.31
homfam GEL 2195 5 78.1157 150 23.7 70.4 70.8 41.1 57.0 330.1886 0:05:30 6830.50 101992.27 6465.84 6553.27 1.99 1.96 147.68 495.63
homfam kringle 1091 9 75.9138 100 43.3 94.9 94.0 78.7 82.2 248.7288 0:04:08 6552.47 102937.66 6172.59 6283.91 1.99 1.59 133.68 333.81
homfam p450 21013 12 331.506 512 20.8 69.7 68.5 31.5 39.7 9651.0750 2:40:51 9979.36 103214.73 9613.10 9696.85 5.98 33.31 160.98 15525.98
homfam gpdh 7691 8 129.082 360 55.1 96.5 96.3 88.5 91.4 1268.6255 0:21:08 7111.66 103283.64 6652.21 6772.53 1.99 7.93 154.31 1964.93
homfam int 7572 5 168.037 219 22.5 89.3 90.0 72.8 79.1 1875.5405 0:31:15 7321.91 103053.19 6956.37 7121.24 1.98 8.13 163.40 3065.07
homfam KAS 2070 6 174.528 404 31.7 87.0 86.6 69.5 75.1 956.8846 0:15:56 7086.93 99912.12 6721.50 6864.71 1.99 2.54 156.12 1496.35
homfam trfl 837 7 242.315 702 61.9 93.6 94.3 84.5 85.5 2002.5804 0:33:22 7161.39 100328.29 6776.95 6939.67 1.99 1.92 162.29 3251.52
homfam TNF 556 5 119.903 176 32.0 81.5 81.1 63.1 68.7 267.7737 0:04:27 6899.04 99912.02 6423.18 6561.86 1.99 1.34 141.61 380.70
homfam scorptoxin 363 8 53.2562 74 46.3 91.2 90.5 72.6 81.2 153.8042 0:02:33 6477.02 101958.45 6111.62 6195.20 1.99 1.09 118.11 183.24
homfam aldosered 13277 7 268.547 386 41.6 86.3 89.1 66.8 74.9 4646.4037 1:17:26 8130.21 103299.93 7653.28 7774.19 1.98 18.19 161.38 7496.69
homfam rrm 27610 20 67.4587 157 22.9 82.4 81.9 17.1 22.7 700.1973 0:11:40 7169.50 99915.49 6693.38 6837.16 1.98 18.16 135.16 947.95
