homfam ricin 747 7 198.708 281 37.5 76.0 87.1 63.4 68.6 952.8346 0:15:52 15117.09 105205.31 14733.21 14839.23 1.99 1.67 127.51 1216.46

homfam ghf10 1502 5 220.34 364 43.3 91.1 91.1 78.0 83.5 1749.3680 0:29:09 9256.07 99213.52 8862.85 9039.73 1.99 4.70 155.56 2722.75

homfam seatoxin 93 5 43.6344 54 42.6 61.6 59.1 8.2 9.3 506.5822 0:08:26 7870.46 97815.04 7726.11 7782.21 0.00 0.02 64.78 4.55

homfam mofe 2567 6 353.074 609 30.0 79.5 83.6 55.8 62.1 2669.9273 0:44:29 15017.32 105058.48 14511.68 14651.63 1.99 4.58 160.56 4288.20

homfam cyt3 385 6 92.3065 130 40.3 82.1 81.3 61.9 69.4 413.7847 0:06:53 8185.98 98530.74 7772.58 7925.76 1.99 1.35 109.60 455.07

homfam ins 793 6 65.2825 74 44.9 90.6 90.2 63.8 85.7 535.4455 0:08:55 8445.04 98764.07 7997.66 8116.11 1.99 1.35 124.08 665.78

homfam Ald_Xan_dh_2 2589 6 109.304 885 31.8 11.8 12.8 1.0 0.1 4199.9858 1:09:59 12203.10 102305.07 11747.75 11865.28 45.99 2.88 158.54 6660.89

homfam tms 2118 5 264.245 357 45.9 70.1 91.5 27.4 29.6 2048.6224 0:34:08 14164.13 104255.39 13660.05 13777.13 1.99 6.03 152.85 3132.50

homfam phc 2957 12 98.4711 179 37.2 86.1 86.2 59.8 65.5 952.9803 0:15:52 15156.34 105257.64 14785.15 14925.74 1.99 2.93 125.34 1196.07

homfam cytb 3206 6 82.1454 100 35.6 91.4 91.6 72.8 80.2 1098.2142 0:18:18 8244.68 98529.30 7720.27 7849.45 17.99 2.66 128.85 1417.69

homfam mmp 1427 6 157.93 180 55.1 95.4 97.0 85.8 89.7 1154.3672 0:19:14 15138.91 105230.39 14758.90 14876.59 1.99 2.19 138.51 1600.44

homfam phoslip 946 18 113.33 137 48.9 95.1 94.6 73.5 83.1 571.4013 0:09:31 8319.89 98667.72 7894.94 8044.82 1.99 1.33 115.76 663.03

homfam HLH 6781 5 53.5453 92 28.1 86.8 93.7 67.9 77.4 900.8691 0:15:00 15094.73 105186.23 14713.62 14831.40 1.99 3.99 126.23 1144.87

homfam myb_DNA-binding 10398 5 46.5583 61 40.7 96.8 95.6 83.9 90.0 876.2944 0:14:36 15091.85 105189.61 14699.95 14816.86 1.98 6.07 129.55 1136.84

homfam msb 4884 8 106.037 158 26.6 40.4 74.6 2.1 0.4 730.6620 0:12:10 8519.25 102926.79 8319.30 8417.70 1.98 4.31 141.91 1038.30

homfam ghf1 4358 8 403.813 562 38.4 75.9 94.5 19.9 20.7 4742.6249 1:19:02 15081.32 104988.36 14672.58 14864.87 1.99 7.96 162.80 7730.27

homfam rvp 93681 6 94.2886 132 36.6 79.9 79.8 53.2 59.9 3711.9046 1:01:51 12709.70 102924.58 12280.66 12445.50 0.00 0.02 134.20 30.78

homfam lyase_1 7632 5 295.082 511 30.9 65.3 77.7 52.5 58.8 3687.1604 1:01:27 13295.54 103311.74 12814.76 12955.78 0.00 0.02 160.52 30.82

homfam ldh 7367 14 121.378 371 31.9 28.3 39.4 0.5 0.0 2121.1739 0:35:21 9080.71 99301.08 8593.45 8723.48 1.99 7.07 149.65 3175.90

homfam subt 7517 11 301.598 414 39.5 77.7 78.8 28.1 38.7 6380.7991 1:46:20 14320.41 104339.08 13815.83 13921.79 1.98 12.67 161.29 10301.32

homfam sodfe 4455 8 77.4471 219 42.3 42.9 49.5 23.9 24.7 1151.9396 0:19:11 15083.35 105246.79 14701.66 14818.72 1.99 3.47 133.38 1538.08

homfam LIM 6428 5 57.0143 86 52.8 97.3 97.3 86.6 94.2 612.2940 0:10:12 15086.25 105185.15 15109.61 15136.27 1.99 4.14 117.57 721.31

homfam blm 9105 8 300.727 274 39.1 13.2 15.9 0.0 0.0 5599.6121 1:33:19 12472.31 102589.95 11992.79 12132.45 1.98 13.46 162.00 9073.43

homfam DMRL_synthase 2099 5 140.59 182 33.2 93.0 90.7 73.4 84.1 937.3749 0:15:37 8645.91 98989.25 8221.91 8371.55 1.99 2.59 126.77 1189.92

homfam tRNA-synt_2b 11293 5 177.564 467 18.7 21.7 28.5 2.6 0.4 2612.4652 0:43:32 11970.88 101989.28 11466.55 11583.66 1.99 12.07 148.30 3875.54

homfam Stap_Strp_toxin 640 6 87.3922 254 32.5 21.6 27.7 0.0 0.0 794.7776 0:13:14 15163.93 105281.29 14781.92 14888.20 1.99 0.96 132.73 1056.29

homfam Acetyltransf 46285 6 82.9897 229 24.1 45.4 48.9 19.0 26.0 2665.6272 0:44:25 15125.35 105225.81 14753.83 14893.49 53.95 33.80 134.63 3591.24

homfam ghf22 760 12 107.567 131 51.4 95.1 95.1 80.8 84.1 558.4788 0:09:18 8296.01 98629.20 7870.48 8035.42 1.99 1.45 104.59 563.29

homfam sdr 50157 13 163.253 361 23.3 56.0 62.9 2.5 0.1 5573.1575 1:32:53 12822.95 103086.79 12322.05 12456.18 1.96 55.25 150.95 8413.25

homfam ltn 1068 12 204.148 282 49.9 93.4 94.0 70.0 79.1 1272.6518 0:21:12 12262.21 102279.60 11781.53 11921.90 1.99 1.73 136.14 1734.46

homfam hpr 3349 5 83.0427 89 44.4 99.3 99.3 97.7 98.5 713.0747 0:11:53 8293.33 103200.46 7869.20 7972.53 0.00 0.02 116.62 5.87

homfam bowman 499 5 26.1443 73 64.9 88.7 94.1 74.3 76.2 345.6258 0:05:45 7823.07 98079.90 7361.22 7491.21 1.99 1.02 75.99 264.24

homfam hip 167 5 66.2096 88 33.4 84.9 84.4 61.9 69.8 386.1887 0:06:26 7756.77 100114.11 7251.56 7381.94 1.99 0.62 93.14 361.10

homfam HMG_box 4779 5 66.0716 89 24.8 97.3 96.2 85.2 93.9 766.8798 0:12:46 15132.48 105234.86 14713.75 14854.19 1.99 3.50 105.37 809.47

homfam icd 5678 5 328.887 433 41.7 58.8 93.3 5.0 3.1 3887.2053 1:04:47 13418.14 103434.82 12864.52 13004.31 1.99 8.92 162.53 6323.36

homfam peroxidase 4514 5 256.626 383 37.3 64.0 72.8 45.8 50.6 2496.7248 0:41:36 14816.88 104908.86 14312.53 14429.75 1.99 6.38 150.58 3761.22

homfam asp 3262 13 284.142 381 37.5 90.5 90.9 72.5 79.2 2674.9671 0:44:34 10090.90 100203.77 9638.84 9730.43 1.99 5.42 155.36 4157.14

homfam flav 4612 6 138.021 183 35.0 70.3 77.3 38.9 44.5 1299.9517 0:21:39 15083.27 105183.82 14647.03 14811.21 1.99 4.28 134.97 1755.98

homfam cah 1379 5 212.706 279 38.7 89.2 89.7 69.7 76.0 1473.9070 0:24:33 13537.21 103554.71 13032.14 13173.09 0.00 0.02 140.07 13.03

homfam ace 3989 6 427.824 601 37.3 86.4 86.7 66.1 73.0 5320.9465 1:28:40 15111.91 105210.08 14699.49 14862.89 9.98 8.75 161.98 8620.07

homfam sti 613 5 165.383 198 36.4 77.9 77.0 47.8 52.5 530.3001 0:08:50 15077.90 105181.29 14665.73 14805.77 1.99 1.44 127.51 677.74

homfam aat 25100 10 337.807 476 28.6 44.2 51.1 16.0 19.0 10874.5890 3:01:14 15131.14 105235.20 14742.50 14905.18 1.98 36.20 161.65 17587.65

homfam oxidored_q6 3348 5 123.044 285 56.7 49.8 63.3 16.9 17.4 1263.9892 0:21:03 15080.26 105182.73 14849.25 14920.62 1.99 3.52 155.18 1962.97

homfam hormone_rec 3509 5 188.562 308 21.5 31.1 56.7 0.7 0.1 1375.4561 0:22:55 15133.74 105183.71 14610.86 14717.23 1.99 4.03 152.66 2101.11

homfam rhv 17976 6 143.424 938 33.1 10.6 17.3 0.0 0.0 13009.9448 3:36:49 15145.76 105311.74 14908.49 14979.88 1.99 15.55 153.34 19956.29

homfam tgfb 1606 8 95.4645 118 43.8 84.3 85.2 40.2 45.8 678.3096 0:11:18 8328.59 98577.67 7728.01 7857.75 1.99 1.89 107.02 727.21

homfam cryst 1160 7 80.8078 192 44.4 91.7 91.6 70.7 73.8 677.7111 0:11:17 8378.64 98627.48 8053.52 8185.17 1.99 1.29 118.28 803.38

homfam cyclo 6288 6 159.069 203 44.1 90.3 91.4 73.5 77.9 1601.1378 0:26:41 11539.35 101608.51 11012.48 11152.17 1.99 7.21 153.60 2459.97

homfam kunitz 2266 10 53.752 64 37.9 98.2 98.2 91.7 91.1 583.5532 0:09:43 7988.05 98316.69 7487.90 7638.27 1.99 1.93 95.62 559.37

homfam Rhodanese 14049 6 102.277 216 22.7 19.6 25.9 2.1 0.2 1997.8194 0:33:17 14676.23 104694.00 14170.63 14276.58 1.98 11.41 147.70 2952.31

homfam sodcu 2038 7 141.322 169 42.2 90.4 90.7 75.3 80.1 977.4630 0:16:17 15111.28 105207.51 14699.79 14817.02 1.99 2.67 130.60 1278.12

homfam profilin 687 5 123.371 144 39.7 94.8 94.8 87.5 88.5 541.5426 0:09:01 8486.52 98807.27 8047.19 8200.02 1.99 1.46 120.07 651.73

homfam glob 3983 41 100.684 174 31.7 76.2 88.6 55.9 59.3 997.2088 0:16:37 15071.52 105184.74 14686.99 14826.96 1.99 3.37 125.74 1255.26

homfam tim 3904 10 205.645 260 47.5 98.2 98.1 93.1 96.0 1525.3573 0:25:25 9132.82 99260.04 8616.29 8745.92 1.99 5.06 148.74 2270.30

homfam uce 4558 13 134.701 184 34.0 91.8 90.4 55.4 63.4 948.3193 0:15:48 15142.18 105159.82 14740.83 14846.42 1.99 4.46 137.53 1305.67

homfam toxin 508 20 62.311 78 43.1 90.0 88.4 62.3 71.5 404.6988 0:06:44 14915.36 105030.21 14407.79 14540.95 1.99 1.10 94.03 381.92

homfam rub 1435 5 46.1575 54 62.1 98.4 98.4 92.6 93.5 421.0895 0:07:01 15129.37 105230.43 14745.48 14886.19 1.99 1.29 99.54 420.62

homfam hom 12037 8 53.4951 98 35.3 96.9 96.5 75.4 91.2 879.8102 0:14:39 8519.51 99556.21 7973.08 8188.87 1.99 6.50 129.22 1145.33

homfam biotin_lipoyl 11833 7 71.8928 112 28.9 94.9 96.7 78.8 81.8 1014.5331 0:16:54 10436.75 100511.64 9939.47 10080.37 1.99 7.78 126.13 1281.25

homfam cys 4316 13 198.11 284 40.5 93.5 93.1 69.4 79.8 1706.4994 0:28:26 14618.43 104747.46 14086.54 14250.86 1.99 11.54 149.31 2549.08

homfam ghf11 521 5 167.758 202 49.5 94.5 94.2 84.9 85.4 764.5863 0:12:44 14456.85 104282.24 13953.60 14085.48 1.99 1.18 126.22 966.39

homfam blmb 17200 6 192.465 344 20.6 42.6 55.9 3.3 0.3 4142.9923 1:09:02 14655.52 104672.48 14160.40 14323.70 33.98 20.02 156.04 6466.77

homfam aadh 3127 8 225.129 542 38.2 54.1 57.1 28.8 32.1 1968.8426 0:32:48 15144.03 105246.64 14610.79 14728.52 1.99 4.57 153.53 3024.19

homfam DEATH 1183 7 80.5689 159 19.6 60.8 66.2 0.0 0.0 603.2672 0:10:03 8357.59 98656.34 7767.58 7927.25 1.99 1.39 117.32 709.36

homfam Sulfotransfer 2489 5 235.798 381 26.2 27.8 53.6 3.0 1.1 2008.0101 0:33:28 15082.72 105182.52 14710.02 14827.45 1.99 3.89 158.10 3175.93

homfam serpin 3144 8 291.462 418 34.3 97.1 96.3 85.7 91.5 2847.1609 0:47:27 14465.65 104547.40 13960.72 14101.31 1.99 4.79 163.72 4662.79

homfam proteasome 5732 17 174.347 309 21.7 40.4 70.6 0.0 0.0 1699.6951 0:28:19 15113.37 105210.09 14740.75 14857.69 1.99 5.96 148.94 2533.11

homfam zf-CCHH 88345 15 23.2513 39 35.5 97.1 96.5 88.6 93.0 2046.0757 0:34:06 14944.00 104985.93 14739.93 14880.40 29.95 54.57 113.12 2317.23

homfam egf 7774 12 32.0765 71 31.1 52.2 58.4 0.0 0.0 562.4267 0:09:22 15084.05 105187.31 14696.08 14813.27 0.00 0.02 125.65 5.05

homfam annexin 3139 6 65.1902 323 57.2 100.0 100.0 100.0 100.0 1498.5031 0:24:58 14057.29 104131.83 13560.39 13677.55 1.99 2.64 155.01 2324.47

homfam OTCace 4795 5 157.005 350 37.3 65.5 68.0 50.7 49.5 1614.6087 0:26:54 8830.21 98992.63 8607.02 8754.37 1.99 5.03 151.19 2442.66

homfam rnasemam 498 6 120.072 141 42.2 90.4 87.1 61.9 71.3 549.8712 0:09:09 15107.54 105205.25 14696.07 14836.72 1.99 1.01 95.63 527.48

homfam adh 21331 5 123.64 375 63.9 62.0 68.3 34.4 34.6 2844.5759 0:47:24 15174.11 105276.10 14804.30 14910.19 1.98 18.72 156.50 4453.30

homfam il8 1073 11 63.7623 81 34.5 91.7 91.1 68.8 78.4 495.0302 0:08:15 7951.21 98270.06 7424.73 7576.95 1.99 1.44 100.22 497.56

homfam hr 3707 5 65.1513 82 53.3 100.0 100.0 100.0 100.0 750.3927 0:12:30 15086.07 105246.73 14655.06 14772.49 77.99 2.67 115.85 872.01

homfam ChtBD 774 5 38.2713 45 59.3 99.3 99.0 95.3 97.1 383.4662 0:06:23 15076.07 105180.29 14650.60 14756.73 1.99 1.38 88.81 342.07

homfam gluts 10099 14 98.1117 235 39.4 40.6 44.4 10.7 12.0 2178.8890 0:36:18 13846.14 103927.71 13341.17 13446.89 1.98 8.18 150.86 3288.73

homfam ghf5 2717 6 260.466 470 17.8 36.7 55.3 0.3 0.0 2950.7788 0:49:10 15156.06 105256.56 14785.34 14926.11 0.00 0.02 165.49 19.39

homfam ghf13 12607 10 264.452 626 26.8 27.2 42.0 0.3 0.0 4772.0781 1:19:32 11483.16 103030.32 11014.76 11150.69 29.99 16.50 155.32 7420.11

homfam PDZ 14950 6 80.8907 110 30.6 87.2 87.7 67.7 67.4 1297.5979 0:21:37 15176.68 105194.39 14797.69 14914.49 1.98 11.02 138.64 1800.61

homfam az 1086 29 100.416 215 33.4 73.5 75.2 2.2 0.3 594.0098 0:09:54 8363.06 98735.58 7828.66 7986.43 1.99 2.09 122.38 728.37

homfam hla 13465 5 153.148 178 76.5 100.0 100.0 100.0 100.0 1862.8930 0:31:02 10026.78 100100.77 9986.79 10016.79 1.99 13.62 140.17 2612.58

homfam slectin 932 5 133.052 142 33.3 93.7 94.5 85.4 88.9 880.4566 0:14:40 15203.70 105370.31 14809.18 14915.28 1.99 1.35 127.85 1127.07

homfam GEL 2195 5 78.1157 150 23.7 36.6 62.7 1.4 0.2 799.2534 0:13:19 13663.36 103745.05 13107.97 13225.20 1.99 1.99 118.01 944.96

homfam kringle 1091 9 75.9138 100 43.3 96.6 95.2 82.0 86.0 531.4008 0:08:51 15086.93 105245.36 14687.27 14805.07 0.00 0.02 103.30 5.52

homfam p450 21013 12 331.506 512 20.8 59.6 68.3 2.4 0.2 12505.2204 3:28:25 14733.30 104848.25 14233.92 14385.42 1.98 33.00 160.93 20125.54

homfam gpdh 7691 8 129.082 360 55.1 55.4 63.9 43.0 43.2 2206.2046 0:36:46 15087.88 105188.32 14660.46 14800.16 1.99 7.70 152.23 3360.03

homfam int 7572 5 168.037 219 22.5 89.0 89.1 71.8 76.4 2135.4214 0:35:35 15091.44 105187.31 14715.22 14832.68 1.98 8.55 146.56 3137.98

homfam KAS 2070 6 174.528 404 31.7 60.7 64.1 44.0 44.6 1187.1047 0:19:47 15160.25 105256.47 15170.88 15197.49 1.99 2.93 155.00 1841.44

homfam trfl 837 7 242.315 702 61.9 95.6 96.1 89.0 89.8 2395.1860 0:39:55 13537.26 103618.02 12981.93 13099.19 1.99 1.81 162.23 3887.32

homfam TNF 556 5 119.903 176 32.0 34.7 72.6 2.5 0.3 551.7801 0:09:11 15077.20 105180.27 14707.95 14825.64 1.99 1.06 104.53 578.13

homfam scorptoxin 363 8 53.2562 74 46.3 89.3 88.5 69.9 76.8 372.3347 0:06:12 15082.17 105180.24 14693.24 14799.49 1.99 1.03 83.22 311.33

homfam aldosered 13277 7 268.547 386 41.6 89.5 92.2 72.0 79.5 5178.4524 1:26:18 11042.49 102619.55 10562.35 10706.00 217.98 18.47 159.89 8287.89

homfam rrm 27610 20 67.4587 157 22.9 73.8 77.8 3.6 0.0 1594.0025 0:26:34 11425.16 101451.16 10955.28 11072.65 20.00 0.02 136.59 14.86

