homfam ricin 747 7 198.708 281 37.5 91.0 91.2 76.6 84.0 638.0896 0:10:38 6970.61 102921.28 6493.84 6632.85 1.99 1.39 153.38 986.47
homfam ghf10 1502 5 220.34 364 43.3 92.1 92.5 78.3 84.4 2271.2751 0:37:51 7042.78 103293.64 6677.88 6782.13 1.99 2.38 171.52 3904.33
homfam seatoxin 93 5 43.6344 54 42.6 65.7 64.0 10.2 9.7 146.4602 0:02:26 6424.64 101993.17 6058.91 6170.27 1.99 0.67 125.51 184.66
homfam mofe 2567 6 353.074 609 30.0 81.7 84.8 64.9 70.9 5110.2532 1:25:10 7600.82 103195.27 7235.51 7319.09 1.99 4.28 166.66 8523.62
homfam cyt3 385 6 92.3065 130 40.3 81.9 82.9 63.6 71.8 211.1261 0:03:31 6733.79 99912.12 6271.18 6409.95 1.99 0.93 132.82 281.66
homfam ins 793 6 65.2825 74 44.9 92.9 95.0 68.1 92.0 372.6764 0:06:12 6786.10 99911.12 6420.46 6504.12 1.99 1.46 155.37 587.61
homfam Ald_Xan_dh_2 2589 6 109.304 885 31.8 84.2 84.5 64.3 73.2 2134.3546 0:35:34 6554.67 99913.14 6189.28 6305.30 1.99 3.00 164.76 3523.26
homfam tms 2118 5 264.245 357 45.9 96.2 95.6 86.0 90.4 1935.4224 0:32:15 6997.01 103197.58 6554.00 6673.93 1.99 3.63 158.56 3074.37
homfam phc 2957 12 98.4711 179 37.2 96.6 96.6 79.3 84.2 559.2187 0:09:19 6990.60 101958.82 6514.62 6653.41 1.99 2.74 157.08 879.75
homfam cytb 3206 6 82.1454 100 35.6 93.3 93.3 76.1 82.8 839.3683 0:13:59 6635.67 98175.42 6269.83 6353.39 1.99 4.47 169.71 1424.16
homfam mmp 1427 6 157.93 180 55.1 95.1 95.9 85.2 90.2 893.1576 0:14:53 6921.65 99815.13 6556.17 6639.74 1.99 1.94 158.72 1424.76
homfam phoslip 946 18 113.33 137 48.9 93.8 93.6 69.9 79.3 297.9603 0:04:57 6846.94 99910.44 6371.11 6509.87 1.99 1.36 142.79 426.38
homfam HLH 6781 5 53.5453 92 28.1 87.4 91.1 65.5 77.1 547.8864 0:09:07 6790.92 102938.37 6425.25 6508.79 1.99 4.02 145.82 806.64
homfam myb_DNA-binding 10398 5 46.5583 61 40.7 94.4 93.3 78.6 84.0 446.8127 0:07:26 6821.43 103262.79 6455.86 6539.40 1.98 5.95 129.49 586.74
homfam msb 4884 8 106.037 158 26.6 87.2 88.6 62.1 75.2 510.4281 0:08:30 7041.34 103117.98 6565.37 6704.10 1.98 4.39 152.98 790.34
homfam ghf1 4358 8 403.813 562 38.4 92.3 92.3 72.6 80.4 5018.8101 1:23:38 7898.29 103120.00 7533.02 7629.63 1.99 8.16 161.89 8132.24
homfam rvp 93681 6 94.2886 132 36.6 82.6 83.5 51.4 57.8 1262.9196 0:21:02 9450.55 103007.55 9133.88 9274.80 1.99 58.45 138.79 1761.10
homfam lyase_1 7632 5 295.082 511 30.9 81.0 81.2 61.8 66.8 3412.7283 0:56:52 7527.27 103174.68 7279.95 7371.21 1.99 10.38 160.49 5482.88
homfam ldh 7367 14 121.378 371 31.9 89.5 89.3 59.5 70.9 1225.5428 0:20:25 7007.80 103784.68 6642.16 6725.74 1.99 11.12 162.05 1987.31
homfam subt 7517 11 301.598 414 39.5 78.2 78.6 27.3 38.9 9626.7300 2:40:26 8104.93 103207.27 7941.86 7991.74 1.98 12.25 174.67 16820.99
homfam sodfe 4455 8 77.4471 219 42.3 91.5 90.4 66.0 69.5 771.1557 0:12:51 6703.55 99910.85 6336.41 6447.58 1.99 3.68 149.72 1155.68
homfam LIM 6428 5 57.0143 86 52.8 97.9 97.9 87.8 95.8 311.8413 0:05:11 6699.62 100856.33 6333.96 6421.11 1.99 4.21 137.98 431.79
homfam blm 9105 8 300.727 274 39.1 67.8 70.4 44.2 46.0 4730.8231 1:18:50 8040.68 103139.77 7675.30 7786.05 1.98 12.98 163.39 7736.69
homfam DMRL_synthase 2099 5 140.59 182 33.2 92.5 89.8 74.6 83.3 422.3008 0:07:02 7046.03 101958.77 6570.31 6713.10 1.99 2.61 127.42 539.60
homfam tRNA-synt_2b 11293 5 177.564 467 18.7 44.6 42.7 23.8 33.6 2815.7915 0:46:55 7505.46 103231.32 7029.13 7149.55 1.99 11.55 166.51 4696.12
homfam Stap_Strp_toxin 640 6 87.3922 254 32.5 79.7 79.4 47.7 53.6 523.3104 0:08:43 6622.61 102921.26 6146.90 6289.61 1.99 1.00 152.74 800.95
homfam Acetyltransf 46285 6 82.9897 229 24.1 63.4 63.7 34.4 44.7 3534.9115 0:58:54 8456.34 99931.70 8092.23 8257.12 11.61 33.94 179.60 6357.60
homfam ghf22 760 12 107.567 131 51.4 95.5 95.7 85.4 89.2 275.8479 0:04:35 6686.99 102921.77 6211.11 6349.88 1.99 1.46 136.42 377.84
homfam sdr 50157 13 163.253 361 23.3 77.5 76.5 34.4 45.4 3348.6542 0:55:48 9103.77 103215.80 9033.64 9062.47 1.96 55.33 155.60 5209.68
homfam ltn 1068 12 204.148 282 49.9 92.2 92.8 67.6 76.4 873.8637 0:14:33 6722.82 103053.70 6357.62 6494.04 1.99 4.14 159.42 1399.06
homfam hpr 3349 5 83.0427 89 44.4 99.3 99.3 97.7 98.5 296.5319 0:04:56 6719.23 102745.98 6243.27 6382.09 1.99 2.59 143.85 427.49
homfam bowman 499 5 26.1443 73 64.9 94.5 94.5 82.9 84.9 162.4866 0:02:42 6508.93 96118.46 6066.46 6184.55 1.99 0.79 113.46 185.89
homfam hip 167 5 66.2096 88 33.4 88.2 87.2 65.5 77.8 156.4226 0:02:36 6522.21 101897.13 6106.63 6196.76 1.99 0.70 117.23 183.66
homfam HMG_box 4779 5 66.0716 89 24.8 93.9 93.4 77.8 85.4 318.7928 0:05:18 6678.43 96212.31 6313.09 6400.58 1.99 3.48 136.89 438.09
homfam icd 5678 5 328.887 433 41.7 94.2 94.6 82.9 86.5 4211.9872 1:10:11 7669.11 103159.41 7194.00 7314.21 1.99 8.38 163.39 6885.18
homfam peroxidase 4514 5 256.626 383 37.3 78.2 80.7 47.3 50.5 3497.3631 0:58:17 7270.63 102963.18 6904.93 6988.59 1.99 6.21 168.85 5913.67
homfam asp 3262 13 284.142 381 37.5 90.8 91.1 70.9 79.2 2710.3148 0:45:10 7471.58 103201.10 6995.55 7134.31 1.99 5.57 163.39 4436.67
homfam flav 4612 6 138.021 183 35.0 82.3 82.8 59.4 61.2 1115.1212 0:18:35 6873.32 103088.16 6507.86 6627.19 1.99 4.26 157.80 1768.98
homfam cah 1379 5 212.706 279 38.7 86.2 86.9 64.2 73.3 953.2113 0:15:53 6918.98 102937.66 6456.15 6581.62 1.99 4.37 156.57 1494.15
homfam ace 3989 6 427.824 601 37.3 79.9 82.5 58.1 63.3 8090.0936 2:14:50 8109.22 103192.56 7744.77 7828.22 1.98 8.46 168.42 13632.61
homfam sti 613 5 165.383 198 36.4 88.5 88.2 72.3 79.4 365.0992 0:06:05 6945.29 102922.37 6557.38 6655.26 1.99 1.47 142.79 522.69
homfam aat 25100 10 337.807 476 28.6 76.9 77.5 32.6 38.8 8471.3646 2:21:11 9601.74 103242.15 9125.77 9269.61 1.98 35.83 159.15 13476.96
homfam oxidored_q6 3348 5 123.044 285 56.7 91.9 93.3 84.2 85.9 987.6713 0:16:27 6816.38 101959.97 6436.76 6520.31 1.99 3.58 156.90 1557.32
homfam hormone_rec 3509 5 188.562 308 21.5 70.9 71.9 45.9 58.9 1379.7620 0:22:59 7085.57 99911.79 6720.05 6803.62 1.99 3.80 156.99 2172.83
homfam rhv 17976 6 143.424 938 33.1 57.6 61.4 28.9 36.1 12527.0644 3:28:47 7528.70 102921.91 7164.06 7247.74 1.99 15.11 169.72 21266.82
homfam tgfb 1606 8 95.4645 118 43.8 83.1 87.4 36.8 46.0 310.6690 0:05:10 6629.45 102923.77 6162.14 6274.14 1.99 1.62 139.17 433.87
homfam cryst 1160 7 80.8078 192 44.4 92.2 92.0 72.4 75.1 370.1679 0:06:10 6842.16 99909.57 6477.14 6560.54 1.99 1.31 146.05 542.02
homfam cyclo 6288 6 159.069 203 44.1 87.8 88.7 71.4 76.7 1558.9404 0:25:58 7190.72 102923.64 6825.35 6944.14 1.99 7.62 160.84 2515.95
homfam kunitz 2266 10 53.752 64 37.9 97.5 97.5 88.3 87.5 235.8746 0:03:55 6633.70 102919.77 6157.20 6316.17 1.99 1.93 141.47 335.15
homfam Rhodanese 14049 6 102.277 216 22.7 74.0 81.4 54.7 57.5 1379.1787 0:22:59 7139.38 103275.02 6771.58 6855.13 1.98 11.48 158.15 2188.50
homfam sodcu 2038 7 141.322 169 42.2 89.5 90.0 74.7 78.5 457.0215 0:07:37 6928.64 97958.59 6562.99 6646.64 1.99 2.36 127.06 584.07
homfam profilin 687 5 123.371 144 39.7 92.2 92.4 82.8 84.2 305.4009 0:05:05 6681.05 99909.52 6204.70 6347.88 1.99 1.58 140.88 438.17
homfam glob 3983 41 100.684 174 31.7 94.5 94.2 68.8 71.9 509.8971 0:08:29 6849.56 102919.52 6484.06 6580.15 1.99 3.37 142.34 732.82
homfam tim 3904 10 205.645 260 47.5 98.0 97.9 93.1 96.2 1695.2766 0:28:15 7035.37 103142.28 6669.88 6753.50 1.99 5.05 155.83 2643.32
homfam uce 4558 13 134.701 184 34.0 90.1 89.3 57.2 65.7 539.1640 0:08:59 7046.98 99910.09 6571.50 6710.09 1.99 4.18 150.13 812.63
homfam toxin 508 20 62.311 78 43.1 90.9 89.0 62.3 71.5 175.6078 0:02:55 6648.39 102921.92 6283.17 6366.66 1.99 0.89 132.76 234.64
homfam rub 1435 5 46.1575 54 62.1 98.4 98.4 92.6 93.5 226.1369 0:03:46 6573.84 96103.15 6208.63 6330.07 1.99 1.38 121.62 276.72
homfam hom 12037 8 53.4951 98 35.3 95.3 95.2 69.6 85.1 381.9835 0:06:21 6720.14 99913.17 6354.83 6438.38 1.99 8.80 148.00 566.68
homfam biotin_lipoyl 11833 7 71.8928 112 28.9 93.8 94.1 78.8 83.3 451.6473 0:07:31 6893.64 103123.11 6461.13 6556.36 1.99 7.80 136.56 618.22
homfam cys 4316 13 198.11 284 40.5 94.0 93.5 71.6 81.2 1321.6696 0:22:01 7249.51 103139.80 6883.99 6967.57 1.99 6.26 163.19 2160.95
homfam ghf11 521 5 167.758 202 49.5 91.1 90.9 76.6 77.9 483.1177 0:08:03 6756.62 101958.53 6354.78 6450.89 1.99 1.46 152.96 740.54
homfam blmb 17200 6 192.465 344 20.6 65.9 69.2 38.9 48.8 3861.5618 1:04:21 8076.77 103301.24 7711.14 7876.07 1.98 19.47 171.30 6621.02
homfam aadh 3127 8 225.129 542 38.2 85.1 85.3 49.9 55.5 2362.9617 0:39:22 7020.14 103207.70 6544.40 6683.04 1.99 4.44 162.19 3840.60
homfam DEATH 1183 7 80.5689 159 19.6 77.1 78.5 43.5 59.2 278.1809 0:04:38 6726.11 103123.35 6250.18 6388.94 1.99 1.36 131.63 367.63
homfam Sulfotransfer 2489 5 235.798 381 26.2 76.1 76.6 49.0 58.7 2267.4645 0:37:47 7021.73 103243.60 6544.94 6684.23 1.99 3.81 165.06 3750.04
homfam serpin 3144 8 291.462 418 34.3 95.5 95.0 83.2 90.0 3348.6008 0:55:48 7677.05 103261.34 7311.50 7395.09 1.99 4.58 161.91 5428.26
homfam proteasome 5732 17 174.347 309 21.7 83.6 82.4 33.8 50.4 1016.0956 0:16:56 7162.77 103128.79 6686.64 6825.50 1.99 5.73 152.38 1550.69
homfam zf-CCHH 88345 15 23.2513 39 35.5 96.9 96.2 88.6 93.0 681.8709 0:11:21 7426.69 102928.65 7061.00 7226.03 5.96 52.37 132.55 906.35
homfam egf 7774 12 32.0765 71 31.1 78.3 77.7 35.3 39.3 282.7998 0:04:42 6567.93 99909.87 6092.07 6230.83 1.98 4.75 135.18 383.26
homfam annexin 3139 6 65.1902 323 57.2 99.6 99.8 99.4 99.4 684.3898 0:11:24 6720.66 99912.37 6336.68 6423.89 1.99 4.01 162.57 1113.61
homfam OTCace 4795 5 157.005 350 37.3 94.9 95.2 83.7 86.9 1072.1416 0:17:52 7031.53 103144.52 6665.85 6753.51 5.99 5.36 156.67 1680.67
homfam rnasemam 498 6 120.072 141 42.2 93.8 90.5 73.1 84.4 246.2824 0:04:06 6700.48 101994.18 6224.61 6391.18 1.99 1.00 133.27 329.70
homfam adh 21331 5 123.64 375 63.9 97.0 97.3 92.0 92.3 1954.8143 0:32:34 7439.72 103052.81 7073.94 7184.88 1.98 18.46 158.73 3111.63
homfam il8 1073 11 63.7623 81 34.5 89.1 88.7 59.7 67.4 231.0179 0:03:51 6657.67 99909.40 6292.24 6375.80 1.99 1.54 122.90 285.39
homfam hr 3707 5 65.1513 82 53.3 99.1 99.1 94.9 99.1 284.1482 0:04:44 6722.70 99909.72 6357.75 6445.34 1.99 2.55 133.18 379.95
homfam ChtBD 774 5 38.2713 45 59.3 99.3 99.0 95.3 97.1 168.9193 0:02:48 6498.02 96041.96 6022.34 6165.12 1.99 1.45 138.10 234.39
homfam gluts 10099 14 98.1117 235 39.4 74.6 80.0 8.2 6.5 1939.4456 0:32:19 7056.00 103246.25 6663.43 6778.80 1.98 8.00 171.57 3326.85
homfam ghf5 2717 6 260.466 470 17.8 66.2 66.9 33.9 48.2 2975.3778 0:49:35 7203.80 103261.71 6727.73 6866.46 1.99 4.10 164.05 4887.62
homfam ghf13 12607 10 264.452 626 26.8 62.4 65.0 29.2 36.4 6913.7598 1:55:13 8332.68 103234.65 7967.52 8132.45 1.96 16.19 174.60 12074.98
homfam PDZ 14950 6 80.8907 110 30.6 85.8 86.7 67.7 69.7 783.9609 0:13:03 7154.13 98640.55 6788.76 6955.57 1.98 16.38 161.72 1268.76
homfam az 1086 29 100.416 215 33.4 74.9 74.9 40.8 43.2 374.7301 0:06:14 6675.32 103051.35 6309.98 6405.94 1.99 1.79 137.05 519.55
homfam hla 13465 5 153.148 178 76.5 100.0 100.0 100.0 100.0 868.6522 0:14:28 7622.20 103397.28 7256.79 7367.65 1.99 13.52 148.29 1293.02
homfam slectin 932 5 133.052 142 33.3 95.0 94.8 86.9 91.0 559.7605 0:09:19 6738.31 98299.50 6355.70 6467.15 1.99 1.70 154.23 872.14
homfam GEL 2195 5 78.1157 150 23.7 70.3 70.6 38.4 54.8 385.3807 0:06:25 6854.57 102919.02 6489.22 6576.77 1.99 1.97 132.04 513.37
homfam kringle 1091 9 75.9138 100 43.3 94.8 93.7 75.3 79.3 249.8619 0:04:09 6732.21 96280.68 6256.61 6380.96 1.99 1.58 131.92 331.31
homfam p450 21013 12 331.506 512 20.8 60.6 70.0 4.2 1.6 5813.9654 1:36:53 10067.19 103306.23 9591.58 9757.68 2.11 32.73 161.62 9393.03
homfam gpdh 7691 8 129.082 360 55.1 95.6 95.5 86.6 89.3 1282.6819 0:21:22 7047.24 102984.29 6571.54 6691.93 1.99 7.79 162.52 2084.45
homfam int 7572 5 168.037 219 22.5 88.0 89.5 72.3 78.0 1626.9247 0:27:06 7172.07 103055.37 6806.70 6917.42 1.98 8.12 166.69 2719.88
homfam KAS 2070 6 174.528 404 31.7 79.0 82.8 54.5 62.9 982.1045 0:16:22 7049.12 100198.85 6573.58 6693.99 1.99 2.57 151.22 1485.85
homfam trfl 837 7 242.315 702 61.9 94.2 95.1 87.4 87.2 1894.0605 0:31:34 7148.06 99912.13 6766.73 6850.29 1.99 1.93 165.14 3133.14
homfam TNF 556 5 119.903 176 32.0 78.1 78.9 58.0 63.2 281.9595 0:04:41 6868.84 103083.16 6503.14 6586.67 1.99 1.05 133.66 378.45
homfam scorptoxin 363 8 53.2562 74 46.3 91.9 91.0 72.6 81.2 151.3866 0:02:31 6534.97 102921.16 6059.12 6197.97 1.99 1.17 120.08 183.29
homfam aldosered 13277 7 268.547 386 41.6 84.9 88.0 65.5 73.5 4519.3735 1:15:19 8220.62 103120.82 7854.85 7966.04 1.98 18.00 163.33 7387.36
homfam rrm 27610 20 67.4587 157 22.9 84.6 84.0 17.1 22.7 705.1523 0:11:45 7216.99 103057.92 6851.32 7016.34 1.98 17.64 145.98 1031.09
