homfam ricin 747 7 198.708 281 37.5 91.3 91.4 76.6 84.4 364.8407 0:06:04 7945.25 97896.33 7882.79 7909.88 1.99 1.70 138.75 513.98
homfam ghf10 1502 5 220.34 364 43.3 90.6 91.5 74.3 80.5 848.8919 0:14:08 8008.49 103123.64 7552.02 7715.20 1.99 2.50 151.56 1296.25
homfam seatoxin 93 5 43.6344 54 42.6 67.8 66.0 12.2 11.3 174.7823 0:02:54 8028.08 101959.20 7576.73 7740.11 1.99 0.94 123.40 217.14
homfam mofe 2567 6 353.074 609 30.0 87.9 89.3 69.1 76.3 1858.5801 0:30:58 7995.80 103086.29 7543.58 7752.74 1.99 6.07 160.67 2994.50
homfam cyt3 385 6 92.3065 130 40.3 81.0 80.7 59.3 67.7 212.7907 0:03:32 7991.53 101993.90 7605.25 7722.62 1.99 0.91 123.13 270.52
homfam ins 793 6 65.2825 74 44.9 89.3 94.7 62.3 83.6 326.4003 0:05:26 7995.82 102025.91 7561.02 7700.60 1.99 1.39 149.67 495.74
homfam Ald_Xan_dh_2 2589 6 109.304 885 31.8 83.3 83.4 63.1 70.4 1429.3881 0:23:49 8008.92 99912.18 7550.55 7667.83 1.99 2.72 160.25 2302.19
homfam tms 2118 5 264.245 357 45.9 96.9 96.6 86.7 93.4 991.1260 0:16:31 8035.80 103294.04 7679.40 7819.64 1.99 3.26 153.86 1532.19
homfam phc 2957 12 98.4711 179 37.2 93.4 94.2 77.7 80.8 381.9166 0:06:21 7948.66 99909.66 7492.48 7655.65 1.99 2.62 134.69 526.02
homfam cytb 3206 6 82.1454 100 35.6 87.6 88.5 66.3 73.5 658.5220 0:10:58 8012.94 98765.77 7623.48 7762.52 1.99 2.71 150.55 999.39
homfam mmp 1427 6 157.93 180 55.1 95.7 96.3 88.2 93.4 616.0846 0:10:16 7971.64 102988.15 7515.17 7655.38 1.99 1.98 152.30 949.68
homfam phoslip 946 18 113.33 137 48.9 94.4 94.1 72.1 81.8 238.2724 0:03:58 7977.36 102917.66 7522.34 7639.29 1.99 1.66 125.02 305.58
homfam HLH 6781 5 53.5453 92 28.1 88.9 93.9 65.5 77.1 464.6570 0:07:44 8012.36 103054.18 7578.80 7718.60 1.99 4.25 148.13 698.48
homfam myb_DNA-binding 10398 5 46.5583 61 40.7 95.2 94.1 80.4 86.0 275.1647 0:04:35 8012.76 103263.84 7645.43 7854.25 1.98 5.90 128.08 358.62
homfam msb 4884 8 106.037 158 26.6 85.5 87.9 62.1 74.8 356.9889 0:05:56 7983.55 102919.63 7669.33 7809.61 1.98 4.41 111.93 405.08
homfam ghf1 4358 8 403.813 562 38.4 92.8 92.6 74.0 82.3 2048.1295 0:34:08 7944.68 103231.23 7563.04 7702.88 1.99 7.84 147.73 3031.85
homfam rvp 93681 6 94.2886 132 36.6 83.1 82.3 55.9 62.9 1004.3521 0:16:44 8059.45 97910.36 7767.23 7907.54 1.99 58.68 121.01 1216.90
homfam lyase_1 7632 5 295.082 511 30.9 83.0 83.2 64.8 70.0 1214.0457 0:20:14 7876.05 103055.15 7422.10 7527.64 1.99 10.70 136.91 1670.54
homfam ldh 7367 14 121.378 371 31.9 90.1 89.7 60.5 72.4 751.8528 0:12:31 7980.57 103137.70 7532.51 7741.58 1.99 7.16 145.45 1101.02
homfam subt 7517 11 301.598 414 39.5 81.1 81.9 34.7 47.9 5972.7341 1:39:32 7939.10 103008.18 7565.05 7682.26 1.92 12.33 180.48 10781.59
homfam sodfe 4455 8 77.4471 219 42.3 91.2 90.2 63.2 67.7 455.8073 0:07:35 8000.75 103057.45 7522.73 7685.57 1.99 3.90 141.90 650.47
homfam LIM 6428 5 57.0143 86 52.8 97.9 97.9 87.8 95.8 235.6554 0:03:55 8023.33 99848.89 7577.32 7786.44 1.99 3.78 127.79 302.69
homfam blm 9105 8 300.727 274 39.1 55.4 95.4 26.6 27.0 3970.9462 1:06:10 7867.64 103165.56 7606.27 7815.15 5.99 12.93 175.49 6977.02
homfam DMRL_synthase 2099 5 140.59 182 33.2 93.3 90.4 74.6 83.3 282.9154 0:04:42 7974.60 99912.88 7528.18 7668.48 1.99 2.27 121.60 345.47
homfam tRNA-synt_2b 11293 5 177.564 467 18.7 52.7 51.0 25.9 36.1 1705.4752 0:28:25 7954.12 103267.95 7503.95 7621.19 1.99 11.52 173.85 2963.51
homfam Stap_Strp_toxin 640 6 87.3922 254 32.5 78.7 77.9 47.3 53.1 291.1694 0:04:51 7990.52 99911.88 7540.98 7658.29 1.99 1.48 142.83 417.33
homfam Acetyltransf 46285 6 82.9897 229 24.1 59.7 59.6 31.2 41.9 2847.7244 0:47:27 7989.05 103247.17 7668.86 7809.22 5.96 33.59 173.11 4937.78
homfam ghf22 760 12 107.567 131 51.4 94.1 94.3 81.5 85.2 215.4766 0:03:35 7974.96 97819.28 7605.38 7745.34 1.99 1.13 118.72 256.85
homfam sdr 50157 13 163.253 361 23.3 71.3 71.8 33.8 44.5 2151.4600 0:35:51 7991.23 103127.18 7527.02 7644.28 1.97 55.72 150.77 3242.91
homfam ltn 1068 12 204.148 282 49.9 92.7 93.5 70.0 78.7 471.7361 0:07:51 8009.73 103118.80 7552.20 7715.17 1.99 1.88 138.87 663.78
homfam hpr 3349 5 83.0427 89 44.4 99.3 99.3 97.7 98.5 282.6997 0:04:42 7998.78 99909.53 7606.88 7724.29 1.99 2.76 126.37 362.23
homfam bowman 499 5 26.1443 73 64.9 94.5 94.5 82.9 84.9 160.5063 0:02:40 8015.68 97871.25 7529.39 7646.21 1.99 0.74 100.05 161.63
homfam hip 167 5 66.2096 88 33.4 87.3 86.8 66.7 76.6 193.0873 0:03:13 8035.12 102920.90 7554.39 7695.32 1.99 0.97 108.17 210.36
homfam HMG_box 4779 5 66.0716 89 24.8 97.3 96.2 85.2 93.9 239.9565 0:03:59 8070.02 99910.87 7711.88 7852.81 1.99 3.20 125.91 303.18
homfam icd 5678 5 328.887 433 41.7 94.7 95.0 85.7 88.8 2192.4880 0:36:32 7951.71 103184.41 7499.52 7639.61 1.99 8.34 161.44 3538.48
homfam peroxidase 4514 5 256.626 383 37.3 84.5 84.5 56.7 61.1 2654.6505 0:44:14 7985.55 103250.06 7532.17 7649.56 1.99 6.63 178.83 4747.28
homfam asp 3262 13 284.142 381 37.5 91.5 91.8 75.7 82.8 1380.1911 0:23:00 7982.16 103055.90 7524.54 7733.56 1.99 5.41 160.57 2218.87
homfam flav 4612 6 138.021 183 35.0 85.8 86.2 61.1 63.6 595.9340 0:09:55 7981.83 101958.97 7663.55 7803.96 1.99 4.20 149.90 901.70
homfam cah 1379 5 212.706 279 38.7 89.3 89.6 69.0 76.7 576.3996 0:09:36 7993.73 101992.89 7535.87 7698.92 1.99 2.19 135.47 787.93
homfam ace 3989 6 427.824 601 37.3 86.8 88.2 68.5 74.8 2852.2572 0:47:32 8012.88 103320.90 7557.39 7766.30 1.98 8.17 158.21 4517.85
homfam sti 613 5 165.383 198 36.4 87.2 86.7 65.8 72.7 258.8005 0:04:18 8014.66 102921.34 7526.96 7632.58 1.99 1.09 117.03 304.50
homfam aat 25100 10 337.807 476 28.6 84.7 85.4 55.9 62.8 3383.7580 0:56:23 8393.25 103257.79 7889.84 8043.19 1.98 36.25 146.93 4976.90
homfam oxidored_q6 3348 5 123.044 285 56.7 90.4 92.4 82.7 84.0 566.7207 0:09:26 8060.01 99749.54 7550.43 7713.44 1.99 3.17 152.67 874.72
homfam hormone_rec 3509 5 188.562 308 21.5 72.0 73.6 47.0 59.9 811.9494 0:13:31 8011.12 99911.92 7554.84 7764.01 1.99 8.81 147.92 1197.45
homfam rhv 17976 6 143.424 938 33.1 65.7 69.0 35.5 45.0 5364.6298 1:29:24 7850.48 99163.83 7412.99 7530.04 17.99 15.90 162.89 8746.70
homfam tgfb 1606 8 95.4645 118 43.8 81.9 87.0 33.3 39.3 223.8618 0:03:43 7993.84 97839.45 7537.62 7643.34 1.99 1.87 112.69 253.78
homfam cryst 1160 7 80.8078 192 44.4 92.8 92.6 72.4 74.9 258.0995 0:04:18 7950.72 102917.46 7492.05 7597.81 1.99 1.25 118.84 308.42
homfam cyclo 6288 6 159.069 203 44.1 87.4 88.9 71.4 75.8 1153.5665 0:19:13 7925.03 103286.08 7563.01 7679.91 0.00 0.02 168.28 9.68
homfam kunitz 2266 10 53.752 64 37.9 98.2 98.2 91.7 91.1 197.9305 0:03:17 7994.12 102987.12 7542.04 7659.15 1.99 2.16 103.57 206.06
homfam Rhodanese 14049 6 102.277 216 22.7 77.3 85.9 62.5 66.5 891.4435 0:14:51 7962.25 103754.31 7898.30 7927.26 1.98 22.03 166.64 1486.71
homfam sodcu 2038 7 141.322 169 42.2 92.0 92.3 78.9 83.3 321.8818 0:05:21 8010.01 102930.86 7557.73 7698.03 1.99 3.48 138.08 446.08
homfam profilin 687 5 123.371 144 39.7 95.2 95.2 89.1 89.4 253.7129 0:04:13 8014.57 102920.11 7518.30 7635.22 1.99 1.47 120.10 308.61
homfam glob 3983 41 100.684 174 31.7 95.4 95.3 62.9 68.8 332.6325 0:05:32 7982.35 99910.97 7548.43 7757.59 1.99 3.44 126.59 431.36
homfam tim 3904 10 205.645 260 47.5 97.7 97.5 91.1 95.0 751.4920 0:12:31 7984.86 103179.17 7560.59 7769.76 1.99 5.07 153.39 1154.61
homfam uce 4558 13 134.701 184 34.0 90.8 91.3 59.6 68.8 504.6811 0:08:24 8010.15 103064.06 7559.90 7769.04 1.99 4.20 146.01 738.15
homfam toxin 508 20 62.311 78 43.1 91.5 90.4 48.1 61.7 152.4646 0:02:32 7942.11 99909.11 7493.67 7633.54 1.99 0.83 109.73 168.46
homfam rub 1435 5 46.1575 54 62.1 98.4 98.4 92.6 93.5 166.5770 0:02:46 7944.35 99909.26 7560.80 7677.98 1.99 1.31 93.39 157.11
homfam hom 12037 8 53.4951 98 35.3 94.9 94.7 69.6 85.1 283.7886 0:04:43 8005.12 102920.53 7553.23 7761.86 1.99 6.66 119.22 339.82
homfam biotin_lipoyl 11833 7 71.8928 112 28.9 93.0 91.8 69.4 77.3 326.0865 0:05:26 7989.01 103194.26 7531.38 7671.19 1.99 8.48 131.68 433.09
homfam cys 4316 13 198.11 284 40.5 94.5 94.2 72.0 82.3 839.2142 0:13:59 8044.02 103140.55 7680.50 7820.96 1.99 5.75 147.29 1239.68
homfam ghf11 521 5 167.758 202 49.5 94.1 93.9 85.4 87.0 283.1454 0:04:43 8038.59 99909.05 7604.88 7721.83 1.99 1.15 126.05 358.37
homfam blmb 17200 6 192.465 344 20.6 69.5 75.6 41.8 52.9 2911.0980 0:48:31 7963.86 102936.86 7653.91 7725.13 1.98 18.96 175.02 5097.11
homfam aadh 3127 8 225.129 542 38.2 84.6 88.0 53.3 58.8 1190.8439 0:19:50 7991.08 103191.06 7697.88 7838.20 1.99 4.23 155.98 1865.76
homfam DEATH 1183 7 80.5689 159 19.6 85.2 86.0 58.1 72.5 220.0864 0:03:40 8008.93 101958.18 7553.16 7670.35 1.99 1.62 115.87 256.62
homfam Sulfotransfer 2489 5 235.798 381 26.2 77.9 78.4 51.0 60.3 1221.2587 0:20:21 7978.88 99913.04 7521.12 7661.22 1.99 3.93 162.53 1990.68
homfam serpin 3144 8 291.462 418 34.3 95.3 94.7 82.9 89.2 1315.4326 0:21:55 8055.62 99946.21 7639.70 7756.75 1.99 4.73 150.69 1989.59
homfam proteasome 5732 17 174.347 309 21.7 84.5 82.7 42.1 62.7 665.9397 0:11:05 8013.04 101959.41 7554.84 7764.16 1.99 5.75 149.95 1002.60
homfam zf-CCHH 88345 15 23.2513 39 35.5 96.4 95.8 77.1 85.3 521.5244 0:08:41 8029.03 99916.13 7553.65 7762.49 1.95 42.53 122.55 640.02
homfam egf 7774 12 32.0765 71 31.1 81.6 85.6 48.5 55.7 235.7215 0:03:55 7983.85 102922.52 7549.30 7666.60 1.98 4.79 116.85 279.31
homfam annexin 3139 6 65.1902 323 57.2 97.9 98.2 94.0 94.4 522.6422 0:08:42 7951.30 103054.04 7492.94 7656.13 1.99 4.29 147.88 774.27
homfam OTCace 4795 5 157.005 350 37.3 96.1 96.7 88.4 91.2 635.5191 0:10:35 8016.48 103090.63 7558.11 7767.28 1.99 5.09 146.11 932.12
homfam rnasemam 498 6 120.072 141 42.2 93.1 90.3 70.1 81.9 212.9437 0:03:32 7997.75 102919.93 7545.18 7662.32 1.99 1.25 120.15 257.40
homfam adh 21331 5 123.64 375 63.9 97.7 98.4 95.7 96.1 1317.3169 0:21:57 7886.02 102923.16 7559.86 7665.53 17.98 20.31 157.23 2079.63
homfam il8 1073 11 63.7623 81 34.5 92.5 91.6 63.6 73.6 178.7168 0:02:58 7983.54 102926.38 7491.64 7654.56 1.99 1.11 117.09 210.36
homfam hr 3707 5 65.1513 82 53.3 98.6 98.6 93.7 97.7 283.3462 0:04:43 7952.64 102922.40 7494.64 7634.89 1.99 2.52 104.78 300.51
homfam ChtBD 774 5 38.2713 45 59.3 99.3 99.0 95.3 97.1 163.5526 0:02:43 7979.54 98853.58 7492.36 7609.78 1.99 0.95 96.07 158.63
homfam gluts 10099 14 98.1117 235 39.4 89.1 89.7 62.7 66.0 1239.1684 0:20:39 8001.04 99913.31 7548.94 7654.63 1.98 8.28 164.79 2050.29
homfam ghf5 2717 6 260.466 470 17.8 67.7 69.3 38.0 53.5 1394.1240 0:23:14 7969.90 103268.88 7636.05 7776.32 1.99 4.06 155.26 2171.85
homfam ghf13 12607 10 264.452 626 26.8 60.7 62.1 28.0 39.5 4312.4832 1:11:52 7989.29 102708.50 7536.89 7745.79 1.99 16.50 176.94 7638.56
homfam PDZ 14950 6 80.8907 110 30.6 89.4 89.1 76.8 80.0 566.1361 0:09:26 8006.74 102633.47 7708.44 7848.82 1.98 11.01 146.37 836.00
homfam az 1086 29 100.416 215 33.4 75.4 76.4 41.3 48.2 245.8551 0:04:05 7945.39 98672.59 7882.85 7909.94 1.99 1.69 125.77 317.40
homfam hla 13465 5 153.148 178 76.5 100.0 100.0 100.0 100.0 577.3710 0:09:37 8008.29 102924.48 7552.85 7658.32 1.99 13.67 127.60 742.23
homfam slectin 932 5 133.052 142 33.3 93.8 94.2 84.7 89.4 395.6615 0:06:35 7994.89 103758.75 7542.18 7649.66 0.00 0.02 152.08 5.50
homfam GEL 2195 5 78.1157 150 23.7 70.3 74.0 39.0 54.0 282.8496 0:04:42 8020.32 99912.76 7574.86 7714.96 1.99 1.93 103.99 298.82
homfam kringle 1091 9 75.9138 100 43.3 95.7 94.7 79.8 85.3 196.3831 0:03:16 8038.95 99911.78 7545.05 7708.85 1.99 1.54 104.54 206.89
homfam p450 21013 12 331.506 512 20.8 67.2 78.5 10.4 9.9 4013.5679 1:06:53 8660.39 103254.22 8157.06 8390.51 17.98 32.99 159.87 6412.10
homfam gpdh 7691 8 129.082 360 55.1 92.4 92.9 82.1 85.0 755.4851 0:12:35 8020.52 101063.93 7566.14 7706.23 1.99 8.08 150.07 1142.39
homfam int 7572 5 168.037 219 22.5 86.8 87.4 67.8 75.4 1076.9571 0:17:56 8020.38 103137.46 7675.67 7815.96 1.98 8.15 158.90 1715.78
homfam KAS 2070 6 174.528 404 31.7 87.8 87.5 70.5 77.2 586.3816 0:09:46 7984.70 102919.04 7528.44 7691.33 1.99 2.55 143.43 842.49
homfam trfl 837 7 242.315 702 61.9 94.2 95.2 87.7 88.2 946.8801 0:15:46 7990.68 101959.39 7533.20 7696.09 1.99 1.60 150.81 1428.85
homfam TNF 556 5 119.903 176 32.0 81.2 82.2 65.6 71.6 229.8181 0:03:49 8027.96 99910.75 7551.18 7714.30 0.00 0.02 134.13 5.01
homfam scorptoxin 363 8 53.2562 74 46.3 93.7 92.5 80.8 87.5 159.1100 0:02:39 7965.06 99909.14 7492.97 7632.96 1.99 0.74 100.20 160.95
homfam aldosered 13277 7 268.547 386 41.6 85.3 87.3 67.4 75.4 2222.1722 0:37:02 7986.88 103746.80 7647.46 7718.81 1.98 18.05 155.84 3469.07
homfam rrm 27610 20 67.4587 157 22.9 84.3 85.3 20.7 30.6 434.0590 0:07:14 8032.01 99913.81 7574.50 7783.41 1.98 17.67 124.35 541.23
