homfam ricin 747 7 198.708 281 37.5 91.3 91.8 76.9 85.5 888.2620 0:14:48 8146.29 99433.34 7670.16 7827.54 1.99 3.32 114.85 1027.75

homfam ghf10 1502 5 220.34 364 43.3 92.9 93.3 80.5 85.3 1622.7040 0:27:02 8585.09 100255.54 8120.66 8247.38 1.99 2.59 153.10 2493.64

homfam seatoxin 93 5 43.6344 54 42.6 69.9 69.4 20.4 21.3 339.8716 0:05:39 7368.92 97150.45 6892.01 7058.86 1.99 0.93 83.83 286.49

homfam mofe 2567 6 353.074 609 30.0 84.4 87.0 69.4 74.6 2414.4297 0:40:14 9647.99 101098.97 9172.18 9310.96 1.99 4.54 163.10 3945.73

homfam cyt3 385 6 92.3065 130 40.3 78.1 78.4 60.2 68.4 420.0146 0:07:00 8197.17 97894.47 7721.06 7863.48 1.99 0.90 79.38 334.91

homfam ins 793 6 65.2825 74 44.9 91.0 91.9 62.3 83.6 612.3087 0:10:12 7570.15 99234.33 7093.54 7260.24 1.99 1.15 119.63 735.06

homfam Ald_Xan_dh_2 2589 6 109.304 885 31.8 83.0 82.8 62.9 71.2 3881.1078 1:04:41 7955.34 98798.92 7589.66 7672.99 57.99 3.05 167.04 6494.27

homfam tms 2118 5 264.245 357 45.9 97.0 96.5 86.7 93.5 1735.7230 0:28:55 8684.48 100150.89 8207.91 8328.36 1.99 3.62 156.58 2725.66

homfam phc 2957 12 98.4711 179 37.2 69.2 91.3 33.5 36.7 876.8945 0:14:36 7796.14 99470.24 7389.21 7500.61 1.99 3.07 147.32 1300.25

homfam cytb 3206 6 82.1454 100 35.6 87.6 88.1 68.5 75.9 1184.0056 0:19:44 8189.31 99522.37 7712.19 7851.12 13.99 3.03 147.21 1754.41

homfam mmp 1427 6 157.93 180 55.1 95.2 96.5 86.4 92.1 1013.7995 0:16:53 7934.11 99642.96 7568.30 7652.07 1.99 1.96 148.01 1509.07

homfam phoslip 946 18 113.33 137 48.9 94.8 94.6 72.8 83.5 471.2463 0:07:51 7761.84 97454.51 7285.17 7452.05 0.00 0.02 106.93 4.81

homfam HLH 6781 5 53.5453 92 28.1 89.0 91.5 65.5 77.1 832.7003 0:13:52 7833.95 99365.93 7467.71 7579.13 1.99 4.29 134.61 1130.83

homfam myb_DNA-binding 10398 5 46.5583 61 40.7 94.4 93.3 78.6 84.0 740.1475 0:12:20 7968.02 99545.46 7602.03 7705.16 1.98 5.97 103.11 767.05

homfam msb 4884 8 106.037 158 26.6 84.9 85.5 57.9 70.7 639.9226 0:10:39 7815.70 98838.41 7339.15 7478.02 1.98 4.43 129.90 838.08

homfam ghf1 4358 8 403.813 562 38.4 91.6 91.9 71.0 78.8 5128.9637 1:25:28 10335.10 101814.73 9969.93 10072.89 1.99 8.32 166.80 8562.17

homfam rvp 93681 6 94.2886 132 36.6 81.1 81.4 52.3 58.9 1943.2286 0:32:23 9675.82 99408.22 9309.61 9393.06 1.99 58.57 140.36 2728.97

homfam lyase_1 7632 5 295.082 511 30.9 81.0 80.8 62.8 66.2 3708.7928 1:01:48 9411.12 99155.53 9477.79 9503.94 1.99 10.39 161.40 5987.48

homfam ldh 7367 14 121.378 371 31.9 90.2 89.4 60.0 72.0 1520.7266 0:25:20 8077.39 97772.60 7711.50 7795.17 1.99 7.50 151.63 2307.30

homfam subt 7517 11 301.598 414 39.5 77.5 79.6 32.7 41.7 10846.8204 3:00:46 9393.08 100986.25 9333.07 9359.26 1.98 12.25 175.32 19026.75

homfam sodfe 4455 8 77.4471 219 42.3 91.3 90.3 65.1 68.9 774.8100 0:12:54 7943.83 97734.85 7577.79 7661.47 1.99 4.61 153.12 1187.89

homfam LIM 6428 5 57.0143 86 52.8 96.6 96.6 85.4 92.6 490.7217 0:08:10 7847.45 101428.77 7418.88 7528.07 1.99 4.30 125.91 619.49

homfam blm 9105 8 300.727 274 39.1 14.7 35.8 0.0 0.0 6440.8621 1:47:20 9856.50 101257.21 9380.07 9518.73 1.98 13.22 170.83 11013.41

homfam DMRL_synthase 2099 5 140.59 182 33.2 93.4 90.5 74.0 83.2 676.1218 0:11:16 7788.39 97617.81 7325.27 7454.59 1.99 2.32 126.73 858.69

homfam tRNA-synt_2b 11293 5 177.564 467 18.7 54.1 52.3 26.7 37.7 3053.5070 0:50:53 8528.31 99906.57 8051.97 8172.15 1.99 11.96 169.22 5175.87

homfam Stap_Strp_toxin 640 6 87.3922 254 32.5 81.1 80.4 48.1 53.6 649.3311 0:10:49 7972.06 97694.53 7606.71 7690.30 1.99 1.28 116.68 759.02

homfam Acetyltransf 46285 6 82.9897 229 24.1 56.5 63.1 27.0 35.0 3891.4674 1:04:51 8920.48 100101.48 8444.13 8582.70 8.00 0.02 175.59 23.68

homfam ghf22 760 12 107.567 131 51.4 94.7 94.7 80.0 83.5 468.7327 0:07:48 7677.16 97447.47 7311.48 7424.28 1.99 3.38 91.34 429.59

homfam sdr 50157 13 163.253 361 23.3 64.6 79.2 34.4 45.4 3522.5182 0:58:42 9956.92 101414.47 9480.82 9647.02 45.97 54.43 153.73 5416.86

homfam ltn 1068 12 204.148 282 49.9 93.7 94.0 70.0 79.1 1146.3442 0:19:06 8283.98 101264.94 7808.11 8011.07 1.99 2.55 153.34 1759.27

homfam hpr 3349 5 83.0427 89 44.4 99.3 99.3 97.7 98.5 505.5291 0:08:25 7872.28 104500.78 7395.70 7516.11 1.99 3.67 121.39 615.08

homfam bowman 499 5 26.1443 73 64.9 94.5 94.5 82.9 84.9 326.4531 0:05:26 7621.75 97382.12 7145.30 7297.19 1.99 1.05 82.00 269.16

homfam hip 167 5 66.2096 88 33.4 88.2 87.2 69.0 78.2 347.5084 0:05:47 7519.88 97308.43 7044.32 7202.54 1.99 0.71 89.40 312.22

homfam HMG_box 4779 5 66.0716 89 24.8 97.3 96.2 85.2 93.9 587.5599 0:09:47 7940.93 97806.06 7553.48 7664.64 1.99 3.58 105.74 622.64

homfam icd 5678 5 328.887 433 41.7 93.7 94.2 83.5 86.7 3481.6811 0:58:01 9526.66 100940.51 9050.62 9170.75 1.99 8.67 160.57 5600.35

homfam peroxidase 4514 5 256.626 383 37.3 75.5 77.6 44.4 47.4 3514.5113 0:58:34 8884.80 100425.99 8518.63 8602.04 1.99 6.89 166.85 5874.16

homfam asp 3262 13 284.142 381 37.5 89.8 90.8 72.2 77.7 2613.8541 0:43:33 9287.34 100829.54 8921.33 9005.00 1.99 5.79 156.65 4104.11

homfam flav 4612 6 138.021 183 35.0 77.5 78.9 51.4 52.6 1272.1661 0:21:12 8194.91 99664.02 7718.64 7839.29 1.99 7.40 135.19 1721.12

homfam cah 1379 5 212.706 279 38.7 88.8 89.6 71.2 77.8 1335.6550 0:22:15 8851.43 98624.00 8375.38 8513.79 29.99 2.41 130.96 1752.51

homfam ace 3989 6 427.824 601 37.3 87.3 88.1 65.7 73.4 5608.2397 1:33:28 10787.19 102195.87 10420.57 10503.97 1.98 8.51 164.47 9222.73

homfam sti 613 5 165.383 198 36.4 92.1 91.5 76.6 84.4 523.4581 0:08:43 7954.89 97753.15 7592.41 7741.03 1.99 1.16 102.66 538.81

homfam aat 25100 10 337.807 476 28.6 70.8 71.1 30.4 35.1 7160.7297 1:59:20 10886.46 102210.18 10388.45 10553.93 1.98 36.62 168.26 12049.21

homfam oxidored_q6 3348 5 123.044 285 56.7 94.0 94.0 88.7 90.2 1281.2406 0:21:21 7954.56 99406.59 7478.15 7636.57 1.99 3.52 143.24 1841.05

homfam hormone_rec 3509 5 188.562 308 21.5 71.2 71.9 45.2 58.0 1708.6759 0:28:28 8509.80 99872.69 8184.94 8290.94 1.99 3.83 157.38 2699.28

homfam rhv 17976 6 143.424 938 33.1 51.5 62.2 4.0 4.2 11452.9703 3:10:52 8315.30 100019.41 7839.35 7959.85 0.00 0.02 168.96 61.14

homfam tgfb 1606 8 95.4645 118 43.8 79.1 81.9 27.4 33.8 537.7168 0:08:57 8016.34 97769.61 7651.21 7762.73 1.99 2.00 102.90 556.18

homfam cryst 1160 7 80.8078 192 44.4 92.3 92.5 73.5 76.8 480.1200 0:08:00 7607.46 97289.82 7225.57 7327.67 1.99 1.32 117.74 567.03

homfam cyclo 6288 6 159.069 203 44.1 88.8 90.8 76.7 79.7 1682.3982 0:28:02 8494.73 99587.67 8019.33 8221.20 1.99 7.39 162.27 2737.20

homfam kunitz 2266 10 53.752 64 37.9 98.6 98.6 93.3 92.9 430.8231 0:07:10 7689.48 97377.73 7213.18 7371.66 1.99 2.25 96.12 415.65

homfam Rhodanese 14049 6 102.277 216 22.7 72.0 72.1 47.4 53.0 1962.0724 0:32:42 8279.95 99741.21 7914.00 7997.32 1.98 11.49 154.38 3036.28

homfam sodcu 2038 7 141.322 169 42.2 91.7 91.8 79.5 83.8 785.5442 0:13:05 7833.48 98688.88 7356.42 7476.75 1.99 2.66 121.68 960.99

homfam profilin 687 5 123.371 144 39.7 94.7 94.7 89.1 89.4 412.8969 0:06:52 7832.65 97450.78 7467.40 7569.28 1.99 1.42 122.08 505.49

homfam glob 3983 41 100.684 174 31.7 96.0 95.6 70.0 71.9 677.6215 0:11:17 7905.02 99503.60 7539.23 7622.84 1.99 3.61 126.13 863.83

homfam tim 3904 10 205.645 260 47.5 98.9 98.7 94.2 97.2 1546.8513 0:25:46 8507.45 99571.66 8030.09 8150.89 1.99 5.32 147.68 2293.56

homfam uce 4558 13 134.701 184 34.0 90.7 92.0 64.5 71.7 778.3925 0:12:58 7965.45 98987.97 7588.63 7700.14 1.99 4.18 128.77 1005.54

homfam toxin 508 20 62.311 78 43.1 90.4 88.6 53.2 61.7 349.7879 0:05:49 7717.69 97446.68 7241.67 7416.24 0.00 0.02 84.22 3.41

homfam rub 1435 5 46.1575 54 62.1 97.6 97.6 88.9 90.2 349.4458 0:05:49 7513.89 97227.47 7037.30 7176.69 0.00 0.02 84.46 3.61

homfam hom 12037 8 53.4951 98 35.3 93.4 93.1 71.0 85.8 598.7398 0:09:58 8042.49 97749.48 7566.07 7686.67 1.99 6.73 131.84 791.18

homfam biotin_lipoyl 11833 7 71.8928 112 28.9 95.8 95.9 82.4 82.9 805.1616 0:13:25 8222.62 98091.73 7746.83 7885.70 0.00 0.02 123.46 8.63

homfam cys 4316 13 198.11 284 40.5 93.7 93.6 67.9 78.6 1874.5708 0:31:14 8653.29 99908.58 8176.97 8297.66 1.99 6.30 156.63 2936.45

homfam ghf11 521 5 167.758 202 49.5 91.1 90.8 77.6 78.6 584.7634 0:09:44 8145.19 97927.41 7779.04 7862.72 1.99 1.18 121.50 711.90

homfam blmb 17200 6 192.465 344 20.6 58.5 66.0 28.4 37.2 5709.5302 1:35:09 8968.43 100164.95 8603.02 8686.63 1.98 18.24 179.58 10261.20

homfam aadh 3127 8 225.129 542 38.2 86.9 87.3 54.2 59.7 1833.1491 0:30:33 8481.16 99450.97 8004.66 8143.70 1.99 4.58 165.75 3046.54

homfam DEATH 1183 7 80.5689 159 19.6 69.0 70.2 27.4 37.3 446.2770 0:07:26 7680.10 97445.06 7199.82 7302.32 1.99 1.71 116.70 522.34

homfam Sulfotransfer 2489 5 235.798 381 26.2 68.4 70.2 40.5 48.5 2526.7494 0:42:06 8510.52 100238.03 8110.47 8210.92 1.99 3.96 161.95 4100.27

homfam serpin 3144 8 291.462 418 34.3 95.5 94.9 82.9 89.7 2809.0446 0:46:49 9301.94 100901.30 8825.26 8977.12 1.99 4.87 162.94 4584.90

homfam proteasome 5732 17 174.347 309 21.7 84.0 82.0 34.8 52.1 1309.5855 0:21:49 8569.24 99461.28 8203.31 8306.19 1.99 6.08 145.55 1917.07

homfam zf-CCHH 88345 15 23.2513 39 35.5 96.5 95.9 88.6 93.0 1129.9437 0:18:49 8011.37 97681.33 7645.26 7732.33 33.94 42.08 127.83 1447.17

homfam egf 7774 12 32.0765 71 31.1 71.7 73.1 26.5 29.1 481.7842 0:08:01 7742.76 101264.31 7355.29 7471.56 1.98 4.50 125.79 610.78

homfam annexin 3139 6 65.1902 323 57.2 100.0 100.0 100.0 100.0 1191.9087 0:19:51 7746.14 97599.22 7268.66 7434.92 1.99 3.14 153.03 1825.54

homfam OTCace 4795 5 157.005 350 37.3 97.1 97.1 90.8 93.3 1164.3238 0:19:24 8307.71 98095.63 8249.12 8275.53 1.99 5.16 144.90 1688.59

homfam rnasemam 498 6 120.072 141 42.2 94.0 91.1 70.1 83.5 374.2975 0:06:14 7795.59 97579.12 7352.45 7492.17 1.99 0.95 104.73 393.60

homfam adh 21331 5 123.64 375 63.9 93.7 94.5 84.8 85.0 2327.2740 0:38:47 8425.65 99857.61 8059.44 8143.77 5.98 18.41 161.97 3774.67

homfam il8 1073 11 63.7623 81 34.5 90.4 90.2 66.2 75.3 362.2071 0:06:02 7790.13 97514.21 7424.16 7507.87 1.99 1.17 105.68 359.27

homfam hr 3707 5 65.1513 82 53.3 98.6 98.6 93.7 97.7 551.2195 0:09:11 7953.84 97741.02 7587.80 7723.86 41.99 2.58 120.24 671.76

homfam ChtBD 774 5 38.2713 45 59.3 98.3 98.1 93.0 94.7 306.8670 0:05:06 7616.84 97408.17 7251.42 7393.49 1.99 0.98 88.81 273.99

homfam gluts 10099 14 98.1117 235 39.4 89.2 90.2 65.7 70.2 2425.8148 0:40:25 8425.12 99801.82 8042.56 8125.88 1.98 7.91 157.68 3836.25

homfam ghf5 2717 6 260.466 470 17.8 64.3 65.1 35.2 50.1 2627.0939 0:43:47 9116.46 100799.84 8640.20 8760.70 1.99 4.53 169.49 4462.02

homfam ghf13 12607 10 264.452 626 26.8 61.3 62.4 28.0 38.0 7121.3213 1:58:41 9856.23 101235.19 9380.25 9538.49 1.99 16.81 177.46 12647.00

homfam PDZ 14950 6 80.8907 110 30.6 89.0 88.8 74.7 76.7 1284.9310 0:21:24 8557.50 99853.76 8409.27 8466.12 1.98 11.04 123.57 1595.34

homfam az 1086 29 100.416 215 33.4 75.7 75.4 42.9 47.4 530.3086 0:08:50 7750.44 97328.73 7242.80 7394.87 0.00 0.02 109.41 5.05

homfam hla 13465 5 153.148 178 76.5 100.0 100.0 100.0 100.0 1175.2898 0:19:35 8590.23 98381.13 8114.19 8252.82 1.99 13.76 129.67 1526.49

homfam slectin 932 5 133.052 142 33.3 95.1 95.0 87.6 91.3 761.2030 0:12:41 8106.36 99530.65 7630.03 7768.74 1.99 1.89 126.49 962.43

homfam GEL 2195 5 78.1157 150 23.7 72.6 70.5 43.8 61.0 717.7151 0:11:57 7892.75 98836.52 7415.81 7536.01 1.99 1.98 105.92 768.64

homfam kringle 1091 9 75.9138 100 43.3 95.7 94.7 78.7 82.2 424.9033 0:07:04 7856.81 97793.69 7490.75 7577.97 1.99 1.68 93.31 397.80

homfam p450 21013 12 331.506 512 20.8 75.3 75.0 38.9 48.1 10861.9626 3:01:01 11050.11 102627.86 10572.51 10711.50 1.98 32.68 165.38 17964.42

homfam gpdh 7691 8 129.082 360 55.1 96.0 95.8 87.7 90.7 1825.2282 0:30:25 8168.52 99633.53 7785.57 7902.68 1.99 8.19 144.34 2643.83

homfam int 7572 5 168.037 219 22.5 86.2 87.2 67.3 74.8 2229.2702 0:37:09 8618.86 99786.78 8253.61 8336.96 0.00 0.02 158.85 17.28

homfam KAS 2070 6 174.528 404 31.7 87.8 87.3 73.0 77.5 1152.4611 0:19:12 8180.11 97945.42 7813.71 7897.39 1.99 2.94 132.08 1523.73

homfam trfl 837 7 242.315 702 61.9 95.3 95.6 88.3 89.1 2247.8813 0:37:27 8604.84 98357.11 8128.24 8294.67 1.99 1.67 153.77 3458.41

homfam TNF 556 5 119.903 176 32.0 84.5 83.7 65.6 70.9 396.4683 0:06:36 7841.94 97657.22 7434.47 7521.93 1.99 1.02 106.54 423.82

homfam scorptoxin 363 8 53.2562 74 46.3 91.6 90.7 75.3 82.2 279.7242 0:04:39 7546.62 97357.98 7070.48 7209.45 1.99 1.05 87.54 246.90

homfam aldosered 13277 7 268.547 386 41.6 86.7 90.0 67.4 74.5 4796.0724 1:19:56 9372.41 100815.29 8896.36 9016.56 9.98 42.80 165.70 7946.15

homfam rrm 27610 20 67.4587 157 22.9 83.4 81.5 20.7 22.8 946.0198 0:15:46 8508.01 98347.80 8031.17 8251.68 373.98 18.20 138.79 1315.59

