homfam ricin 747 7 198.708 281 37.5 92.2 92.1 78.4 86.1 927.9684 0:15:27 8580.60 98701.03 8076.62 8206.34 0.00 0.02 117.65 7.54
homfam ghf10 1502 5 220.34 364 43.3 93.7 93.5 81.4 87.2 1791.6378 0:29:51 8536.66 100408.76 8032.41 8150.84 1.99 2.91 149.31 2683.44
homfam seatoxin 93 5 43.6344 54 42.6 78.7 78.3 40.8 42.6 312.3760 0:05:12 7948.49 98022.95 7487.97 7593.83 1.99 0.91 94.83 297.82
homfam mofe 2567 6 353.074 609 30.0 83.1 84.3 63.6 70.6 2868.3553 0:47:48 9624.88 101555.72 9120.48 9238.77 1.99 4.59 155.46 4468.12
homfam cyt3 385 6 92.3065 130 40.3 75.0 75.4 54.2 60.9 385.6998 0:06:25 8113.48 98285.76 7636.96 7743.31 1.99 1.16 94.05 364.35
homfam ins 793 6 65.2825 74 44.9 92.4 95.4 66.7 89.9 546.3230 0:09:06 8239.18 101964.84 7851.10 7991.81 1.99 1.09 126.55 699.78
homfam Ald_Xan_dh_2 2589 6 109.304 885 31.8 83.8 83.8 64.3 72.9 3726.9125 1:02:06 7961.43 99954.35 7500.54 7617.88 5.99 2.93 165.60 6179.84
homfam tms 2118 5 264.245 357 45.9 96.1 96.0 86.0 91.1 2123.4420 0:35:23 9043.93 100984.04 8984.34 9011.01 0.00 0.02 154.62 11.02
homfam phc 2957 12 98.4711 179 37.2 92.5 92.9 70.9 75.6 1345.8694 0:22:25 8212.84 100164.99 7708.07 7826.55 1.99 2.99 153.35 2071.26
homfam cytb 3206 6 82.1454 100 35.6 92.0 92.2 72.8 80.2 1189.5800 0:19:49 8023.84 102262.23 7519.47 7681.12 129.99 3.03 147.85 1769.27
homfam mmp 1427 6 157.93 180 55.1 94.5 96.3 85.8 91.4 1216.5949 0:20:16 8478.58 100514.45 7974.61 8104.17 1.99 1.99 139.46 1706.59
homfam phoslip 946 18 113.33 137 48.9 94.4 94.0 70.6 81.0 578.4136 0:09:38 8127.86 98256.80 7623.80 7752.90 1.99 1.89 93.75 543.76
homfam HLH 6781 5 53.5453 92 28.1 89.3 91.1 67.9 77.4 913.2530 0:15:13 8117.53 100105.07 7613.84 7766.21 1.99 4.01 115.15 1060.55
homfam myb_DNA-binding 10398 5 46.5583 61 40.7 95.2 94.1 80.4 86.0 650.7459 0:10:50 7965.27 98012.44 7507.21 7612.78 0.00 0.02 118.08 4.97
homfam msb 4884 8 106.037 158 26.6 85.1 86.2 60.0 72.6 867.7798 0:14:27 8321.70 98241.11 8124.38 8205.52 1.98 7.12 120.98 1051.35
homfam ghf1 4358 8 403.813 562 38.4 91.9 91.9 70.2 78.5 5094.0326 1:24:54 9957.70 101541.68 9453.96 9620.60 1.99 8.04 158.73 8094.18
homfam rvp 93681 6 94.2886 132 36.6 82.4 81.9 51.4 57.8 2468.2649 0:41:08 9000.50 98998.50 8497.21 8626.24 1.99 58.59 137.28 3390.15
homfam lyase_1 7632 5 295.082 511 30.9 81.2 81.3 63.2 66.8 3178.4944 0:52:58 9229.36 99253.60 8862.90 8973.99 1.99 10.25 157.04 4998.55
homfam ldh 7367 14 121.378 371 31.9 89.0 88.5 58.1 69.8 1717.1904 0:28:37 8525.50 98671.03 8022.04 8179.19 1.99 11.29 144.84 2488.70
homfam subt 7517 11 301.598 414 39.5 77.0 79.5 28.8 40.6 9372.4501 2:36:12 9274.62 103652.84 9100.30 9130.33 1.98 40.50 176.74 16563.24
homfam sodfe 4455 8 77.4471 219 42.3 92.2 91.0 67.5 71.5 1004.5171 0:16:44 7932.44 97932.17 7527.97 7669.89 1.99 3.61 119.45 1201.41
homfam LIM 6428 5 57.0143 86 52.8 97.3 97.3 86.6 94.2 530.8392 0:08:50 7980.65 98008.11 7524.24 7641.75 0.00 0.02 119.13 4.21
homfam blm 9105 8 300.727 274 39.1 61.6 79.8 17.2 17.9 6260.7716 1:44:20 9606.20 101566.78 9102.32 9220.09 97.98 13.32 168.17 10538.20
homfam DMRL_synthase 2099 5 140.59 182 33.2 92.4 89.8 74.6 83.3 751.3575 0:12:31 8442.89 98685.60 7938.29 8097.03 17.99 2.39 110.62 835.43
homfam tRNA-synt_2b 11293 5 177.564 467 18.7 49.3 47.8 27.6 38.6 3317.1992 0:55:17 8877.21 100733.37 8372.89 8490.84 1.99 11.69 168.81 5608.35
homfam Stap_Strp_toxin 640 6 87.3922 254 32.5 84.5 83.7 56.8 64.5 691.0826 0:11:31 8165.92 98278.52 7744.66 7856.45 1.99 1.02 121.75 845.37
homfam Acetyltransf 46285 6 82.9897 229 24.1 59.3 62.1 32.3 42.4 3442.0386 0:57:22 8826.74 100552.08 8322.30 8455.99 25.96 33.74 168.46 5805.42
homfam ghf22 760 12 107.567 131 51.4 94.2 94.4 81.5 85.2 406.3355 0:06:46 8078.89 98242.58 7575.44 7724.63 1.99 1.38 98.70 402.62
homfam sdr 50157 13 163.253 361 23.3 61.9 67.1 12.0 13.4 3641.4823 1:00:41 9189.46 101274.57 8684.37 8814.03 1.96 54.75 153.00 5573.24
homfam ltn 1068 12 204.148 282 49.9 93.8 94.0 69.6 78.5 1264.5016 0:21:04 8484.74 98605.61 7980.34 8160.86 1.99 2.39 143.89 1821.74
homfam hpr 3349 5 83.0427 89 44.4 99.3 99.3 97.7 98.5 532.2445 0:08:52 8062.70 98117.75 7558.21 7676.40 0.00 0.02 119.75 5.26
homfam bowman 499 5 26.1443 73 64.9 94.5 94.5 82.9 84.9 354.9343 0:05:54 7924.46 98003.39 7466.55 7606.70 1.99 1.14 86.12 307.08
homfam hip 167 5 66.2096 88 33.4 87.3 86.3 61.9 72.7 382.5296 0:06:22 7999.41 98019.38 7540.39 7696.07 1.99 1.05 92.21 354.10
homfam HMG_box 4779 5 66.0716 89 24.8 97.3 96.2 85.2 93.9 593.5540 0:09:53 7913.11 98033.15 7567.30 7684.50 1.99 4.56 106.24 632.09
homfam icd 5678 5 328.887 433 41.7 93.2 93.6 81.5 85.0 3646.4265 1:00:46 9561.96 101485.04 9058.12 9210.25 1.99 8.33 160.85 5874.11
homfam peroxidase 4514 5 256.626 383 37.3 74.4 76.3 45.0 47.8 3559.5394 0:59:19 9139.57 101297.41 8637.19 8755.36 1.99 7.00 167.97 5990.51
homfam asp 3262 13 284.142 381 37.5 90.6 91.1 72.2 79.1 2935.8944 0:48:55 9338.20 101304.14 8833.73 8963.65 1.99 5.37 162.07 4764.91
homfam flav 4612 6 138.021 183 35.0 85.2 85.5 60.0 61.6 1325.6929 0:22:05 8232.89 100203.03 7728.53 7858.30 1.99 4.64 142.46 1897.36
homfam cah 1379 5 212.706 279 38.7 91.0 91.3 73.4 80.7 1253.2745 0:20:53 8586.02 98665.34 8082.04 8227.95 1.99 2.38 141.45 1774.49
homfam ace 3989 6 427.824 601 37.3 85.8 87.2 67.0 74.6 7736.5867 2:08:56 10260.68 102219.97 9894.39 10005.54 1.98 8.84 166.81 12905.65
homfam sti 613 5 165.383 198 36.4 86.8 87.4 65.2 71.9 576.0065 0:09:36 8398.31 98577.80 7893.81 8074.32 1.99 1.70 90.41 522.31
homfam aat 25100 10 337.807 476 28.6 72.4 73.3 36.1 40.5 8635.6599 2:23:55 10047.11 101829.96 9542.57 9672.13 1.98 36.78 164.14 14174.31
homfam oxidored_q6 3348 5 123.044 285 56.7 93.2 93.5 86.5 88.2 1251.0469 0:20:51 8266.84 100095.86 7762.04 7919.58 1.99 5.05 146.93 1842.61
homfam hormone_rec 3509 5 188.562 308 21.5 72.2 74.5 46.3 59.4 1447.3589 0:24:07 8661.04 100623.29 8156.04 8305.68 0.00 0.02 153.78 10.08
homfam rhv 17976 6 143.424 938 33.1 36.2 50.8 2.2 0.2 12980.5554 3:36:20 8501.88 100356.46 7995.93 8118.75 1.99 15.35 165.17 21438.55
homfam tgfb 1606 8 95.4645 118 43.8 85.5 88.0 43.6 47.7 503.5991 0:08:23 8144.47 98240.51 7625.02 7754.91 1.99 2.00 113.11 571.08
homfam cryst 1160 7 80.8078 192 44.4 93.2 93.0 74.6 76.3 523.5003 0:08:43 8277.23 98521.22 7887.00 7999.11 1.99 1.58 109.38 574.15
homfam cyclo 6288 6 159.069 203 44.1 87.0 88.0 72.5 76.2 1915.6714 0:31:55 8425.08 100392.31 7920.31 8038.33 1.99 7.76 158.89 3045.08
homfam kunitz 2266 10 53.752 64 37.9 98.9 98.9 95.0 94.7 438.4181 0:07:18 7994.74 98042.80 7503.46 7643.38 1.99 2.14 100.46 441.95
homfam Rhodanese 14049 6 102.277 216 22.7 67.8 71.6 49.5 47.2 2154.0426 0:35:54 8314.96 100272.41 7810.47 7928.52 1.98 11.42 156.63 3378.75
homfam sodcu 2038 7 141.322 169 42.2 90.4 90.8 76.5 81.5 746.1813 0:12:26 8432.91 98603.40 7929.39 8058.49 21.99 3.69 127.77 955.16
homfam profilin 687 5 123.371 144 39.7 94.3 94.3 86.7 87.0 550.6683 0:09:10 8259.60 99667.83 7754.73 7884.64 1.99 1.18 91.77 511.29
homfam glob 3983 41 100.684 174 31.7 95.3 95.0 72.9 75.4 706.9475 0:11:46 8231.76 99798.91 7727.41 7846.05 1.99 3.37 123.38 882.22
homfam tim 3904 10 205.645 260 47.5 97.8 97.9 91.1 94.0 1811.7210 0:30:11 8686.61 100677.84 8182.29 8344.67 1.99 5.02 144.69 2629.54
homfam uce 4558 13 134.701 184 34.0 90.7 89.7 52.4 61.8 878.2994 0:14:38 8355.63 100080.10 7988.97 8072.71 1.99 7.46 114.33 1004.62
homfam toxin 508 20 62.311 78 43.1 90.0 88.4 46.8 53.0 320.8710 0:05:20 8038.60 98120.82 7580.67 7697.97 1.99 0.95 99.02 319.28
homfam rub 1435 5 46.1575 54 62.1 97.6 97.6 88.9 90.2 453.0314 0:07:33 7916.07 97997.47 7457.73 7575.03 1.99 1.27 82.76 376.42
homfam hom 12037 8 53.4951 98 35.3 94.1 94.0 65.2 81.1 766.8986 0:12:46 8016.80 98046.45 7695.92 7767.22 1.99 6.91 109.55 841.58
homfam biotin_lipoyl 11833 7 71.8928 112 28.9 94.4 94.9 78.8 80.8 825.3287 0:13:45 8082.89 102261.57 7579.41 7736.35 1.99 7.97 121.00 1000.16
homfam cys 4316 13 198.11 284 40.5 94.3 93.9 66.0 79.6 1587.1862 0:26:27 9043.02 100872.38 8539.16 8691.66 1.99 6.13 153.52 2443.44
homfam ghf11 521 5 167.758 202 49.5 95.3 95.1 88.0 88.9 616.8969 0:10:16 8238.30 98383.98 7733.75 7876.67 1.99 1.18 122.38 756.53
homfam blmb 17200 6 192.465 344 20.6 66.8 71.0 41.1 49.9 6181.3554 1:43:01 8880.46 100703.56 8376.86 8528.98 1.98 18.43 177.17 10960.67
homfam aadh 3127 8 225.129 542 38.2 85.7 86.0 51.7 57.5 2296.1361 0:38:16 8822.99 100736.46 8319.17 8456.56 1.99 4.54 155.47 3576.70
homfam DEATH 1183 7 80.5689 159 19.6 73.2 74.7 43.5 44.4 505.3046 0:08:25 8136.07 98101.23 7632.02 7780.34 1.99 1.67 105.47 534.43
homfam Sulfotransfer 2489 5 235.798 381 26.2 62.6 71.3 37.5 44.9 2979.8099 0:49:39 8861.65 100746.25 8356.97 8475.29 0.00 0.02 173.75 18.37
homfam serpin 3144 8 291.462 418 34.3 95.4 94.8 83.4 90.0 3301.2319 0:55:01 9727.79 101429.09 9223.75 9440.12 1.99 4.72 157.47 5206.62
homfam proteasome 5732 17 174.347 309 21.7 83.4 81.6 34.1 51.1 1372.8974 0:22:52 8462.43 99814.75 7959.00 8115.02 5.99 6.24 144.82 1996.42
homfam zf-CCHH 88345 15 23.2513 39 35.5 97.5 96.8 88.6 93.0 1403.2002 0:23:23 8001.84 98051.12 7544.45 7706.98 21.94 42.61 113.71 1597.35
homfam egf 7774 12 32.0765 71 31.1 76.9 76.7 32.4 39.3 505.6224 0:08:25 7979.24 98040.81 7915.98 7942.61 1.98 4.79 123.19 625.63
homfam annexin 3139 6 65.1902 323 57.2 100.0 100.0 100.0 100.0 1320.0165 0:22:00 8297.54 98389.69 7792.88 8007.75 1.99 3.95 145.53 1922.74
homfam OTCace 4795 5 157.005 350 37.3 96.8 96.9 90.2 92.8 1430.3067 0:23:50 8557.38 99992.04 8052.79 8171.16 1.99 5.42 143.55 2058.87
homfam rnasemam 498 6 120.072 141 42.2 91.9 88.7 66.4 77.4 477.7243 0:07:57 8195.39 98274.58 7690.96 7820.88 1.99 1.24 87.50 419.46
homfam adh 21331 5 123.64 375 63.9 65.6 68.3 43.7 44.0 2281.3366 0:38:01 8502.38 100354.58 7998.16 8214.65 4.00 0.02 154.86 18.28
homfam il8 1073 11 63.7623 81 34.5 93.6 93.0 74.0 81.8 441.1288 0:07:21 8097.13 98190.96 7592.34 7722.21 0.00 0.02 91.13 4.16
homfam hr 3707 5 65.1513 82 53.3 99.1 99.1 94.9 99.1 660.1091 0:11:00 8013.81 98147.77 7510.10 7689.87 93.99 2.60 114.53 738.59
homfam ChtBD 774 5 38.2713 45 59.3 99.3 99.0 95.3 97.1 348.9143 0:05:48 7844.63 97892.56 7502.57 7642.45 0.00 0.02 90.90 4.07
homfam gluts 10099 14 98.1117 235 39.4 87.8 89.3 61.8 65.9 2258.3238 0:37:38 8103.49 100047.16 7600.93 7757.17 1.98 8.16 166.05 3760.94
homfam ghf5 2717 6 260.466 470 17.8 66.9 69.0 34.4 48.6 3256.1669 0:54:16 9063.08 101072.31 8558.68 8679.29 1.99 4.29 161.57 5269.15
homfam ghf13 12607 10 264.452 626 26.8 62.2 62.1 27.3 37.6 7610.4073 2:06:50 9633.51 101441.63 9128.60 9258.42 1.99 16.52 174.56 13283.27
homfam PDZ 14950 6 80.8907 110 30.6 86.5 86.5 72.7 74.3 1057.1272 0:17:37 8278.25 99671.50 7783.27 7943.66 1.98 12.39 119.73 1274.07
homfam az 1086 29 100.416 215 33.4 74.7 74.3 40.8 45.1 542.6189 0:09:02 8207.68 99598.51 7703.94 7853.23 1.99 1.38 102.58 564.84
homfam hla 13465 5 153.148 178 76.5 100.0 100.0 100.0 100.0 1279.0623 0:21:19 8838.22 99050.06 8333.44 8462.98 1.99 13.71 128.23 1641.90
homfam slectin 932 5 133.052 142 33.3 94.4 94.2 85.4 89.2 799.8263 0:13:19 8270.91 100215.16 7767.42 7924.57 1.99 2.18 122.52 976.82
homfam GEL 2195 5 78.1157 150 23.7 66.9 68.0 38.4 53.9 606.2830 0:10:06 7978.96 99315.56 7518.05 7681.66 1.99 2.25 117.69 725.56
homfam kringle 1091 9 75.9138 100 43.3 96.1 95.0 79.8 83.5 442.9400 0:07:22 7970.66 98092.84 7500.29 7640.55 1.99 1.83 97.29 432.47
homfam p450 21013 12 331.506 512 20.8 77.1 77.0 37.5 46.6 11286.1021 3:08:06 10633.83 102607.59 10129.93 10247.88 1.88 32.74 162.85 18389.88
homfam gpdh 7691 8 129.082 360 55.1 95.9 95.8 87.2 90.1 1811.7234 0:30:11 8330.58 100165.46 7827.14 7979.76 1.99 7.87 140.14 2547.11
homfam int 7572 5 168.037 219 22.5 88.4 89.4 71.3 77.1 2001.5477 0:33:21 8616.43 100474.84 8113.43 8348.21 1.98 8.66 155.16 3112.59
homfam KAS 2070 6 174.528 404 31.7 86.4 86.3 68.0 74.2 1127.8960 0:18:47 8755.23 98891.99 8251.37 8369.40 1.99 2.52 137.15 1548.30
homfam trfl 837 7 242.315 702 61.9 94.6 95.2 88.9 89.7 2255.9785 0:37:35 9121.98 100991.00 8617.43 8735.71 1.99 1.90 150.37 3399.67
homfam TNF 556 5 119.903 176 32.0 87.1 86.2 72.0 76.2 401.6114 0:06:41 8122.04 98254.18 7617.65 7747.56 1.99 1.24 99.24 400.07
homfam scorptoxin 363 8 53.2562 74 46.3 89.7 88.8 71.2 78.5 382.3253 0:06:22 7948.23 98108.94 7564.70 7705.45 1.99 0.83 79.23 304.32
homfam aldosered 13277 7 268.547 386 41.6 87.9 90.0 68.9 76.0 4912.0395 1:21:52 9264.30 101152.34 8759.62 8889.17 21.98 18.87 160.87 7885.81
homfam rrm 27610 20 67.4587 157 22.9 88.5 86.8 33.3 41.2 1117.6386 0:18:37 8316.19 98370.28 7812.14 7991.45 245.98 17.98 130.31 1458.82
