homfam ricin 747 7 198.708 281 37.5 91.7 91.9 77.3 85.1 553.5907 0:09:13 7974.31 102920.42 7542.38 7682.52 1.99 1.70 141.65 789.98
homfam ghf10 1502 5 220.34 364 43.3 93.5 93.7 81.7 87.7 1002.3089 0:16:42 8027.43 103259.08 7543.79 7704.66 1.99 2.80 154.17 1551.15
homfam seatoxin 93 5 43.6344 54 42.6 67.1 65.3 18.4 15.5 177.0900 0:02:57 8009.31 97892.44 7523.29 7732.54 1.99 0.65 120.43 214.30
homfam mofe 2567 6 353.074 609 30.0 83.0 84.9 66.0 72.6 3001.3464 0:50:01 8030.32 103181.73 7533.60 7742.91 1.99 6.15 163.56 4917.07
homfam cyt3 385 6 92.3065 130 40.3 80.4 81.4 61.0 69.7 208.1340 0:03:28 8006.36 99912.11 7620.14 7737.42 1.99 1.24 122.83 263.18
homfam ins 793 6 65.2825 74 44.9 91.8 95.0 66.7 89.9 378.6025 0:06:18 7980.10 101958.52 7522.07 7639.21 1.99 1.42 142.74 544.56
homfam Ald_Xan_dh_2 2589 6 109.304 885 31.8 83.1 83.2 62.9 71.5 1895.8166 0:31:35 7974.43 103159.23 7664.23 7804.60 1.99 5.19 167.41 3174.75
homfam tms 2118 5 264.245 357 45.9 96.1 95.9 86.3 92.8 1243.6577 0:20:43 7942.03 103256.16 7494.14 7703.36 1.99 3.31 158.73 1979.42
homfam phc 2957 12 98.4711 179 37.2 93.4 93.8 74.9 81.2 430.1885 0:07:10 7988.03 102920.38 7696.04 7836.38 1.99 4.52 150.15 654.19
homfam cytb 3206 6 82.1454 100 35.6 90.4 90.7 71.7 79.8 713.5861 0:11:53 8017.99 99911.12 7560.44 7666.11 1.99 2.98 162.81 1169.51
homfam mmp 1427 6 157.93 180 55.1 96.2 96.7 87.6 93.3 747.6861 0:12:27 7992.61 99908.57 7680.21 7751.51 1.99 2.30 158.16 1191.14
homfam phoslip 946 18 113.33 137 48.9 95.4 95.2 76.5 86.1 272.4302 0:04:32 7993.26 102921.41 7537.14 7746.36 1.99 1.30 131.11 364.88
homfam HLH 6781 5 53.5453 92 28.1 88.9 92.3 65.5 77.1 565.2011 0:09:25 7950.08 99908.93 7491.98 7701.31 1.99 4.01 150.86 858.23
homfam myb_DNA-binding 10398 5 46.5583 61 40.7 95.2 94.1 80.4 86.0 347.2159 0:05:47 7999.43 103053.43 7703.13 7843.53 1.98 5.84 126.02 438.52
homfam msb 4884 8 106.037 158 26.6 88.9 90.8 66.2 79.4 412.2496 0:06:52 7993.79 101959.14 7546.31 7686.12 1.98 4.69 116.05 485.50
homfam ghf1 4358 8 403.813 562 38.4 92.2 92.0 72.8 80.9 3853.0224 1:04:13 8090.36 103143.52 7587.31 7739.52 1.99 8.12 160.32 6184.08
homfam rvp 93681 6 94.2886 132 36.6 81.0 80.2 53.2 59.9 1211.1106 0:20:11 8349.80 102932.22 7846.11 7968.26 1.99 58.57 134.81 1638.15
homfam lyase_1 7632 5 295.082 511 30.9 82.0 82.0 62.8 68.1 2466.1842 0:41:06 7954.51 103175.40 7504.85 7713.76 1.99 10.21 157.01 3872.61
homfam ldh 7367 14 121.378 371 31.9 90.2 89.6 61.4 72.9 939.8596 0:15:39 7953.67 102926.29 7702.51 7797.49 1.99 7.50 154.02 1454.77
homfam subt 7517 11 301.598 414 39.5 79.1 80.3 33.9 47.1 7954.3516 2:12:34 7998.56 103165.74 7542.46 7659.73 1.98 12.36 175.59 13972.58
homfam sodfe 4455 8 77.4471 219 42.3 91.5 90.3 64.6 69.3 528.1822 0:08:48 8028.29 101958.94 7570.17 7675.91 1.99 3.60 142.20 752.55
homfam LIM 6428 5 57.0143 86 52.8 97.9 97.9 87.8 95.8 281.0876 0:04:41 8001.72 101960.10 7549.84 7713.68 1.99 4.10 124.00 350.08
homfam blm 9105 8 300.727 274 39.1 91.6 92.3 76.0 78.5 4698.9064 1:18:18 7978.53 99695.04 7518.43 7635.76 1.98 13.45 166.40 7827.81
homfam DMRL_synthase 2099 5 140.59 182 33.2 92.6 90.0 73.4 81.9 397.2754 0:06:37 8009.86 102922.30 7691.42 7831.76 1.99 2.29 129.28 514.58
homfam tRNA-synt_2b 11293 5 177.564 467 18.7 45.1 43.7 21.5 30.3 2170.6692 0:36:10 8005.09 103220.98 7548.53 7665.79 1.99 11.99 169.49 3687.67
homfam Stap_Strp_toxin 640 6 87.3922 254 32.5 82.7 82.3 50.6 56.5 437.7776 0:07:17 7947.09 101959.50 7489.00 7698.37 1.99 1.00 141.59 621.40
homfam Acetyltransf 46285 6 82.9897 229 24.1 62.2 62.2 31.7 43.1 3236.7655 0:53:56 8034.91 103200.79 7579.01 7719.12 1.96 33.68 182.62 5910.22
homfam ghf22 760 12 107.567 131 51.4 93.8 94.0 81.5 85.2 232.4628 0:03:52 8007.11 99912.20 7551.37 7760.58 1.99 1.18 131.60 307.33
homfam sdr 50157 13 163.253 361 23.3 77.3 76.9 35.0 45.4 2505.6542 0:41:45 8676.66 103255.58 8172.39 8294.72 1.96 55.17 155.03 3879.50
homfam ltn 1068 12 204.148 282 49.9 93.0 93.5 70.0 79.1 635.2084 0:10:35 7976.20 102982.42 7557.27 7766.50 1.99 1.89 151.25 968.36
homfam hpr 3349 5 83.0427 89 44.4 99.3 99.3 97.7 98.5 297.5109 0:04:57 8012.19 102919.81 7694.38 7834.67 1.99 2.67 136.87 414.87
homfam bowman 499 5 26.1443 73 64.9 89.5 89.5 75.7 71.5 166.1618 0:02:46 7944.84 97772.64 7492.44 7701.79 1.99 0.75 95.57 160.22
homfam hip 167 5 66.2096 88 33.4 84.1 83.4 58.3 69.3 191.6365 0:03:11 7960.34 97788.54 7642.30 7782.68 1.99 0.68 110.10 212.40
homfam HMG_box 4779 5 66.0716 89 24.8 97.3 96.2 85.2 93.9 286.5112 0:04:46 7977.75 99912.14 7519.77 7662.11 1.99 3.50 122.59 352.81
homfam icd 5678 5 328.887 433 41.7 94.6 94.8 85.1 88.2 2712.8798 0:45:12 7989.16 103248.43 7563.21 7680.34 1.99 8.55 158.34 4302.01
homfam peroxidase 4514 5 256.626 383 37.3 83.1 83.7 55.6 61.3 2467.5785 0:41:07 8007.20 103125.30 7551.20 7668.44 1.99 6.74 175.35 4335.38
homfam asp 3262 13 284.142 381 37.5 91.7 91.7 75.7 82.0 1816.4141 0:30:16 7942.73 103295.23 7563.08 7668.82 1.99 7.36 162.61 2958.50
homfam flav 4612 6 138.021 183 35.0 86.5 86.8 62.9 64.4 816.8889 0:13:36 7994.75 99912.14 7561.36 7724.81 1.99 4.59 148.18 1219.73
homfam cah 1379 5 212.706 279 38.7 89.3 89.8 69.0 76.7 739.9225 0:12:19 7980.77 99909.64 7558.13 7767.37 1.99 2.12 148.99 1103.75
homfam ace 3989 6 427.824 601 37.3 84.4 86.0 64.0 70.1 4628.9595 1:17:08 7998.08 103115.58 7609.22 7726.34 1.98 8.26 166.19 7699.80
homfam sti 613 5 165.383 198 36.4 89.5 88.8 71.2 78.4 289.1755 0:04:49 8011.46 102919.55 7553.63 7693.82 1.99 1.40 121.28 352.31
homfam aat 25100 10 337.807 476 28.6 83.9 84.7 54.3 61.0 5482.5540 1:31:22 8613.79 103299.68 8336.96 8393.19 1.98 35.36 152.81 8379.59
homfam oxidored_q6 3348 5 123.044 285 56.7 88.5 91.0 79.3 81.0 810.6957 0:13:30 7950.45 99911.17 7497.75 7661.54 1.99 3.47 147.10 1200.31
homfam hormone_rec 3509 5 188.562 308 21.5 75.5 76.5 50.5 64.9 1017.2720 0:16:57 8011.54 102768.46 7661.32 7801.65 1.99 3.89 155.31 1588.05
homfam rhv 17976 6 143.424 938 33.1 66.9 71.4 37.5 46.1 8567.6599 2:22:47 7962.42 99915.77 7878.58 7907.58 1.99 15.41 164.10 14061.94
homfam tgfb 1606 8 95.4645 118 43.8 80.7 85.0 31.6 39.1 284.1348 0:04:44 7975.48 103056.22 7525.29 7665.39 1.99 1.86 124.88 356.39
homfam cryst 1160 7 80.8078 192 44.4 91.8 91.6 72.4 74.9 302.1282 0:05:02 8004.70 103173.00 7742.72 7882.98 1.99 1.25 135.78 411.73
homfam cyclo 6288 6 159.069 203 44.1 86.9 88.8 70.4 76.4 1206.5202 0:20:06 7980.77 102990.96 7532.33 7741.58 1.99 7.55 167.63 2022.45
homfam kunitz 2266 10 53.752 64 37.9 98.2 98.2 91.7 91.1 220.4976 0:03:40 8023.95 101959.62 7573.76 7690.87 1.99 2.15 116.12 257.59
homfam Rhodanese 14049 6 102.277 216 22.7 79.0 86.5 64.1 69.7 1183.5708 0:19:43 7920.25 103091.39 7462.18 7579.45 1.98 11.77 159.59 1896.71
homfam sodcu 2038 7 141.322 169 42.2 90.5 90.8 77.7 81.7 382.6673 0:06:22 7943.91 102989.70 7485.80 7603.03 1.99 3.95 143.71 551.34
homfam profilin 687 5 123.371 144 39.7 93.1 93.1 84.4 85.1 272.9081 0:04:32 8011.90 99913.13 7624.26 7741.33 1.99 1.48 131.70 367.51
homfam glob 3983 41 100.684 174 31.7 95.9 95.6 70.0 73.3 408.5067 0:06:48 7998.86 99910.80 7703.64 7843.99 1.99 3.38 136.47 564.73
homfam tim 3904 10 205.645 260 47.5 97.9 98.0 91.9 95.0 1235.6179 0:20:35 7948.80 102928.09 7562.96 7772.07 1.99 5.06 148.07 1836.64
homfam uce 4558 13 134.701 184 34.0 89.7 90.0 58.4 66.7 618.0703 0:10:18 7964.12 99912.14 7645.90 7786.37 1.99 4.32 155.98 973.70
homfam toxin 508 20 62.311 78 43.1 94.0 92.1 66.2 76.1 173.9893 0:02:53 7990.57 99908.33 7557.47 7766.34 1.99 0.87 119.69 209.79
homfam rub 1435 5 46.1575 54 62.1 98.4 98.4 92.6 93.5 197.2782 0:03:17 7982.35 99913.13 7680.25 7775.20 1.99 1.57 105.52 209.69
homfam hom 12037 8 53.4951 98 35.3 96.9 96.4 75.4 91.0 349.7294 0:05:49 8041.97 103018.77 7549.15 7654.82 1.99 6.81 122.84 431.19
homfam biotin_lipoyl 11833 7 71.8928 112 28.9 94.6 93.0 75.3 81.0 386.3641 0:06:26 8000.76 99912.20 7550.34 7759.54 1.99 7.85 133.79 518.40
homfam cys 4316 13 198.11 284 40.5 94.5 93.9 67.5 80.8 1206.0115 0:20:06 7986.12 103117.91 7527.18 7736.50 1.99 6.05 163.35 1968.49
homfam ghf11 521 5 167.758 202 49.5 93.4 93.5 82.8 84.6 398.3752 0:06:38 7944.15 99588.36 7492.29 7597.98 1.99 1.49 140.78 562.38
homfam blmb 17200 6 192.465 344 20.6 70.5 74.6 44.0 53.8 3739.6412 1:02:19 8005.57 102927.29 7621.56 7831.90 1.98 44.43 173.47 6488.74
homfam aadh 3127 8 225.129 542 38.2 85.6 88.6 52.2 57.7 1630.5289 0:27:10 8045.93 103194.78 7559.36 7768.64 1.99 6.22 164.47 2687.85
homfam DEATH 1183 7 80.5689 159 19.6 80.2 82.1 54.0 67.0 266.8539 0:04:26 7989.32 102919.25 7557.29 7766.48 1.99 1.34 134.26 359.70
homfam Sulfotransfer 2489 5 235.798 381 26.2 70.9 71.5 40.2 47.8 1822.5613 0:30:22 8012.20 103244.42 7562.81 7772.17 1.99 3.96 168.07 3070.43
homfam serpin 3144 8 291.462 418 34.3 96.2 95.4 84.4 90.8 1949.4468 0:32:29 7977.38 103069.30 7611.52 7820.72 1.99 4.50 163.28 3181.91
homfam proteasome 5732 17 174.347 309 21.7 84.7 83.3 41.0 61.3 792.8096 0:13:12 7987.44 103145.70 7532.38 7672.14 1.99 6.17 147.66 1177.93
homfam zf-CCHH 88345 15 23.2513 39 35.5 96.0 95.5 77.1 85.3 758.1148 0:12:38 8039.12 102926.50 7579.06 7788.21 1.95 41.79 117.80 894.16
homfam egf 7774 12 32.0765 71 31.1 76.0 79.4 30.9 36.7 267.5785 0:04:27 8010.50 99912.27 7563.25 7772.16 1.98 4.42 127.28 343.86
homfam annexin 3139 6 65.1902 323 57.2 99.6 99.8 99.4 99.4 569.3350 0:09:29 7993.64 99909.65 7675.14 7815.60 1.99 2.33 153.51 875.47
homfam OTCace 4795 5 157.005 350 37.3 95.8 96.0 88.1 90.4 737.9454 0:12:17 7984.20 103290.01 7665.49 7805.84 1.99 4.85 149.20 1102.37
homfam rnasemam 498 6 120.072 141 42.2 94.9 91.5 73.9 86.7 220.0442 0:03:40 7977.83 101957.50 7521.31 7730.64 1.99 0.96 117.16 259.30
homfam adh 21331 5 123.64 375 63.9 96.9 97.3 92.5 92.8 1548.5192 0:25:48 7959.13 103122.88 7577.81 7786.69 1.98 18.33 157.28 2442.12
homfam il8 1073 11 63.7623 81 34.5 95.6 94.5 74.0 83.4 207.8058 0:03:27 8021.34 99909.41 7710.94 7851.26 1.99 1.14 124.38 259.53
homfam hr 3707 5 65.1513 82 53.3 99.1 99.1 94.9 99.1 317.7133 0:05:17 7975.01 102934.57 7591.10 7800.36 1.99 2.50 111.64 356.09
homfam ChtBD 774 5 38.2713 45 59.3 99.3 99.0 95.3 97.1 167.6719 0:02:47 7978.79 99912.20 7492.85 7656.57 1.99 1.25 93.27 157.88
homfam gluts 10099 14 98.1117 235 39.4 87.7 87.6 62.7 66.1 1506.1236 0:25:06 8004.21 101960.90 7549.83 7758.56 1.98 7.89 166.30 2513.69
homfam ghf5 2717 6 260.466 470 17.8 67.9 68.8 37.0 52.5 1737.1146 0:28:57 8011.49 103090.93 7556.57 7765.14 1.99 4.15 162.59 2833.48
homfam ghf13 12607 10 264.452 626 26.8 63.8 66.0 27.7 38.1 4874.5701 1:21:14 7947.78 99819.40 7445.24 7574.69 8.59 43.51 168.71 8226.32
homfam PDZ 14950 6 80.8907 110 30.6 87.1 88.5 73.7 76.6 714.8724 0:11:54 7996.84 101959.38 7682.54 7822.81 1.98 10.75 154.03 1108.97
homfam az 1086 29 100.416 215 33.4 78.3 78.5 42.4 47.3 303.7483 0:05:03 7995.68 99910.46 7677.57 7817.92 1.99 1.35 124.66 384.83
homfam hla 13465 5 153.148 178 76.5 100.0 100.0 100.0 100.0 692.9566 0:11:32 7954.79 103323.42 7498.73 7707.97 1.99 13.70 131.94 921.42
homfam slectin 932 5 133.052 142 33.3 94.0 94.3 85.4 89.5 447.4692 0:07:27 7949.71 101959.49 7493.36 7657.13 1.99 1.68 137.87 624.87
homfam GEL 2195 5 78.1157 150 23.7 65.4 65.7 37.0 51.9 323.6800 0:05:23 7948.57 103009.12 7492.34 7656.07 1.99 2.28 142.63 465.47
homfam kringle 1091 9 75.9138 100 43.3 96.7 95.6 84.3 88.6 222.9539 0:03:42 7979.47 102921.44 7557.27 7766.50 1.99 1.24 115.47 258.98
homfam p450 21013 12 331.506 512 20.8 78.9 79.6 40.5 49.4 5826.6837 1:37:06 9448.68 103312.61 9082.60 9249.45 1.97 33.01 157.41 9164.31
homfam gpdh 7691 8 129.082 360 55.1 96.4 96.2 88.5 91.4 960.3131 0:16:00 7992.18 103221.89 7504.71 7644.36 1.99 8.14 155.99 1506.96
homfam int 7572 5 168.037 219 22.5 86.8 88.3 67.3 74.8 1565.7389 0:26:05 7996.67 102925.48 7548.90 7757.93 1.98 8.01 161.91 2542.25
homfam KAS 2070 6 174.528 404 31.7 87.1 85.8 69.2 75.2 771.1509 0:12:51 7991.82 99240.12 7535.61 7744.91 1.99 2.50 138.26 1067.65
homfam trfl 837 7 242.315 702 61.9 92.4 93.5 84.5 81.8 1273.6067 0:21:13 7998.33 99908.52 7928.88 7957.67 1.99 1.57 159.87 2037.72
homfam TNF 556 5 119.903 176 32.0 83.2 82.5 65.0 71.2 231.5933 0:03:51 8013.49 102921.43 7525.14 7734.34 1.99 1.02 131.70 306.51
homfam scorptoxin 363 8 53.2562 74 46.3 92.8 91.6 78.1 85.5 160.8511 0:02:40 7977.10 99913.01 7557.36 7766.38 1.99 0.74 98.80 160.40
homfam aldosered 13277 7 268.547 386 41.6 86.2 89.5 68.0 75.0 3310.8124 0:55:10 7990.69 103185.77 7568.54 7741.78 1.98 18.30 158.20 5242.33
homfam rrm 27610 20 67.4587 157 22.9 86.0 87.0 23.4 32.1 519.6062 0:08:39 7964.14 103242.27 7508.50 7625.79 1.98 18.04 130.91 681.63
