homfam ricin 747 7 198.708 281 37.5 90.8 91.1 75.8 83.8 853.5734 0:14:13 8209.83 99194.01 7761.18 7873.75 1.99 1.68 130.41 1121.73

homfam ghf10 1502 5 220.34 364 43.3 92.1 92.5 81.1 86.0 1537.2681 0:25:37 8609.27 100059.14 8550.63 8577.03 1.99 2.84 154.81 2386.79

homfam seatoxin 93 5 43.6344 54 42.6 71.8 71.3 20.4 21.3 296.3811 0:04:56 7431.60 97152.64 7066.16 7232.58 1.99 0.94 106.09 315.89

homfam mofe 2567 6 353.074 609 30.0 85.3 87.8 67.5 74.2 2894.3931 0:48:14 9649.42 101143.19 9202.14 9338.66 1.99 4.27 161.44 4679.70

homfam cyt3 385 6 92.3065 130 40.3 73.9 74.1 53.4 60.8 375.4460 0:06:15 7787.50 97502.79 7460.70 7562.88 1.99 0.91 100.01 376.95

homfam ins 793 6 65.2825 74 44.9 92.8 95.0 66.7 89.9 663.5180 0:11:03 7832.02 99247.91 7338.75 7459.24 0.00 0.02 120.65 5.21

homfam Ald_Xan_dh_2 2589 6 109.304 885 31.8 82.7 82.6 62.1 70.6 3578.4918 0:59:38 7851.50 99391.16 7374.73 7513.56 1.99 5.56 158.97 5692.13

homfam tms 2118 5 264.245 357 45.9 94.9 94.7 82.8 88.9 1959.0454 0:32:39 8800.31 100254.09 8286.99 8425.92 1.99 3.57 161.77 3176.01

homfam phc 2957 12 98.4711 179 37.2 73.4 95.3 40.8 43.1 1032.1358 0:17:12 7994.27 99385.77 7553.21 7673.88 1.99 3.02 136.24 1412.76

homfam cytb 3206 6 82.1454 100 35.6 86.2 86.2 59.8 65.9 1253.2390 0:20:53 7950.43 99349.08 7564.51 7648.11 113.99 2.99 151.13 1903.18

homfam mmp 1427 6 157.93 180 55.1 95.7 96.6 86.4 92.1 1310.5823 0:21:50 8281.31 99613.02 7735.33 7871.61 1.99 3.42 143.65 1882.22

homfam phoslip 946 18 113.33 137 48.9 95.1 94.7 74.3 84.4 537.6419 0:08:57 7732.50 97602.59 7295.79 7435.05 1.99 1.65 103.02 556.28

homfam HLH 6781 5 53.5453 92 28.1 89.3 94.2 67.9 77.4 915.7042 0:15:15 7924.97 101265.12 7650.94 7705.02 1.99 4.02 138.11 1276.14

homfam myb_DNA-binding 10398 5 46.5583 61 40.7 96.8 95.6 83.9 90.0 672.6201 0:11:12 8145.41 99094.14 7669.07 7808.13 1.98 6.04 111.72 758.22

homfam msb 4884 8 106.037 158 26.6 86.5 87.3 58.6 73.0 758.1014 0:12:38 7993.79 99452.98 7865.59 7892.02 25.98 4.77 121.58 929.24

homfam ghf1 4358 8 403.813 562 38.4 92.3 92.6 72.8 81.2 4758.9163 1:19:18 10546.66 102190.71 10070.23 10236.54 1.99 8.20 165.87 7892.89

homfam rvp 93681 6 94.2886 132 36.6 82.3 81.8 55.0 61.9 2053.7445 0:34:13 10217.27 99801.66 9755.99 9921.74 1.99 58.29 148.16 3044.28

homfam lyase_1 7632 5 295.082 511 30.9 82.4 82.4 63.2 68.6 3638.9031 1:00:38 9518.54 100351.90 9458.64 9484.82 1.99 10.51 161.90 5899.51

homfam ldh 7367 14 121.378 371 31.9 89.8 89.2 60.5 72.1 1767.4279 0:29:27 8448.47 99251.07 8082.22 8185.59 1.99 7.14 158.25 2804.76

homfam subt 7517 11 301.598 414 39.5 78.8 78.9 26.3 34.9 11112.5570 3:05:12 9870.63 101066.65 9435.66 9615.67 6.01 12.32 179.00 19899.74

homfam sodfe 4455 8 77.4471 219 42.3 90.8 89.9 66.0 69.5 1069.9050 0:17:49 7911.89 97634.14 7435.84 7574.76 1.99 3.58 118.97 1274.43

homfam LIM 6428 5 57.0143 86 52.8 96.6 96.6 85.4 92.6 715.0164 0:11:55 7762.07 97469.11 7285.01 7424.12 1.99 5.63 105.24 753.81

homfam blm 9105 8 300.727 274 39.1 44.9 63.4 8.6 8.6 5541.8704 1:32:21 10081.84 101408.91 9570.15 9736.23 5.98 13.29 169.17 9387.57

homfam DMRL_synthase 2099 5 140.59 182 33.2 93.9 90.9 74.6 83.3 820.4974 0:13:40 7906.24 97772.52 7540.84 7651.72 1.99 2.64 117.66 967.14

homfam tRNA-synt_2b 11293 5 177.564 467 18.7 53.8 52.4 27.3 38.5 3293.2492 0:54:53 8705.11 100158.64 8240.32 8378.92 1.99 11.84 166.93 5505.86

homfam Stap_Strp_toxin 640 6 87.3922 254 32.5 87.4 86.6 60.9 69.0 638.9523 0:10:38 7905.86 97652.11 7539.40 7623.42 1.99 1.29 132.23 846.43

homfam Acetyltransf 46285 6 82.9897 229 24.1 42.1 51.3 5.3 1.9 4063.9286 1:07:43 9310.14 100748.30 8856.96 9078.32 13.96 33.30 177.31 7215.78

homfam ghf22 760 12 107.567 131 51.4 94.7 94.7 79.2 82.9 506.8662 0:08:26 7713.23 97585.48 7270.52 7409.74 1.99 1.47 90.26 459.02

homfam sdr 50157 13 163.253 361 23.3 66.8 71.2 37.2 47.1 3818.0756 1:03:38 10523.67 101972.09 10076.44 10241.92 0.05 0.76 157.32 6007.98

homfam ltn 1068 12 204.148 282 49.9 94.3 94.5 71.5 80.4 1126.1189 0:18:46 8316.92 99446.59 7840.12 7978.99 5.99 1.81 131.00 1480.14

homfam hpr 3349 5 83.0427 89 44.4 99.3 99.3 97.7 98.5 553.5542 0:09:13 7668.28 97552.46 7166.29 7305.19 1.99 2.67 121.70 675.16

homfam bowman 499 5 26.1443 73 64.9 93.9 93.9 82.9 84.9 292.0639 0:04:52 7432.89 97273.91 7066.86 7150.59 1.99 0.85 101.25 297.27

homfam hip 167 5 66.2096 88 33.4 88.1 87.3 66.7 75.8 328.4204 0:05:28 7710.29 97474.39 7343.87 7455.52 1.99 0.98 98.81 326.07

homfam HMG_box 4779 5 66.0716 89 24.8 92.6 92.6 76.5 84.0 533.1482 0:08:53 7728.16 101265.19 7381.49 7515.46 0.00 0.02 125.51 6.78

homfam icd 5678 5 328.887 433 41.7 94.1 94.3 84.3 87.1 3905.4475 1:05:05 9910.73 100908.38 9843.54 9873.38 1.99 13.79 158.44 6188.42

homfam peroxidase 4514 5 256.626 383 37.3 76.6 77.8 44.7 48.3 3194.8120 0:53:14 9438.55 100885.26 9071.92 9155.52 1.98 6.75 171.62 5493.59

homfam asp 3262 13 284.142 381 37.5 91.9 92.0 73.3 80.1 2654.3818 0:44:14 9364.54 100798.55 8887.75 9008.33 1.99 5.68 165.04 4384.32

homfam flav 4612 6 138.021 183 35.0 89.3 89.5 69.7 72.9 1334.5697 0:22:14 8055.96 99567.66 7580.13 7700.55 0.00 0.02 139.46 9.95

homfam cah 1379 5 212.706 279 38.7 88.4 89.0 68.6 76.1 1252.4936 0:20:52 8740.39 98464.20 8264.15 8384.52 1.99 2.36 146.00 1829.96

homfam ace 3989 6 427.824 601 37.3 85.9 87.5 66.8 73.6 5817.1160 1:36:57 10728.24 101986.79 10251.47 10371.67 1.98 8.18 168.96 9827.76

homfam sti 613 5 165.383 198 36.4 89.0 88.1 70.1 77.4 548.3592 0:09:08 8119.10 98066.66 7772.69 7876.29 1.99 1.45 111.95 615.42

homfam aat 25100 10 337.807 476 28.6 72.3 72.8 36.1 40.4 9714.2996 2:41:54 11596.82 102641.02 11176.37 11342.02 1.98 36.77 171.27 16646.14

homfam oxidored_q6 3348 5 123.044 285 56.7 93.3 94.3 86.5 87.7 1386.0634 0:23:06 8202.36 99674.70 7686.12 7825.84 1.99 3.48 138.85 1931.57

homfam hormone_rec 3509 5 188.562 308 21.5 72.0 74.7 49.5 63.5 1558.5382 0:25:58 8401.48 99893.95 8045.16 8147.35 1.99 4.14 148.87 2327.72

homfam rhv 17976 6 143.424 938 33.1 40.0 50.9 4.9 4.3 12621.4433 3:30:21 8830.92 100449.73 8353.86 8474.49 1.99 15.48 170.91 21579.33

homfam tgfb 1606 8 95.4645 118 43.8 79.2 81.8 29.1 33.9 517.4751 0:08:37 7670.52 97540.96 7196.26 7336.06 1.99 2.03 119.77 621.25

homfam cryst 1160 7 80.8078 192 44.4 90.8 91.0 68.0 70.9 607.3568 0:10:07 7826.29 97699.84 7406.46 7494.07 1.99 1.64 110.89 675.04

homfam cyclo 6288 6 159.069 203 44.1 86.2 88.3 66.1 76.1 1900.2995 0:31:40 8327.78 99780.38 7794.48 7933.27 1.99 7.60 162.16 3092.11

homfam kunitz 2266 10 53.752 64 37.9 94.1 95.0 71.7 70.7 490.3196 0:08:10 7695.21 97420.41 7182.42 7321.40 1.99 2.20 100.43 493.92

homfam Rhodanese 14049 6 102.277 216 22.7 67.8 68.9 43.2 47.6 2014.7872 0:33:34 8676.73 100030.13 8199.66 8338.35 1.98 11.69 157.11 3175.76

homfam sodcu 2038 7 141.322 169 42.2 90.4 91.2 75.9 80.3 847.7680 0:14:07 8148.85 98778.84 7796.05 7898.25 5.99 2.39 132.95 1129.73

homfam profilin 687 5 123.371 144 39.7 93.6 93.6 85.2 85.4 530.9631 0:08:50 7945.38 97868.31 7491.17 7630.04 0.00 0.02 113.17 4.87

homfam glob 3983 41 100.684 174 31.7 95.6 95.2 72.9 75.4 823.7415 0:13:43 7813.95 99378.21 7387.99 7546.51 1.99 3.68 123.75 1028.18

homfam tim 3904 10 205.645 260 47.5 98.4 98.5 91.9 94.9 2002.8751 0:33:22 8691.93 100373.51 8560.59 8593.71 1.99 7.59 148.75 2980.49

homfam uce 4558 13 134.701 184 34.0 90.5 91.6 64.5 71.8 989.6590 0:16:29 8084.63 104875.90 7609.26 7811.49 1.99 7.72 144.61 1432.04

homfam toxin 508 20 62.311 78 43.1 93.3 91.3 64.9 75.0 375.1437 0:06:15 7580.86 97349.90 7215.06 7327.10 1.99 0.87 84.06 316.89

homfam rub 1435 5 46.1575 54 62.1 98.4 98.4 92.6 93.5 351.3359 0:05:51 7857.27 97625.95 7380.10 7500.80 0.00 0.02 84.74 4.09

homfam hom 12037 8 53.4951 98 35.3 91.6 91.1 60.9 75.7 712.0631 0:11:52 8125.41 97879.27 7759.95 7847.03 0.00 0.02 128.56 6.41

homfam biotin_lipoyl 11833 7 71.8928 112 28.9 96.5 96.7 84.7 85.5 809.3439 0:13:29 7912.76 97745.80 7537.60 7704.37 1.99 8.16 130.66 1059.07

homfam cys 4316 13 198.11 284 40.5 94.7 94.3 73.9 83.2 1624.3336 0:27:04 8696.29 100107.74 8329.55 8413.28 1.96 6.15 151.63 2466.13

homfam ghf11 521 5 167.758 202 49.5 95.6 95.4 88.0 89.4 632.4653 0:10:32 8036.92 97899.36 7634.03 7717.78 1.99 1.23 125.41 794.72

homfam blmb 17200 6 192.465 344 20.6 65.0 68.1 35.6 46.3 7363.5664 2:02:43 9366.75 100757.82 8888.63 9027.12 1.98 19.58 184.38 13577.62

homfam aadh 3127 8 225.129 542 38.2 85.3 85.4 51.7 57.2 2083.4262 0:34:43 8859.33 100020.66 8800.52 8826.94 1.99 4.26 164.39 3431.92

homfam DEATH 1183 7 80.5689 159 19.6 79.3 79.6 35.5 48.3 543.1124 0:09:03 7690.89 97617.30 7194.45 7394.77 1.99 1.69 106.96 582.44

homfam Sulfotransfer 2489 5 235.798 381 26.2 62.3 67.1 34.8 43.0 3171.6487 0:52:51 9063.01 100221.51 9004.50 9030.94 1.99 4.29 171.33 5443.80

homfam serpin 3144 8 291.462 418 34.3 95.4 94.9 82.7 89.4 2874.4237 0:47:54 9585.79 100922.29 9110.11 9248.83 1.99 4.83 158.83 4575.81

homfam proteasome 5732 17 174.347 309 21.7 82.1 79.5 30.0 44.8 1382.4914 0:23:02 8396.55 99910.46 7870.36 8009.25 1.99 5.97 148.99 2068.51

homfam zf-CCHH 88345 15 23.2513 39 35.5 97.1 96.5 88.6 93.0 1212.3349 0:20:12 8577.84 98249.37 8101.07 8238.88 5.95 42.16 126.42 1534.20

homfam egf 7774 12 32.0765 71 31.1 65.2 67.7 27.9 31.6 483.0220 0:08:03 7850.89 97782.47 7484.88 7603.01 1.98 4.49 113.86 553.87

homfam annexin 3139 6 65.1902 323 57.2 100.0 100.0 100.0 100.0 1313.4472 0:21:53 8059.89 97809.40 7886.40 7912.58 1.99 2.43 143.21 1882.70

homfam OTCace 4795 5 157.005 350 37.3 97.0 97.1 90.8 93.1 1447.9840 0:24:07 8089.95 97999.79 7798.30 7881.98 1.99 4.97 158.90 2305.17

homfam rnasemam 498 6 120.072 141 42.2 91.3 88.5 64.9 76.5 406.5519 0:06:46 7852.87 97724.55 7414.09 7553.16 1.99 1.24 100.80 411.34

homfam adh 21331 5 123.64 375 63.9 93.6 94.3 84.3 84.6 3661.3186 1:01:01 9102.93 100387.46 8737.13 8886.77 2.03 19.00 171.48 6282.91

homfam il8 1073 11 63.7623 81 34.5 86.0 85.7 59.7 67.4 352.4879 0:05:52 7629.20 97417.38 7111.54 7278.40 1.99 1.63 116.19 410.99

homfam hr 3707 5 65.1513 82 53.3 99.1 99.1 94.9 99.1 651.0955 0:10:51 7686.96 97421.54 7210.61 7349.19 1.99 2.87 107.16 699.42

homfam ChtBD 774 5 38.2713 45 59.3 99.3 99.0 95.3 97.1 312.8940 0:05:12 7762.79 97538.79 7286.22 7425.18 1.99 1.25 84.08 264.63

homfam gluts 10099 14 98.1117 235 39.4 87.9 89.0 63.9 68.3 2797.5488 0:46:37 8408.11 99835.62 7931.55 8070.09 1.98 8.42 159.66 4476.65

homfam ghf5 2717 6 260.466 470 17.8 64.5 64.5 34.4 49.0 2720.1446 0:45:20 8949.49 100428.42 8472.75 8611.82 1.99 4.46 159.84 4356.59

homfam ghf13 12607 10 264.452 626 26.8 60.6 61.8 27.5 35.6 7802.0285 2:10:02 10357.62 101558.28 9991.02 10102.45 6.12 16.32 179.34 13999.28

homfam PDZ 14950 6 80.8907 110 30.6 86.4 86.8 70.7 73.1 1335.5092 0:22:15 8401.97 99822.13 7897.22 8035.90 1.98 12.91 141.80 1898.45

homfam az 1086 29 100.416 215 33.4 76.5 76.3 42.4 46.4 606.5835 0:10:06 7756.64 98983.62 7381.12 7464.94 1.99 1.76 104.28 637.49

homfam hla 13465 5 153.148 178 76.5 100.0 100.0 100.0 100.0 1301.7683 0:21:41 8882.67 99718.44 8434.08 8572.56 1.99 13.78 154.20 2016.72

homfam slectin 932 5 133.052 142 33.3 93.8 94.0 86.9 90.5 795.0770 0:13:15 7864.79 99404.43 7498.32 7582.53 1.99 1.67 122.92 987.29

homfam GEL 2195 5 78.1157 150 23.7 73.6 74.5 40.4 56.9 706.4974 0:11:46 7690.94 98697.60 7186.17 7324.89 1.99 1.99 115.72 827.00

homfam kringle 1091 9 75.9138 100 43.3 95.7 94.7 78.7 82.2 386.4426 0:06:26 7644.16 97471.86 7200.83 7311.92 1.99 1.59 115.00 445.94

homfam p450 21013 12 331.506 512 20.8 76.1 75.4 35.9 44.0 11936.6089 3:18:56 12649.71 103646.58 12283.29 12366.77 1.98 34.61 167.28 19977.31

homfam gpdh 7691 8 129.082 360 55.1 96.0 95.9 85.8 90.7 1842.0753 0:30:42 8306.14 99732.05 7997.61 8080.97 1.99 7.88 157.37 2905.89

homfam int 7572 5 168.037 219 22.5 82.9 84.5 63.4 68.2 1964.3069 0:32:44 8528.86 99967.61 8035.07 8155.50 1.98 8.35 159.67 3148.80

homfam KAS 2070 6 174.528 404 31.7 83.6 86.3 57.2 64.3 1275.4575 0:21:15 8387.23 101262.32 8033.61 8181.95 1.99 2.74 148.83 1906.46

homfam trfl 837 7 242.315 702 61.9 94.9 95.1 89.3 88.8 2832.3231 0:47:12 8888.39 98673.96 8412.55 8551.11 1.99 1.89 168.69 4779.49

homfam TNF 556 5 119.903 176 32.0 84.1 83.4 66.2 70.0 433.0480 0:07:13 7921.34 97632.29 7445.05 7602.34 1.99 1.01 113.72 493.87

homfam scorptoxin 363 8 53.2562 74 46.3 90.4 89.5 74.0 79.0 304.2753 0:05:04 8080.29 97816.13 7604.09 7770.72 1.99 0.75 88.45 270.54

homfam aldosered 13277 7 268.547 386 41.6 87.1 89.7 68.9 76.1 5082.4786 1:24:42 9922.72 101099.45 9556.26 9640.44 1.98 18.94 170.22 8650.00

homfam rrm 27610 20 67.4587 157 22.9 81.5 79.5 20.7 22.8 1310.9521 0:21:50 8615.49 98363.02 8138.22 8258.67 1.97 17.66 128.49 1685.85

