homfam ricin 747 7 198.708 281 37.5 88.9 90.8 73.6 80.1 677.8187 0:11:17 15045.05 104957.54 14660.16 14766.19 1.99 1.35 137.00 935.90
homfam ghf10 1502 5 220.34 364 43.3 89.9 90.2 73.1 78.5 1304.4780 0:21:44 15069.81 104983.57 14704.44 14867.39 1.99 2.46 152.87 1996.81
homfam seatoxin 93 5 43.6344 54 42.6 65.3 63.2 6.1 6.9 160.6668 0:02:40 15070.57 104981.41 14696.05 14813.65 1.99 0.93 106.83 173.21
homfam mofe 2567 6 353.074 609 30.0 83.9 85.6 64.3 72.1 4824.7031 1:20:24 15060.37 104883.62 14646.04 14763.60 1.99 4.62 164.14 7926.62
homfam cyt3 385 6 92.3065 130 40.3 73.9 78.8 54.2 60.9 284.8981 0:04:44 12379.11 102996.50 11849.52 11966.90 1.99 0.95 129.46 377.94
homfam ins 793 6 65.2825 74 44.9 85.4 92.2 62.3 81.7 392.5774 0:06:32 12901.59 102926.50 12400.73 12518.35 1.99 1.12 152.73 608.15
homfam Ald_Xan_dh_2 2589 6 109.304 885 31.8 83.1 83.7 62.6 71.3 2789.0414 0:46:29 15083.86 104907.63 14696.04 14813.21 1.99 2.62 161.50 4511.63
homfam tms 2118 5 264.245 357 45.9 96.8 97.0 87.0 92.9 1880.0211 0:31:20 15074.35 104982.62 14675.65 14816.41 1.99 3.26 156.06 2938.86
homfam phc 2957 12 98.4711 179 37.2 44.9 77.4 0.0 0.0 1182.7831 0:19:42 15103.35 105072.73 14844.25 14986.19 1.99 3.26 170.28 2022.29
homfam cytb 3206 6 82.1454 100 35.6 92.0 91.9 73.9 80.3 849.0513 0:14:09 15135.75 104983.73 14728.29 14891.86 1.99 2.66 154.49 1322.26
homfam mmp 1427 6 157.93 180 55.1 95.5 95.8 87.6 92.7 1097.6897 0:18:17 15119.75 105032.58 14753.31 14964.27 1.99 2.27 151.41 1668.81
homfam phoslip 946 18 113.33 137 48.9 93.5 93.5 69.1 79.2 401.4980 0:06:41 8832.04 102990.49 8296.77 8414.38 1.99 1.70 128.13 521.19
homfam HLH 6781 5 53.5453 92 28.1 89.0 92.8 65.5 77.1 785.6455 0:13:05 14386.43 104236.38 13970.36 14110.88 1.99 3.91 144.86 1148.29
homfam myb_DNA-binding 10398 5 46.5583 61 40.7 96.2 95.2 83.9 87.6 612.4895 0:10:12 15066.34 104890.35 14657.76 14866.65 1.99 5.97 132.83 815.49
homfam msb 4884 8 106.037 158 26.6 87.2 88.1 61.4 75.0 462.1417 0:07:42 15235.32 105111.88 14869.58 14964.07 1.98 4.40 131.54 612.26
homfam ghf1 4358 8 403.813 562 38.4 92.2 92.2 72.2 79.4 5735.8843 1:35:35 8317.34 100209.07 7812.79 7942.49 5.99 7.91 159.64 9163.47
homfam rvp 93681 6 94.2886 132 36.6 80.4 81.7 50.5 56.8 3016.5416 0:50:16 9532.26 102961.48 9028.06 9262.39 1.99 58.65 125.84 3803.97
homfam lyase_1 7632 5 295.082 511 30.9 83.2 83.2 65.8 70.9 3676.0901 1:01:16 7902.64 103117.36 7400.18 7633.71 9.99 10.20 150.26 5531.32
homfam ldh 7367 14 121.378 371 31.9 89.2 88.8 57.3 68.3 1673.7136 0:27:53 15264.32 105088.14 14737.54 14946.61 1.99 7.11 147.86 2481.99
homfam subt 7517 11 301.598 414 39.5 79.1 80.6 33.7 44.8 10661.3922 2:57:41 12931.78 103381.92 12459.03 12576.07 1.98 12.27 165.73 17672.28
homfam sodfe 4455 8 77.4471 219 42.3 90.5 89.7 64.1 68.8 798.7840 0:13:18 14560.95 104385.37 14082.19 14245.07 1.99 3.29 131.53 1052.20
homfam LIM 6428 5 57.0143 86 52.8 94.7 95.1 80.5 92.4 397.9680 0:06:37 15121.61 104986.10 14786.83 14858.18 1.99 4.13 128.63 513.40
homfam blm 9105 8 300.727 274 39.1 67.2 69.6 40.1 41.7 5964.7796 1:39:24 8384.61 103500.16 7881.39 8033.61 1.98 13.08 159.07 9496.36
homfam DMRL_synthase 2099 5 140.59 182 33.2 92.2 89.8 75.7 84.4 450.4567 0:07:30 15119.35 105031.59 14752.67 14893.41 1.99 2.32 139.04 629.79
homfam tRNA-synt_2b 11293 5 177.564 467 18.7 50.4 49.5 26.7 37.3 2889.4578 0:48:09 13751.81 103641.54 13237.74 13355.32 1.99 11.91 162.11 4690.07
homfam Stap_Strp_toxin 640 6 87.3922 254 32.5 82.3 81.6 48.6 54.0 609.1399 0:10:09 15070.39 104982.46 14662.28 14768.20 1.99 1.01 155.49 948.59
homfam Acetyltransf 46285 6 82.9897 229 24.1 57.6 64.2 29.6 37.3 3980.5819 1:06:20 11245.62 103187.60 10766.00 10871.96 1.97 33.80 165.17 6581.78
homfam ghf22 760 12 107.567 131 51.4 94.6 94.9 83.8 87.2 348.9008 0:05:48 11829.85 101754.40 11337.93 11455.61 1.99 1.20 117.51 411.32
homfam sdr 50157 13 163.253 361 23.3 79.8 79.0 33.1 43.7 4837.1839 1:20:37 9865.84 103063.23 9415.62 9621.89 1.96 55.20 139.29 6731.59
homfam ltn 1068 12 204.148 282 49.9 92.4 92.8 68.0 76.9 920.9210 0:15:20 15107.77 105071.50 14866.61 15008.41 1.99 2.15 147.72 1366.78
homfam hpr 3349 5 83.0427 89 44.4 98.6 98.7 95.5 96.2 410.9227 0:06:50 14059.93 103883.46 13693.66 13788.00 1.99 3.38 141.98 584.88
homfam bowman 499 5 26.1443 73 64.9 94.5 94.5 82.9 84.9 182.5270 0:03:02 15068.26 104980.46 14836.44 14930.86 1.99 0.78 121.51 223.28
homfam hip 167 5 66.2096 88 33.4 86.4 85.4 66.7 75.2 174.3701 0:02:54 15072.07 104981.42 14703.93 14844.57 1.99 1.00 126.62 222.33
homfam HMG_box 4779 5 66.0716 89 24.8 92.8 92.8 77.8 86.0 402.9844 0:06:42 15139.16 105035.84 14657.83 14820.74 1.99 3.33 117.28 474.08
homfam icd 5678 5 328.887 433 41.7 93.8 94.6 83.7 87.0 4260.4886 1:11:00 14487.42 104376.76 14007.86 14113.82 1.99 8.59 155.80 6643.67
homfam peroxidase 4514 5 256.626 383 37.3 77.9 80.4 45.6 47.9 4129.2440 1:08:49 14810.50 104635.86 14331.29 14540.90 1.99 6.29 173.23 7162.07
homfam asp 3262 13 284.142 381 37.5 91.0 91.2 73.3 79.1 3126.2620 0:52:06 7648.30 103190.99 7380.14 7447.75 1.99 5.14 157.47 4926.13
homfam flav 4612 6 138.021 183 35.0 84.7 85.2 58.9 61.3 1126.3287 0:18:46 15073.02 104984.84 14691.85 14900.82 1.99 4.29 146.88 1664.03
homfam cah 1379 5 212.706 279 38.7 86.5 87.0 65.3 72.6 1151.4571 0:19:11 15062.75 104983.54 14684.00 14846.91 1.99 2.21 148.85 1719.82
homfam ace 3989 6 427.824 601 37.3 78.2 80.4 54.0 59.7 7258.7313 2:00:58 14410.59 104300.69 13931.99 14071.84 1.98 19.76 161.19 11699.48
homfam sti 613 5 165.383 198 36.4 85.4 84.3 63.6 69.8 377.0103 0:06:17 15182.86 105106.45 14778.64 14884.26 1.99 1.18 132.96 502.28
homfam aat 25100 10 337.807 476 28.6 80.3 81.2 41.0 48.4 9941.0141 2:45:41 13059.82 103258.87 12717.71 12858.08 5.98 36.46 150.51 14956.58
homfam oxidored_q6 3348 5 123.044 285 56.7 91.0 92.4 83.1 84.4 1102.7412 0:18:22 15184.07 105059.77 14818.12 14889.40 1.99 3.79 154.60 1712.88
homfam hormone_rec 3509 5 188.562 308 21.5 73.9 74.3 47.7 60.8 1457.5458 0:24:17 15099.36 105010.77 14842.50 14982.86 1.99 3.94 154.38 2258.23
homfam rhv 17976 6 143.424 938 33.1 31.0 45.9 0.9 0.2 21626.7267 6:00:26 7668.82 102925.02 7609.11 7636.24 1.99 15.50 147.19 31835.08
homfam tgfb 1606 8 95.4645 118 43.8 84.0 90.0 37.6 45.4 338.2863 0:05:38 14098.14 103931.17 13601.46 13707.30 2.00 1.94 132.37 452.03
homfam cryst 1160 7 80.8078 192 44.4 91.4 91.5 71.8 75.0 337.2247 0:05:37 12926.94 102818.43 12426.30 12566.78 1.99 1.27 131.71 445.64
homfam cyclo 6288 6 159.069 203 44.1 90.3 90.4 76.2 81.0 1902.1663 0:31:42 8959.02 103249.81 8456.17 8562.01 1.99 8.71 153.67 2931.69
homfam kunitz 2266 10 53.752 64 37.9 97.5 97.5 88.3 87.5 281.9504 0:04:41 15068.23 104982.62 15084.39 15111.08 1.99 1.86 125.30 354.60
homfam Rhodanese 14049 6 102.277 216 22.7 69.5 72.1 42.2 46.9 1972.9134 0:32:52 14470.33 104293.65 13915.26 14124.98 1.98 11.32 149.28 2954.21
homfam sodcu 2038 7 141.322 169 42.2 89.9 90.6 75.9 79.4 497.6547 0:08:17 13132.35 103021.56 12652.65 12816.18 1.99 2.34 136.13 684.98
homfam profilin 687 5 123.371 144 39.7 93.6 93.6 84.4 85.9 314.1719 0:05:14 15060.74 104982.50 14653.81 14771.19 1.99 1.48 129.69 408.90
homfam glob 3983 41 100.684 174 31.7 94.1 94.0 62.4 69.7 590.0670 0:09:50 15063.39 104983.79 14644.12 14807.69 1.99 3.51 137.49 820.56
homfam tim 3904 10 205.645 260 47.5 98.2 98.0 93.8 96.8 1767.2811 0:29:27 15097.33 105009.80 14825.04 14965.54 1.99 4.99 156.08 2768.68
homfam uce 4558 13 134.701 184 34.0 90.5 89.2 53.6 62.6 662.9311 0:11:02 15150.08 105099.83 14794.25 14934.63 1.99 4.18 126.90 850.31
homfam toxin 508 20 62.311 78 43.1 88.9 87.4 55.8 63.7 198.5504 0:03:18 15069.86 104982.45 14700.45 14864.44 1.99 1.14 108.95 217.86
homfam rub 1435 5 46.1575 54 62.1 98.4 98.4 92.6 93.5 258.1153 0:04:18 15071.41 104981.55 14689.11 14829.83 1.99 1.31 110.82 287.48
homfam hom 12037 8 53.4951 98 35.3 92.8 92.5 63.8 79.3 653.6674 0:10:53 15066.86 104955.74 14663.80 14872.66 1.99 6.64 125.73 823.77
homfam biotin_lipoyl 11833 7 71.8928 112 28.9 95.0 93.4 76.5 82.3 600.6099 0:10:00 15080.24 104991.72 14850.73 14992.66 1.99 9.90 131.60 791.89
homfam cys 4316 13 198.11 284 40.5 94.9 94.1 73.1 82.4 1386.0045 0:23:06 15071.72 104984.81 14844.44 14984.72 1.99 5.80 150.22 2089.79
homfam ghf11 521 5 167.758 202 49.5 92.9 92.7 81.2 82.3 542.6260 0:09:02 15068.91 104981.46 14695.40 14813.03 1.99 1.47 137.33 746.78
homfam blmb 17200 6 192.465 344 20.6 64.0 65.4 35.6 45.4 4947.3866 1:22:27 11671.68 103296.76 11190.80 11308.49 1.98 18.64 165.37 8178.63
homfam aadh 3127 8 225.129 542 38.2 83.6 86.6 51.2 56.9 2376.2733 0:39:36 14278.01 104108.21 13805.33 14014.21 1.99 4.24 162.11 3861.26
homfam DEATH 1183 7 80.5689 159 19.6 73.4 74.0 44.4 45.5 369.3270 0:06:09 11792.37 102936.68 11318.46 11436.11 1.99 1.39 126.25 467.24
homfam Sulfotransfer 2489 5 235.798 381 26.2 69.2 70.0 32.8 39.3 2475.7390 0:41:15 15068.95 104984.63 14650.32 14791.15 1.99 4.01 161.13 3998.08
homfam serpin 3144 8 291.462 418 34.3 95.2 94.7 82.9 89.2 3289.6616 0:54:49 15104.23 104983.76 14743.66 14884.18 1.99 4.52 156.56 5158.91
homfam proteasome 5732 17 174.347 309 21.7 84.1 81.7 40.0 59.9 1314.1376 0:21:54 7858.16 103029.03 7541.97 7682.44 1.99 5.68 144.51 1907.46
homfam zf-CCHH 88345 15 23.2513 39 35.5 97.1 96.5 88.6 93.0 2008.7426 0:33:28 10946.13 100854.78 10450.73 10556.82 1.94 52.61 113.33 2278.00
homfam egf 7774 12 32.0765 71 31.1 75.5 75.9 32.4 39.3 372.2601 0:06:12 15074.43 104987.19 14708.14 14848.89 1.98 5.31 119.49 446.84
homfam annexin 3139 6 65.1902 323 57.2 97.6 98.2 93.4 93.5 815.1558 0:13:35 15076.09 105048.75 14695.37 14812.84 1.99 2.43 153.25 1250.14
homfam OTCace 4795 5 157.005 350 37.3 96.8 97.0 90.5 93.1 1171.2902 0:19:31 13109.00 103182.73 12629.14 12838.70 1.99 6.73 144.23 1696.28
homfam rnasemam 498 6 120.072 141 42.2 94.0 91.1 72.4 83.9 262.6623 0:04:22 13180.04 103004.61 12701.39 12841.28 1.99 1.01 136.24 359.36
homfam adh 21331 5 123.64 375 63.9 96.3 96.8 90.7 91.0 2754.3665 0:45:54 7761.65 103248.90 7396.22 7561.06 1.98 18.64 147.15 4057.91
homfam il8 1073 11 63.7623 81 34.5 95.9 94.9 74.0 83.4 252.3048 0:04:12 14731.45 104621.19 14251.95 14393.29 1.99 1.43 122.96 311.76
homfam hr 3707 5 65.1513 82 53.3 98.3 98.7 93.7 98.3 372.0851 0:06:12 15088.01 104984.77 14698.37 14816.05 1.99 2.55 130.35 492.88
homfam ChtBD 774 5 38.2713 45 59.3 99.3 99.0 95.3 97.1 187.5602 0:03:07 15082.64 105007.48 14824.58 14965.59 1.99 1.00 116.45 219.85
homfam gluts 10099 14 98.1117 235 39.4 74.7 80.2 7.3 6.0 2228.3021 0:37:08 14715.26 104540.19 14235.47 14341.43 1.98 8.27 159.08 3550.69
homfam ghf5 2717 6 260.466 470 17.8 66.9 68.1 35.5 49.9 2800.8328 0:46:40 15111.17 105034.63 14865.79 15006.28 1.99 4.12 159.22 4466.87
homfam ghf13 12607 10 264.452 626 26.8 64.1 63.4 25.3 35.8 6924.8528 1:55:24 12093.05 103241.65 11614.43 11754.28 1.99 16.66 161.89 11207.70
homfam PDZ 14950 6 80.8907 110 30.6 84.1 84.2 66.7 68.5 1066.9823 0:17:46 15110.00 105082.93 14879.57 15020.10 1.98 10.95 143.41 1537.00
homfam az 1086 29 100.416 215 33.4 75.0 75.1 40.2 43.1 406.2245 0:06:46 14224.69 104132.11 13727.28 13844.83 1.99 1.44 127.16 518.96
homfam hla 13465 5 153.148 178 76.5 100.0 100.0 100.0 100.0 1320.2303 0:22:00 13393.52 103218.35 12913.33 13030.76 1.99 13.78 131.93 1746.26
homfam slectin 932 5 133.052 142 33.3 92.9 94.0 83.9 87.4 691.0293 0:11:31 15073.68 104981.50 14703.79 14809.32 1.99 1.34 137.01 958.83
homfam GEL 2195 5 78.1157 150 23.7 67.5 66.4 39.7 55.0 442.8237 0:07:22 15077.63 104981.60 14754.42 14860.69 1.99 2.56 132.98 590.30
homfam kringle 1091 9 75.9138 100 43.3 94.2 93.3 75.3 80.1 262.9625 0:04:22 15075.36 104956.46 14645.61 14786.05 1.99 1.32 136.85 363.64
homfam p450 21013 12 331.506 512 20.8 67.7 67.6 33.9 42.1 10782.3105 2:59:42 10179.98 102014.37 9815.11 9979.80 144.00 0.45 151.27 16311.14
homfam gpdh 7691 8 129.082 360 55.1 96.5 96.3 88.5 91.7 1626.9445 0:27:06 15038.70 104889.23 14664.93 14873.81 1.99 7.83 153.21 2501.37
homfam int 7572 5 168.037 219 22.5 90.1 90.6 74.3 81.1 2316.8439 0:38:36 15065.19 104889.18 14585.58 14795.17 1.98 8.10 155.56 3611.79
homfam KAS 2070 6 174.528 404 31.7 77.7 81.4 53.2 61.2 1051.9684 0:17:31 15074.50 104982.63 14665.66 14829.81 1.99 2.87 152.73 1614.02
homfam trfl 837 7 242.315 702 61.9 95.5 95.9 89.9 90.4 2042.0024 0:34:02 13330.57 103155.17 13246.98 13273.72 1.99 1.63 161.51 3304.89
homfam TNF 556 5 119.903 176 32.0 79.7 81.8 63.1 67.5 306.4409 0:05:06 12993.38 102923.46 12501.50 12641.71 1.99 1.02 133.22 409.85
homfam scorptoxin 363 8 53.2562 74 46.3 91.2 90.3 72.6 80.2 176.3275 0:02:56 15062.96 105045.45 14663.43 14780.83 1.99 1.07 122.96 217.79
homfam aldosered 13277 7 268.547 386 41.6 86.4 89.2 69.2 75.4 4818.0048 1:20:18 11768.23 103196.86 11426.98 11567.37 1.98 18.19 152.23 7328.02
homfam rrm 27610 20 67.4587 157 22.9 85.1 84.2 22.5 30.7 1050.4384 0:17:30 13679.29 103505.82 13176.10 13315.96 5.98 18.16 123.07 1294.18
