homfam ricin 747 7 198.708 281 37.5 91.8 91.8 76.9 84.6 983.9350 0:16:23 8572.94 99343.43 8108.41 8274.94 1.99 1.69 133.11 1317.21
homfam ghf10 1502 5 220.34 364 43.3 95.0 94.6 84.5 88.8 1710.5989 0:28:30 8829.91 99606.92 8522.62 8606.29 1.99 2.77 157.18 2698.02
homfam seatoxin 93 5 43.6344 54 42.6 57.9 68.9 4.1 2.8 297.1111 0:04:57 7565.73 100687.92 7089.17 7247.15 1.99 0.66 100.22 299.23
homfam mofe 2567 6 353.074 609 30.0 84.4 87.0 66.2 73.2 3047.0698 0:50:47 10305.11 101503.06 9827.98 9966.82 1.99 4.12 171.16 5224.73
homfam cyt3 385 6 92.3065 130 40.3 76.8 78.2 55.9 63.2 394.3502 0:06:34 7895.07 98732.14 7644.18 7732.58 1.99 1.24 117.88 473.41
homfam ins 793 6 65.2825 74 44.9 87.0 89.8 59.4 84.0 673.3254 0:11:13 8246.91 99280.93 7771.70 7930.25 0.00 0.02 135.83 4.84
homfam Ald_Xan_dh_2 2589 6 109.304 885 31.8 82.9 83.0 62.0 70.8 4052.5506 1:07:32 8297.29 99139.13 7883.87 8022.57 269.99 2.79 154.30 6265.27
homfam tms 2118 5 264.245 357 45.9 94.6 94.2 82.8 89.0 2019.3807 0:33:39 8941.18 100318.95 8695.20 8778.86 1.99 3.28 164.58 3331.89
homfam phc 2957 12 98.4711 179 37.2 71.3 92.8 39.1 42.2 1121.7644 0:18:41 8512.02 99511.04 8028.20 8194.73 1.99 3.06 154.47 1742.11
homfam cytb 3206 6 82.1454 100 35.6 89.5 89.9 70.7 77.7 1403.1043 0:23:23 8090.87 99468.17 7580.10 7700.60 449.99 3.03 148.98 2102.33
homfam mmp 1427 6 157.93 180 55.1 96.9 97.3 88.8 93.8 1390.1833 0:23:10 8548.74 99700.64 8117.09 8256.01 1.99 2.27 158.93 2211.10
homfam phoslip 946 18 113.33 137 48.9 94.4 94.3 72.8 83.1 511.7551 0:08:31 8065.85 98909.83 7711.45 7795.24 1.99 1.66 126.31 652.70
homfam HLH 6781 5 53.5453 92 28.1 89.0 94.0 65.5 77.1 1073.7389 0:17:53 8160.39 99478.22 7903.21 8014.65 0.00 0.02 146.63 8.10
homfam myb_DNA-binding 10398 5 46.5583 61 40.7 96.8 95.6 83.9 90.0 891.5262 0:14:51 8131.27 97922.52 7845.46 7992.49 1.98 6.01 131.65 1175.16
homfam msb 4884 8 106.037 158 26.6 87.2 88.4 60.0 73.2 948.2676 0:15:48 8410.79 99219.50 7971.84 8110.80 1.98 4.55 125.42 1197.98
homfam ghf1 4358 8 403.813 562 38.4 91.1 91.5 69.6 77.9 5464.5260 1:31:04 10961.39 102391.50 10553.80 10719.94 1.99 8.06 167.63 9164.49
homfam rvp 93681 6 94.2886 132 36.6 82.9 83.0 55.0 61.9 2729.8404 0:45:29 12652.07 103530.30 12374.29 12469.05 1.99 58.63 157.09 4296.74
homfam lyase_1 7632 5 295.082 511 30.9 80.1 80.2 60.6 64.2 3722.7602 1:02:02 10230.21 101078.04 9841.29 9952.50 1.99 10.63 169.47 6318.31
homfam ldh 7367 14 121.378 371 31.9 90.1 89.4 60.3 72.1 2020.2101 0:33:40 8839.07 98662.32 8490.39 8573.93 1.99 11.03 163.12 3296.77
homfam subt 7517 11 301.598 414 39.5 77.1 82.6 30.1 40.4 9745.3952 2:42:25 10761.91 101766.89 10396.27 10506.60 0.00 0.02 180.60 63.54
homfam sodfe 4455 8 77.4471 219 42.3 91.3 90.4 65.1 68.9 1045.3782 0:17:25 8100.70 97914.58 7733.95 7892.64 0.00 0.02 142.44 7.58
homfam LIM 6428 5 57.0143 86 52.8 96.6 96.6 85.4 92.6 685.2884 0:11:25 7865.52 97708.39 7472.62 7611.88 1.99 5.60 122.42 840.40
homfam blm 9105 8 300.727 274 39.1 82.6 92.7 43.8 45.5 7400.2406 2:03:20 10873.04 102109.47 10809.49 10839.32 1.98 13.26 177.66 13157.04
homfam DMRL_synthase 2099 5 140.59 182 33.2 93.4 90.5 73.4 82.5 844.8336 0:14:04 8420.12 98350.12 8087.14 8172.69 1.99 2.63 137.07 1164.27
homfam tRNA-synt_2b 11293 5 177.564 467 18.7 52.3 51.6 27.3 38.1 3799.1261 1:03:19 9716.96 100732.20 9210.59 9349.06 1.99 12.20 168.09 6394.96
homfam Stap_Strp_toxin 640 6 87.3922 254 32.5 80.4 80.4 46.1 52.4 729.7310 0:12:09 7933.55 97858.04 7392.07 7548.51 1.99 0.91 139.44 1019.06
homfam Acetyltransf 46285 6 82.9897 229 24.1 65.7 65.7 35.4 44.8 5342.2685 1:29:02 10978.59 102085.55 10577.66 10743.94 1.96 34.06 179.48 9597.50
homfam ghf22 760 12 107.567 131 51.4 93.3 93.5 76.9 80.5 549.3754 0:09:09 8021.63 97993.41 7691.12 7794.02 1.99 1.48 100.84 555.42
homfam sdr 50157 13 163.253 361 23.3 78.1 77.2 34.7 45.4 4893.0363 1:21:33 12841.21 104080.41 12499.71 12610.81 1.96 55.54 165.01 8074.87
homfam ltn 1068 12 204.148 282 49.9 94.4 94.6 73.9 82.1 1426.9190 0:23:46 8622.75 99559.57 8145.68 8293.75 9.99 2.61 130.33 1865.29
homfam hpr 3349 5 83.0427 89 44.4 99.3 99.3 97.7 98.5 692.8108 0:11:32 7998.52 97881.86 7487.69 7619.99 1.99 2.96 118.82 824.67
homfam bowman 499 5 26.1443 73 64.9 94.5 94.5 82.9 84.9 339.3871 0:05:39 7658.12 97413.98 7181.59 7345.36 1.99 0.79 87.46 298.59
homfam hip 167 5 66.2096 88 33.4 88.1 87.0 64.3 72.2 391.5165 0:06:31 7496.51 97325.79 7130.59 7217.89 1.99 1.00 85.88 337.63
homfam HMG_box 4779 5 66.0716 89 24.8 94.5 93.9 79.0 86.8 604.2724 0:10:04 7907.29 97784.31 7362.01 7502.14 1.99 3.62 136.47 826.17
homfam icd 5678 5 328.887 433 41.7 93.5 93.8 83.7 87.3 3999.9422 1:06:39 10337.98 101520.47 9888.43 9999.40 1.99 13.82 170.19 6808.24
homfam peroxidase 4514 5 256.626 383 37.3 76.0 79.8 45.3 49.2 3356.3491 0:55:56 9428.73 100762.35 9014.49 9153.25 0.00 0.02 178.77 23.19
homfam asp 3262 13 284.142 381 37.5 90.8 91.3 72.2 79.3 2907.2445 0:48:27 9847.36 101075.12 9435.87 9556.33 1.99 5.37 165.24 4811.90
homfam flav 4612 6 138.021 183 35.0 82.6 83.1 58.3 60.2 1376.5847 0:22:56 8334.75 99586.59 8106.13 8153.41 1.99 4.34 158.78 2197.39
homfam cah 1379 5 212.706 279 38.7 89.1 90.1 69.7 76.9 1327.3390 0:22:07 8574.21 98338.12 8097.41 8217.70 5.99 2.48 143.31 1907.82
homfam ace 3989 6 427.824 601 37.3 83.1 87.0 63.0 70.1 6548.8343 1:49:08 11066.13 102367.01 10664.70 10747.94 32.00 0.76 172.21 11289.48
homfam sti 613 5 165.383 198 36.4 87.5 86.3 67.4 73.8 577.7692 0:09:37 8655.90 98590.48 8377.06 8460.82 1.99 1.46 118.22 684.54
homfam aat 25100 10 337.807 476 28.6 72.3 73.1 29.7 35.3 9623.9487 2:40:23 14046.58 104963.12 13759.45 13869.61 1.98 36.58 174.70 16823.70
homfam oxidored_q6 3348 5 123.044 285 56.7 92.5 92.6 85.3 87.0 1395.6295 0:23:15 8352.89 99568.88 7809.99 7931.47 1.99 5.35 152.02 2125.21
homfam hormone_rec 3509 5 188.562 308 21.5 72.7 75.0 49.5 63.5 1835.0153 0:30:35 8835.89 100058.62 8516.52 8604.02 1.99 3.85 169.28 3115.94
homfam rhv 17976 6 143.424 938 33.1 42.6 54.4 6.9 6.6 12798.8490 3:33:18 9649.31 101324.98 9283.05 9366.93 1.99 15.66 171.39 21939.46
homfam tgfb 1606 8 95.4645 118 43.8 81.5 84.0 29.9 37.3 617.4901 0:10:17 8045.71 97928.39 7600.67 7700.28 1.99 1.90 117.61 727.48
homfam cryst 1160 7 80.8078 192 44.4 90.7 90.6 66.3 68.9 607.1513 0:10:07 8217.87 98169.01 7787.41 7927.33 1.99 1.65 128.90 784.37
homfam cyclo 6288 6 159.069 203 44.1 90.1 90.6 77.2 82.3 2053.6384 0:34:13 8749.14 100070.04 8304.04 8442.61 1.99 7.62 164.47 3387.50
homfam kunitz 2266 10 53.752 64 37.9 98.2 98.2 91.7 91.1 521.9941 0:08:41 7746.34 97477.91 7330.12 7431.96 1.99 1.96 110.47 578.11
homfam Rhodanese 14049 6 102.277 216 22.7 69.7 72.9 45.8 45.8 2160.2543 0:36:00 8839.24 100304.09 8414.98 8525.95 1.98 11.23 161.81 3506.57
homfam sodcu 2038 7 141.322 169 42.2 91.3 91.5 77.7 82.4 956.1303 0:15:56 8592.93 99016.56 8147.77 8268.18 1.99 2.68 135.58 1306.18
homfam profilin 687 5 123.371 144 39.7 94.3 94.3 85.9 86.5 530.5789 0:08:50 8301.71 99520.59 7922.39 8062.07 1.99 1.55 118.84 637.81
homfam glob 3983 41 100.684 174 31.7 95.1 94.6 72.4 75.0 824.1396 0:13:44 8407.19 99510.45 7910.95 8130.02 1.99 3.67 131.46 1091.86
homfam tim 3904 10 205.645 260 47.5 98.7 98.5 93.4 96.6 1755.5143 0:29:15 8919.06 100318.23 8529.52 8640.65 1.99 4.91 152.25 2679.48
homfam uce 4558 13 134.701 184 34.0 89.9 90.8 61.4 69.0 1331.0705 0:22:11 8754.84 99761.38 8363.41 8502.38 1.99 4.59 166.92 2229.82
homfam toxin 508 20 62.311 78 43.1 93.3 91.4 67.5 76.3 389.4290 0:06:29 7618.11 97541.76 7233.32 7372.26 1.99 1.15 91.25 356.84
homfam rub 1435 5 46.1575 54 62.1 98.4 98.4 92.6 93.5 324.2540 0:05:24 7574.75 97419.43 7208.74 7325.97 1.99 1.31 100.17 326.31
homfam hom 12037 8 53.4951 98 35.3 93.4 93.2 65.2 81.1 745.5802 0:12:25 8288.12 98062.43 7886.36 7989.45 1.99 9.05 142.75 1065.73
homfam biotin_lipoyl 11833 7 71.8928 112 28.9 96.5 96.7 84.7 85.5 871.2562 0:14:31 8420.76 98231.58 7992.41 8139.77 1.99 7.93 150.64 1314.09
homfam cys 4316 13 198.11 284 40.5 95.2 94.5 72.8 82.7 1831.4250 0:30:31 9198.28 100282.06 8825.13 8945.68 1.98 6.17 157.47 2892.07
homfam ghf11 521 5 167.758 202 49.5 95.7 95.4 88.0 89.3 758.3152 0:12:38 8264.21 98003.95 7974.21 8083.66 1.99 1.18 123.47 937.74
homfam blmb 17200 6 192.465 344 20.6 64.7 70.5 37.5 46.6 9416.2477 2:36:56 10641.06 101668.34 10180.98 10319.96 1.98 19.21 186.41 17561.91
homfam aadh 3127 8 225.129 542 38.2 84.9 87.4 50.1 55.8 2176.4316 0:36:16 8831.47 100227.27 8490.06 8574.83 1.99 4.57 163.15 3558.73
homfam DEATH 1183 7 80.5689 159 19.6 68.6 69.8 27.4 37.3 560.6725 0:09:20 8101.90 98016.22 7630.59 7780.02 1.99 1.68 123.23 692.50
homfam Sulfotransfer 2489 5 235.798 381 26.2 66.1 77.5 41.6 48.6 3417.7414 0:56:57 8990.42 100394.32 8495.27 8615.91 1.99 8.11 172.04 5882.31
homfam serpin 3144 8 291.462 418 34.3 95.6 94.9 83.4 89.6 2918.4342 0:48:38 10047.79 101226.36 9704.82 9792.12 0.00 0.02 170.69 22.07
homfam proteasome 5732 17 174.347 309 21.7 85.4 82.9 40.3 60.4 1577.9495 0:26:17 8735.64 99912.54 8374.01 8520.88 1.99 5.76 153.93 2439.91
homfam zf-CCHH 88345 15 23.2513 39 35.5 96.9 96.2 88.6 93.0 1412.1432 0:23:32 9378.16 99217.93 8901.14 9039.94 69.70 53.18 133.96 1894.30
homfam egf 7774 12 32.0765 71 31.1 73.5 74.7 27.9 31.6 589.0094 0:09:49 8064.05 97763.11 7587.29 7726.45 1.98 4.77 102.99 608.00
homfam annexin 3139 6 65.1902 323 57.2 100.0 100.0 100.0 100.0 1617.1789 0:26:57 8264.10 98130.73 7820.54 7959.15 5.99 2.71 159.09 2574.17
homfam OTCace 4795 5 157.005 350 37.3 96.9 96.9 90.2 92.2 1566.4448 0:26:06 8752.20 98670.89 8323.58 8409.49 1.99 7.91 155.58 2438.69
homfam rnasemam 498 6 120.072 141 42.2 94.0 90.7 73.1 84.4 469.1441 0:07:49 8113.62 99919.36 7690.79 7839.08 1.99 1.02 110.03 517.85
homfam adh 21331 5 123.64 375 63.9 95.3 95.7 87.7 88.1 3554.4938 0:59:14 9803.71 100928.46 9400.87 9557.38 1.98 38.41 173.31 6161.75
homfam il8 1073 11 63.7623 81 34.5 92.5 91.9 71.4 80.0 422.5327 0:07:02 7696.17 97546.52 7333.77 7441.37 1.99 1.42 110.64 469.08
homfam hr 3707 5 65.1513 82 53.3 98.6 98.6 93.7 97.7 773.9303 0:12:53 7834.75 97759.16 7493.77 7605.00 0.00 0.02 121.83 6.09
homfam ChtBD 774 5 38.2713 45 59.3 98.3 98.1 93.0 94.7 370.8010 0:06:10 7501.12 97383.92 7056.43 7166.63 1.99 1.25 81.40 303.19
homfam gluts 10099 14 98.1117 235 39.4 87.4 88.9 65.2 69.7 2982.2274 0:49:42 8785.19 100057.41 8368.64 8488.93 1.98 7.99 171.95 5138.37
homfam ghf5 2717 6 260.466 470 17.8 67.5 69.1 35.7 50.7 3046.2100 0:50:46 9394.81 100654.72 9043.11 9130.89 1.99 4.22 171.32 5227.73
homfam ghf13 12607 10 264.452 626 26.8 64.2 63.9 27.0 36.2 8593.8286 2:23:13 11883.51 103498.30 11406.20 11572.47 27.60 16.38 181.02 15564.72
homfam PDZ 14950 6 80.8907 110 30.6 88.5 88.5 74.7 77.7 1378.6788 0:22:58 8751.07 100008.58 8275.63 8413.16 1.98 17.26 149.71 2065.56
homfam az 1086 29 100.416 215 33.4 72.8 72.5 39.1 43.0 612.1366 0:10:12 8170.04 98742.48 7746.86 7886.01 1.99 1.75 117.88 729.92
homfam hla 13465 5 153.148 178 76.5 100.0 100.0 100.0 100.0 1325.6733 0:22:05 9854.35 99921.32 9482.23 9647.22 1.99 18.69 153.01 2029.99
homfam slectin 932 5 133.052 142 33.3 94.6 94.4 86.1 89.7 824.1822 0:13:44 8108.62 99447.32 7561.74 7700.50 1.99 1.72 130.73 1085.07
homfam GEL 2195 5 78.1157 150 23.7 66.6 66.9 39.0 55.8 821.2778 0:13:41 8066.71 99325.11 7569.73 7708.39 0.00 0.02 133.94 6.61
homfam kringle 1091 9 75.9138 100 43.3 95.9 94.9 79.8 83.5 499.2762 0:08:19 7754.59 97631.94 7370.04 7473.29 1.99 1.63 104.01 520.88
homfam p450 21013 12 331.506 512 20.8 75.3 75.7 35.9 44.2 12234.2605 3:23:54 14957.37 106357.96 14590.84 14757.54 1.98 32.80 171.19 20943.54
homfam gpdh 7691 8 129.082 360 55.1 96.4 96.2 88.5 91.4 2024.7201 0:33:44 9079.91 99875.29 8843.64 8900.78 1.99 7.86 159.81 3247.59
homfam int 7572 5 168.037 219 22.5 88.5 88.7 70.8 78.2 2573.6904 0:42:53 9003.41 100319.11 8569.52 8735.71 1.98 8.42 165.59 4272.49
homfam KAS 2070 6 174.528 404 31.7 80.0 85.8 56.8 64.3 1214.0044 0:20:14 8906.61 99451.90 8594.72 8678.37 1.99 2.89 157.37 1916.65
homfam trfl 837 7 242.315 702 61.9 94.5 95.2 87.9 87.8 2267.6280 0:37:47 9153.31 98915.49 8922.29 9024.06 1.99 2.42 167.46 3798.79
homfam TNF 556 5 119.903 176 32.0 83.2 82.6 65.0 70.5 539.9394 0:08:59 8257.66 98162.84 7916.07 7999.86 1.99 1.34 103.94 562.75
homfam scorptoxin 363 8 53.2562 74 46.3 90.8 89.9 75.3 80.7 369.2145 0:06:09 7606.12 99918.46 7025.77 7183.17 1.99 0.78 79.26 293.97
homfam aldosered 13277 7 268.547 386 41.6 86.8 89.2 68.3 74.7 6428.3490 1:47:08 10805.43 102015.68 10411.27 10494.72 0.00 0.02 172.30 44.15
homfam rrm 27610 20 67.4587 157 22.9 81.7 79.4 17.1 22.7 1365.3922 0:22:45 8913.87 98806.32 8492.37 8603.98 1.98 18.02 144.63 1976.28
