homfam ricin 747 7 198.708 281 37.5 90.9 91.1 76.2 84.0 342.7387 0:05:42 6712.59 98728.58 6236.41 6375.25 1.99 1.40 140.90 485.60
homfam ghf10 1502 5 220.34 364 43.3 91.9 92.1 78.3 85.0 644.3830 0:10:44 6786.78 103193.06 6315.49 6533.41 1.99 2.81 153.95 1000.40
homfam seatoxin 93 5 43.6344 54 42.6 65.3 63.2 6.1 6.9 139.5788 0:02:19 6332.45 102920.17 6271.72 6298.15 1.99 0.70 131.76 185.54
homfam mofe 2567 6 353.074 609 30.0 83.3 84.9 65.7 71.9 1677.2021 0:27:57 7235.18 103284.84 6869.88 7034.62 2.05 4.19 163.39 2750.79
homfam cyt3 385 6 92.3065 130 40.3 83.2 82.7 63.6 72.4 162.8765 0:02:42 6525.68 97895.60 6105.07 6201.29 1.99 1.52 111.51 183.05
homfam ins 793 6 65.2825 74 44.9 93.6 95.9 68.1 92.0 296.0350 0:04:56 6630.00 99911.02 6264.94 6352.30 1.99 1.43 158.23 475.62
homfam Ald_Xan_dh_2 2589 6 109.304 885 31.8 83.4 83.3 63.9 72.1 1466.9493 0:24:26 6527.29 99912.07 6051.01 6208.04 1.99 4.54 159.27 2346.85
homfam tms 2118 5 264.245 357 45.9 96.2 96.1 86.0 90.5 809.2755 0:13:29 6952.57 103127.67 6586.98 6681.60 1.99 3.71 155.68 1265.26
homfam phc 2957 12 98.4711 179 37.2 96.2 96.5 83.8 87.1 378.0547 0:06:18 6793.48 99909.03 6427.52 6511.25 1.99 2.66 147.45 565.19
homfam cytb 3206 6 82.1454 100 35.6 92.5 92.4 73.9 80.3 509.0547 0:08:29 6590.34 103234.44 6225.27 6335.92 1.99 2.68 162.47 828.26
homfam mmp 1427 6 157.93 180 55.1 95.6 96.8 87.6 92.7 564.3630 0:09:24 6794.88 103051.43 6318.65 6439.04 1.99 1.98 152.17 859.01
homfam phoslip 946 18 113.33 137 48.9 94.8 94.5 71.3 81.8 200.1332 0:03:20 6640.96 99911.09 6183.82 6303.85 1.99 1.60 140.58 282.83
homfam HLH 6781 5 53.5453 92 28.1 88.9 93.9 65.5 77.1 458.1646 0:07:38 6682.52 99913.53 6207.14 6345.59 1.99 4.35 164.70 761.73
homfam myb_DNA-binding 10398 5 46.5583 61 40.7 94.4 93.3 78.6 84.0 291.2952 0:04:51 6700.18 99848.64 6334.92 6499.64 2.01 9.43 135.41 395.96
homfam msb 4884 8 106.037 158 26.6 85.5 88.2 60.7 73.3 316.4803 0:05:16 6684.35 102922.97 6305.73 6470.56 1.98 4.42 141.32 452.09
homfam ghf1 4358 8 403.813 562 38.4 91.8 91.8 72.0 80.1 1982.0576 0:33:02 7461.45 103124.68 7095.66 7179.22 1.99 8.19 156.93 3111.82
homfam rvp 93681 6 94.2886 132 36.6 78.3 77.7 50.5 56.8 628.9680 0:10:28 7851.41 102942.74 7485.43 7581.01 1.99 58.50 142.53 896.77
homfam lyase_1 7632 5 295.082 511 30.9 83.5 83.5 65.8 70.0 1184.1605 0:19:44 7137.95 103198.31 6661.39 6800.58 1.99 10.53 152.21 1808.22
homfam ldh 7367 14 121.378 371 31.9 89.1 88.5 59.2 71.1 572.2838 0:09:32 6969.55 103142.04 6652.38 6793.16 1.99 7.09 155.63 898.17
homfam subt 7517 11 301.598 414 39.5 79.4 80.5 33.4 45.9 5328.0646 1:28:48 7301.32 103250.12 6935.30 7019.05 1.98 12.72 179.21 9550.39
homfam sodfe 4455 8 77.4471 219 42.3 90.9 89.9 66.0 69.5 408.1631 0:06:48 6627.56 99909.83 6347.88 6408.26 1.99 3.52 142.15 581.65
homfam LIM 6428 5 57.0143 86 52.8 97.9 97.9 87.8 95.8 192.8290 0:03:12 6540.37 99912.08 6111.91 6239.00 1.99 4.11 121.72 236.20
homfam blm 9105 8 300.727 274 39.1 65.5 69.2 36.7 38.2 2260.6073 0:37:40 7381.46 103221.95 7295.11 7323.93 1.98 13.03 168.24 3809.51
homfam DMRL_synthase 2099 5 140.59 182 33.2 93.3 90.4 74.6 83.3 245.6335 0:04:05 6798.00 102921.89 6432.41 6543.05 1.99 2.27 133.98 330.53
homfam tRNA-synt_2b 11293 5 177.564 467 18.7 50.7 48.6 22.7 31.9 1597.4728 0:26:37 7035.99 99914.36 6670.27 6753.79 1.99 26.02 178.02 2844.13
homfam Stap_Strp_toxin 640 6 87.3922 254 32.5 78.7 77.9 47.3 53.1 255.3111 0:04:15 6692.32 99910.39 6326.70 6414.25 1.99 0.95 133.17 342.07
homfam Acetyltransf 46285 6 82.9897 229 24.1 65.7 63.4 29.1 39.3 2374.5238 0:39:34 7593.59 103274.70 7117.68 7238.07 1.97 33.38 185.48 4411.63
homfam ghf22 760 12 107.567 131 51.4 94.4 94.3 82.3 85.8 180.6077 0:03:00 6561.20 102919.93 6195.64 6282.85 1.99 1.12 127.46 231.74
homfam sdr 50157 13 163.253 361 23.3 75.3 76.1 32.8 44.1 1605.4857 0:26:45 7433.20 103210.04 7068.19 7151.80 1.96 55.38 161.71 2595.92
homfam ltn 1068 12 204.148 282 49.9 92.4 92.8 67.6 76.4 428.4676 0:07:08 6756.05 97914.93 6391.23 6557.57 1.99 2.15 139.95 603.29
homfam hpr 3349 5 83.0427 89 44.4 99.3 99.3 97.7 98.5 222.6900 0:03:42 6586.25 99913.14 6220.84 6386.37 1.99 2.57 114.27 255.48
homfam bowman 499 5 26.1443 73 64.9 94.5 94.5 82.9 84.9 104.7549 0:01:44 6333.65 99910.36 5968.48 6051.92 1.99 1.05 88.50 94.21
homfam hip 167 5 66.2096 88 33.4 86.4 85.4 63.1 74.8 154.3493 0:02:34 6380.63 102921.29 5904.64 6027.70 1.99 0.70 118.65 184.70
homfam HMG_box 4779 5 66.0716 89 24.8 97.3 96.2 85.2 93.9 184.5187 0:03:04 6653.70 100745.18 6288.17 6398.91 1.99 3.25 127.49 236.79
homfam icd 5678 5 328.887 433 41.7 93.9 94.2 83.2 86.9 1382.5673 0:23:02 7304.50 103259.67 6828.48 6948.91 1.99 8.46 156.21 2166.69
homfam peroxidase 4514 5 256.626 383 37.3 83.0 84.3 63.0 65.5 2239.2054 0:37:19 7010.31 103169.14 6533.82 6681.15 1.99 6.70 178.32 3999.30
homfam asp 3262 13 284.142 381 37.5 91.3 91.9 74.1 79.6 1190.7679 0:19:50 7158.30 103183.02 6682.83 6830.85 1.99 5.88 166.95 1995.38
homfam flav 4612 6 138.021 183 35.0 81.1 81.9 55.4 56.9 629.9512 0:10:29 6719.21 103053.11 6592.12 6620.90 1.99 7.14 171.15 1078.01
homfam cah 1379 5 212.706 279 38.7 89.5 90.1 70.8 78.7 514.2053 0:08:34 6709.23 99912.15 6232.59 6371.40 1.99 2.16 153.45 797.46
homfam ace 3989 6 427.824 601 37.3 85.4 86.8 65.1 72.0 2507.7838 0:41:47 7451.71 103286.83 6976.00 7114.80 1.98 18.72 164.63 4125.82
homfam sti 613 5 165.383 198 36.4 87.7 87.0 69.6 76.8 216.1195 0:03:36 6691.77 101993.25 6326.30 6409.83 1.99 1.44 128.30 278.72
homfam aat 25100 10 337.807 476 28.6 82.4 82.8 51.4 57.5 2940.7691 0:49:00 7991.63 103152.38 7515.73 7654.55 1.98 36.19 157.12 4620.57
homfam oxidored_q6 3348 5 123.044 285 56.7 90.9 92.6 83.1 84.8 505.8162 0:08:25 6776.13 102057.30 6300.15 6420.63 1.99 3.51 145.43 744.69
homfam hormone_rec 3509 5 188.562 308 21.5 73.9 74.3 51.6 65.9 679.9069 0:11:19 6942.64 102939.09 6466.74 6686.90 1.99 3.84 158.23 1084.60
homfam rhv 17976 6 143.424 938 33.1 64.1 66.3 33.5 41.5 5358.5694 1:29:18 6965.11 98558.46 6488.91 6628.22 17.99 15.71 168.07 9013.16
homfam tgfb 1606 8 95.4645 118 43.8 82.7 88.0 35.0 41.1 176.3873 0:02:56 6585.21 97675.48 6108.62 6256.85 1.99 1.91 131.53 236.89
homfam cryst 1160 7 80.8078 192 44.4 92.9 92.7 73.5 76.8 200.1151 0:03:20 6669.32 99912.12 6193.33 6367.39 1.99 1.69 140.49 282.09
homfam cyclo 6288 6 159.069 203 44.1 87.0 87.9 69.3 75.5 1020.1106 0:17:00 6803.68 103174.27 6343.68 6492.31 1.99 7.94 162.51 1665.83
homfam kunitz 2266 10 53.752 64 37.9 97.5 97.5 88.3 87.5 139.8667 0:02:19 6602.71 102990.54 6125.12 6264.54 1.99 2.70 127.97 180.41
homfam Rhodanese 14049 6 102.277 216 22.7 75.7 82.0 57.3 59.4 914.3604 0:15:14 6773.08 103222.91 6296.23 6516.90 1.98 11.26 172.70 1586.17
homfam sodcu 2038 7 141.322 169 42.2 89.7 90.3 75.3 79.2 266.7791 0:04:26 6880.27 102994.48 6419.71 6571.80 1.99 2.30 136.88 367.99
homfam profilin 687 5 123.371 144 39.7 92.0 92.0 82.0 83.4 205.5422 0:03:25 6672.54 102922.46 6307.17 6417.92 1.99 1.19 138.16 293.27
homfam glob 3983 41 100.684 174 31.7 95.4 95.3 70.0 73.3 299.3165 0:04:59 6721.83 99174.50 6245.89 6366.24 1.99 3.71 127.81 390.65
homfam tim 3904 10 205.645 260 47.5 97.9 97.8 93.1 96.2 661.7355 0:11:01 6775.00 103274.30 6628.01 6656.58 1.99 5.00 156.56 1044.22
homfam uce 4558 13 134.701 184 34.0 90.6 91.5 53.0 61.1 361.5371 0:06:01 6831.81 102926.08 6466.48 6631.32 1.99 4.25 141.82 521.68
homfam toxin 508 20 62.311 78 43.1 91.9 90.3 63.6 73.2 134.4759 0:02:14 6474.21 101957.47 5998.88 6130.46 1.99 0.84 98.18 133.54
homfam rub 1435 5 46.1575 54 62.1 98.4 98.4 92.6 93.5 130.2096 0:02:10 6504.48 99913.15 6028.58 6187.07 1.99 1.59 100.00 131.70
homfam hom 12037 8 53.4951 98 35.3 93.8 93.5 68.1 83.3 222.9045 0:03:42 6619.87 102920.77 6143.83 6363.95 1.99 6.49 124.35 278.57
homfam biotin_lipoyl 11833 7 71.8928 112 28.9 94.6 93.0 75.3 81.0 239.4519 0:03:59 6671.59 102057.66 6196.10 6370.54 1.99 8.13 136.98 329.53
homfam cys 4316 13 198.11 284 40.5 93.3 92.6 64.2 77.9 847.4917 0:14:07 6895.09 103202.85 6418.97 6639.17 1.99 5.82 155.65 1322.78
homfam ghf11 521 5 167.758 202 49.5 92.3 92.1 82.3 83.6 252.5106 0:04:12 6674.71 98916.90 6309.34 6393.02 1.99 1.44 131.70 334.08
homfam blmb 17200 6 192.465 344 20.6 66.9 68.7 38.2 49.6 2893.6318 0:48:13 7391.88 103259.34 7009.47 7120.66 1.98 19.58 178.63 5176.77
homfam aadh 3127 8 225.129 542 38.2 85.8 88.3 50.8 56.6 1123.0036 0:18:43 6861.05 103269.37 6495.43 6660.36 1.99 4.26 156.81 1770.66
homfam DEATH 1183 7 80.5689 159 19.6 78.4 79.3 44.4 60.3 177.1322 0:02:57 6791.56 101958.57 6445.50 6557.78 1.99 1.33 131.36 234.22
homfam Sulfotransfer 2489 5 235.798 381 26.2 74.1 75.4 47.0 54.7 1229.0524 0:20:29 6795.20 103183.65 6429.70 6594.53 1.99 4.14 170.15 2102.22
homfam serpin 3144 8 291.462 418 34.3 95.5 95.2 83.9 90.0 1263.4864 0:21:03 7255.44 103306.00 6910.55 7005.51 1.99 4.52 161.70 2053.54
homfam proteasome 5732 17 174.347 309 21.7 83.4 82.0 35.2 52.1 582.1009 0:09:42 6912.37 99912.85 6454.65 6656.77 1.99 5.73 151.44 889.47
homfam zf-CCHH 88345 15 23.2513 39 35.5 97.1 96.5 88.6 93.0 359.1112 0:05:59 7047.88 102930.11 6571.82 6696.19 1.94 42.19 128.94 464.76
homfam egf 7774 12 32.0765 71 31.1 77.9 81.8 35.3 39.3 170.0808 0:02:50 6503.74 103146.15 6143.22 6303.65 1.98 5.91 136.40 233.46
homfam annexin 3139 6 65.1902 323 57.2 99.6 99.8 99.4 99.4 400.6017 0:06:40 6653.57 99910.65 6287.91 6454.43 1.99 2.68 149.72 601.34
homfam OTCace 4795 5 157.005 350 37.3 96.9 96.9 90.5 93.0 579.7396 0:09:39 6894.93 103273.09 6419.45 6639.45 1.99 5.02 150.19 872.30
homfam rnasemam 498 6 120.072 141 42.2 93.3 90.7 70.1 82.9 175.6981 0:02:55 6488.64 102001.16 6012.64 6179.22 1.99 0.96 133.15 235.73
homfam adh 21331 5 123.64 375 63.9 96.9 97.4 92.8 93.1 1095.5430 0:18:15 6937.54 103206.10 6461.32 6681.48 13.98 18.57 164.78 1803.58
homfam il8 1073 11 63.7623 81 34.5 91.9 91.1 64.9 73.7 143.1996 0:02:23 6418.88 102919.52 5943.16 6085.75 1.99 1.46 127.38 183.92
homfam hr 3707 5 65.1513 82 53.3 99.1 99.1 94.9 99.1 239.0244 0:03:59 6512.84 102918.09 6036.99 6191.74 1.99 2.64 119.95 293.64
homfam ChtBD 774 5 38.2713 45 59.3 97.6 98.3 90.7 93.2 124.1683 0:02:04 6433.48 96009.37 6069.36 6156.80 0.00 0.38 109.61 137.60
homfam gluts 10099 14 98.1117 235 39.4 90.5 90.5 57.1 59.7 1152.6011 0:19:12 6772.52 103159.12 6295.47 6461.80 1.98 8.25 163.98 1897.61
homfam ghf5 2717 6 260.466 470 17.8 66.7 67.5 35.2 50.2 1395.7817 0:23:15 7098.32 102924.94 6672.46 6842.11 1.99 4.21 168.92 2366.80
homfam ghf13 12607 10 264.452 626 26.8 61.9 63.4 25.8 34.1 5013.8132 1:23:33 7373.48 103223.88 6897.70 7117.93 1.99 15.89 184.97 9278.98
homfam PDZ 14950 6 80.8907 110 30.6 88.7 88.7 75.8 78.9 529.9117 0:08:49 6842.04 99433.14 6476.65 6641.53 1.98 10.97 141.63 759.53
homfam az 1086 29 100.416 215 33.4 73.5 74.2 39.7 41.0 209.5949 0:03:29 6700.09 102919.39 6335.12 6454.25 1.99 1.39 136.38 296.59
homfam hla 13465 5 153.148 178 76.5 100.0 100.0 100.0 100.0 471.2483 0:07:51 7076.37 98379.27 6600.55 6820.70 1.99 18.66 142.65 673.75
homfam slectin 932 5 133.052 142 33.3 94.5 94.9 86.1 89.7 332.6472 0:05:32 6633.27 103030.28 6157.30 6300.19 1.99 1.39 132.03 449.16
homfam GEL 2195 5 78.1157 150 23.7 64.6 65.4 32.9 46.0 205.4499 0:03:25 6671.30 102709.07 6305.88 6424.32 1.99 1.90 139.91 295.89
homfam kringle 1091 9 75.9138 100 43.3 93.9 93.0 75.3 79.3 153.8523 0:02:33 6572.02 102922.00 6095.62 6216.03 1.99 1.33 118.52 183.88
homfam p450 21013 12 331.506 512 20.8 68.7 68.8 35.9 44.7 3665.6718 1:01:05 7948.10 103264.00 7472.16 7611.10 1.98 33.05 164.40 6013.08
homfam gpdh 7691 8 129.082 360 55.1 96.4 96.3 88.8 91.4 628.7482 0:10:28 6810.17 99914.32 6334.28 6454.60 1.99 8.25 145.28 920.58
homfam int 7572 5 168.037 219 22.5 80.5 82.9 56.9 62.9 1074.0088 0:17:54 6827.66 103182.96 6351.61 6490.34 1.98 17.80 169.31 1820.01
homfam KAS 2070 6 174.528 404 31.7 79.2 79.7 55.0 62.2 510.4532 0:08:30 6928.16 102920.59 6452.01 6590.76 1.99 2.92 152.56 785.86
homfam trfl 837 7 242.315 702 61.9 94.0 95.1 86.3 84.6 1039.0028 0:17:19 6989.96 102924.41 6513.70 6734.54 1.99 1.59 155.68 1618.40
homfam TNF 556 5 119.903 176 32.0 79.4 80.1 63.1 69.0 191.3835 0:03:11 6628.86 99909.49 6152.82 6291.60 1.99 1.29 121.13 233.41
homfam scorptoxin 363 8 53.2562 74 46.3 90.4 89.5 72.6 78.7 125.4142 0:02:05 6426.84 99912.16 5969.25 6089.63 1.99 1.07 104.23 132.21
homfam aldosered 13277 7 268.547 386 41.6 86.2 89.2 67.1 75.2 2335.8337 0:38:55 7285.65 103257.63 6809.66 6930.11 1.98 18.64 166.25 3888.71
homfam rrm 27610 20 67.4587 157 22.9 81.2 82.4 15.3 22.6 328.9105 0:05:28 6748.12 102923.64 6271.79 6414.81 1.98 18.32 144.05 480.25
