homfam ricin 747 7 198.708 281 37.5 93.6 93.2 81.3 87.9 851.0060 0:14:11 8465.88 99832.60 7962.31 8134.06 1.99 1.66 118.69 1018.92
homfam ghf10 1502 5 220.34 364 43.3 85.7 86.5 74.9 80.1 1376.3353 0:22:56 8750.16 100666.53 8690.94 8717.56 0.00 0.02 137.79 7.60
homfam seatoxin 93 5 43.6344 54 42.6 66.0 63.9 10.2 9.7 328.9075 0:05:28 8068.64 101263.56 7708.88 7808.07 1.99 0.65 104.02 343.70
homfam mofe 2567 6 353.074 609 30.0 81.3 82.8 63.6 69.4 2710.9217 0:45:10 9901.36 101633.70 9535.39 9645.28 1.99 4.21 158.84 4314.51
homfam cyt3 385 6 92.3065 130 40.3 77.7 77.6 60.2 67.4 394.9996 0:06:34 8193.61 98276.50 7624.99 7813.47 1.99 0.91 90.49 358.82
homfam ins 793 6 65.2825 74 44.9 79.3 93.8 34.8 44.1 611.4331 0:10:11 8168.48 100212.92 7664.26 7782.60 1.99 1.37 113.56 701.63
homfam Ald_Xan_dh_2 2589 6 109.304 885 31.8 69.0 82.8 30.3 33.3 3447.5672 0:57:27 8177.95 100599.62 7673.48 7791.47 1.99 2.94 158.47 5468.91
homfam tms 2118 5 264.245 357 45.9 97.1 96.6 88.1 93.9 1803.6666 0:30:03 8849.08 101159.06 8345.46 8475.09 1.99 5.72 154.99 2796.94
homfam phc 2957 12 98.4711 179 37.2 73.2 91.4 39.1 42.1 955.0019 0:15:55 8356.50 100250.12 7852.35 7970.71 1.99 4.21 142.31 1361.69
homfam cytb 3206 6 82.1454 100 35.6 84.3 85.0 59.8 65.9 1303.9817 0:21:43 8086.20 99955.62 7586.01 7739.58 177.99 2.99 139.96 1834.77
homfam mmp 1427 6 157.93 180 55.1 95.8 96.9 87.0 92.5 1083.3374 0:18:03 8605.31 100129.88 8102.33 8250.14 65.99 1.96 145.09 1578.82
homfam phoslip 946 18 113.33 137 48.9 91.9 91.3 66.9 77.5 484.5719 0:08:04 8306.30 101262.02 7940.33 8042.38 1.99 1.28 99.63 484.45
homfam HLH 6781 5 53.5453 92 28.1 89.0 91.5 65.5 77.1 788.8420 0:13:08 8152.95 100031.26 7648.69 7778.69 1.99 3.95 129.72 1031.80
homfam myb_DNA-binding 10398 5 46.5583 61 40.7 96.8 95.6 83.9 90.0 675.7118 0:11:15 8117.56 99931.95 7616.22 7765.96 1.98 6.19 121.89 825.12
homfam msb 4884 8 106.037 158 26.6 86.9 88.7 64.1 76.5 685.6954 0:11:25 8181.87 101264.81 7918.50 7984.03 0.00 0.02 124.46 8.38
homfam ghf1 4358 8 403.813 562 38.4 92.3 92.7 71.6 80.5 5108.2236 1:25:08 10208.17 102511.21 9704.58 9939.54 1.99 8.05 163.16 8336.96
homfam rvp 93681 6 94.2886 132 36.6 89.1 88.5 68.5 75.2 2431.1992 0:40:31 8957.46 98987.00 8454.87 8572.23 12.00 0.64 126.79 3088.85
homfam lyase_1 7632 5 295.082 511 30.9 82.4 82.5 65.0 69.3 3658.9048 1:00:58 9340.91 99795.15 9223.45 9249.85 1.99 15.42 157.32 5757.54
homfam ldh 7367 14 121.378 371 31.9 82.3 87.6 28.6 33.2 1609.9180 0:26:49 8522.75 98578.01 8018.95 8148.50 1.99 7.15 141.51 2279.66
homfam subt 7517 11 301.598 414 39.5 78.5 81.9 35.5 45.3 9507.1501 2:38:27 9234.09 101189.70 8751.73 8909.68 1.98 12.39 173.71 16523.68
homfam sodfe 4455 8 77.4471 219 42.3 92.2 91.0 67.5 71.5 974.2714 0:16:14 8093.46 98208.19 7593.30 7709.02 1.99 3.81 126.27 1231.62
homfam LIM 6428 5 57.0143 86 52.8 97.3 97.3 86.6 94.2 589.3162 0:09:49 8073.54 98132.64 7569.48 7696.57 1.99 3.95 108.93 643.36
homfam blm 9105 8 300.727 274 39.1 26.5 35.2 0.0 0.0 5341.3908 1:29:01 9592.05 101845.37 9177.57 9343.68 1.98 12.95 165.90 8872.12
homfam DMRL_synthase 2099 5 140.59 182 33.2 93.3 90.4 74.6 83.3 718.8653 0:11:58 8356.33 98600.65 7852.12 8032.15 1.99 2.62 116.75 840.87
homfam tRNA-synt_2b 11293 5 177.564 467 18.7 29.9 35.9 0.6 0.1 3053.4428 0:50:53 8670.24 100607.93 8166.99 8296.08 1.99 11.89 164.74 5039.48
homfam Stap_Strp_toxin 640 6 87.3922 254 32.5 83.1 82.5 51.4 58.4 654.0856 0:10:54 8223.61 98104.46 7719.45 7867.61 0.00 0.02 128.58 5.78
homfam Acetyltransf 46285 6 82.9897 229 24.1 62.6 66.3 33.3 43.9 3495.6060 0:58:15 8881.22 100555.23 8384.73 8611.47 13.96 34.19 165.64 5798.89
homfam ghf22 760 12 107.567 131 51.4 94.6 94.7 83.1 86.4 417.2746 0:06:57 8103.91 98277.91 7600.42 7752.79 1.99 1.11 102.98 431.28
homfam sdr 50157 13 163.253 361 23.3 62.9 68.7 12.3 13.4 3730.7503 1:02:10 9161.06 100714.92 8656.47 8774.56 1.96 55.37 153.33 5731.54
homfam ltn 1068 12 204.148 282 49.9 94.0 93.9 73.1 80.9 1136.4498 0:18:56 8624.32 98713.29 8119.81 8237.76 4.00 0.02 144.31 11.55
homfam hpr 3349 5 83.0427 89 44.4 99.3 99.3 97.7 98.5 519.6287 0:08:39 8057.61 98156.68 7494.07 7624.24 1.99 2.90 124.26 624.90
homfam bowman 499 5 26.1443 73 64.9 94.5 94.5 82.9 84.9 311.1502 0:05:11 8042.84 98111.26 7541.84 7755.78 1.99 1.03 95.14 297.65
homfam hip 167 5 66.2096 88 33.4 85.3 84.3 58.3 69.3 461.5965 0:07:41 8135.32 98239.15 7635.70 7762.85 1.99 0.98 76.80 356.04
homfam HMG_box 4779 5 66.0716 89 24.8 97.3 96.2 85.2 93.9 582.7250 0:09:42 8108.91 98163.09 7611.87 7763.84 1.99 3.27 114.06 666.15
homfam icd 5678 5 328.887 433 41.7 93.6 94.1 84.0 86.8 3639.7254 1:00:39 9463.21 101412.34 8958.89 9088.58 1.99 8.70 156.57 5708.52
homfam peroxidase 4514 5 256.626 383 37.3 75.5 81.5 51.0 53.5 3588.9379 0:59:48 8973.91 100997.53 8469.37 8649.42 1.99 6.84 166.61 5989.87
homfam asp 3262 13 284.142 381 37.5 91.1 91.4 72.7 79.3 3179.0542 0:52:59 9384.41 101313.19 8879.74 9009.82 1.99 5.27 164.49 5237.97
homfam flav 4612 6 138.021 183 35.0 83.4 84.3 58.9 60.7 1477.5949 0:24:37 8258.84 100632.30 7755.25 7900.52 1.99 4.34 141.59 2100.90
homfam cah 1379 5 212.706 279 38.7 92.7 92.6 78.2 83.9 1254.2123 0:20:54 8612.13 98690.65 8108.18 8264.01 29.99 2.45 139.29 1748.73
homfam ace 3989 6 427.824 601 37.3 87.4 88.4 67.0 74.0 5965.4639 1:39:25 10661.35 102528.47 10156.80 10286.48 1.98 9.27 162.48 9698.07
homfam sti 613 5 165.383 198 36.4 87.9 87.1 68.5 75.4 530.9222 0:08:50 8359.28 98487.02 7855.67 8003.09 0.00 0.02 97.05 4.75
homfam aat 25100 10 337.807 476 28.6 79.3 80.2 47.7 54.9 9460.6647 2:37:40 10118.50 102040.60 9614.43 9732.36 1.98 36.80 163.81 15499.44
homfam oxidored_q6 3348 5 123.044 285 56.7 92.4 92.8 85.3 87.2 1185.5309 0:19:45 8301.72 100292.73 7797.30 7927.03 1.99 3.17 149.55 1781.09
homfam hormone_rec 3509 5 188.562 308 21.5 74.3 75.9 51.6 66.1 1490.7655 0:24:50 8540.75 100487.16 8036.61 8166.26 1.99 4.09 143.42 2148.68
homfam rhv 17976 6 143.424 938 33.1 34.9 44.0 1.7 0.2 14371.1937 3:59:31 8311.80 100737.97 8223.79 8246.04 17.99 15.73 165.85 23835.40
homfam tgfb 1606 8 95.4645 118 43.8 81.7 84.4 30.8 37.4 516.5204 0:08:36 8089.98 98164.12 7592.44 7742.25 1.99 1.57 103.43 535.79
homfam cryst 1160 7 80.8078 192 44.4 93.1 92.9 74.0 76.7 543.8997 0:09:03 8601.39 98737.91 8097.46 8268.54 1.99 1.31 105.76 576.71
homfam cyclo 6288 6 159.069 203 44.1 88.8 89.6 75.7 79.4 1931.6613 0:32:11 8448.18 100458.44 7944.43 8096.52 0.00 0.02 148.23 13.81
homfam kunitz 2266 10 53.752 64 37.9 98.2 98.2 91.7 91.1 376.9251 0:06:16 8117.09 98598.52 7619.39 7735.22 1.99 1.87 108.91 412.06
homfam Rhodanese 14049 6 102.277 216 22.7 72.9 74.7 49.0 56.1 1922.4529 0:32:02 8157.81 100116.84 7653.81 7805.96 1.98 11.89 152.04 2930.39
homfam sodcu 2038 7 141.322 169 42.2 90.6 90.8 74.7 79.6 701.0560 0:11:41 8782.03 100071.00 8277.29 8407.21 1.99 2.67 122.70 865.54
homfam profilin 687 5 123.371 144 39.7 94.4 94.4 87.5 87.8 474.9938 0:07:54 8419.32 98566.36 7915.59 8126.75 1.99 1.66 107.84 513.76
homfam glob 3983 41 100.684 174 31.7 96.7 96.5 74.1 76.8 667.6971 0:11:07 8330.30 100062.25 7826.61 7944.81 1.99 3.84 114.87 775.19
homfam tim 3904 10 205.645 260 47.5 97.4 97.6 90.3 93.3 1721.0939 0:28:41 8766.78 98740.53 8707.50 8734.17 1.99 5.06 143.00 2462.65
homfam uce 4558 13 134.701 184 34.0 90.4 89.4 51.8 59.7 753.8142 0:12:33 8452.94 100314.89 7948.74 8078.53 1.99 4.53 137.85 1046.53
homfam toxin 508 20 62.311 78 43.1 91.7 90.2 59.7 68.0 295.0777 0:04:55 8093.67 98001.11 7594.29 7739.43 1.99 0.87 110.82 328.53
homfam rub 1435 5 46.1575 54 62.1 99.2 99.2 96.3 96.7 362.4155 0:06:02 8109.45 98176.44 7574.46 7701.40 1.99 1.28 86.17 313.94
homfam hom 12037 8 53.4951 98 35.3 96.1 95.8 75.4 91.2 696.2538 0:11:36 8077.17 98160.73 7582.24 7729.67 1.99 6.59 118.24 824.65
homfam biotin_lipoyl 11833 7 71.8928 112 28.9 94.4 94.9 78.8 80.8 818.7966 0:13:38 8108.80 98554.07 7622.39 7786.30 1.99 8.24 121.92 999.73
homfam cys 4316 13 198.11 284 40.5 93.6 93.3 64.6 79.2 1465.7509 0:24:25 8691.38 100682.79 8632.29 8658.93 17.99 5.83 147.05 2164.01
homfam ghf11 521 5 167.758 202 49.5 95.1 94.9 87.5 88.7 635.5066 0:10:35 8199.13 98354.65 7694.84 7824.62 1.99 1.17 117.95 751.03
homfam blmb 17200 6 192.465 344 20.6 65.7 68.8 34.9 44.9 5028.5999 1:23:48 9009.48 100977.42 8505.00 8634.79 1.98 18.96 168.87 8499.70
homfam aadh 3127 8 225.129 542 38.2 87.3 87.1 56.9 63.4 1968.9178 0:32:48 8838.14 100527.19 8333.66 8463.48 1.99 4.53 159.83 3153.86
homfam DEATH 1183 7 80.5689 159 19.6 83.4 84.4 52.4 56.5 543.2588 0:09:03 8196.67 98388.69 7693.17 7873.02 1.99 1.63 96.59 526.43
homfam Sulfotransfer 2489 5 235.798 381 26.2 67.1 68.3 35.1 43.0 2497.1820 0:41:37 8841.75 100821.80 8337.36 8490.14 1.99 3.98 159.91 4002.21
homfam serpin 3144 8 291.462 418 34.3 96.2 95.3 85.2 91.3 3240.1474 0:54:00 9648.93 101223.78 9145.24 9361.33 1.99 4.51 161.44 5231.63
homfam proteasome 5732 17 174.347 309 21.7 83.4 81.5 39.7 59.5 1360.7640 0:22:40 8439.95 99809.68 7935.67 8108.71 1.99 5.74 153.09 2091.43
homfam zf-CCHH 88345 15 23.2513 39 35.5 97.1 96.5 88.6 93.0 1519.3480 0:25:19 8186.29 98239.91 7686.06 7801.54 21.95 42.20 125.24 1905.63
homfam egf 7774 12 32.0765 71 31.1 76.8 77.6 25.0 35.8 589.2846 0:09:49 8088.92 98150.36 7587.76 7714.61 1.98 4.79 96.00 567.16
homfam annexin 3139 6 65.1902 323 57.2 100.0 100.0 100.0 100.0 1322.2936 0:22:02 8234.11 98261.61 8173.91 8200.29 1.99 3.70 146.01 1932.00
homfam OTCace 4795 5 157.005 350 37.3 96.2 96.2 88.7 91.7 1562.8359 0:26:02 8574.46 99156.61 8514.95 8541.63 1.99 4.98 151.60 2370.74
homfam rnasemam 498 6 120.072 141 42.2 90.6 87.8 64.2 76.0 396.0050 0:06:36 8166.32 98629.13 7662.13 7780.24 1.99 0.92 99.70 396.34
homfam adh 21331 5 123.64 375 63.9 59.7 65.6 29.9 30.1 2120.6764 0:35:20 8410.81 100377.99 7905.98 8055.37 1.98 18.73 146.57 3113.20
homfam il8 1073 11 63.7623 81 34.5 88.6 88.5 61.0 69.0 392.5683 0:06:32 8107.58 97992.79 7607.81 7753.20 1.99 1.11 96.77 381.40
homfam hr 3707 5 65.1513 82 53.3 98.6 98.6 93.7 97.7 601.5977 0:10:01 8076.05 99463.87 7578.32 7731.69 1.99 2.70 109.14 663.85
homfam ChtBD 774 5 38.2713 45 59.3 99.3 99.0 95.3 97.1 298.6764 0:04:58 8113.31 98010.20 7614.62 7782.46 1.99 0.97 104.02 312.27
homfam gluts 10099 14 98.1117 235 39.4 78.6 85.2 8.6 6.5 2387.2786 0:39:47 8331.49 100206.53 7827.18 7945.95 4.00 0.02 168.88 16.69
homfam ghf5 2717 6 260.466 470 17.8 68.2 66.9 38.6 53.0 3205.8660 0:53:25 8968.18 100956.18 8464.00 8593.85 1.99 7.79 163.21 5232.59
homfam ghf13 12607 10 264.452 626 26.8 66.5 65.0 27.3 37.6 7242.4776 2:00:42 9540.29 101770.59 9173.87 9285.31 1.99 16.42 172.94 12532.48
homfam PDZ 14950 6 80.8907 110 30.6 84.8 85.8 65.7 67.4 984.1626 0:16:24 8302.66 99721.07 7798.20 7978.38 1.98 11.20 130.69 1296.37
homfam az 1086 29 100.416 215 33.4 75.4 74.5 40.2 45.0 538.3697 0:08:58 8379.04 98548.28 7875.20 8027.82 1.99 1.68 106.97 580.01
homfam hla 13465 5 153.148 178 76.5 100.0 100.0 100.0 100.0 1283.8735 0:21:23 8765.46 98966.69 8262.96 8415.08 1.99 15.10 122.85 1578.59
homfam slectin 932 5 133.052 142 33.3 94.8 94.7 86.1 90.0 813.6787 0:13:33 8357.37 100339.03 7854.02 8033.99 1.99 1.67 113.44 932.66
homfam GEL 2195 5 78.1157 150 23.7 67.0 69.0 38.4 53.9 644.7620 0:10:44 8244.16 99585.96 7740.74 7957.17 1.99 1.97 115.60 753.57
homfam kringle 1091 9 75.9138 100 43.3 97.7 96.3 85.4 89.9 444.5214 0:07:24 8117.23 98187.36 7613.17 7744.30 1.99 1.84 98.87 441.11
homfam p450 21013 12 331.506 512 20.8 79.8 79.2 38.7 48.1 10023.7013 2:47:03 10592.41 102809.05 10089.04 10268.82 9.98 31.80 160.40 16080.34
homfam gpdh 7691 8 129.082 360 55.1 95.9 95.9 86.9 89.8 1677.6883 0:27:57 8445.84 99821.92 8385.84 8412.31 1.99 8.15 139.30 2345.80
homfam int 7572 5 168.037 219 22.5 89.9 89.9 71.3 78.0 2093.9973 0:34:53 8752.45 100849.30 8248.08 8377.52 1.98 8.27 146.14 3068.69
homfam KAS 2070 6 174.528 404 31.7 60.6 82.9 44.2 41.5 1058.3023 0:17:38 8721.18 98860.87 8216.67 8346.52 1.99 2.92 131.77 1395.89
homfam trfl 837 7 242.315 702 61.9 95.9 96.2 90.6 90.3 1919.4941 0:31:59 9046.24 99265.85 8542.03 8660.45 1.99 1.81 151.32 2905.96
homfam TNF 556 5 119.903 176 32.0 85.4 84.6 71.3 75.1 416.5299 0:06:56 8162.50 98303.28 7658.12 7819.04 1.99 1.01 103.19 431.40
homfam scorptoxin 363 8 53.2562 74 46.3 86.5 85.7 63.0 72.2 294.4912 0:04:54 8000.16 98322.18 7634.28 7779.57 1.99 0.82 99.27 293.83
homfam aldosered 13277 7 268.547 386 41.6 89.0 91.3 72.9 78.0 5285.7789 1:28:05 9257.53 101204.07 8835.55 8938.60 21.98 44.98 166.68 8812.45
homfam rrm 27610 20 67.4587 157 22.9 89.5 87.8 41.4 52.7 1155.0362 0:19:15 8158.77 98261.44 7655.61 7826.04 1.98 17.77 124.75 1442.63
