homfam ricin 747 7 198.708 281 37.5 90.7 91.2 75.1 82.7 639.1044 0:10:39 6812.39 97895.21 6752.84 6779.70 1.99 1.70 152.79 983.92
homfam ghf10 1502 5 220.34 364 43.3 91.3 91.7 77.4 83.1 1565.3546 0:26:05 7058.26 103242.24 6582.17 6748.11 1.99 4.28 162.42 2552.50
homfam seatoxin 93 5 43.6344 54 42.6 66.7 64.1 8.2 9.3 142.3920 0:02:22 6427.71 101958.21 5951.18 6071.65 1.99 0.67 130.32 187.03
homfam mofe 2567 6 353.074 609 30.0 82.5 85.4 65.5 71.6 4410.0657 1:13:30 7592.86 103247.24 7116.78 7257.50 1.99 4.58 166.40 7347.04
homfam cyt3 385 6 92.3065 130 40.3 80.0 80.7 61.9 70.7 215.7312 0:03:35 6756.11 102935.04 6280.22 6418.98 1.99 1.24 129.96 281.89
homfam ins 793 6 65.2825 74 44.9 92.1 96.0 66.7 89.9 426.4662 0:07:06 6776.12 102992.55 6410.43 6493.96 1.99 1.15 124.78 542.37
homfam Ald_Xan_dh_2 2589 6 109.304 885 31.8 83.0 83.0 63.1 71.4 2580.4879 0:43:00 6536.76 102994.30 6157.86 6269.34 1.99 2.71 169.24 4375.77
homfam tms 2118 5 264.245 357 45.9 96.8 96.5 87.0 93.4 1939.5506 0:32:19 7225.88 103303.24 7104.90 7128.23 1.99 3.27 161.92 3148.34
homfam phc 2957 12 98.4711 179 37.2 91.5 92.5 68.2 75.6 575.6637 0:09:35 6910.71 100969.71 6545.07 6710.48 1.99 2.67 152.16 886.68
homfam cytb 3206 6 82.1454 100 35.6 88.4 88.7 66.3 71.5 886.6826 0:14:46 6704.88 99911.90 6350.89 6506.06 1.99 3.04 159.08 1417.92
homfam mmp 1427 6 157.93 180 55.1 95.2 96.2 85.8 90.8 958.7795 0:15:58 6923.24 99909.31 6447.09 6580.08 1.99 1.98 159.94 1543.43
homfam phoslip 946 18 113.33 137 48.9 94.7 94.4 72.8 82.7 275.0554 0:04:35 6831.40 101992.01 6515.67 6656.51 1.99 1.35 127.92 353.30
homfam HLH 6781 5 53.5453 92 28.1 88.9 92.4 65.5 77.1 604.7698 0:10:04 6803.89 98885.19 6636.80 6666.37 1.99 4.02 149.66 914.92
homfam myb_DNA-binding 10398 5 46.5583 61 40.7 94.4 93.3 78.6 84.0 389.6456 0:06:29 6705.25 102058.36 6388.49 6529.21 1.98 5.97 148.12 586.59
homfam msb 4884 8 106.037 158 26.6 86.2 86.9 59.3 73.7 524.3910 0:08:44 6942.56 99910.67 6467.22 6633.24 1.98 4.40 131.96 702.23
homfam ghf1 4358 8 403.813 562 38.4 91.2 91.3 70.4 78.5 6198.4641 1:43:18 8058.95 103106.31 7582.83 7721.56 1.99 7.96 164.12 10179.47
homfam rvp 93681 6 94.2886 132 36.6 79.3 79.1 53.2 59.9 1512.5724 0:25:12 9642.05 100431.24 9583.66 9610.10 1.99 58.31 146.45 2214.40
homfam lyase_1 7632 5 295.082 511 30.9 81.6 81.4 60.4 66.8 3584.9028 0:59:44 7657.56 102967.29 7181.90 7302.32 1.99 10.32 159.68 5727.70
homfam ldh 7367 14 121.378 371 31.9 89.2 89.0 59.5 70.8 1217.0249 0:20:17 6983.14 103054.58 6617.92 6784.16 1.99 7.54 159.04 1941.56
homfam subt 7517 11 301.598 414 39.5 77.3 78.2 28.1 36.6 11733.0150 3:15:33 8125.10 103322.23 7907.09 7997.07 1.98 12.27 174.62 20493.31
homfam sodfe 4455 8 77.4471 219 42.3 91.1 90.2 66.0 69.5 664.5470 0:11:04 6695.79 101958.68 6378.48 6473.86 1.99 3.67 156.52 1041.48
homfam LIM 6428 5 57.0143 86 52.8 97.9 97.9 89.0 96.8 281.2780 0:04:41 6643.37 101958.85 6167.39 6291.39 1.99 4.11 136.65 385.83
homfam blm 9105 8 300.727 274 39.1 42.7 50.4 20.2 21.0 4995.3389 1:23:15 8149.26 103076.51 7784.70 7871.47 1.98 13.45 162.52 8125.51
homfam DMRL_synthase 2099 5 140.59 182 33.2 92.7 90.0 74.6 83.3 402.7172 0:06:42 6893.92 99910.91 6528.71 6672.79 1.99 2.28 141.32 570.25
homfam tRNA-synt_2b 11293 5 177.564 467 18.7 45.7 43.9 18.6 26.2 3099.9538 0:51:39 7489.86 103171.20 7124.36 7207.91 1.99 12.00 170.03 5278.92
homfam Stap_Strp_toxin 640 6 87.3922 254 32.5 81.3 80.6 47.3 52.5 523.5051 0:08:43 6785.19 101960.38 6309.51 6448.24 1.99 1.28 154.51 810.39
homfam Acetyltransf 46285 6 82.9897 229 24.1 63.6 62.3 34.9 44.7 3333.2595 0:55:33 8390.14 102930.29 8024.69 8189.69 1.95 34.02 181.12 6044.77
homfam ghf22 760 12 107.567 131 51.4 93.6 93.9 81.5 85.2 266.3122 0:04:26 6810.21 96394.01 6444.85 6563.52 1.99 1.17 141.52 378.44
homfam sdr 50157 13 163.253 361 23.3 78.8 77.5 34.4 45.4 3767.1622 1:02:47 9437.31 102996.47 9070.90 9236.34 1.97 55.70 156.40 5886.23
homfam ltn 1068 12 204.148 282 49.9 91.8 92.6 68.4 77.3 841.6614 0:14:01 6724.26 102918.67 6264.64 6434.17 1.99 1.81 158.15 1336.19
homfam hpr 3349 5 83.0427 89 44.4 99.3 99.3 97.7 98.5 324.0080 0:05:24 6662.02 103051.52 6296.34 6384.04 1.99 2.70 143.37 465.90
homfam bowman 499 5 26.1443 73 64.9 94.5 94.5 82.9 84.9 163.4516 0:02:43 6587.54 98341.37 6111.68 6278.30 1.99 0.78 113.54 187.20
homfam hip 167 5 66.2096 88 33.4 86.4 85.4 63.1 74.8 155.6597 0:02:35 6482.14 99909.95 6006.20 6145.03 1.99 0.70 117.90 185.01
homfam HMG_box 4779 5 66.0716 89 24.8 97.3 96.2 85.2 93.9 300.5125 0:05:00 6708.98 103094.68 6496.90 6523.28 1.99 3.51 142.78 430.51
homfam icd 5678 5 328.887 433 41.7 94.0 94.3 85.4 88.4 3722.5426 1:02:02 7694.48 103202.44 7218.59 7357.33 1.99 10.17 162.32 6044.56
homfam peroxidase 4514 5 256.626 383 37.3 77.9 79.8 48.1 50.1 3382.4596 0:56:22 7489.74 103086.81 7013.79 7134.15 1.99 6.77 172.71 5850.94
homfam asp 3262 13 284.142 381 37.5 90.2 90.7 70.9 78.6 3103.5966 0:51:43 7416.07 102929.65 7047.71 7167.18 1.99 5.57 162.88 5058.00
homfam flav 4612 6 138.021 183 35.0 84.5 85.0 61.1 64.0 1021.7582 0:17:01 6869.73 98455.69 6801.76 6824.71 1.99 4.30 162.90 1674.54
homfam cah 1379 5 212.706 279 38.7 89.3 89.7 71.2 78.9 981.6227 0:16:21 6817.61 103202.07 6451.81 6562.53 1.99 2.14 150.46 1478.56
homfam ace 3989 6 427.824 601 37.3 86.0 86.9 68.7 75.0 6551.8390 1:49:11 8280.29 103217.28 7804.06 7942.99 1.98 8.64 164.47 10776.21
homfam sti 613 5 165.383 198 36.4 88.3 88.0 69.0 76.4 350.1267 0:05:50 6853.60 102919.41 6488.69 6599.58 1.99 1.77 147.32 517.33
homfam aat 25100 10 337.807 476 28.6 78.7 79.7 37.3 43.1 9673.3877 2:41:13 9579.80 103317.99 9521.64 9548.11 1.98 36.25 160.22 15502.54
homfam oxidored_q6 3348 5 123.044 285 56.7 92.4 92.9 85.3 86.9 1085.9791 0:18:05 6800.91 103181.30 6417.29 6582.96 1.99 3.23 157.47 1720.75
homfam hormone_rec 3509 5 188.562 308 21.5 72.0 72.6 48.4 62.1 1422.0316 0:23:42 7123.82 103287.10 7012.79 7041.40 1.99 3.78 156.29 2230.74
homfam rhv 17976 6 143.424 938 33.1 53.8 54.0 20.7 24.7 13799.4291 3:49:59 7545.18 99915.41 7070.37 7225.88 1.99 15.81 167.31 23093.95
homfam tgfb 1606 8 95.4645 118 43.8 83.0 87.3 35.9 45.0 294.9589 0:04:54 6674.92 96281.04 6616.16 6642.63 1.99 1.60 129.18 384.61
homfam cryst 1160 7 80.8078 192 44.4 92.5 92.3 74.6 77.3 320.6997 0:05:20 6801.25 102922.14 6325.45 6464.20 1.99 2.06 150.52 484.19
homfam cyclo 6288 6 159.069 203 44.1 87.8 88.6 71.4 77.3 1374.5164 0:22:54 7150.78 103182.46 6674.95 6813.29 1.99 7.79 165.97 2287.47
homfam kunitz 2266 10 53.752 64 37.9 97.5 97.5 88.3 87.5 261.5845 0:04:21 6524.84 102987.23 6159.46 6243.63 1.99 2.37 121.06 318.24
homfam Rhodanese 14049 6 102.277 216 22.7 76.0 81.8 57.3 60.1 1559.1569 0:25:59 7132.32 99914.85 6656.33 6800.64 1.98 22.58 164.08 2558.90
homfam sodcu 2038 7 141.322 169 42.2 85.6 86.6 62.0 69.6 454.6630 0:07:34 6894.36 99913.08 6461.00 6626.95 1.99 2.32 130.23 599.72
homfam profilin 687 5 123.371 144 39.7 93.6 94.1 85.2 86.7 345.2161 0:05:45 6832.13 99911.87 6467.09 6586.23 1.99 1.52 116.27 402.85
homfam glob 3983 41 100.684 174 31.7 94.7 94.4 69.4 72.6 510.3759 0:08:30 7090.16 103180.82 6614.65 6796.22 1.99 3.70 135.77 702.96
homfam tim 3904 10 205.645 260 47.5 97.3 97.5 91.9 95.0 1751.0512 0:29:11 7005.27 103237.75 6939.56 6968.39 1.99 6.80 158.87 2787.62
homfam uce 4558 13 134.701 184 34.0 90.5 89.7 56.6 65.0 625.7144 0:10:25 7144.62 102940.22 6890.92 6964.71 1.99 4.20 137.96 874.16
homfam toxin 508 20 62.311 78 43.1 89.7 88.2 58.4 66.3 175.3715 0:02:55 6611.37 98532.58 6246.61 6365.57 1.99 1.17 133.59 235.73
homfam rub 1435 5 46.1575 54 62.1 97.6 97.6 88.9 90.2 222.5882 0:03:42 6481.04 99910.29 6109.31 6275.76 1.99 1.68 113.90 254.97
homfam hom 12037 8 53.4951 98 35.3 95.3 95.2 69.6 85.1 428.6729 0:07:08 6726.46 98213.41 6360.96 6525.91 1.99 6.61 143.13 615.08
homfam biotin_lipoyl 11833 7 71.8928 112 28.9 93.5 93.9 77.6 82.9 373.1104 0:06:13 6934.12 102938.18 6765.30 6791.97 1.99 8.03 138.11 516.79
homfam cys 4316 13 198.11 284 40.5 95.1 94.7 73.1 82.7 1264.4275 0:21:04 7280.64 103057.89 6914.80 7079.62 1.99 5.92 161.53 2042.77
homfam ghf11 521 5 167.758 202 49.5 92.6 92.4 83.3 85.1 481.3577 0:08:01 6798.94 102923.18 6433.47 6544.16 1.99 1.16 152.12 733.61
homfam blmb 17200 6 192.465 344 20.6 68.0 72.2 43.3 51.6 4002.7299 1:06:42 8191.41 103033.41 7714.54 7867.79 1.98 18.69 170.56 6832.73
homfam aadh 3127 8 225.129 542 38.2 85.1 88.1 49.2 55.3 2336.0399 0:38:56 6979.06 103277.67 6736.92 6765.75 1.99 4.18 163.43 3821.52
homfam DEATH 1183 7 80.5689 159 19.6 77.0 77.3 53.2 57.6 265.6090 0:04:25 6740.75 97895.40 6375.32 6458.95 1.99 1.39 145.18 387.17
homfam Sulfotransfer 2489 5 235.798 381 26.2 69.9 70.9 40.2 48.5 2525.6286 0:42:05 7029.52 102920.62 6630.09 6773.44 1.99 3.90 165.85 4192.43
homfam serpin 3144 8 291.462 418 34.3 95.4 95.1 82.9 89.7 2733.6548 0:45:33 7535.53 103207.66 7459.91 7489.12 1.99 6.38 162.95 4464.95
homfam proteasome 5732 17 174.347 309 21.7 83.2 81.8 30.3 45.6 1124.2251 0:18:44 7188.02 103061.47 6822.16 6987.15 1.99 5.82 150.82 1703.12
homfam zf-CCHH 88345 15 23.2513 39 35.5 96.9 96.2 88.6 93.0 649.1119 0:10:49 7445.67 102992.50 6969.85 7120.71 1.95 41.71 125.91 818.84
homfam egf 7774 12 32.0765 71 31.1 78.3 77.7 35.3 39.3 323.0094 0:05:23 6568.97 103120.32 6250.41 6337.73 1.98 4.86 126.35 410.35
homfam annexin 3139 6 65.1902 323 57.2 99.6 99.8 99.4 99.4 658.5785 0:10:58 6736.11 103055.20 6370.50 6481.11 1.99 2.38 160.72 1060.42
homfam OTCace 4795 5 157.005 350 37.3 95.2 95.6 85.5 88.8 1062.3448 0:17:42 7064.57 102938.39 6893.80 6922.49 1.99 4.95 158.22 1681.95
homfam rnasemam 498 6 120.072 141 42.2 93.7 90.4 73.1 85.1 245.3200 0:04:05 6749.66 102921.27 6273.89 6416.12 1.99 1.29 133.87 329.96
homfam adh 21331 5 123.64 375 63.9 98.4 98.5 96.0 96.3 1924.1273 0:32:04 7418.85 102938.57 7304.85 7333.68 1.98 18.33 159.83 3076.32
homfam il8 1073 11 63.7623 81 34.5 89.5 89.4 57.1 65.8 211.1841 0:03:31 6529.79 99977.10 6054.69 6205.39 1.99 1.15 133.93 284.45
homfam hr 3707 5 65.1513 82 53.3 99.1 99.1 94.9 99.1 338.5756 0:05:38 6623.71 99464.58 6258.01 6360.99 1.99 2.62 142.17 490.49
homfam ChtBD 774 5 38.2713 45 59.3 99.3 99.0 95.3 97.1 171.2528 0:02:51 6480.21 102918.29 6005.03 6178.62 1.99 1.04 135.57 233.86
homfam gluts 10099 14 98.1117 235 39.4 55.7 67.7 5.2 5.7 1899.6216 0:31:39 7077.61 99912.85 6799.93 6828.73 1.98 7.92 168.27 3205.00
homfam ghf5 2717 6 260.466 470 17.8 66.6 66.5 34.4 49.2 2850.3153 0:47:30 7182.23 103121.13 6817.05 6981.74 1.99 4.37 166.26 4747.04
homfam ghf13 12607 10 264.452 626 26.8 59.2 60.3 29.0 37.0 6557.6108 1:49:17 8284.16 103214.25 7807.43 7946.25 1.99 16.53 170.51 11187.61
homfam PDZ 14950 6 80.8907 110 30.6 88.6 88.4 74.7 77.7 853.8675 0:14:13 7185.70 103006.23 6820.89 6985.71 1.98 10.78 159.30 1362.68
homfam az 1086 29 100.416 215 33.4 75.4 75.2 40.8 43.2 317.9708 0:05:17 6707.45 102919.36 6342.34 6461.73 1.99 1.46 135.07 435.36
homfam hla 13465 5 153.148 178 76.5 100.0 100.0 100.0 100.0 965.8576 0:16:05 7763.26 102921.65 7287.09 7507.33 1.99 13.55 149.62 1450.67
homfam slectin 932 5 133.052 142 33.3 95.1 95.0 87.6 91.3 628.3292 0:10:28 6842.47 103087.19 6400.12 6533.08 1.99 1.35 142.88 907.10
homfam GEL 2195 5 78.1157 150 23.7 69.6 68.9 39.0 54.9 349.6848 0:05:49 6751.41 99911.75 6385.97 6504.72 1.99 1.96 137.79 486.37
homfam kringle 1091 9 75.9138 100 43.3 94.6 93.7 77.5 80.9 245.2342 0:04:05 6633.29 101958.32 6285.67 6400.23 1.99 1.29 136.27 335.72
homfam p450 21013 12 331.506 512 20.8 66.3 65.5 31.1 38.4 9994.3997 2:46:34 10233.89 103054.55 9759.00 9897.55 73.98 33.02 159.65 15954.95
homfam gpdh 7691 8 129.082 360 55.1 96.4 96.2 88.3 90.9 1247.4124 0:20:47 7070.86 103227.76 6594.79 6719.21 1.99 8.02 153.62 1925.63
homfam int 7572 5 168.037 219 22.5 89.2 90.5 72.3 78.2 1838.6580 0:30:38 7256.67 102986.88 6891.23 7002.46 1.98 8.40 164.46 3031.90
homfam KAS 2070 6 174.528 404 31.7 86.3 86.2 69.2 74.4 1014.9183 0:16:54 7053.95 99915.71 6654.62 6819.98 0.00 0.02 149.44 9.00
homfam trfl 837 7 242.315 702 61.9 93.8 95.1 87.4 87.0 1777.5497 0:29:37 7161.09 102924.23 7015.63 7045.67 1.99 1.58 164.17 2926.44
homfam TNF 556 5 119.903 176 32.0 81.2 80.8 61.8 66.6 271.3345 0:04:31 6892.72 102922.08 6527.34 6614.51 1.99 1.02 138.74 377.99
homfam scorptoxin 363 8 53.2562 74 46.3 91.2 90.5 72.6 81.2 151.5772 0:02:31 6523.68 101957.22 6157.85 6254.00 1.99 0.77 120.96 184.90
homfam aldosered 13277 7 268.547 386 41.6 87.0 89.6 69.5 76.2 4926.6701 1:22:06 8093.11 103152.59 7619.48 7756.13 1.98 18.13 161.71 7973.25
homfam rrm 27610 20 67.4587 157 22.9 82.5 81.8 15.3 22.6 716.2438 0:11:56 7219.82 103182.88 6952.44 7026.66 1.98 17.64 149.69 1073.16
