homfam ricin 747 7 198.708 281 37.5 91.8 92.0 78.4 85.6 355.4781 0:05:55 15168.91 105082.34 14757.64 14921.13 1.99 1.39 142.07 512.13
homfam ghf10 1502 5 220.34 364 43.3 92.0 92.8 78.6 84.1 845.9341 0:14:05 15069.78 104983.44 14704.63 14844.57 1.99 4.30 149.11 1262.53
homfam seatoxin 93 5 43.6344 54 42.6 67.1 65.3 18.4 15.5 164.4342 0:02:44 12375.05 102278.89 11900.70 12040.43 1.99 0.64 103.79 172.19
homfam mofe 2567 6 353.074 609 30.0 86.4 87.1 68.5 77.0 2133.1252 0:35:33 15075.20 104982.52 14796.10 14936.53 5.99 4.24 142.66 3053.70
homfam cyt3 385 6 92.3065 130 40.3 81.9 82.0 63.6 72.4 179.4410 0:02:59 15071.32 105045.31 14576.73 14717.24 1.99 1.18 121.29 219.27
homfam ins 793 6 65.2825 74 44.9 92.0 95.7 65.2 85.9 315.1766 0:05:15 15068.41 105044.35 14828.16 14954.78 1.99 1.11 153.40 485.45
homfam Ald_Xan_dh_2 2589 6 109.304 885 31.8 83.9 84.3 63.5 72.8 1461.2148 0:24:21 15058.50 104883.50 14842.17 14936.56 1.99 2.61 155.63 2281.94
homfam tms 2118 5 264.245 357 45.9 96.2 96.0 85.3 91.8 1082.3043 0:18:02 15084.39 105008.48 14660.73 14869.61 1.99 3.37 155.06 1687.64
homfam phc 2957 12 98.4711 179 37.2 93.8 94.4 77.1 81.6 435.7517 0:07:15 15076.21 104984.61 14702.71 14820.22 1.99 2.76 123.65 544.43
homfam cytb 3206 6 82.1454 100 35.6 90.8 92.5 73.9 82.3 660.6774 0:11:00 15070.16 104983.62 14733.88 14897.51 1.99 2.68 151.44 1009.12
homfam mmp 1427 6 157.93 180 55.1 96.8 96.6 88.8 94.0 581.6389 0:09:41 15069.30 104982.43 14702.72 14843.55 1.99 1.97 143.00 842.36
homfam phoslip 946 18 113.33 137 48.9 93.0 92.7 69.9 80.5 235.0681 0:03:55 6898.79 102922.01 6395.93 6525.19 1.99 1.31 127.25 307.58
homfam HLH 6781 5 53.5453 92 28.1 89.7 93.8 69.0 77.5 442.0575 0:07:22 15152.74 105061.98 14782.37 14922.93 1.99 3.92 146.09 655.23
homfam myb_DNA-binding 10398 5 46.5583 61 40.7 94.6 94.2 80.4 86.0 340.5973 0:05:40 15102.33 105015.22 14735.32 14945.01 1.98 5.96 122.44 425.59
homfam msb 4884 8 106.037 158 26.6 87.5 90.0 60.0 72.8 318.1060 0:05:18 14385.16 104274.32 13905.29 14114.82 1.98 4.38 107.25 346.06
homfam ghf1 4358 8 403.813 562 38.4 92.1 92.1 72.4 80.1 2544.5080 0:42:24 13735.10 103559.74 13231.02 13371.36 1.99 7.86 151.73 3867.39
homfam rvp 93681 6 94.2886 132 36.6 82.5 82.2 53.2 59.9 1509.1702 0:25:09 7736.16 103615.39 7232.46 7413.10 1.99 58.50 90.89 1373.36
homfam lyase_1 7632 5 295.082 511 30.9 81.1 81.0 61.0 66.2 1405.4532 0:23:25 15278.57 105189.05 14911.65 15120.57 0.00 0.02 134.07 10.02
homfam ldh 7367 14 121.378 371 31.9 89.9 89.6 62.4 71.6 845.4036 0:14:05 15114.04 105037.03 14733.36 14839.20 1.99 7.36 135.92 1157.39
homfam subt 7517 11 301.598 414 39.5 79.3 80.2 32.4 44.7 5422.1557 1:30:22 13413.38 103312.96 12933.78 13039.86 1.98 12.42 170.96 9271.12
homfam sodfe 4455 8 77.4471 219 42.3 91.4 90.4 65.1 69.0 467.8122 0:07:47 15147.47 105059.72 14762.90 14971.78 1.99 3.37 140.26 657.64
homfam LIM 6428 5 57.0143 86 52.8 98.5 98.5 90.2 98.4 262.5415 0:04:22 10908.89 102057.20 10428.55 10638.27 1.99 5.60 123.51 325.87
homfam blm 9105 8 300.727 274 39.1 76.3 79.1 54.3 56.5 2732.7316 0:45:32 7717.01 103203.25 7212.85 7342.79 1.98 13.63 154.71 4226.90
homfam DMRL_synthase 2099 5 140.59 182 33.2 92.4 90.1 72.2 83.0 286.4048 0:04:46 15065.53 104982.51 14703.23 14843.89 1.99 2.23 116.77 336.01
homfam tRNA-synt_2b 11293 5 177.564 467 18.7 49.0 47.8 22.7 31.2 1844.4099 0:30:44 14919.68 104843.63 14601.04 14672.36 1.99 11.47 164.13 3034.24
homfam Stap_Strp_toxin 640 6 87.3922 254 32.5 82.6 82.2 50.2 57.5 285.5862 0:04:45 15068.73 104982.34 14702.48 14808.52 1.99 0.94 130.11 372.63
homfam Acetyltransf 46285 6 82.9897 229 24.1 63.7 63.2 34.9 44.5 3193.8768 0:53:13 11533.48 101370.63 11078.80 11288.33 1.98 33.36 159.54 5106.17
homfam ghf22 760 12 107.567 131 51.4 93.7 94.1 80.8 84.4 206.6755 0:03:26 15067.73 104981.36 14666.56 14807.09 1.99 1.14 125.72 261.38
homfam sdr 50157 13 163.253 361 23.3 78.2 78.7 32.2 42.0 2678.4548 0:44:38 10493.15 101968.70 9986.03 10126.00 1.97 55.80 121.76 3264.94
homfam ltn 1068 12 204.148 282 49.9 93.8 94.3 71.1 80.4 453.8109 0:07:33 15171.70 105082.38 14790.20 14896.28 1.99 3.81 142.03 653.41
homfam hpr 3349 5 83.0427 89 44.4 99.3 99.3 97.7 98.5 236.0347 0:03:56 15201.79 105108.61 14829.75 15040.88 1.99 3.31 123.49 292.87
homfam bowman 499 5 26.1443 73 64.9 94.5 94.5 82.9 84.9 145.1567 0:02:25 15087.99 105006.34 14663.59 14781.26 1.99 1.06 117.47 172.05
homfam hip 167 5 66.2096 88 33.4 82.8 81.8 54.8 64.8 170.6424 0:02:50 12177.05 102921.03 11698.91 11839.57 1.99 0.74 129.40 222.26
homfam HMG_box 4779 5 66.0716 89 24.8 94.5 94.5 79.0 86.8 240.5917 0:04:00 15072.29 104984.18 14704.79 14868.34 1.99 3.22 119.74 289.57
homfam icd 5678 5 328.887 433 41.7 93.5 94.0 82.9 86.7 2161.5476 0:36:01 14937.94 104761.92 14458.32 14575.83 1.99 8.41 153.07 3315.36
homfam peroxidase 4514 5 256.626 383 37.3 82.8 85.0 58.2 62.2 2231.9524 0:37:11 15060.93 104885.72 14661.93 14779.40 1.99 6.54 169.29 3785.82
homfam asp 3262 13 284.142 381 37.5 90.8 91.0 73.8 80.0 1373.4924 0:22:53 15154.78 104983.61 14762.58 14833.78 1.99 5.88 147.58 2029.32
homfam flav 4612 6 138.021 183 35.0 83.8 83.9 58.9 61.5 688.4927 0:11:28 15089.11 105010.71 14845.33 14985.79 1.99 8.80 145.83 1001.56
homfam cah 1379 5 212.706 279 38.7 88.8 89.6 70.8 78.7 560.8304 0:09:20 15058.17 104882.41 14783.26 14925.03 1.99 3.36 132.99 747.90
homfam ace 3989 6 427.824 601 37.3 86.8 88.0 69.0 76.4 3078.4477 0:51:18 15061.01 104885.99 14606.25 14723.66 1.98 17.31 151.53 4664.48
homfam sti 613 5 165.383 198 36.4 91.0 91.0 76.6 83.8 247.3933 0:04:07 11880.15 102937.27 11374.64 11480.43 1.99 1.17 121.91 303.09
homfam aat 25100 10 337.807 476 28.6 83.7 84.3 54.3 60.4 4303.3931 1:11:43 10007.04 103264.60 9475.19 9581.42 1.98 36.58 134.36 5777.77
homfam oxidored_q6 3348 5 123.044 285 56.7 91.4 92.6 83.5 85.1 577.1889 0:09:37 15119.81 105033.62 14630.74 14770.78 1.99 3.15 146.18 851.48
homfam hormone_rec 3509 5 188.562 308 21.5 72.7 73.3 48.8 62.2 807.0233 0:13:27 15114.46 104984.64 14655.82 14865.53 1.99 3.81 140.22 1141.46
homfam rhv 17976 6 143.424 938 33.1 66.3 67.7 34.0 43.6 6292.7099 1:44:52 7235.00 102922.63 6725.41 6854.45 1.99 15.47 152.51 9597.39
homfam tgfb 1606 8 95.4645 118 43.8 81.8 85.4 31.6 39.1 208.4109 0:03:28 13287.08 103129.80 12751.15 12857.00 1.99 1.86 119.17 249.90
homfam cryst 1160 7 80.8078 192 44.4 91.5 91.4 71.3 73.9 224.2077 0:03:44 15147.93 105031.37 14652.79 14793.17 1.99 1.54 116.03 261.62
homfam cyclo 6288 6 159.069 203 44.1 88.0 88.9 74.6 79.1 1204.2912 0:20:04 15037.79 104860.85 14533.03 14650.58 1.99 7.64 156.32 1889.49
homfam kunitz 2266 10 53.752 64 37.9 98.9 98.9 95.0 94.7 186.2979 0:03:06 14608.18 104433.36 14129.46 14246.49 1.99 2.17 111.41 209.06
homfam Rhodanese 14049 6 102.277 216 22.7 75.5 84.0 59.4 63.9 1008.6919 0:16:48 14625.58 104518.57 14115.53 14255.40 1.98 11.66 142.97 1451.33
homfam sodcu 2038 7 141.322 169 42.2 89.9 90.3 75.9 79.8 316.8618 0:05:16 15071.75 104983.46 14682.32 14822.27 1.99 2.29 118.66 377.45
homfam profilin 687 5 123.371 144 39.7 92.7 92.7 82.8 84.2 235.3957 0:03:55 15069.87 104982.38 14695.03 14835.50 1.99 1.51 132.10 319.19
homfam glob 3983 41 100.684 174 31.7 94.8 94.7 65.3 69.1 349.5347 0:05:49 15086.86 105009.67 14672.37 14835.82 1.99 3.34 114.48 406.34
homfam tim 3904 10 205.645 260 47.5 96.9 97.2 90.0 94.2 735.1889 0:12:15 15048.50 104960.66 14681.82 14890.84 1.99 4.99 139.39 1030.13
homfam uce 4558 13 134.701 184 34.0 90.4 90.2 57.2 65.5 526.0891 0:08:46 15150.38 105059.70 14909.14 15049.57 1.99 4.38 128.92 683.14
homfam toxin 508 20 62.311 78 43.1 88.3 86.7 50.6 58.2 153.6759 0:02:33 15043.21 104957.30 14645.54 14751.56 1.99 0.86 108.90 168.84
homfam rub 1435 5 46.1575 54 62.1 96.7 98.3 88.9 89.4 156.6114 0:02:36 15070.08 104982.43 14702.58 14866.72 1.99 1.55 104.24 164.71
homfam hom 12037 8 53.4951 98 35.3 92.6 93.0 66.7 82.9 303.4182 0:05:03 15205.42 105116.60 14827.82 15036.82 1.99 6.50 116.60 362.91
homfam biotin_lipoyl 11833 7 71.8928 112 28.9 95.0 93.4 76.5 82.3 370.1376 0:06:10 15069.37 104991.61 14798.78 14939.09 1.99 7.71 98.76 367.49
homfam cys 4316 13 198.11 284 40.5 94.5 93.9 71.3 81.4 844.0162 0:14:04 12609.43 103190.59 12268.69 12408.97 1.99 5.84 140.59 1191.07
homfam ghf11 521 5 167.758 202 49.5 92.9 92.7 81.8 83.0 272.2554 0:04:32 15100.44 105045.32 14686.55 14827.12 1.99 1.14 133.37 364.57
homfam blmb 17200 6 192.465 344 20.6 71.0 73.9 44.0 55.5 3154.6598 0:52:34 7778.09 102970.71 7275.24 7508.68 17.98 18.25 160.69 5080.33
homfam aadh 3127 8 225.129 542 38.2 84.6 85.0 51.9 57.7 1073.3329 0:17:53 15059.26 104884.60 14798.89 14939.31 1.99 4.34 154.32 1665.26
homfam DEATH 1183 7 80.5689 159 19.6 81.0 83.2 60.5 67.5 206.9705 0:03:26 15060.19 104981.38 14654.14 14817.65 1.99 1.33 126.37 263.20
homfam Sulfotransfer 2489 5 235.798 381 26.2 73.2 75.2 46.6 54.9 1238.1815 0:20:38 15147.01 105058.52 14779.38 14942.90 1.99 4.06 160.35 1994.43
homfam serpin 3144 8 291.462 418 34.3 95.7 95.1 83.9 90.1 1316.2855 0:21:56 15046.85 104960.57 14797.59 14939.55 1.99 4.88 148.28 1961.85
homfam proteasome 5732 17 174.347 309 21.7 83.9 82.1 40.7 60.8 720.0970 0:12:00 11459.27 102981.86 11093.05 11233.33 1.99 6.59 127.83 929.63
homfam zf-CCHH 88345 15 23.2513 39 35.5 95.7 95.8 85.7 89.3 723.1667 0:12:03 11153.46 102939.47 10599.11 10705.01 1.96 42.28 114.02 826.29
homfam egf 7774 12 32.0765 71 31.1 76.7 81.6 35.3 44.3 242.2238 0:04:02 15138.59 105063.05 14696.38 14905.87 1.98 4.41 111.60 271.30
homfam annexin 3139 6 65.1902 323 57.2 99.3 99.8 98.7 98.7 472.4539 0:07:52 15125.14 105033.62 14694.08 14800.15 1.99 3.70 152.62 722.65
homfam OTCace 4795 5 157.005 350 37.3 96.3 96.6 89.0 91.7 607.1069 0:10:07 15071.52 104960.75 14683.93 14824.27 1.99 5.30 138.57 849.35
homfam rnasemam 498 6 120.072 141 42.2 94.7 91.6 71.6 83.2 196.7015 0:03:16 15057.18 104980.31 14652.05 14769.68 1.99 1.25 110.05 217.93
homfam adh 21331 5 123.64 375 63.9 98.7 98.8 97.1 97.4 1275.9763 0:21:15 13249.91 103257.51 12795.30 12912.63 1.98 18.81 137.60 1764.92
homfam il8 1073 11 63.7623 81 34.5 87.6 87.5 58.4 69.9 171.0156 0:02:51 15057.69 104981.36 14652.40 14769.93 1.99 1.66 124.11 213.27
homfam hr 3707 5 65.1513 82 53.3 97.9 98.6 92.4 97.4 250.5050 0:04:10 15146.71 104983.64 14705.67 14846.33 1.99 2.53 119.25 308.90
homfam ChtBD 774 5 38.2713 45 59.3 98.3 98.1 90.7 93.2 149.0139 0:02:29 11328.62 103135.18 10849.29 10990.29 1.99 0.96 110.62 166.37
homfam gluts 10099 14 98.1117 235 39.4 88.4 88.7 62.7 66.0 1344.3397 0:22:24 15173.05 105089.21 14744.89 14851.04 0.00 0.02 158.23 8.79
homfam ghf5 2717 6 260.466 470 17.8 68.9 68.8 37.3 51.4 1380.2428 0:23:00 15084.04 104908.53 14677.21 14885.96 1.99 4.18 162.73 2245.22
homfam ghf13 12607 10 264.452 626 26.8 62.3 63.5 24.8 33.1 4093.1638 1:08:13 11697.08 103315.23 11162.60 11303.08 1.96 16.88 167.85 6877.27
homfam PDZ 14950 6 80.8907 110 30.6 88.6 88.8 76.8 79.0 646.2223 0:10:46 13676.42 103568.79 13165.83 13305.65 1.98 10.99 127.23 828.05
homfam az 1086 29 100.416 215 33.4 77.0 77.6 40.2 43.1 244.4519 0:04:04 15065.83 104982.39 14643.28 14806.81 1.99 1.35 127.92 323.38
homfam hla 13465 5 153.148 178 76.5 99.7 100.0 99.4 99.4 665.9021 0:11:05 13543.61 103368.66 13029.48 13135.29 1.99 13.62 105.59 709.33
homfam slectin 932 5 133.052 142 33.3 94.3 95.0 86.1 90.3 406.6350 0:06:46 15077.66 105020.40 14752.12 14869.59 1.99 1.40 116.65 484.24
homfam GEL 2195 5 78.1157 150 23.7 66.7 65.8 37.7 52.9 250.7591 0:04:10 14682.75 104508.42 14203.14 14309.01 1.99 2.24 119.48 303.66
homfam kringle 1091 9 75.9138 100 43.3 94.0 93.6 76.4 80.6 183.2482 0:03:03 14810.31 104771.43 14328.57 14445.64 1.99 1.52 114.79 211.89
homfam p450 21013 12 331.506 512 20.8 76.5 76.2 39.3 48.3 5139.5171 1:25:39 14299.59 104128.85 13798.16 14006.56 1.98 32.48 138.71 7123.46
homfam gpdh 7691 8 129.082 360 55.1 96.2 96.3 88.8 91.4 873.7366 0:14:33 14287.74 104113.41 13809.43 14018.34 1.99 7.66 140.90 1237.82
homfam int 7572 5 168.037 219 22.5 83.6 84.6 63.4 69.8 1023.3619 0:17:03 15038.80 104887.09 14536.02 14745.00 1.98 7.92 144.79 1485.97
homfam KAS 2070 6 174.528 404 31.7 87.1 86.7 70.2 76.0 583.5049 0:09:43 15197.50 105108.46 14829.42 14993.53 1.99 2.82 125.14 731.73
homfam trfl 837 7 242.315 702 61.9 93.4 94.3 86.4 86.8 966.2032 0:16:06 14638.29 104531.16 14127.22 14244.65 1.99 1.58 151.11 1462.31
homfam TNF 556 5 119.903 176 32.0 79.8 80.7 64.3 70.1 210.4633 0:03:30 15096.51 105006.32 14728.68 14868.33 1.99 3.23 124.75 264.14
homfam scorptoxin 363 8 53.2562 74 46.3 92.0 91.1 75.3 81.6 146.8622 0:02:26 11965.84 101892.85 11449.86 11555.89 1.99 0.75 113.83 168.77
homfam aldosered 13277 7 268.547 386 41.6 85.9 89.2 67.4 75.3 2651.8904 0:44:11 11613.60 103283.71 11112.80 11322.38 0.00 0.02 146.38 16.09
homfam rrm 27610 20 67.4587 157 22.9 84.5 83.3 21.6 30.6 530.7552 0:08:50 12966.66 102854.84 12476.02 12615.84 1.98 18.51 104.81 557.78
