homfam ricin 747 7 198.708 281 37.5 91.0 90.8 76.6 84.2 500.5006 0:08:20 15056.78 104982.36 14653.01 14758.55 1.99 1.37 140.70 712.65
homfam ghf10 1502 5 220.34 364 43.3 92.2 93.0 78.9 84.1 925.4547 0:15:25 14196.08 104106.61 13620.01 13759.78 1.99 2.74 151.54 1411.10
homfam seatoxin 93 5 43.6344 54 42.6 65.7 64.0 8.2 8.3 159.9422 0:02:39 14598.53 104430.87 14101.96 14219.68 1.99 0.93 106.76 171.78
homfam mofe 2567 6 353.074 609 30.0 86.5 87.3 66.6 76.2 3126.7580 0:52:06 15072.45 104983.51 14839.60 14981.65 1.99 4.48 155.61 4872.19
homfam cyt3 385 6 92.3065 130 40.3 82.9 83.2 63.6 72.4 185.8263 0:03:05 15191.82 105105.32 14795.23 14935.06 1.99 1.16 116.36 217.78
homfam ins 793 6 65.2825 74 44.9 90.3 92.9 58.0 82.0 338.0965 0:05:38 15081.37 104907.36 14669.13 14775.12 1.99 1.08 145.08 500.40
homfam Ald_Xan_dh_2 2589 6 109.304 885 31.8 82.7 82.9 62.6 70.7 1815.0135 0:30:15 15129.63 104983.52 14604.51 14710.57 1.99 2.61 157.84 2868.86
homfam tms 2118 5 264.245 357 45.9 95.9 95.8 85.6 91.2 1414.9102 0:23:34 15074.40 104982.49 14703.65 14844.41 1.99 3.26 153.96 2185.59
homfam phc 2957 12 98.4711 179 37.2 93.9 94.7 73.2 77.3 504.9664 0:08:24 15099.32 105008.61 14868.07 15010.02 1.99 3.15 152.20 769.20
homfam cytb 3206 6 82.1454 100 35.6 89.9 90.2 71.7 79.8 723.0482 0:12:03 15147.79 105059.62 14712.67 14854.06 1.99 2.66 153.83 1123.55
homfam mmp 1427 6 157.93 180 55.1 95.5 96.4 87.0 92.1 746.3137 0:12:26 15175.50 105145.44 14794.91 15006.13 1.99 2.27 151.85 1141.10
homfam phoslip 946 18 113.33 137 48.9 95.9 95.7 76.5 86.9 261.2969 0:04:21 15071.65 104981.39 14678.99 14843.09 1.99 1.72 139.24 365.33
homfam HLH 6781 5 53.5453 92 28.1 82.2 86.1 51.2 69.5 530.3240 0:08:50 15137.36 104961.98 14703.34 14843.90 1.99 4.60 141.61 759.88
homfam myb_DNA-binding 10398 5 46.5583 61 40.7 94.6 94.2 80.4 86.0 410.5355 0:06:50 15155.21 105065.23 14742.91 14951.68 0.00 0.02 127.86 5.56
homfam msb 4884 8 106.037 158 26.6 86.1 88.0 60.7 73.3 442.1271 0:07:22 14070.65 103973.89 13579.92 13789.48 1.98 4.39 127.70 574.44
homfam ghf1 4358 8 403.813 562 38.4 91.6 92.6 71.8 79.8 3458.8112 0:57:38 8885.05 99830.80 8547.00 8687.42 0.00 0.43 152.36 5276.13
homfam rvp 93681 6 94.2886 132 36.6 79.6 79.6 52.3 58.9 1952.6264 0:32:32 8574.22 103439.37 8069.82 8200.25 1.99 58.90 114.84 2241.13
homfam lyase_1 7632 5 295.082 511 30.9 84.6 84.6 67.6 73.2 2550.0305 0:42:30 7634.82 103296.41 7131.94 7365.46 1.99 10.08 148.13 3777.89
homfam ldh 7367 14 121.378 371 31.9 90.2 89.8 61.6 71.1 1014.7241 0:16:54 15151.05 105062.05 14776.17 14882.38 1.99 7.38 146.50 1492.76
homfam subt 7517 11 301.598 414 39.5 77.8 83.4 31.1 40.6 7000.6285 1:56:40 7844.36 103043.95 7341.98 7575.39 1.98 12.25 169.36 11866.03
homfam sodfe 4455 8 77.4471 219 42.3 90.9 90.0 64.6 68.5 544.0346 0:09:04 15078.04 105048.71 14653.56 14771.23 1.99 3.61 144.34 786.80
homfam LIM 6428 5 57.0143 86 52.8 98.5 98.5 90.2 98.4 339.1700 0:05:39 15087.00 104986.98 14795.66 14936.06 1.99 3.99 116.29 395.98
homfam blm 9105 8 300.727 274 39.1 73.3 76.1 39.3 40.9 4005.0567 1:06:45 7912.91 103273.74 7456.11 7665.06 1.98 12.74 159.76 6404.65
homfam DMRL_synthase 2099 5 140.59 182 33.2 92.0 89.4 74.6 83.3 398.5415 0:06:38 15057.78 104881.50 14678.54 14818.92 1.99 2.39 116.85 467.04
homfam tRNA-synt_2b 11293 5 177.564 467 18.7 50.1 49.1 27.0 37.3 2273.6855 0:37:53 12267.86 103293.30 11811.44 12021.02 1.99 11.50 163.07 3709.23
homfam Stap_Strp_toxin 640 6 87.3922 254 32.5 83.4 82.6 52.3 58.5 414.0885 0:06:54 12474.62 102918.49 12001.13 12118.16 1.99 1.03 152.64 636.63
homfam Acetyltransf 46285 6 82.9897 229 24.1 65.2 65.4 33.3 43.2 3157.2296 0:52:37 10738.02 103225.33 10189.97 10331.23 1.97 34.21 168.45 5323.61
homfam ghf22 760 12 107.567 131 51.4 93.7 94.1 80.8 84.4 221.9607 0:03:41 15068.14 104981.35 14689.70 14830.23 1.99 1.15 118.14 263.76
homfam sdr 50157 13 163.253 361 23.3 73.5 77.3 23.7 30.7 3279.3248 0:54:39 8477.71 103300.29 7973.36 8103.29 1.97 55.30 136.98 4494.53
homfam ltn 1068 12 204.148 282 49.9 92.6 93.0 68.0 76.9 649.9583 0:10:49 15107.49 104931.38 14693.60 14834.33 1.99 1.84 145.76 955.77
homfam hpr 3349 5 83.0427 89 44.4 99.3 99.3 97.7 98.5 302.0458 0:05:02 15059.07 104947.64 14640.74 14804.35 1.99 2.61 118.35 359.03
homfam bowman 499 5 26.1443 73 64.9 94.5 94.5 82.9 84.9 148.7039 0:02:28 15068.43 104981.35 14693.94 14811.62 1.99 1.06 115.59 173.00
homfam hip 167 5 66.2096 88 33.4 86.7 85.7 63.1 74.8 177.5834 0:02:57 11978.33 101958.19 11498.65 11604.72 1.99 0.69 124.51 222.61
homfam HMG_box 4779 5 66.0716 89 24.8 93.2 93.5 77.8 86.0 292.6402 0:04:52 14334.68 104297.44 13832.11 14042.59 1.99 4.77 133.18 390.72
homfam icd 5678 5 328.887 433 41.7 94.2 94.7 84.3 87.0 3320.9729 0:55:20 14378.84 104261.38 13857.60 14021.74 1.99 8.50 156.58 5209.55
homfam peroxidase 4514 5 256.626 383 37.3 81.3 82.7 53.0 57.0 2870.2673 0:47:50 13709.22 103599.62 13229.90 13347.57 1.99 6.54 170.12 4889.64
homfam asp 3262 13 284.142 381 37.5 91.8 92.1 73.5 79.4 2126.3445 0:35:26 15065.30 104983.62 14658.84 14764.28 1.99 5.85 153.49 3268.84
homfam flav 4612 6 138.021 183 35.0 80.8 81.2 50.9 52.4 994.1348 0:16:34 15058.61 104885.69 14732.21 14941.08 1.99 4.36 149.88 1498.25
homfam cah 1379 5 212.706 279 38.7 88.4 89.3 67.9 75.8 700.8502 0:11:40 15100.22 105007.44 14673.04 14790.70 1.99 2.11 148.62 1045.61
homfam ace 3989 6 427.824 601 37.3 87.9 88.9 69.0 76.1 4506.4618 1:15:06 14235.13 104060.01 13730.91 13848.37 1.98 8.09 154.67 6972.30
homfam sti 613 5 165.383 198 36.4 88.4 88.4 68.5 76.4 269.7934 0:04:29 15120.17 105032.33 14751.73 14892.27 1.99 1.40 130.90 354.67
homfam aat 25100 10 337.807 476 28.6 83.1 83.9 51.7 58.3 6352.0121 1:45:52 10040.25 103282.69 9528.66 9668.50 1.98 36.72 142.19 9036.44
homfam oxidored_q6 3348 5 123.044 285 56.7 89.8 92.1 82.3 83.6 791.5210 0:13:11 15073.46 104983.63 14678.84 14819.51 1.99 4.99 151.58 1208.74
homfam hormone_rec 3509 5 188.562 308 21.5 77.4 77.8 53.7 68.6 1147.7017 0:19:07 15072.31 104983.62 14667.98 14877.53 1.99 4.80 147.34 1699.41
homfam rhv 17976 6 143.424 938 33.1 66.8 73.6 37.7 47.5 11057.8965 3:04:17 8618.61 102953.85 8164.09 8373.17 13.99 15.44 153.98 17036.80
homfam tgfb 1606 8 95.4645 118 43.8 84.9 89.1 40.2 49.2 250.7267 0:04:10 15157.37 104982.48 14623.92 14729.74 1.99 1.96 122.20 307.81
homfam cryst 1160 7 80.8078 192 44.4 91.5 91.4 71.3 73.9 284.8027 0:04:44 15116.16 105095.39 14765.94 14837.24 1.99 1.26 128.38 366.71
homfam cyclo 6288 6 159.069 203 44.1 88.7 91.2 75.1 79.8 1469.9538 0:24:29 13352.20 103325.18 12856.71 12962.37 1.99 7.23 153.98 2273.43
homfam kunitz 2266 10 53.752 64 37.9 98.6 98.6 93.3 92.9 207.4260 0:03:27 15069.39 104983.48 14704.58 14867.52 1.99 1.88 126.12 262.62
homfam Rhodanese 14049 6 102.277 216 22.7 69.7 79.1 49.5 48.4 1300.5927 0:21:40 14117.86 103942.54 13751.70 13892.19 1.98 11.43 157.67 2051.34
homfam sodcu 2038 7 141.322 169 42.2 90.4 91.1 76.5 79.9 424.3245 0:07:04 14983.15 104808.41 14428.29 14534.27 1.99 2.32 118.77 510.42
homfam profilin 687 5 123.371 144 39.7 92.0 92.0 82.0 82.7 253.7727 0:04:13 15132.02 104956.36 14721.78 14838.72 1.99 1.43 122.81 313.22
homfam glob 3983 41 100.684 174 31.7 94.5 94.4 65.9 69.8 411.3554 0:06:51 15066.25 104984.67 14645.43 14762.81 1.99 5.51 124.95 521.20
homfam tim 3904 10 205.645 260 47.5 97.4 97.5 91.1 94.2 1264.7617 0:21:04 15075.57 104983.68 14686.12 14895.87 1.99 6.89 144.85 1841.78
homfam uce 4558 13 134.701 184 34.0 90.2 91.6 64.5 71.5 679.5115 0:11:19 15127.99 105035.70 14874.58 15015.02 1.99 4.19 153.92 1054.22
homfam toxin 508 20 62.311 78 43.1 88.0 86.1 51.9 59.9 158.3247 0:02:38 14888.02 104845.24 14402.97 14551.43 1.99 1.13 105.33 168.32
homfam rub 1435 5 46.1575 54 62.1 98.4 98.4 92.6 93.5 155.2029 0:02:35 15157.45 104981.44 14762.38 14902.99 1.99 1.26 113.35 177.44
homfam hom 12037 8 53.4951 98 35.3 92.9 93.3 68.1 84.7 416.9534 0:06:56 15141.83 104966.60 14763.36 14972.24 1.99 6.70 133.53 562.76
homfam biotin_lipoyl 11833 7 71.8928 112 28.9 95.0 93.4 76.5 82.3 408.3755 0:06:48 15177.87 105091.60 14800.29 14906.16 1.99 8.01 120.62 494.07
homfam cys 4316 13 198.11 284 40.5 93.7 93.0 66.0 78.4 1176.3272 0:19:36 15072.83 104984.72 14834.22 14974.59 1.99 13.44 154.72 1819.04
homfam ghf11 521 5 167.758 202 49.5 92.6 92.4 82.3 83.5 387.0702 0:06:27 13153.22 103004.10 12625.97 12743.44 1.99 1.21 145.44 564.45
homfam blmb 17200 6 192.465 344 20.6 70.4 73.0 44.4 55.3 4234.7084 1:10:34 12221.76 102998.66 11704.88 11810.90 1.98 19.16 168.75 7154.21
homfam aadh 3127 8 225.129 542 38.2 85.9 89.0 52.8 58.2 1557.8961 0:25:57 15084.38 105010.62 14638.94 14847.72 1.99 4.28 156.18 2431.57
homfam DEATH 1183 7 80.5689 159 19.6 80.4 82.5 60.5 67.5 259.2293 0:04:19 15070.62 104981.39 14672.53 14789.58 0.00 0.02 126.46 4.72
homfam Sulfotransfer 2489 5 235.798 381 26.2 74.4 76.2 47.0 56.5 1804.7909 0:30:04 15075.56 105047.50 14704.86 14914.46 1.99 3.86 160.65 2909.44
homfam serpin 3144 8 291.462 418 34.3 96.3 95.5 85.4 91.5 1889.4526 0:31:29 13331.66 103156.94 12845.42 13054.30 1.99 4.47 156.80 2967.06
homfam proteasome 5732 17 174.347 309 21.7 84.6 82.6 40.7 60.8 1187.4923 0:19:47 15061.79 104885.90 14633.29 14841.98 1.99 5.79 120.48 1440.15
homfam zf-CCHH 88345 15 23.2513 39 35.5 95.7 95.8 85.7 89.3 1162.6063 0:19:22 10481.08 100304.89 10141.58 10281.75 1.94 41.73 111.75 1300.26
homfam egf 7774 12 32.0765 71 31.1 74.4 75.7 29.4 29.1 284.6387 0:04:44 15080.16 105051.05 14820.17 14915.08 1.98 4.71 118.20 337.38
homfam annexin 3139 6 65.1902 323 57.2 99.3 99.8 98.7 98.7 605.1950 0:10:05 15116.15 105033.61 14733.90 14944.00 1.99 2.63 151.94 920.98
homfam OTCace 4795 5 157.005 350 37.3 96.0 96.4 88.7 90.5 901.6645 0:15:01 14960.54 104785.60 14594.23 14734.57 1.99 5.06 142.09 1289.20
homfam rnasemam 498 6 120.072 141 42.2 91.7 89.0 67.9 79.6 206.0164 0:03:26 15093.11 105044.34 14601.82 14719.66 1.99 1.03 128.52 266.29
homfam adh 21331 5 123.64 375 63.9 98.4 98.5 95.7 96.1 1961.2120 0:32:41 15115.92 105026.23 14714.30 14820.50 1.98 18.83 143.46 2821.69
homfam il8 1073 11 63.7623 81 34.5 92.1 91.5 70.1 78.7 194.5009 0:03:14 11515.57 103065.34 11049.91 11190.52 1.99 1.11 108.80 213.15
homfam hr 3707 5 65.1513 82 53.3 98.3 98.7 93.7 98.3 317.5408 0:05:17 14841.15 104734.47 14329.38 14435.47 1.99 2.50 108.92 347.28
homfam ChtBD 774 5 38.2713 45 59.3 99.3 99.0 95.3 97.1 151.1499 0:02:31 15073.36 104981.36 14686.03 14803.79 1.99 0.95 111.23 169.16
homfam gluts 10099 14 98.1117 235 39.4 89.4 89.8 63.9 67.0 1699.7911 0:28:19 15118.96 105041.19 14735.50 14853.15 1.98 8.23 158.64 2704.27
homfam ghf5 2717 6 260.466 470 17.8 66.9 68.2 36.2 50.6 1799.1074 0:29:59 15059.16 104884.54 14784.31 14924.70 1.99 4.14 160.62 2896.12
homfam ghf13 12607 10 264.452 626 26.8 63.3 63.7 28.0 37.6 5754.1755 1:35:54 7952.09 103289.10 7628.05 7751.38 9.99 16.76 167.16 9629.72
homfam PDZ 14950 6 80.8907 110 30.6 88.6 88.1 74.7 77.7 789.6946 0:13:09 15084.14 104994.82 14707.70 14813.49 1.98 11.18 131.95 1051.16
homfam az 1086 29 100.416 215 33.4 75.1 75.7 41.3 44.3 284.2576 0:04:44 15067.62 104982.36 14668.47 14809.60 1.99 1.36 126.17 360.20
homfam hla 13465 5 153.148 178 76.5 99.7 100.0 99.4 99.4 927.2168 0:15:27 13694.25 103606.37 13238.25 13344.20 1.99 13.59 115.83 1076.37
homfam slectin 932 5 133.052 142 33.3 94.8 94.9 86.1 90.3 485.8048 0:08:05 15071.49 104981.38 14669.17 14879.42 1.99 1.87 146.16 708.49
homfam GEL 2195 5 78.1157 150 23.7 65.0 65.0 37.0 51.9 307.2412 0:05:07 15089.29 104983.50 14637.60 14800.51 1.99 1.90 118.58 369.74
homfam kringle 1091 9 75.9138 100 43.3 94.4 94.0 77.5 80.9 205.0395 0:03:25 15095.20 105007.37 14677.52 14794.89 1.99 1.54 128.46 264.84
homfam p450 21013 12 331.506 512 20.8 80.5 80.5 44.7 55.7 9774.8220 2:42:54 15129.30 105006.54 14627.28 14836.16 1.98 32.41 151.92 14850.87
homfam gpdh 7691 8 129.082 360 55.1 96.2 96.2 88.8 91.4 1056.5684 0:17:36 15088.37 104913.03 14744.84 14861.89 1.99 8.09 139.49 1476.18
homfam int 7572 5 168.037 219 22.5 82.6 84.3 58.9 65.6 1426.9406 0:23:46 15061.57 104888.03 14617.84 14826.78 1.98 8.15 154.31 2210.93
homfam KAS 2070 6 174.528 404 31.7 78.4 82.7 53.8 61.5 746.9086 0:12:26 15090.03 105047.46 14604.61 14767.56 1.99 2.68 142.13 1065.94
homfam trfl 837 7 242.315 702 61.9 94.2 95.1 87.2 86.9 1452.4976 0:24:12 15093.38 105007.37 14727.60 14845.10 1.99 1.62 159.62 2325.49
homfam TNF 556 5 119.903 176 32.0 79.9 80.3 66.2 71.0 221.8260 0:03:41 12875.39 102921.92 12375.07 12481.29 1.99 0.98 117.72 262.23
homfam scorptoxin 363 8 53.2562 74 46.3 89.4 89.4 71.2 77.0 143.1098 0:02:23 15070.12 105044.30 14675.58 14838.54 1.99 0.75 118.91 171.77
homfam aldosered 13277 7 268.547 386 41.6 85.5 88.4 67.7 74.7 3757.0840 1:02:37 12557.21 103758.45 12039.08 12248.72 1.98 18.36 151.09 5678.41
homfam rrm 27610 20 67.4587 157 22.9 86.8 87.0 22.5 30.7 740.6880 0:12:20 13368.93 103256.09 12875.96 13015.77 1.98 18.32 124.43 923.11
