homfam ricin 747 7 198.708 281 37.5 92.0 92.0 77.7 85.3 565.2869 0:09:25 6875.40 99174.83 6437.81 6567.79 1.99 3.27 154.18 874.47
homfam ghf10 1502 5 220.34 364 43.3 93.8 93.7 80.2 86.0 2387.3104 0:39:47 7079.05 102960.58 6713.13 6800.75 1.99 2.86 172.66 4127.55
homfam seatoxin 93 5 43.6344 54 42.6 65.3 63.2 6.1 6.9 144.7728 0:02:24 6423.57 101994.14 6058.43 6141.93 1.99 0.97 127.33 185.89
homfam mofe 2567 6 353.074 609 30.0 83.7 85.5 66.4 72.1 4426.0649 1:13:46 7443.57 103194.56 6967.61 7110.15 1.99 4.18 166.84 7384.72
homfam cyt3 385 6 92.3065 130 40.3 82.2 82.1 63.6 71.8 209.6040 0:03:29 6744.71 101561.75 6379.48 6475.75 1.99 0.91 132.95 280.27
homfam ins 793 6 65.2825 74 44.9 94.6 94.6 73.9 90.6 378.5355 0:06:18 6804.81 98079.60 6328.55 6467.29 1.99 1.15 162.49 617.88
homfam Ald_Xan_dh_2 2589 6 109.304 885 31.8 83.9 83.7 64.7 73.0 2153.6638 0:35:53 6580.60 103233.59 6215.43 6326.63 1.99 2.72 168.87 3638.25
homfam tms 2118 5 264.245 357 45.9 95.9 95.5 84.6 91.0 1718.8570 0:28:38 7027.89 103182.80 6572.86 6691.11 1.99 3.29 158.36 2731.40
homfam phc 2957 12 98.4711 179 37.2 93.2 93.7 78.2 81.8 501.2021 0:08:21 6945.60 102919.15 6469.56 6608.43 1.99 3.00 155.92 787.25
homfam cytb 3206 6 82.1454 100 35.6 93.3 93.3 76.1 82.8 804.2265 0:13:24 6667.13 102923.61 6191.33 6330.09 1.99 2.68 158.02 1278.36
homfam mmp 1427 6 157.93 180 55.1 96.1 96.7 87.6 92.7 813.5250 0:13:33 6944.20 99912.15 6468.04 6606.80 1.99 2.30 158.52 1292.79
homfam phoslip 946 18 113.33 137 48.9 94.4 94.1 70.6 80.1 277.6501 0:04:37 6660.45 96284.89 6294.92 6391.07 1.99 1.35 135.94 378.54
homfam HLH 6781 5 53.5453 92 28.1 87.4 90.0 65.5 77.1 602.5835 0:10:02 6725.83 99909.91 6359.99 6443.53 1.99 4.17 157.34 958.22
homfam myb_DNA-binding 10398 5 46.5583 61 40.7 94.4 93.3 78.6 84.0 476.7852 0:07:56 6703.25 102938.96 6334.86 6430.87 1.98 6.27 133.46 643.65
homfam msb 4884 8 106.037 158 26.6 87.2 87.8 61.4 74.2 489.1208 0:08:09 7026.57 103052.48 6550.84 6689.69 1.98 4.79 148.13 731.50
homfam ghf1 4358 8 403.813 562 38.4 92.2 92.3 71.6 80.3 5514.0480 1:31:54 8131.10 99591.64 7656.60 7851.45 1.99 7.73 162.75 8977.64
homfam rvp 93681 6 94.2886 132 36.6 79.4 79.6 50.5 56.8 1551.2952 0:25:51 9409.17 103055.89 9043.55 9139.16 1.99 58.83 145.22 2254.45
homfam lyase_1 7632 5 295.082 511 30.9 84.0 84.0 67.4 71.5 3359.6770 0:55:59 7631.80 103244.58 7266.41 7350.02 1.99 10.26 157.13 5280.01
homfam ldh 7367 14 121.378 371 31.9 88.9 88.4 58.4 70.3 1224.2286 0:20:24 7078.87 101960.65 6602.69 6741.59 1.99 7.13 157.97 1935.36
homfam subt 7517 11 301.598 414 39.5 78.8 80.6 33.7 47.4 10924.6727 3:02:04 8178.52 102989.90 7812.48 7923.72 1.98 11.68 174.56 19074.13
homfam sodfe 4455 8 77.4471 219 42.3 91.3 90.4 65.6 69.1 666.3926 0:11:06 6690.56 103042.26 6325.01 6412.12 1.99 3.38 155.95 1040.73
homfam LIM 6428 5 57.0143 86 52.8 97.9 97.9 87.8 95.8 328.9029 0:05:28 6758.23 99912.13 6392.41 6475.97 1.99 3.83 132.96 438.84
homfam blm 9105 8 300.727 274 39.1 50.3 56.5 19.5 20.3 5298.9101 1:28:18 8138.40 103003.65 7662.92 7829.06 1.98 12.89 164.26 8709.85
homfam DMRL_synthase 2099 5 140.59 182 33.2 92.6 89.7 74.6 83.3 424.0505 0:07:04 6942.86 102922.09 6466.86 6605.63 1.99 2.30 130.40 554.48
homfam tRNA-synt_2b 11293 5 177.564 467 18.7 51.6 49.3 26.7 37.7 3067.8956 0:51:07 7730.01 103122.97 7364.38 7475.07 1.99 11.96 168.54 5179.92
homfam Stap_Strp_toxin 640 6 87.3922 254 32.5 81.0 80.2 47.7 53.9 597.2602 0:09:57 6772.20 102918.58 6546.46 6636.68 1.99 1.04 160.89 968.09
homfam Acetyltransf 46285 6 82.9897 229 24.1 62.5 62.4 30.7 39.5 3279.3515 0:54:39 8570.89 99955.64 8096.38 8316.09 1.97 63.73 181.61 5956.16
homfam ghf22 760 12 107.567 131 51.4 93.4 93.7 76.9 79.7 281.4040 0:04:41 6668.02 99913.64 6302.29 6406.24 1.99 1.17 133.98 378.64
homfam sdr 50157 13 163.253 361 23.3 76.5 76.6 32.2 41.6 3041.6889 0:50:41 9057.64 103250.15 8581.35 8705.75 1.96 55.76 153.84 4678.66
homfam ltn 1068 12 204.148 282 49.9 93.5 94.1 70.4 79.2 877.7571 0:14:37 6798.47 101958.69 6410.80 6494.26 1.99 1.83 139.85 1229.07
homfam hpr 3349 5 83.0427 89 44.4 99.3 99.3 97.7 98.5 316.3938 0:05:16 6739.41 102922.15 6373.99 6467.27 1.99 2.68 133.05 422.36
homfam bowman 499 5 26.1443 73 64.9 94.5 94.5 82.9 84.9 161.9946 0:02:41 6544.16 102918.50 6228.23 6370.17 1.99 1.09 114.44 186.91
homfam hip 167 5 66.2096 88 33.4 87.6 86.6 64.3 76.3 158.4007 0:02:38 6545.77 96134.63 6180.32 6299.71 1.99 0.70 116.69 186.17
homfam HMG_box 4779 5 66.0716 89 24.8 97.3 96.2 85.2 93.9 271.8197 0:04:31 6636.34 102920.79 6270.76 6354.37 1.99 3.22 138.63 378.25
homfam icd 5678 5 328.887 433 41.7 94.0 94.2 83.2 86.5 3995.1339 1:06:35 7727.73 103300.62 7252.18 7417.49 1.99 8.21 160.69 6425.22
homfam peroxidase 4514 5 256.626 383 37.3 74.4 77.3 41.0 44.9 3338.5768 0:55:38 7345.68 103121.46 6980.34 7064.02 1.99 6.54 170.24 5689.19
homfam asp 3262 13 284.142 381 37.5 90.4 90.7 71.4 77.7 3158.1589 0:52:38 7455.03 103080.49 6979.23 7117.96 1.99 5.30 160.13 5064.44
homfam flav 4612 6 138.021 183 35.0 83.7 84.0 61.7 63.2 1109.3194 0:18:29 6919.20 99913.17 6553.73 6664.95 1.99 4.59 163.43 1820.44
homfam cah 1379 5 212.706 279 38.7 86.4 87.7 63.5 73.4 1001.0517 0:16:41 7026.45 102987.38 6550.55 6670.95 1.99 2.06 157.85 1581.74
homfam ace 3989 6 427.824 601 37.3 85.4 86.5 67.0 74.1 6695.6401 1:51:35 8233.98 103327.90 7758.18 7878.57 1.98 10.57 165.51 11088.24
homfam sti 613 5 165.383 198 36.4 88.3 87.7 69.0 76.4 333.6385 0:05:33 6881.32 99912.12 6515.97 6599.48 1.99 1.18 140.33 469.27
homfam aat 25100 10 337.807 476 28.6 69.8 70.9 29.7 34.3 8856.3848 2:27:36 9797.19 103094.64 9430.48 9514.60 1.98 36.15 159.24 14103.84
homfam oxidored_q6 3348 5 123.044 285 56.7 92.1 92.6 83.5 85.1 888.0900 0:14:48 6862.12 99912.33 6496.40 6580.02 1.99 3.14 159.27 1422.58
homfam hormone_rec 3509 5 188.562 308 21.5 70.6 71.7 44.1 56.6 1543.8399 0:25:43 7149.22 98502.61 6783.96 6867.45 1.99 6.66 159.22 2458.73
homfam rhv 17976 6 143.424 938 33.1 43.7 52.1 3.1 3.9 13203.3198 3:40:03 7469.02 102925.03 7103.58 7214.56 2.11 40.84 169.09 22326.48
homfam tgfb 1606 8 95.4645 118 43.8 82.4 85.4 29.9 37.3 259.6142 0:04:19 6745.61 101994.25 6269.91 6408.59 1.99 1.97 144.40 376.32
homfam cryst 1160 7 80.8078 192 44.4 91.2 90.9 70.2 72.6 294.2947 0:04:54 6719.44 102923.46 6243.95 6393.81 1.99 1.29 147.91 436.31
homfam cyclo 6288 6 159.069 203 44.1 90.3 91.7 79.9 82.7 1578.7256 0:26:18 7319.30 98761.59 6954.32 7037.66 0.00 0.79 161.36 2554.99
homfam kunitz 2266 10 53.752 64 37.9 97.5 97.5 88.3 87.5 220.1801 0:03:40 6632.82 99046.16 6267.47 6361.94 1.99 3.82 129.07 285.68
homfam Rhodanese 14049 6 102.277 216 22.7 73.6 75.7 51.0 54.4 1637.3576 0:27:17 7091.70 102979.85 6615.85 6790.49 1.98 11.67 162.99 2672.25
homfam sodcu 2038 7 141.322 169 42.2 87.5 88.4 65.7 73.7 406.3352 0:06:46 6997.57 102961.89 6631.87 6715.42 1.99 2.36 134.83 549.41
homfam profilin 687 5 123.371 144 39.7 93.8 94.2 85.9 86.8 283.2261 0:04:43 6901.09 99909.50 6536.04 6656.12 1.99 1.17 133.19 378.69
homfam glob 3983 41 100.684 174 31.7 94.4 94.1 69.4 72.6 454.5024 0:07:34 6881.11 99912.11 6405.36 6544.12 1.99 3.35 150.39 692.30
homfam tim 3904 10 205.645 260 47.5 98.0 97.9 93.1 96.2 1460.4277 0:24:20 7118.87 103222.15 6643.00 6785.91 1.99 5.01 157.63 2303.40
homfam uce 4558 13 134.701 184 34.0 90.0 88.8 55.4 64.2 553.8718 0:09:13 6989.64 103050.40 6514.42 6653.06 1.99 4.54 147.88 825.60
homfam toxin 508 20 62.311 78 43.1 91.8 89.9 63.6 73.2 176.6342 0:02:56 6588.11 99910.37 6271.87 6384.94 1.99 1.17 132.86 236.39
homfam rub 1435 5 46.1575 54 62.1 99.2 99.2 96.3 96.7 222.3612 0:03:42 6494.44 102919.88 6018.77 6185.27 1.99 1.31 117.69 263.12
homfam hom 12037 8 53.4951 98 35.3 93.7 93.4 66.7 82.9 382.2619 0:06:22 6725.23 103002.04 6359.66 6455.92 1.99 7.06 146.94 562.73
homfam biotin_lipoyl 11833 7 71.8928 112 28.9 94.7 94.9 78.8 83.1 411.3986 0:06:51 6842.27 99914.70 6366.72 6509.51 1.99 10.51 141.56 583.79
homfam cys 4316 13 198.11 284 40.5 94.2 93.5 65.3 80.6 1337.0222 0:22:17 7201.23 103118.96 6725.23 6845.60 1.99 6.01 162.06 2174.51
homfam ghf11 521 5 167.758 202 49.5 93.2 92.8 81.8 83.5 521.4128 0:08:41 6818.64 102922.19 6414.80 6526.10 1.99 1.17 144.61 755.53
homfam blmb 17200 6 192.465 344 20.6 66.0 68.0 40.7 48.6 4745.2915 1:19:05 8017.90 103234.85 7651.89 7763.05 1.98 18.68 173.34 8234.42
homfam aadh 3127 8 225.129 542 38.2 85.1 85.4 53.1 59.2 2225.7934 0:37:05 7013.70 103200.14 6537.67 6687.82 1.99 4.16 163.03 3634.72
homfam DEATH 1183 7 80.5689 159 19.6 73.1 73.4 44.4 45.5 332.5298 0:05:32 6765.75 99913.12 6400.68 6505.26 1.99 1.70 118.83 396.23
homfam Sulfotransfer 2489 5 235.798 381 26.2 72.8 73.6 42.9 51.7 2492.3001 0:41:32 7100.07 103186.67 6646.21 6763.01 1.99 4.18 168.47 4198.63
homfam serpin 3144 8 291.462 418 34.3 95.5 94.9 82.4 88.7 2957.7556 0:49:17 7434.39 103188.09 7069.11 7182.76 1.99 5.01 159.60 4727.19
homfam proteasome 5732 17 174.347 309 21.7 83.4 80.8 33.4 50.1 1217.9010 0:20:17 7073.99 101958.66 6633.24 6744.57 1.99 5.84 156.11 1908.72
homfam zf-CCHH 88345 15 23.2513 39 35.5 97.1 96.5 88.6 93.0 775.4765 0:12:55 7428.54 103225.68 7063.18 7228.14 1.95 42.26 135.61 1053.17
homfam egf 7774 12 32.0765 71 31.1 78.3 77.7 35.3 39.3 270.1339 0:04:30 6597.85 103092.13 6121.97 6264.83 1.98 4.48 137.44 372.76
homfam annexin 3139 6 65.1902 323 57.2 99.6 99.8 99.4 99.4 633.5878 0:10:33 6704.21 97959.64 6227.64 6370.07 1.99 2.35 160.06 1015.74
homfam OTCace 4795 5 157.005 350 37.3 95.3 95.7 86.9 89.9 1082.5453 0:18:02 6967.09 103135.93 6491.52 6611.94 1.99 6.88 159.81 1736.52
homfam rnasemam 498 6 120.072 141 42.2 91.7 88.7 67.9 79.6 238.3781 0:03:58 6826.98 96366.57 6461.63 6557.97 1.99 1.33 138.52 331.21
homfam adh 21331 5 123.64 375 63.9 37.1 56.6 9.9 9.9 2013.3967 0:33:33 7469.68 103183.05 7104.54 7269.42 1.98 18.79 159.34 3215.66
homfam il8 1073 11 63.7623 81 34.5 89.3 88.8 59.7 68.9 215.8347 0:03:35 6614.21 102919.58 6138.25 6311.77 1.99 1.13 131.68 285.71
homfam hr 3707 5 65.1513 82 53.3 99.1 99.1 94.9 99.1 290.5412 0:04:50 6651.93 99912.13 6176.07 6314.79 1.99 3.93 149.19 434.86
homfam ChtBD 774 5 38.2713 45 59.3 99.3 99.0 95.3 97.1 172.3659 0:02:52 6469.58 99908.38 6104.73 6200.38 1.99 1.30 135.45 234.96
homfam gluts 10099 14 98.1117 235 39.4 52.9 55.2 23.6 26.3 2050.5759 0:34:10 7083.11 99913.05 6606.92 6745.79 1.98 8.11 167.79 3449.03
homfam ghf5 2717 6 260.466 470 17.8 66.5 67.3 35.7 50.2 2751.2890 0:45:51 7221.59 103295.84 6745.60 6884.33 1.99 7.69 164.43 4522.58
homfam ghf13 12607 10 264.452 626 26.8 63.6 62.7 23.6 32.6 7060.5624 1:57:40 8371.05 103274.88 8005.46 8170.41 1.99 41.14 173.84 12273.70
homfam PDZ 14950 6 80.8907 110 30.6 89.1 89.0 75.8 78.9 913.5410 0:15:13 7200.44 102983.67 6835.02 6918.56 1.98 10.77 146.19 1342.01
homfam az 1086 29 100.416 215 33.4 73.7 73.4 39.7 42.0 308.7505 0:05:08 6811.75 102918.70 6335.95 6502.42 1.99 1.44 139.78 441.48
homfam hla 13465 5 153.148 178 76.5 100.0 100.0 100.0 100.0 870.3012 0:14:30 7891.83 103365.38 7526.56 7693.13 1.99 13.52 149.53 1308.24
homfam slectin 932 5 133.052 142 33.3 94.6 94.4 86.1 89.7 542.7509 0:09:02 6813.07 102918.38 6447.58 6531.10 1.99 1.37 147.52 808.57
homfam GEL 2195 5 78.1157 150 23.7 68.6 68.4 39.0 54.0 332.8999 0:05:32 6855.39 101958.67 6489.90 6601.18 1.99 1.97 146.07 494.51
homfam kringle 1091 9 75.9138 100 43.3 94.6 93.7 77.5 80.9 307.6203 0:05:07 6622.00 102996.53 6146.15 6320.04 1.99 1.60 117.54 363.07
homfam p450 21013 12 331.506 512 20.8 70.9 71.0 35.5 44.0 7929.6075 2:12:09 9943.91 101415.75 9579.67 9744.32 0.00 0.44 160.47 12732.39
homfam gpdh 7691 8 129.082 360 55.1 96.2 96.1 88.3 91.0 1282.6409 0:21:22 7082.17 103292.63 6606.36 6828.20 1.99 7.63 151.48 1943.74
homfam int 7572 5 168.037 219 22.5 87.0 87.8 69.3 75.3 1765.0692 0:29:25 7255.03 103285.18 6778.89 6945.49 1.98 7.86 165.31 2920.93
homfam KAS 2070 6 174.528 404 31.7 87.2 87.0 70.5 75.1 952.9130 0:15:52 7040.73 99912.15 6564.50 6684.94 1.99 2.62 154.00 1468.86
homfam trfl 837 7 242.315 702 61.9 93.3 94.3 84.3 83.8 1843.9489 0:30:43 7197.33 99912.14 6831.70 6915.24 1.99 1.56 163.31 3012.27
homfam TNF 556 5 119.903 176 32.0 83.3 83.0 63.1 68.7 279.8557 0:04:39 6806.53 102938.64 6330.61 6469.38 1.99 1.32 135.51 380.73
homfam scorptoxin 363 8 53.2562 74 46.3 91.2 90.5 72.6 81.2 148.7606 0:02:28 6542.61 99909.32 6177.59 6264.75 1.99 0.78 122.02 183.25
homfam aldosered 13277 7 268.547 386 41.6 86.1 88.8 67.4 74.3 4298.3925 1:11:38 8374.58 103310.89 8010.12 8175.04 1.98 18.74 162.45 6987.40
homfam rrm 27610 20 67.4587 157 22.9 82.5 81.8 15.3 22.6 752.6401 0:12:32 7199.18 103119.14 6833.56 6944.27 1.98 17.85 148.51 1119.18
