homfam ricin 747 7 198.708 281 37.5 90.4 90.6 74.7 82.7 803.0005 0:13:23 8054.68 99227.85 7688.82 7800.24 1.99 1.38 123.53 997.23
homfam ghf10 1502 5 220.34 364 43.3 94.3 94.3 82.7 88.6 1520.5572 0:25:20 8266.46 99926.50 7901.13 7984.81 1.99 2.88 154.86 2361.99
homfam seatoxin 93 5 43.6344 54 42.6 81.7 83.6 53.1 54.6 326.0466 0:05:26 7313.91 97148.43 6948.01 7048.15 1.99 0.94 90.29 295.79
homfam mofe 2567 6 353.074 609 30.0 86.0 87.9 69.8 76.0 3045.4721 0:50:45 9492.94 101065.84 9016.46 9170.58 1.99 4.17 161.16 4917.92
homfam cyt3 385 6 92.3065 130 40.3 77.9 78.6 57.6 65.5 401.5329 0:06:41 7807.48 97669.63 7441.62 7552.97 1.99 1.19 83.09 335.20
homfam ins 793 6 65.2825 74 44.9 94.3 93.2 66.7 89.9 532.2092 0:08:52 7701.99 99230.96 7225.72 7364.53 1.99 1.42 124.21 671.07
homfam Ald_Xan_dh_2 2589 6 109.304 885 31.8 82.6 82.4 62.0 70.4 3804.7504 1:03:24 7822.04 99521.37 7345.14 7510.55 1.99 2.76 162.66 6197.92
homfam tms 2118 5 264.245 357 45.9 96.4 96.0 86.3 91.5 1773.1594 0:29:33 8781.57 101265.13 8416.46 8564.63 1.99 3.29 160.63 2858.13
homfam phc 2957 12 98.4711 179 37.2 71.2 93.4 38.5 41.6 909.8674 0:15:09 7891.87 99512.34 7416.21 7574.45 1.99 3.01 126.79 1160.46
homfam cytb 3206 6 82.1454 100 35.6 84.3 84.7 53.3 58.5 1185.7969 0:19:45 7804.54 99459.84 7439.48 7587.73 25.99 4.82 155.44 1840.64
homfam mmp 1427 6 157.93 180 55.1 96.3 97.1 87.6 93.3 1060.4606 0:17:40 8103.69 99681.52 7627.10 7738.08 1.99 1.95 145.32 1551.08
homfam phoslip 946 18 113.33 137 48.9 93.2 93.3 68.4 78.4 497.1075 0:08:17 7783.21 97551.54 7306.79 7427.24 1.99 1.61 90.79 452.74
homfam HLH 6781 5 53.5453 92 28.1 89.0 92.6 65.5 77.1 878.8852 0:14:38 7807.47 99279.03 7331.65 7535.19 1.99 4.03 130.26 1152.78
homfam myb_DNA-binding 10398 5 46.5583 61 40.7 94.4 93.3 78.6 84.0 648.6731 0:10:48 7750.19 99450.39 7274.55 7432.72 1.98 6.35 115.20 750.88
homfam msb 4884 8 106.037 158 26.6 85.7 88.1 59.3 73.2 581.0810 0:09:41 7768.77 97552.45 7292.18 7412.70 1.98 4.38 119.35 694.85
homfam ghf1 4358 8 403.813 562 38.4 93.3 93.4 75.1 83.7 4956.1680 1:22:36 10015.64 104785.64 9539.47 9699.40 73.99 8.11 163.89 8130.27
homfam rvp 93681 6 94.2886 132 36.6 80.9 81.7 50.5 56.8 1785.0028 0:29:45 8606.96 98307.66 8131.03 8251.16 1.99 58.14 140.18 2504.18
homfam lyase_1 7632 5 295.082 511 30.9 79.2 79.1 60.4 63.8 3219.0774 0:53:39 8753.94 100472.09 8690.02 8716.18 1.99 10.45 160.44 5172.65
homfam ldh 7367 14 121.378 371 31.9 90.5 89.6 60.8 72.5 1589.5569 0:26:29 8108.89 97854.61 7742.69 7909.43 0.00 0.02 147.54 10.63
homfam subt 7517 11 301.598 414 39.5 77.2 78.9 34.4 44.3 9712.5795 2:41:52 8949.64 100426.36 8584.46 8749.08 217.98 45.82 173.64 16867.19
homfam sodfe 4455 8 77.4471 219 42.3 90.1 89.3 65.1 68.9 823.5201 0:13:43 7753.55 97487.12 7276.88 7443.16 1.99 3.33 144.87 1194.50
homfam LIM 6428 5 57.0143 86 52.8 96.6 96.6 85.4 92.6 521.1858 0:08:41 7624.11 97349.83 7257.93 7361.34 1.99 3.95 117.60 614.50
homfam blm 9105 8 300.727 274 39.1 45.1 50.9 15.4 16.0 4513.4839 1:15:13 9327.98 101055.09 8850.66 8989.69 21.98 12.76 167.37 7565.90
homfam DMRL_synthase 2099 5 140.59 182 33.2 93.0 90.2 74.6 83.3 710.5964 0:11:50 8011.09 97841.01 7557.15 7672.92 61.99 2.29 107.49 766.75
homfam tRNA-synt_2b 11293 5 177.564 467 18.7 47.1 48.6 18.6 26.2 3002.6410 0:50:02 8420.03 99970.04 7944.32 8082.79 1.99 12.83 171.83 5159.91
homfam Stap_Strp_toxin 640 6 87.3922 254 32.5 83.2 82.6 51.9 58.6 639.4979 0:10:39 7879.31 97651.30 7402.72 7541.54 1.99 0.89 123.25 789.76
homfam Acetyltransf 46285 6 82.9897 229 24.1 52.4 64.2 29.6 37.1 3866.6655 1:04:26 8477.66 101435.30 8111.47 8222.56 9.96 33.94 175.65 6801.59
homfam ghf22 760 12 107.567 131 51.4 92.9 93.2 78.5 82.1 374.1298 0:06:14 7761.39 97524.57 7301.72 7440.75 1.99 1.12 102.46 384.85
homfam sdr 50157 13 163.253 361 23.3 68.9 82.9 35.0 44.8 3416.7804 0:56:56 8796.59 100445.72 8319.76 8486.02 0.00 0.02 163.16 27.18
homfam ltn 1068 12 204.148 282 49.9 94.2 94.3 71.5 79.4 1071.7868 0:17:51 8234.69 104628.50 7860.06 7999.68 13.99 1.84 141.12 1519.23
homfam hpr 3349 5 83.0427 89 44.4 97.9 97.9 95.5 96.2 582.0790 0:09:42 7708.31 97458.73 7231.55 7370.32 1.99 2.64 101.48 592.20
homfam bowman 499 5 26.1443 73 64.9 94.5 94.5 82.9 84.9 304.0859 0:05:04 7386.43 97244.03 7020.82 7132.27 1.99 1.05 84.67 258.81
homfam hip 167 5 66.2096 88 33.4 87.9 86.9 65.5 73.7 369.8137 0:06:09 7439.04 97017.90 7073.18 7175.23 1.99 0.76 86.80 322.41
homfam HMG_box 4779 5 66.0716 89 24.8 97.3 96.2 85.2 93.9 514.9974 0:08:34 7617.07 97317.98 7251.24 7334.89 1.99 3.36 114.42 590.66
homfam icd 5678 5 328.887 433 41.7 93.5 94.1 84.0 86.9 3591.2804 0:59:51 9005.79 100652.71 8529.85 8668.25 1.99 9.08 163.37 5875.06
homfam peroxidase 4514 5 256.626 383 37.3 76.4 80.1 49.9 51.1 3595.5533 0:59:55 8607.93 100310.80 8131.73 8270.08 1.99 6.87 171.63 6182.98
homfam asp 3262 13 284.142 381 37.5 90.6 90.9 70.3 77.3 2645.9106 0:44:05 8981.26 100501.69 8504.72 8625.19 1.99 5.62 162.04 4295.07
homfam flav 4612 6 138.021 183 35.0 85.6 86.0 63.4 66.6 1126.5864 0:18:46 7883.92 99344.32 7470.36 7610.37 1.99 4.26 140.64 1595.85
homfam cah 1379 5 212.706 279 38.7 89.9 90.4 70.5 77.1 1097.6033 0:18:17 8389.29 98091.07 7913.51 8033.55 5.99 2.10 149.85 1646.28
homfam ace 3989 6 427.824 601 37.3 85.4 86.8 65.9 72.5 6076.1930 1:41:16 10193.41 101725.18 9717.71 9837.73 1.98 8.63 165.65 10072.04
homfam sti 613 5 165.383 198 36.4 90.3 89.4 72.3 79.4 457.1935 0:07:37 8086.14 97968.61 7609.64 7721.02 1.99 1.41 103.40 474.22
homfam aat 25100 10 337.807 476 28.6 65.8 67.5 22.0 26.1 8352.5377 2:19:12 9691.41 101337.17 9326.05 9476.73 2.00 36.88 169.73 14176.47
homfam oxidored_q6 3348 5 123.044 285 56.7 97.8 98.1 92.9 94.8 1159.0668 0:19:19 7857.55 99469.50 7491.98 7603.14 1.99 3.33 145.28 1686.90
homfam hormone_rec 3509 5 188.562 308 21.5 70.5 72.7 45.2 57.7 1449.7401 0:24:09 8077.66 99755.84 7712.00 7795.68 1.99 4.22 153.78 2237.77
homfam rhv 17976 6 143.424 938 33.1 34.1 43.8 0.2 0.0 11195.1701 3:06:35 8078.11 99807.21 7712.01 7831.38 1.99 15.48 169.52 18977.69
homfam tgfb 1606 8 95.4645 118 43.8 81.5 84.8 33.3 40.3 484.9977 0:08:04 7738.72 97462.03 7372.55 7483.92 1.99 1.63 102.30 497.46
homfam cryst 1160 7 80.8078 192 44.4 91.8 91.6 72.4 74.9 561.3277 0:09:21 7821.41 97633.80 7337.42 7476.20 0.00 0.02 95.96 5.25
homfam cyclo 6288 6 159.069 203 44.1 88.0 89.0 74.1 78.7 1707.8307 0:28:27 8037.21 99742.61 7561.18 7699.70 1.99 7.62 155.85 2668.97
homfam kunitz 2266 10 53.752 64 37.9 98.2 98.2 91.7 91.1 470.6296 0:07:50 7573.07 97304.04 7207.29 7310.43 0.00 0.02 94.74 3.96
homfam Rhodanese 14049 6 102.277 216 22.7 57.5 62.3 21.4 26.1 2017.9443 0:33:37 7899.02 99551.48 7422.64 7580.58 1.98 22.58 152.76 3081.95
homfam sodcu 2038 7 141.322 169 42.2 88.5 88.9 75.9 79.7 765.8181 0:12:45 8074.50 99061.33 7708.45 7791.79 1.99 2.69 112.50 865.01
homfam profilin 687 5 123.371 144 39.7 94.8 94.8 87.5 88.5 491.4008 0:08:11 7949.43 99146.44 7473.45 7612.30 1.99 1.52 94.33 468.78
homfam glob 3983 41 100.684 174 31.7 95.9 95.7 71.8 74.7 719.9189 0:11:59 7897.62 99360.20 7421.33 7561.14 1.99 3.75 112.18 816.41
homfam tim 3904 10 205.645 260 47.5 98.8 98.7 94.2 97.2 1742.2889 0:29:02 8347.29 98079.41 7870.09 8028.78 1.99 7.50 144.60 2520.95
homfam uce 4558 13 134.701 184 34.0 90.0 88.7 51.8 58.5 840.0155 0:14:00 8243.35 99225.82 7767.09 7925.45 1.99 7.54 127.37 1069.22
homfam toxin 508 20 62.311 78 43.1 93.7 91.8 64.9 74.3 331.6504 0:05:31 7501.56 97303.84 7135.95 7220.35 1.99 1.19 87.93 293.16
homfam rub 1435 5 46.1575 54 62.1 98.4 98.4 92.6 93.5 244.7691 0:04:04 7468.07 97163.30 6992.22 7149.65 1.99 1.27 114.34 281.17
homfam hom 12037 8 53.4951 98 35.3 91.6 91.1 60.9 75.7 678.7411 0:11:18 7763.61 97495.02 7286.86 7425.78 1.99 6.94 112.31 763.70
homfam biotin_lipoyl 11833 7 71.8928 112 28.9 96.1 96.3 83.5 84.2 777.2741 0:12:57 7844.40 97569.76 7368.24 7534.47 1.99 10.64 120.04 934.48
homfam cys 4316 13 198.11 284 40.5 94.0 93.7 71.3 82.5 1575.1555 0:26:15 8295.25 99880.12 7929.93 8013.58 1.99 6.43 154.17 2439.19
homfam ghf11 521 5 167.758 202 49.5 92.2 92.0 79.7 80.3 546.6115 0:09:06 8115.60 97705.62 7639.52 7796.73 1.99 1.20 127.77 699.79
homfam blmb 17200 6 192.465 344 20.6 51.2 60.0 25.8 32.3 4827.6885 1:20:27 8490.31 99981.54 8013.71 8152.29 1.98 18.74 176.68 8541.56
homfam aadh 3127 8 225.129 542 38.2 85.1 85.1 49.7 54.5 1687.5747 0:28:07 8333.25 99893.69 7856.70 7995.65 1.99 4.55 159.26 2694.76
homfam DEATH 1183 7 80.5689 159 19.6 69.6 70.7 29.0 39.5 469.9654 0:07:49 7648.15 97258.72 7172.64 7329.74 0.00 0.02 103.02 4.24
homfam Sulfotransfer 2489 5 235.798 381 26.2 62.5 66.2 28.7 35.3 2629.3723 0:43:49 8420.92 100048.09 7944.59 8065.12 1.99 7.04 163.90 4310.03
homfam serpin 3144 8 291.462 418 34.3 95.7 95.3 82.7 89.3 2878.8961 0:47:58 9193.05 100781.37 8827.43 8920.63 0.00 0.02 161.28 20.71
homfam proteasome 5732 17 174.347 309 21.7 84.1 81.5 29.0 43.4 1306.7578 0:21:46 8258.40 99423.42 7781.79 7927.13 1.99 6.30 149.57 1965.66
homfam zf-CCHH 88345 15 23.2513 39 35.5 96.5 95.9 88.6 93.0 1206.5315 0:20:06 7886.76 97487.77 7520.90 7631.38 13.94 41.86 120.86 1459.72
homfam egf 7774 12 32.0765 71 31.1 72.9 73.5 27.9 31.6 517.3491 0:08:37 7592.11 97276.29 7225.76 7309.79 1.98 4.48 101.52 526.70
homfam annexin 3139 6 65.1902 323 57.2 100.0 100.0 100.0 100.0 1188.3729 0:19:48 7703.52 97465.91 7337.45 7420.80 1.99 2.45 140.08 1666.30
homfam OTCace 4795 5 157.005 350 37.3 96.8 96.8 89.9 92.1 1202.7668 0:20:02 8267.27 98112.84 7790.32 7948.81 1.99 5.28 148.03 1782.27
homfam rnasemam 498 6 120.072 141 42.2 91.4 88.2 68.7 79.3 332.8181 0:05:32 7871.26 97464.44 7395.09 7552.30 1.99 0.96 111.99 374.34
homfam adh 21331 5 123.64 375 63.9 92.8 93.4 84.5 84.8 2532.4964 0:42:12 8047.69 99677.21 7570.86 7709.85 1.98 38.64 165.79 4199.64
homfam il8 1073 11 63.7623 81 34.5 88.3 88.2 62.3 70.5 346.3339 0:05:46 7594.33 97378.59 7228.83 7340.24 1.99 1.41 100.93 351.04
homfam hr 3707 5 65.1513 82 53.3 99.1 99.1 94.9 99.1 655.1877 0:10:55 7602.44 97409.89 7125.86 7264.57 5.99 3.87 100.82 662.25
homfam ChtBD 774 5 38.2713 45 59.3 98.3 98.1 93.0 94.7 274.5481 0:04:34 7416.30 96983.59 6940.13 7121.98 1.99 0.98 93.11 257.24
homfam gluts 10099 14 98.1117 235 39.4 87.8 89.4 61.8 65.9 2541.7726 0:42:21 7902.50 99467.59 7425.77 7564.29 1.95 13.31 157.25 3998.93
homfam ghf5 2717 6 260.466 470 17.8 61.2 61.6 29.3 41.6 2991.7288 0:49:51 8677.04 100294.23 8310.80 8394.54 1.99 4.40 166.22 4981.77
homfam ghf13 12607 10 264.452 626 26.8 59.6 61.3 25.6 35.1 7767.0404 2:09:27 9101.80 100500.34 8736.93 8884.13 1.99 16.99 179.07 13915.62
homfam PDZ 14950 6 80.8907 110 30.6 87.2 88.8 72.7 74.5 1109.3799 0:18:29 8025.44 99736.17 7548.60 7715.05 1.98 11.14 140.49 1568.41
homfam az 1086 29 100.416 215 33.4 74.3 74.4 41.8 46.3 492.6572 0:08:12 7801.09 99116.43 7414.95 7543.20 0.00 0.02 114.18 4.43
homfam hla 13465 5 153.148 178 76.5 100.0 100.0 100.0 100.0 1190.2191 0:19:50 8358.87 98139.86 7882.57 8002.83 1.99 13.47 138.81 1653.86
homfam slectin 932 5 133.052 142 33.3 95.3 95.1 89.1 91.6 692.5488 0:11:32 7829.55 99274.89 7463.65 7565.73 1.99 1.38 138.28 967.58
homfam GEL 2195 5 78.1157 150 23.7 72.7 71.2 43.2 60.9 596.1366 0:09:56 7672.15 98752.44 7195.20 7315.55 0.00 0.02 129.08 5.99
homfam kringle 1091 9 75.9138 100 43.3 95.2 94.2 77.5 81.8 409.2577 0:06:49 7719.97 97442.85 7353.78 7437.42 0.00 0.02 96.28 4.32
homfam p450 21013 12 331.506 512 20.8 76.6 76.2 38.7 48.2 11119.3286 3:05:19 10153.61 101926.62 9787.56 9898.73 1.98 32.97 166.52 18527.04
homfam gpdh 7691 8 129.082 360 55.1 96.0 95.9 87.7 90.4 1510.8853 0:25:10 8182.18 99670.59 7816.38 7900.52 1.99 8.20 135.56 2058.72
homfam int 7572 5 168.037 219 22.5 84.2 85.3 61.4 65.9 1920.9387 0:32:00 8294.09 99990.51 7816.97 7955.74 1.98 16.33 154.94 2976.27
homfam KAS 2070 6 174.528 404 31.7 84.6 84.8 64.5 71.9 1090.8112 0:18:10 8424.39 98279.68 8058.52 8142.15 1.99 2.51 128.08 1398.44
homfam trfl 837 7 242.315 702 61.9 95.5 96.2 89.0 89.2 2329.0188 0:38:49 8673.22 99893.82 8265.26 8407.62 1.99 2.80 154.71 3607.71
homfam TNF 556 5 119.903 176 32.0 84.8 84.4 66.9 71.7 361.2975 0:06:01 7918.62 97551.81 7442.47 7599.60 1.99 1.01 110.18 399.55
homfam scorptoxin 363 8 53.2562 74 46.3 91.3 90.4 76.7 80.9 316.4684 0:05:16 7476.02 97227.80 7120.34 7282.00 0.00 0.02 82.22 3.30
homfam aldosered 13277 7 268.547 386 41.6 86.2 89.7 64.9 73.0 5021.1770 1:23:41 8870.39 100463.20 8504.30 8587.76 5.98 18.54 167.70 8420.11
homfam rrm 27610 20 67.4587 157 22.9 83.0 81.5 20.7 22.8 963.1522 0:16:03 7921.52 97613.56 7554.90 7720.98 386.02 18.13 131.70 1272.33
