homfam ricin 747 7 198.708 281 37.5 91.2 91.5 76.2 83.8 901.4230 0:15:01 8476.96 99946.20 8111.91 8224.04 1.99 1.38 120.33 1088.43
homfam ghf10 1502 5 220.34 364 43.3 92.4 92.3 79.9 85.1 1831.5203 0:30:31 9124.57 100726.15 8621.82 8829.38 1.99 2.48 160.08 2943.51
homfam seatoxin 93 5 43.6344 54 42.6 85.0 85.7 57.1 59.3 293.2692 0:04:53 7927.99 97771.23 7468.21 7600.28 1.99 0.66 111.06 327.18
homfam mofe 2567 6 353.074 609 30.0 83.8 86.7 65.3 73.9 3149.9807 0:52:29 10095.85 102118.60 9591.74 9721.50 0.00 0.02 161.81 18.13
homfam cyt3 385 6 92.3065 130 40.3 81.1 80.8 59.3 66.8 414.4913 0:06:54 8199.47 100107.48 7695.46 7848.09 1.99 1.04 104.42 434.24
homfam ins 793 6 65.2825 74 44.9 84.0 85.2 56.5 79.9 612.4988 0:10:12 7954.35 99835.72 7635.67 7706.86 1.99 1.10 118.94 732.52
homfam Ald_Xan_dh_2 2589 6 109.304 885 31.8 82.9 82.9 63.3 71.5 3883.2912 1:04:43 8166.33 100095.14 7662.52 7813.87 1.99 5.44 166.70 6474.31
homfam tms 2118 5 264.245 357 45.9 94.9 94.9 83.2 88.9 2178.2611 0:36:18 8955.98 100791.01 8453.20 8596.40 1.99 3.61 154.66 3375.46
homfam phc 2957 12 98.4711 179 37.2 78.7 81.5 54.2 59.7 1008.1911 0:16:48 8108.75 99931.06 7561.87 7733.97 1.99 2.95 139.40 1412.44
homfam cytb 3206 6 82.1454 100 35.6 90.7 90.6 71.7 80.9 1187.7587 0:19:47 8203.39 100066.12 7811.22 7913.95 253.99 2.67 145.39 1738.20
homfam mmp 1427 6 157.93 180 55.1 96.6 97.2 88.8 94.0 1162.3244 0:19:22 8296.79 100134.81 7793.21 7911.26 9.99 2.25 152.37 1783.40
homfam phoslip 946 18 113.33 137 48.9 94.3 94.4 69.9 79.7 505.2463 0:08:25 8038.70 98098.70 7534.98 7699.93 1.99 1.75 107.67 545.45
homfam HLH 6781 5 53.5453 92 28.1 89.0 94.0 65.5 77.1 853.1657 0:14:13 8092.45 99932.71 7588.21 7706.59 1.99 4.05 129.21 1111.91
homfam myb_DNA-binding 10398 5 46.5583 61 40.7 96.8 95.6 83.9 90.0 693.2000 0:11:33 8334.15 99700.81 7830.15 7963.88 1.98 5.96 118.24 827.97
homfam msb 4884 8 106.037 158 26.6 87.7 89.4 61.4 74.3 805.7508 0:13:25 8070.45 99601.49 7622.89 7723.89 0.00 0.02 117.48 6.52
homfam ghf1 4358 8 403.813 562 38.4 91.6 91.8 70.6 79.0 4618.7222 1:16:58 10639.53 102551.83 10135.22 10253.12 9.99 15.94 164.82 7611.87
homfam rvp 93681 6 94.2886 132 36.6 80.0 80.7 51.4 57.8 2251.5093 0:37:31 9902.20 99936.38 9398.71 9516.55 1.99 58.92 134.84 3037.42
homfam lyase_1 7632 5 295.082 511 30.9 80.0 80.0 61.8 65.0 3592.6703 0:59:52 9932.07 100027.75 9829.23 9859.23 0.00 0.02 163.17 26.06
homfam ldh 7367 14 121.378 371 31.9 89.9 89.2 61.1 73.1 1746.3043 0:29:06 8323.73 98397.64 7819.71 7949.29 1.99 11.14 150.30 2626.02
homfam subt 7517 11 301.598 414 39.5 77.7 83.5 28.8 35.7 9540.0921 2:39:00 9566.66 101570.12 9063.68 9207.17 1.98 12.26 175.29 16731.30
homfam sodfe 4455 8 77.4471 219 42.3 92.2 91.1 67.5 71.5 862.0306 0:14:22 8352.97 98545.26 7849.81 7979.08 0.00 0.02 143.11 5.89
homfam LIM 6428 5 57.0143 86 52.8 97.3 97.3 86.6 94.2 556.3387 0:09:16 8088.30 98120.00 7584.86 7756.67 1.99 3.87 114.17 636.58
homfam blm 9105 8 300.727 274 39.1 74.7 86.5 47.9 49.9 6274.1623 1:44:34 10507.84 101953.25 10003.66 10156.00 0.00 0.02 169.37 35.21
homfam DMRL_synthase 2099 5 140.59 182 33.2 93.4 90.5 75.1 84.0 726.0509 0:12:06 8002.44 99338.08 7541.98 7682.52 1.99 2.57 127.57 929.52
homfam tRNA-synt_2b 11293 5 177.564 467 18.7 53.4 51.8 27.3 38.1 3006.0598 0:50:06 8702.45 100471.64 8199.07 8316.90 0.00 0.02 171.00 20.56
homfam Stap_Strp_toxin 640 6 87.3922 254 32.5 85.0 84.2 58.0 65.1 689.1474 0:11:29 8346.55 98412.80 7843.49 7995.67 1.99 1.18 122.85 851.88
homfam Acetyltransf 46285 6 82.9897 229 24.1 63.7 62.3 33.3 43.9 4424.7552 1:13:44 9054.31 100724.04 8550.07 8667.79 121.96 33.99 173.56 7681.67
homfam ghf22 760 12 107.567 131 51.4 94.9 95.1 83.1 86.4 391.8454 0:06:31 7980.30 97877.86 7549.58 7713.66 1.99 1.12 117.80 463.09
homfam sdr 50157 13 163.253 361 23.3 77.5 76.9 34.1 44.8 4035.7582 1:07:15 9865.81 101683.13 9378.47 9496.18 1.96 55.65 153.89 6221.76
homfam ltn 1068 12 204.148 282 49.9 93.7 94.1 69.2 77.9 1228.4596 0:20:28 8642.43 100049.89 8276.24 8359.50 9.99 1.80 137.46 1698.96
homfam hpr 3349 5 83.0427 89 44.4 99.3 99.3 97.7 98.5 559.8655 0:09:19 8218.10 98323.29 7715.69 7844.80 1.99 2.88 116.59 654.22
homfam bowman 499 5 26.1443 73 64.9 94.5 94.5 82.9 84.9 354.5220 0:05:54 7941.86 98001.12 7481.32 7598.50 1.99 0.82 86.09 306.83
homfam hip 167 5 66.2096 88 33.4 85.0 84.0 57.1 67.8 377.7453 0:06:17 8001.46 103121.20 7541.30 7658.55 1.99 0.92 89.47 339.52
homfam HMG_box 4779 5 66.0716 89 24.8 96.7 95.7 82.7 91.6 564.4297 0:09:24 8450.13 98674.26 7946.84 8126.98 5.99 4.61 122.79 694.53
homfam icd 5678 5 328.887 433 41.7 93.6 94.3 82.9 86.3 3857.2777 1:04:17 10079.81 101640.74 9551.80 9680.84 5.99 8.48 163.98 6335.23
homfam peroxidase 4514 5 256.626 383 37.3 84.6 86.2 63.0 66.6 3814.8078 1:03:34 8905.90 100929.91 8443.98 8554.67 9.99 6.92 170.94 6519.43
homfam asp 3262 13 284.142 381 37.5 91.1 91.1 70.3 77.0 2725.6294 0:45:25 9730.80 101408.43 9226.61 9379.33 1.99 5.43 158.49 4325.75
homfam flav 4612 6 138.021 183 35.0 88.9 89.4 70.9 73.3 1478.4211 0:24:38 8657.53 100176.76 8154.88 8306.89 1.99 7.00 144.31 2135.18
homfam cah 1379 5 212.706 279 38.7 91.7 92.0 76.0 82.2 1185.3653 0:19:45 8612.23 100083.32 8108.63 8237.69 69.99 2.39 140.65 1678.23
homfam ace 3989 6 427.824 601 37.3 85.3 86.3 64.0 70.9 5846.2760 1:37:26 10665.01 102352.59 10215.04 10344.40 1.98 8.43 167.28 9781.09
homfam sti 613 5 165.383 198 36.4 87.2 86.5 70.7 78.1 536.5570 0:08:56 8170.30 98386.26 7708.56 7838.09 1.99 1.64 103.99 559.55
homfam aat 25100 10 337.807 476 28.6 71.7 72.5 28.2 33.4 7974.9749 2:12:54 11037.13 102798.35 10533.35 10662.77 1.98 35.67 164.06 13094.25
homfam oxidored_q6 3348 5 123.044 285 56.7 92.9 93.2 85.7 87.4 1250.6427 0:20:50 8210.96 100142.87 7800.55 7903.50 1.99 3.48 138.20 1736.12
homfam hormone_rec 3509 5 188.562 308 21.5 76.6 79.6 53.0 67.9 1707.3760 0:28:27 8560.62 100303.31 8501.57 8528.22 1.99 3.79 161.60 2768.02
homfam rhv 17976 6 143.424 938 33.1 35.1 46.3 1.9 0.2 13265.1706 3:41:05 8534.20 100559.06 8030.16 8148.39 1.99 15.14 165.77 21996.90
homfam tgfb 1606 8 95.4645 118 43.8 86.1 88.6 44.4 48.1 540.0640 0:09:00 8372.07 98420.09 7868.37 8048.53 1.99 1.85 99.57 543.98
homfam cryst 1160 7 80.8078 192 44.4 91.8 91.5 70.7 73.7 534.7924 0:08:54 7968.21 98104.29 7506.12 7646.96 1.99 1.96 112.79 604.65
homfam cyclo 6288 6 159.069 203 44.1 89.0 89.6 75.1 80.4 1903.0956 0:31:43 9038.06 100684.77 8977.89 9004.48 5.99 7.86 158.96 3034.58
homfam kunitz 2266 10 53.752 64 37.9 99.3 99.3 96.7 96.4 460.1804 0:07:40 8009.73 98137.57 7506.82 7668.44 1.99 2.12 98.26 453.69
homfam Rhodanese 14049 6 102.277 216 22.7 64.8 70.7 35.4 35.1 2168.7678 0:36:08 8677.31 100366.07 8173.20 8325.48 1.98 11.62 150.28 3265.28
homfam sodcu 2038 7 141.322 169 42.2 90.9 91.0 77.7 81.8 775.7559 0:12:55 8082.36 98220.47 7717.10 7860.58 0.00 0.02 122.41 6.61
homfam profilin 687 5 123.371 144 39.7 92.4 92.4 82.8 84.2 558.7532 0:09:18 7982.71 98075.75 7502.77 7666.32 1.99 1.29 91.62 513.48
homfam glob 3983 41 100.684 174 31.7 96.0 95.7 71.8 74.7 760.4958 0:12:40 8238.78 99449.52 7735.33 7865.03 1.99 3.76 114.99 884.43
homfam tim 3904 10 205.645 260 47.5 96.9 97.0 90.0 93.0 1837.0525 0:30:37 8731.81 100624.02 8228.80 8380.97 1.99 5.21 142.64 2627.59
homfam uce 4558 13 134.701 184 34.0 89.5 90.9 62.7 70.2 1406.2243 0:23:26 8213.16 100047.13 7713.32 7842.58 1.99 8.06 142.95 2011.21
homfam toxin 508 20 62.311 78 43.1 91.8 89.8 51.9 60.8 375.3599 0:06:15 7992.02 98039.62 7531.43 7671.65 1.99 1.09 85.26 321.41
homfam rub 1435 5 46.1575 54 62.1 98.4 98.4 92.6 93.5 381.1137 0:06:21 8004.82 98034.91 7544.59 7684.80 0.00 0.02 100.16 4.17
homfam hom 12037 8 53.4951 98 35.3 94.4 94.2 66.7 81.5 735.5023 0:12:15 8267.81 98385.50 7765.02 7917.18 1.99 6.87 116.36 857.37
homfam biotin_lipoyl 11833 7 71.8928 112 28.9 95.4 95.6 83.5 85.1 848.9539 0:14:08 8555.55 98570.88 8406.92 8448.14 1.99 7.91 128.00 1088.39
homfam cys 4316 13 198.11 284 40.5 94.6 94.0 67.2 81.7 1805.5786 0:30:05 8696.49 100623.91 8192.70 8310.94 1.99 6.31 153.52 2780.38
homfam ghf11 521 5 167.758 202 49.5 95.6 95.4 87.5 88.7 679.7680 0:11:19 8556.61 98445.98 8191.38 8339.31 1.99 1.16 111.05 756.17
homfam blmb 17200 6 192.465 344 20.6 69.3 74.6 44.7 53.2 7156.6279 1:59:16 9106.02 100761.52 8602.27 8731.57 1.98 18.37 182.85 13093.32
homfam aadh 3127 8 225.129 542 38.2 85.4 87.3 50.8 56.6 2136.6374 0:35:36 9143.29 100642.79 8639.79 8788.98 1.99 4.52 155.61 3332.27
homfam DEATH 1183 7 80.5689 159 19.6 73.4 74.8 44.4 45.5 599.4467 0:09:59 7883.14 97848.34 7695.35 7781.40 1.99 1.35 91.33 548.89
homfam Sulfotransfer 2489 5 235.798 381 26.2 65.5 77.4 40.9 47.7 3241.8138 0:54:01 8873.05 100547.03 8369.55 8577.47 1.99 4.05 168.63 5478.17
homfam serpin 3144 8 291.462 418 34.3 95.8 94.9 83.9 90.1 2859.9014 0:47:39 9779.51 101573.72 9276.42 9428.59 1.99 4.50 154.44 4424.25
homfam proteasome 5732 17 174.347 309 21.7 83.4 83.2 36.2 52.8 1477.2709 0:24:37 8898.69 100534.45 8395.07 8524.52 1.99 5.76 140.41 2085.79
homfam zf-CCHH 88345 15 23.2513 39 35.5 97.1 96.5 88.6 93.0 1562.5717 0:26:02 8226.30 98212.75 7723.35 7902.74 33.94 52.61 130.19 2036.62
homfam egf 7774 12 32.0765 71 31.1 77.9 78.3 33.8 41.8 605.5068 0:10:05 7936.08 97975.76 7476.13 7613.13 1.98 6.12 109.18 662.49
homfam annexin 3139 6 65.1902 323 57.2 100.0 100.0 100.0 100.0 1212.6360 0:20:12 7953.83 98018.61 7444.73 7601.75 1.99 2.64 146.99 1784.13
homfam OTCace 4795 5 157.005 350 37.3 95.6 95.7 85.5 88.5 1310.0013 0:21:50 8698.83 98860.23 8194.77 8430.61 1.99 5.04 144.68 1897.07
homfam rnasemam 498 6 120.072 141 42.2 92.5 89.7 69.4 80.8 456.5529 0:07:36 7978.01 98085.60 7503.50 7643.33 1.99 1.21 94.87 434.57
homfam adh 21331 5 123.64 375 63.9 94.4 95.1 88.0 88.3 3362.4254 0:56:02 8674.78 100447.75 8170.80 8300.55 0.00 0.02 164.56 17.97
homfam il8 1073 11 63.7623 81 34.5 91.4 91.0 68.8 78.4 417.8393 0:06:57 7982.03 98037.92 7523.47 7640.73 1.99 1.11 95.33 399.74
homfam hr 3707 5 65.1513 82 53.3 99.1 99.1 94.9 99.1 557.4739 0:09:17 8348.31 98627.01 7844.53 8001.55 1.99 2.84 116.70 652.27
homfam ChtBD 774 5 38.2713 45 59.3 98.3 98.1 93.0 94.7 359.5507 0:05:59 7939.45 98001.95 7477.20 7594.49 1.99 1.20 83.72 302.51
homfam gluts 10099 14 98.1117 235 39.4 88.3 89.7 62.7 66.8 2572.0714 0:42:52 8746.27 100285.97 8242.43 8361.01 1.98 8.22 165.26 4258.44
homfam ghf5 2717 6 260.466 470 17.8 65.8 66.1 33.4 46.9 3442.9033 0:57:22 9269.62 100868.62 8904.60 9051.50 1.99 4.18 163.86 5652.13
homfam ghf13 12607 10 264.452 626 26.8 63.8 64.3 24.8 34.3 8096.7347 2:14:56 10081.53 101767.40 9715.63 9799.09 1.99 16.08 177.55 14384.31
homfam PDZ 14950 6 80.8907 110 30.6 85.6 85.6 66.7 68.5 1324.2085 0:22:04 8755.85 100566.54 8252.64 8370.55 1.98 18.07 145.43 1925.01
homfam az 1086 29 100.416 215 33.4 75.9 76.6 40.8 46.1 596.8931 0:09:56 7996.52 99878.73 7536.14 7641.91 1.99 1.72 98.80 598.43
homfam hla 13465 5 153.148 178 76.5 100.0 100.0 100.0 100.0 1339.1344 0:22:19 8868.98 98926.93 8314.55 8548.91 1.99 13.96 135.59 1817.22
homfam slectin 932 5 133.052 142 33.3 94.7 94.5 86.9 90.5 864.8789 0:14:24 8470.04 100075.97 7966.36 8114.85 1.99 1.39 117.43 1021.92
homfam GEL 2195 5 78.1157 150 23.7 67.0 70.3 41.1 57.0 616.6802 0:10:16 8149.89 99326.95 7787.24 7932.78 1.99 1.90 126.55 792.08
homfam kringle 1091 9 75.9138 100 43.3 95.7 94.7 80.9 86.0 397.4547 0:06:37 8032.14 98220.95 7528.21 7658.50 1.99 1.52 106.12 423.19
homfam p450 21013 12 331.506 512 20.8 78.7 78.4 43.3 53.3 11859.2983 3:17:39 10983.29 102826.08 10480.38 10660.04 5.98 32.91 162.87 19327.35
homfam gpdh 7691 8 129.082 360 55.1 96.0 95.9 86.0 90.7 1870.7492 0:31:10 8714.36 100540.28 8210.27 8328.25 1.99 13.20 150.63 2817.73
homfam int 7572 5 168.037 219 22.5 79.0 80.7 54.0 58.6 2303.7830 0:38:23 8842.68 100655.68 8339.20 8468.36 0.00 0.03 160.10 15.65
homfam KAS 2070 6 174.528 404 31.7 84.9 84.8 68.5 72.6 1183.0795 0:19:43 8619.81 98604.29 8116.29 8296.49 1.99 2.58 134.76 1595.83
homfam trfl 837 7 242.315 702 61.9 95.2 95.8 89.2 89.9 2062.6397 0:34:22 9060.29 100405.04 8596.83 8726.52 1.99 1.86 158.93 3288.91
homfam TNF 556 5 119.903 176 32.0 85.8 85.2 68.2 72.8 440.5853 0:07:20 7969.96 98086.95 7551.33 7634.78 0.00 0.02 103.00 3.95
homfam scorptoxin 363 8 53.2562 74 46.3 89.3 88.4 69.9 76.4 317.7011 0:05:17 7833.93 98040.15 7496.54 7651.79 1.99 0.72 85.11 271.90
homfam aldosered 13277 7 268.547 386 41.6 88.6 90.8 72.6 78.0 5231.5843 1:27:11 9559.90 102160.58 9055.54 9185.04 25.98 17.87 163.46 8560.79
homfam rrm 27610 20 67.4587 157 22.9 83.4 81.5 22.5 30.7 1200.2679 0:20:00 8472.75 98572.91 7968.73 8124.09 49.98 29.23 126.19 1517.33
