homfam ricin 747 7 198.708 281 37.5 90.6 90.6 75.5 83.5 800.2834 0:13:20 8228.36 99785.68 7752.09 7894.93 1.99 1.39 123.15 992.76

homfam ghf10 1502 5 220.34 364 43.3 93.8 93.5 81.1 87.1 1567.4991 0:26:07 8377.04 99330.85 7900.12 8039.27 0.00 0.02 154.68 10.58

homfam seatoxin 93 5 43.6344 54 42.6 79.6 78.0 46.9 46.3 309.7018 0:05:09 7302.45 97148.46 6826.15 6965.16 1.99 0.94 88.61 276.05

homfam mofe 2567 6 353.074 609 30.0 83.6 85.8 65.5 72.6 2590.6495 0:43:10 9502.25 101090.95 9136.92 9231.19 1.99 4.60 158.32 4108.14

homfam cyt3 385 6 92.3065 130 40.3 77.0 77.5 57.6 66.1 391.0360 0:06:31 7856.56 97670.87 7379.86 7500.39 1.99 1.18 84.58 332.33

homfam ins 793 6 65.2825 74 44.9 93.6 94.0 66.7 89.9 549.4952 0:09:09 7753.29 99234.18 7276.79 7416.48 1.99 1.09 123.26 682.19

homfam Ald_Xan_dh_2 2589 6 109.304 885 31.8 59.2 81.2 12.6 13.1 3237.2667 0:53:57 7767.47 103476.94 7290.80 7429.40 9.99 2.77 167.18 5423.43

homfam tms 2118 5 264.245 357 45.9 96.5 96.0 86.3 90.9 1939.4322 0:32:19 8483.59 99873.79 8209.34 8285.15 1.99 3.25 155.97 3034.07

homfam phc 2957 12 98.4711 179 37.2 88.1 89.4 67.0 73.3 737.4145 0:12:17 7868.57 99321.24 7392.47 7531.36 1.99 3.16 125.82 931.97

homfam cytb 3206 6 82.1454 100 35.6 85.6 86.1 65.2 72.2 1160.3665 0:19:20 7764.43 99464.23 7287.78 7454.76 73.99 3.02 155.55 1793.15

homfam mmp 1427 6 157.93 180 55.1 96.0 96.8 87.6 93.3 1012.0055 0:16:52 8163.57 99593.02 7687.13 7807.65 1.99 1.98 152.66 1554.00

homfam phoslip 946 18 113.33 137 48.9 93.1 93.1 67.6 78.0 496.0075 0:08:16 7729.51 97558.62 7254.32 7413.16 1.99 1.62 91.77 456.70

homfam HLH 6781 5 53.5453 92 28.1 92.6 92.9 85.7 87.1 840.2491 0:14:00 7818.98 99331.28 7342.44 7481.27 1.99 4.55 119.57 1013.07

homfam myb_DNA-binding 10398 5 46.5583 61 40.7 95.6 94.5 80.4 87.4 626.3694 0:10:26 7679.99 101429.30 7203.44 7351.81 1.98 11.11 131.16 822.97

homfam msb 4884 8 106.037 158 26.6 85.6 86.4 57.2 70.5 631.8182 0:10:31 7858.67 98957.70 7382.59 7530.97 1.98 4.87 128.71 817.63

homfam ghf1 4358 8 403.813 562 38.4 92.4 92.7 73.2 81.2 5406.8403 1:30:06 9791.84 101374.20 9315.50 9435.61 0.00 0.02 166.56 37.17

homfam rvp 93681 6 94.2886 132 36.6 83.1 82.7 54.1 60.9 1929.8661 0:32:09 8721.99 98344.25 8246.41 8384.87 1.99 59.03 130.86 2526.79

homfam lyase_1 7632 5 295.082 511 30.9 80.0 79.9 62.2 65.2 3115.0060 0:51:55 8813.03 99866.43 8336.88 8456.97 1.99 10.60 160.46 5005.12

homfam ldh 7367 14 121.378 371 31.9 90.5 89.5 61.4 73.3 1536.0786 0:25:36 8090.19 97877.36 7613.67 7752.54 1.99 7.54 153.42 2358.10

homfam subt 7517 11 301.598 414 39.5 78.9 79.7 32.9 43.0 8916.6574 2:28:36 9000.48 100614.40 8524.54 8690.10 1.98 12.46 175.80 15683.98

homfam sodfe 4455 8 77.4471 219 42.3 90.6 89.7 65.1 68.9 969.0074 0:16:09 7739.34 104271.51 7373.79 7522.08 1.99 3.34 128.14 1249.25

homfam LIM 6428 5 57.0143 86 52.8 97.9 97.9 87.8 95.8 533.3845 0:08:53 7608.71 97336.18 7243.23 7354.38 1.99 5.54 123.99 662.85

homfam blm 9105 8 300.727 274 39.1 55.4 66.4 25.1 26.1 5132.9809 1:25:32 9204.34 100879.45 8727.86 8948.95 64.97 13.22 168.52 8661.13

homfam DMRL_synthase 2099 5 140.59 182 33.2 93.2 90.3 75.1 84.0 669.6076 0:11:09 8072.56 99993.84 7596.47 7735.15 1.99 2.61 122.08 822.26

homfam tRNA-synt_2b 11293 5 177.564 467 18.7 32.8 40.7 0.0 0.0 2873.1744 0:47:53 8387.01 100003.45 8327.42 8353.58 1.99 12.23 169.16 4859.91

homfam Stap_Strp_toxin 640 6 87.3922 254 32.5 32.4 44.9 14.0 14.0 562.2964 0:09:22 7961.81 97663.88 7596.05 7679.73 0.00 0.02 138.61 5.01

homfam Acetyltransf 46285 6 82.9897 229 24.1 51.4 62.7 29.6 37.1 3841.4063 1:04:01 8360.57 100217.17 7884.24 8022.75 5.97 35.01 173.35 6660.51

homfam ghf22 760 12 107.567 131 51.4 94.7 94.6 77.7 81.3 415.3575 0:06:55 7823.92 97628.77 7346.85 7485.88 1.99 1.43 95.19 396.99

homfam sdr 50157 13 163.253 361 23.3 61.1 70.2 25.9 35.3 3257.2088 0:54:17 8760.15 100396.63 8283.68 8422.20 1.96 55.95 155.82 5081.18

homfam ltn 1068 12 204.148 282 49.9 93.6 93.9 71.1 79.3 1143.3395 0:19:03 8310.88 104567.43 7835.57 8038.51 1.99 2.70 150.45 1721.84

homfam hpr 3349 5 83.0427 89 44.4 99.3 99.3 97.7 98.5 542.7119 0:09:02 7730.16 97536.30 7364.44 7475.97 1.99 2.90 109.63 596.59

homfam bowman 499 5 26.1443 73 64.9 93.3 93.3 82.9 84.9 309.1599 0:05:09 7481.45 97318.65 7005.38 7144.20 1.99 1.05 81.95 254.87

homfam hip 167 5 66.2096 88 33.4 87.6 86.6 67.9 76.7 364.3057 0:06:04 7422.07 97185.65 7055.82 7170.56 1.99 0.71 87.51 320.28

homfam HMG_box 4779 5 66.0716 89 24.8 97.3 96.2 85.2 93.9 517.1472 0:08:37 7597.24 97312.72 7231.19 7314.85 0.00 0.02 106.20 4.64

homfam icd 5678 5 328.887 433 41.7 93.7 94.0 83.7 86.5 3567.6449 0:59:27 9147.61 100751.86 8781.67 8865.01 1.99 8.75 162.26 5799.70

homfam peroxidase 4514 5 256.626 383 37.3 78.8 79.2 47.3 50.8 3647.3235 1:00:47 8623.63 100325.14 8257.52 8351.32 1.99 8.43 171.15 6250.26

homfam asp 3262 13 284.142 381 37.5 91.6 91.9 74.1 79.5 2679.4940 0:44:39 8799.33 100254.69 8651.20 8708.75 1.99 12.14 169.55 4544.44

homfam flav 4612 6 138.021 183 35.0 86.4 87.7 63.4 65.0 1195.5702 0:19:55 7992.77 99523.91 7934.05 7960.48 1.99 4.56 124.98 1501.55

homfam cah 1379 5 212.706 279 38.7 88.7 89.2 68.6 75.0 1222.2171 0:20:22 8351.05 99412.73 7874.27 8008.05 101.99 3.30 143.06 1751.00

homfam ace 3989 6 427.824 601 37.3 87.9 88.8 67.3 74.1 6165.1720 1:42:45 10068.66 101650.41 9702.28 9785.63 1.98 8.94 166.49 10263.10

homfam sti 613 5 165.383 198 36.4 89.0 88.1 71.7 78.5 475.8908 0:07:55 8360.09 98285.77 7994.14 8097.41 1.99 1.48 102.03 487.16

homfam aat 25100 10 337.807 476 28.6 74.2 76.1 36.6 42.1 7453.4977 2:04:13 9708.11 101363.76 9341.90 9452.88 1.98 36.18 164.56 12273.49

homfam oxidored_q6 3348 5 123.044 285 56.7 97.5 97.4 92.1 93.8 1204.8660 0:20:04 8068.52 99677.41 7591.92 7730.78 1.99 3.50 148.58 1793.19

homfam hormone_rec 3509 5 188.562 308 21.5 72.9 75.1 50.2 64.0 1499.9773 0:24:59 8424.07 100082.47 8058.14 8150.77 1.99 4.13 144.85 2174.28

homfam rhv 17976 6 143.424 938 33.1 35.3 46.4 3.6 2.9 12726.6701 3:32:06 8097.54 99839.81 7621.96 7760.93 1.99 15.46 167.79 21363.96

homfam tgfb 1606 8 95.4645 118 43.8 84.5 84.3 42.7 52.0 519.6400 0:08:39 7728.89 97492.80 7347.96 7465.96 1.99 1.87 97.81 509.81

homfam cryst 1160 7 80.8078 192 44.4 92.3 92.5 71.8 74.5 485.0264 0:08:05 7874.89 97573.51 7399.09 7556.41 1.99 1.37 112.08 545.13

homfam cyclo 6288 6 159.069 203 44.1 86.4 88.1 70.9 75.7 1627.5091 0:27:07 8021.96 99677.94 7545.54 7684.18 1.99 7.83 163.69 2669.12

homfam kunitz 2266 10 53.752 64 37.9 98.2 98.2 91.7 91.1 394.5977 0:06:34 7544.80 97324.32 7179.59 7263.22 1.99 1.98 107.81 426.87

homfam Rhodanese 14049 6 102.277 216 22.7 58.5 63.5 24.5 30.7 1982.4920 0:33:02 8106.71 99705.45 7740.64 7851.53 1.98 12.03 160.55 3191.96

homfam sodcu 2038 7 141.322 169 42.2 90.9 91.1 78.9 83.0 711.1159 0:11:51 8082.64 99077.47 7717.50 7820.09 1.99 2.67 111.09 796.72

homfam profilin 687 5 123.371 144 39.7 93.0 93.0 82.0 82.8 526.4022 0:08:46 7931.58 99140.61 7565.78 7666.42 1.99 1.48 87.47 464.61

homfam glob 3983 41 100.684 174 31.7 96.6 96.3 72.4 74.7 666.8590 0:11:06 7935.90 98854.57 7774.52 7828.38 1.99 3.39 125.72 849.72

homfam tim 3904 10 205.645 260 47.5 98.2 98.1 93.1 95.9 1678.0607 0:27:58 8394.32 98144.74 7917.08 8075.61 1.98 5.02 145.06 2435.50

homfam uce 4558 13 134.701 184 34.0 90.7 90.0 50.6 57.1 730.4171 0:12:10 8207.68 98083.57 7841.85 7925.38 1.99 4.47 121.09 891.94

homfam toxin 508 20 62.311 78 43.1 90.5 88.7 54.5 61.3 317.1813 0:05:17 7535.27 97318.71 7059.20 7281.34 1.99 1.14 90.87 289.78

homfam rub 1435 5 46.1575 54 62.1 98.4 98.4 92.6 93.5 289.2027 0:04:49 7523.85 97297.46 7047.30 7214.29 0.00 0.02 97.26 3.32

homfam hom 12037 8 53.4951 98 35.3 93.0 92.4 65.2 81.1 636.5794 0:10:36 7722.77 98873.80 7246.23 7385.69 1.99 6.83 116.81 750.66

homfam biotin_lipoyl 11833 7 71.8928 112 28.9 96.5 94.8 81.2 84.2 797.9662 0:13:17 7910.33 97659.14 7543.84 7627.15 1.99 8.05 117.98 943.06

homfam cys 4316 13 198.11 284 40.5 94.7 94.3 69.4 80.3 1538.8287 0:25:38 8442.23 100039.32 7966.14 8104.96 1.99 6.17 158.03 2440.89

homfam ghf11 521 5 167.758 202 49.5 94.6 94.7 82.8 87.7 583.2927 0:09:43 8095.50 97842.12 7619.04 7739.62 1.99 1.46 118.57 693.11

homfam blmb 17200 6 192.465 344 20.6 60.4 68.0 31.6 37.8 5094.5044 1:24:54 8609.71 100349.43 8133.56 8271.93 81.98 18.05 175.65 8961.07

homfam aadh 3127 8 225.129 542 38.2 86.1 86.4 52.4 57.9 1822.0743 0:30:22 8431.80 99494.99 7955.09 8106.91 1.99 4.68 158.81 2897.01

homfam DEATH 1183 7 80.5689 159 19.6 73.9 76.3 28.2 38.4 443.3036 0:07:23 7715.93 97435.64 7239.56 7378.71 1.99 1.99 109.19 485.58

homfam Sulfotransfer 2489 5 235.798 381 26.2 64.2 68.3 28.4 34.9 2776.9991 0:46:16 8519.80 99929.19 8154.24 8301.43 1.99 4.11 164.31 4572.76

homfam serpin 3144 8 291.462 418 34.3 95.4 94.7 82.2 89.6 2750.1790 0:45:50 9136.16 100857.25 8770.85 8854.56 1.99 4.88 158.87 4377.93

homfam proteasome 5732 17 174.347 309 21.7 82.4 80.2 24.5 36.5 1318.1555 0:21:58 8131.51 99762.64 7655.29 7794.06 6.00 6.18 145.06 1916.23

homfam zf-CCHH 88345 15 23.2513 39 35.5 96.5 95.9 88.6 93.0 1254.6839 0:20:54 7833.46 97464.59 7356.96 7495.60 1.94 42.30 130.98 1644.69

homfam egf 7774 12 32.0765 71 31.1 64.9 67.8 4.4 0.1 536.0506 0:08:56 7568.49 97119.23 7203.02 7351.18 1.98 5.96 110.79 595.44

homfam annexin 3139 6 65.1902 323 57.2 100.0 100.0 100.0 100.0 1208.3315 0:20:08 8017.36 97776.49 7651.39 7734.71 1.99 2.66 140.20 1695.49

homfam OTCace 4795 5 157.005 350 37.3 97.0 97.0 89.9 92.6 1203.4381 0:20:03 8134.54 97913.48 7658.20 7778.68 1.99 5.30 150.46 1813.21

homfam rnasemam 498 6 120.072 141 42.2 92.2 89.4 66.4 79.1 381.0514 0:06:21 7892.82 97701.66 7526.70 7623.23 0.00 0.02 100.48 4.18

homfam adh 21331 5 123.64 375 63.9 63.3 71.6 40.8 40.9 2159.4091 0:35:59 8133.39 105274.49 7822.31 7913.66 9.98 18.86 152.31 3291.13

homfam il8 1073 11 63.7623 81 34.5 91.4 91.0 70.1 80.0 365.6992 0:06:05 7570.36 97311.20 7205.27 7288.75 1.99 1.40 97.62 358.48

homfam hr 3707 5 65.1513 82 53.3 99.1 99.1 94.9 99.1 582.0061 0:09:42 7586.93 97347.94 7220.59 7331.61 29.99 2.67 103.78 606.73

homfam ChtBD 774 5 38.2713 45 59.3 99.3 99.0 95.3 97.1 291.2439 0:04:51 7426.39 104439.43 7060.97 7152.42 0.00 0.02 94.14 4.27

homfam gluts 10099 14 98.1117 235 39.4 46.0 63.1 5.6 5.8 2171.5190 0:36:11 7805.61 99400.94 7329.39 7467.91 1.98 8.33 157.09 3416.33

homfam ghf5 2717 6 260.466 470 17.8 65.6 65.5 32.9 46.7 3522.7974 0:58:42 8776.04 100371.36 8330.04 8441.14 1.99 7.73 163.26 5757.84

homfam ghf13 12607 10 264.452 626 26.8 60.8 61.0 25.3 35.1 6506.9640 1:48:26 9186.46 100822.18 8820.92 8971.13 5.99 17.10 178.46 11617.80

homfam PDZ 14950 6 80.8907 110 30.6 85.6 87.9 69.7 72.0 1159.0826 0:19:19 8120.56 99794.57 7754.66 7837.98 1.98 11.08 150.58 1745.35

homfam az 1086 29 100.416 215 33.4 77.9 77.2 39.1 42.9 499.1893 0:08:19 7734.82 97459.76 7258.19 7416.54 1.99 1.37 99.24 496.88

homfam hla 13465 5 153.148 178 76.5 100.0 100.0 100.0 100.0 954.6643 0:15:54 8608.02 98431.12 8131.23 8251.47 0.00 0.02 130.04 9.00

homfam slectin 932 5 133.052 142 33.3 93.7 93.7 87.6 90.3 700.4888 0:11:40 7786.48 104290.20 7422.61 7524.55 1.99 1.37 120.93 856.35

homfam GEL 2195 5 78.1157 150 23.7 77.2 76.2 45.2 62.1 603.1407 0:10:03 7664.17 98818.16 7232.46 7342.18 1.99 1.97 120.92 734.55

homfam kringle 1091 9 75.9138 100 43.3 92.9 92.3 75.3 79.3 388.2015 0:06:28 7611.39 97315.29 7134.89 7274.91 1.99 1.26 98.66 384.49

homfam p450 21013 12 331.506 512 20.8 77.6 77.3 39.5 48.9 10093.1233 2:48:13 10268.03 101767.42 9792.16 9939.24 1.97 32.73 166.40 16793.16

homfam gpdh 7691 8 129.082 360 55.1 96.1 96.0 87.7 90.4 1654.8568 0:27:34 8117.73 98017.39 7722.02 7833.13 1.99 12.75 154.19 2552.88

homfam int 7572 5 168.037 219 22.5 80.0 82.0 57.4 62.0 1943.4486 0:32:23 8240.48 99795.63 7763.28 7883.60 1.98 8.03 160.70 3124.44

homfam KAS 2070 6 174.528 404 31.7 86.4 86.5 71.0 76.0 1091.2401 0:18:11 8421.08 98275.60 7945.17 8065.44 1.99 2.86 131.72 1438.72

homfam trfl 837 7 242.315 702 61.9 95.5 95.9 88.0 89.1 2395.0209 0:39:55 8702.86 99791.33 8226.47 8346.82 1.99 1.64 158.68 3806.51

homfam TNF 556 5 119.903 176 32.0 79.9 79.3 62.4 66.7 402.1568 0:06:42 7955.55 97779.30 7479.23 7590.50 1.99 1.00 98.71 398.44

homfam scorptoxin 363 8 53.2562 74 46.3 89.8 89.0 72.6 78.7 278.8576 0:04:38 7517.04 97291.07 7040.48 7160.95 1.99 0.77 90.38 253.59

homfam aldosered 13277 7 268.547 386 41.6 86.2 89.9 65.2 73.4 5154.6879 1:25:54 8836.52 100509.03 8360.20 8525.86 22.00 18.43 165.82 8558.00

homfam rrm 27610 20 67.4587 157 22.9 82.8 80.9 20.7 22.8 1022.7365 0:17:02 7941.53 97578.02 7576.43 7741.87 194.02 30.58 136.12 1395.33

