homfam ricin 747 7 198.708 281 37.5 91.7 92.4 77.7 85.2 531.8855 0:08:51 15082.07 104907.48 14698.28 14838.79 1.99 1.73 137.13 730.85
homfam ghf10 1502 5 220.34 364 43.3 90.2 89.9 76.2 80.8 1112.3886 0:18:32 15095.78 105071.55 14726.65 14844.18 1.99 4.43 146.64 1640.69
homfam seatoxin 93 5 43.6344 54 42.6 67.1 65.3 10.2 10.0 157.2967 0:02:37 15153.71 105095.38 14685.20 14825.11 1.99 0.64 110.92 175.95
homfam mofe 2567 6 353.074 609 30.0 85.4 85.0 66.8 75.5 2866.4569 0:47:46 11854.98 103272.56 11515.17 11655.33 2.02 4.13 157.57 4524.50
homfam cyt3 385 6 92.3065 130 40.3 79.5 80.3 61.9 70.4 183.6012 0:03:03 14201.34 104030.46 13727.59 13867.32 1.99 1.18 116.76 215.84
homfam ins 793 6 65.2825 74 44.9 88.9 91.6 62.3 83.6 332.1614 0:05:32 13256.44 103080.10 12801.63 12919.20 1.99 1.09 136.08 461.56
homfam Ald_Xan_dh_2 2589 6 109.304 885 31.8 83.1 83.1 63.3 72.0 1825.2092 0:30:25 15112.52 105046.61 14839.38 14981.58 1.99 3.09 162.09 2964.02
homfam tms 2118 5 264.245 357 45.9 95.4 95.3 83.5 90.2 1324.1499 0:22:04 15075.85 104983.63 14680.87 14844.54 1.99 3.33 147.36 1960.96
homfam phc 2957 12 98.4711 179 37.2 93.0 94.4 73.2 77.4 489.8235 0:08:09 15093.60 104984.76 14673.22 14790.63 1.99 2.72 138.15 679.21
homfam cytb 3206 6 82.1454 100 35.6 90.8 91.0 70.7 76.5 738.1557 0:12:18 15076.08 104983.74 14705.38 14822.88 1.99 2.73 147.13 1090.21
homfam mmp 1427 6 157.93 180 55.1 95.3 96.7 88.2 92.8 708.4467 0:11:48 15057.84 104882.55 14628.52 14769.29 1.99 1.93 150.74 1075.07
homfam phoslip 946 18 113.33 137 48.9 95.8 95.6 76.5 86.9 242.5263 0:04:02 15071.55 104980.51 14690.45 14807.43 1.99 1.36 127.62 311.02
homfam HLH 6781 5 53.5453 92 28.1 89.2 93.2 65.5 77.1 578.0098 0:09:38 15076.73 104987.12 14705.55 14845.41 1.99 4.25 149.51 870.04
homfam myb_DNA-binding 10398 5 46.5583 61 40.7 94.6 94.2 80.4 86.0 363.1353 0:06:03 15080.65 104990.34 14848.90 14989.36 1.98 5.88 127.15 467.80
homfam msb 4884 8 106.037 158 26.6 86.2 88.1 59.3 72.3 433.9593 0:07:13 15087.07 105009.86 14706.19 14915.78 1.98 4.40 130.55 575.22
homfam ghf1 4358 8 403.813 562 38.4 92.7 92.8 73.4 80.8 3739.5411 1:02:19 12106.37 103247.83 11530.91 11671.28 1.99 7.92 153.72 5749.76
homfam rvp 93681 6 94.2886 132 36.6 81.5 81.0 53.2 59.9 1924.6049 0:32:04 8429.63 102924.57 7925.55 8067.47 1.99 58.53 112.13 2159.35
homfam lyase_1 7632 5 295.082 511 30.9 84.8 84.8 69.2 72.0 2451.9503 0:40:51 14088.93 103912.34 13572.83 13689.97 1.99 10.63 148.35 3638.63
homfam ldh 7367 14 121.378 371 31.9 90.1 89.6 60.3 69.7 1022.8096 0:17:02 14913.19 104738.11 14359.80 14568.75 1.99 7.27 150.82 1551.21
homfam subt 7517 11 301.598 414 39.5 79.6 81.8 35.5 47.2 7441.9490 2:04:01 7905.43 103191.96 7402.24 7532.15 1.98 12.62 166.33 12383.61
homfam sodfe 4455 8 77.4471 219 42.3 91.2 90.4 65.6 69.1 589.7307 0:09:49 15074.58 104985.83 14705.45 14823.07 1.99 3.63 143.07 845.17
homfam LIM 6428 5 57.0143 86 52.8 98.5 98.5 90.2 98.4 304.7858 0:05:04 7429.72 103108.41 6924.83 7041.97 1.99 4.46 124.13 379.95
homfam blm 9105 8 300.727 274 39.1 72.6 74.7 48.7 50.7 3750.1559 1:02:30 7782.54 102982.37 7584.60 7613.67 5.98 12.61 153.53 5764.23
homfam DMRL_synthase 2099 5 140.59 182 33.2 92.1 89.5 74.6 83.3 344.2290 0:05:44 15073.62 104982.60 14703.40 14844.14 1.99 2.29 127.03 438.76
homfam tRNA-synt_2b 11293 5 177.564 467 18.7 45.9 45.2 22.7 31.2 2303.1979 0:38:23 14128.14 104080.96 13612.29 13729.92 1.99 11.70 162.33 3743.86
homfam Stap_Strp_toxin 640 6 87.3922 254 32.5 82.8 82.4 51.9 58.0 417.1585 0:06:57 13262.95 103194.76 12751.86 12857.40 1.99 1.04 151.74 642.11
homfam Acetyltransf 46285 6 82.9897 229 24.1 64.6 64.2 33.9 43.9 3241.0008 0:54:01 10845.87 103121.72 10366.53 10472.33 1.97 34.22 167.33 5424.49
homfam ghf22 760 12 107.567 131 51.4 94.5 94.9 83.1 86.4 219.7444 0:03:39 15069.59 104982.48 14702.02 14842.70 1.99 1.15 119.26 263.10
homfam sdr 50157 13 163.253 361 23.3 77.9 78.5 30.9 40.6 3150.1488 0:52:30 8440.68 103191.90 7974.07 8171.25 1.96 55.62 134.04 4219.24
homfam ltn 1068 12 204.148 282 49.9 92.9 93.0 69.2 77.6 634.5514 0:10:34 15069.53 104981.51 14827.83 14922.01 1.99 1.79 149.55 950.53
homfam hpr 3349 5 83.0427 89 44.4 99.3 99.3 97.7 98.5 278.2659 0:04:38 15034.54 104947.86 14580.81 14721.66 1.99 2.63 124.56 348.14
homfam bowman 499 5 26.1443 73 64.9 93.9 93.9 82.9 84.9 149.7496 0:02:29 15062.70 105045.45 14753.23 14917.25 1.99 1.06 112.98 170.67
homfam hip 167 5 66.2096 88 33.4 86.7 85.7 63.1 74.8 175.0338 0:02:55 13905.84 103730.39 13374.04 13480.44 1.99 0.99 123.99 218.42
homfam HMG_box 4779 5 66.0716 89 24.8 93.9 93.9 77.8 85.4 308.1947 0:05:08 15085.75 104909.82 14688.97 14829.68 1.99 3.18 115.95 358.90
homfam icd 5678 5 328.887 433 41.7 93.7 94.2 83.2 86.3 2692.8233 0:44:52 15098.02 105014.06 14676.81 14782.78 1.99 8.38 152.81 4121.39
homfam peroxidase 4514 5 256.626 383 37.3 78.7 80.8 50.4 55.3 2548.1881 0:42:28 14435.50 104260.37 13955.87 14165.52 1.99 6.32 171.45 4374.46
homfam asp 3262 13 284.142 381 37.5 90.3 90.7 71.9 77.9 1894.5091 0:31:34 15071.13 105048.75 14814.06 14954.32 1.99 5.48 154.00 2927.73
homfam flav 4612 6 138.021 183 35.0 85.2 85.4 58.9 60.7 822.3774 0:13:42 15062.42 104909.84 14657.31 14866.19 1.99 4.27 156.78 1297.88
homfam cah 1379 5 212.706 279 38.7 87.5 88.2 67.2 75.5 671.2584 0:11:11 15073.78 104981.56 14703.92 14810.16 1.99 4.00 147.22 989.18
homfam ace 3989 6 427.824 601 37.3 84.3 86.0 63.8 69.1 4456.0935 1:14:16 8008.78 103330.07 7506.46 7715.50 1.98 8.86 158.94 7083.15
homfam sti 613 5 165.383 198 36.4 88.3 87.5 69.6 76.9 265.2449 0:04:25 15071.13 104981.45 14675.75 14839.40 1.99 1.12 133.47 355.49
homfam aat 25100 10 337.807 476 28.6 87.6 87.9 62.3 70.2 5738.0772 1:35:38 15147.17 105060.13 14744.72 14884.49 4.00 0.76 139.36 7997.36
homfam oxidored_q6 3348 5 123.044 285 56.7 87.4 89.4 78.6 80.2 737.3010 0:12:17 15095.48 105009.75 14768.00 14907.99 1.99 3.17 156.38 1162.80
homfam hormone_rec 3509 5 188.562 308 21.5 72.4 73.1 45.9 58.9 1116.9016 0:18:36 15113.63 104984.77 14629.89 14839.50 1.99 3.81 150.38 1688.86
homfam rhv 17976 6 143.424 938 33.1 66.0 66.8 36.9 45.8 11611.0894 3:13:31 7920.43 102920.80 7437.81 7543.65 5.99 15.69 156.10 18125.00
homfam tgfb 1606 8 95.4645 118 43.8 82.5 85.4 33.3 39.4 276.4495 0:04:36 14864.12 104757.45 14378.24 14495.72 1.99 1.86 127.65 354.29
homfam cryst 1160 7 80.8078 192 44.4 92.2 91.9 70.7 74.2 287.6611 0:04:47 15070.25 105046.52 14686.64 14804.34 1.99 1.55 127.19 367.37
homfam cyclo 6288 6 159.069 203 44.1 87.7 88.5 73.5 78.3 1422.3166 0:23:42 12153.79 103245.55 11612.89 11730.23 1.99 7.18 155.33 2216.49
homfam kunitz 2266 10 53.752 64 37.9 98.9 98.9 95.0 94.7 211.7845 0:03:31 15109.23 105032.64 14684.26 14893.60 1.99 1.86 122.45 260.35
homfam Rhodanese 14049 6 102.277 216 22.7 78.9 87.3 64.6 69.2 1327.2132 0:22:07 14138.08 104044.61 13624.13 13833.71 1.98 11.24 154.78 2060.81
homfam sodcu 2038 7 141.322 169 42.2 88.9 89.8 74.1 77.8 419.1038 0:06:59 15109.77 104957.61 14714.46 14854.41 1.99 2.37 127.98 539.49
homfam profilin 687 5 123.371 144 39.7 93.2 93.2 84.4 85.9 255.4927 0:04:15 15120.84 105005.48 14717.78 14859.22 1.99 1.13 122.25 313.69
homfam glob 3983 41 100.684 174 31.7 94.0 93.9 62.9 66.2 409.7817 0:06:49 15084.40 104909.79 14755.19 14964.78 1.99 3.41 119.96 499.95
homfam tim 3904 10 205.645 260 47.5 97.9 97.8 93.4 96.4 1107.2707 0:18:27 15071.72 105049.77 14711.49 14921.26 1.99 8.94 144.22 1598.15
homfam uce 4558 13 134.701 184 34.0 90.7 90.4 56.6 65.3 562.1360 0:09:22 15093.61 105008.84 14832.15 14972.67 1.99 6.16 129.53 731.89
homfam toxin 508 20 62.311 78 43.1 94.2 92.5 67.5 76.3 136.4822 0:02:16 15068.61 104981.44 14653.31 14770.97 1.99 1.12 92.21 127.36
homfam rub 1435 5 46.1575 54 62.1 98.4 98.4 92.6 93.5 180.6419 0:03:00 15107.57 104933.55 14710.76 14828.45 1.99 1.29 119.00 216.49
homfam hom 12037 8 53.4951 98 35.3 92.9 93.5 68.1 84.7 398.5013 0:06:38 15088.88 104966.73 14587.09 14796.83 1.99 6.51 124.70 498.51
homfam biotin_lipoyl 11833 7 71.8928 112 28.9 94.3 94.4 77.6 82.7 440.0634 0:07:20 13565.75 103389.63 13086.03 13203.60 1.99 10.84 131.59 580.43
homfam cys 4316 13 198.11 284 40.5 95.1 94.5 72.4 82.8 1122.1595 0:18:42 15076.59 104984.81 14695.42 14905.18 0.00 0.02 149.17 8.71
homfam ghf11 521 5 167.758 202 49.5 94.0 93.8 83.3 85.1 381.0890 0:06:21 15093.98 105007.44 14726.87 14844.54 1.99 1.77 146.35 559.14
homfam blmb 17200 6 192.465 344 20.6 67.9 70.0 41.5 50.5 3768.0792 1:02:48 7770.27 103097.71 7264.86 7394.88 1.98 19.38 165.64 6241.73
homfam aadh 3127 8 225.129 542 38.2 86.8 86.8 55.1 61.0 1654.1153 0:27:34 15073.40 105046.75 14842.73 14983.09 1.99 4.31 152.73 2535.48
homfam DEATH 1183 7 80.5689 159 19.6 83.2 84.2 59.7 66.4 256.9753 0:04:16 15057.92 105045.52 14635.02 14775.68 1.99 1.33 122.82 317.10
homfam Sulfotransfer 2489 5 235.798 381 26.2 76.4 77.3 48.3 57.0 1727.8427 0:28:47 15073.55 104983.62 14842.86 14983.13 1.99 3.89 159.89 2772.70
homfam serpin 3144 8 291.462 418 34.3 95.9 95.2 83.9 90.4 2055.2310 0:34:15 15087.64 105010.73 14674.86 14885.35 1.99 4.84 156.58 3227.39
homfam proteasome 5732 17 174.347 309 21.7 84.5 81.9 40.3 60.3 931.8345 0:15:31 11154.51 101076.47 11019.50 11048.70 1.99 5.74 147.23 1380.82
homfam zf-CCHH 88345 15 23.2513 39 35.5 95.9 96.1 85.7 89.3 1223.5045 0:20:23 10500.41 103185.93 10139.08 10210.33 1.94 52.82 115.30 1411.60
homfam egf 7774 12 32.0765 71 31.1 77.6 79.0 36.8 46.9 296.4242 0:04:56 15052.59 104962.27 14821.82 14962.22 1.98 4.49 127.01 383.23
homfam annexin 3139 6 65.1902 323 57.2 99.6 99.8 99.4 99.4 657.5224 0:10:57 15034.03 104857.69 14529.29 14692.80 1.99 2.34 148.35 976.36
homfam OTCace 4795 5 157.005 350 37.3 96.4 96.6 89.9 91.8 794.8480 0:13:14 15127.42 105023.86 14685.09 14894.08 1.99 4.94 144.40 1149.24
homfam rnasemam 498 6 120.072 141 42.2 92.8 90.3 70.1 81.6 199.1713 0:03:19 15068.94 104982.45 14687.63 14828.34 0.00 0.02 131.74 4.53
homfam adh 21331 5 123.64 375 63.9 98.1 98.4 95.2 95.5 1706.7896 0:28:26 12799.15 103208.83 12295.64 12412.63 1.98 18.96 144.90 2476.89
homfam il8 1073 11 63.7623 81 34.5 92.5 91.7 67.5 76.3 184.4637 0:03:04 15107.91 105030.50 14727.23 14867.79 1.99 1.10 117.38 218.02
homfam hr 3707 5 65.1513 82 53.3 98.3 98.7 93.7 98.3 278.2751 0:04:38 15072.76 104983.78 14706.11 14916.66 1.99 2.83 124.78 352.25
homfam ChtBD 774 5 38.2713 45 59.3 99.3 99.0 95.3 97.1 152.2903 0:02:32 15057.46 104880.50 14646.74 14763.86 1.99 0.98 109.73 168.61
homfam gluts 10099 14 98.1117 235 39.4 85.3 86.0 62.2 65.1 1650.9391 0:27:30 14439.64 104264.73 14069.93 14210.41 1.98 7.88 160.34 2650.45
homfam ghf5 2717 6 260.466 470 17.8 68.1 69.7 36.5 50.9 1753.2337 0:29:13 15067.84 104983.65 14705.84 14914.79 1.99 4.15 158.69 2790.21
homfam ghf13 12607 10 264.452 626 26.8 65.5 64.7 26.8 37.9 5490.2601 1:31:30 12002.71 103307.83 11487.90 11697.65 0.00 0.02 168.30 24.35
homfam PDZ 14950 6 80.8907 110 30.6 85.5 85.7 67.7 68.6 706.8307 0:11:46 15057.84 104894.95 14650.75 14756.68 1.98 11.42 140.61 1000.86
homfam az 1086 29 100.416 215 33.4 77.3 77.1 40.2 43.1 287.2175 0:04:47 15157.10 104981.50 14763.48 14973.74 1.99 1.38 117.78 341.98
homfam hla 13465 5 153.148 178 76.5 100.0 100.0 100.0 100.0 835.4360 0:13:55 12567.25 102921.55 12070.09 12279.02 1.99 13.42 122.23 1022.68
homfam slectin 932 5 133.052 142 33.3 95.1 95.1 87.6 91.3 487.5391 0:08:07 15090.79 105045.50 14602.25 14719.68 1.99 1.39 142.77 698.94
homfam GEL 2195 5 78.1157 150 23.7 66.4 67.6 37.7 52.0 316.7406 0:05:16 14532.95 104421.18 13978.14 14142.41 1.99 1.96 121.63 389.43
homfam kringle 1091 9 75.9138 100 43.3 94.4 94.0 77.5 80.9 216.5795 0:03:36 12602.36 102938.73 12100.33 12217.93 1.99 1.24 121.30 263.87
homfam p450 21013 12 331.506 512 20.8 75.2 74.6 42.1 52.3 5285.5170 1:28:05 8838.41 103206.24 8334.34 8464.35 1.98 121.99 143.50 7575.62
homfam gpdh 7691 8 129.082 360 55.1 96.4 96.4 89.1 91.6 972.0011 0:16:12 15076.55 104988.20 14699.19 14805.20 1.99 8.02 139.63 1363.61
homfam int 7572 5 168.037 219 22.5 88.1 88.9 71.8 77.7 1552.2235 0:25:52 15081.84 104988.15 14841.26 14981.61 1.98 8.10 154.21 2403.33
homfam KAS 2070 6 174.528 404 31.7 79.1 81.9 53.5 61.9 696.4129 0:11:36 15158.23 104982.60 14631.18 14794.11 1.99 2.58 137.92 962.00
homfam trfl 837 7 242.315 702 61.9 93.6 94.3 84.9 83.8 1217.6240 0:20:17 15108.00 105031.50 14704.52 14810.74 1.99 1.86 157.82 1923.52
homfam TNF 556 5 119.903 176 32.0 82.4 81.9 64.3 69.8 221.2528 0:03:41 15068.36 104981.45 14677.64 14818.13 1.99 1.29 117.96 262.47
homfam scorptoxin 363 8 53.2562 74 46.3 92.3 91.1 78.1 85.5 146.8950 0:02:26 12518.27 102354.94 12025.16 12142.79 1.99 0.75 113.10 167.74
homfam aldosered 13277 7 268.547 386 41.6 84.4 87.4 67.1 74.2 3511.1415 0:58:31 11768.16 103054.87 11253.12 11462.74 1.98 17.53 152.03 5343.34
homfam rrm 27610 20 67.4587 157 22.9 86.8 85.3 23.4 30.7 732.3543 0:12:12 7200.64 97095.38 6696.32 6930.43 1.98 17.70 117.56 862.45
