homfam ricin 747 7 198.708 281 37.5 91.0 91.7 76.9 83.6 611.0809 0:10:11 6960.12 102918.09 6595.11 6682.67 1.99 1.32 141.81 868.01
homfam ghf10 1502 5 220.34 364 43.3 88.3 88.5 70.9 77.0 1535.1200 0:25:35 7049.70 102970.78 6573.37 6693.79 1.99 4.32 161.28 2486.05
homfam seatoxin 93 5 43.6344 54 42.6 66.7 64.1 8.2 9.3 144.3264 0:02:24 6434.11 102929.44 5957.43 6116.34 1.99 0.67 128.20 186.60
homfam mofe 2567 6 353.074 609 30.0 85.3 87.2 66.2 73.9 4697.2415 1:18:17 7331.93 103288.57 7150.59 7179.40 1.99 4.16 164.48 7735.17
homfam cyt3 385 6 92.3065 130 40.3 79.4 80.6 59.3 66.8 218.9916 0:03:38 6676.53 102919.14 6311.56 6414.68 1.99 0.92 127.12 279.85
homfam ins 793 6 65.2825 74 44.9 91.4 94.8 65.2 87.8 371.8021 0:06:11 6768.71 99910.08 6403.39 6486.92 1.99 1.46 140.82 532.03
homfam Ald_Xan_dh_2 2589 6 109.304 885 31.8 83.8 84.1 63.8 72.4 2173.1612 0:36:13 6558.83 99912.90 6193.55 6304.15 1.99 2.60 170.33 3707.53
homfam tms 2118 5 264.245 357 45.9 95.6 95.2 83.9 90.3 1666.3671 0:27:46 7047.08 103249.96 6681.21 6792.04 1.99 3.28 156.04 2608.16
homfam phc 2957 12 98.4711 179 37.2 91.4 92.0 68.2 75.1 547.0268 0:09:07 6893.50 102919.93 6417.58 6583.49 1.99 2.66 147.42 812.09
homfam cytb 3206 6 82.1454 100 35.6 86.6 86.5 63.0 67.8 821.7801 0:13:41 6676.11 99909.46 6310.36 6421.03 1.99 2.66 172.09 1415.32
homfam mmp 1427 6 157.93 180 55.1 94.9 95.8 85.8 90.8 1106.6208 0:18:26 6902.09 102988.48 6536.72 6647.42 1.99 1.99 145.75 1618.27
homfam phoslip 946 18 113.33 137 48.9 95.4 95.1 76.5 86.1 331.5904 0:05:31 6859.72 102922.81 6383.58 6549.98 1.99 1.64 126.00 419.26
homfam HLH 6781 5 53.5453 92 28.1 87.4 90.0 65.5 77.1 567.4362 0:09:27 6849.55 99910.88 6373.67 6512.03 1.99 4.27 145.78 835.98
homfam myb_DNA-binding 10398 5 46.5583 61 40.7 94.4 93.3 78.6 84.0 439.7512 0:07:19 6762.09 101866.25 6476.71 6566.10 1.98 5.95 142.55 628.46
homfam msb 4884 8 106.037 158 26.6 87.2 87.9 62.1 75.2 499.1589 0:08:19 6935.24 99912.10 6461.35 6631.69 1.98 4.38 128.50 647.19
homfam ghf1 4358 8 403.813 562 38.4 91.8 91.9 71.6 79.7 6162.7386 1:42:42 7899.31 103251.63 7423.55 7543.87 1.99 10.14 164.99 10170.25
homfam rvp 93681 6 94.2886 132 36.6 80.2 79.4 51.4 57.8 1292.4808 0:21:32 9658.40 99378.81 9293.05 9457.96 1.99 58.27 143.79 1858.19
homfam lyase_1 7632 5 295.082 511 30.9 79.8 79.9 63.0 64.5 3794.8111 1:03:14 7650.16 103211.24 7536.58 7557.36 5.99 10.57 159.43 6055.29
homfam ldh 7367 14 121.378 371 31.9 89.6 88.6 58.6 69.5 1433.2906 0:23:53 7050.23 103180.67 6935.56 6964.92 1.99 7.19 154.52 2216.34
homfam subt 7517 11 301.598 414 39.5 78.9 80.3 34.2 46.7 10189.6349 2:49:49 8239.16 103315.27 8019.81 8108.67 1.98 12.16 173.91 17726.25
homfam sodfe 4455 8 77.4471 219 42.3 90.5 89.8 65.1 68.9 716.4397 0:11:56 6651.35 102950.96 6285.98 6404.75 1.99 3.44 148.29 1064.68
homfam LIM 6428 5 57.0143 86 52.8 97.9 97.9 89.0 96.8 316.6813 0:05:16 6668.91 99912.51 6192.93 6317.21 1.99 4.15 120.36 382.78
homfam blm 9105 8 300.727 274 39.1 33.4 42.0 0.0 0.0 4544.2314 1:15:44 8045.53 102955.65 7570.00 7712.74 1.98 13.22 162.99 7412.68
homfam DMRL_synthase 2099 5 140.59 182 33.2 92.3 89.6 74.6 83.3 427.2756 0:07:07 6988.50 99909.51 6623.27 6733.92 1.99 2.34 142.94 612.23
homfam tRNA-synt_2b 11293 5 177.564 467 18.7 50.9 49.8 23.8 33.6 2647.7769 0:44:07 7713.42 103194.12 7237.54 7376.25 1.99 11.62 168.64 4474.21
homfam Stap_Strp_toxin 640 6 87.3922 254 32.5 79.5 78.9 47.7 53.6 551.7490 0:09:11 6752.44 102920.28 6387.01 6470.51 1.99 1.00 156.60 865.47
homfam Acetyltransf 46285 6 82.9897 229 24.1 64.9 63.9 34.4 44.7 3480.4245 0:58:00 8259.79 103200.35 7783.74 8003.99 1.97 33.74 179.76 6263.55
homfam ghf22 760 12 107.567 131 51.4 93.5 93.7 80.8 84.4 274.0016 0:04:34 6773.38 101960.88 6364.50 6451.43 1.99 1.18 138.07 379.81
homfam sdr 50157 13 163.253 361 23.3 78.2 78.4 29.0 38.3 2733.5236 0:45:33 9048.38 103804.61 8689.16 8852.93 2.32 56.69 150.38 4109.07
homfam ltn 1068 12 204.148 282 49.9 91.6 92.4 67.6 76.6 947.6837 0:15:47 6750.20 101958.32 6385.22 6481.44 1.99 1.80 151.26 1434.84
homfam hpr 3349 5 83.0427 89 44.4 99.3 99.3 97.7 98.5 312.9620 0:05:12 6695.16 101958.47 6218.96 6384.89 1.99 2.68 122.63 385.27
homfam bowman 499 5 26.1443 73 64.9 94.5 94.5 82.9 84.9 163.0793 0:02:43 6528.46 96061.10 6163.13 6257.27 1.99 0.79 113.43 186.52
homfam hip 167 5 66.2096 88 33.4 86.4 85.4 63.1 74.8 158.9747 0:02:38 6567.16 99909.82 6202.14 6289.72 1.99 1.00 114.34 183.24
homfam HMG_box 4779 5 66.0716 89 24.8 97.3 96.2 85.2 93.9 324.6679 0:05:24 6666.98 99911.80 6301.41 6412.09 1.99 3.20 147.61 480.73
homfam icd 5678 5 328.887 433 41.7 94.2 94.6 84.0 87.7 4305.8813 1:11:45 7742.61 103248.65 7266.40 7386.92 1.99 8.25 162.76 7015.61
homfam peroxidase 4514 5 256.626 383 37.3 76.6 80.6 52.4 54.7 3298.2950 0:54:58 7371.84 103116.88 7260.36 7289.04 1.99 6.25 170.30 5622.68
homfam asp 3262 13 284.142 381 37.5 91.6 91.8 73.5 80.6 3026.8393 0:50:26 7441.99 103117.94 7343.25 7370.10 1.99 5.54 164.69 4993.08
homfam flav 4612 6 138.021 183 35.0 83.4 84.2 58.3 59.4 1101.8368 0:18:21 6818.59 99908.75 6342.29 6562.51 1.99 4.23 165.37 1829.12
homfam cah 1379 5 212.706 279 38.7 87.9 88.5 68.3 75.6 866.3034 0:14:26 6870.25 103278.95 6489.66 6615.37 1.99 2.11 158.57 1375.78
homfam ace 3989 6 427.824 601 37.3 86.2 86.9 66.1 73.0 7060.4738 1:57:40 8189.34 103065.30 7713.46 7852.31 1.99 8.69 165.65 11701.67
homfam sti 613 5 165.383 198 36.4 88.4 87.6 70.1 76.6 325.7504 0:05:25 6879.97 102922.43 6403.77 6546.55 1.99 1.48 142.68 466.22
homfam aat 25100 10 337.807 476 28.6 80.4 81.3 39.2 46.1 8459.4667 2:20:59 9750.39 101122.90 9274.54 9495.70 5.98 36.03 159.42 13487.58
homfam oxidored_q6 3348 5 123.044 285 56.7 92.3 94.9 83.5 85.2 1071.0652 0:17:51 6807.18 102919.09 6460.97 6571.26 1.99 3.21 156.53 1685.10
homfam hormone_rec 3509 5 188.562 308 21.5 71.4 72.1 47.7 60.8 1277.4028 0:21:17 7097.25 102919.15 7017.14 7045.86 1.99 3.91 160.13 2056.03
homfam rhv 17976 6 143.424 938 33.1 34.6 41.8 2.4 2.6 12108.2421 3:21:48 7535.55 101960.54 7169.96 7253.82 5.99 41.83 167.79 20318.95
homfam tgfb 1606 8 95.4645 118 43.8 83.9 88.4 36.8 45.0 341.5784 0:05:41 6666.34 97701.38 6260.77 6426.25 1.99 1.61 119.70 410.31
homfam cryst 1160 7 80.8078 192 44.4 91.7 91.8 72.9 76.2 310.6079 0:05:10 6799.00 99909.09 6433.34 6552.26 1.99 3.23 140.04 436.20
homfam cyclo 6288 6 159.069 203 44.1 86.5 88.0 68.3 73.2 1687.4151 0:28:07 7238.25 103246.62 6762.25 6882.29 0.00 0.02 166.73 11.62
homfam kunitz 2266 10 53.752 64 37.9 97.5 97.5 88.3 87.5 208.8604 0:03:28 6530.89 98244.55 6165.61 6276.22 1.99 1.88 135.85 284.85
homfam Rhodanese 14049 6 102.277 216 22.7 73.7 80.5 50.5 57.5 1412.4562 0:23:32 7051.67 103674.07 6978.93 7001.77 1.98 11.45 165.63 2346.63
homfam sodcu 2038 7 141.322 169 42.2 88.5 89.1 71.1 75.8 407.5702 0:06:47 7124.94 101959.41 6649.05 6814.91 1.99 2.28 138.94 567.76
homfam profilin 687 5 123.371 144 39.7 93.1 93.6 84.4 85.1 316.6259 0:05:16 6872.57 99912.67 6507.19 6601.75 1.99 1.51 134.97 428.89
homfam glob 3983 41 100.684 174 31.7 94.5 94.2 70.0 73.3 467.7195 0:07:47 6897.16 102919.44 6421.35 6562.02 1.99 3.71 144.65 684.90
homfam tim 3904 10 205.645 260 47.5 98.0 97.9 93.1 96.2 1539.5872 0:25:39 7089.51 103083.71 6723.64 6888.68 1.99 5.03 159.41 2455.82
homfam uce 4558 13 134.701 184 34.0 89.6 88.5 54.2 63.1 667.6541 0:11:07 7223.26 97973.90 7011.50 7046.42 1.99 4.21 140.34 944.24
homfam toxin 508 20 62.311 78 43.1 85.7 83.9 50.6 58.2 173.8065 0:02:53 6546.54 102937.38 6156.23 6260.34 1.99 0.88 133.14 232.87
homfam rub 1435 5 46.1575 54 62.1 98.4 98.4 92.6 93.5 196.3936 0:03:16 6467.66 99910.89 5991.35 6130.20 1.99 1.61 118.40 234.08
homfam hom 12037 8 53.4951 98 35.3 94.1 93.9 68.1 84.7 414.6754 0:06:54 6772.05 101960.39 6706.24 6734.89 1.99 6.55 149.41 621.77
homfam biotin_lipoyl 11833 7 71.8928 112 28.9 94.4 92.8 76.5 82.3 415.1880 0:06:55 6856.32 99914.45 6380.41 6519.17 1.99 8.15 146.36 611.23
homfam cys 4316 13 198.11 284 40.5 94.0 93.4 68.7 79.0 1494.0748 0:24:54 7305.94 102971.98 6978.85 7120.25 1.99 5.76 158.65 2377.71
homfam ghf11 521 5 167.758 202 49.5 93.0 92.7 82.3 83.6 510.7326 0:08:30 6939.38 102918.41 6498.02 6602.64 1.99 1.46 141.71 725.26
homfam blmb 17200 6 192.465 344 20.6 69.5 73.7 37.5 48.1 3609.3132 1:00:09 8004.63 102990.86 7639.09 7749.84 1.98 18.68 168.95 6103.62
homfam aadh 3127 8 225.129 542 38.2 88.2 88.1 58.7 65.2 2208.4133 0:36:48 6962.18 103282.98 6709.76 6761.20 1.99 4.25 157.55 3487.19
homfam DEATH 1183 7 80.5689 159 19.6 82.3 82.7 60.5 67.5 271.1889 0:04:31 6620.05 99912.88 6254.76 6350.33 1.99 1.68 142.03 386.71
homfam Sulfotransfer 2489 5 235.798 381 26.2 71.9 73.3 40.9 49.4 2626.3433 0:43:46 7140.90 103243.34 6814.52 6954.72 1.99 3.82 167.88 4417.11
homfam serpin 3144 8 291.462 418 34.3 95.1 94.4 81.9 88.3 2775.1377 0:46:15 7389.99 101959.18 7331.21 7357.62 1.99 4.72 161.67 4493.98
homfam proteasome 5732 17 174.347 309 21.7 82.8 81.1 35.2 52.6 1209.7446 0:20:09 7046.95 103054.13 6972.74 7001.64 1.99 5.75 158.39 1925.27
homfam zf-CCHH 88345 15 23.2513 39 35.5 97.1 96.5 88.6 93.0 700.2915 0:11:40 7409.96 102925.21 6933.85 7054.15 1.95 42.15 129.74 910.09
homfam egf 7774 12 32.0765 71 31.1 80.5 80.0 45.6 51.1 238.1947 0:03:58 6563.14 102919.33 6170.66 6336.08 1.98 4.53 135.34 325.68
homfam annexin 3139 6 65.1902 323 57.2 99.6 99.8 99.4 99.4 640.2052 0:10:40 6664.61 102058.04 6205.44 6340.28 1.99 2.32 158.62 1016.86
homfam OTCace 4795 5 157.005 350 37.3 96.7 96.7 89.6 91.8 1071.3230 0:17:51 7012.20 103187.89 6646.70 6811.57 1.99 5.06 150.07 1609.23
homfam rnasemam 498 6 120.072 141 42.2 93.2 89.9 70.9 82.1 240.0020 0:04:00 6748.30 99911.92 6351.38 6462.72 1.99 0.99 136.60 329.34
homfam adh 21331 5 123.64 375 63.9 75.2 76.9 60.8 61.2 1892.4144 0:31:32 7440.30 98254.26 7230.05 7258.87 33.98 37.34 160.19 3033.00
homfam il8 1073 11 63.7623 81 34.5 90.1 89.4 64.9 73.7 216.5138 0:03:36 6566.03 101958.28 6090.36 6229.14 1.99 1.14 131.29 285.80
homfam hr 3707 5 65.1513 82 53.3 99.1 99.1 94.9 99.1 302.5863 0:05:02 6598.62 97896.42 6233.70 6399.96 1.99 2.95 142.14 437.45
homfam ChtBD 774 5 38.2713 45 59.3 98.3 98.1 90.7 93.2 168.5962 0:02:48 6462.70 99911.79 6027.50 6193.96 0.00 0.02 137.47 4.13
homfam gluts 10099 14 98.1117 235 39.4 47.1 50.4 23.6 26.3 1963.4645 0:32:43 7066.55 99910.41 6700.84 6865.79 1.98 7.92 169.30 3331.13
homfam ghf5 2717 6 260.466 470 17.8 68.1 67.9 37.0 50.7 3023.7543 0:50:23 7244.02 103293.64 7044.20 7067.32 1.99 4.07 167.11 5061.40
homfam ghf13 12607 10 264.452 626 26.8 63.3 63.2 25.3 35.7 7463.0993 2:04:23 8388.48 103223.57 7990.71 8087.65 1.99 16.22 171.52 12803.99
homfam PDZ 14950 6 80.8907 110 30.6 86.9 87.5 74.7 77.7 778.1561 0:12:58 7222.28 102952.82 6856.65 7021.48 1.98 11.23 156.77 1220.30
homfam az 1086 29 100.416 215 33.4 71.4 71.4 41.3 45.2 366.5902 0:06:06 6727.03 101957.30 6267.31 6454.45 1.99 1.43 125.09 465.22
homfam hla 13465 5 153.148 178 76.5 100.0 100.0 100.0 100.0 1022.2666 0:17:02 8011.92 99914.73 7646.53 7811.28 1.99 13.33 151.56 1556.30
homfam slectin 932 5 133.052 142 33.3 94.3 94.1 84.7 88.5 624.2499 0:10:24 6746.64 102599.43 6343.59 6439.73 1.99 1.35 142.78 901.00
homfam GEL 2195 5 78.1157 150 23.7 69.9 69.6 39.7 55.9 326.2956 0:05:26 6751.09 102937.50 6385.61 6496.27 1.99 3.87 150.10 497.93
homfam kringle 1091 9 75.9138 100 43.3 95.3 94.3 77.5 81.8 309.0549 0:05:09 6596.96 103063.52 6120.92 6265.70 1.99 1.30 120.07 372.58
homfam p450 21013 12 331.506 512 20.8 66.5 68.8 31.5 39.5 7822.7002 2:10:22 10333.63 103150.78 9857.37 10077.61 1.98 32.52 162.29 12689.09
homfam gpdh 7691 8 129.082 360 55.1 96.4 96.3 88.8 91.4 1219.5533 0:20:19 7075.56 99914.15 6704.68 6815.00 1.99 8.12 157.12 1917.27
homfam int 7572 5 168.037 219 22.5 89.5 90.8 72.8 78.8 1764.9308 0:29:24 7346.25 103089.89 6980.72 7068.46 1.99 8.29 158.05 2798.01
homfam KAS 2070 6 174.528 404 31.7 86.5 86.4 70.2 75.5 855.5933 0:14:15 7180.73 102995.70 6815.50 6926.79 1.99 2.94 154.79 1325.62
homfam trfl 837 7 242.315 702 61.9 94.5 95.8 87.4 88.3 1845.5350 0:30:45 7135.97 96901.72 6660.00 6808.15 1.99 3.53 163.80 3024.48
homfam TNF 556 5 119.903 176 32.0 85.3 84.9 67.5 73.4 272.7243 0:04:32 6709.04 101959.26 6253.18 6399.30 1.99 1.32 139.00 380.49
homfam scorptoxin 363 8 53.2562 74 46.3 91.2 90.5 72.6 81.2 152.2984 0:02:32 6551.55 97896.36 6178.57 6262.09 1.99 1.08 119.76 183.97
homfam aldosered 13277 7 268.547 386 41.6 87.3 89.6 69.2 75.0 4612.3305 1:16:52 8160.26 102996.23 7794.50 7959.46 1.98 17.68 163.14 7523.06
homfam rrm 27610 20 67.4587 157 22.9 83.3 82.4 17.1 22.7 784.9062 0:13:04 7271.19 96847.81 6905.73 6989.19 1.98 18.26 149.11 1171.85
