homfam ricin 747 7 198.708 281 37.5 90.0 90.8 74.4 82.5 789.0857 0:13:09 8159.49 101965.92 7793.98 7896.00 1.99 1.36 130.79 1041.93

homfam ghf10 1502 5 220.34 364 43.3 94.1 94.0 82.0 87.3 1628.6012 0:27:08 8663.20 99499.80 8185.91 8306.73 1.99 2.77 157.37 2570.26

homfam seatoxin 93 5 43.6344 54 42.6 61.3 72.8 4.1 2.8 339.7923 0:05:39 7433.83 97150.91 7068.20 7198.60 1.99 0.61 88.90 303.61

homfam mofe 2567 6 353.074 609 30.0 85.5 88.2 68.1 75.1 2618.8646 0:43:38 10040.56 101234.43 9674.26 9757.99 1.99 4.81 158.79 4160.39

homfam cyt3 385 6 92.3065 130 40.3 77.2 77.0 56.8 63.8 363.0362 0:06:03 7636.19 103123.00 7158.75 7298.06 1.99 1.23 108.17 399.69

homfam ins 793 6 65.2825 74 44.9 89.6 90.2 59.4 84.0 631.8357 0:10:31 7759.44 99248.13 7282.52 7449.21 1.99 1.12 123.21 787.11

homfam Ald_Xan_dh_2 2589 6 109.304 885 31.8 83.0 82.9 62.5 71.0 3794.0258 1:03:14 7834.28 98906.24 7362.77 7501.92 1.99 2.96 164.54 6253.00

homfam tms 2118 5 264.245 357 45.9 95.7 95.9 85.3 91.7 2066.2133 0:34:26 8900.43 100282.28 8423.44 8562.39 1.99 3.22 159.83 3309.34

homfam phc 2957 12 98.4711 179 37.2 71.6 94.1 41.3 43.0 1080.1485 0:18:00 8100.81 99386.20 7614.01 7734.65 1.99 3.04 142.33 1544.76

homfam cytb 3206 6 82.1454 100 35.6 91.2 91.5 72.8 80.2 1320.2453 0:22:00 7900.46 99366.74 7423.39 7543.91 9.99 2.70 152.16 2018.38

homfam mmp 1427 6 157.93 180 55.1 95.3 96.6 87.0 92.1 1440.2785 0:24:00 8133.64 99613.55 7768.28 7879.58 1.99 2.32 150.85 2181.43

homfam phoslip 946 18 113.33 137 48.9 94.5 94.3 69.9 79.3 491.4283 0:08:11 7789.11 99487.94 7361.20 7463.42 1.99 1.64 113.17 557.10

homfam HLH 6781 5 53.5453 92 28.1 89.0 94.0 65.5 77.1 829.9299 0:13:49 7943.25 99464.18 7520.90 7659.81 1.99 4.31 141.26 1181.78

homfam myb_DNA-binding 10398 5 46.5583 61 40.7 96.8 95.6 83.9 90.0 728.9981 0:12:08 7999.50 98980.62 7523.12 7681.68 1.98 6.24 118.76 873.51

homfam msb 4884 8 106.037 158 26.6 86.1 87.4 57.2 71.2 838.3712 0:13:58 7920.16 99453.41 7400.32 7541.76 1.98 4.82 127.00 1073.34

homfam ghf1 4358 8 403.813 562 38.4 92.2 92.6 71.6 80.1 113895.0755 1:7:38:15 15063.52 17721.79 14896.80 14951.63 1.99 8.09 195.04 222136.17

homfam rvp 93681 6 94.2886 132 36.6 86.0 85.8 62.2 70.0 1991.3397 0:33:11 10306.51 101086.19 9930.33 10021.16 1.99 93.99 152.72 3042.75

homfam lyase_1 7632 5 295.082 511 30.9 75.1 74.9 53.1 56.3 3318.8921 0:55:18 9528.94 100386.70 9045.81 9184.43 1.99 12.21 161.42 5366.18

homfam ldh 7367 14 121.378 371 31.9 88.5 88.4 58.1 69.5 1795.0635 0:29:55 8358.76 99186.61 7989.80 8073.46 1.99 7.09 158.00 2843.10

homfam subt 7517 11 301.598 414 39.5 76.8 82.7 30.4 39.0 10790.5665 2:59:50 9769.02 101046.50 9293.18 9431.77 1.98 12.94 178.58 19279.89

homfam sodfe 4455 8 77.4471 219 42.3 90.6 90.4 67.0 69.8 902.1390 0:15:02 8140.07 99224.02 7644.06 7812.11 1.99 3.77 137.28 1243.24

homfam LIM 6428 5 57.0143 86 52.8 97.3 97.3 86.6 94.2 542.6053 0:09:02 7964.32 97697.92 7487.84 7626.73 1.99 4.27 115.02 625.57

homfam blm 9105 8 300.727 274 39.1 76.6 80.7 62.9 65.4 5557.1686 1:32:37 10121.11 101381.05 9753.25 9888.97 65.98 31.05 174.41 9693.97

homfam DMRL_synthase 2099 5 140.59 182 33.2 93.4 90.5 73.4 82.5 804.2421 0:13:24 7939.69 97865.79 7500.13 7659.04 0.00 0.02 125.17 8.28

homfam tRNA-synt_2b 11293 5 177.564 467 18.7 53.2 52.0 25.9 36.4 3587.8667 0:59:47 8753.86 100161.27 8252.56 8372.64 0.00 0.02 170.66 23.79

homfam Stap_Strp_toxin 640 6 87.3922 254 32.5 78.2 77.5 46.9 53.7 734.7768 0:12:14 7740.05 97487.02 7281.55 7431.32 1.99 1.22 119.57 880.19

homfam Acetyltransf 46285 6 82.9897 229 24.1 63.3 64.5 33.3 43.6 4353.7796 1:12:33 9364.48 100742.49 8999.68 9110.75 136.00 0.02 176.91 30.12

homfam ghf22 760 12 107.567 131 51.4 94.3 94.5 79.2 82.9 451.4656 0:07:31 7712.84 97425.75 7236.61 7431.76 1.99 1.15 97.60 442.05

homfam sdr 50157 13 163.253 361 23.3 79.5 78.7 32.8 44.1 4049.4098 1:07:29 10491.09 101849.70 10171.30 10254.75 1.96 55.72 156.15 6327.46

homfam ltn 1068 12 204.148 282 49.9 93.2 93.6 70.4 79.3 1221.3694 0:20:21 8564.66 99624.18 8088.83 8307.01 5.99 1.92 148.87 1822.03

homfam hpr 3349 5 83.0427 89 44.4 99.3 99.3 97.7 98.5 536.8854 0:08:56 7624.70 97502.60 7151.67 7326.62 1.99 3.73 132.39 712.18

homfam bowman 499 5 26.1443 73 64.9 94.5 94.5 82.9 84.9 342.0062 0:05:42 7411.31 97271.79 6934.89 7101.57 1.99 1.06 81.28 279.44

homfam hip 167 5 66.2096 88 33.4 88.4 87.3 67.9 75.5 323.7482 0:05:23 7587.96 97358.23 7111.73 7270.36 1.99 0.75 97.42 316.96

homfam HMG_box 4779 5 66.0716 89 24.8 97.3 96.2 85.2 93.9 617.2142 0:10:17 7807.30 97501.81 7330.78 7469.84 1.99 3.51 111.34 688.76

homfam icd 5678 5 328.887 433 41.7 93.5 94.2 83.2 86.5 4085.8406 1:08:05 9779.63 101065.83 9413.66 9496.97 1.99 9.03 161.44 6606.16

homfam peroxidase 4514 5 256.626 383 37.3 79.2 80.2 46.4 50.6 3718.5477 1:01:58 9264.38 100449.01 8747.15 8885.87 1.99 6.45 171.18 6377.44

homfam asp 3262 13 284.142 381 37.5 90.5 90.9 72.7 77.9 2633.6717 0:43:53 9272.96 100779.11 8840.09 8960.51 1.99 5.55 169.11 4460.92

homfam flav 4612 6 138.021 183 35.0 87.0 87.2 64.6 66.4 1108.0545 0:18:28 8052.22 99583.91 7645.26 7729.03 1.99 7.07 154.19 1710.02

homfam cah 1379 5 212.706 279 38.7 89.2 89.7 70.1 77.1 1404.0528 0:23:24 8404.17 99387.55 7997.66 8108.08 1.99 2.49 149.60 2101.85

homfam ace 3989 6 427.824 601 37.3 87.2 88.4 68.7 75.1 5339.9155 1:28:59 10594.55 101976.27 10152.48 10272.82 1.98 8.45 171.09 9132.53

homfam sti 613 5 165.383 198 36.4 85.9 85.3 64.7 71.2 523.7459 0:08:43 8244.93 98116.03 7686.48 7830.89 1.99 1.45 109.79 576.60

homfam aat 25100 10 337.807 476 28.6 70.9 72.1 27.5 31.9 7634.5908 2:07:14 11699.34 102846.46 11333.56 11443.96 1.98 36.77 167.57 12796.68

homfam oxidored_q6 3348 5 123.044 285 56.7 94.3 94.3 89.1 90.6 1285.0305 0:21:25 8121.35 99535.98 7606.63 7758.72 1.99 5.34 143.02 1843.71

homfam hormone_rec 3509 5 188.562 308 21.5 71.6 73.6 45.2 58.0 1667.3036 0:27:47 8357.18 99861.00 7880.22 8033.35 1.99 7.05 158.93 2652.97

homfam rhv 17976 6 143.424 938 33.1 32.3 44.7 1.2 0.1 12571.9921 3:29:31 8794.31 100451.59 8375.89 8523.57 1.99 15.42 170.69 21458.75

homfam tgfb 1606 8 95.4645 118 43.8 85.8 88.6 45.3 48.7 470.1159 0:07:50 7673.85 97541.93 7308.08 7456.28 0.00 0.02 128.37 4.94

homfam cryst 1160 7 80.8078 192 44.4 90.9 91.1 68.0 71.0 553.4754 0:09:13 7740.97 97609.14 7464.41 7567.64 1.99 1.59 117.95 654.34

homfam cyclo 6288 6 159.069 203 44.1 88.3 89.9 74.1 78.5 1829.7849 0:30:29 8286.84 99776.76 7920.27 8003.79 1.99 7.43 155.04 2847.57

homfam kunitz 2266 10 53.752 64 37.9 98.2 98.2 91.7 91.1 423.6592 0:07:03 7831.82 97411.71 7439.10 7548.81 1.99 1.89 110.04 467.79

homfam Rhodanese 14049 6 102.277 216 22.7 68.8 74.0 42.7 43.1 2068.3806 0:34:28 8584.91 99939.70 8108.24 8231.92 1.98 11.66 155.48 3213.87

homfam sodcu 2038 7 141.322 169 42.2 91.4 91.7 78.9 83.3 835.0815 0:13:55 8113.59 99494.09 7607.14 7765.39 1.99 2.64 131.77 1103.24

homfam profilin 687 5 123.371 144 39.7 95.4 95.4 89.1 89.4 496.8304 0:08:16 7969.99 97893.15 7573.76 7657.46 1.99 1.42 108.54 540.69

homfam glob 3983 41 100.684 174 31.7 95.6 95.3 71.2 73.3 826.6943 0:13:46 7832.48 99214.70 7552.43 7595.77 1.99 3.57 134.09 1115.48

homfam tim 3904 10 205.645 260 47.5 98.3 98.4 91.5 94.5 1550.6528 0:25:50 8551.48 100041.21 8074.14 8213.50 1.99 5.34 158.26 2455.24

homfam uce 4558 13 134.701 184 34.0 90.6 91.5 63.9 71.0 1292.4470 0:21:32 8153.43 99576.20 7805.79 7949.48 0.00 0.02 155.95 8.33

homfam toxin 508 20 62.311 78 43.1 92.0 90.1 54.5 61.9 344.4430 0:05:44 7588.32 97351.45 7111.47 7231.98 1.99 2.84 88.71 306.97

homfam rub 1435 5 46.1575 54 62.1 98.4 98.4 92.6 93.5 313.4023 0:05:13 7832.39 97606.49 7466.09 7576.46 1.99 1.56 89.14 280.75

homfam hom 12037 8 53.4951 98 35.3 93.4 93.2 65.2 81.1 794.1481 0:13:14 8056.62 97784.77 7579.80 7739.79 1.99 7.13 106.60 848.04

homfam biotin_lipoyl 11833 7 71.8928 112 28.9 96.1 96.3 83.5 84.2 927.0800 0:15:27 7946.67 97790.05 7543.12 7678.27 1.99 10.64 117.54 1091.28

homfam cys 4316 13 198.11 284 40.5 94.2 93.6 66.8 81.6 1787.4349 0:29:47 8713.46 100066.62 8236.86 8375.98 1.99 6.27 153.60 2752.38

homfam ghf11 521 5 167.758 202 49.5 95.6 95.4 87.5 88.7 654.0190 0:10:54 7992.32 97847.12 7626.23 7709.80 1.99 1.76 118.59 777.00

homfam blmb 17200 6 192.465 344 20.6 65.3 68.8 37.8 47.9 8565.1156 2:22:45 9425.48 100733.31 9064.66 9148.36 1.98 18.10 183.35 15712.09

homfam aadh 3127 8 225.129 542 38.2 86.3 86.8 54.0 59.3 2146.0585 0:35:46 8735.27 100016.21 8369.13 8452.71 1.99 4.30 156.15 3358.51

homfam DEATH 1183 7 80.5689 159 19.6 75.8 76.1 35.5 48.3 494.4695 0:08:14 7672.13 97570.03 7305.60 7390.12 1.99 1.66 110.36 547.35

homfam Sulfotransfer 2489 5 235.798 381 26.2 65.2 77.4 41.2 48.4 3076.6638 0:51:16 8802.88 100182.21 8326.51 8465.38 1.99 3.91 169.03 5208.35

homfam serpin 3144 8 291.462 418 34.3 95.8 95.1 83.4 89.8 2767.3164 0:46:07 9809.26 101222.09 9369.59 9508.57 1.99 4.83 159.43 4419.08

homfam proteasome 5732 17 174.347 309 21.7 81.9 81.1 32.4 48.5 1437.0482 0:23:57 8358.61 99365.61 7993.53 8104.35 1.99 5.72 153.75 2218.38

homfam zf-CCHH 88345 15 23.2513 39 35.5 96.5 95.9 88.6 93.0 1278.3281 0:21:18 8595.70 98170.23 8229.57 8340.23 33.96 42.01 128.33 1643.26

homfam egf 7774 12 32.0765 71 31.1 73.0 73.9 27.9 31.6 431.7793 0:07:11 8173.27 98020.22 8109.63 8136.04 1.98 4.80 118.11 511.40

homfam annexin 3139 6 65.1902 323 57.2 100.0 100.0 100.0 100.0 1246.4689 0:20:46 8010.17 97706.52 7643.77 7810.12 1.99 2.93 149.72 1867.52

homfam OTCace 4795 5 157.005 350 37.3 96.7 96.7 89.0 92.0 1366.4224 0:22:46 8144.09 98076.65 7789.52 7873.44 1.99 5.54 153.12 2093.73

homfam rnasemam 498 6 120.072 141 42.2 93.9 90.6 71.6 83.3 414.4851 0:06:54 7758.39 97665.22 7245.16 7385.36 1.99 1.09 101.22 420.97

homfam adh 21331 5 123.64 375 63.9 93.0 93.8 84.5 84.8 2942.4406 0:49:02 8909.54 100227.06 8432.59 8598.73 2.04 18.80 166.08 4896.56

homfam il8 1073 11 63.7623 81 34.5 91.1 90.9 70.1 80.0 419.8109 0:06:59 7604.88 97392.54 7127.71 7248.30 1.99 1.43 94.31 397.35

homfam hr 3707 5 65.1513 82 53.3 99.1 99.1 94.9 99.1 653.1546 0:10:53 7661.85 97422.23 7185.72 7305.92 0.00 0.02 116.21 6.53

homfam ChtBD 774 5 38.2713 45 59.3 99.3 99.0 95.3 97.1 289.2069 0:04:49 7692.20 97487.64 7270.40 7390.86 0.00 0.02 97.58 3.78

homfam gluts 10099 14 98.1117 235 39.4 87.4 88.5 65.7 70.2 2457.5478 0:40:57 8294.48 99787.62 7928.82 8058.56 1.98 8.22 165.03 4060.29

homfam ghf5 2717 6 260.466 470 17.8 65.3 65.5 31.9 45.0 3561.5870 0:59:21 9172.33 100467.14 8628.18 8748.84 1.99 4.51 169.68 6052.04

homfam ghf13 12607 10 264.452 626 26.8 65.0 65.5 29.4 38.1 7187.6715 1:59:47 10179.57 101545.58 9740.39 9879.60 1.99 16.65 180.68 12995.89

homfam PDZ 14950 6 80.8907 110 30.6 88.0 88.6 74.7 77.7 1272.4166 0:21:12 8164.79 99630.14 7692.41 7839.31 5.98 11.43 139.82 1790.91

homfam az 1086 29 100.416 215 33.4 75.3 75.2 42.4 46.4 541.5914 0:09:01 7775.13 98803.29 7311.62 7425.08 1.99 1.45 116.30 634.54

homfam hla 13465 5 153.148 178 76.5 100.0 100.0 100.0 100.0 1374.0535 0:22:54 8905.74 98675.32 8512.70 8678.89 1.99 13.60 153.47 2110.64

homfam slectin 932 5 133.052 142 33.3 95.3 95.1 89.1 91.6 822.5056 0:13:42 7896.77 99411.22 7420.55 7582.25 1.99 1.71 114.20 945.53

homfam GEL 2195 5 78.1157 150 23.7 64.5 64.0 32.2 45.0 567.6939 0:09:27 7660.93 97529.07 7297.18 7404.42 1.99 2.43 137.16 781.43

homfam kringle 1091 9 75.9138 100 43.3 95.6 94.6 77.5 80.9 497.3836 0:08:17 7610.42 97422.50 7134.73 7291.46 1.99 1.26 88.71 442.73

homfam p450 21013 12 331.506 512 20.8 77.7 78.3 37.5 45.8 10803.1893 3:00:03 12512.23 103926.22 12196.14 12311.14 9.98 32.81 168.75 18232.09

homfam gpdh 7691 8 129.082 360 55.1 95.3 95.1 84.6 87.2 1832.8796 0:30:32 8336.33 99690.40 7891.52 8030.33 1.99 7.84 157.59 2892.68

homfam int 7572 5 168.037 219 22.5 82.8 84.9 60.4 66.8 2023.5522 0:33:43 8562.38 100007.56 8041.44 8182.21 0.00 0.02 160.88 14.98

homfam KAS 2070 6 174.528 404 31.7 86.7 85.4 69.2 74.4 1185.1107 0:19:45 8548.43 98302.33 8009.34 8132.47 1.99 2.89 143.70 1704.51

homfam trfl 837 7 242.315 702 61.9 94.3 94.6 87.3 85.4 2151.5985 0:35:51 8703.64 99547.93 8143.96 8282.81 1.99 1.91 159.21 3433.24

homfam TNF 556 5 119.903 176 32.0 84.9 84.6 66.2 71.7 395.8438 0:06:35 7946.78 97819.61 7580.95 7692.16 1.99 1.27 116.86 464.06

homfam scorptoxin 363 8 53.2562 74 46.3 90.8 89.9 75.3 80.7 325.6182 0:05:25 8167.86 97872.67 7691.30 7830.23 1.99 1.04 79.56 260.64

homfam aldosered 13277 7 268.547 386 41.6 86.6 89.6 67.7 74.9 4814.0694 1:20:14 9841.17 101161.18 9379.94 9499.95 45.98 42.91 171.41 8255.38

homfam rrm 27610 20 67.4587 157 22.9 82.6 80.4 16.2 21.4 1212.4079 0:20:12 8391.11 98146.40 8025.63 8136.10 153.98 17.90 124.00 1505.96

