homfam ricin 747 7 198.708 281 37.5 91.3 92.0 77.3 84.6 746.9163 0:12:26 15068.66 104981.48 14702.67 14820.08 1.99 1.36 140.32 1053.06
homfam ghf10 1502 5 220.34 364 43.3 92.1 92.2 79.3 85.1 2555.5045 0:42:35 15071.20 104981.55 14674.87 14792.14 1.99 2.82 167.63 4292.33
homfam seatoxin 93 5 43.6344 54 42.6 72.2 70.6 26.5 25.0 155.6070 0:02:35 15069.80 104981.39 14701.54 14865.69 1.99 0.64 112.25 176.19
homfam mofe 2567 6 353.074 609 30.0 82.6 83.8 63.4 70.5 4890.0832 1:21:30 15073.81 105048.63 14705.13 14845.07 1.99 4.52 162.34 7947.76
homfam cyt3 385 6 92.3065 130 40.3 76.6 79.6 59.3 66.5 285.8981 0:04:45 15118.55 105030.43 14850.18 14945.20 1.99 0.96 128.79 373.68
homfam ins 793 6 65.2825 74 44.9 71.4 88.0 30.4 39.8 407.1157 0:06:47 15121.55 105032.49 14726.98 14866.86 1.99 1.13 125.27 518.05
homfam Ald_Xan_dh_2 2589 6 109.304 885 31.8 84.0 84.4 63.7 72.7 2751.3803 0:45:51 15126.95 105007.66 14628.94 14746.37 1.99 2.64 159.26 4386.09
homfam tms 2118 5 264.245 357 45.9 95.9 95.7 84.9 91.1 2052.5525 0:34:12 13900.85 103733.53 13402.68 13566.81 1.99 3.27 160.71 3304.35
homfam phc 2957 12 98.4711 179 37.2 94.5 94.7 77.7 82.0 1469.9287 0:24:29 15133.93 104984.71 14685.45 14790.95 1.99 2.72 177.98 2625.03
homfam cytb 3206 6 82.1454 100 35.6 89.1 88.9 66.3 71.5 977.0848 0:16:17 15074.48 104983.75 14707.00 14846.71 1.99 3.01 152.73 1498.82
homfam mmp 1427 6 157.93 180 55.1 97.5 97.6 89.3 94.6 935.2874 0:15:35 15071.18 104983.58 14702.89 14809.13 1.99 1.93 160.15 1502.18
homfam phoslip 946 18 113.33 137 48.9 92.8 92.7 69.1 78.4 382.6275 0:06:22 15071.96 104981.51 14703.64 14820.73 1.99 1.71 134.40 515.82
homfam HLH 6781 5 53.5453 92 28.1 94.3 94.5 85.7 87.1 699.2869 0:11:39 15109.83 104962.16 14708.77 14826.48 1.99 4.36 143.91 1013.49
homfam myb_DNA-binding 10398 5 46.5583 61 40.7 97.0 96.0 85.7 89.6 675.4836 0:11:15 15126.85 105104.34 14727.52 14833.52 1.98 5.98 122.43 828.00
homfam msb 4884 8 106.037 158 26.6 88.5 90.2 60.7 74.1 563.0626 0:09:23 15074.32 104985.84 14705.91 14847.20 1.99 7.09 130.35 735.36
homfam ghf1 4358 8 403.813 562 38.4 91.9 91.8 71.8 79.3 5371.6505 1:29:31 14836.82 104660.89 14420.34 14491.62 1.99 8.08 160.71 8639.27
homfam rvp 93681 6 94.2886 132 36.6 79.0 80.1 47.7 53.8 3134.2570 0:52:14 9438.53 103008.82 8934.41 9085.05 1.99 58.54 125.90 3956.02
homfam lyase_1 7632 5 295.082 511 30.9 83.0 83.1 63.0 70.0 3644.8585 1:00:44 7963.16 103120.45 7459.00 7577.28 1.99 10.15 154.96 5651.72
homfam ldh 7367 14 121.378 371 31.9 88.7 88.5 57.8 69.5 1497.4298 0:24:57 15046.65 104963.12 14631.22 14737.51 1.99 11.64 152.97 2291.94
homfam subt 7517 11 301.598 414 39.5 79.0 79.3 30.4 41.5 10777.2553 2:59:37 12062.15 103341.22 11582.19 11745.94 1.98 12.31 167.25 18031.13
homfam sodfe 4455 8 77.4471 219 42.3 90.9 90.0 65.1 69.3 871.4202 0:14:31 15076.14 104984.83 14688.30 14828.89 1.99 3.77 136.43 1195.97
homfam LIM 6428 5 57.0143 86 52.8 98.5 98.5 90.2 98.4 406.6798 0:06:46 15076.78 105051.11 14708.62 14825.65 1.99 3.96 125.48 511.32
homfam blm 9105 8 300.727 274 39.1 62.7 65.8 38.2 39.6 5655.4484 1:34:15 13212.89 103231.01 12652.62 12815.87 1.98 13.42 157.81 8934.29
homfam DMRL_synthase 2099 5 140.59 182 33.2 92.1 89.9 75.7 84.4 427.5512 0:07:07 15151.79 104982.60 14720.30 14837.33 1.99 2.40 133.86 573.41
homfam tRNA-synt_2b 11293 5 177.564 467 18.7 50.3 49.8 20.6 29.1 3451.5717 0:57:31 7849.43 102955.93 7469.81 7635.93 5.99 11.71 160.95 5561.15
homfam Stap_Strp_toxin 640 6 87.3922 254 32.5 80.4 79.7 48.6 54.0 592.6808 0:09:52 15106.56 104931.46 14602.10 14708.42 1.99 1.53 156.85 930.96
homfam Acetyltransf 46285 6 82.9897 229 24.1 66.3 63.8 34.9 44.7 3873.1916 1:04:33 9893.38 100151.40 9546.44 9686.76 1.48 0.46 160.98 6243.52
homfam ghf22 760 12 107.567 131 51.4 93.5 93.7 81.5 85.2 310.6465 0:05:10 15069.26 104981.48 14698.72 14815.70 1.99 1.16 131.57 410.26
homfam sdr 50157 13 163.253 361 23.3 77.5 76.9 31.2 42.3 4762.3816 1:19:22 9535.92 103261.86 9031.86 9165.11 1.96 55.89 138.28 6583.31
homfam ltn 1068 12 204.148 282 49.9 93.4 93.8 69.6 78.8 888.7727 0:14:48 14832.18 104657.39 14278.75 14442.31 1.99 1.82 152.14 1359.61
homfam hpr 3349 5 83.0427 89 44.4 98.6 98.7 95.5 96.2 395.4144 0:06:35 15127.39 105033.77 14723.70 14841.38 1.99 2.90 137.29 544.31
homfam bowman 499 5 26.1443 73 64.9 93.9 93.9 82.9 84.9 187.4267 0:03:07 15069.59 104981.47 14677.19 14794.91 1.99 0.78 116.44 219.78
homfam hip 167 5 66.2096 88 33.4 86.4 85.4 66.7 75.2 174.9883 0:02:54 15196.04 105106.40 14791.96 14909.74 1.99 0.69 127.02 223.78
homfam HMG_box 4779 5 66.0716 89 24.8 92.2 92.2 76.5 84.6 478.0810 0:07:58 15147.18 105124.83 14781.70 14899.34 1.99 3.23 123.56 592.08
homfam icd 5678 5 328.887 433 41.7 93.5 94.0 82.4 86.3 4173.8362 1:09:33 15048.39 104962.02 14721.82 14793.08 1.99 8.38 156.59 6541.44
homfam peroxidase 4514 5 256.626 383 37.3 75.3 77.9 47.0 50.9 3629.9479 1:00:29 14035.06 103858.80 13668.85 13763.89 1.99 6.21 170.36 6192.70
homfam asp 3262 13 284.142 381 37.5 91.6 92.2 74.9 80.4 2941.5088 0:49:01 13934.25 103823.07 13455.69 13572.70 1.99 5.37 159.09 4687.13
homfam flav 4612 6 138.021 183 35.0 86.1 87.0 62.9 65.8 1173.8299 0:19:33 15036.62 104860.83 14481.94 14599.56 1.99 4.32 149.55 1764.10
homfam cah 1379 5 212.706 279 38.7 86.5 87.4 64.9 72.6 1022.8369 0:17:02 15096.71 105047.55 14605.15 14722.11 1.99 2.15 156.30 1605.59
homfam ace 3989 6 427.824 601 37.3 87.3 87.7 70.9 77.9 7724.8920 2:08:44 14761.07 104586.74 14282.37 14399.39 1.98 8.57 164.05 12679.78
homfam sti 613 5 165.383 198 36.4 88.8 88.2 70.7 77.1 395.1271 0:06:35 15091.94 105006.49 14698.90 14816.60 1.99 1.17 132.96 526.93
homfam aat 25100 10 337.807 476 28.6 81.8 82.5 51.7 58.6 12031.5339 3:20:31 15087.50 104912.25 14691.39 14901.98 1.98 35.93 153.54 18474.00
homfam oxidored_q6 3348 5 123.044 285 56.7 88.8 91.3 79.7 81.0 991.4254 0:16:31 15072.41 104982.77 14679.59 14785.68 1.99 3.60 146.50 1458.58
homfam hormone_rec 3509 5 188.562 308 21.5 71.7 72.0 47.0 60.3 1604.3468 0:26:44 15074.32 104983.77 14684.22 14824.08 1.98 5.68 149.96 2413.73
homfam rhv 17976 6 143.424 938 33.1 31.2 47.6 2.2 0.2 22062.1288 6:07:42 13452.04 103296.75 12917.72 13081.26 1.99 15.14 147.50 32549.58
homfam tgfb 1606 8 95.4645 118 43.8 81.9 87.9 32.5 38.3 404.1842 0:06:44 15075.47 104982.58 14702.82 14820.51 1.99 1.95 117.43 476.09
homfam cryst 1160 7 80.8078 192 44.4 91.8 91.6 71.8 74.5 336.6891 0:05:36 15070.48 104981.50 14645.48 14762.91 1.99 1.58 137.96 465.97
homfam cyclo 6288 6 159.069 203 44.1 87.5 88.1 69.8 75.0 1646.1888 0:27:26 13584.67 103411.12 13033.05 13150.06 1.99 7.35 156.20 2578.51
homfam kunitz 2266 10 53.752 64 37.9 98.6 98.6 93.3 92.9 312.7856 0:05:12 15158.43 104983.61 14757.05 14896.98 1.99 1.88 114.58 359.89
homfam Rhodanese 14049 6 102.277 216 22.7 68.3 72.5 46.9 48.5 2104.0745 0:35:04 15082.32 104994.85 14715.41 14832.85 1.98 11.25 150.35 3170.38
homfam sodcu 2038 7 141.322 169 42.2 89.0 89.3 71.7 76.5 516.9155 0:08:36 15152.32 105057.62 14779.84 14896.81 1.99 2.66 131.25 688.21
homfam profilin 687 5 123.371 144 39.7 93.9 93.9 85.2 86.7 353.1610 0:05:53 15068.62 104982.47 14701.98 14819.62 1.99 1.22 145.72 517.92
homfam glob 3983 41 100.684 174 31.7 93.4 93.2 62.4 69.7 560.8824 0:09:20 13833.61 103658.79 13378.90 13496.59 1.99 3.70 124.28 704.76
homfam tim 3904 10 205.645 260 47.5 97.9 97.8 93.4 96.4 1673.5838 0:27:53 15050.27 104884.85 14623.76 14740.75 1.99 4.98 154.25 2583.19
homfam uce 4558 13 134.701 184 34.0 90.2 89.1 57.2 65.7 691.0812 0:11:31 15061.82 104884.84 14632.48 14773.02 1.99 4.29 122.89 855.77
homfam toxin 508 20 62.311 78 43.1 89.9 88.3 58.4 66.3 200.1212 0:03:20 15072.77 104980.47 14686.89 14803.94 1.99 1.29 132.94 267.02
homfam rub 1435 5 46.1575 54 62.1 98.4 98.4 92.6 93.5 239.0828 0:03:59 15057.50 104881.59 14679.49 14841.43 1.99 1.29 129.34 310.98
homfam hom 12037 8 53.4951 98 35.3 94.7 94.4 68.1 84.7 616.1910 0:10:16 15066.99 105055.73 14663.25 14780.77 1.99 6.78 130.07 802.94
homfam biotin_lipoyl 11833 7 71.8928 112 28.9 95.0 93.4 76.5 82.3 662.4183 0:11:02 14815.94 104641.39 14313.36 14430.51 1.99 8.14 121.56 806.21
homfam cys 4316 13 198.11 284 40.5 93.5 92.8 66.8 78.4 1726.8965 0:28:46 15046.62 104884.79 14626.13 14732.45 1.99 7.70 153.33 2649.53
homfam ghf11 521 5 167.758 202 49.5 92.9 93.0 81.8 83.2 506.9752 0:08:26 15074.59 104981.48 14703.30 14843.23 1.99 1.55 150.64 768.30
homfam blmb 17200 6 192.465 344 20.6 69.0 72.8 40.7 51.0 4312.7712 1:11:52 11546.66 102943.66 11066.88 11230.72 1.98 18.15 165.11 7126.16
homfam aadh 3127 8 225.129 542 38.2 85.6 88.8 51.7 57.5 2590.4844 0:43:10 15035.64 104859.79 14524.01 14630.22 1.99 4.20 163.21 4230.93
homfam DEATH 1183 7 80.5689 159 19.6 84.4 84.9 60.5 67.5 299.4727 0:04:59 15076.71 104980.53 14678.37 14796.00 1.99 1.66 129.41 389.27
homfam Sulfotransfer 2489 5 235.798 381 26.2 73.3 73.8 42.2 51.0 2535.3986 0:42:15 14913.94 104808.48 14403.99 14521.38 1.99 4.01 160.51 4077.78
homfam serpin 3144 8 291.462 418 34.3 95.2 94.5 81.4 87.7 3723.7726 1:02:03 14754.21 104724.48 14276.03 14393.29 1.99 4.65 160.29 5976.84
homfam proteasome 5732 17 174.347 309 21.7 83.6 80.8 34.8 52.2 1492.7324 0:24:52 15075.38 104986.07 14811.77 14906.72 1.99 5.84 147.91 2213.74
homfam zf-CCHH 88345 15 23.2513 39 35.5 92.8 93.4 74.3 84.7 2041.9684 0:34:01 11830.53 101655.12 11490.05 11630.99 1.96 42.07 111.70 2282.51
homfam egf 7774 12 32.0765 71 31.1 75.5 77.0 30.9 36.7 390.3198 0:06:30 15077.19 104988.18 14668.43 14808.95 1.98 4.96 122.18 478.35
homfam annexin 3139 6 65.1902 323 57.2 97.5 98.2 93.1 93.2 767.9975 0:12:47 15117.21 104984.72 14605.21 14722.87 1.99 2.37 150.42 1156.57
homfam OTCace 4795 5 157.005 350 37.3 95.3 95.5 85.8 88.1 1319.5147 0:21:59 15010.53 104836.81 14531.01 14637.06 1.99 5.30 147.07 1943.95
homfam rnasemam 498 6 120.072 141 42.2 90.5 88.1 67.2 78.9 262.8236 0:04:22 15135.02 105070.46 14719.90 14837.54 1.99 1.02 136.95 361.43
homfam adh 21331 5 123.64 375 63.9 95.5 96.0 88.5 88.8 2760.4371 0:46:00 7669.32 103372.35 7214.71 7424.20 1.98 18.77 143.38 3964.55
homfam il8 1073 11 63.7623 81 34.5 93.6 92.8 66.2 75.3 244.3615 0:04:04 15149.41 105031.51 14685.38 14826.73 1.99 1.42 127.91 314.09
homfam hr 3707 5 65.1513 82 53.3 98.3 98.7 93.7 98.3 385.5508 0:06:25 15079.59 104984.79 14704.75 14868.94 1.99 2.89 140.04 545.37
homfam ChtBD 774 5 38.2713 45 59.3 99.3 99.0 95.3 97.1 189.4188 0:03:09 15073.55 104981.49 14681.14 14822.27 1.99 1.28 114.94 219.31
homfam gluts 10099 14 98.1117 235 39.4 65.9 74.7 8.2 6.0 2345.4076 0:39:05 14315.08 104141.02 13861.46 14024.41 1.98 7.90 159.31 3744.01
homfam ghf5 2717 6 260.466 470 17.8 67.1 67.7 36.5 51.7 3174.9429 0:52:54 15059.98 104983.65 14604.54 14710.52 1.99 6.39 165.66 5268.51
homfam ghf13 12607 10 264.452 626 26.8 66.2 64.8 27.5 38.2 7657.2904 2:07:37 8494.43 103192.59 7990.84 8178.43 1.99 16.13 164.99 12639.28
homfam PDZ 14950 6 80.8907 110 30.6 84.6 85.2 65.7 67.4 966.1445 0:16:06 7734.49 103226.46 7278.51 7401.51 1.98 10.66 139.49 1353.75
homfam az 1086 29 100.416 215 33.4 74.2 74.0 40.2 43.1 339.4948 0:05:39 15147.15 105120.51 14753.13 14858.68 1.99 1.40 131.67 453.37
homfam hla 13465 5 153.148 178 76.5 100.0 100.0 100.0 100.0 1212.1174 0:20:12 13542.68 103432.32 13063.12 13169.09 1.99 13.29 130.31 1586.00
homfam slectin 932 5 133.052 142 33.3 92.9 93.6 84.7 88.7 589.3178 0:09:49 15196.70 105106.49 14805.15 14922.53 1.99 1.33 149.89 893.35
homfam GEL 2195 5 78.1157 150 23.7 67.4 66.4 39.7 55.0 382.6468 0:06:22 15168.34 105031.61 14654.52 14795.00 1.99 2.89 146.16 560.65
homfam kringle 1091 9 75.9138 100 43.3 89.0 88.4 64.0 69.5 280.1707 0:04:40 15098.40 105007.51 14728.55 14845.54 1.99 1.56 129.60 364.70
homfam p450 21013 12 331.506 512 20.8 69.2 68.5 34.7 43.9 7967.3788 2:12:47 9981.35 103201.49 9615.61 9780.63 1.98 32.54 148.16 11796.52
homfam gpdh 7691 8 129.082 360 55.1 96.4 96.2 88.8 91.4 1552.9585 0:25:52 15079.53 104988.18 14689.48 14807.24 1.99 7.98 150.97 2351.89
homfam int 7572 5 168.037 219 22.5 90.4 91.1 72.8 79.2 2151.8204 0:35:51 15075.17 104988.18 14674.39 14838.62 1.98 8.10 160.54 3455.91
homfam KAS 2070 6 174.528 404 31.7 79.9 86.7 61.5 63.6 1038.4766 0:17:18 15124.95 105033.63 14705.42 14823.00 1.99 2.89 149.47 1553.98
homfam trfl 837 7 242.315 702 61.9 94.9 95.0 87.9 88.6 1859.9366 0:30:59 15019.52 104857.53 14528.47 14645.50 1.99 1.61 160.43 2990.38
homfam TNF 556 5 119.903 176 32.0 80.4 81.0 65.6 70.6 311.9904 0:05:11 15071.96 104981.47 14701.86 14819.55 1.99 1.33 131.08 410.46
homfam scorptoxin 363 8 53.2562 74 46.3 91.4 90.7 75.3 82.2 173.6151 0:02:53 15169.25 105081.44 14771.12 14888.73 1.99 0.79 126.98 221.93
homfam aldosered 13277 7 268.547 386 41.6 86.9 89.2 68.6 74.7 5454.5506 1:30:54 15071.90 104996.80 14661.84 14871.63 1.98 18.02 156.67 8542.02
homfam rrm 27610 20 67.4587 157 22.9 83.1 81.9 17.1 22.7 1048.1677 0:17:28 15110.91 105006.46 14627.86 14836.94 1.98 18.17 127.12 1334.90
