homfam ricin 747 7 198.708 281 37.5 90.7 91.6 75.8 83.4 823.7820 0:13:43 8283.35 99245.57 7807.11 7946.02 1.99 1.38 126.89 1056.47

homfam ghf10 1502 5 220.34 364 43.3 93.6 93.5 79.9 85.5 1376.3116 0:22:56 8599.93 99389.21 8123.05 8273.45 1.99 2.76 148.98 2059.48

homfam seatoxin 93 5 43.6344 54 42.6 77.8 78.7 40.8 41.7 315.9698 0:05:15 7357.68 97152.43 6881.84 7020.67 1.99 0.60 82.90 263.51

homfam mofe 2567 6 353.074 609 30.0 85.3 87.8 68.5 75.6 2722.2513 0:45:22 9644.09 101252.03 9585.14 9611.55 1.99 4.15 160.96 4385.03

homfam cyt3 385 6 92.3065 130 40.3 77.0 77.8 55.1 63.4 400.2823 0:06:40 8043.68 97746.06 7567.05 7706.07 1.99 0.90 83.87 337.24

homfam ins 793 6 65.2825 74 44.9 85.3 85.9 52.2 73.6 603.8106 0:10:03 7597.84 99297.90 7222.20 7333.61 1.99 1.42 119.10 723.01

homfam Ald_Xan_dh_2 2589 6 109.304 885 31.8 83.1 83.1 63.3 71.6 3821.7953 1:03:41 8109.02 98799.64 7971.58 8023.46 0.00 0.02 160.45 31.90

homfam tms 2118 5 264.245 357 45.9 96.2 95.9 86.3 92.5 1893.4568 0:31:33 8958.84 100499.80 8501.16 8612.50 1.99 3.29 144.83 2751.34

homfam phc 2957 12 98.4711 179 37.2 70.8 92.8 38.5 39.5 886.4586 0:14:46 7818.70 99432.75 7342.08 7480.89 1.99 4.07 147.18 1300.31

homfam cytb 3206 6 82.1454 100 35.6 86.4 86.7 59.8 65.9 1104.1283 0:18:24 7906.45 99377.20 7540.37 7623.79 16.00 0.02 158.17 10.27

homfam mmp 1427 6 157.93 180 55.1 96.5 97.0 88.2 93.9 1004.3098 0:16:44 7971.30 99609.01 7647.57 7731.07 9.99 2.27 152.20 1537.35

homfam phoslip 946 18 113.33 137 48.9 94.3 94.0 69.9 80.1 467.7456 0:07:47 7758.11 97511.77 7281.83 7420.66 1.99 1.56 99.72 468.09

homfam HLH 6781 5 53.5453 92 28.1 94.2 94.3 85.7 87.1 872.8727 0:14:32 7948.33 99353.34 7471.57 7610.44 1.99 3.98 119.16 1045.56

homfam myb_DNA-binding 10398 5 46.5583 61 40.7 96.8 95.6 83.9 90.0 648.9870 0:10:48 7977.36 99706.21 7611.27 7695.70 1.98 6.25 112.91 739.70

homfam msb 4884 8 106.037 158 26.6 84.0 84.7 56.6 69.7 678.0674 0:11:18 8131.87 97928.47 7765.89 7877.37 1.98 4.66 112.22 762.41

homfam ghf1 4358 8 403.813 562 38.4 90.9 91.2 69.6 77.4 5209.4008 1:26:49 10312.60 101678.66 9836.20 9956.36 1.99 7.97 164.73 8587.47

homfam rvp 93681 6 94.2886 132 36.6 82.3 82.9 53.2 59.9 1926.8405 0:32:06 9881.28 99595.86 9516.02 9626.48 2.17 58.38 139.52 2690.22

homfam lyase_1 7632 5 295.082 511 30.9 81.7 81.3 63.6 67.6 2961.9979 0:49:21 9056.62 100329.65 8579.87 8718.44 1.99 10.09 153.38 4552.15

homfam ldh 7367 14 121.378 371 31.9 89.3 88.6 59.2 70.8 1623.6134 0:27:03 8273.11 98003.30 7796.62 7935.50 1.99 11.10 152.69 2480.37

homfam subt 7517 11 301.598 414 39.5 76.8 79.1 33.9 44.2 9807.5274 2:43:27 9362.91 100997.18 8996.09 9079.63 1.98 12.12 177.58 17425.43

homfam sodfe 4455 8 77.4471 219 42.3 91.4 90.4 65.1 68.9 859.5489 0:14:19 8118.12 97956.13 7642.14 7799.73 1.99 3.32 129.16 1111.77

homfam LIM 6428 5 57.0143 86 52.8 98.5 98.5 90.2 98.4 556.1556 0:09:16 7759.89 97489.36 7283.23 7422.18 1.99 4.18 109.16 608.64

homfam blm 9105 8 300.727 274 39.1 16.2 39.8 0.0 0.0 5786.3113 1:36:26 9826.71 101590.65 9413.35 9579.40 2.02 13.44 169.87 9841.26

homfam DMRL_synthase 2099 5 140.59 182 33.2 93.7 90.7 74.6 83.3 718.9008 0:11:58 7845.69 97618.52 7329.60 7468.06 1.99 2.63 119.62 861.36

homfam tRNA-synt_2b 11293 5 177.564 467 18.7 53.3 52.2 27.0 38.1 3244.1073 0:54:04 8527.68 100248.40 8052.29 8218.62 2.06 12.00 171.49 5564.03

homfam Stap_Strp_toxin 640 6 87.3922 254 32.5 83.4 83.0 51.0 57.1 718.1500 0:11:58 7947.75 97710.10 7471.40 7610.90 1.99 1.20 112.57 809.96

homfam Acetyltransf 46285 6 82.9897 229 24.1 42.0 55.5 17.5 23.8 3571.9337 0:59:31 8820.88 100064.43 8344.32 8510.60 9.95 66.55 174.66 6240.51

homfam ghf22 760 12 107.567 131 51.4 94.7 94.6 77.7 81.3 345.8315 0:05:45 7671.18 97277.50 7306.23 7454.12 1.99 1.12 113.34 393.42

homfam sdr 50157 13 163.253 361 23.3 81.7 80.3 39.7 52.3 3664.2530 1:01:04 9652.25 101252.42 9585.49 9615.19 2.16 55.64 160.96 5910.47

homfam ltn 1068 12 204.148 282 49.9 93.7 93.9 70.0 79.1 1188.5696 0:19:48 8361.56 99488.88 7996.08 8079.38 1.99 2.17 143.29 1708.22

homfam hpr 3349 5 83.0427 89 44.4 99.3 99.3 97.7 98.5 535.2927 0:08:55 7731.38 97434.10 7255.08 7375.47 1.99 3.64 119.28 639.98

homfam bowman 499 5 26.1443 73 64.9 94.2 94.2 82.9 84.9 340.4088 0:05:40 7458.36 97250.12 6982.56 7149.85 1.99 0.86 80.18 274.34

homfam hip 167 5 66.2096 88 33.4 87.8 86.8 63.1 70.7 352.8732 0:05:52 7508.99 97083.64 7143.36 7245.33 1.99 0.77 92.46 327.81

homfam HMG_box 4779 5 66.0716 89 24.8 94.5 93.9 79.0 86.8 541.4523 0:09:01 8055.45 97974.75 7601.64 7717.77 1.99 3.54 119.54 648.61

homfam icd 5678 5 328.887 433 41.7 94.5 94.8 85.1 88.0 3461.3454 0:57:41 9461.72 100831.19 8985.14 9123.78 0.00 0.02 167.53 29.52

homfam peroxidase 4514 5 256.626 383 37.3 75.4 76.1 49.0 52.5 3629.3257 1:00:29 8909.43 100301.05 8432.59 8571.21 1.99 14.03 171.81 6236.48

homfam asp 3262 13 284.142 381 37.5 91.7 91.9 74.1 80.5 2830.9708 0:47:10 9427.02 101019.75 9060.74 9144.59 1.99 5.32 161.28 4575.75

homfam flav 4612 6 138.021 183 35.0 83.9 84.3 58.9 60.1 1217.8925 0:20:17 8329.90 99672.67 7853.42 7973.79 1.99 4.55 137.07 1679.38

homfam cah 1379 5 212.706 279 38.7 89.7 90.4 70.8 78.6 1209.3098 0:20:09 8509.34 99314.42 8032.68 8171.39 201.99 2.19 140.79 1687.96

homfam ace 3989 6 427.824 601 37.3 86.6 88.0 65.6 72.6 6247.9217 1:44:07 10787.16 101755.14 10427.25 10510.64 1.98 8.69 166.28 10391.90

homfam sti 613 5 165.383 198 36.4 85.9 85.0 65.2 71.9 473.1842 0:07:53 7905.77 97561.49 7540.15 7642.29 1.99 1.41 112.70 534.81

homfam aat 25100 10 337.807 476 28.6 61.4 64.3 20.6 24.5 8922.4044 2:28:42 10427.05 102006.99 10061.12 10172.22 1.98 36.57 169.29 15107.88

homfam oxidored_q6 3348 5 123.044 285 56.7 96.8 97.1 90.6 92.1 1224.8728 0:20:24 8030.68 99444.59 7554.36 7693.17 1.99 3.58 146.76 1806.85

homfam hormone_rec 3509 5 188.562 308 21.5 72.8 75.0 47.0 59.9 1511.6020 0:25:11 8459.09 100195.29 7982.79 8121.80 1.99 4.17 147.88 2242.42

homfam rhv 17976 6 143.424 938 33.1 36.7 48.2 1.6 0.1 11661.9788 3:14:21 8309.04 99982.41 7833.24 7998.94 1.99 15.46 169.74 19800.64

homfam tgfb 1606 8 95.4645 118 43.8 85.4 87.9 44.4 46.9 501.7788 0:08:21 8080.82 97821.04 7714.82 7817.89 0.00 0.02 107.13 4.91

homfam cryst 1160 7 80.8078 192 44.4 91.4 91.3 70.2 73.1 527.8745 0:08:47 7707.29 97459.77 7185.50 7333.82 1.99 1.60 108.56 574.60

homfam cyclo 6288 6 159.069 203 44.1 91.3 91.6 80.4 84.7 1701.0435 0:28:21 8301.11 100011.53 7921.54 8024.85 1.99 7.32 160.22 2727.28

homfam kunitz 2266 10 53.752 64 37.9 94.1 95.0 71.7 70.7 383.2076 0:06:23 7687.30 97387.75 7211.12 7369.50 1.99 2.67 108.51 417.36

homfam Rhodanese 14049 6 102.277 216 22.7 60.8 64.3 36.5 38.0 1774.7648 0:29:34 8286.34 99845.91 7809.52 7953.01 1.98 11.85 155.90 2777.29

homfam sodcu 2038 7 141.322 169 42.2 90.3 90.4 75.3 80.2 820.4755 0:13:40 7851.78 98966.35 7486.03 7588.47 1.99 2.48 116.48 965.85

homfam profilin 687 5 123.371 144 39.7 95.4 95.4 89.1 89.4 489.5813 0:08:09 7871.25 99034.29 7506.05 7669.31 1.99 1.15 102.18 504.75

homfam glob 3983 41 100.684 174 31.7 96.8 96.5 72.9 75.4 558.3799 0:09:18 7863.26 99452.59 7420.86 7559.88 1.99 3.41 139.71 787.86

homfam tim 3904 10 205.645 260 47.5 98.6 98.5 93.4 96.6 1494.6070 0:24:54 8548.80 99964.50 8182.67 8266.48 1.99 7.60 152.10 2273.58

homfam uce 4558 13 134.701 184 34.0 90.5 90.5 58.4 67.2 788.1415 0:13:08 7977.50 99120.93 7611.20 7694.91 0.00 0.02 136.91 6.35

homfam toxin 508 20 62.311 78 43.1 91.3 89.4 57.1 66.0 323.6238 0:05:23 7764.71 97488.99 7288.99 7427.67 1.99 1.25 89.06 289.71

homfam rub 1435 5 46.1575 54 62.1 98.4 98.4 92.6 93.5 338.3270 0:05:38 7449.09 97223.98 7083.25 7170.42 1.99 1.57 80.92 275.18

homfam hom 12037 8 53.4951 98 35.3 90.7 90.5 60.9 75.7 612.4433 0:10:12 8098.73 97845.89 7622.43 7762.10 1.99 6.90 124.99 766.95

homfam biotin_lipoyl 11833 7 71.8928 112 28.9 96.5 96.7 84.7 85.5 815.7825 0:13:35 8122.94 97952.54 7646.09 7812.56 1.99 7.93 124.95 1020.84

homfam cys 4316 13 198.11 284 40.5 94.4 94.0 71.6 81.2 1634.9846 0:27:14 8428.38 99855.26 7944.89 8084.96 1.99 6.35 155.70 2552.54

homfam ghf11 521 5 167.758 202 49.5 93.8 93.9 80.7 85.9 641.5540 0:10:41 8322.36 98106.37 7956.93 8044.04 1.99 1.46 113.17 727.56

homfam blmb 17200 6 192.465 344 20.6 62.5 67.4 29.8 37.9 6112.1897 1:41:52 8940.54 100132.01 8574.14 8657.78 1.98 18.66 179.62 10978.93

homfam aadh 3127 8 225.129 542 38.2 85.8 88.5 51.0 56.3 1764.1853 0:29:24 8657.81 100064.96 8291.74 8375.36 1.98 4.55 154.15 2729.15

homfam DEATH 1183 7 80.5689 159 19.6 79.4 79.7 43.5 59.2 547.1809 0:09:07 7540.12 97387.58 7100.76 7240.36 1.99 1.70 94.65 519.44

homfam Sulfotransfer 2489 5 235.798 381 26.2 68.2 69.7 38.5 47.4 2860.1644 0:47:40 8576.93 100087.20 8180.56 8264.18 0.00 0.02 169.44 18.41

homfam serpin 3144 8 291.462 418 34.3 95.7 95.0 83.7 90.1 2821.2035 0:47:01 9603.21 101083.66 9126.75 9269.78 1.99 9.36 158.83 4482.52

homfam proteasome 5732 17 174.347 309 21.7 82.5 80.6 32.8 48.9 1323.6564 0:22:03 8557.67 100237.73 8246.43 8329.92 1.99 6.09 138.24 1833.72

homfam zf-CCHH 88345 15 23.2513 39 35.5 96.5 95.9 88.6 93.0 1160.0350 0:19:20 8088.44 103483.52 7723.01 7809.11 313.95 42.39 130.28 1513.81

homfam egf 7774 12 32.0765 71 31.1 69.8 72.6 27.9 31.6 479.9527 0:07:59 7695.16 98803.16 7218.88 7339.44 1.98 4.88 114.18 554.71

homfam annexin 3139 6 65.1902 323 57.2 100.0 100.0 100.0 100.0 1309.3040 0:21:49 7753.25 97544.31 7280.12 7418.54 17.99 2.72 146.17 1915.32

homfam OTCace 4795 5 157.005 350 37.3 95.7 95.7 85.8 88.6 1262.5415 0:21:02 8370.14 98195.76 7894.00 8014.46 1.99 8.01 148.17 1872.14

homfam rnasemam 498 6 120.072 141 42.2 90.9 88.1 62.7 74.5 397.1637 0:06:37 7841.55 97590.25 7329.62 7468.46 1.99 1.25 97.48 388.55

homfam adh 21331 5 123.64 375 63.9 97.1 97.2 92.3 92.6 2696.2182 0:44:56 8379.83 99958.39 8018.12 8101.91 1.98 37.96 160.37 4324.83

homfam il8 1073 11 63.7623 81 34.5 88.2 87.9 61.0 69.0 357.3700 0:05:57 7754.96 97508.89 7389.22 7472.81 1.99 1.42 100.81 361.91

homfam hr 3707 5 65.1513 82 53.3 98.6 98.6 93.7 97.7 603.8271 0:10:03 7969.34 99343.06 7603.60 7745.41 0.00 0.02 116.99 5.49

homfam ChtBD 774 5 38.2713 45 59.3 98.3 98.1 93.0 94.7 296.0898 0:04:56 7518.39 97283.21 7153.00 7236.42 1.99 1.02 93.95 279.58

homfam gluts 10099 14 98.1117 235 39.4 90.3 91.5 67.8 72.6 2387.1047 0:39:47 8462.27 99781.28 7986.06 8124.62 0.00 0.02 163.88 18.56

homfam ghf5 2717 6 260.466 470 17.8 66.6 66.4 34.4 48.8 3081.0196 0:51:21 8708.80 100093.67 8343.38 8490.44 1.99 4.13 163.98 5060.73

homfam ghf13 12607 10 264.452 626 26.8 65.0 65.6 27.2 35.6 7815.1865 2:10:15 9554.57 101121.89 9077.98 9220.70 1.99 15.96 180.12 14084.51

homfam PDZ 14950 6 80.8907 110 30.6 81.2 83.3 67.7 69.7 1041.4148 0:17:21 8509.36 99632.27 8143.34 8226.68 1.98 11.08 152.01 1579.84

homfam az 1086 29 100.416 215 33.4 75.6 75.4 44.0 49.4 518.5863 0:08:38 7704.50 98919.14 7262.08 7426.84 1.99 1.71 103.49 543.59

homfam hla 13465 5 153.148 178 76.5 100.0 100.0 100.0 100.0 1179.2418 0:19:39 8509.84 98262.78 8144.20 8227.56 1.99 13.88 133.12 1575.27

homfam slectin 932 5 133.052 142 33.3 95.3 95.1 89.1 91.6 847.9338 0:14:07 8082.01 99463.38 7606.19 7744.97 1.99 1.71 108.98 930.71

homfam GEL 2195 5 78.1157 150 23.7 74.7 73.2 45.2 62.1 622.8128 0:10:22 7836.75 97595.20 7452.25 7564.78 0.00 0.02 122.79 5.73

homfam kringle 1091 9 75.9138 100 43.3 94.6 93.7 77.5 80.9 376.2657 0:06:16 7869.18 97659.25 7503.22 7586.81 1.99 1.54 100.93 381.14

homfam p450 21013 12 331.506 512 20.8 79.3 79.3 41.3 51.0 10727.6439 2:58:47 11108.14 102535.08 11048.18 11074.35 1.98 32.59 164.63 17669.65

homfam gpdh 7691 8 129.082 360 55.1 95.9 95.8 85.8 90.4 1694.2589 0:28:14 8282.46 99447.25 7806.38 8008.35 1.99 7.86 154.09 2620.38

homfam int 7572 5 168.037 219 22.5 85.0 87.6 63.9 70.4 2091.7982 0:34:51 8657.98 100167.57 8181.57 8320.16 1.98 8.23 156.54 3284.94

homfam KAS 2070 6 174.528 404 31.7 87.7 87.5 71.2 75.8 1034.9063 0:17:14 8256.22 97892.00 7780.34 7919.11 1.99 2.81 145.60 1508.15

homfam trfl 837 7 242.315 702 61.9 94.1 94.7 87.3 86.9 2081.1870 0:34:41 8536.16 98338.85 8022.33 8160.16 1.99 1.60 148.89 3103.35

homfam TNF 556 5 119.903 176 32.0 86.3 85.9 68.2 71.9 357.6444 0:05:57 7812.61 101427.62 7366.41 7533.12 1.99 1.47 118.36 424.86

homfam scorptoxin 363 8 53.2562 74 46.3 91.6 90.8 78.1 84.0 304.4125 0:05:04 7620.00 97487.40 7254.12 7358.13 1.99 1.05 84.22 257.82

homfam aldosered 13277 7 268.547 386 41.6 87.7 90.5 71.4 76.7 5021.6507 1:23:41 9254.13 100803.29 8889.02 8999.44 1.98 18.75 168.30 8461.86

homfam rrm 27610 20 67.4587 157 22.9 84.4 82.5 22.5 30.7 1082.8800 0:18:02 8273.36 98027.27 7796.50 7936.10 1.98 17.77 142.64 1546.31

