homfam ricin 747 7 198.708 281 37.5 92.4 92.3 79.9 86.6 523.1765 0:08:43 15056.96 104981.36 14676.83 14840.44 1.99 1.38 143.79 760.40
homfam ghf10 1502 5 220.34 364 43.3 89.0 89.5 74.0 79.0 1089.3455 0:18:09 14282.02 104170.91 13803.62 13966.55 1.99 2.43 156.03 1709.33
homfam seatoxin 93 5 43.6344 54 42.6 66.7 64.1 8.2 9.3 159.3817 0:02:39 15072.18 104981.28 14701.30 14912.73 1.99 0.93 108.50 174.46
homfam mofe 2567 6 353.074 609 30.0 84.4 85.3 63.6 72.5 3099.2171 0:51:39 11129.93 103303.77 10575.45 10785.14 1.99 4.04 158.63 4923.48
homfam cyt3 385 6 92.3065 130 40.3 78.1 79.4 55.9 65.0 185.7454 0:03:05 12376.97 102919.17 11901.00 12040.94 1.99 0.88 115.68 216.59
homfam ins 793 6 65.2825 74 44.9 86.7 91.8 62.3 80.4 398.8281 0:06:38 15071.24 104980.37 14701.97 14866.18 1.99 1.79 153.17 607.85
homfam Ald_Xan_dh_2 2589 6 109.304 885 31.8 83.0 83.1 63.7 72.0 1896.5729 0:31:36 15094.57 105008.54 14703.65 14867.18 1.99 2.65 158.83 3021.75
homfam tms 2118 5 264.245 357 45.9 96.3 96.0 85.3 92.1 1291.1679 0:21:31 15098.55 104933.50 14704.23 14821.74 1.99 3.56 154.73 2004.62
homfam phc 2957 12 98.4711 179 37.2 96.5 96.6 79.3 84.1 414.5598 0:06:54 15148.76 105098.60 14699.86 14863.50 1.99 2.75 130.04 549.67
homfam cytb 3206 6 82.1454 100 35.6 93.2 93.5 75.0 81.5 715.7830 0:11:55 15076.34 105047.62 14696.22 14802.26 1.99 2.67 156.22 1128.24
homfam mmp 1427 6 157.93 180 55.1 95.3 96.6 87.6 92.7 752.7063 0:12:32 15068.57 104983.43 14702.69 14913.92 1.99 2.30 147.83 1120.64
homfam phoslip 946 18 113.33 137 48.9 96.1 95.8 77.9 87.8 243.1408 0:04:03 15142.39 105056.39 14915.71 15010.06 1.99 1.29 127.34 311.14
homfam HLH 6781 5 53.5453 92 28.1 87.4 91.5 65.5 77.1 542.0206 0:09:02 15224.99 105138.02 14857.22 14997.72 1.99 4.29 158.42 858.22
homfam myb_DNA-binding 10398 5 46.5583 61 40.7 94.6 94.2 80.4 86.0 396.2420 0:06:36 15080.73 104990.22 14676.73 14886.26 1.98 5.95 130.35 524.42
homfam msb 4884 8 106.037 158 26.6 86.0 88.1 60.0 72.8 427.5839 0:07:07 15136.15 104959.74 14872.23 14966.63 1.98 4.43 123.13 537.19
homfam ghf1 4358 8 403.813 562 38.4 92.7 92.7 74.4 81.2 3872.6231 1:04:32 14160.68 103986.09 13682.15 13845.16 1.99 9.77 156.56 6062.58
homfam rvp 93681 6 94.2886 132 36.6 82.5 82.2 53.2 59.9 1984.0255 0:33:04 8315.86 103840.71 7950.21 8116.91 1.99 58.56 111.03 2200.66
homfam lyase_1 7632 5 295.082 511 30.9 83.1 83.3 66.4 70.2 2527.5721 0:42:07 15081.20 104989.04 14637.88 14847.48 1.99 10.26 146.90 3714.33
homfam ldh 7367 14 121.378 371 31.9 90.2 89.9 62.2 71.7 1025.8051 0:17:05 15062.94 104889.02 14746.98 14887.41 1.99 7.33 150.79 1553.60
homfam subt 7517 11 301.598 414 39.5 80.2 81.5 33.2 46.3 7558.4037 2:05:58 7848.08 103101.11 7345.36 7493.95 1.98 12.84 171.10 12932.47
homfam sodfe 4455 8 77.4471 219 42.3 91.1 90.4 65.6 69.1 601.9418 0:10:01 15162.35 105035.73 14655.34 14772.93 1.99 3.80 140.47 848.27
homfam LIM 6428 5 57.0143 86 52.8 98.5 98.5 90.2 98.4 314.3709 0:05:14 15066.29 104985.96 14647.67 14856.53 1.99 3.86 124.50 393.02
homfam blm 9105 8 300.727 274 39.1 75.9 77.8 53.6 55.7 3737.9289 1:02:17 15068.80 105056.50 14648.67 14858.28 17.98 12.61 154.45 5782.63
homfam DMRL_synthase 2099 5 140.59 182 33.2 92.1 89.5 74.6 83.3 385.8843 0:06:25 15069.22 104982.49 14702.57 14843.01 1.99 2.32 121.63 473.12
homfam tRNA-synt_2b 11293 5 177.564 467 18.7 48.2 46.7 23.3 32.5 2376.3717 0:39:36 7632.86 103094.56 7267.22 7350.82 1.99 11.98 162.44 3867.83
homfam Stap_Strp_toxin 640 6 87.3922 254 32.5 85.2 84.5 53.5 60.0 423.3968 0:07:03 15119.78 105095.34 14728.30 14891.82 1.99 1.00 149.47 634.34
homfam Acetyltransf 46285 6 82.9897 229 24.1 70.1 66.9 36.5 45.6 3233.6078 0:53:53 11402.06 103185.11 10891.08 10997.02 1.97 34.01 165.33 5355.09
homfam ghf22 760 12 107.567 131 51.4 93.7 94.1 80.8 84.4 220.7654 0:03:40 13451.00 103305.73 12925.70 13066.15 1.99 1.12 117.80 261.62
homfam sdr 50157 13 163.253 361 23.3 77.8 79.3 30.9 40.6 3197.8333 0:53:17 8470.80 103257.86 7966.33 8201.68 1.97 55.23 132.89 4247.16
homfam ltn 1068 12 204.148 282 49.9 92.6 93.3 69.6 78.7 664.3494 0:11:04 15119.17 105031.37 14859.17 15001.04 1.99 2.15 141.99 948.76
homfam hpr 3349 5 83.0427 89 44.4 98.6 98.7 95.5 96.2 303.5624 0:05:03 15073.93 104984.63 14653.46 14817.01 1.99 2.58 124.41 379.17
homfam bowman 499 5 26.1443 73 64.9 93.9 94.4 81.4 84.0 146.2719 0:02:26 15082.05 105046.33 14701.79 14842.38 1.99 0.77 117.26 173.03
homfam hip 167 5 66.2096 88 33.4 86.7 85.7 66.7 75.2 170.8544 0:02:50 12880.25 102920.00 12426.08 12543.57 1.99 0.74 129.17 221.62
homfam HMG_box 4779 5 66.0716 89 24.8 94.5 94.5 79.0 86.8 284.9528 0:04:44 15164.22 105033.72 14894.97 15037.15 1.99 5.29 121.15 346.71
homfam icd 5678 5 328.887 433 41.7 92.7 93.5 80.2 83.8 2441.6931 0:40:41 15203.09 105111.91 14811.89 14928.88 5.99 8.34 150.41 3679.82
homfam peroxidase 4514 5 256.626 383 37.3 83.4 84.3 54.2 59.5 2701.5334 0:45:01 14485.50 104310.05 13982.04 14145.63 1.99 6.62 172.13 4655.53
homfam asp 3262 13 284.142 381 37.5 91.2 91.5 72.2 79.1 2068.4044 0:34:28 15121.59 105034.62 14755.07 14964.56 1.99 5.29 155.00 3213.47
homfam flav 4612 6 138.021 183 35.0 81.8 82.2 56.0 58.0 885.7386 0:14:45 15175.93 105084.71 14921.11 15061.54 1.99 4.26 153.08 1363.94
homfam cah 1379 5 212.706 279 38.7 88.4 89.1 69.0 76.8 682.5706 0:11:22 15095.27 105006.42 14727.70 14868.44 1.99 3.00 148.49 1015.12
homfam ace 3989 6 427.824 601 37.3 82.8 84.0 62.5 69.3 4437.9066 1:13:57 14373.10 104284.75 13881.24 13987.17 1.98 8.73 158.19 7017.56
homfam sti 613 5 165.383 198 36.4 89.2 88.8 70.7 77.1 269.9766 0:04:29 15070.81 105046.36 14704.69 14867.47 1.99 1.12 130.82 354.73
homfam aat 25100 10 337.807 476 28.6 83.1 83.6 52.8 59.7 6304.9007 1:45:04 14143.78 104124.79 13827.95 13969.22 1.98 35.87 140.72 8874.97
homfam oxidored_q6 3348 5 123.044 285 56.7 91.2 92.6 83.1 84.5 761.5766 0:12:41 15115.68 104984.63 14831.64 14926.02 1.99 3.14 151.00 1159.40
homfam hormone_rec 3509 5 188.562 308 21.5 73.4 73.7 49.8 63.5 1108.3447 0:18:28 15073.96 104984.65 14837.43 14977.76 1.99 3.77 144.09 1600.69
homfam rhv 17976 6 143.424 938 33.1 58.8 64.7 27.7 32.2 10844.9088 3:00:44 7471.09 99438.15 6969.67 7121.55 44.00 0.76 154.20 16730.61
homfam tgfb 1606 8 95.4645 118 43.8 81.4 84.4 29.9 37.3 268.5553 0:04:28 15058.99 104882.44 14667.09 14830.09 1.99 1.59 118.11 318.59
homfam cryst 1160 7 80.8078 192 44.4 91.2 90.9 69.6 72.5 298.1199 0:04:58 12852.41 103144.10 12319.92 12437.16 1.99 1.28 139.41 417.18
homfam cyclo 6288 6 159.069 203 44.1 87.9 88.8 74.6 78.7 1454.9595 0:24:14 7655.44 103185.75 7157.52 7297.52 1.99 7.57 151.52 2213.40
homfam kunitz 2266 10 53.752 64 37.9 98.9 98.9 95.0 94.7 220.6387 0:03:40 6785.96 103118.96 6726.65 6753.38 1.99 1.84 100.49 223.15
homfam Rhodanese 14049 6 102.277 216 22.7 75.2 79.1 51.0 58.7 1336.7347 0:22:16 14443.31 104269.10 14352.45 14381.46 1.98 11.25 152.78 2050.14
homfam sodcu 2038 7 141.322 169 42.2 89.7 90.5 75.3 79.2 416.0516 0:06:56 15103.14 104982.48 14703.13 14843.67 1.99 2.38 117.48 494.01
homfam profilin 687 5 123.371 144 39.7 94.6 94.6 88.3 89.2 264.8231 0:04:24 15054.91 104882.36 14718.70 14835.78 1.99 1.18 137.99 372.70
homfam glob 3983 41 100.684 174 31.7 95.2 95.0 65.3 69.1 381.6079 0:06:21 15085.70 105008.69 14705.10 14915.39 1.99 3.50 127.59 493.86
homfam tim 3904 10 205.645 260 47.5 97.8 97.6 92.7 95.8 1063.2163 0:17:43 14408.92 104234.64 13929.16 14138.71 1.99 4.86 147.72 1573.38
homfam uce 4558 13 134.701 184 34.0 90.3 89.5 51.8 60.4 564.8783 0:09:24 14899.67 104734.49 14493.99 14634.36 1.99 4.26 121.70 690.94
homfam toxin 508 20 62.311 78 43.1 87.7 86.3 51.9 59.3 133.4105 0:02:13 15146.59 105121.31 14734.00 14840.09 1.99 1.11 96.55 130.41
homfam rub 1435 5 46.1575 54 62.1 98.4 98.4 92.6 93.5 183.2555 0:03:03 14830.66 104658.30 14490.83 14562.04 1.99 1.58 117.43 216.61
homfam hom 12037 8 53.4951 98 35.3 94.4 94.3 73.9 89.4 436.9146 0:07:16 15043.05 104891.66 14777.84 14918.23 1.99 6.52 122.20 535.25
homfam biotin_lipoyl 11833 7 71.8928 112 28.9 95.0 93.4 76.5 82.3 454.3296 0:07:34 14842.03 104730.59 14361.96 14502.42 1.99 8.32 128.69 586.10
homfam cys 4316 13 198.11 284 40.5 95.5 94.9 73.1 83.7 1056.6222 0:17:36 15051.85 104960.66 14812.26 14952.81 1.99 6.07 143.70 1525.66
homfam ghf11 521 5 167.758 202 49.5 93.0 92.6 84.9 86.0 390.3005 0:06:30 15063.97 104982.32 14647.81 14788.27 1.99 1.47 145.67 570.15
homfam blmb 17200 6 192.465 344 20.6 67.5 70.5 37.5 47.4 4003.4372 1:06:43 12496.72 103015.95 11943.18 12152.06 1.98 18.98 165.65 6637.89
homfam aadh 3127 8 225.129 542 38.2 85.0 85.3 53.1 58.7 1600.3521 0:26:40 15173.04 105084.65 14773.07 14982.03 1.99 4.31 157.55 2529.70
homfam DEATH 1183 7 80.5689 159 19.6 82.6 83.6 60.5 67.5 251.9113 0:04:11 15059.02 104981.37 14653.88 14759.79 1.99 1.66 125.14 316.80
homfam Sulfotransfer 2489 5 235.798 381 26.2 79.1 80.0 52.4 61.8 1723.5713 0:28:43 15075.18 104983.52 14702.24 14842.76 1.99 3.77 161.32 2789.17
homfam serpin 3144 8 291.462 418 34.3 95.8 95.1 83.7 90.1 1986.8958 0:33:06 10172.89 102921.22 9652.50 9861.42 1.99 4.55 153.89 3066.48
homfam proteasome 5732 17 174.347 309 21.7 85.0 83.7 41.7 61.9 886.0175 0:14:46 12577.50 103224.40 12006.51 12215.04 3.20 5.73 141.19 1259.61
homfam zf-CCHH 88345 15 23.2513 39 35.5 96.4 96.5 85.7 89.3 1346.7734 0:22:26 15172.30 105083.00 14758.17 14967.04 1.96 51.95 113.66 1532.54
homfam egf 7774 12 32.0765 71 31.1 77.7 79.5 36.8 46.9 283.3870 0:04:43 15038.58 104887.02 14558.66 14768.25 1.98 4.39 105.66 301.05
homfam annexin 3139 6 65.1902 323 57.2 99.6 99.8 99.4 99.4 579.6476 0:09:39 15059.17 104884.62 14643.91 14807.39 1.99 2.35 145.57 845.24
homfam OTCace 4795 5 157.005 350 37.3 95.5 95.8 85.8 88.9 860.7809 0:14:20 15070.59 104985.71 14844.55 14984.88 1.99 4.92 144.16 1242.42
homfam rnasemam 498 6 120.072 141 42.2 92.7 89.9 70.9 82.3 201.7790 0:03:21 15070.30 105046.34 14695.84 14836.88 1.99 1.10 131.22 266.23
homfam adh 21331 5 123.64 375 63.9 96.7 97.1 91.7 92.0 1706.6569 0:28:26 11080.16 103133.71 10756.98 10897.41 25.98 18.55 138.37 2371.97
homfam il8 1073 11 63.7623 81 34.5 90.6 90.1 68.8 78.4 197.2674 0:03:17 13881.68 103706.73 13327.05 13491.17 1.99 1.10 108.22 215.48
homfam hr 3707 5 65.1513 82 53.3 98.3 98.7 93.7 98.3 311.1349 0:05:11 15196.38 105172.67 14829.48 14993.05 1.99 2.49 111.97 349.39
homfam ChtBD 774 5 38.2713 45 59.3 99.3 99.0 95.3 97.1 148.6136 0:02:28 15093.88 104981.37 14667.58 14784.73 1.99 0.96 113.42 169.56
homfam gluts 10099 14 98.1117 235 39.4 87.5 88.1 63.1 65.7 1602.9561 0:26:42 15166.71 105090.21 14763.67 14881.27 1.98 8.22 163.44 2626.87
homfam ghf5 2717 6 260.466 470 17.8 68.8 67.9 38.3 53.2 1755.2578 0:29:15 15041.71 104958.49 14718.01 14858.37 1.99 4.01 159.58 2808.14
homfam ghf13 12607 10 264.452 626 26.8 66.8 66.0 29.2 39.7 5441.9969 1:30:41 11917.54 103225.68 11551.49 11691.95 1.96 42.36 168.10 9146.79
homfam PDZ 14950 6 80.8907 110 30.6 87.8 87.9 75.8 78.9 800.6183 0:13:20 15055.04 105033.76 14589.96 14730.45 1.98 11.29 131.42 1058.35
homfam az 1086 29 100.416 215 33.4 75.2 75.8 40.8 44.2 284.5987 0:04:44 15068.86 104982.38 14687.78 14794.07 1.99 1.38 126.06 360.29
homfam hla 13465 5 153.148 178 76.5 100.0 100.0 100.0 100.0 786.3175 0:13:06 13042.38 102868.02 12488.06 12605.59 1.99 13.56 110.27 874.28
homfam slectin 932 5 133.052 142 33.3 94.5 94.6 84.7 89.0 456.2177 0:07:36 15118.89 105032.36 14731.89 14871.79 1.99 1.36 154.68 708.79
homfam GEL 2195 5 78.1157 150 23.7 66.1 68.5 34.9 49.9 317.8540 0:05:17 15032.79 104858.44 14486.64 14592.49 1.99 2.32 123.95 400.35
homfam kringle 1091 9 75.9138 100 43.3 93.7 93.3 75.3 79.3 210.9366 0:03:30 14943.78 104920.42 14453.32 14594.71 1.99 1.26 125.19 265.71
homfam p450 21013 12 331.506 512 20.8 73.2 72.4 33.9 41.8 6278.8775 1:44:38 8927.14 100761.56 8446.80 8586.57 52.00 0.75 139.95 8795.46
homfam gpdh 7691 8 129.082 360 55.1 96.3 96.3 88.8 91.4 1105.1420 0:18:25 15079.91 104989.07 14669.83 14879.55 1.99 12.14 152.25 1683.50
homfam int 7572 5 168.037 219 22.5 88.6 89.3 70.8 77.0 1396.9415 0:23:16 15064.52 104888.04 14639.01 14745.03 1.98 8.48 150.85 2114.14
homfam KAS 2070 6 174.528 404 31.7 86.9 86.7 69.8 75.4 690.7048 0:11:30 15222.45 105132.49 14729.84 14939.53 1.99 2.60 143.44 996.99
homfam trfl 837 7 242.315 702 61.9 93.4 94.5 86.7 85.8 1330.9078 0:22:10 12357.18 102926.02 11903.79 12114.49 1.99 1.82 153.36 2042.55
homfam TNF 556 5 119.903 176 32.0 85.0 84.8 66.9 72.4 216.7636 0:03:36 15118.72 105031.32 14752.08 14892.71 1.99 0.98 121.58 265.04
homfam scorptoxin 363 8 53.2562 74 46.3 91.9 91.0 72.6 81.2 148.8596 0:02:28 12268.13 102103.08 11703.29 11809.24 1.99 0.74 112.34 169.01
homfam aldosered 13277 7 268.547 386 41.6 86.8 88.9 68.3 75.4 3060.5002 0:51:00 12494.28 103198.61 12014.61 12155.11 1.99 18.56 148.97 4567.76
homfam rrm 27610 20 67.4587 157 22.9 87.0 85.5 23.4 30.7 845.6683 0:14:05 13830.90 103655.19 13350.95 13468.56 1.98 18.04 120.32 1019.00
