homfam ricin 747 7 198.708 281 37.5 90.9 91.4 75.8 83.2 424.4009 0:07:04 6781.45 99911.82 6416.34 6527.01 1.99 1.36 148.37 638.16
homfam ghf10 1502 5 220.34 364 43.3 92.5 92.4 80.2 85.7 1048.1588 0:17:28 6854.61 102918.96 6378.71 6499.09 1.99 2.39 158.79 1674.82
homfam seatoxin 93 5 43.6344 54 42.6 66.4 63.9 8.2 9.3 142.0027 0:02:22 6386.47 96059.67 5909.94 6052.58 1.99 0.66 129.79 185.81
homfam mofe 2567 6 353.074 609 30.0 80.7 82.2 60.8 66.9 2980.2682 0:49:40 7266.85 103308.57 6790.92 7011.12 1.99 4.20 164.16 4900.20
homfam cyt3 385 6 92.3065 130 40.3 79.3 80.3 56.8 66.0 163.0221 0:02:43 6658.79 102986.42 6292.84 6403.64 1.99 0.87 111.17 182.72
homfam ins 793 6 65.2825 74 44.9 93.2 95.9 68.1 92.0 326.6429 0:05:26 6860.05 101958.25 6384.09 6549.96 1.99 1.09 146.62 485.03
homfam Ald_Xan_dh_2 2589 6 109.304 885 31.8 82.9 82.8 63.2 71.4 1888.9966 0:31:28 6558.73 102937.34 6226.54 6321.39 1.99 2.66 164.60 3117.91
homfam tms 2118 5 264.245 357 45.9 95.0 94.9 82.8 89.6 1282.9880 0:21:22 7064.74 103201.86 6699.06 6863.88 1.99 3.35 159.55 2055.26
homfam phc 2957 12 98.4711 179 37.2 89.2 90.7 71.5 77.6 489.6843 0:08:09 6751.46 98148.33 6385.91 6496.56 1.99 2.70 148.95 736.97
homfam cytb 3206 6 82.1454 100 35.6 88.2 88.0 65.2 69.3 684.6656 0:11:24 6629.06 101958.45 6271.20 6375.41 1.99 3.01 160.88 1107.09
homfam mmp 1427 6 157.93 180 55.1 94.7 95.7 85.2 90.2 672.8530 0:11:12 6783.36 102937.50 6307.17 6430.97 1.99 1.96 158.88 1072.85
homfam phoslip 946 18 113.33 137 48.9 94.6 94.4 69.1 79.2 229.6610 0:03:49 6713.06 102921.00 6237.11 6403.06 1.99 1.73 141.60 326.50
homfam HLH 6781 5 53.5453 92 28.1 87.4 92.5 65.5 77.1 481.0093 0:08:01 6726.59 99909.61 6252.19 6391.20 1.99 4.34 153.55 743.05
homfam myb_DNA-binding 10398 5 46.5583 61 40.7 94.4 93.3 78.6 84.0 376.0156 0:06:16 6706.92 99909.93 6341.54 6506.46 1.98 5.89 115.38 435.35
homfam msb 4884 8 106.037 158 26.6 85.2 87.4 61.4 74.9 344.2493 0:05:44 6786.38 102937.37 6421.21 6540.01 1.98 4.41 133.09 468.50
homfam ghf1 4358 8 403.813 562 38.4 90.8 91.0 70.0 78.3 3091.6018 0:51:31 7773.38 103247.89 7407.82 7514.80 1.99 7.96 162.47 5023.35
homfam rvp 93681 6 94.2886 132 36.6 34.2 85.3 0.0 0.0 2436.1565 0:40:36 8036.36 99528.56 7829.72 7923.90 0.00 0.47 167.07 4077.51
homfam lyase_1 7632 5 295.082 511 30.9 79.9 80.0 60.4 64.8 2213.8122 0:36:53 7342.25 103185.05 7126.98 7155.78 1.99 10.05 159.53 3537.82
homfam ldh 7367 14 121.378 371 31.9 89.4 88.8 58.1 69.8 886.8423 0:14:46 6843.54 99049.06 6478.49 6562.05 1.99 7.41 156.27 1392.31
homfam subt 7517 11 301.598 414 39.5 80.8 81.0 33.7 43.7 7210.1316 2:00:10 7567.49 103082.11 7085.71 7224.46 1.98 12.38 179.10 12920.34
homfam sodfe 4455 8 77.4471 219 42.3 89.8 89.1 61.7 65.2 495.7863 0:08:15 6607.63 99911.88 6242.20 6352.97 1.99 3.39 131.08 651.43
homfam LIM 6428 5 57.0143 86 52.8 98.5 98.5 90.2 98.4 293.1906 0:04:53 6535.41 99912.91 6059.39 6197.81 1.99 4.35 142.89 420.55
homfam blm 9105 8 300.727 274 39.1 63.9 66.3 32.6 33.9 3632.6114 1:00:32 7604.83 103004.09 7238.77 7403.94 1.98 12.88 165.50 6021.34
homfam DMRL_synthase 2099 5 140.59 182 33.2 92.8 89.9 74.6 83.3 323.0734 0:05:23 6821.73 99910.41 6345.46 6549.22 1.99 2.34 148.77 483.99
homfam tRNA-synt_2b 11293 5 177.564 467 18.7 50.9 50.3 22.7 31.9 1989.8016 0:33:09 7239.86 103180.36 6763.60 6902.35 1.99 12.10 176.39 3512.86
homfam Stap_Strp_toxin 640 6 87.3922 254 32.5 78.6 77.8 46.5 53.2 384.1966 0:06:24 6672.33 99492.98 6306.63 6402.72 1.99 1.36 155.03 600.43
homfam Acetyltransf 46285 6 82.9897 229 24.1 61.2 63.0 36.0 42.3 2966.9385 0:49:26 7656.39 102968.84 7492.20 7515.06 1.97 33.51 183.85 5462.16
homfam ghf22 760 12 107.567 131 51.4 94.0 94.2 81.5 85.2 193.3364 0:03:13 6620.00 102698.27 6303.80 6431.46 1.99 1.48 119.69 232.91
homfam sdr 50157 13 163.253 361 23.3 74.0 76.9 23.7 30.7 2173.6663 0:36:13 8409.27 103062.80 8044.57 8209.31 1.97 54.75 160.83 3490.20
homfam ltn 1068 12 204.148 282 49.9 92.7 93.3 68.4 77.3 656.5204 0:10:56 6735.99 102928.23 6370.47 6454.18 1.99 1.86 159.84 1052.10
homfam hpr 3349 5 83.0427 89 44.4 99.3 99.3 97.7 98.5 232.0364 0:03:52 6603.96 103129.73 6127.69 6293.52 1.99 2.61 142.47 332.03
homfam bowman 499 5 26.1443 73 64.9 93.3 93.3 80.0 80.2 129.1890 0:02:09 6406.68 102921.79 6041.78 6160.12 1.99 1.06 101.50 132.67
homfam hip 167 5 66.2096 88 33.4 87.0 86.0 67.9 76.7 155.5059 0:02:35 6471.22 99909.95 5995.66 6162.10 1.99 0.71 119.69 187.06
homfam HMG_box 4779 5 66.0716 89 24.8 97.3 96.2 85.2 93.9 235.2844 0:03:55 6564.98 102932.33 6089.00 6292.54 1.99 3.24 140.91 333.09
homfam icd 5678 5 328.887 433 41.7 94.2 94.5 85.1 88.2 2745.3304 0:45:45 7439.59 103180.40 6965.56 7121.65 1.99 8.41 160.26 4408.14
homfam peroxidase 4514 5 256.626 383 37.3 80.2 81.8 51.0 54.0 2546.2436 0:42:26 7184.34 102993.57 7014.42 7043.36 1.99 13.85 179.69 4576.29
homfam asp 3262 13 284.142 381 37.5 90.9 91.1 73.5 79.9 1800.3801 0:30:00 7198.38 103262.62 6722.04 6861.27 1.99 5.52 166.63 3007.76
homfam flav 4612 6 138.021 183 35.0 84.8 85.3 62.3 65.3 871.8357 0:14:31 6698.95 103233.00 6333.32 6498.16 1.99 4.24 163.15 1432.05
homfam cah 1379 5 212.706 279 38.7 88.0 88.2 69.0 75.7 685.4186 0:11:25 6862.26 99910.26 6544.76 6686.43 1.99 2.45 159.15 1094.59
homfam ace 3989 6 427.824 601 37.3 85.0 86.1 66.4 73.0 4459.6584 1:14:19 7810.47 103140.03 7444.88 7528.57 1.98 8.37 161.72 7219.66
homfam sti 613 5 165.383 198 36.4 87.5 86.8 67.4 73.3 231.3321 0:03:51 6905.29 99909.18 6539.77 6623.32 1.99 1.68 140.05 325.51
homfam aat 25100 10 337.807 476 28.6 75.8 76.6 31.9 36.8 5979.9525 1:39:39 8458.55 103139.41 8180.23 8283.42 1.98 82.04 161.84 9677.41
homfam oxidored_q6 3348 5 123.044 285 56.7 89.7 92.2 82.0 83.4 682.9121 0:11:22 6763.52 103115.14 6694.61 6723.31 1.99 3.22 165.01 1137.11
homfam hormone_rec 3509 5 188.562 308 21.5 70.6 70.5 45.6 58.1 1064.9412 0:17:44 7059.73 103051.12 6936.54 6965.45 1.99 3.86 156.92 1676.22
homfam rhv 17976 6 143.424 938 33.1 61.0 66.5 28.1 35.2 8481.1411 2:21:21 7245.88 98745.58 6928.16 7069.03 5.99 15.20 172.18 14602.17
homfam tgfb 1606 8 95.4645 118 43.8 82.2 86.2 31.6 39.1 243.4549 0:04:03 6688.27 102922.00 6264.11 6434.42 1.99 1.85 123.89 303.66
homfam cryst 1160 7 80.8078 192 44.4 92.5 92.5 70.7 73.7 247.7888 0:04:07 6707.64 99911.94 6365.76 6496.67 1.99 1.28 134.85 335.61
homfam cyclo 6288 6 159.069 203 44.1 85.4 87.2 67.2 71.9 1217.1952 0:20:17 6988.08 103293.19 6511.96 6631.94 1.99 7.91 171.93 2094.30
homfam kunitz 2266 10 53.752 64 37.9 97.5 97.5 88.3 87.5 174.2428 0:02:54 6497.54 103122.83 6131.97 6243.19 1.99 2.17 132.90 233.18
homfam Rhodanese 14049 6 102.277 216 22.7 78.9 87.6 60.9 68.8 1156.8847 0:19:16 6875.29 103276.28 6509.88 6675.29 1.98 11.05 169.17 1956.52
homfam sodcu 2038 7 141.322 169 42.2 89.4 89.5 72.9 77.9 349.9098 0:05:49 6802.25 102924.76 6436.98 6602.48 1.99 2.41 136.13 485.13
homfam profilin 687 5 123.371 144 39.7 92.6 92.6 82.8 83.5 238.2942 0:03:58 6732.17 99910.16 6366.40 6450.01 1.99 1.17 140.70 344.12
homfam glob 3983 41 100.684 174 31.7 95.5 95.3 70.6 74.0 419.0572 0:06:59 6787.72 101958.72 6312.05 6450.83 1.99 3.81 124.94 529.03
homfam tim 3904 10 205.645 260 47.5 97.8 97.7 92.3 95.6 1205.0493 0:20:05 6851.30 103243.77 6375.10 6595.21 1.99 5.00 155.00 1873.95
homfam uce 4558 13 134.701 184 34.0 91.3 91.2 57.8 66.1 525.4628 0:08:45 6963.73 103166.20 6898.40 6927.09 1.99 4.24 136.71 719.23
homfam toxin 508 20 62.311 78 43.1 93.0 91.4 66.2 76.1 136.5692 0:02:16 6537.07 102922.74 6061.27 6203.64 1.99 0.86 96.10 133.01
homfam rub 1435 5 46.1575 54 62.1 98.4 98.4 92.6 93.5 155.2683 0:02:35 6460.29 99911.95 5984.39 6136.05 1.99 1.58 117.80 183.28
homfam hom 12037 8 53.4951 98 35.3 95.0 94.9 71.0 86.9 282.7345 0:04:42 6676.33 102919.70 6311.32 6476.08 1.99 6.57 131.47 373.23
homfam biotin_lipoyl 11833 7 71.8928 112 28.9 94.6 93.0 75.3 81.0 307.6276 0:05:07 6704.63 103057.00 6294.71 6405.95 1.99 8.09 139.22 429.77
homfam cys 4316 13 198.11 284 40.5 93.6 93.3 69.0 79.4 1137.9489 0:18:57 7067.90 103144.08 6702.14 6867.00 1.99 5.83 156.47 1786.71
homfam ghf11 521 5 167.758 202 49.5 88.3 88.1 72.4 73.4 363.6777 0:06:03 6764.83 96348.01 6399.46 6482.82 1.99 1.54 147.48 537.55
homfam blmb 17200 6 192.465 344 20.6 64.8 70.3 38.2 46.7 2971.6201 0:49:31 7487.63 102995.27 7121.94 7209.57 1.98 18.77 177.83 5292.48
homfam aadh 3127 8 225.129 542 38.2 84.9 86.6 47.6 53.6 1668.3054 0:27:48 6917.90 103208.18 6629.38 6661.72 1.99 4.38 160.67 2689.64
homfam DEATH 1183 7 80.5689 159 19.6 78.3 79.2 43.5 59.2 228.2681 0:03:48 6657.21 100053.24 6291.68 6375.25 1.99 1.62 124.08 284.85
homfam Sulfotransfer 2489 5 235.798 381 26.2 74.4 75.6 46.6 54.9 1776.9975 0:29:36 6955.99 103157.99 6546.77 6700.35 1.99 4.02 164.95 2935.78
homfam serpin 3144 8 291.462 418 34.3 96.1 95.6 84.2 90.4 1625.4411 0:27:05 7245.80 98750.30 6880.34 7045.24 1.99 4.55 164.87 2683.62
homfam proteasome 5732 17 174.347 309 21.7 82.3 80.4 32.4 48.5 788.9551 0:13:08 6903.04 102920.96 6584.78 6656.49 1.99 6.02 147.92 1174.72
homfam zf-CCHH 88345 15 23.2513 39 35.5 97.1 96.5 88.6 93.0 480.6833 0:08:00 7137.05 102930.03 6819.90 6915.26 1.94 42.88 133.08 641.40
homfam egf 7774 12 32.0765 71 31.1 78.7 78.6 33.8 36.8 216.9566 0:03:36 6513.18 99909.71 6037.37 6203.43 1.98 4.43 122.71 267.59
homfam annexin 3139 6 65.1902 323 57.2 99.6 99.8 99.4 99.4 589.0012 0:09:49 6694.40 100360.45 6329.16 6447.72 1.99 2.37 151.55 894.15
homfam OTCace 4795 5 157.005 350 37.3 96.4 96.7 88.7 91.8 593.2066 0:09:53 6941.81 103201.43 6652.09 6741.18 1.99 7.64 155.50 923.49
homfam rnasemam 498 6 120.072 141 42.2 92.3 89.3 70.9 82.1 174.6104 0:02:54 6733.15 96330.07 6257.18 6423.01 1.99 0.97 132.76 233.36
homfam adh 21331 5 123.64 375 63.9 93.5 94.5 84.5 84.8 1505.1090 0:25:05 7099.72 102358.96 6734.68 6899.47 1.98 18.25 161.74 2444.70
homfam il8 1073 11 63.7623 81 34.5 94.2 93.3 71.4 81.5 167.1361 0:02:47 6501.36 99335.57 6135.75 6223.48 1.99 1.09 107.51 181.66
homfam hr 3707 5 65.1513 82 53.3 99.1 99.1 94.9 99.1 241.3684 0:04:01 6580.67 101958.44 6105.07 6252.59 1.99 2.55 138.60 341.67
homfam ChtBD 774 5 38.2713 45 59.3 99.3 99.0 95.3 97.1 126.9813 0:02:06 6504.17 102926.01 6029.07 6176.39 1.99 2.90 100.69 129.34
homfam gluts 10099 14 98.1117 235 39.4 91.8 91.8 64.4 67.5 1514.3368 0:25:14 6885.26 99943.88 6519.34 6605.34 1.98 8.30 165.01 2506.42
homfam ghf5 2717 6 260.466 470 17.8 66.4 67.6 35.0 50.0 1904.8775 0:31:44 7197.25 103287.73 6831.69 6996.58 1.99 4.05 164.82 3148.49
homfam ghf13 12607 10 264.452 626 26.8 60.5 63.7 23.4 32.5 5040.1648 1:24:00 7650.16 103153.01 7173.94 7294.47 5.99 16.77 179.91 9062.35
homfam PDZ 14950 6 80.8907 110 30.6 89.2 89.0 75.8 78.9 685.3235 0:11:25 6972.22 102995.20 6495.88 6638.86 1.98 11.08 140.80 972.89
homfam az 1086 29 100.416 215 33.4 74.7 74.7 40.8 43.2 259.4824 0:04:19 6675.29 101958.19 6199.73 6347.13 0.00 0.02 150.47 4.70
homfam hla 13465 5 153.148 178 76.5 100.0 100.0 100.0 100.0 516.7721 0:08:36 7487.32 101961.80 7121.53 7217.01 1.99 13.72 144.81 749.84
homfam slectin 932 5 133.052 142 33.3 95.1 94.9 86.9 90.5 462.0470 0:07:42 6664.07 102918.43 6298.33 6395.05 1.99 1.41 153.05 716.64
homfam GEL 2195 5 78.1157 150 23.7 69.9 69.7 40.4 56.0 267.7300 0:04:27 6715.86 100704.64 6350.43 6461.04 1.99 1.98 146.32 397.14
homfam kringle 1091 9 75.9138 100 43.3 93.9 93.0 75.3 79.3 184.2951 0:03:04 6596.78 101993.04 6231.62 6342.15 1.99 1.25 127.35 236.26
homfam p450 21013 12 331.506 512 20.8 57.4 64.4 3.0 0.5 5502.8119 1:31:42 8523.11 99958.98 8157.34 8240.89 1.98 32.95 159.14 8765.92
homfam gpdh 7691 8 129.082 360 55.1 94.1 94.0 84.1 87.0 742.4937 0:12:22 6870.48 103221.54 6552.10 6693.57 1.99 7.91 150.11 1123.97
homfam int 7572 5 168.037 219 22.5 91.0 92.4 76.2 82.2 1345.5973 0:22:25 7215.25 102926.29 6991.77 7014.63 1.98 8.06 166.85 2253.55
homfam KAS 2070 6 174.528 404 31.7 87.8 87.4 71.0 76.6 645.6942 0:10:45 6920.11 99911.76 6614.86 6675.36 1.99 2.62 144.22 932.63
homfam trfl 837 7 242.315 702 61.9 92.9 94.5 86.0 83.8 1272.5448 0:21:12 7121.15 99141.80 6645.59 6800.77 1.99 1.59 161.50 2061.02
homfam TNF 556 5 119.903 176 32.0 80.3 80.9 62.4 69.6 200.8714 0:03:20 6757.55 102918.48 6296.62 6420.22 1.99 1.52 138.16 278.97
homfam scorptoxin 363 8 53.2562 74 46.3 90.4 89.5 72.6 78.7 125.5558 0:02:05 6520.98 102920.40 6044.80 6187.82 1.99 0.76 104.47 132.70
homfam aldosered 13277 7 268.547 386 41.6 87.0 89.5 69.2 75.4 3381.0432 0:56:21 7576.69 103251.40 7211.00 7375.84 1.98 18.46 165.68 5601.30
homfam rrm 27610 20 67.4587 157 22.9 83.4 82.5 17.1 22.7 511.1306 0:08:31 6973.01 102928.29 6607.51 6772.44 1.97 17.82 148.36 759.37
