homfam ricin 747 7 198.708 281 37.5 91.3 91.7 76.6 84.1 836.9253 0:13:56 15127.95 105229.29 14753.93 14893.77 1.99 1.34 125.86 1056.92

homfam ghf10 1502 5 220.34 364 43.3 93.7 93.8 81.4 87.1 1694.4132 0:28:14 15116.02 105268.39 14699.66 14805.55 1.99 2.56 156.15 2652.63

homfam seatoxin 93 5 43.6344 54 42.6 63.7 92.9 16.3 11.1 390.8869 0:06:30 15177.26 105342.14 14807.21 14913.21 1.99 0.88 82.39 323.56

homfam mofe 2567 6 353.074 609 30.0 86.6 87.7 67.5 75.7 2731.6970 0:45:31 15079.61 105245.49 14684.81 14790.98 1.99 5.98 157.94 4323.17

homfam cyt3 385 6 92.3065 130 40.3 77.4 79.9 58.5 66.4 418.8198 0:06:58 15036.68 105142.19 14665.83 14783.44 1.99 0.92 92.54 393.70

homfam ins 793 6 65.2825 74 44.9 84.7 88.4 53.6 75.7 690.1108 0:11:30 15128.54 105228.30 14758.14 14897.99 1.99 1.44 119.72 824.14

homfam Ald_Xan_dh_2 2589 6 109.304 885 31.8 83.3 83.3 63.8 72.0 3719.5749 1:01:59 15127.61 105231.51 14738.44 14844.79 0.00 0.02 160.65 20.18

homfam tms 2118 5 264.245 357 45.9 95.9 95.9 84.6 90.9 2227.2914 0:37:07 9213.90 100755.08 8710.27 8918.13 1.99 3.32 160.72 3589.07

homfam phc 2957 12 98.4711 179 37.2 73.9 95.4 39.1 42.8 1029.3687 0:17:09 15187.78 105345.60 14810.25 14965.69 1.99 2.72 147.98 1531.36

homfam cytb 3206 6 82.1454 100 35.6 86.8 86.5 64.1 72.2 1249.0166 0:20:49 11339.18 101443.86 10881.40 11021.65 73.99 2.93 143.87 1806.89

homfam mmp 1427 6 157.93 180 55.1 95.4 96.6 86.4 91.5 1240.6726 0:20:40 11954.72 102042.23 11455.62 11572.71 1.99 2.25 148.34 1849.74

homfam phoslip 946 18 113.33 137 48.9 93.6 93.4 67.6 77.1 528.7603 0:08:48 15179.25 105279.31 14807.58 14913.59 1.99 1.27 92.64 491.35

homfam HLH 6781 5 53.5453 92 28.1 87.4 92.5 65.5 77.1 949.0568 0:15:49 14694.44 104783.87 14187.05 14304.68 1.99 4.27 121.65 1163.80

homfam myb_DNA-binding 10398 5 46.5583 61 40.7 96.8 95.6 83.9 90.0 692.9917 0:11:32 15160.34 105262.61 14736.96 14878.21 1.98 5.92 128.01 896.04

homfam msb 4884 8 106.037 158 26.6 85.1 88.3 57.9 71.2 859.2783 0:14:19 15115.75 105133.84 14710.40 14850.81 1.98 4.57 113.31 983.33

homfam ghf1 4358 8 403.813 562 38.4 92.9 93.0 73.4 82.3 5190.3035 1:26:30 12059.21 102553.05 11549.50 11689.08 1.99 7.98 159.03 8253.62

homfam rvp 93681 6 94.2886 132 36.6 82.1 81.6 52.3 58.9 3071.1365 0:51:11 9718.91 101701.32 9214.54 9334.59 1.99 58.80 121.19 3729.56

homfam lyase_1 7632 5 295.082 511 30.9 82.1 82.1 65.6 68.7 3398.7195 0:56:38 9516.36 100995.20 9291.79 9311.60 1.99 9.81 151.53 5159.08

homfam ldh 7367 14 121.378 371 31.9 90.4 90.0 61.1 72.4 1773.8038 0:29:33 8546.78 99845.29 8264.50 8411.15 1.99 7.18 146.66 2607.17

homfam subt 7517 11 301.598 414 39.5 75.9 82.4 26.0 34.6 10274.2341 2:51:14 9783.51 101608.18 9278.73 9408.19 1.98 12.60 174.57 17942.06

homfam sodfe 4455 8 77.4471 219 42.3 91.2 90.3 65.1 68.9 1094.0621 0:18:14 14639.64 104732.57 14163.17 14268.68 1.99 3.56 123.02 1347.33

homfam LIM 6428 5 57.0143 86 52.8 97.3 97.3 86.6 94.2 575.2662 0:09:35 15083.75 105184.13 14712.01 14829.71 1.99 4.25 108.70 626.87

homfam blm 9105 8 300.727 274 39.1 97.1 96.8 88.0 89.8 7214.7166 2:00:14 10027.59 101987.26 9523.43 9641.24 5.98 13.25 171.39 12373.26

homfam DMRL_synthase 2099 5 140.59 182 33.2 93.7 90.7 74.6 83.3 697.9237 0:11:37 15073.65 105180.48 14708.24 14848.52 5.99 2.30 117.39 821.08

homfam tRNA-synt_2b 11293 5 177.564 467 18.7 50.5 49.0 28.5 40.1 3661.5522 1:01:01 8944.86 100780.41 8556.07 8621.34 1.99 11.65 164.37 6026.52

homfam Stap_Strp_toxin 640 6 87.3922 254 32.5 80.3 80.3 46.5 52.9 671.5996 0:11:11 8282.01 103120.40 7778.94 7908.23 1.99 1.22 119.63 804.97

homfam Acetyltransf 46285 6 82.9897 229 24.1 64.5 63.6 35.4 45.5 4611.5810 1:16:51 15122.91 105223.78 14752.43 14892.48 25.96 33.99 161.94 7479.28

homfam ghf22 760 12 107.567 131 51.4 93.4 93.6 80.8 84.4 426.0684 0:07:06 15077.41 105180.30 14686.30 14791.74 1.99 1.33 107.20 458.14

homfam sdr 50157 13 163.253 361 23.3 79.3 78.8 33.4 44.5 4771.9126 1:19:31 10034.42 101538.60 9530.23 9688.14 5.96 55.80 143.43 6850.79

homfam ltn 1068 12 204.148 282 49.9 93.1 94.0 68.4 77.0 1142.8439 0:19:02 13729.89 103804.02 13208.22 13372.49 1.99 2.07 137.66 1582.26

homfam hpr 3349 5 83.0427 89 44.4 99.3 99.3 97.7 98.5 604.6159 0:10:04 8275.50 98447.07 7771.01 8006.97 1.99 2.94 104.54 633.52

homfam bowman 499 5 26.1443 73 64.9 94.5 94.5 82.9 84.9 342.5656 0:05:42 15094.86 105204.25 14657.55 14821.83 1.99 1.00 79.53 273.93

homfam hip 167 5 66.2096 88 33.4 87.0 86.5 67.9 76.7 368.7025 0:06:08 7737.89 97896.54 7235.27 7406.95 1.99 0.91 87.73 325.01

homfam HMG_box 4779 5 66.0716 89 24.8 97.3 96.2 85.2 93.9 647.9204 0:10:47 8136.91 98355.95 7632.88 7751.38 1.99 3.21 93.09 604.61

homfam icd 5678 5 328.887 433 41.7 94.5 95.1 85.7 88.9 3763.9214 1:02:43 12916.71 102934.71 12436.76 12554.22 1.99 8.93 156.78 5912.90

homfam peroxidase 4514 5 256.626 383 37.3 74.3 76.5 47.0 50.3 3692.3882 1:01:32 14655.84 104708.45 14112.24 14228.92 1.99 6.83 168.95 6246.55

homfam asp 3262 13 284.142 381 37.5 90.4 91.0 70.9 76.9 2758.2524 0:45:58 9442.51 103160.85 9294.29 9351.91 1.99 5.30 162.68 4489.55

homfam flav 4612 6 138.021 183 35.0 85.8 85.8 60.0 63.6 1268.3928 0:21:08 15037.01 105057.75 14536.27 14676.65 1.99 4.47 128.54 1640.27

homfam cah 1379 5 212.706 279 38.7 91.5 92.2 74.5 81.6 1348.0546 0:22:28 8552.51 99913.97 8048.04 8169.18 81.99 2.46 137.63 1864.15

homfam ace 3989 6 427.824 601 37.3 86.4 87.6 67.1 74.7 7417.8229 2:03:37 14541.53 104558.71 14061.84 14167.69 1.98 8.67 168.23 12488.15

homfam sti 613 5 165.383 198 36.4 87.2 87.0 66.3 73.9 548.1132 0:09:08 15162.73 105179.24 14782.56 14900.21 1.99 1.12 98.57 541.85

homfam aat 25100 10 337.807 476 28.6 72.8 74.1 39.5 43.1 8511.2238 2:21:51 14811.61 104662.66 14718.66 14881.76 1.98 36.25 155.21 13220.17

homfam oxidored_q6 3348 5 123.044 285 56.7 92.9 93.1 86.5 88.3 1310.3603 0:21:50 15080.70 105181.68 14802.96 14897.80 1.99 3.41 140.66 1851.01

homfam hormone_rec 3509 5 188.562 308 21.5 75.7 78.0 51.2 65.8 1760.9752 0:29:20 15132.62 105246.67 14748.29 14819.65 1.99 6.87 152.89 2693.74

homfam rhv 17976 6 143.424 938 33.1 35.6 46.6 1.6 0.1 14337.8925 3:58:57 8460.23 100487.05 8078.68 8243.74 1.99 15.63 156.15 22392.22

homfam tgfb 1606 8 95.4645 118 43.8 85.9 88.6 45.3 47.6 551.2620 0:09:11 15082.38 105244.41 14707.81 14849.08 1.99 1.67 101.11 561.26

homfam cryst 1160 7 80.8078 192 44.4 92.9 92.7 74.0 77.2 551.7506 0:09:11 15080.02 105178.34 14656.95 14763.04 1.99 1.53 108.30 599.10

homfam cyclo 6288 6 159.069 203 44.1 89.2 90.3 74.6 80.5 2034.9378 0:33:54 14792.59 104808.99 14238.62 14378.21 1.99 7.27 153.50 3133.62

homfam kunitz 2266 10 53.752 64 37.9 98.2 98.2 91.7 91.1 487.3667 0:08:07 15080.79 105180.49 14708.16 14825.63 1.99 1.89 92.93 454.43

homfam Rhodanese 14049 6 102.277 216 22.7 71.0 77.6 49.0 54.3 2198.1790 0:36:38 15266.42 105317.26 14744.78 14850.71 1.98 11.32 151.51 3331.16

homfam sodcu 2038 7 141.322 169 42.2 90.2 90.5 75.9 80.3 800.5579 0:13:20 12704.36 102729.28 12232.03 12395.18 1.99 2.43 118.89 960.16

homfam profilin 687 5 123.371 144 39.7 94.0 94.0 85.2 86.7 496.3037 0:08:16 7960.32 99313.48 7456.63 7627.59 1.99 1.23 105.79 531.14

homfam glob 3983 41 100.684 174 31.7 94.9 94.7 70.0 71.8 811.2130 0:13:31 15079.67 105246.71 14709.81 14827.45 1.99 3.38 112.16 916.95

homfam tim 3904 10 205.645 260 47.5 97.8 97.9 91.1 94.3 1629.4831 0:27:09 15080.82 105183.72 14711.62 14828.58 1.99 5.27 145.26 2375.33

homfam uce 4558 13 134.701 184 34.0 90.1 91.6 63.9 71.0 1369.1570 0:22:49 15182.25 105282.78 14782.77 14888.80 1.99 8.06 151.71 2076.13

homfam toxin 508 20 62.311 78 43.1 93.8 92.1 66.2 76.1 294.8471 0:04:54 15081.05 105179.26 14689.16 14795.15 1.99 1.09 102.33 303.16

homfam rub 1435 5 46.1575 54 62.1 99.2 99.2 96.3 96.7 383.0001 0:06:23 7859.27 97789.86 7355.94 7527.39 1.99 1.42 93.43 359.40

homfam hom 12037 8 53.4951 98 35.3 94.1 94.0 65.2 81.1 770.7264 0:12:50 8273.94 98343.21 7769.26 7888.60 1.99 6.78 110.03 849.49

homfam biotin_lipoyl 11833 7 71.8928 112 28.9 96.1 96.3 83.5 84.2 865.5279 0:14:25 15063.16 105164.02 14646.46 14763.45 1.99 11.07 109.67 950.88

homfam cys 4316 13 198.11 284 40.5 94.9 94.4 74.3 84.8 1811.8530 0:30:11 8528.30 100457.38 8026.96 8178.73 0.00 0.70 151.45 2750.67

homfam ghf11 521 5 167.758 202 49.5 94.0 93.7 84.4 85.9 539.7586 0:08:59 15128.54 105229.24 14756.73 14874.47 1.99 1.40 134.92 729.69

homfam blmb 17200 6 192.465 344 20.6 68.5 73.7 44.4 53.4 8300.3807 2:18:20 9128.28 100684.34 8657.77 8836.93 1.98 18.75 180.39 14982.27

homfam aadh 3127 8 225.129 542 38.2 84.5 87.7 49.7 55.2 2266.7524 0:37:46 8932.45 100636.83 8566.80 8713.78 1.99 4.28 159.45 3622.69

homfam DEATH 1183 7 80.5689 159 19.6 71.7 73.8 27.4 37.3 489.9039 0:08:09 7845.52 98031.36 7446.25 7557.62 1.99 1.37 106.05 520.99

homfam Sulfotransfer 2489 5 235.798 381 26.2 64.1 77.3 40.2 46.9 2771.2751 0:46:11 15141.02 105181.50 14611.13 14751.02 1.99 3.87 169.78 4711.77

homfam serpin 3144 8 291.462 418 34.3 95.1 94.6 82.4 88.6 3001.4240 0:50:01 9495.18 103117.73 8991.36 9143.99 1.99 4.70 154.29 4639.07

homfam proteasome 5732 17 174.347 309 21.7 83.6 81.4 29.7 44.4 1374.9559 0:22:54 15087.82 105185.08 14712.08 14852.46 1.99 6.06 145.79 2009.13

homfam zf-CCHH 88345 15 23.2513 39 35.5 96.5 95.9 88.6 93.0 2207.3384 0:36:47 15242.35 105324.94 14851.19 14968.56 57.94 51.82 122.23 2701.10

homfam egf 7774 12 32.0765 71 31.1 77.9 78.1 33.8 41.8 641.4620 0:10:41 7928.90 98038.00 7426.08 7590.91 1.98 4.71 93.32 600.15

homfam annexin 3139 6 65.1902 323 57.2 100.0 100.0 100.0 100.0 1189.2048 0:19:49 7924.09 98032.39 7558.42 7669.28 1.99 2.42 142.38 1694.53

homfam OTCace 4795 5 157.005 350 37.3 97.0 97.0 89.6 92.4 1268.8733 0:21:08 15131.35 105183.82 14610.87 14728.55 1.99 5.13 147.15 1869.45

homfam rnasemam 498 6 120.072 141 42.2 92.4 89.5 67.2 78.9 414.2840 0:06:54 15089.32 105179.25 14706.34 14870.59 1.99 1.34 99.11 412.22

homfam adh 21331 5 123.64 375 63.9 95.5 96.1 88.8 89.1 3672.3124 1:01:12 15126.02 105288.08 14751.90 14892.46 1.98 18.74 158.35 5823.33

homfam il8 1073 11 63.7623 81 34.5 92.2 91.7 70.1 80.0 383.5654 0:06:23 15125.27 105179.30 14607.05 14748.46 1.99 1.29 99.98 384.88

homfam hr 3707 5 65.1513 82 53.3 99.1 99.1 94.9 99.1 686.7203 0:11:26 15065.57 105181.71 14636.55 14776.40 9.99 2.55 109.93 761.02

homfam ChtBD 774 5 38.2713 45 59.3 99.3 99.0 95.3 97.1 310.7225 0:05:10 7746.07 97839.39 7243.26 7415.03 1.99 1.18 87.39 273.15

homfam gluts 10099 14 98.1117 235 39.4 88.2 89.5 65.7 70.2 2732.7747 0:45:32 15134.12 105238.57 14765.82 14882.90 1.98 7.82 158.91 4353.98

homfam ghf5 2717 6 260.466 470 17.8 65.7 67.6 35.0 49.7 3082.6744 0:51:22 15067.27 105156.57 14667.29 14784.92 1.99 4.46 165.62 5114.42

homfam ghf13 12607 10 264.452 626 26.8 63.7 64.8 29.5 38.4 8300.3866 2:18:20 9535.27 101406.54 9351.79 9405.35 1.99 41.33 174.01 14444.97

homfam PDZ 14950 6 80.8907 110 30.6 89.2 89.4 77.8 80.4 1328.3799 0:22:08 8287.02 100145.64 7782.70 7900.90 1.98 10.86 137.85 1840.50

homfam az 1086 29 100.416 215 33.4 74.7 75.6 39.1 41.0 644.0994 0:10:44 15124.89 105180.33 14607.00 14713.08 0.00 0.02 99.27 5.57

homfam hla 13465 5 153.148 178 76.5 100.0 100.0 100.0 100.0 1476.8521 0:24:36 15024.73 105042.08 14446.30 14585.90 1.99 13.93 122.88 1818.21

homfam slectin 932 5 133.052 142 33.3 94.7 94.9 86.1 89.7 836.1800 0:13:56 8395.23 100341.14 8029.77 8140.85 1.99 1.37 119.27 1002.13

homfam GEL 2195 5 78.1157 150 23.7 70.4 70.2 38.4 54.8 677.8480 0:11:17 13914.23 104028.84 13408.89 13525.47 0.00 0.02 129.73 5.99

homfam kringle 1091 9 75.9138 100 43.3 95.4 94.6 79.8 84.7 394.7158 0:06:34 15080.95 105178.31 14694.43 14835.90 1.99 1.23 105.34 417.25

homfam p450 21013 12 331.506 512 20.8 77.1 76.7 37.7 47.0 12528.3821 3:28:48 10986.34 103028.45 10481.95 10661.93 1.97 32.61 159.55 19990.64

homfam gpdh 7691 8 129.082 360 55.1 96.2 96.0 88.3 91.1 1919.8947 0:31:59 10831.35 100883.43 10310.95 10416.91 1.99 8.14 153.65 2960.03

homfam int 7572 5 168.037 219 22.5 86.2 86.7 66.3 73.2 2544.6425 0:42:24 15069.75 105187.27 14614.03 14754.25 1.98 8.32 155.92 3976.55

homfam KAS 2070 6 174.528 404 31.7 84.3 84.3 66.0 71.5 1090.7804 0:18:10 8430.97 99560.07 7927.27 8135.28 1.99 2.50 142.00 1557.35

homfam trfl 837 7 242.315 702 61.9 94.5 94.8 87.2 87.9 2105.5288 0:35:05 13937.87 104042.46 13457.32 13596.94 0.00 0.02 150.87 16.31

homfam TNF 556 5 119.903 176 32.0 85.1 84.3 69.4 74.9 409.6026 0:06:49 15113.25 105204.25 14731.62 14837.55 0.00 0.02 110.23 4.56

homfam scorptoxin 363 8 53.2562 74 46.3 90.4 89.5 74.0 79.0 349.0084 0:05:49 15225.76 105278.21 14707.84 14813.39 0.00 0.02 80.70 3.90

homfam aldosered 13277 7 268.547 386 41.6 87.5 89.7 71.4 77.0 5354.5094 1:29:14 9841.06 101542.04 9336.97 9455.00 1.98 18.57 162.89 8722.93

homfam rrm 27610 20 67.4587 157 22.9 83.1 81.6 20.7 30.6 1450.8848 0:24:10 15169.33 105082.86 15079.62 15133.10 341.98 28.99 116.36 1691.19

