homfam ricin 747 7 198.708 281 37.5 91.9 92.2 77.7 84.8 975.6272 0:16:15 15108.77 104980.50 14702.15 14842.65 1.99 1.36 146.89 1442.05
homfam ghf10 1502 5 220.34 364 43.3 90.8 91.9 75.9 81.8 2362.2238 0:39:22 15097.82 105007.56 14718.10 14823.96 1.99 2.61 158.19 3746.81
homfam seatoxin 93 5 43.6344 54 42.6 66.7 64.1 8.2 9.3 161.6847 0:02:41 15067.87 104981.39 14687.48 14828.48 1.99 0.64 106.06 172.55
homfam mofe 2567 6 353.074 609 30.0 84.0 85.8 65.3 72.0 8307.9840 2:18:27 8067.17 103206.94 7979.87 8008.93 9.99 4.31 163.49 13589.00
homfam cyt3 385 6 92.3065 130 40.3 81.2 82.0 62.7 70.5 369.9286 0:06:09 14681.31 104506.21 14590.24 14619.26 1.99 0.99 138.98 523.83
homfam ins 793 6 65.2825 74 44.9 87.4 91.8 59.4 85.3 565.2786 0:09:25 15099.05 105007.52 14686.42 14826.91 1.99 1.12 148.93 851.22
homfam Ald_Xan_dh_2 2589 6 109.304 885 31.8 82.8 82.9 63.1 71.2 3630.4082 1:00:30 15074.08 104983.64 14703.81 14809.65 1.99 2.61 154.33 5610.20
homfam tms 2118 5 264.245 357 45.9 95.6 95.4 84.9 91.0 3020.7842 0:50:20 14833.23 104657.51 14353.59 14494.08 1.99 3.23 157.17 4757.55
homfam phc 2957 12 98.4711 179 37.2 91.6 93.3 68.7 74.7 1238.8126 0:20:38 15075.51 105046.73 14704.54 14845.06 1.99 2.80 158.76 1970.90
homfam cytb 3206 6 82.1454 100 35.6 91.3 91.6 70.7 77.7 1379.8511 0:22:59 15076.82 104984.77 14704.27 14810.15 1.99 2.72 146.90 2034.74
homfam mmp 1427 6 157.93 180 55.1 93.8 95.6 85.8 90.8 1784.6180 0:29:44 14582.10 104406.12 14102.29 14311.87 1.99 2.30 157.19 2815.32
homfam phoslip 946 18 113.33 137 48.9 92.8 93.0 65.4 75.0 463.3133 0:07:43 7214.96 102922.34 7155.97 7182.63 1.99 1.38 116.42 542.88
homfam HLH 6781 5 53.5453 92 28.1 87.9 92.7 65.5 77.1 979.9527 0:16:19 14461.38 104285.42 13981.54 14191.11 1.99 4.38 143.64 1416.64
homfam myb_DNA-binding 10398 5 46.5583 61 40.7 95.2 94.1 80.4 86.0 898.6112 0:14:58 14064.03 103888.17 13559.32 13768.86 1.98 6.20 130.64 1179.53
homfam msb 4884 8 106.037 158 26.6 87.2 89.1 58.6 72.1 803.8865 0:13:23 14734.89 104559.52 14255.48 14395.91 1.98 7.44 143.48 1155.37
homfam ghf1 4358 8 403.813 562 38.4 92.1 92.4 73.4 81.3 9756.7492 2:42:36 12859.90 103302.82 12354.83 12564.44 1.99 8.04 157.98 15418.10
homfam rvp 93681 6 94.2886 132 36.6 23.6 87.2 0.0 0.0 5646.4812 1:34:06 15246.26 105144.09 14763.12 14971.71 32.39 0.43 131.01 7399.85
homfam lyase_1 7632 5 295.082 511 30.9 83.1 83.2 66.4 70.6 6132.9420 1:42:12 11808.05 102948.51 11308.51 11517.85 2.00 10.04 157.06 9634.48
homfam ldh 7367 14 121.378 371 31.9 89.4 89.0 59.2 70.5 2276.8646 0:37:56 13935.47 103761.17 13432.73 13642.25 1.99 7.33 147.02 3356.51
homfam subt 7517 11 301.598 414 39.5 78.2 79.0 30.9 41.6 17833.3720 4:57:13 12394.50 103252.91 11883.36 12092.94 1.98 12.13 164.49 29338.66
homfam sodfe 4455 8 77.4471 219 42.3 90.5 89.8 64.1 68.8 1272.7539 0:21:12 14711.00 104534.54 14206.18 14415.71 1.99 3.68 143.99 1834.21
homfam LIM 6428 5 57.0143 86 52.8 97.9 97.9 89.0 96.8 588.7940 0:09:48 15128.45 104987.10 14651.61 14792.68 1.99 3.92 131.51 775.10
homfam blm 9105 8 300.727 274 39.1 44.4 51.4 7.5 7.8 9523.7917 2:38:43 13125.47 103189.64 12611.76 12821.20 1.98 13.53 160.41 15284.91
homfam DMRL_synthase 2099 5 140.59 182 33.2 93.0 90.3 75.7 84.4 695.9449 0:11:35 14607.64 104432.86 14052.98 14193.45 1.99 2.68 135.58 947.14
homfam tRNA-synt_2b 11293 5 177.564 467 18.7 51.5 49.9 24.7 33.7 4535.8641 1:15:35 13886.77 103831.00 13362.13 13543.37 1.99 11.41 158.58 7198.46
homfam Stap_Strp_toxin 640 6 87.3922 254 32.5 81.7 81.3 47.3 54.6 817.8169 0:13:37 15031.84 104880.47 14677.54 14886.96 1.99 1.27 156.59 1282.15
homfam Acetyltransf 46285 6 82.9897 229 24.1 68.6 66.3 34.4 44.0 5452.0250 1:30:52 15102.96 105088.68 14688.23 14827.92 112.00 0.47 156.93 8557.27
homfam ghf22 760 12 107.567 131 51.4 93.6 93.8 80.0 83.3 403.4178 0:06:43 14931.66 104756.49 14427.25 14636.86 1.99 1.16 136.46 551.55
homfam sdr 50157 13 163.253 361 23.3 78.4 77.1 33.1 43.7 7484.5187 2:04:44 11878.13 103493.93 11374.01 11610.04 1.96 55.14 133.90 10010.61
homfam ltn 1068 12 204.148 282 49.9 93.9 94.2 71.1 79.9 1454.8914 0:24:14 14582.12 104407.30 14102.39 14242.83 1.99 1.83 157.44 2300.26
homfam hpr 3349 5 83.0427 89 44.4 99.3 99.3 97.7 98.5 547.4493 0:09:07 15058.89 104883.75 14666.79 14772.65 1.99 2.58 127.98 702.19
homfam bowman 499 5 26.1443 73 64.9 94.5 94.5 82.9 84.9 218.3149 0:03:38 15097.48 105007.44 14726.69 14832.53 1.99 0.79 123.63 271.48
homfam hip 167 5 66.2096 88 33.4 87.3 86.3 64.3 76.3 189.0722 0:03:09 15070.57 105044.41 14701.43 14912.83 1.99 0.70 115.62 220.02
homfam HMG_box 4779 5 66.0716 89 24.8 93.9 93.4 77.8 85.4 578.0295 0:09:38 15147.56 104984.85 14606.06 14711.81 1.99 3.18 122.69 710.67
homfam icd 5678 5 328.887 433 41.7 94.0 94.4 83.7 86.8 7317.2326 2:01:57 13386.60 103275.76 12882.02 13091.71 1.99 8.73 158.62 11614.14
homfam peroxidase 4514 5 256.626 383 37.3 78.7 82.8 49.6 53.6 5325.2576 1:28:45 15147.26 104986.85 14700.80 14841.93 1.99 6.27 166.20 8848.31
homfam asp 3262 13 284.142 381 37.5 90.6 90.7 72.7 79.5 4739.5872 1:18:59 7992.05 103221.83 7487.58 7644.54 17.99 5.53 160.47 7607.13
homfam flav 4612 6 138.021 183 35.0 80.8 81.5 56.6 58.7 1830.3825 0:30:30 14686.30 104510.61 14181.54 14322.04 1.99 4.19 148.27 2722.13
homfam cah 1379 5 212.706 279 38.7 87.7 89.1 66.1 75.2 1983.7466 0:33:03 7323.27 103198.92 6819.02 7053.34 1.99 2.39 156.96 3118.75
homfam ace 3989 6 427.824 601 37.3 79.5 80.9 56.7 64.0 12182.7495 3:23:02 10699.50 102986.93 10191.81 10401.37 0.00 0.02 164.51 64.99
homfam sti 613 5 165.383 198 36.4 88.2 88.1 69.6 76.8 549.4710 0:09:09 15098.69 105006.47 14726.98 14936.52 1.99 1.45 141.78 780.54
homfam aat 25100 10 337.807 476 28.6 80.4 81.0 45.9 51.8 14490.8688 4:01:30 15138.89 105036.27 14657.12 14865.72 6.42 36.25 152.00 22032.44
homfam oxidored_q6 3348 5 123.044 285 56.7 88.0 90.5 78.6 80.0 1648.1020 0:27:28 15075.88 104983.79 14704.64 14845.71 1.99 3.19 150.13 2484.58
homfam hormone_rec 3509 5 188.562 308 21.5 71.3 72.8 47.3 60.4 2280.9263 0:38:00 14334.39 104223.29 13829.80 13970.27 1.99 3.90 153.65 3512.89
homfam rhv 17976 6 143.424 938 33.1 23.8 30.8 2.0 0.4 32858.6876 9:07:38 8354.66 102925.01 8289.32 8318.18 22.00 15.70 155.14 50984.61
homfam tgfb 1606 8 95.4645 118 43.8 83.9 88.2 35.9 45.0 438.3830 0:07:18 15099.79 104932.57 14664.06 14804.55 1.99 1.96 135.09 593.85
homfam cryst 1160 7 80.8078 192 44.4 92.3 92.0 71.8 74.9 483.8747 0:08:03 15122.15 105032.51 14714.34 14924.03 1.99 1.29 145.37 704.90
homfam cyclo 6288 6 159.069 203 44.1 88.2 89.1 74.1 79.1 2726.5090 0:45:26 7989.35 103276.71 7450.37 7590.80 5.99 7.62 157.79 4302.22
homfam kunitz 2266 10 53.752 64 37.9 97.5 97.5 88.3 87.5 352.6163 0:05:52 15072.05 104981.60 14677.75 14783.62 1.99 2.41 131.60 465.43
homfam Rhodanese 14049 6 102.277 216 22.7 65.6 67.3 44.3 50.2 3054.2448 0:50:54 13368.96 103197.19 12814.25 13023.86 1.98 11.24 147.32 4504.01
homfam sodcu 2038 7 141.322 169 42.2 88.5 89.8 70.5 75.1 689.9442 0:11:29 15174.99 105146.62 14804.33 14910.15 1.99 2.30 139.87 973.49
homfam profilin 687 5 123.371 144 39.7 91.4 91.4 78.9 80.1 439.6720 0:07:19 15095.93 105006.48 14727.12 14833.05 1.99 1.20 133.74 589.52
homfam glob 3983 41 100.684 174 31.7 95.1 94.7 69.4 72.6 705.3989 0:11:45 15135.60 105058.79 14693.60 14799.46 1.99 3.50 138.25 985.80
homfam tim 3904 10 205.645 260 47.5 98.0 97.8 92.7 95.8 3138.4983 0:52:18 13333.88 103511.44 12854.04 13063.59 1.99 7.83 156.17 4897.54
homfam uce 4558 13 134.701 184 34.0 89.6 90.9 64.5 71.8 1388.8036 0:23:08 15100.62 105009.83 14730.64 14871.74 1.99 4.24 152.54 2118.80
homfam toxin 508 20 62.311 78 43.1 86.6 84.9 51.9 59.9 259.9078 0:04:19 15082.55 104970.43 14658.87 14764.78 0.00 0.02 122.56 5.54
homfam rub 1435 5 46.1575 54 62.1 98.4 98.4 92.6 93.5 317.1131 0:05:17 15059.09 104907.55 14677.62 14818.16 1.99 1.62 118.42 376.77
homfam hom 12037 8 53.4951 98 35.3 94.5 94.4 69.6 85.1 950.4612 0:15:50 14631.86 104467.09 14136.21 14276.66 1.99 6.73 126.40 1203.02
homfam biotin_lipoyl 11833 7 71.8928 112 28.9 94.6 93.0 75.3 81.0 968.2670 0:16:08 7725.00 103401.16 7220.74 7454.88 5.99 8.12 131.34 1274.27
homfam cys 4316 13 198.11 284 40.5 93.0 92.3 66.4 77.5 2270.7120 0:37:50 7933.44 103181.38 7429.25 7586.20 85.99 6.07 154.59 3518.79
homfam ghf11 521 5 167.758 202 49.5 92.5 92.3 80.2 81.6 697.6520 0:11:37 15056.92 104945.42 14633.80 14774.33 1.99 1.44 150.95 1054.31
homfam blmb 17200 6 192.465 344 20.6 67.2 70.4 40.0 50.6 6403.1781 1:46:43 15085.55 105061.98 14671.81 14811.50 88.00 0.44 154.99 9933.43
homfam aadh 3127 8 225.129 542 38.2 85.7 89.0 52.8 58.4 3435.7739 0:57:15 14884.16 104772.57 14404.46 14544.92 1.99 4.12 156.92 5399.68
homfam DEATH 1183 7 80.5689 159 19.6 69.9 71.4 28.2 38.4 384.0686 0:06:24 14681.54 104505.87 14176.77 14317.23 1.99 1.75 141.62 545.63
homfam Sulfotransfer 2489 5 235.798 381 26.2 69.8 70.7 39.2 47.3 3630.2514 1:00:30 15008.36 104896.52 14454.01 14594.56 1.99 4.17 163.51 5945.48
homfam serpin 3144 8 291.462 418 34.3 95.4 94.9 83.4 89.4 5382.5401 1:29:42 15077.02 104983.75 14682.69 14823.79 1.99 4.47 156.67 8442.61
homfam proteasome 5732 17 174.347 309 21.7 84.0 81.1 34.5 51.7 2284.6177 0:38:04 14457.86 104361.50 13943.33 14152.90 1.99 5.82 147.15 3369.21
homfam zf-CCHH 88345 15 23.2513 39 35.5 97.1 96.5 88.6 93.0 3523.9376 0:58:43 9745.24 99627.83 9223.19 9328.76 1.95 41.81 113.44 3999.16
homfam egf 7774 12 32.0765 71 31.1 78.1 77.2 35.3 39.3 605.8548 0:10:05 15103.19 105013.19 14733.00 14838.85 1.98 6.34 128.59 780.56
homfam annexin 3139 6 65.1902 323 57.2 99.6 99.8 99.4 99.4 1138.2195 0:18:58 15070.50 104983.72 14669.93 14810.46 1.99 2.73 145.64 1659.25
homfam OTCace 4795 5 157.005 350 37.3 95.2 95.7 86.6 89.7 1941.5985 0:32:21 15177.32 105086.84 14807.54 14948.55 1.99 4.91 147.05 2856.47
homfam rnasemam 498 6 120.072 141 42.2 94.7 91.4 73.1 86.0 376.7034 0:06:16 15073.82 104981.44 14701.82 14807.79 1.99 1.03 130.41 492.75
homfam adh 21331 5 123.64 375 63.9 95.9 96.4 91.5 91.8 4374.8176 1:12:54 10608.30 103021.62 10067.50 10276.66 1.98 18.39 142.41 6236.05
homfam il8 1073 11 63.7623 81 34.5 94.9 94.1 75.3 84.9 326.3516 0:05:26 15134.23 105007.52 14627.30 14836.99 1.99 1.17 139.03 454.75
homfam hr 3707 5 65.1513 82 53.3 99.1 99.1 94.9 99.1 586.7399 0:09:46 14809.25 104634.49 14304.41 14444.85 1.99 2.56 120.94 710.58
homfam ChtBD 774 5 38.2713 45 59.3 99.3 99.0 95.3 97.1 249.5989 0:04:09 15056.69 104946.48 14622.02 14831.71 1.99 1.29 124.84 313.03
homfam gluts 10099 14 98.1117 235 39.4 51.0 63.2 6.4 5.9 3754.1236 1:02:34 13939.25 103763.34 13374.49 13584.12 1.98 7.97 158.73 5965.85
homfam ghf5 2717 6 260.466 470 17.8 66.7 68.3 35.2 49.6 5086.1589 1:24:46 14497.81 104334.17 13953.98 14163.53 1.99 4.52 163.71 8335.32
homfam ghf13 12607 10 264.452 626 26.8 64.9 65.0 28.4 38.6 11440.8683 3:10:40 9511.25 103150.16 9006.62 9219.31 1.99 16.08 161.17 18445.42
homfam PDZ 14950 6 80.8907 110 30.6 87.3 87.5 72.7 75.4 1484.0088 0:24:44 7882.86 99609.21 7378.73 7612.83 1.98 10.60 144.66 2153.86
homfam az 1086 29 100.416 215 33.4 75.3 76.7 41.3 43.3 500.0951 0:08:20 15032.14 104920.44 14527.35 14737.59 1.99 1.75 122.35 614.99
homfam hla 13465 5 153.148 178 76.5 99.0 100.0 98.3 98.3 2333.9694 0:38:53 13593.11 103418.68 13113.62 13323.18 1.99 13.61 140.12 3277.42
homfam slectin 932 5 133.052 142 33.3 93.7 94.8 84.7 88.3 920.1803 0:15:20 15124.04 105031.47 14711.23 14817.19 1.99 1.34 156.63 1442.83
homfam GEL 2195 5 78.1157 150 23.7 67.9 72.0 42.5 53.6 546.3725 0:09:06 15147.31 105120.61 14778.44 14918.94 1.99 1.92 132.53 732.67
homfam kringle 1091 9 75.9138 100 43.3 94.5 93.6 76.4 81.4 353.3673 0:05:53 14299.80 104207.02 13826.86 13967.41 1.99 1.33 141.14 501.57
homfam p450 21013 12 331.506 512 20.8 72.3 71.5 33.1 41.5 16416.4735 4:33:36 12422.85 104259.70 11918.47 12083.47 1.98 32.34 150.29 24663.70
homfam gpdh 7691 8 129.082 360 55.1 96.3 96.2 88.5 91.1 2365.4133 0:39:25 7696.88 101960.74 7240.71 7450.76 1.99 7.95 147.79 3504.66
homfam int 7572 5 168.037 219 22.5 91.1 91.5 75.2 81.4 2897.5295 0:48:17 13226.20 103126.19 12737.71 12878.14 33.98 7.91 146.60 4258.35
homfam KAS 2070 6 174.528 404 31.7 78.3 86.2 56.5 61.2 1506.5542 0:25:06 15098.03 105008.62 14673.73 14814.21 1.99 2.86 149.74 2263.17
homfam trfl 837 7 242.315 702 61.9 94.6 94.9 88.0 88.6 2917.6524 0:48:37 15204.57 105056.48 14677.37 14817.84 1.99 1.57 157.35 4599.12
homfam TNF 556 5 119.903 176 32.0 76.8 77.4 61.8 67.3 415.8688 0:06:55 14956.31 104782.39 14476.73 14617.21 1.99 1.06 144.16 605.91
homfam scorptoxin 363 8 53.2562 74 46.3 91.8 90.8 78.1 84.0 227.5523 0:03:47 15099.60 104980.43 14601.75 14742.28 1.99 0.78 116.31 265.90
homfam aldosered 13277 7 268.547 386 41.6 85.3 88.0 65.5 73.2 7114.8968 1:58:34 10366.41 103307.24 9862.15 9983.09 1.98 18.51 153.10 10892.84
homfam rrm 27610 20 67.4587 157 22.9 84.0 82.2 17.1 22.7 1945.2084 0:32:25 13454.45 103279.96 12950.02 13159.65 1.98 17.86 132.81 2584.59
