homfam ricin 747 7 198.708 281 37.5 91.3 91.5 76.2 84.6 360.6188 0:06:00 15067.57 105045.49 14702.62 14866.06 1.99 1.38 140.56 516.44
homfam ghf10 1502 5 220.34 364 43.3 90.6 91.6 77.1 82.6 750.1084 0:12:30 15120.80 105032.58 14718.54 14881.58 1.99 2.44 152.01 1150.17
homfam seatoxin 93 5 43.6344 54 42.6 72.2 70.6 26.5 25.0 153.7776 0:02:33 15068.14 105045.39 14701.31 14842.01 1.99 0.64 114.42 177.06
homfam mofe 2567 6 353.074 609 30.0 85.1 86.0 65.7 74.3 2025.1986 0:33:45 13019.64 102932.44 12555.18 12763.86 36.00 0.46 142.44 2894.24
homfam cyt3 385 6 92.3065 130 40.3 79.4 82.1 57.6 65.5 184.7911 0:03:04 12035.91 102992.38 11523.86 11641.48 1.99 0.87 116.67 217.19
homfam ins 793 6 65.2825 74 44.9 92.1 93.9 66.7 89.9 362.9670 0:06:02 15145.18 105057.49 14750.37 14876.61 1.99 1.11 137.75 508.58
homfam Ald_Xan_dh_2 2589 6 109.304 885 31.8 84.1 84.6 64.3 73.4 1349.2126 0:22:29 15070.20 105047.62 14823.78 14918.15 1.99 4.59 155.34 2103.59
homfam tms 2118 5 264.245 357 45.9 95.8 95.6 86.0 90.8 935.6117 0:15:35 15058.73 104883.61 14646.43 14786.27 1.99 3.56 150.42 1415.21
homfam phc 2957 12 98.4711 179 37.2 96.0 96.1 79.3 84.0 367.8835 0:06:07 15109.12 104982.72 14648.09 14859.37 1.99 2.98 116.26 437.06
homfam cytb 3206 6 82.1454 100 35.6 90.3 93.1 71.7 79.8 667.6449 0:11:07 15071.11 104983.73 14818.27 14959.30 1.99 2.70 139.81 941.70
homfam mmp 1427 6 157.93 180 55.1 96.3 96.5 87.0 92.1 639.4545 0:10:39 15175.27 105082.55 14765.38 14883.00 1.99 2.02 143.69 929.25
homfam phoslip 946 18 113.33 137 48.9 96.3 96.1 77.9 87.9 222.5942 0:03:42 15061.29 104981.50 14639.02 14765.17 1.99 1.58 115.20 257.99
homfam HLH 6781 5 53.5453 92 28.1 87.4 90.6 65.5 77.1 535.7395 0:08:55 15075.60 104986.14 14671.57 14811.46 1.99 4.30 132.79 720.76
homfam myb_DNA-binding 10398 5 46.5583 61 40.7 94.6 94.2 80.4 86.0 329.6712 0:05:29 15077.87 104990.34 14849.32 14989.55 1.98 5.95 126.58 421.83
homfam msb 4884 8 106.037 158 26.6 85.8 87.9 60.7 74.1 331.3042 0:05:31 15075.80 104985.84 14706.06 14915.62 1.98 4.40 106.05 361.14
homfam ghf1 4358 8 403.813 562 38.4 92.7 92.8 73.8 81.2 2191.9672 0:36:31 13885.67 103711.02 13405.88 13523.49 1.99 8.09 144.36 3171.62
homfam rvp 93681 6 94.2886 132 36.6 83.8 83.9 57.7 65.0 1556.8597 0:25:56 8762.21 102939.30 8257.68 8467.28 1.99 91.77 90.74 1410.95
homfam lyase_1 7632 5 295.082 511 30.9 83.1 83.3 65.2 70.4 1259.3463 0:20:59 7401.39 103247.15 6897.41 7015.70 1.99 10.73 128.58 1622.52
homfam ldh 7367 14 121.378 371 31.9 90.1 89.7 62.2 71.9 745.6957 0:12:25 13667.60 103561.82 13295.54 13390.51 1.99 7.63 145.38 1086.77
homfam subt 7517 11 301.598 414 39.5 79.6 81.6 32.7 43.3 5680.1136 1:34:40 11561.86 103306.66 11082.77 11291.79 1.98 12.01 172.76 9811.84
homfam sodfe 4455 8 77.4471 219 42.3 90.9 90.2 64.6 68.5 434.1473 0:07:14 15072.86 105048.85 14843.88 14938.37 1.99 3.33 138.41 602.42
homfam LIM 6428 5 57.0143 86 52.8 98.5 98.5 90.2 98.4 233.9480 0:03:53 15076.11 104987.09 14657.91 14798.47 1.99 4.22 119.98 281.79
homfam blm 9105 8 300.727 274 39.1 76.4 78.2 56.2 58.5 2763.9812 0:46:03 7640.60 102661.98 7136.18 7370.41 1.98 12.83 148.08 4101.99
homfam DMRL_synthase 2099 5 140.59 182 33.2 92.1 89.5 74.6 83.3 281.4471 0:04:41 15070.92 104982.62 14703.42 14866.97 1.99 2.29 118.49 335.07
homfam tRNA-synt_2b 11293 5 177.564 467 18.7 52.9 50.7 27.6 38.9 1950.5078 0:32:30 13691.19 103542.39 13186.51 13303.89 1.99 13.70 158.93 3107.65
homfam Stap_Strp_toxin 640 6 87.3922 254 32.5 86.5 85.7 56.4 62.9 285.8172 0:04:45 15112.89 105031.46 14687.03 14793.20 1.99 1.25 129.51 371.77
homfam Acetyltransf 46285 6 82.9897 229 24.1 63.4 62.1 34.9 44.5 3073.6571 0:51:13 15113.39 105023.89 14857.82 14998.22 1.97 33.39 160.24 4927.44
homfam ghf22 760 12 107.567 131 51.4 93.7 94.1 80.8 84.4 209.0996 0:03:29 15044.19 104956.45 14678.54 14795.57 1.99 1.46 123.51 259.55
homfam sdr 50157 13 163.253 361 23.3 71.0 71.9 31.2 41.1 2274.2438 0:37:54 9050.97 103064.69 8546.15 8652.11 1.97 55.18 120.03 2724.22
homfam ltn 1068 12 204.148 282 49.9 92.3 92.7 67.6 76.2 470.8747 0:07:50 15070.80 104982.49 14693.36 14833.95 0.00 0.02 148.23 5.62
homfam hpr 3349 5 83.0427 89 44.4 99.3 99.3 97.7 98.5 268.9550 0:04:28 15074.91 104984.75 14644.20 14784.94 1.99 2.55 106.64 288.29
homfam bowman 499 5 26.1443 73 64.9 89.5 89.5 75.7 71.5 144.1105 0:02:24 15119.46 105031.47 14753.79 14964.09 1.99 1.05 118.72 172.61
homfam hip 167 5 66.2096 88 33.4 87.0 86.5 66.7 76.6 171.7904 0:02:51 13186.19 103029.09 12650.39 12768.00 1.99 0.71 128.56 221.90
homfam HMG_box 4779 5 66.0716 89 24.8 94.5 94.5 79.0 86.8 239.2288 0:03:59 15075.65 104985.85 15095.82 15125.83 1.99 3.16 113.28 272.40
homfam icd 5678 5 328.887 433 41.7 94.0 94.3 84.0 87.4 1828.6967 0:30:28 14537.42 104361.57 14082.68 14200.36 1.99 8.43 144.93 2657.62
homfam peroxidase 4514 5 256.626 383 37.3 81.4 83.2 51.6 56.1 2170.0347 0:36:10 11893.72 101871.89 11440.00 11648.92 13.99 6.37 168.08 3652.63
homfam asp 3262 13 284.142 381 37.5 91.1 91.3 74.6 80.7 1282.8988 0:21:22 14287.88 104184.32 13779.71 13989.40 1.99 5.41 149.62 1919.70
homfam flav 4612 6 138.021 183 35.0 87.3 87.7 68.6 71.7 625.2075 0:10:25 15149.12 105061.82 14919.29 15059.78 1.99 4.26 143.98 909.55
homfam cah 1379 5 212.706 279 38.7 87.7 88.5 67.5 75.5 500.6330 0:08:20 15076.70 104907.55 14851.51 14993.53 1.99 3.42 143.31 718.85
homfam ace 3989 6 427.824 601 37.3 84.6 86.8 66.8 73.1 3068.0783 0:51:08 13967.61 103860.75 13479.95 13597.57 1.98 8.55 151.72 4659.13
homfam sti 613 5 165.383 198 36.4 88.0 87.8 69.0 76.4 241.5438 0:04:01 15107.29 105021.49 14713.94 14830.92 1.99 3.34 125.86 305.62
homfam aat 25100 10 337.807 476 28.6 84.7 84.9 51.9 57.9 4798.3658 1:19:58 12659.10 102548.50 12156.58 12366.18 1.98 35.71 134.68 6471.12
homfam oxidored_q6 3348 5 123.044 285 56.7 91.6 92.9 84.2 85.7 689.2261 0:11:29 15114.84 104984.75 14655.78 14818.69 1.99 3.18 131.89 918.33
homfam hormone_rec 3509 5 188.562 308 21.5 75.5 76.1 53.4 68.1 874.3118 0:14:34 14178.95 104084.25 13818.47 13958.60 1.99 3.80 148.78 1309.10
homfam rhv 17976 6 143.424 938 33.1 69.4 71.3 38.4 48.3 7050.6515 1:57:30 15080.40 104998.13 14794.74 14935.83 65.99 15.48 157.39 11096.99
homfam tgfb 1606 8 95.4645 118 43.8 81.1 84.9 30.8 38.2 199.0036 0:03:19 15059.29 105046.56 14636.29 14799.87 1.99 1.93 125.49 251.77
homfam cryst 1160 7 80.8078 192 44.4 91.5 91.4 71.3 73.9 228.9926 0:03:48 15157.18 105031.53 14652.64 14816.86 1.99 1.54 113.93 262.00
homfam cyclo 6288 6 159.069 203 44.1 86.9 87.9 72.0 75.2 1188.7224 0:19:48 11735.82 103244.68 11257.04 11396.57 1.99 8.05 155.63 1862.03
homfam kunitz 2266 10 53.752 64 37.9 98.9 98.9 95.0 94.7 186.7680 0:03:06 15117.23 105008.59 14628.48 14734.47 1.99 1.85 111.64 209.99
homfam Rhodanese 14049 6 102.277 216 22.7 73.9 83.2 56.2 58.2 977.9515 0:16:17 15128.81 105057.85 14616.33 14825.19 1.98 22.80 155.71 1523.60
homfam sodcu 2038 7 141.322 169 42.2 90.8 91.0 77.1 81.2 327.0410 0:05:27 15059.61 104983.59 14637.37 14743.41 1.99 2.40 132.34 435.82
homfam profilin 687 5 123.371 144 39.7 93.0 93.0 84.4 85.1 230.7072 0:03:50 15069.64 104981.48 14685.22 14848.11 1.99 1.39 135.74 315.18
homfam glob 3983 41 100.684 174 31.7 95.5 95.2 66.5 69.8 350.7170 0:05:50 15085.09 104909.79 14656.34 14819.37 1.99 5.15 116.38 416.60
homfam tim 3904 10 205.645 260 47.5 96.8 97.1 89.6 93.7 806.2637 0:13:26 14191.78 104084.14 13822.14 13962.48 1.99 5.05 137.29 1113.78
homfam uce 4558 13 134.701 184 34.0 90.9 90.6 57.8 66.2 531.5113 0:08:51 15148.69 105060.81 14909.56 15050.05 1.99 4.25 125.86 672.72
homfam toxin 508 20 62.311 78 43.1 93.8 91.9 66.2 76.1 153.3679 0:02:33 15169.33 105081.45 14801.80 14907.74 1.99 1.12 109.73 169.82
homfam rub 1435 5 46.1575 54 62.1 96.7 96.7 87.0 88.2 148.7805 0:02:28 15145.43 105120.55 14777.71 14941.29 1.99 1.27 111.59 167.54
homfam hom 12037 8 53.4951 98 35.3 92.6 93.0 66.7 82.9 352.3555 0:05:52 15082.09 104992.74 14713.05 14922.67 1.99 8.93 120.80 427.14
homfam biotin_lipoyl 11833 7 71.8928 112 28.9 95.0 93.4 76.5 82.3 385.0482 0:06:25 14623.34 104466.46 14088.28 14228.12 1.99 8.32 114.79 445.38
homfam cys 4316 13 198.11 284 40.5 94.5 93.8 72.0 82.3 865.6611 0:14:25 12583.85 103052.15 12267.38 12407.71 1.99 5.61 145.37 1266.29
homfam ghf11 521 5 167.758 202 49.5 91.7 91.7 79.2 80.7 277.3923 0:04:37 15069.92 104982.46 14691.28 14808.84 1.99 1.44 130.47 363.51
homfam blmb 17200 6 192.465 344 20.6 68.0 73.3 41.1 52.1 3276.3578 0:54:36 13397.95 103222.12 13016.97 13157.46 1.98 17.89 167.04 5478.24
homfam aadh 3127 8 225.129 542 38.2 88.6 88.6 60.8 67.1 970.5271 0:16:10 15060.10 104884.71 14650.87 14860.45 1.99 7.13 152.89 1484.98
homfam DEATH 1183 7 80.5689 159 19.6 81.2 83.2 60.5 67.5 212.2827 0:03:32 14793.91 104707.25 14302.26 14419.92 1.99 1.64 121.77 260.11
homfam Sulfotransfer 2489 5 235.798 381 26.2 76.8 78.3 49.0 57.0 1203.9575 0:20:03 15081.36 104908.65 14756.23 14965.17 1.99 3.94 160.07 1936.57
homfam serpin 3144 8 291.462 418 34.3 95.7 95.0 83.9 90.3 1456.1437 0:24:16 15137.45 105048.75 14755.00 14964.69 1.99 4.57 151.11 2209.46
homfam proteasome 5732 17 174.347 309 21.7 84.4 82.1 40.7 60.8 932.8960 0:15:32 7046.05 98544.05 6925.21 6952.31 89.99 6.08 102.13 951.24
homfam zf-CCHH 88345 15 23.2513 39 35.5 95.7 95.8 85.7 89.3 784.2385 0:13:04 10962.02 102925.81 10449.64 10567.32 1.95 42.75 118.56 931.44
homfam egf 7774 12 32.0765 71 31.1 76.7 81.7 35.3 44.3 237.3451 0:03:57 15079.44 104988.18 14670.80 14811.51 1.98 4.48 124.00 299.29
homfam annexin 3139 6 65.1902 323 57.2 99.3 99.8 98.7 98.7 465.4788 0:07:45 15099.52 104983.71 14651.49 14791.50 1.99 2.37 144.15 672.47
homfam OTCace 4795 5 157.005 350 37.3 95.9 96.3 88.7 90.9 675.0482 0:11:15 15087.09 104935.86 14707.46 14916.39 1.99 4.95 133.50 902.62
homfam rnasemam 498 6 120.072 141 42.2 93.4 90.3 69.4 80.5 194.1638 0:03:14 15166.64 105056.45 14676.96 14794.76 1.99 0.93 110.87 216.43
homfam adh 21331 5 123.64 375 63.9 96.9 97.2 91.5 91.9 1363.8935 0:22:43 7464.04 102938.04 6959.69 7078.22 17.98 18.69 140.46 1921.48
homfam il8 1073 11 63.7623 81 34.5 88.0 87.9 57.1 68.4 163.3737 0:02:43 15170.30 105082.48 14804.82 14944.79 1.99 1.25 100.90 166.37
homfam hr 3707 5 65.1513 82 53.3 97.9 98.6 92.4 97.4 258.8459 0:04:18 15174.54 105084.77 14785.71 14903.39 1.99 2.50 115.99 301.80
homfam ChtBD 774 5 38.2713 45 59.3 98.3 98.1 90.7 93.2 147.9567 0:02:27 12180.00 102919.55 11699.93 11825.90 1.99 1.02 113.38 169.37
homfam gluts 10099 14 98.1117 235 39.4 90.8 90.9 59.2 62.1 1220.7885 0:20:20 15065.29 104891.32 14769.56 14910.06 1.98 8.15 157.41 1922.42
homfam ghf5 2717 6 260.466 470 17.8 64.0 65.5 35.0 48.7 1517.2634 0:25:17 15075.48 104984.64 14842.77 14983.18 1.99 3.95 159.48 2420.75
homfam ghf13 12607 10 264.452 626 26.8 61.5 62.4 24.1 33.8 4525.6431 1:15:25 7630.73 103175.37 7243.60 7341.44 1.99 16.42 169.67 7684.56
homfam PDZ 14950 6 80.8907 110 30.6 86.3 86.5 68.7 69.7 661.1211 0:11:01 15020.89 104844.80 14540.84 14658.19 1.98 11.08 133.74 892.18
homfam az 1086 29 100.416 215 33.4 74.8 75.5 41.3 44.3 238.4023 0:03:58 15068.43 104982.49 14702.36 14820.00 1.99 1.40 130.96 322.35
homfam hla 13465 5 153.148 178 76.5 99.3 99.7 98.9 98.9 719.9061 0:11:59 13933.54 103767.87 13389.82 13507.43 1.99 13.62 104.99 762.68
homfam slectin 932 5 133.052 142 33.3 91.8 92.3 82.5 85.8 367.3587 0:06:07 15144.46 105056.50 14746.68 14864.35 1.99 1.35 149.78 557.75
homfam GEL 2195 5 78.1157 150 23.7 64.4 65.8 36.3 51.8 249.2286 0:04:09 15073.57 104982.61 14684.56 14802.00 1.99 1.91 123.16 317.31
homfam kringle 1091 9 75.9138 100 43.3 95.1 94.6 77.5 81.8 181.5122 0:03:01 15070.74 105045.52 14665.18 14822.54 1.99 1.52 116.57 213.12
homfam p450 21013 12 331.506 512 20.8 79.5 79.5 42.5 53.9 5063.8354 1:24:23 11044.90 100902.57 10558.25 10675.86 1.98 32.70 137.97 6988.25
homfam gpdh 7691 8 129.082 360 55.1 96.3 96.3 88.8 91.4 829.0833 0:13:49 14062.81 103887.09 13680.19 13820.56 1.99 7.83 140.51 1171.72
homfam int 7572 5 168.037 219 22.5 83.1 84.6 61.9 66.7 1094.7789 0:18:14 15073.81 104988.20 14657.24 14866.99 1.99 8.03 154.97 1703.91
homfam KAS 2070 6 174.528 404 31.7 78.9 82.1 56.0 64.3 592.3076 0:09:52 15072.91 104982.60 14703.52 14844.38 1.99 2.51 124.15 736.91
homfam trfl 837 7 242.315 702 61.9 92.2 94.1 84.9 85.4 954.4495 0:15:54 15070.47 104981.50 14704.38 14844.67 1.99 2.84 150.86 1441.42
homfam TNF 556 5 119.903 176 32.0 80.8 81.3 66.2 71.9 217.8315 0:03:37 15071.41 104981.48 14702.45 14819.50 1.99 0.99 120.58 264.23
homfam scorptoxin 363 8 53.2562 74 46.3 90.3 89.5 72.6 81.8 141.0983 0:02:21 15094.40 105007.45 14706.59 14870.08 1.99 1.12 119.91 170.66
homfam aldosered 13277 7 268.547 386 41.6 86.5 89.0 68.6 75.7 2283.6076 0:38:03 11668.18 103296.46 11163.37 11280.97 1.98 17.91 145.66 3329.06
homfam rrm 27610 20 67.4587 157 22.9 84.0 83.8 21.6 30.6 543.7122 0:09:03 13303.96 103128.47 12799.43 13009.11 1.98 17.74 109.99 598.97
