homfam ricin 747 7 198.708 281 37.5 92.5 92.4 78.8 85.8 849.5471 0:14:09 8443.35 99775.62 7934.75 8062.50 1.99 1.65 134.35 1151.02
homfam ghf10 1502 5 220.34 364 43.3 92.7 92.7 81.1 86.4 1743.8878 0:29:03 9008.08 100862.26 8503.27 8676.52 2.00 2.79 151.71 2649.69
homfam seatoxin 93 5 43.6344 54 42.6 66.0 64.2 14.3 12.7 382.0634 0:06:22 8083.08 98527.23 7542.89 7711.75 1.99 0.68 91.38 350.54
homfam mofe 2567 6 353.074 609 30.0 85.7 86.6 68.9 75.6 2769.3993 0:46:09 10408.75 101628.37 9839.17 9992.03 1.99 3.98 162.32 4503.82
homfam cyt3 385 6 92.3065 130 40.3 81.3 81.0 59.3 67.1 377.8418 0:06:17 8027.01 98496.40 7661.09 7801.12 1.99 0.90 107.25 406.10
homfam ins 793 6 65.2825 74 44.9 94.2 93.1 65.2 87.8 733.2778 0:12:13 8272.22 100425.18 7847.32 7965.34 1.99 1.14 109.10 804.49
homfam Ald_Xan_dh_2 2589 6 109.304 885 31.8 82.9 82.8 63.2 71.0 3766.0859 1:02:46 8318.31 100241.87 7794.65 7924.19 53.99 2.62 166.57 6282.73
homfam tms 2118 5 264.245 357 45.9 95.0 94.9 83.2 89.2 1905.5138 0:31:45 9032.18 100896.63 8496.47 8649.37 1.99 5.78 158.97 3030.48
homfam phc 2957 12 98.4711 179 37.2 94.5 95.1 74.3 81.0 938.4507 0:15:38 8347.18 99981.88 8002.72 8029.38 1.99 2.97 124.49 1177.65
homfam cytb 3206 6 82.1454 100 35.6 89.3 90.0 70.7 78.4 1332.6907 0:22:12 8138.90 99957.30 7634.38 7752.47 273.99 2.69 145.08 1945.57
homfam mmp 1427 6 157.93 180 55.1 96.0 96.3 87.0 92.7 1183.7094 0:19:43 8488.09 100116.43 7970.27 8121.34 1.99 1.95 135.93 1609.41
homfam phoslip 946 18 113.33 137 48.9 94.6 94.2 72.8 82.7 510.3220 0:08:30 8156.21 98396.39 7665.95 7821.58 1.99 1.57 108.62 555.80
homfam HLH 6781 5 53.5453 92 28.1 89.0 92.3 65.5 77.1 851.2680 0:14:11 8161.31 100013.62 7693.06 7845.54 1.99 4.44 140.89 1205.96
homfam myb_DNA-binding 10398 5 46.5583 61 40.7 95.6 94.5 80.4 87.4 791.7893 0:13:11 8148.89 99521.46 7634.32 7806.05 1.98 6.24 106.56 851.00
homfam msb 4884 8 106.037 158 26.6 86.5 86.9 60.7 73.4 795.4864 0:13:15 8238.69 98834.11 7683.80 7813.31 1.98 4.70 120.40 959.31
homfam ghf1 4358 8 403.813 562 38.4 91.5 91.7 70.8 79.3 4787.2313 1:19:47 10739.71 102121.54 10236.08 10451.66 1.99 7.89 164.17 7859.59
homfam rvp 93681 6 94.2886 132 36.6 80.6 80.6 51.4 57.8 2679.8879 0:44:39 10349.70 100874.53 9845.86 10025.03 0.00 0.02 144.26 19.11
homfam lyase_1 7632 5 295.082 511 30.9 84.0 84.1 66.6 71.6 3527.2921 0:58:47 9825.63 99946.52 9320.66 9438.87 1.99 10.18 162.80 5743.64
homfam ldh 7367 14 121.378 371 31.9 90.5 89.9 59.5 71.3 1803.1590 0:30:03 8576.13 98725.50 8072.44 8201.79 0.00 0.02 161.75 14.46
homfam subt 7517 11 301.598 414 39.5 79.1 81.3 34.9 46.2 8936.7624 2:28:56 10337.54 102166.75 9833.07 9990.41 1.98 12.51 174.58 15603.61
homfam sodfe 4455 8 77.4471 219 42.3 91.8 90.8 66.0 70.0 1057.9768 0:17:37 8143.41 99280.11 7820.58 7902.19 1.99 3.32 131.13 1395.23
homfam LIM 6428 5 57.0143 86 52.8 97.3 97.3 86.6 94.2 689.1611 0:11:29 8292.34 98775.20 7747.39 7893.72 1.99 3.91 113.55 783.94
homfam blm 9105 8 300.727 274 39.1 42.9 58.4 24.7 25.7 4973.3858 1:22:53 10276.01 101921.24 9869.46 10034.34 197.98 33.71 166.22 8267.53
homfam DMRL_synthase 2099 5 140.59 182 33.2 92.8 90.0 74.6 83.3 892.1863 0:14:52 8380.75 98623.85 7855.13 7984.36 5.99 2.56 112.90 1008.78
homfam tRNA-synt_2b 11293 5 177.564 467 18.7 54.4 53.1 29.7 41.4 3648.8731 1:00:48 8933.56 101082.84 8548.02 8631.63 1.99 12.14 168.65 6164.92
homfam Stap_Strp_toxin 640 6 87.3922 254 32.5 84.9 84.3 56.4 62.8 699.8138 0:11:39 8132.57 98331.43 7628.65 7807.48 1.99 1.50 130.48 914.64
homfam Acetyltransf 46285 6 82.9897 229 24.1 63.7 62.9 34.9 44.7 4465.0322 1:14:25 9576.06 101310.77 9073.39 9202.44 0.00 0.02 171.90 26.59
homfam ghf22 760 12 107.567 131 51.4 95.4 95.4 81.5 84.9 542.0702 0:09:02 8123.31 98365.76 7639.31 7793.64 1.99 1.14 91.00 494.81
homfam sdr 50157 13 163.253 361 23.3 69.3 74.2 33.1 43.2 4343.0701 1:12:23 11134.60 102976.41 10611.79 10758.76 1.97 56.06 152.31 6615.94
homfam ltn 1068 12 204.148 282 49.9 93.3 93.8 69.6 78.4 1289.1293 0:21:29 8587.96 98718.70 8084.19 8266.41 0.00 0.02 152.24 12.50
homfam hpr 3349 5 83.0427 89 44.4 99.3 99.3 97.7 98.5 568.8499 0:09:28 8086.84 98178.18 7818.97 7845.64 1.99 2.64 131.21 747.93
homfam bowman 499 5 26.1443 73 64.9 91.0 94.3 77.1 77.9 362.6080 0:06:02 8066.01 98142.54 7566.49 7716.54 1.99 0.76 90.38 329.28
homfam hip 167 5 66.2096 88 33.4 82.6 81.6 54.8 64.8 415.7980 0:06:55 8114.64 98252.43 7611.51 7784.57 1.99 0.97 86.52 361.20
homfam HMG_box 4779 5 66.0716 89 24.8 93.9 93.4 76.5 84.6 596.6379 0:09:56 7985.28 98079.33 7642.86 7770.21 1.99 4.57 125.27 748.72
homfam icd 5678 5 328.887 433 41.7 95.1 95.2 86.2 89.0 3501.2895 0:58:21 10204.18 102113.27 9699.36 9829.16 1.99 8.39 160.61 5626.33
homfam peroxidase 4514 5 256.626 383 37.3 72.5 75.3 45.8 48.7 3766.3340 1:02:46 9444.39 101079.27 8939.60 9069.25 1.99 6.47 171.17 6449.61
homfam asp 3262 13 284.142 381 37.5 91.2 91.6 73.3 80.2 2630.6983 0:43:50 9633.52 101375.30 9128.91 9281.92 1.99 5.91 164.77 4334.81
homfam flav 4612 6 138.021 183 35.0 89.2 89.6 69.7 71.6 1257.9423 0:20:57 8272.19 100186.93 7791.29 7948.67 1.99 4.50 131.89 1662.09
homfam cah 1379 5 212.706 279 38.7 89.3 89.9 69.7 79.3 1287.2617 0:21:27 8865.57 103476.95 8360.99 8541.26 4.00 0.02 149.10 11.47
homfam ace 3989 6 427.824 601 37.3 88.7 89.6 69.6 76.9 6151.9340 1:42:31 11228.01 102853.91 10724.20 10876.20 1.98 17.07 167.76 10320.72
homfam sti 613 5 165.383 198 36.4 90.3 89.9 73.4 80.7 556.6053 0:09:16 8362.71 99035.30 7841.97 7971.59 1.99 1.16 113.29 632.05
homfam aat 25100 10 337.807 476 28.6 78.3 79.4 39.0 44.7 9446.5568 2:37:26 11797.09 103804.06 11317.84 11552.67 1.98 36.84 166.92 15769.16
homfam oxidored_q6 3348 5 123.044 285 56.7 94.0 93.9 88.3 89.7 1316.7931 0:21:56 8336.04 100620.52 7831.20 7961.13 1.99 4.91 146.25 1930.91
homfam hormone_rec 3509 5 188.562 308 21.5 73.1 71.5 48.4 62.1 1768.2391 0:29:28 8716.18 100897.46 8212.52 8342.23 1.99 4.11 145.92 2579.85
homfam rhv 17976 6 143.424 938 33.1 33.3 43.7 0.9 0.1 13955.5223 3:52:35 8948.45 100938.06 8445.70 8623.52 1.99 15.21 165.18 23060.74
homfam tgfb 1606 8 95.4645 118 43.8 79.9 83.0 29.9 35.8 571.3330 0:09:31 8156.20 98307.18 7654.53 7781.75 1.99 2.12 110.32 631.90
homfam cryst 1160 7 80.8078 192 44.4 90.6 90.3 66.9 69.5 568.6813 0:09:28 8180.15 98467.70 7694.70 7889.12 1.99 1.29 124.90 711.87
homfam cyclo 6288 6 159.069 203 44.1 89.0 89.6 75.7 79.6 2120.9377 0:35:20 8575.40 100346.45 8040.86 8158.74 1.99 7.46 150.93 3206.67
homfam kunitz 2266 10 53.752 64 37.9 99.3 99.3 96.7 96.4 546.1361 0:09:06 8128.54 98167.83 7624.24 7796.55 1.99 2.16 95.44 522.77
homfam Rhodanese 14049 6 102.277 216 22.7 74.5 79.7 56.2 58.6 2328.9578 0:38:48 8618.15 100310.24 8249.95 8310.67 1.98 11.82 152.78 3568.78
homfam sodcu 2038 7 141.322 169 42.2 91.4 91.4 77.7 81.9 877.2130 0:14:37 8412.80 99612.59 7899.30 8077.14 1.99 2.64 134.34 1186.67
homfam profilin 687 5 123.371 144 39.7 94.6 94.6 87.5 87.8 633.2131 0:10:33 8167.51 99612.45 7801.02 7912.73 1.99 1.55 98.25 629.04
homfam glob 3983 41 100.684 174 31.7 96.0 95.8 70.6 74.0 873.3202 0:14:33 8101.55 99327.26 7598.09 7755.75 1.99 3.75 128.62 1132.52
homfam tim 3904 10 205.645 260 47.5 97.9 98.0 90.0 92.9 1798.3472 0:29:58 9005.30 99094.54 8484.16 8637.14 1.99 5.38 143.39 2579.96
homfam uce 4558 13 134.701 184 34.0 86.4 87.4 53.0 61.9 1039.4787 0:17:19 8305.32 100154.34 7801.01 7965.66 1.99 7.61 134.87 1402.84
homfam toxin 508 20 62.311 78 43.1 89.5 88.0 53.2 61.7 402.2025 0:06:42 8032.68 98199.58 7540.99 7661.33 1.99 0.87 88.91 358.96
homfam rub 1435 5 46.1575 54 62.1 98.4 98.4 92.6 93.5 440.8492 0:07:20 8275.59 98379.69 7771.06 7900.71 0.00 0.02 93.50 4.68
homfam hom 12037 8 53.4951 98 35.3 93.4 93.3 66.7 82.9 906.3754 0:15:06 8266.45 98330.55 8171.20 8190.00 1.99 9.15 108.71 986.82
homfam biotin_lipoyl 11833 7 71.8928 112 28.9 96.1 96.3 83.5 84.2 971.2955 0:16:11 8108.46 98286.79 7607.86 7723.66 1.99 7.88 124.75 1213.23
homfam cys 4316 13 198.11 284 40.5 92.6 92.4 67.2 79.7 1817.0633 0:30:17 8946.50 100692.91 8442.55 8572.11 1.99 5.98 158.62 2890.69
homfam ghf11 521 5 167.758 202 49.5 93.7 93.6 83.3 84.9 724.7749 0:12:04 8230.99 98409.14 7726.46 7856.15 1.99 1.45 116.62 846.59
homfam blmb 17200 6 192.465 344 20.6 69.8 73.4 42.5 53.3 4717.1468 1:18:37 9595.70 101241.27 9092.07 9221.78 1.98 18.68 176.97 8347.35
homfam aadh 3127 8 225.129 542 38.2 85.6 86.0 53.3 58.9 2097.2627 0:34:57 9137.72 100685.24 8634.26 8799.44 1.99 4.25 150.28 3160.67
homfam DEATH 1183 7 80.5689 159 19.6 75.6 76.0 44.4 45.5 567.6036 0:09:27 8132.93 98704.57 7632.56 7751.88 1.99 1.41 113.45 645.46
homfam Sulfotransfer 2489 5 235.798 381 26.2 66.6 70.6 37.5 46.2 2711.5011 0:45:11 9013.96 100657.96 8606.27 8718.22 1.99 6.66 167.30 4534.90
homfam serpin 3144 8 291.462 418 34.3 95.6 94.9 82.7 89.7 3001.6743 0:50:01 9872.66 101517.67 9368.77 9498.38 0.00 0.02 156.92 19.86
homfam proteasome 5732 17 174.347 309 21.7 82.9 81.1 31.4 47.0 1509.9867 0:25:09 8647.48 99149.52 8133.15 8323.33 1.99 5.71 154.90 2344.74
homfam zf-CCHH 88345 15 23.2513 39 35.5 97.1 96.5 88.6 93.0 1552.1281 0:25:52 8718.70 98846.01 8214.15 8364.42 13.95 41.95 115.97 1802.31
homfam egf 7774 12 32.0765 71 31.1 74.4 76.9 30.9 36.7 615.1755 0:10:15 8440.40 98394.11 8019.12 8195.30 1.98 4.45 105.46 650.27
homfam annexin 3139 6 65.1902 323 57.2 100.0 100.0 100.0 100.0 1493.8955 0:24:53 8218.57 98263.63 7754.08 7984.71 1.99 2.36 146.42 2189.06
homfam OTCace 4795 5 157.005 350 37.3 96.1 96.1 88.4 90.9 1534.5992 0:25:34 8348.78 98628.56 7842.36 7972.29 1.99 5.24 151.20 2321.62
homfam rnasemam 498 6 120.072 141 42.2 90.9 88.1 65.7 76.7 420.0114 0:07:00 8080.35 98333.00 7591.69 7707.41 1.99 0.90 109.46 461.22
homfam adh 21331 5 123.64 375 63.9 95.8 96.4 91.5 91.8 2855.2214 0:47:35 9708.48 101126.09 9205.00 9385.96 1.98 18.69 155.61 4452.35
homfam il8 1073 11 63.7623 81 34.5 89.2 88.8 68.8 76.9 429.0670 0:07:09 8086.80 98578.39 7585.23 7745.78 1.99 1.38 107.58 441.38
homfam hr 3707 5 65.1513 82 53.3 99.1 99.1 94.9 99.1 664.1011 0:11:04 8104.12 99437.65 7598.85 7738.59 1.99 2.92 119.89 801.36
homfam ChtBD 774 5 38.2713 45 59.3 99.3 99.0 95.3 97.1 343.0062 0:05:43 8168.62 98255.63 7664.05 7816.94 1.99 0.96 88.58 305.36
homfam gluts 10099 14 98.1117 235 39.4 85.8 87.4 61.8 65.9 2780.0639 0:46:20 8899.54 100489.90 8396.41 8548.41 1.98 12.84 158.34 4400.55
homfam ghf5 2717 6 260.466 470 17.8 66.5 67.9 37.5 52.2 3029.4096 0:50:29 9338.90 101042.33 8835.34 8953.37 1.99 4.48 162.45 4931.32
homfam ghf13 12607 10 264.452 626 26.8 63.0 64.2 30.1 41.2 7460.1349 2:04:20 10494.23 101982.80 9936.09 10066.12 1.99 40.21 172.68 12882.15
homfam PDZ 14950 6 80.8907 110 30.6 87.6 87.6 73.7 75.5 1269.0258 0:21:09 8423.25 100626.21 8057.09 8144.83 0.00 0.02 149.14 10.12
homfam az 1086 29 100.416 215 33.4 74.0 73.3 41.3 45.2 654.4735 0:10:54 8198.79 98440.34 7626.48 7838.87 1.99 2.06 105.41 691.33
homfam hla 13465 5 153.148 178 76.5 100.0 100.0 100.0 100.0 1499.8964 0:24:59 9221.57 99229.76 8642.06 8799.40 1.99 13.80 141.37 2121.80
homfam slectin 932 5 133.052 142 33.3 94.2 94.1 84.7 89.0 890.7076 0:14:50 8265.66 99981.70 8119.21 8158.88 1.99 1.81 129.69 1151.05
homfam GEL 2195 5 78.1157 150 23.7 69.7 69.1 38.4 54.8 749.3893 0:12:29 8132.21 98373.29 7583.21 7748.58 1.99 1.98 118.67 892.71
homfam kringle 1091 9 75.9138 100 43.3 96.9 95.8 84.3 88.6 414.7307 0:06:54 8082.82 98641.06 7572.62 7741.59 1.99 1.82 116.25 483.67
homfam p450 21013 12 331.506 512 20.8 77.4 77.2 39.3 48.4 10769.7137 2:59:29 12136.04 103656.87 11631.70 11761.31 1.98 32.81 163.84 17644.36
homfam gpdh 7691 8 129.082 360 55.1 96.4 96.3 88.3 91.3 1799.1258 0:29:59 8671.51 100125.34 8249.46 8402.13 1.99 7.73 150.84 2724.00
homfam int 7572 5 168.037 219 22.5 90.4 91.8 74.3 80.9 2380.4420 0:39:40 8805.75 100490.02 8301.04 8430.64 0.00 0.02 156.45 18.96
homfam KAS 2070 6 174.528 404 31.7 85.3 85.1 67.0 73.8 1277.9388 0:21:17 8718.32 98712.00 8280.58 8488.41 1.99 2.55 150.30 1922.06
homfam trfl 837 7 242.315 702 61.9 93.4 94.6 87.7 86.3 2609.6015 0:43:29 9237.70 100310.63 8667.17 8827.60 5.99 1.62 161.19 4214.07
homfam TNF 556 5 119.903 176 32.0 84.6 83.8 66.9 71.7 500.7592 0:08:20 8242.28 101430.33 7745.17 7874.93 1.99 1.29 104.25 523.61
homfam scorptoxin 363 8 53.2562 74 46.3 87.4 86.6 64.4 73.9 366.0779 0:06:06 8324.04 98363.50 7819.36 7949.19 1.99 1.02 82.80 304.61
homfam aldosered 13277 7 268.547 386 41.6 88.7 90.9 71.7 78.2 5699.6638 1:34:59 10043.21 104608.67 9538.28 9668.09 53.98 18.76 164.89 9408.35
homfam rrm 27610 20 67.4587 157 22.9 85.8 84.0 23.4 31.8 1363.6001 0:22:43 8825.70 98902.78 8320.93 8477.69 97.97 17.93 128.48 1754.60
