homfam ricin 747 7 198.708 281 37.5 91.1 91.0 78.0 84.9 1008.4557 0:16:48 8785.39 99935.35 8267.69 8386.26 1.99 1.66 135.77 1375.86
homfam ghf10 1502 5 220.34 364 43.3 93.2 93.0 80.2 86.3 1802.7019 0:30:02 9492.40 100595.52 8987.70 9117.67 1.99 2.51 162.52 2939.39
homfam seatoxin 93 5 43.6344 54 42.6 69.2 68.4 20.4 21.3 421.7855 0:07:01 8084.21 98167.63 7683.15 7764.57 1.99 0.92 88.57 375.14
homfam mofe 2567 6 353.074 609 30.0 84.7 87.2 68.7 74.8 3780.9955 1:03:00 10658.13 102142.44 10228.39 10358.55 1.99 4.53 165.72 6275.13
homfam cyt3 385 6 92.3065 130 40.3 79.3 79.0 56.8 64.5 475.1053 0:07:55 8283.74 98527.20 7885.98 8004.06 1.99 1.31 106.78 508.81
homfam ins 793 6 65.2825 74 44.9 91.4 96.1 66.7 89.9 668.1696 0:11:08 8609.44 100481.43 8032.02 8152.15 1.99 1.74 138.55 923.96
homfam Ald_Xan_dh_2 2589 6 109.304 885 31.8 82.7 82.6 62.1 70.6 3723.2517 1:02:03 8731.18 100856.86 8168.68 8298.36 5.99 5.54 162.92 6068.94
homfam tms 2118 5 264.245 357 45.9 96.3 96.4 86.3 91.3 2358.1041 0:39:18 9290.29 101013.49 8778.16 8918.35 1.99 3.67 163.87 3872.18
homfam phc 2957 12 98.4711 179 37.2 74.1 96.9 40.2 41.4 1103.2503 0:18:23 8843.64 100282.17 8423.82 8542.46 1.99 2.87 146.02 1611.31
homfam cytb 3206 6 82.1454 100 35.6 88.0 88.2 64.1 70.2 1513.5424 0:25:13 8277.39 100014.18 7863.96 7973.76 41.99 3.35 142.47 2161.16
homfam mmp 1427 6 157.93 180 55.1 95.8 96.3 87.0 92.7 1364.1446 0:22:44 8922.44 100356.95 8389.65 8508.00 45.99 2.28 146.78 2014.95
homfam phoslip 946 18 113.33 137 48.9 94.4 94.1 72.8 82.7 646.3969 0:10:46 8517.12 98816.32 7950.00 8116.67 1.99 1.62 107.95 699.27
homfam HLH 6781 5 53.5453 92 28.1 89.0 92.8 65.5 77.1 1094.8864 0:18:14 8419.98 100024.96 7905.14 8060.97 1.99 4.34 141.30 1556.26
homfam myb_DNA-binding 10398 5 46.5583 61 40.7 96.8 95.6 83.9 90.0 954.1662 0:15:54 8222.22 100070.23 7785.63 7919.67 1.98 6.02 122.62 1177.17
homfam msb 4884 8 106.037 158 26.6 85.2 88.0 58.6 71.4 1001.0192 0:16:41 8638.15 99638.23 8260.19 8371.73 1.98 4.45 141.39 1424.79
homfam ghf1 4358 8 403.813 562 38.4 92.6 92.6 72.6 81.3 4759.8599 1:19:19 11576.18 103115.75 11210.44 11376.38 33.99 8.28 166.18 7918.78
homfam rvp 93681 6 94.2886 132 36.6 82.9 83.2 53.2 59.9 2881.4963 0:48:01 12736.90 102940.14 12244.50 12380.15 17.99 58.75 141.62 4057.57
homfam lyase_1 7632 5 295.082 511 30.9 82.6 82.8 66.2 69.3 3730.3929 1:02:10 10456.24 101928.25 10082.75 10248.72 1.99 10.36 165.00 6162.44
homfam ldh 7367 14 121.378 371 31.9 90.4 89.7 61.9 73.7 2161.8965 0:36:01 9063.41 100111.35 8644.90 8787.26 1.99 7.47 160.65 3480.97
homfam subt 7517 11 301.598 414 39.5 77.5 79.9 35.5 44.0 10344.5021 2:52:24 10749.56 102357.55 10239.42 10368.96 5.98 12.69 178.51 18465.00
homfam sodfe 4455 8 77.4471 219 42.3 91.3 90.5 64.6 68.4 1170.6360 0:19:30 8485.09 98486.75 8287.64 8369.60 0.00 0.02 149.59 11.36
homfam LIM 6428 5 57.0143 86 52.8 96.6 96.6 85.4 92.6 828.8248 0:13:48 8229.07 98422.57 7697.60 7816.07 1.99 4.34 109.77 911.24
homfam blm 9105 8 300.727 274 39.1 76.9 83.7 58.1 60.3 6940.1566 1:55:40 11107.03 103042.62 10602.59 10755.22 13.98 12.89 173.49 12052.97
homfam DMRL_synthase 2099 5 140.59 182 33.2 93.4 90.5 74.6 83.3 1031.0240 0:17:11 8761.82 99111.26 8329.60 8482.36 1.99 2.89 123.63 1276.17
homfam tRNA-synt_2b 11293 5 177.564 467 18.7 48.2 48.3 27.3 36.4 3696.9366 1:01:36 9790.90 101642.84 9222.41 9340.50 1.99 13.11 166.75 6165.23
homfam Stap_Strp_toxin 640 6 87.3922 254 32.5 87.5 86.8 58.8 66.5 826.3372 0:13:46 8266.91 98348.18 7841.11 8058.04 1.99 0.98 129.25 1069.48
homfam Acetyltransf 46285 6 82.9897 229 24.1 63.9 63.2 33.3 43.9 4848.0180 1:20:48 10973.52 103515.19 10545.31 10663.38 73.96 33.75 172.61 8378.04
homfam ghf22 760 12 107.567 131 51.4 95.6 95.5 81.5 84.9 612.8414 0:10:12 8410.91 98652.61 8036.07 8199.63 1.99 1.65 103.21 633.84
homfam sdr 50157 13 163.253 361 23.3 67.8 72.6 36.0 45.7 4516.8873 1:15:16 13527.39 105025.99 13067.30 13185.20 1.96 55.47 157.38 7119.35
homfam ltn 1068 12 204.148 282 49.9 93.7 93.9 71.9 81.1 1238.3996 0:20:38 8792.70 99484.91 8285.80 8404.05 1.99 2.11 150.07 1866.00
homfam hpr 3349 5 83.0427 89 44.4 99.3 99.3 97.7 98.5 781.5870 0:13:01 8187.88 98427.05 7790.59 7920.73 1.99 2.63 122.88 961.93
homfam bowman 499 5 26.1443 73 64.9 94.5 94.5 82.9 84.9 425.2084 0:07:05 8055.91 98287.37 7643.84 7759.48 1.99 1.05 86.98 371.33
homfam hip 167 5 66.2096 88 33.4 86.6 85.8 64.3 72.8 399.8939 0:06:39 8057.69 98377.78 7558.13 7763.06 1.99 0.70 95.33 382.87
homfam HMG_box 4779 5 66.0716 89 24.8 97.3 96.2 85.2 93.9 716.9020 0:11:56 8158.34 98408.96 7664.25 7794.47 1.99 4.61 126.82 910.61
homfam icd 5678 5 328.887 433 41.7 94.2 94.6 84.0 87.8 3740.8563 1:02:20 10659.20 102230.95 10155.51 10284.78 1.99 13.88 162.44 6078.27
homfam peroxidase 4514 5 256.626 383 37.3 75.3 77.6 49.0 51.8 3909.5397 1:05:09 9819.09 101409.73 9314.84 9432.83 1.99 6.77 171.50 6714.39
homfam asp 3262 13 284.142 381 37.5 91.5 91.9 75.9 81.6 3064.5780 0:51:04 10147.80 102046.71 9644.25 9796.68 1.99 5.58 163.83 5030.92
homfam flav 4612 6 138.021 183 35.0 83.1 83.0 57.1 59.1 1586.8996 0:26:26 8594.66 104339.86 8481.55 8539.21 1.99 4.41 150.14 2391.08
homfam cah 1379 5 212.706 279 38.7 90.6 91.1 73.1 82.0 1554.8215 0:25:54 8895.91 99088.00 8326.75 8456.29 89.99 2.12 149.84 2332.41
homfam ace 3989 6 427.824 601 37.3 86.9 88.0 64.9 72.3 5936.1729 1:38:56 12036.51 103927.77 11533.28 11690.24 1.98 8.89 169.42 10063.63
homfam sti 613 5 165.383 198 36.4 84.8 84.1 64.1 69.9 686.2502 0:11:26 8812.96 99157.23 8425.63 8555.32 1.99 1.70 112.81 775.45
homfam aat 25100 10 337.807 476 28.6 76.7 77.6 34.8 41.1 8660.7226 2:24:20 14269.54 105820.85 13698.41 13831.98 1.98 35.27 165.81 14364.88
homfam oxidored_q6 3348 5 123.044 285 56.7 94.0 94.0 88.0 89.4 1485.2752 0:24:45 8531.75 100156.65 8036.06 8200.98 1.99 3.18 151.42 2258.21
homfam hormone_rec 3509 5 188.562 308 21.5 75.4 75.4 50.9 64.9 1810.6447 0:30:10 9193.58 101112.39 8688.12 8818.00 1.99 3.82 164.29 2982.15
homfam rhv 17976 6 143.424 938 33.1 31.0 44.8 1.6 0.1 14362.5714 3:59:22 9919.91 101896.21 9415.01 9545.07 1.99 15.37 165.30 23750.11
homfam tgfb 1606 8 95.4645 118 43.8 80.6 83.3 29.1 37.5 743.0522 0:12:23 8427.91 98696.11 7942.43 8122.81 0.00 0.02 109.60 6.22
homfam cryst 1160 7 80.8078 192 44.4 92.4 92.1 72.4 74.9 713.0042 0:11:53 8638.42 98949.13 8203.54 8322.01 0.00 0.02 121.91 6.54
homfam cyclo 6288 6 159.069 203 44.1 87.1 87.7 73.0 76.4 2120.4256 0:35:20 8966.89 100453.82 8390.20 8606.17 0.00 0.02 166.14 17.47
homfam kunitz 2266 10 53.752 64 37.9 94.8 95.7 75.0 74.3 574.9434 0:09:34 8130.58 98356.62 7627.79 7863.09 1.99 2.20 109.27 629.68
homfam Rhodanese 14049 6 102.277 216 22.7 62.1 69.0 42.7 40.1 2567.9549 0:42:47 8837.40 100686.57 8310.18 8439.74 1.98 11.84 160.02 4118.56
homfam sodcu 2038 7 141.322 169 42.2 91.2 91.0 78.3 82.5 997.7815 0:16:37 8924.15 100195.62 8465.05 8621.92 5.99 2.66 137.80 1377.33
homfam profilin 687 5 123.371 144 39.7 94.4 94.4 87.5 87.8 605.4392 0:10:05 8652.71 98904.95 8160.59 8332.58 1.99 1.51 121.77 738.85
homfam glob 3983 41 100.684 174 31.7 95.1 94.8 70.6 72.6 1031.4266 0:17:11 8566.63 100107.89 8136.45 8279.46 1.99 3.68 122.99 1274.43
homfam tim 3904 10 205.645 260 47.5 98.2 98.3 91.5 94.5 1936.2519 0:32:16 9417.84 100973.56 8914.14 9049.95 1.99 5.15 153.74 2985.51
homfam uce 4558 13 134.701 184 34.0 88.5 89.8 60.8 69.0 1026.4724 0:17:06 8949.07 99801.81 8507.52 8674.67 0.00 0.02 149.61 8.47
homfam toxin 508 20 62.311 78 43.1 93.8 91.9 66.2 76.7 394.9030 0:06:34 8095.28 101262.09 7566.86 7775.12 1.99 0.87 107.01 424.13
homfam rub 1435 5 46.1575 54 62.1 98.4 98.4 92.6 93.5 471.6943 0:07:51 8065.18 98701.80 7516.10 7654.77 0.00 0.02 100.44 4.49
homfam hom 12037 8 53.4951 98 35.3 91.6 91.1 60.9 75.7 1011.2787 0:16:51 8383.98 98379.26 7944.42 8140.72 1.99 6.62 136.22 1379.21
homfam biotin_lipoyl 11833 7 71.8928 112 28.9 93.8 94.4 80.0 82.8 1091.4975 0:18:11 8531.82 98713.15 8050.02 8202.44 1.99 8.11 134.47 1469.14
homfam cys 4316 13 198.11 284 40.5 93.5 93.4 67.9 79.8 1927.4831 0:32:07 9320.90 100986.59 8865.69 8990.44 1.99 6.51 158.76 3062.81
homfam ghf11 521 5 167.758 202 49.5 95.1 95.0 87.0 88.7 807.5473 0:13:27 8468.50 98778.55 7989.21 8118.90 1.99 1.71 124.72 1008.60
homfam blmb 17200 6 192.465 344 20.6 67.2 71.0 40.4 51.2 6504.0625 1:48:24 10745.01 102134.66 10224.44 10354.11 1.98 19.16 178.49 11609.58
homfam aadh 3127 8 225.129 542 38.2 84.5 84.7 50.1 55.6 2158.4496 0:35:58 9155.71 100896.46 8649.05 8778.68 1.99 4.23 160.51 3469.51
homfam DEATH 1183 7 80.5689 159 19.6 73.0 74.4 40.3 40.4 652.7321 0:10:52 8517.66 98795.21 7929.27 8081.49 0.00 0.02 118.85 5.87
homfam Sulfotransfer 2489 5 235.798 381 26.2 67.3 72.5 41.9 51.6 3023.3246 0:50:23 9219.75 101422.14 8764.86 8917.76 1.99 4.14 171.44 5190.31
homfam serpin 3144 8 291.462 418 34.3 95.4 94.7 81.7 88.8 3442.6965 0:57:22 10353.66 102175.30 9797.23 9915.70 0.00 0.02 166.05 29.20
homfam proteasome 5732 17 174.347 309 21.7 83.4 82.1 34.5 51.6 1860.1372 0:31:00 9029.62 100203.16 8595.07 8704.44 1.99 6.24 148.47 2771.63
homfam zf-CCHH 88345 15 23.2513 39 35.5 97.1 96.5 88.6 93.0 1655.3125 0:27:35 9549.51 99611.88 9044.78 9165.04 137.94 54.65 115.93 1921.45
homfam egf 7774 12 32.0765 71 31.1 77.0 78.3 30.9 36.7 614.7346 0:10:14 8414.02 98392.53 7909.64 8067.89 1.98 4.50 123.32 759.53
homfam annexin 3139 6 65.1902 323 57.2 100.0 100.0 100.0 100.0 1675.7080 0:27:55 8583.75 98703.77 8457.12 8483.55 1.98 2.72 160.70 2694.14
homfam OTCace 4795 5 157.005 350 37.3 96.3 96.3 89.3 91.9 1602.5651 0:26:42 8899.00 99682.33 8374.21 8546.41 1.99 7.52 151.65 2431.67
homfam rnasemam 498 6 120.072 141 42.2 92.5 89.6 68.7 81.4 576.5966 0:09:36 8401.32 98770.14 7997.07 8115.55 1.99 0.93 100.04 578.47
homfam adh 21331 5 123.64 375 63.9 94.7 95.4 88.8 89.1 3370.9812 0:56:10 10097.27 101491.08 9529.52 9709.47 1.98 18.96 162.47 5485.19
homfam il8 1073 11 63.7623 81 34.5 91.3 90.7 68.8 78.4 542.1253 0:09:02 8124.32 98429.41 7593.96 7780.11 1.99 1.40 98.51 535.75
homfam hr 3707 5 65.1513 82 53.3 98.6 98.6 93.7 97.7 801.7474 0:13:21 8067.15 98383.20 7663.97 7818.43 5.99 2.87 116.35 934.50
homfam ChtBD 774 5 38.2713 45 59.3 99.3 99.0 95.3 97.1 377.6703 0:06:17 8218.04 98255.46 7657.70 7808.06 1.99 0.96 91.93 348.68
homfam gluts 10099 14 98.1117 235 39.4 90.5 91.1 64.8 69.2 2854.1832 0:47:34 8910.33 100538.06 8616.75 8700.33 1.98 7.88 169.42 4841.28
homfam ghf5 2717 6 260.466 470 17.8 66.7 67.3 36.0 50.8 2939.9551 0:48:59 9577.03 101273.28 9210.41 9304.86 1.99 4.35 163.13 4807.96
homfam ghf13 12607 10 264.452 626 26.8 63.9 65.0 25.5 34.7 8149.5636 2:15:49 11880.98 103151.53 11514.74 11625.67 1.99 16.45 176.33 14381.56
homfam PDZ 14950 6 80.8907 110 30.6 82.1 83.7 65.7 67.4 1588.3068 0:26:28 8957.72 100585.99 8468.72 8586.88 1.98 11.05 153.08 2439.64
homfam az 1086 29 100.416 215 33.4 73.0 73.8 39.1 40.9 678.1384 0:11:18 8603.79 99531.84 8142.94 8252.96 1.99 1.82 117.83 808.09
homfam hla 13465 5 153.148 178 76.5 100.0 100.0 100.0 100.0 1823.5272 0:30:23 10051.52 101226.80 9530.10 9659.32 1.99 13.67 146.10 2672.57
homfam slectin 932 5 133.052 142 33.3 94.4 94.2 85.4 89.2 971.8719 0:16:11 8466.43 100603.52 7875.25 8055.86 1.99 1.36 125.86 1230.49
homfam GEL 2195 5 78.1157 150 23.7 70.0 70.8 40.4 56.0 908.3765 0:15:08 8372.57 99661.58 8114.97 8199.35 1.99 2.00 123.60 1128.06
homfam kringle 1091 9 75.9138 100 43.3 96.8 95.7 83.1 87.3 621.3952 0:10:21 8208.63 98933.92 7752.00 7881.35 0.00 0.02 96.30 5.33
homfam p450 21013 12 331.506 512 20.8 75.7 75.7 36.3 45.2 13589.0057 3:46:29 14908.24 106238.08 14346.05 14464.15 1.98 34.36 168.69 22920.82
homfam gpdh 7691 8 129.082 360 55.1 96.1 95.9 88.0 91.0 2117.6916 0:35:17 9385.41 100663.82 8825.80 8944.60 1.99 8.02 157.30 3340.51
homfam int 7572 5 168.037 219 22.5 87.0 88.5 66.3 73.3 2666.2954 0:44:26 9240.66 100859.68 8757.48 8909.56 1.98 8.05 167.58 4477.30
homfam KAS 2070 6 174.528 404 31.7 79.5 86.4 57.5 61.8 1436.6663 0:23:56 9174.14 99311.19 8807.32 9015.57 1.99 2.56 160.59 2308.67
homfam trfl 837 7 242.315 702 61.9 94.6 95.1 89.4 89.2 2072.5393 0:34:32 9639.98 99865.28 9160.01 9289.92 1.99 1.82 166.43 3450.54
homfam TNF 556 5 119.903 176 32.0 83.2 82.5 65.6 70.2 617.0706 0:10:17 8483.50 98724.97 8127.46 8257.64 1.99 1.29 97.55 603.31
homfam scorptoxin 363 8 53.2562 74 46.3 91.2 90.2 76.7 83.3 419.5640 0:06:59 8132.82 98242.90 7632.40 7778.61 1.99 0.77 85.57 360.53
homfam aldosered 13277 7 268.547 386 41.6 88.4 91.0 71.7 77.3 6213.0099 1:43:33 11072.79 102706.06 10633.21 10822.27 5.98 18.23 168.50 10471.55
homfam rrm 27610 20 67.4587 157 22.9 84.0 82.1 21.6 29.4 1534.7879 0:25:34 9089.75 99313.66 8599.07 8755.55 9.98 18.02 141.49 2172.91
