homfam ricin 747 7 198.708 281 37.5 90.1 90.1 73.3 81.1 349.2272 0:05:49 6723.81 98402.12 6247.62 6386.47 1.99 1.41 137.89 489.76
homfam ghf10 1502 5 220.34 364 43.3 91.9 92.6 77.4 83.7 677.6632 0:11:17 6837.48 103137.76 6361.30 6527.29 1.99 2.47 142.85 977.84
homfam seatoxin 93 5 43.6344 54 42.6 67.1 65.3 18.4 15.5 136.9672 0:02:16 6322.86 99909.20 5957.19 6067.81 1.99 0.64 97.85 135.47
homfam mofe 2567 6 353.074 609 30.0 82.5 84.7 65.8 72.9 1776.3362 0:29:36 7317.02 103120.89 6951.70 7118.09 1.99 4.58 162.29 2890.04
homfam cyt3 385 6 92.3065 130 40.3 81.7 82.2 61.0 69.4 171.1474 0:02:51 6492.29 99047.76 6016.07 6154.84 1.99 1.40 136.07 234.54
homfam ins 793 6 65.2825 74 44.9 91.4 95.2 65.2 87.8 333.6117 0:05:33 6619.32 99912.13 6254.04 6337.55 1.99 1.45 140.53 476.67
homfam Ald_Xan_dh_2 2589 6 109.304 885 31.8 83.1 83.1 63.3 71.9 1280.3953 0:21:20 6548.82 99911.02 6072.98 6238.86 1.99 2.69 161.64 2079.77
homfam tms 2118 5 264.245 357 45.9 95.8 95.7 84.2 90.8 939.6925 0:15:39 7081.69 103299.93 6716.19 6881.05 1.99 3.27 155.56 1471.58
homfam phc 2957 12 98.4711 179 37.2 95.0 96.1 77.7 82.9 383.7754 0:06:23 6625.00 98757.16 6260.20 6426.55 1.99 2.98 151.62 590.23
homfam cytb 3206 6 82.1454 100 35.6 86.8 88.5 66.3 73.5 530.0985 0:08:50 6622.11 99910.46 6146.36 6368.04 1.99 3.07 157.84 842.39
homfam mmp 1427 6 157.93 180 55.1 95.8 96.7 87.6 92.7 551.2575 0:09:11 6769.43 101992.25 6403.93 6514.55 1.99 1.99 149.27 826.39
homfam phoslip 946 18 113.33 137 48.9 95.4 95.1 74.3 84.4 205.9604 0:03:25 6611.22 102918.83 6245.70 6329.30 1.99 1.34 133.42 283.20
homfam HLH 6781 5 53.5453 92 28.1 89.0 93.9 65.5 77.1 458.1879 0:07:38 6619.14 99911.17 6142.91 6285.29 1.99 4.38 149.22 691.54
homfam myb_DNA-binding 10398 5 46.5583 61 40.7 94.4 93.3 78.6 84.0 238.9062 0:03:58 6633.25 98854.72 6157.44 6377.66 1.98 5.98 140.27 343.73
homfam msb 4884 8 106.037 158 26.6 85.0 88.3 60.0 72.6 288.7922 0:04:48 6667.03 102990.80 6351.14 6491.30 1.98 4.39 138.97 409.37
homfam ghf1 4358 8 403.813 562 38.4 92.7 92.5 72.2 80.0 2020.6493 0:33:40 7498.11 103249.20 7132.95 7223.56 1.99 8.04 162.95 3295.77
homfam rvp 93681 6 94.2886 132 36.6 84.3 83.8 57.7 65.0 697.3256 0:11:37 7653.52 102932.60 7286.90 7382.94 1.99 58.87 134.15 937.15
homfam lyase_1 7632 5 295.082 511 30.9 81.6 81.6 61.4 67.6 1335.3994 0:22:15 7105.34 103240.03 6746.37 6904.55 1.99 9.99 158.49 2123.63
homfam ldh 7367 14 121.378 371 31.9 89.3 89.1 60.5 72.3 627.4088 0:10:27 6768.09 102921.72 6402.79 6486.40 1.99 7.33 158.73 1001.54
homfam subt 7517 11 301.598 414 39.5 78.2 80.8 35.5 46.0 4858.3592 1:20:58 7333.51 103347.15 6967.93 7051.66 1.98 46.90 181.46 8813.27
homfam sodfe 4455 8 77.4471 219 42.3 90.9 89.9 65.1 68.9 413.7064 0:06:53 6679.76 101959.94 6313.76 6425.01 1.99 3.69 148.29 615.09
homfam LIM 6428 5 57.0143 86 52.8 97.9 97.9 87.8 95.8 221.6520 0:03:41 6560.04 103201.39 6327.57 6382.93 1.99 3.89 127.22 283.70
homfam blm 9105 8 300.727 274 39.1 56.3 64.1 16.5 17.1 2607.6210 0:43:27 7351.91 103075.14 6986.16 7150.94 9.98 12.82 170.13 4444.91
homfam DMRL_synthase 2099 5 140.59 182 33.2 93.3 90.4 74.6 83.3 235.4871 0:03:55 6837.43 102919.14 6361.15 6508.74 1.99 2.30 139.73 337.15
homfam tRNA-synt_2b 11293 5 177.564 467 18.7 46.2 46.1 22.4 31.5 1636.8977 0:27:16 7127.84 103290.68 6719.14 6872.25 1.99 11.80 175.52 2881.00
homfam Stap_Strp_toxin 640 6 87.3922 254 32.5 80.8 80.2 47.7 53.9 257.9025 0:04:17 6613.97 101958.46 6138.11 6304.53 1.99 1.26 130.94 339.23
homfam Acetyltransf 46285 6 82.9897 229 24.1 69.0 68.1 29.6 40.2 2640.9896 0:44:00 7333.12 102965.00 6877.08 7077.50 1.97 33.95 186.20 4924.44
homfam ghf22 760 12 107.567 131 51.4 93.9 94.1 81.5 85.2 193.6913 0:03:13 6573.64 99909.53 6208.79 6292.16 1.99 1.42 111.25 216.88
homfam sdr 50157 13 163.253 361 23.3 73.8 75.1 31.5 41.1 1954.9387 0:32:34 7515.46 103248.07 7149.74 7237.31 1.96 55.73 167.37 3267.55
homfam ltn 1068 12 204.148 282 49.9 93.4 93.9 70.4 79.1 431.0978 0:07:11 6715.93 99912.15 6240.19 6389.18 1.99 1.84 133.42 578.86
homfam hpr 3349 5 83.0427 89 44.4 99.3 99.3 97.7 98.5 181.7594 0:03:01 6619.10 103181.64 6253.86 6419.37 1.99 2.66 128.38 234.91
homfam bowman 499 5 26.1443 73 64.9 94.5 94.5 82.9 84.9 127.8921 0:02:07 6452.61 99913.12 6087.32 6197.33 1.99 0.86 103.25 133.57
homfam hip 167 5 66.2096 88 33.4 87.3 86.5 63.1 74.8 156.6033 0:02:36 6364.47 102942.46 5888.99 6062.50 1.99 0.70 118.79 187.59
homfam HMG_box 4779 5 66.0716 89 24.8 97.3 96.2 85.2 93.9 183.0983 0:03:03 6517.02 102975.46 6151.53 6317.18 1.99 3.19 129.02 237.69
homfam icd 5678 5 328.887 433 41.7 94.0 94.2 84.6 87.9 1602.5240 0:26:42 7278.58 103152.38 6913.16 6996.77 1.99 8.39 160.53 2579.24
homfam peroxidase 4514 5 256.626 383 37.3 75.2 78.4 44.1 47.7 1811.0114 0:30:11 7068.89 103245.27 6703.30 6868.24 0.00 0.02 182.16 10.34
homfam asp 3262 13 284.142 381 37.5 91.2 91.5 74.3 79.5 1327.6804 0:22:07 7173.03 102969.18 6807.69 6972.75 1.99 5.29 159.72 2119.88
homfam flav 4612 6 138.021 183 35.0 81.5 81.9 53.1 55.1 616.0239 0:10:16 6658.28 102938.26 6300.01 6457.68 1.99 4.21 159.86 994.52
homfam cah 1379 5 212.706 279 38.7 88.8 89.1 69.4 76.9 463.0852 0:07:43 6749.63 103169.56 6273.95 6439.79 1.99 2.15 147.89 693.06
homfam ace 3989 6 427.824 601 37.3 85.4 86.4 65.2 71.5 2683.3670 0:44:43 7467.25 103248.41 6991.33 7130.06 0.00 0.02 167.08 14.93
homfam sti 613 5 165.383 198 36.4 88.2 87.6 69.0 76.8 207.7984 0:03:27 6656.82 99908.54 6291.79 6402.45 1.99 1.11 133.68 279.27
homfam aat 25100 10 337.807 476 28.6 77.0 79.7 44.8 50.1 3413.1424 0:56:53 7928.56 103212.57 7562.59 7650.16 1.98 36.55 165.52 5646.90
homfam oxidored_q6 3348 5 123.044 285 56.7 89.7 91.6 82.0 83.2 630.2016 0:10:30 6741.50 99912.16 6375.90 6540.72 1.99 3.21 142.67 910.35
homfam hormone_rec 3509 5 188.562 308 21.5 70.1 71.5 45.6 58.5 709.2637 0:11:49 6906.24 101959.21 6636.38 6716.70 1.99 3.80 160.19 1146.32
homfam rhv 17976 6 143.424 938 33.1 30.1 45.0 2.1 0.2 5420.2109 1:30:20 7176.17 98551.67 6701.19 6843.78 16.00 0.76 173.67 9412.24
homfam tgfb 1606 8 95.4645 118 43.8 83.5 87.6 37.6 47.4 180.3514 0:03:00 6689.05 102927.41 6323.49 6434.19 1.99 1.71 128.81 241.19
homfam cryst 1160 7 80.8078 192 44.4 91.3 91.2 70.2 72.7 204.7509 0:03:24 6751.29 101994.27 6275.39 6414.17 1.99 1.56 138.28 284.65
homfam cyclo 6288 6 159.069 203 44.1 87.0 88.6 70.9 75.5 988.0531 0:16:28 6824.36 103212.88 6348.15 6486.53 1.99 7.57 167.55 1666.35
homfam kunitz 2266 10 53.752 64 37.9 97.5 97.5 88.3 87.5 159.3100 0:02:39 6603.50 102058.27 6237.82 6335.48 1.99 1.85 114.79 184.44
homfam Rhodanese 14049 6 102.277 216 22.7 77.7 86.3 62.5 63.7 822.4886 0:13:42 6682.35 99238.08 6205.66 6326.40 1.98 11.59 164.84 1354.75
homfam sodcu 2038 7 141.322 169 42.2 89.6 90.3 75.3 79.2 266.3066 0:04:26 6841.41 102929.36 6365.25 6515.32 1.99 2.36 144.74 391.90
homfam profilin 687 5 123.371 144 39.7 91.0 91.0 77.3 79.2 216.3200 0:03:36 6690.11 102921.52 6237.72 6352.71 1.99 1.50 130.83 291.95
homfam glob 3983 41 100.684 174 31.7 95.6 95.3 62.4 69.7 270.8009 0:04:30 6728.89 102938.52 6252.80 6373.16 1.99 3.72 143.50 397.47
homfam tim 3904 10 205.645 260 47.5 97.7 97.6 90.3 94.6 679.6875 0:11:19 6791.04 103244.01 6315.37 6535.48 1.99 4.97 154.10 1055.88
homfam uce 4558 13 134.701 184 34.0 90.3 92.3 59.0 65.2 426.7292 0:07:06 6838.70 103183.53 6473.24 6638.07 1.99 6.09 137.40 593.12
homfam toxin 508 20 62.311 78 43.1 87.5 85.8 58.4 66.3 115.7492 0:01:55 6385.02 101959.48 6003.11 6084.57 1.99 1.14 123.15 144.25
homfam rub 1435 5 46.1575 54 62.1 98.4 98.4 92.6 93.5 130.1541 0:02:10 6506.22 101992.25 6140.73 6237.01 1.99 1.28 101.27 133.26
homfam hom 12037 8 53.4951 98 35.3 94.7 94.4 71.0 86.9 261.4346 0:04:21 6633.32 103129.09 6267.91 6432.79 1.99 6.50 145.36 381.43
homfam biotin_lipoyl 11833 7 71.8928 112 28.9 94.6 93.0 75.3 81.0 243.5713 0:04:03 6750.51 102919.99 6385.85 6550.60 1.99 7.73 136.89 334.85
homfam cys 4316 13 198.11 284 40.5 92.7 92.2 63.8 77.0 848.7788 0:14:08 6989.64 103281.24 6819.19 6842.01 1.99 5.58 159.09 1359.58
homfam ghf11 521 5 167.758 202 49.5 92.1 92.0 78.6 80.1 241.1628 0:04:01 6760.49 102922.44 6394.64 6514.28 1.99 1.16 138.54 335.58
homfam blmb 17200 6 192.465 344 20.6 67.7 73.6 39.3 50.3 3398.0916 0:56:38 7238.93 103034.28 6762.89 6905.73 1.98 18.96 185.46 6308.63
homfam aadh 3127 8 225.129 542 38.2 85.5 88.4 50.6 56.4 966.7798 0:16:06 6764.04 103200.68 6431.69 6572.43 1.99 4.27 162.82 1581.89
homfam DEATH 1183 7 80.5689 159 19.6 76.6 77.8 43.5 59.2 180.8124 0:03:00 6597.49 97703.92 6232.09 6351.53 1.99 1.36 126.77 230.79
homfam Sulfotransfer 2489 5 235.798 381 26.2 69.8 73.1 40.9 49.6 1185.5154 0:19:45 6798.99 99913.28 6454.32 6598.49 1.99 3.93 174.22 2071.68
homfam serpin 3144 8 291.462 418 34.3 95.5 94.9 83.4 89.7 1201.0846 0:20:01 7146.04 102739.52 6670.14 6808.83 1.99 4.91 160.96 1940.12
homfam proteasome 5732 17 174.347 309 21.7 83.9 82.8 33.1 49.1 648.8920 0:10:48 6839.54 98233.62 6474.32 6640.63 109.99 6.13 120.77 792.36
homfam zf-CCHH 88345 15 23.2513 39 35.5 97.1 96.5 88.6 93.0 345.2422 0:05:45 7032.77 99922.93 6715.18 6855.93 1.96 42.08 128.24 444.62
homfam egf 7774 12 32.0765 71 31.1 77.1 81.1 32.4 32.3 186.8428 0:03:06 6465.30 99913.27 6118.98 6259.30 1.98 4.67 107.95 202.65
homfam annexin 3139 6 65.1902 323 57.2 99.6 99.8 99.4 99.4 424.6915 0:07:04 6654.03 101957.76 6177.88 6316.70 1.99 2.38 140.46 597.99
homfam OTCace 4795 5 157.005 350 37.3 96.5 96.6 88.7 91.4 553.3794 0:09:13 6902.05 103116.36 6536.70 6701.71 1.99 5.04 151.83 841.68
homfam rnasemam 498 6 120.072 141 42.2 92.1 89.4 67.9 80.5 171.8981 0:02:51 6524.42 98531.85 6048.76 6187.42 1.99 1.30 134.89 233.92
homfam adh 21331 5 123.64 375 63.9 94.5 95.3 88.5 88.8 1201.8655 0:20:01 6888.77 103240.43 6522.96 6606.51 5.98 19.16 163.88 1976.50
homfam il8 1073 11 63.7623 81 34.5 89.6 89.3 58.4 65.9 148.2156 0:02:28 6482.09 102918.63 6006.18 6149.09 1.99 1.12 122.75 183.41
homfam hr 3707 5 65.1513 82 53.3 99.1 99.1 94.9 99.1 218.4543 0:03:38 6591.24 99913.14 6115.22 6257.96 1.99 2.55 131.31 297.12
homfam ChtBD 774 5 38.2713 45 59.3 99.3 99.0 95.3 97.1 121.2073 0:02:01 6457.59 97544.23 6092.46 6202.23 1.99 0.98 109.71 133.99
homfam gluts 10099 14 98.1117 235 39.4 89.5 89.7 62.2 65.2 1202.6898 0:20:02 6776.32 103116.77 6300.17 6467.01 1.98 8.32 174.09 2101.07
homfam ghf5 2717 6 260.466 470 17.8 65.2 66.7 33.9 48.6 1328.7902 0:22:08 7007.86 103246.03 6879.81 6908.59 1.99 7.80 171.36 2278.48
homfam ghf13 12607 10 264.452 626 26.8 62.4 64.0 26.8 33.3 4918.3694 1:21:58 7400.91 103311.04 7035.68 7119.20 1.99 16.73 185.68 9135.97
homfam PDZ 14950 6 80.8907 110 30.6 88.6 88.7 74.7 77.7 476.4238 0:07:56 6762.96 101960.30 6397.18 6480.66 1.99 11.19 155.29 745.74
homfam az 1086 29 100.416 215 33.4 73.7 74.0 35.9 33.6 210.2400 0:03:30 6755.22 101958.57 6279.26 6445.14 1.99 1.40 136.17 295.66
homfam hla 13465 5 153.148 178 76.5 99.7 100.0 99.4 99.4 464.1370 0:07:44 7036.71 99913.97 6560.62 6699.37 1.99 13.83 126.36 588.00
homfam slectin 932 5 133.052 142 33.3 95.1 95.0 87.6 91.3 350.0176 0:05:50 6704.50 99911.16 6328.12 6463.90 1.99 1.39 145.09 516.90
homfam GEL 2195 5 78.1157 150 23.7 65.1 66.1 31.5 44.9 297.6687 0:04:57 6665.12 102938.80 6606.60 6633.00 1.99 2.25 102.95 313.82
homfam kringle 1091 9 75.9138 100 43.3 93.4 92.5 74.2 78.3 156.2639 0:02:36 6576.55 96176.29 6211.10 6294.73 1.99 1.45 116.83 184.00
homfam p450 21013 12 331.506 512 20.8 79.8 80.0 38.3 49.5 4838.2390 1:20:38 7948.06 103310.33 7583.94 7748.30 69.98 32.53 159.53 7724.01
homfam gpdh 7691 8 129.082 360 55.1 96.4 96.3 88.8 91.4 677.6683 0:11:17 6850.90 103461.96 6402.85 6513.71 1.99 8.23 153.47 1047.00
homfam int 7572 5 168.037 219 22.5 79.6 81.5 54.5 60.6 1087.1067 0:18:07 6935.21 102932.48 6570.04 6734.75 1.98 8.01 175.90 1915.90
homfam KAS 2070 6 174.528 404 31.7 79.6 84.4 53.2 63.3 543.2760 0:09:03 6920.11 101959.84 6554.32 6665.09 1.99 2.71 134.89 737.21
homfam trfl 837 7 242.315 702 61.9 94.4 95.0 87.7 87.8 982.8137 0:16:22 7026.24 98821.22 6550.13 6699.99 1.99 1.61 153.73 1516.80
homfam TNF 556 5 119.903 176 32.0 80.1 81.0 65.0 71.2 193.1598 0:03:13 6630.36 102918.95 6194.27 6347.68 1.99 1.30 120.63 234.55
homfam scorptoxin 363 8 53.2562 74 46.3 92.0 90.8 78.1 84.0 125.3256 0:02:05 6426.37 99909.34 6060.79 6172.23 1.99 0.77 104.92 132.99
homfam aldosered 13277 7 268.547 386 41.6 85.5 88.9 66.5 72.8 2073.0788 0:34:33 7304.88 103295.21 6921.62 7017.35 1.98 17.76 167.52 3478.05
homfam rrm 27610 20 67.4587 157 22.9 80.6 80.5 20.7 30.6 412.8889 0:06:52 6855.88 96368.60 6489.94 6654.94 1.98 17.85 131.95 547.45
