homfam ricin 747 7 198.708 281 37.5 91.3 91.0 76.6 84.7 373.5934 0:06:13 15164.49 105082.49 14803.69 15013.01 1.99 1.40 135.00 507.66
homfam ghf10 1502 5 220.34 364 43.3 88.2 89.2 72.1 78.4 786.0043 0:13:06 15071.21 104981.56 14703.05 14912.80 1.99 2.48 151.45 1195.58
homfam seatoxin 93 5 43.6344 54 42.6 66.2 64.1 8.2 9.3 158.5638 0:02:38 15090.61 105070.39 14865.05 15005.48 1.99 0.64 109.04 174.47
homfam mofe 2567 6 353.074 609 30.0 85.0 86.9 66.4 73.9 1794.6497 0:29:54 15070.48 104984.63 14705.40 14811.70 1.99 4.49 155.05 2789.18
homfam cyt3 385 6 92.3065 130 40.3 80.4 80.8 61.0 69.7 230.0216 0:03:50 13849.36 103680.86 13440.02 13580.20 1.99 1.06 110.52 255.62
homfam ins 793 6 65.2825 74 44.9 89.3 90.7 69.6 87.0 322.7945 0:05:22 15068.02 104982.48 14670.08 14879.66 1.99 1.08 150.91 494.65
homfam Ald_Xan_dh_2 2589 6 109.304 885 31.8 83.0 83.1 63.6 71.4 1401.8816 0:23:21 15239.87 105133.64 14753.77 14963.44 1.99 2.60 160.86 2263.34
homfam tms 2118 5 264.245 357 45.9 95.7 95.3 84.9 90.8 1011.3007 0:16:51 15109.48 105031.60 14834.68 14975.09 1.99 3.22 151.67 1543.53
homfam phc 2957 12 98.4711 179 37.2 92.5 94.2 72.6 79.8 475.7435 0:07:55 15134.20 104959.72 14878.41 15018.82 1.99 2.64 128.36 618.44
homfam cytb 3206 6 82.1454 100 35.6 90.2 90.1 69.6 77.3 592.5238 0:09:52 15096.33 105007.74 14867.82 15008.18 1.99 2.70 157.75 943.03
homfam mmp 1427 6 157.93 180 55.1 95.4 96.8 86.4 92.1 588.5774 0:09:48 15064.50 104981.56 14680.23 14889.13 1.99 3.77 158.37 932.23
homfam phoslip 946 18 113.33 137 48.9 95.2 94.9 75.0 85.2 230.5760 0:03:50 15057.66 104982.50 14793.82 14934.25 1.99 1.72 135.69 314.37
homfam HLH 6781 5 53.5453 92 28.1 87.7 93.3 63.1 73.8 466.8737 0:07:46 15125.30 105013.12 14644.00 14853.60 1.99 4.13 151.78 715.98
homfam myb_DNA-binding 10398 5 46.5583 61 40.7 94.6 94.2 80.4 86.0 333.5756 0:05:33 15077.58 105054.34 14848.94 14989.42 1.98 5.84 125.34 424.56
homfam msb 4884 8 106.037 158 26.6 86.4 90.7 62.1 75.0 357.4798 0:05:57 15073.83 105049.84 14698.96 14908.67 1.98 4.37 112.70 411.14
homfam ghf1 4358 8 403.813 562 38.4 92.9 93.5 73.2 81.3 2169.9267 0:36:09 7717.78 103253.99 7214.93 7344.20 5.98 8.10 146.28 3178.63
homfam rvp 93681 6 94.2886 132 36.6 83.2 83.0 54.1 60.9 1729.5833 0:28:49 11178.61 101102.51 10863.93 11003.73 1.99 58.46 80.33 1391.00
homfam lyase_1 7632 5 295.082 511 30.9 82.0 82.0 64.8 69.1 1286.7443 0:21:26 14514.02 104338.07 14097.56 14237.98 1.99 15.72 135.52 1745.29
homfam ldh 7367 14 121.378 371 31.9 89.3 89.1 60.5 69.7 747.9272 0:12:27 15139.12 105062.15 14714.30 14923.93 1.99 7.27 143.61 1079.33
homfam subt 7517 11 301.598 414 39.5 79.4 81.6 35.2 47.2 6050.9157 1:40:50 13989.60 103813.47 13509.82 13627.47 1.98 12.45 171.69 10393.94
homfam sodfe 4455 8 77.4471 219 42.3 90.7 89.8 63.6 68.4 424.0810 0:07:04 15074.13 104985.84 15083.24 15104.46 1.99 3.38 140.44 597.08
homfam LIM 6428 5 57.0143 86 52.8 98.5 98.5 90.2 98.4 234.5078 0:03:54 15124.43 105036.09 14757.27 14966.80 1.99 3.86 120.06 283.00
homfam blm 9105 8 300.727 274 39.1 60.5 89.3 19.1 19.3 3907.8681 1:05:07 13760.76 103591.31 13225.77 13342.71 1.98 13.38 166.10 6495.23
homfam DMRL_synthase 2099 5 140.59 182 33.2 92.7 90.1 74.6 83.3 287.6154 0:04:47 15120.76 105032.61 14892.04 15032.41 1.99 2.22 116.20 335.72
homfam tRNA-synt_2b 11293 5 177.564 467 18.7 53.6 51.6 28.2 38.6 1821.2599 0:30:21 7400.21 103056.80 7134.67 7224.45 5.99 11.83 155.61 2843.94
homfam Stap_Strp_toxin 640 6 87.3922 254 32.5 82.6 81.8 50.6 57.7 281.0298 0:04:41 15069.42 104980.46 14825.96 14966.31 1.99 0.94 132.73 374.45
homfam Acetyltransf 46285 6 82.9897 229 24.1 63.0 62.4 32.8 43.2 3266.5473 0:54:26 15158.21 105138.70 14783.59 14900.98 36.00 0.81 158.12 5171.85
homfam ghf22 760 12 107.567 131 51.4 94.3 94.7 82.3 85.6 202.9249 0:03:22 15063.43 104981.48 14812.14 14952.54 1.99 1.18 128.78 262.80
homfam sdr 50157 13 163.253 361 23.3 78.6 78.9 33.8 44.5 2755.2769 0:45:55 8206.49 103216.52 7702.09 7832.12 1.96 55.26 131.31 3612.67
homfam ltn 1068 12 204.148 282 49.9 93.3 93.4 69.6 78.4 532.9157 0:08:52 15056.93 104881.51 14841.00 14981.33 1.99 1.85 144.74 773.23
homfam hpr 3349 5 83.0427 89 44.4 99.3 99.3 97.7 98.5 234.2970 0:03:54 15147.09 105059.75 14743.26 14952.92 1.99 2.59 124.87 296.67
homfam bowman 499 5 26.1443 73 64.9 94.5 94.5 82.9 84.9 141.5591 0:02:21 15144.01 105056.44 14776.91 14986.66 1.99 0.77 122.19 174.49
homfam hip 167 5 66.2096 88 33.4 88.2 87.2 65.5 76.6 168.4708 0:02:48 15068.93 104981.40 14703.98 14912.92 1.99 0.69 102.86 174.82
homfam HMG_box 4779 5 66.0716 89 24.8 94.5 94.5 79.0 86.8 240.0148 0:04:00 15099.58 104985.85 14744.02 14884.42 1.99 3.20 119.78 288.80
homfam icd 5678 5 328.887 433 41.7 94.5 94.8 85.4 88.4 1962.3016 0:32:42 14181.75 104061.70 13682.63 13788.61 1.99 8.86 153.67 3014.12
homfam peroxidase 4514 5 256.626 383 37.3 78.5 82.5 47.9 52.0 2176.4748 0:36:16 15088.77 104934.84 14706.39 14916.01 1.99 6.23 168.57 3675.96
homfam asp 3262 13 284.142 381 37.5 91.4 91.8 74.9 80.8 1356.0622 0:22:36 15111.49 105047.75 14605.04 14722.69 1.99 5.72 155.32 2109.29
homfam flav 4612 6 138.021 183 35.0 81.1 82.2 53.7 55.7 685.3828 0:11:25 15067.88 104984.82 14665.54 14874.53 1.99 4.22 148.52 1026.31
homfam cah 1379 5 212.706 279 38.7 88.9 89.6 69.0 76.9 577.8783 0:09:37 15182.44 105006.53 14651.11 14861.04 1.99 4.07 135.53 786.87
homfam ace 3989 6 427.824 601 37.3 82.4 86.9 61.4 67.5 3200.8716 0:53:20 14424.87 104261.37 13881.96 13999.48 1.98 8.38 157.76 5046.08
homfam sti 613 5 165.383 198 36.4 87.9 87.7 69.0 76.2 243.1556 0:04:03 14531.21 104357.03 14028.37 14237.08 1.99 1.09 125.00 305.48
homfam aat 25100 10 337.807 476 28.6 81.0 84.8 53.2 58.9 4267.4585 1:11:07 10507.72 103282.95 10002.95 10109.17 1.98 36.41 136.54 5829.76
homfam oxidored_q6 3348 5 123.044 285 56.7 91.6 92.9 84.6 85.9 605.9974 0:10:05 14234.43 104059.11 14118.64 14147.59 1.99 3.22 145.57 890.28
homfam hormone_rec 3509 5 188.562 308 21.5 74.6 77.5 51.2 65.4 817.7852 0:13:37 15070.84 104984.76 14833.29 14973.63 1.99 5.75 142.26 1170.99
homfam rhv 17976 6 143.424 938 33.1 72.6 77.3 41.4 51.5 7171.0108 1:59:31 13688.70 103522.02 13192.62 13402.21 1.99 15.34 159.28 11429.75
homfam tgfb 1606 8 95.4645 118 43.8 81.7 87.7 30.8 38.2 203.7401 0:03:23 15194.23 105081.59 14841.36 14981.76 1.99 1.58 124.97 260.82
homfam cryst 1160 7 80.8078 192 44.4 92.1 92.1 72.9 75.7 219.6957 0:03:39 15063.99 104982.53 14661.51 14870.42 1.99 1.23 118.84 262.60
homfam cyclo 6288 6 159.069 203 44.1 86.6 88.5 70.9 75.5 1123.4180 0:18:43 14812.07 104637.95 14275.72 14485.32 1.99 15.23 156.38 1757.04
homfam kunitz 2266 10 53.752 64 37.9 98.9 98.9 95.0 94.7 185.7447 0:03:05 15108.11 104932.61 14827.77 14968.10 1.99 1.86 112.61 210.72
homfam Rhodanese 14049 6 102.277 216 22.7 71.4 80.3 53.1 54.7 1179.3745 0:19:39 14647.34 104543.35 14226.25 14366.65 1.98 11.40 147.40 1746.81
homfam sodcu 2038 7 141.322 169 42.2 89.8 90.4 71.7 79.2 318.1229 0:05:18 15094.91 105047.57 14673.59 14882.89 1.99 2.27 105.08 337.61
homfam profilin 687 5 123.371 144 39.7 93.1 93.1 84.4 85.1 240.8404 0:04:00 15081.88 104906.48 14650.08 14858.85 1.99 3.09 130.01 320.89
homfam glob 3983 41 100.684 174 31.7 95.5 95.3 65.9 69.8 328.6086 0:05:28 15059.73 104885.80 14660.21 14869.10 1.99 3.35 113.80 381.07
homfam tim 3904 10 205.645 260 47.5 96.9 97.0 89.6 93.7 936.4196 0:15:36 15185.16 105009.80 14785.71 14994.61 1.99 5.09 145.16 1366.96
homfam uce 4558 13 134.701 184 34.0 89.3 91.4 62.7 70.2 921.9863 0:15:21 15060.77 104885.81 14804.68 14945.11 1.99 4.21 161.35 1495.13
homfam toxin 508 20 62.311 78 43.1 92.2 90.3 57.1 64.7 151.4081 0:02:31 15068.34 104980.43 14704.27 14913.18 1.99 0.84 111.64 170.00
homfam rub 1435 5 46.1575 54 62.1 98.4 98.4 92.6 93.5 151.3292 0:02:31 15068.75 104982.57 14702.80 14912.39 1.99 1.26 109.11 166.07
homfam hom 12037 8 53.4951 98 35.3 93.1 93.8 68.1 84.7 348.2617 0:05:48 15049.30 105030.72 14647.00 14855.91 1.99 8.15 117.04 409.01
homfam biotin_lipoyl 11833 7 71.8928 112 28.9 95.0 93.4 76.5 82.3 333.7277 0:05:33 12839.66 102665.88 12361.57 12478.63 1.99 8.02 112.55 376.61
homfam cys 4316 13 198.11 284 40.5 93.7 93.2 69.4 79.8 930.2248 0:15:30 7241.28 103210.85 6876.95 7041.20 1.99 6.12 145.17 1358.02
homfam ghf11 521 5 167.758 202 49.5 94.6 94.3 85.4 86.5 274.1349 0:04:34 15188.86 105080.44 14709.95 14919.97 1.99 3.09 132.25 364.03
homfam blmb 17200 6 192.465 344 20.6 68.6 74.2 42.5 51.4 3656.4044 1:00:56 12872.13 103241.62 12392.28 12509.89 1.98 19.11 172.08 6297.24
homfam aadh 3127 8 225.129 542 38.2 84.0 87.3 52.2 57.9 1188.3909 0:19:48 15012.31 104922.66 14530.90 14740.41 0.00 0.02 161.36 7.49
homfam DEATH 1183 7 80.5689 159 19.6 91.1 91.4 66.9 74.2 237.4738 0:03:57 15104.51 104981.51 14758.03 14898.52 1.99 1.32 111.36 265.90
homfam Sulfotransfer 2489 5 235.798 381 26.2 74.9 76.2 49.7 59.2 1365.9201 0:22:45 15070.45 104982.62 14693.96 14903.69 1.99 3.84 164.05 2250.11
homfam serpin 3144 8 291.462 418 34.3 95.2 94.7 81.9 89.0 1262.5745 0:21:02 15061.54 105022.73 14580.03 14789.73 1.99 4.61 151.65 1918.06
homfam proteasome 5732 17 174.347 309 21.7 84.3 84.2 41.4 61.3 656.6071 0:10:56 15087.16 104976.03 14658.01 14866.95 1.99 5.75 129.82 860.01
homfam zf-CCHH 88345 15 23.2513 39 35.5 95.7 95.8 85.7 89.3 741.6494 0:12:21 7028.54 99914.07 6525.41 6758.94 1.96 51.75 113.29 841.63
homfam egf 7774 12 32.0765 71 31.1 72.4 77.6 27.9 31.6 222.2897 0:03:42 15075.16 104988.18 14709.51 14918.53 1.98 4.43 110.42 247.04
homfam annexin 3139 6 65.1902 323 57.2 99.7 100.0 99.4 99.4 479.9180 0:07:59 15184.26 105008.72 14898.55 15039.35 1.99 2.38 150.98 725.99
homfam OTCace 4795 5 157.005 350 37.3 95.1 95.9 85.2 88.2 625.0506 0:10:25 12860.10 102683.24 12305.45 12515.06 1.99 4.88 140.99 884.19
homfam rnasemam 498 6 120.072 141 42.2 92.3 89.8 70.9 82.3 194.8480 0:03:14 15075.58 104980.44 14703.18 14912.10 1.99 0.96 111.65 219.05
homfam adh 21331 5 123.64 375 63.9 98.7 98.7 96.3 96.6 1622.6712 0:27:02 12863.92 103279.66 12369.72 12579.33 1.98 18.62 143.13 2329.47
homfam il8 1073 11 63.7623 81 34.5 90.3 89.8 59.7 71.0 166.0652 0:02:46 15178.22 105006.49 14648.48 14858.51 1.99 1.08 99.01 165.96
homfam hr 3707 5 65.1513 82 53.3 97.9 98.6 92.4 97.4 251.5053 0:04:11 15160.55 104984.75 14641.77 14851.47 1.99 2.56 117.70 303.49
homfam ChtBD 774 5 38.2713 45 59.3 98.3 98.1 90.7 93.2 139.7155 0:02:19 15067.94 104981.47 14692.55 14901.43 1.99 1.10 120.18 169.00
homfam gluts 10099 14 98.1117 235 39.4 88.9 89.2 65.2 68.9 1279.4024 0:21:19 15076.53 104990.32 14700.91 14818.64 1.98 8.26 166.79 2139.60
homfam ghf5 2717 6 260.466 470 17.8 66.0 66.4 35.5 50.2 1410.7182 0:23:30 14934.02 104759.54 14592.61 14733.13 1.99 4.05 157.95 2234.29
homfam ghf13 12607 10 264.452 626 26.8 60.8 63.8 27.7 37.1 4764.6696 1:19:24 11516.83 103219.16 11012.10 11221.72 1.99 16.29 171.39 8170.79
homfam PDZ 14950 6 80.8907 110 30.6 89.6 89.3 76.8 80.0 672.9719 0:11:12 14745.59 104568.77 14404.48 14544.85 1.98 10.66 130.10 883.57
homfam az 1086 29 100.416 215 33.4 76.5 76.8 41.3 44.3 245.7641 0:04:05 15108.82 105007.49 14866.40 15006.88 1.99 1.39 126.89 320.65
homfam hla 13465 5 153.148 178 76.5 100.0 100.0 100.0 100.0 697.1399 0:11:37 14368.94 104193.15 13952.60 14093.09 1.99 13.36 96.90 677.06
homfam slectin 932 5 133.052 142 33.3 94.5 95.0 86.1 89.7 411.3106 0:06:51 15068.90 104981.49 14698.55 14908.18 1.99 1.36 124.43 513.63
homfam GEL 2195 5 78.1157 150 23.7 67.1 68.5 38.4 54.8 246.9638 0:04:06 15213.93 105133.61 14822.66 15032.40 1.99 1.90 123.89 315.01
homfam kringle 1091 9 75.9138 100 43.3 94.3 93.8 75.3 81.1 179.3178 0:02:59 15066.52 104981.50 14702.52 14912.13 1.99 1.23 119.09 214.56
homfam p450 21013 12 331.506 512 20.8 78.5 78.8 40.1 49.2 5357.6231 1:29:17 11251.96 101966.18 10799.35 11007.54 17.98 32.45 139.74 7491.04
homfam gpdh 7691 8 129.082 360 55.1 96.4 96.4 88.8 91.7 882.3742 0:14:42 15077.89 104988.17 14709.34 14918.30 1.99 7.93 131.62 1169.80
homfam int 7572 5 168.037 219 22.5 89.0 89.7 70.3 77.4 1200.8584 0:20:00 13011.88 102837.82 12507.49 12613.65 1.98 8.30 154.92 1867.09
homfam KAS 2070 6 174.528 404 31.7 87.2 87.1 68.2 75.2 521.4468 0:08:41 15143.94 105058.60 14750.27 14960.36 1.99 2.68 127.71 667.45
homfam trfl 837 7 242.315 702 61.9 95.8 96.3 90.0 90.5 902.2429 0:15:02 15057.36 104882.49 14840.91 14981.73 1.99 1.59 154.64 1402.42
homfam TNF 556 5 119.903 176 32.0 81.2 82.9 65.0 71.5 212.5264 0:03:32 15053.75 104944.43 14715.50 14855.94 1.99 0.98 123.41 263.81
homfam scorptoxin 363 8 53.2562 74 46.3 91.3 90.5 75.3 80.7 142.6951 0:02:22 15070.64 104982.45 15091.51 15120.52 1.99 0.74 120.40 173.31
homfam aldosered 13277 7 268.547 386 41.6 87.5 90.1 71.4 76.6 2591.1621 0:43:11 13048.36 103267.16 12526.19 12666.17 1.98 18.64 151.11 3913.04
homfam rrm 27610 20 67.4587 157 22.9 81.3 83.2 20.7 30.6 537.2092 0:08:57 13353.65 103204.02 12826.15 12943.21 1.98 17.94 109.84 595.02
