homfam ricin 747 7 198.708 281 37.5 90.9 90.9 76.2 83.8 497.1569 0:08:17 15088.66 105071.49 14813.44 14953.86 1.99 1.36 141.82 708.64
homfam ghf10 1502 5 220.34 364 43.3 92.5 93.5 79.3 84.7 969.7194 0:16:09 13581.38 103406.09 13026.48 13144.13 1.99 2.80 156.66 1517.98
homfam seatoxin 93 5 43.6344 54 42.6 65.3 63.2 6.1 6.9 161.3453 0:02:41 15005.69 104895.39 14527.78 14691.34 1.99 0.94 106.57 173.55
homfam mofe 2567 6 353.074 609 30.0 87.1 88.1 67.2 76.4 2995.5057 0:49:55 15134.12 104959.63 14602.47 14720.08 1.99 4.54 157.61 4727.62
homfam cyt3 385 6 92.3065 130 40.3 81.5 81.5 61.9 70.4 185.5142 0:03:05 15111.70 105095.43 14848.83 14989.24 1.99 0.88 117.34 219.20
homfam ins 793 6 65.2825 74 44.9 91.4 95.9 73.9 88.6 329.9868 0:05:29 15056.73 104944.57 14769.54 14909.92 1.99 1.11 137.35 461.52
homfam Ald_Xan_dh_2 2589 6 109.304 885 31.8 83.0 83.3 63.6 71.9 1844.4677 0:30:44 15063.65 104957.67 14580.15 14720.02 1.99 2.97 161.91 2994.42
homfam tms 2118 5 264.245 357 45.9 96.9 96.7 88.4 93.2 1317.7429 0:21:57 15089.82 105007.63 14694.20 14903.26 1.99 3.37 155.08 2049.73
homfam phc 2957 12 98.4711 179 37.2 91.5 92.8 73.2 79.8 537.6011 0:08:57 11680.62 102920.09 11365.02 11505.24 1.99 2.68 132.80 720.28
homfam cytb 3206 6 82.1454 100 35.6 89.8 90.4 71.7 79.8 780.0640 0:13:00 15096.26 104983.74 14843.02 14983.42 0.00 0.02 166.19 6.52
homfam mmp 1427 6 157.93 180 55.1 96.0 96.9 88.2 93.4 749.9251 0:12:29 15132.42 104957.55 14629.13 14769.02 1.99 2.29 149.37 1128.03
homfam phoslip 946 18 113.33 137 48.9 96.5 96.3 80.1 89.6 256.3072 0:04:16 15082.20 105071.48 14693.65 14834.93 1.99 1.59 120.46 310.79
homfam HLH 6781 5 53.5453 92 28.1 82.2 87.5 51.2 69.5 570.3979 0:09:30 15073.54 104987.13 14708.74 14917.62 1.99 4.18 156.24 898.09
homfam myb_DNA-binding 10398 5 46.5583 61 40.7 94.6 94.2 80.4 86.0 418.4334 0:06:58 15041.91 104889.42 14750.39 14890.77 1.98 5.89 120.06 508.77
homfam msb 4884 8 106.037 158 26.6 85.0 85.7 61.4 74.2 521.7952 0:08:41 15060.80 104884.84 14638.02 14846.95 1.98 4.36 127.48 670.05
homfam ghf1 4358 8 403.813 562 38.4 92.2 92.2 72.4 80.5 3903.6903 1:05:03 14861.39 104686.79 14307.87 14447.73 1.99 7.97 155.99 6096.05
homfam rvp 93681 6 94.2886 132 36.6 70.7 71.2 38.7 43.6 1961.7209 0:32:41 8290.50 101997.44 7835.86 8046.03 1.99 58.41 112.65 2213.36
homfam lyase_1 7632 5 295.082 511 30.9 81.5 81.5 61.2 67.6 2503.9676 0:41:43 14114.16 103939.33 13636.55 13845.88 1.99 10.04 146.08 3665.24
homfam ldh 7367 14 121.378 371 31.9 89.6 89.3 63.2 73.0 1141.5456 0:19:01 14997.91 104837.08 14509.60 14649.51 1.99 7.54 147.64 1693.18
homfam subt 7517 11 301.598 414 39.5 78.0 79.7 34.2 46.8 7957.9317 2:12:37 12908.20 103330.09 12339.00 12456.50 1.98 12.42 173.74 13829.25
homfam sodfe 4455 8 77.4471 219 42.3 90.9 90.0 64.6 68.5 604.4848 0:10:04 15061.13 104984.85 14859.16 14999.61 1.99 3.33 148.01 895.63
homfam LIM 6428 5 57.0143 86 52.8 98.5 98.5 90.2 98.4 341.3443 0:05:41 15111.74 104936.13 14700.34 14909.93 1.99 3.89 112.33 384.44
homfam blm 9105 8 300.727 274 39.1 58.4 73.1 15.7 16.4 4409.9760 1:13:29 12263.98 103245.65 11784.96 11994.36 1.98 13.10 161.10 7102.28
homfam DMRL_synthase 2099 5 140.59 182 33.2 92.2 89.6 74.6 83.3 380.2328 0:06:20 15070.09 104982.62 14676.60 14794.25 1.99 2.60 128.10 488.54
homfam tRNA-synt_2b 11293 5 177.564 467 18.7 51.6 49.8 21.5 29.9 2174.7243 0:36:14 13816.83 103641.91 13337.02 13442.97 1.99 11.57 164.38 3583.33
homfam Stap_Strp_toxin 640 6 87.3922 254 32.5 78.9 78.2 47.7 53.6 419.2972 0:06:59 15081.95 105045.46 14824.39 14964.84 1.99 1.05 150.65 637.01
homfam Acetyltransf 46285 6 82.9897 229 24.1 65.9 63.6 32.3 42.4 3349.5496 0:55:49 9171.98 99639.16 9157.43 9297.09 0.00 0.48 164.68 5524.88
homfam ghf22 760 12 107.567 131 51.4 93.6 94.0 80.8 84.4 218.9956 0:03:38 15062.66 105046.46 14665.87 14874.86 1.99 1.12 119.12 262.38
homfam sdr 50157 13 163.253 361 23.3 78.6 78.9 33.8 44.5 3588.8656 0:59:48 8527.84 103292.17 8120.86 8207.87 1.96 56.44 139.58 5005.89
homfam ltn 1068 12 204.148 282 49.9 93.3 93.8 70.4 79.2 744.2100 0:12:24 15082.55 105071.48 14679.02 14887.98 1.99 1.89 155.27 1157.38
homfam hpr 3349 5 83.0427 89 44.4 98.6 98.7 95.5 96.2 275.0592 0:04:35 15059.39 104983.74 14637.39 14847.01 1.99 2.57 125.63 347.03
homfam bowman 499 5 26.1443 73 64.9 93.9 94.4 81.4 84.0 151.8058 0:02:31 13479.84 103306.10 13001.66 13118.68 1.99 1.09 109.66 167.86
homfam hip 167 5 66.2096 88 33.4 85.8 85.0 60.7 72.4 171.4341 0:02:51 15066.80 104981.41 14703.02 14911.94 1.99 0.72 131.10 226.17
homfam HMG_box 4779 5 66.0716 89 24.8 93.2 93.5 77.8 86.0 328.0604 0:05:28 15112.25 104959.85 14713.98 14831.03 1.99 3.53 122.47 404.44
homfam icd 5678 5 328.887 433 41.7 94.6 95.1 85.4 88.4 2827.7069 0:47:07 14087.06 103911.60 13607.57 13725.16 1.99 8.95 151.08 4279.16
homfam peroxidase 4514 5 256.626 383 37.3 83.9 83.9 56.4 60.8 2645.4431 0:44:05 14485.35 104311.29 13941.91 14048.04 1.99 8.58 167.33 4433.70
homfam asp 3262 13 284.142 381 37.5 90.7 90.9 73.5 79.2 2170.6471 0:36:10 15099.28 105047.74 14605.12 14722.73 1.99 5.62 152.36 3314.61
homfam flav 4612 6 138.021 183 35.0 78.9 79.3 46.3 53.7 889.5507 0:14:49 15074.54 104984.82 14699.95 14909.53 1.99 4.29 144.00 1289.02
homfam cah 1379 5 212.706 279 38.7 87.8 88.5 67.2 74.6 645.9798 0:10:45 15072.43 104981.55 14689.38 14795.37 1.99 2.34 145.81 943.30
homfam ace 3989 6 427.824 601 37.3 86.6 87.5 67.8 75.2 5189.4668 1:26:29 12882.54 103281.05 12517.98 12658.37 1.98 8.10 157.44 8173.45
homfam sti 613 5 165.383 198 36.4 88.7 88.3 70.1 77.1 261.2185 0:04:21 15171.11 105081.46 14802.96 15012.78 1.99 1.38 135.03 354.14
homfam aat 25100 10 337.807 476 28.6 82.1 83.1 52.5 58.8 6267.0065 1:44:27 9732.41 103149.09 9177.04 9294.65 1.98 36.18 142.76 8948.97
homfam oxidored_q6 3348 5 123.044 285 56.7 89.5 91.8 82.0 83.2 776.5593 0:12:56 15233.93 105058.74 14708.44 14825.50 1.99 3.50 154.06 1203.34
homfam hormone_rec 3509 5 188.562 308 21.5 75.5 76.7 52.3 66.7 1088.9690 0:18:08 15073.55 104983.76 14707.03 14846.92 1.99 4.13 152.89 1671.56
homfam rhv 17976 6 143.424 938 33.1 44.1 51.9 0.0 0.0 11064.0802 3:04:24 12878.45 102922.38 12499.62 12640.00 1.99 15.31 156.21 17286.55
homfam tgfb 1606 8 95.4645 118 43.8 83.4 87.2 34.2 41.0 277.9849 0:04:37 15068.82 105046.56 14839.12 14979.56 1.99 1.61 128.94 359.82
homfam cryst 1160 7 80.8078 192 44.4 91.7 91.4 71.8 74.5 276.8500 0:04:36 15145.54 105031.52 14654.94 14864.00 1.99 1.27 130.59 362.96
homfam cyclo 6288 6 159.069 203 44.1 88.2 90.8 73.0 77.6 1310.0546 0:21:50 15073.98 104988.08 14816.06 14956.42 1.99 7.05 157.64 2074.61
homfam kunitz 2266 10 53.752 64 37.9 98.6 98.6 93.3 92.9 198.5214 0:03:18 15170.12 105096.62 14686.14 14895.83 0.00 0.02 128.95 4.01
homfam Rhodanese 14049 6 102.277 216 22.7 67.4 75.8 42.7 47.5 1439.4960 0:23:59 14413.33 104243.25 13865.41 14074.45 1.98 11.27 151.07 2183.30
homfam sodcu 2038 7 141.322 169 42.2 90.3 90.7 75.9 79.8 418.7167 0:06:58 15126.94 104958.59 14694.62 14800.67 1.99 2.71 140.17 590.77
homfam profilin 687 5 123.371 144 39.7 92.6 92.6 82.0 83.0 255.9017 0:04:15 15194.29 105105.47 14954.90 15095.42 1.99 1.15 122.22 314.18
homfam glob 3983 41 100.684 174 31.7 94.2 94.1 64.7 68.3 470.8624 0:07:50 15089.70 105009.83 14816.96 14957.47 1.99 3.44 126.53 602.73
homfam tim 3904 10 205.645 260 47.5 96.9 96.9 89.6 93.7 1068.8943 0:17:48 14284.18 104110.21 13805.43 13922.89 1.99 5.31 149.27 1603.83
homfam uce 4558 13 134.701 184 34.0 90.3 91.7 65.1 72.1 694.8665 0:11:34 15121.25 105035.83 14725.82 14842.78 1.99 5.21 144.48 1008.47
homfam toxin 508 20 62.311 78 43.1 91.1 90.2 58.4 64.8 135.6677 0:02:15 15068.82 104955.38 14849.82 14990.36 1.99 0.81 94.77 130.05
homfam rub 1435 5 46.1575 54 62.1 98.4 98.4 92.6 93.5 181.0839 0:03:01 15093.68 105007.57 14727.04 14936.69 1.99 1.28 119.21 217.31
homfam hom 12037 8 53.4951 98 35.3 92.1 92.4 66.7 82.9 445.5318 0:07:25 15191.95 105016.72 14812.09 14918.28 1.99 7.03 135.80 609.62
homfam biotin_lipoyl 11833 7 71.8928 112 28.9 95.0 93.4 76.5 82.3 434.7627 0:07:14 14463.95 104315.46 13938.31 14147.17 1.99 7.96 124.00 540.49
homfam cys 4316 13 198.11 284 40.5 92.9 92.2 65.7 78.0 1313.8751 0:21:53 14259.61 104148.05 13918.40 14058.80 1.99 5.76 150.11 1977.88
homfam ghf11 521 5 167.758 202 49.5 93.4 93.2 84.4 85.8 383.5902 0:06:23 15164.81 105057.46 14815.49 14955.90 1.99 1.21 146.60 566.40
homfam blmb 17200 6 192.465 344 20.6 69.7 73.3 42.5 53.4 4012.0002 1:06:52 11321.07 103000.57 10929.68 11069.96 1.98 18.57 167.40 6725.68
homfam aadh 3127 8 225.129 542 38.2 86.2 89.5 53.5 59.2 1585.6799 0:26:25 15035.77 105023.70 14614.88 14823.52 1.99 4.22 160.50 2550.34
homfam DEATH 1183 7 80.5689 159 19.6 79.8 81.6 60.5 67.5 253.9086 0:04:13 15094.73 104980.50 14703.89 14912.96 1.99 1.38 123.79 315.78
homfam Sulfotransfer 2489 5 235.798 381 26.2 77.8 79.5 52.7 61.9 1745.9627 0:29:05 15048.00 105021.68 14679.20 14819.74 1.99 4.37 160.29 2806.92
homfam serpin 3144 8 291.462 418 34.3 96.0 95.2 83.2 89.5 1817.7198 0:30:17 15072.60 105047.75 14704.96 14810.95 1.99 6.79 151.44 2759.81
homfam proteasome 5732 17 174.347 309 21.7 85.4 83.1 43.8 65.4 850.6704 0:14:10 14861.54 104687.70 14520.39 14615.31 1.99 6.03 144.02 1232.66
homfam zf-CCHH 88345 15 23.2513 39 35.5 95.7 95.8 85.7 89.3 1246.2882 0:20:46 7112.61 102932.46 6747.34 6830.90 1.95 42.23 114.15 1424.55
homfam egf 7774 12 32.0765 71 31.1 76.4 78.2 33.8 41.8 309.0255 0:05:09 15090.11 105052.18 14708.07 14814.27 1.98 4.70 123.92 384.42
homfam annexin 3139 6 65.1902 323 57.2 99.4 99.8 99.1 99.0 611.6701 0:10:11 15058.94 104883.74 14680.74 14889.66 1.99 2.41 150.55 922.47
homfam OTCace 4795 5 157.005 350 37.3 95.4 95.7 84.0 87.3 799.3764 0:13:19 15036.24 104924.93 14556.98 14674.38 1.99 5.36 143.47 1148.38
homfam rnasemam 498 6 120.072 141 42.2 94.1 91.0 70.1 82.4 202.0669 0:03:22 15066.81 104982.45 14701.73 14842.27 1.99 1.27 130.65 265.51
homfam adh 21331 5 123.64 375 63.9 96.8 97.2 91.5 91.8 1995.3747 0:33:15 12338.61 103212.04 11932.69 12073.11 1.98 18.48 154.47 3081.63
homfam il8 1073 11 63.7623 81 34.5 90.7 90.1 58.4 66.9 229.9956 0:03:49 15067.20 104981.51 14690.61 14807.57 1.99 1.88 111.39 257.65
homfam hr 3707 5 65.1513 82 53.3 97.9 98.6 92.4 97.4 316.1719 0:05:16 15098.29 104933.77 14681.55 14822.02 1.99 2.81 125.35 397.86
homfam ChtBD 774 5 38.2713 45 59.3 99.3 99.0 95.3 97.1 151.3179 0:02:31 15069.93 104982.48 14673.57 14837.01 1.99 1.27 109.83 167.67
homfam gluts 10099 14 98.1117 235 39.4 91.0 91.1 63.1 66.0 1773.0935 0:29:33 15173.98 105090.32 14917.49 15057.95 1.98 8.23 164.05 2918.41
homfam ghf5 2717 6 260.466 470 17.8 66.2 66.4 36.8 51.7 2038.5206 0:33:58 13393.23 103308.52 12904.89 13113.61 1.99 4.09 160.88 3285.93
homfam ghf13 12607 10 264.452 626 26.8 55.9 72.8 24.3 33.8 6005.4400 1:40:05 9715.59 99907.09 9263.91 9380.63 2.73 0.75 167.41 10055.27
homfam PDZ 14950 6 80.8907 110 30.6 89.3 89.6 75.8 77.8 794.4616 0:13:14 12793.51 102619.29 12430.65 12570.95 1.98 10.63 129.99 1040.07
homfam az 1086 29 100.416 215 33.4 74.6 75.6 40.2 43.1 285.6183 0:04:45 15080.49 105045.50 14794.44 14934.72 1.99 1.38 126.72 368.51
homfam hla 13465 5 153.148 178 76.5 99.7 100.0 99.4 99.4 823.7479 0:13:43 15080.14 104993.84 14690.12 14899.08 1.99 13.35 112.50 928.07
homfam slectin 932 5 133.052 142 33.3 94.3 94.9 85.4 89.5 487.5385 0:08:07 15068.51 104982.49 14703.66 14844.28 1.99 1.69 136.56 673.45
homfam GEL 2195 5 78.1157 150 23.7 71.5 72.3 40.4 56.0 314.2268 0:05:14 15058.17 104882.60 14635.79 14752.78 1.99 2.25 129.71 414.41
homfam kringle 1091 9 75.9138 100 43.3 95.3 94.7 77.5 80.9 214.7524 0:03:34 15057.12 104882.50 14639.93 14756.95 1.99 1.53 122.81 264.81
homfam p450 21013 12 331.506 512 20.8 61.9 72.2 3.2 0.2 6111.2899 1:41:51 8921.04 103312.82 8727.87 8755.88 1.98 32.74 148.28 9057.37
homfam gpdh 7691 8 129.082 360 55.1 96.0 96.0 88.0 90.8 950.1018 0:15:50 15056.49 104953.24 14619.22 14828.19 1.99 7.68 150.25 1429.68
homfam int 7572 5 168.037 219 22.5 86.3 87.9 67.8 74.9 1498.2461 0:24:58 7345.30 103100.35 6842.18 6969.79 1.98 9.80 148.49 2231.84
homfam KAS 2070 6 174.528 404 31.7 78.4 81.9 54.2 62.3 725.5645 0:12:05 12755.51 102920.17 12272.81 12481.59 1.99 2.59 136.92 994.97
homfam trfl 837 7 242.315 702 61.9 95.3 95.7 89.3 89.5 1352.1156 0:22:32 15117.26 105006.51 14668.51 14877.40 1.99 1.59 157.00 2130.01
homfam TNF 556 5 119.903 176 32.0 80.6 82.0 65.6 71.2 219.6519 0:03:39 15069.96 104982.46 14704.33 14913.27 1.99 0.98 120.00 264.67
homfam scorptoxin 363 8 53.2562 74 46.3 88.9 88.5 68.5 76.1 142.8196 0:02:22 15056.66 104945.44 14664.37 14873.31 1.99 0.75 119.61 172.36
homfam aldosered 13277 7 268.547 386 41.6 86.3 88.8 67.4 74.7 3209.8678 0:53:29 15070.60 104959.81 14656.61 14865.06 1.98 18.66 151.39 4855.34
homfam rrm 27610 20 67.4587 157 22.9 84.0 83.8 22.5 30.7 819.3822 0:13:39 11742.75 101960.79 11289.16 11406.15 1.98 18.29 111.28 913.25
