homfam ricin 747 7 198.708 281 37.5 90.1 90.7 73.6 81.4 447.3463 0:07:27 6830.18 99909.50 6354.14 6507.09 1.99 1.71 153.21 693.70
homfam ghf10 1502 5 220.34 364 43.3 91.9 92.5 78.6 84.5 1075.8845 0:17:55 6917.80 103087.27 6552.15 6669.43 1.99 2.77 152.58 1648.68
homfam seatoxin 93 5 43.6344 54 42.6 65.7 64.0 10.2 9.7 141.2475 0:02:21 6388.69 99911.14 6023.50 6190.09 1.99 0.99 130.82 186.27
homfam mofe 2567 6 353.074 609 30.0 86.4 88.2 69.2 76.0 2681.6700 0:44:41 7191.60 103276.41 7057.13 7105.06 1.99 7.48 166.22 4455.83
homfam cyt3 385 6 92.3065 130 40.3 80.0 80.4 61.9 70.4 162.0729 0:02:42 6612.26 101958.48 6248.96 6412.19 1.99 0.89 112.82 184.34
homfam ins 793 6 65.2825 74 44.9 92.1 94.2 66.7 89.9 341.3476 0:05:41 6673.69 99913.14 6198.07 6336.76 1.99 1.43 136.09 472.59
homfam Ald_Xan_dh_2 2589 6 109.304 885 31.8 84.1 84.0 65.6 73.5 1800.5531 0:30:00 6490.09 102920.18 6417.75 6446.36 1.99 5.20 170.54 3072.17
homfam tms 2118 5 264.245 357 45.9 96.2 95.6 85.6 91.1 1271.6329 0:21:11 7022.48 103183.34 6657.52 6822.20 1.99 5.15 154.80 1976.74
homfam phc 2957 12 98.4711 179 37.2 92.8 93.2 75.4 79.0 419.8252 0:06:59 6705.18 102919.14 6340.65 6505.40 1.99 2.73 148.15 630.43
homfam cytb 3206 6 82.1454 100 35.6 93.3 93.3 76.1 82.8 634.7676 0:10:34 6662.91 101957.82 6297.28 6380.87 1.99 3.06 158.93 1015.84
homfam mmp 1427 6 157.93 180 55.1 95.8 96.5 86.4 91.5 708.2519 0:11:48 6928.04 99913.16 6668.16 6697.02 1.99 1.98 155.06 1103.86
homfam phoslip 946 18 113.33 137 48.9 94.8 94.3 72.8 83.1 230.7878 0:03:50 6648.61 102919.54 6172.87 6311.64 1.99 1.95 144.53 335.51
homfam HLH 6781 5 53.5453 92 28.1 87.4 91.1 65.5 77.1 457.5338 0:07:37 6693.20 102923.88 6327.21 6492.21 1.99 4.14 153.30 709.68
homfam myb_DNA-binding 10398 5 46.5583 61 40.7 94.4 93.3 78.6 84.0 319.2609 0:05:19 6690.65 99910.30 6601.23 6629.77 1.98 5.93 135.89 435.34
homfam msb 4884 8 106.037 158 26.6 86.0 85.8 60.7 74.0 353.2800 0:05:53 6802.48 99912.25 6436.98 6601.97 1.98 4.46 136.37 488.90
homfam ghf1 4358 8 403.813 562 38.4 91.5 91.6 69.8 78.2 3611.2690 1:00:11 7655.34 103284.99 7289.97 7456.67 1.99 7.88 159.50 5759.78
homfam rvp 93681 6 94.2886 132 36.6 74.2 74.4 40.5 45.7 892.9518 0:14:52 8410.90 103067.64 8093.23 8234.10 1.99 58.34 141.97 1267.24
homfam lyase_1 7632 5 295.082 511 30.9 83.7 83.8 66.8 71.7 2031.1382 0:33:51 7365.32 96895.05 6999.60 7164.70 1.99 10.09 155.23 3155.25
homfam ldh 7367 14 121.378 371 31.9 88.9 88.4 58.4 69.9 845.6154 0:14:05 6913.43 103243.94 6438.16 6658.17 1.99 7.10 149.25 1269.24
homfam subt 7517 11 301.598 414 39.5 78.4 79.5 33.9 43.7 6952.1162 1:55:52 7667.97 103135.58 7192.07 7331.13 1.98 12.23 176.64 12283.94
homfam sodfe 4455 8 77.4471 219 42.3 91.5 90.4 66.0 69.5 458.0270 0:07:38 6646.87 99909.83 6432.59 6461.32 1.99 3.33 151.50 695.30
homfam LIM 6428 5 57.0143 86 52.8 98.5 98.5 90.2 98.4 269.6387 0:04:29 6624.72 103256.11 6149.16 6322.77 1.99 4.21 124.84 338.06
homfam blm 9105 8 300.727 274 39.1 67.0 69.6 38.2 39.7 3333.0353 0:55:33 7600.89 103300.72 7123.96 7263.11 1.98 13.27 165.33 5518.61
homfam DMRL_synthase 2099 5 140.59 182 33.2 92.8 89.9 74.6 83.3 307.8540 0:05:07 6792.73 101959.80 6427.50 6592.33 1.99 2.29 140.54 434.12
homfam tRNA-synt_2b 11293 5 177.564 467 18.7 54.4 52.8 28.5 40.0 2164.0404 0:36:04 7286.33 103181.62 6994.90 7086.23 1.99 11.58 174.34 3778.98
homfam Stap_Strp_toxin 640 6 87.3922 254 32.5 82.0 81.7 49.8 56.1 389.3166 0:06:29 6747.00 102921.25 6270.95 6409.68 1.99 1.38 153.77 603.92
homfam Acetyltransf 46285 6 82.9897 229 24.1 64.3 66.6 38.6 45.0 2943.7508 0:49:03 7855.11 103003.60 7379.24 7522.08 1.96 34.03 186.00 5483.20
homfam ghf22 760 12 107.567 131 51.4 94.0 94.2 81.5 85.2 196.6585 0:03:16 6610.31 102921.28 6134.29 6254.65 1.99 1.42 118.63 234.28
homfam sdr 50157 13 163.253 361 23.3 71.7 72.3 35.0 44.6 2657.2849 0:44:17 8065.26 103011.64 7589.52 7755.42 1.96 55.30 154.85 4111.32
homfam ltn 1068 12 204.148 282 49.9 92.6 93.0 69.6 78.7 576.0452 0:09:36 6862.84 103069.80 6635.62 6664.46 1.99 2.16 154.01 894.87
homfam hpr 3349 5 83.0427 89 44.4 99.3 99.3 97.7 98.5 230.8847 0:03:50 6648.97 102058.30 6283.91 6379.50 1.99 3.66 141.59 328.34
homfam bowman 499 5 26.1443 73 64.9 94.2 94.2 82.9 84.9 127.7716 0:02:07 6469.33 99909.36 6151.77 6293.07 1.99 0.76 104.23 134.72
homfam hip 167 5 66.2096 88 33.4 86.4 85.4 66.7 75.2 154.8479 0:02:34 6471.04 101958.44 6106.02 6270.93 1.99 0.70 119.38 186.45
homfam HMG_box 4779 5 66.0716 89 24.8 93.9 93.4 77.8 85.4 242.4843 0:04:02 6607.48 102927.46 6541.49 6570.25 1.99 3.32 138.89 338.28
homfam icd 5678 5 328.887 433 41.7 94.5 94.8 84.8 88.0 2903.9176 0:48:23 7481.98 103121.67 7006.26 7164.65 1.99 8.74 162.29 4721.30
homfam peroxidase 4514 5 256.626 383 37.3 80.5 81.4 51.0 54.3 2617.6211 0:43:37 7197.89 103168.75 6832.40 6934.59 1.99 13.85 179.51 4696.71
homfam asp 3262 13 284.142 381 37.5 90.5 91.2 70.6 77.0 1535.9459 0:25:35 7141.77 102958.34 6984.42 7013.15 1.99 5.39 162.17 2499.24
homfam flav 4612 6 138.021 183 35.0 79.4 80.8 51.4 51.2 793.6731 0:13:13 6792.57 102936.70 6394.38 6559.30 1.99 4.23 161.70 1291.22
homfam cah 1379 5 212.706 279 38.7 87.2 87.7 67.5 74.4 672.5438 0:11:12 6875.36 101958.75 6399.60 6524.21 1.99 2.40 153.86 1036.24
homfam ace 3989 6 427.824 601 37.3 85.9 86.5 68.0 75.1 4248.3848 1:10:48 7772.77 103256.29 7296.62 7439.88 1.98 8.25 162.03 6888.19
homfam sti 613 5 165.383 198 36.4 87.6 87.2 68.5 75.8 231.8415 0:03:51 6741.27 96281.91 6655.89 6684.69 1.99 1.14 140.67 327.63
homfam aat 25100 10 337.807 476 28.6 76.4 77.6 34.8 40.1 5479.1670 1:31:19 8494.45 103195.46 8018.98 8157.92 1.98 35.88 161.24 8837.34
homfam oxidored_q6 3348 5 123.044 285 56.7 89.3 91.2 79.3 81.0 721.2742 0:12:01 6784.24 101957.96 6308.84 6528.84 1.99 3.20 156.12 1134.52
homfam hormone_rec 3509 5 188.562 308 21.5 71.6 72.4 48.8 62.6 958.1927 0:15:58 6990.35 99909.81 6624.95 6789.97 1.99 3.82 157.21 1513.13
homfam rhv 17976 6 143.424 938 33.1 58.7 59.4 31.8 39.7 8982.9322 2:29:42 7116.41 98711.18 6640.07 6861.25 1.99 15.35 170.74 15345.06
homfam tgfb 1606 8 95.4645 118 43.8 82.5 86.7 31.6 39.1 242.0008 0:04:02 6568.88 97991.38 6092.77 6231.56 1.99 1.89 136.63 332.29
homfam cryst 1160 7 80.8078 192 44.4 92.3 92.2 73.5 76.1 261.7161 0:04:21 6833.93 99913.13 6358.43 6497.20 1.99 1.66 147.00 386.23
homfam cyclo 6288 6 159.069 203 44.1 88.2 88.5 73.5 76.7 1147.3317 0:19:07 6946.19 103204.25 6739.50 6768.16 1.99 8.54 164.67 1897.45
homfam kunitz 2266 10 53.752 64 37.9 97.5 97.5 88.3 87.5 171.5226 0:02:51 6563.88 99653.36 6088.33 6254.81 1.99 2.23 135.03 233.09
homfam Rhodanese 14049 6 102.277 216 22.7 69.4 74.3 53.1 54.3 1119.6691 0:18:39 6914.51 101961.56 6548.19 6713.76 1.98 11.37 165.02 1851.97
homfam sodcu 2038 7 141.322 169 42.2 87.1 87.6 68.7 73.2 364.0952 0:06:04 6960.41 102919.20 6484.47 6704.66 1.99 2.40 145.76 538.12
homfam profilin 687 5 123.371 144 39.7 93.8 93.8 85.2 85.9 234.5944 0:03:54 6773.44 97704.30 6544.66 6594.46 1.99 1.16 143.79 344.83
homfam glob 3983 41 100.684 174 31.7 96.8 96.5 70.6 74.0 355.2345 0:05:55 6811.34 102919.47 6335.45 6555.60 1.99 3.41 136.86 493.93
homfam tim 3904 10 205.645 260 47.5 98.0 97.9 93.1 96.2 1089.9513 0:18:09 6965.81 103140.06 6818.51 6847.28 1.99 6.91 150.70 1643.84
homfam uce 4558 13 134.701 184 34.0 90.6 89.6 56.0 64.9 467.5831 0:07:47 7070.66 101960.21 6704.91 6869.95 1.99 4.20 152.66 722.88
homfam toxin 508 20 62.311 78 43.1 88.1 86.7 53.2 59.6 117.1574 0:01:57 6383.93 99911.14 5908.88 6047.46 1.99 1.16 120.64 142.40
homfam rub 1435 5 46.1575 54 62.1 98.4 98.4 92.6 93.5 154.1055 0:02:34 6514.70 101958.53 6190.38 6330.97 1.99 1.29 119.00 184.36
homfam hom 12037 8 53.4951 98 35.3 93.9 93.7 68.1 83.3 313.1952 0:05:13 6696.84 103760.04 6220.96 6441.10 1.99 8.19 135.42 425.56
homfam biotin_lipoyl 11833 7 71.8928 112 28.9 94.6 93.0 75.3 81.0 321.7963 0:05:21 6811.41 103036.19 6335.81 6478.09 1.99 8.26 133.63 431.49
homfam cys 4316 13 198.11 284 40.5 93.3 93.0 69.4 78.8 974.2280 0:16:14 7064.39 103028.97 6588.51 6808.65 1.99 5.82 164.62 1603.78
homfam ghf11 521 5 167.758 202 49.5 93.6 93.5 82.8 84.6 363.3898 0:06:03 6725.07 102919.62 6258.12 6423.86 1.99 1.52 147.02 535.79
homfam blmb 17200 6 192.465 344 20.6 68.7 73.1 42.9 51.1 3131.1033 0:52:11 7597.14 103119.84 7121.08 7341.36 1.98 19.12 178.13 5583.06
homfam aadh 3127 8 225.129 542 38.2 84.6 85.2 48.5 54.3 1483.2128 0:24:43 6898.64 103179.77 6422.43 6542.83 1.99 4.61 163.79 2436.43
homfam DEATH 1183 7 80.5689 159 19.6 76.5 76.7 52.4 56.5 223.1227 0:03:43 6720.33 102921.25 6355.18 6520.12 1.99 1.32 127.85 286.71
homfam Sulfotransfer 2489 5 235.798 381 26.2 73.8 74.8 42.2 50.9 1672.4322 0:27:52 6913.46 103200.95 6437.62 6557.92 1.99 4.28 169.29 2838.66
homfam serpin 3144 8 291.462 418 34.3 95.4 95.1 82.2 89.0 2248.0749 0:37:28 7357.84 103308.36 6916.73 7101.86 1.99 4.64 163.22 3678.03
homfam proteasome 5732 17 174.347 309 21.7 83.1 81.2 36.6 54.7 791.1473 0:13:11 6939.67 103247.67 6515.79 6627.33 1.99 6.11 154.47 1230.70
homfam zf-CCHH 88345 15 23.2513 39 35.5 97.1 96.5 88.6 93.0 463.2963 0:07:43 7167.76 103253.43 6802.50 6967.33 1.95 41.87 127.78 593.48
homfam egf 7774 12 32.0765 71 31.1 78.7 78.6 33.8 36.8 214.9224 0:03:34 6497.71 97798.04 6021.98 6160.69 1.98 4.75 130.52 281.99
homfam annexin 3139 6 65.1902 323 57.2 99.6 99.8 99.4 99.4 549.2735 0:09:09 6666.64 102930.54 6301.53 6466.40 1.99 2.35 157.82 868.24
homfam OTCace 4795 5 157.005 350 37.3 93.8 94.0 82.8 84.9 700.7687 0:11:40 6844.86 99911.25 6369.59 6493.95 1.99 5.43 154.80 1091.23
homfam rnasemam 498 6 120.072 141 42.2 93.3 90.1 70.9 83.9 179.4766 0:02:59 6816.45 99909.49 6751.01 6779.78 1.99 0.98 129.46 233.76
homfam adh 21331 5 123.64 375 63.9 37.5 57.1 10.4 10.3 1469.1787 0:24:29 7159.41 103116.71 6683.58 6903.72 1.98 18.66 162.82 2395.13
homfam il8 1073 11 63.7623 81 34.5 92.6 91.8 63.6 73.6 168.2525 0:02:48 6493.91 102919.66 6128.86 6212.35 1.99 1.41 107.57 182.54
homfam hr 3707 5 65.1513 82 53.3 99.1 99.1 94.9 99.1 246.4181 0:04:06 6604.55 99913.13 6129.14 6272.00 1.99 2.90 134.92 336.82
homfam ChtBD 774 5 38.2713 45 59.3 99.3 99.0 95.3 97.1 129.6057 0:02:09 6453.86 99913.07 6088.81 6253.74 1.99 0.97 100.93 132.31
homfam gluts 10099 14 98.1117 235 39.4 36.7 51.5 6.0 5.8 1507.5565 0:25:07 6913.48 103076.75 6699.66 6728.45 1.98 8.05 166.45 2516.53
homfam ghf5 2717 6 260.466 470 17.8 68.1 68.9 36.0 51.3 1834.7590 0:30:34 7167.06 103261.61 7076.94 7105.71 1.99 4.12 165.19 3037.10
homfam ghf13 12607 10 264.452 626 26.8 63.8 63.1 27.3 38.0 5329.1660 1:28:49 7698.67 103296.58 7460.16 7522.49 1.99 43.10 177.72 9467.26
homfam PDZ 14950 6 80.8907 110 30.6 88.1 88.2 73.7 76.6 595.4237 0:09:55 7124.82 103264.91 6759.19 6924.19 1.98 10.82 158.44 949.43
homfam az 1086 29 100.416 215 33.4 73.4 73.7 40.2 43.1 256.3412 0:04:16 6755.51 102926.46 6390.53 6555.31 1.99 1.36 130.49 335.97
homfam hla 13465 5 153.148 178 76.5 100.0 100.0 100.0 100.0 670.5005 0:11:10 7279.75 101960.96 6914.18 7079.16 1.99 13.63 137.15 921.15
homfam slectin 932 5 133.052 142 33.3 94.6 94.4 86.1 89.7 398.3875 0:06:38 6744.87 99908.44 6379.33 6462.84 1.99 1.70 157.32 633.07
homfam GEL 2195 5 78.1157 150 23.7 69.0 69.2 37.0 52.8 267.9677 0:04:27 6655.12 99397.36 6265.26 6384.57 1.99 2.25 143.79 390.08
homfam kringle 1091 9 75.9138 100 43.3 94.9 94.0 78.7 82.2 185.0246 0:03:05 6653.13 101992.27 6287.54 6371.13 1.99 1.58 125.98 234.52
homfam p450 21013 12 331.506 512 20.8 69.8 69.8 36.3 45.8 6111.2011 1:41:51 8679.55 103315.50 8203.57 8342.36 1.98 32.86 162.55 9936.53
homfam gpdh 7691 8 129.082 360 55.1 96.2 96.2 88.3 91.1 886.7777 0:14:46 6882.38 103286.79 6517.54 6682.22 1.99 7.87 156.29 1387.39
homfam int 7572 5 168.037 219 22.5 88.5 89.9 71.8 77.7 1358.0226 0:22:38 7047.88 103122.53 6682.46 6847.41 1.98 8.16 170.47 2318.07
homfam KAS 2070 6 174.528 404 31.7 76.8 78.8 50.5 61.1 580.8896 0:09:40 7046.66 96614.94 6571.05 6791.30 1.99 2.50 151.48 880.89
homfam trfl 837 7 242.315 702 61.9 94.5 95.9 88.6 88.2 1401.1470 0:23:21 7003.18 102923.33 6638.08 6802.99 1.99 1.54 154.35 2164.11
homfam TNF 556 5 119.903 176 32.0 82.2 82.1 60.5 67.4 198.5638 0:03:18 6775.69 102918.61 6299.72 6442.52 1.99 1.30 116.46 232.63
homfam scorptoxin 363 8 53.2562 74 46.3 90.3 89.8 71.2 79.8 123.7671 0:02:03 6517.46 97861.45 6085.61 6284.05 1.99 0.76 106.78 133.68
homfam aldosered 13277 7 268.547 386 41.6 87.1 89.3 68.0 75.4 3087.4441 0:51:27 7734.29 99139.96 7367.56 7534.11 1.98 18.51 164.99 5095.62
homfam rrm 27610 20 67.4587 157 22.9 82.5 82.4 17.1 22.7 435.4668 0:07:15 6940.40 102991.84 6463.93 6603.01 1.98 17.91 139.47 608.83
