homfam ricin 747 7 198.708 281 37.5 91.0 91.5 75.8 83.3 364.8315 0:06:04 8009.48 98825.26 7556.79 7696.98 1.99 1.39 138.59 514.18
homfam ghf10 1502 5 220.34 364 43.3 93.7 93.7 82.7 88.6 700.6124 0:11:40 7950.52 103261.81 7698.62 7840.71 1.99 2.81 145.06 1024.99
homfam seatoxin 93 5 43.6344 54 42.6 65.3 63.5 8.2 8.3 170.8494 0:02:50 8007.33 99909.20 7573.09 7714.00 1.99 1.01 126.62 217.22
homfam mofe 2567 6 353.074 609 30.0 84.5 86.4 67.7 75.0 2029.6076 0:33:49 7972.09 99384.80 7654.11 7794.39 0.00 0.46 149.68 3046.86
homfam cyt3 385 6 92.3065 130 40.3 81.9 82.1 61.9 70.7 234.2745 0:03:54 8014.42 99912.00 7556.55 7662.30 1.99 0.92 120.57 286.28
homfam ins 793 6 65.2825 74 44.9 86.3 87.6 53.6 75.7 336.4856 0:05:36 7975.92 101959.49 7589.88 7707.10 2.00 1.42 141.17 483.37
homfam Ald_Xan_dh_2 2589 6 109.304 885 31.8 83.7 83.9 64.3 72.6 1399.8658 0:23:19 7947.13 103121.47 7495.42 7658.30 1.99 2.66 163.63 2299.95
homfam tms 2118 5 264.245 357 45.9 94.9 94.6 83.2 89.7 1081.1502 0:18:01 8000.18 103300.54 7548.04 7665.41 1.99 3.62 154.37 1678.54
homfam phc 2957 12 98.4711 179 37.2 91.8 92.1 70.4 73.8 404.1412 0:06:44 7994.81 101993.28 7607.18 7724.31 1.99 2.66 134.26 552.81
homfam cytb 3206 6 82.1454 100 35.6 87.8 89.0 66.3 73.5 687.3088 0:11:27 8022.00 99912.13 7527.47 7633.25 1.99 2.71 152.79 1057.38
homfam mmp 1427 6 157.93 180 55.1 96.0 96.8 87.0 92.7 611.0052 0:10:11 8019.07 99908.57 7561.38 7701.43 1.99 1.99 157.14 970.18
homfam phoslip 946 18 113.33 137 48.9 94.7 94.6 73.5 84.0 248.4431 0:04:08 7942.43 102918.59 7622.28 7716.57 2.00 1.37 119.94 303.26
homfam HLH 6781 5 53.5453 92 28.1 88.9 94.0 65.5 77.1 460.8413 0:07:40 8003.33 101959.11 7562.89 7680.11 1.99 4.45 147.19 687.71
homfam myb_DNA-binding 10398 5 46.5583 61 40.7 95.2 94.1 80.4 86.0 313.3925 0:05:13 7987.20 99912.18 7535.92 7744.90 1.98 5.93 126.11 400.61
homfam msb 4884 8 106.037 158 26.6 86.5 88.6 63.4 76.2 350.9526 0:05:50 8007.77 103192.75 7551.55 7760.70 1.98 4.39 134.51 480.39
homfam ghf1 4358 8 403.813 562 38.4 93.4 93.3 74.6 82.6 2365.1684 0:39:25 8083.88 103201.83 7566.54 7683.52 1.99 7.84 158.45 3752.16
homfam rvp 93681 6 94.2886 132 36.6 84.2 83.8 60.4 68.0 968.1798 0:16:08 8088.20 103224.65 7614.34 7720.09 1.99 58.87 120.29 1167.17
homfam lyase_1 7632 5 295.082 511 30.9 73.8 76.3 53.1 54.4 1401.0783 0:23:21 7999.05 103245.36 7680.73 7821.01 5.99 10.24 149.83 2104.11
homfam ldh 7367 14 121.378 371 31.9 89.4 89.1 57.6 68.4 685.8578 0:11:25 7983.04 103147.15 7527.45 7644.26 1.99 7.39 137.15 945.72
homfam subt 7517 11 301.598 414 39.5 76.9 79.9 30.9 43.0 6213.6994 1:43:33 7892.79 99406.21 7431.04 7570.85 1.98 12.42 175.95 10941.05
homfam sodfe 4455 8 77.4471 219 42.3 91.7 90.6 65.6 70.4 448.2092 0:07:28 8004.50 102057.36 7502.32 7665.27 1.99 3.39 148.00 670.66
homfam LIM 6428 5 57.0143 86 52.8 97.3 97.3 86.6 94.2 291.7907 0:04:51 7999.15 97959.70 7567.20 7715.20 1.99 5.79 126.30 370.72
homfam blm 9105 8 300.727 274 39.1 67.8 96.8 27.0 27.1 3861.5869 1:04:21 7958.62 103159.55 7637.90 7778.31 1.98 13.25 178.15 6879.15
homfam DMRL_synthase 2099 5 140.59 182 33.2 93.6 90.7 75.1 84.0 283.8376 0:04:43 7949.92 101263.50 7493.90 7657.07 1.99 2.24 121.68 346.99
homfam tRNA-synt_2b 11293 5 177.564 467 18.7 52.3 50.6 22.7 31.6 1711.3560 0:28:31 8003.27 103607.35 7545.20 7685.30 1.99 11.46 173.28 2972.46
homfam Stap_Strp_toxin 640 6 87.3922 254 32.5 80.5 80.1 47.3 53.7 301.8756 0:05:01 7947.78 99913.12 7559.86 7699.65 1.99 1.26 137.41 416.28
homfam Acetyltransf 46285 6 82.9897 229 24.1 63.5 63.8 32.3 42.9 3074.3859 0:51:14 8002.28 103136.22 7546.24 7652.08 1.96 34.12 179.84 5532.30
homfam ghf22 760 12 107.567 131 51.4 94.3 94.5 83.8 87.2 226.9676 0:03:46 8014.13 102025.27 7560.78 7705.71 1.99 1.42 112.46 256.75
homfam sdr 50157 13 163.253 361 23.3 64.2 67.4 24.3 30.5 1839.1210 0:30:39 7962.17 103297.60 7504.78 7713.68 1.97 114.41 150.40 2759.70
homfam ltn 1068 12 204.148 282 49.9 94.3 94.6 71.5 80.8 487.6960 0:08:07 7997.41 103205.70 7544.77 7707.96 1.99 1.90 145.25 718.00
homfam hpr 3349 5 83.0427 89 44.4 99.3 99.3 97.7 98.5 303.4358 0:05:03 7982.22 99912.16 7593.93 7699.74 1.99 2.72 116.81 364.12
homfam bowman 499 5 26.1443 73 64.9 94.5 94.5 82.9 84.9 164.5739 0:02:44 7945.82 102949.88 7488.08 7605.27 1.99 0.74 94.29 156.73
homfam hip 167 5 66.2096 88 33.4 83.7 83.2 57.1 67.8 191.5905 0:03:11 7969.93 99911.12 7593.71 7699.65 1.99 0.98 108.54 208.97
homfam HMG_box 4779 5 66.0716 89 24.8 97.3 96.2 85.2 93.9 238.7634 0:03:58 8039.47 99912.12 7545.70 7708.57 1.99 3.18 125.92 301.65
homfam icd 5678 5 328.887 433 41.7 94.9 95.0 86.5 89.6 2175.5983 0:36:15 7956.70 102940.86 7568.35 7674.08 1.99 8.33 159.38 3465.93
homfam peroxidase 4514 5 256.626 383 37.3 81.4 82.5 53.0 57.3 2300.0978 0:38:20 7989.47 102975.30 7497.20 7614.21 1.99 6.81 171.60 3955.95
homfam asp 3262 13 284.142 381 37.5 90.9 91.1 73.5 80.4 1467.3512 0:24:27 8045.21 103175.70 7560.06 7700.25 1.99 5.56 156.89 2306.86
homfam flav 4612 6 138.021 183 35.0 84.7 85.0 55.4 62.5 621.0132 0:10:21 7998.50 99911.04 7542.94 7751.78 1.99 4.25 138.85 872.31
homfam cah 1379 5 212.706 279 38.7 88.6 89.1 67.5 75.2 507.8613 0:08:27 8050.59 99911.15 7556.12 7661.97 1.99 4.09 145.51 746.54
homfam ace 3989 6 427.824 601 37.3 87.9 88.8 70.1 76.5 2948.5329 0:49:08 8001.91 103255.36 7546.58 7663.63 1.98 7.98 160.56 4736.44
homfam sti 613 5 165.383 198 36.4 89.4 88.7 71.2 78.8 263.9829 0:04:23 7944.29 102920.88 7494.74 7611.74 1.99 1.46 132.45 354.16
homfam aat 25100 10 337.807 476 28.6 81.3 82.6 55.4 62.1 3948.0713 1:05:48 8173.80 103322.27 7671.00 7905.52 1.98 36.08 150.27 5939.71
homfam oxidored_q6 3348 5 123.044 285 56.7 92.1 92.4 85.0 86.3 638.8770 0:10:38 7979.29 102919.48 7527.38 7667.58 1.99 3.30 157.64 1017.90
homfam hormone_rec 3509 5 188.562 308 21.5 75.5 77.1 53.7 68.6 761.4681 0:12:41 7947.14 103058.74 7562.92 7772.06 1.99 4.00 155.53 1191.90
homfam rhv 17976 6 143.424 938 33.1 62.3 67.8 34.5 42.5 5818.8099 1:36:58 7939.39 102925.03 7481.14 7586.86 13.99 15.63 163.09 9492.24
homfam tgfb 1606 8 95.4645 118 43.8 85.2 90.7 44.4 47.1 222.0034 0:03:42 7994.98 102989.59 7539.25 7644.88 1.99 1.54 113.63 253.89
homfam cryst 1160 7 80.8078 192 44.4 91.9 91.8 69.1 71.7 235.6098 0:03:55 8025.32 97852.20 7566.89 7707.76 1.99 1.26 131.31 310.92
homfam cyclo 6288 6 159.069 203 44.1 88.0 89.5 73.0 77.0 1142.0551 0:19:02 7946.57 103174.66 7562.25 7679.30 1.99 7.62 154.43 1774.04
homfam kunitz 2266 10 53.752 64 37.9 97.5 97.5 88.3 87.5 195.5947 0:03:15 8016.30 99910.67 7559.84 7665.68 1.99 2.18 104.93 206.69
homfam Rhodanese 14049 6 102.277 216 22.7 73.8 81.1 51.0 59.2 1085.1467 0:18:05 7988.95 102921.68 7539.95 7679.61 1.98 11.85 163.39 1775.87
homfam sodcu 2038 7 141.322 169 42.2 90.8 91.2 73.5 81.2 328.3099 0:05:28 8008.65 102090.73 7550.88 7761.57 1.99 2.61 119.50 399.59
homfam profilin 687 5 123.371 144 39.7 94.2 94.2 85.9 86.8 259.6902 0:04:19 7992.85 99910.41 7536.45 7677.22 1.99 1.78 137.95 359.81
homfam glob 3983 41 100.684 174 31.7 96.6 96.4 62.9 70.5 342.0828 0:05:42 8004.26 98280.79 7632.81 7773.89 1.99 3.37 128.18 448.45
homfam tim 3904 10 205.645 260 47.5 97.3 97.3 90.3 94.6 805.0646 0:13:25 7949.48 103279.30 7494.03 7703.19 1.99 4.93 155.02 1247.17
homfam uce 4558 13 134.701 184 34.0 90.7 92.6 68.7 76.0 596.8671 0:09:56 8021.40 102931.27 7527.59 7736.41 1.99 4.30 161.16 963.76
homfam toxin 508 20 62.311 78 43.1 93.6 91.6 64.9 72.8 174.1229 0:02:54 7976.70 101959.48 7588.32 7728.46 1.99 0.84 119.89 210.33
homfam rub 1435 5 46.1575 54 62.1 97.6 97.6 88.9 90.2 165.0164 0:02:45 8026.23 98247.34 7573.55 7713.68 1.99 1.57 95.63 159.35
homfam hom 12037 8 53.4951 98 35.3 96.9 96.4 75.4 91.0 295.9546 0:04:55 8021.01 99912.15 7552.52 7761.18 1.99 6.50 133.44 400.26
homfam biotin_lipoyl 11833 7 71.8928 112 28.9 94.6 93.0 75.3 81.0 330.2697 0:05:30 8041.21 103553.93 7546.41 7686.79 1.99 8.53 130.60 432.82
homfam cys 4316 13 198.11 284 40.5 95.0 94.6 73.5 83.3 853.0203 0:14:13 7984.06 103130.14 7627.33 7767.66 1.99 5.97 154.61 1326.15
homfam ghf11 521 5 167.758 202 49.5 93.2 93.0 82.3 83.0 285.5020 0:04:45 8008.26 99910.52 7574.11 7737.58 1.99 1.44 125.70 360.41
homfam blmb 17200 6 192.465 344 20.6 69.7 75.0 42.5 55.1 3180.4722 0:53:00 7950.09 102995.98 7521.82 7719.20 1.98 19.08 177.77 5661.28
homfam aadh 3127 8 225.129 542 38.2 84.1 87.0 52.2 57.9 1176.5625 0:19:36 7984.52 103182.96 7529.21 7738.15 1.99 6.19 155.14 1833.78
homfam DEATH 1183 7 80.5689 159 19.6 84.5 85.8 53.2 72.1 222.0296 0:03:42 8001.07 102997.61 7543.39 7660.38 1.99 1.60 115.53 257.98
homfam Sulfotransfer 2489 5 235.798 381 26.2 71.9 73.9 48.6 58.2 1282.7106 0:21:22 7947.49 103250.38 7492.48 7701.22 1.99 3.97 162.40 2093.40
homfam serpin 3144 8 291.462 418 34.3 95.7 95.0 83.2 90.1 1477.6954 0:24:37 8011.88 103195.58 7559.31 7699.43 0.00 0.02 157.67 9.01
homfam proteasome 5732 17 174.347 309 21.7 85.5 85.2 46.2 68.1 771.4658 0:12:51 7955.66 98845.46 7500.95 7709.67 4.00 0.44 95.75 748.11
homfam zf-CCHH 88345 15 23.2513 39 35.5 95.5 94.8 77.1 85.3 542.1996 0:09:02 8067.55 99912.03 7611.28 7820.53 1.94 42.40 126.14 685.46
homfam egf 7774 12 32.0765 71 31.1 79.3 82.7 36.8 41.9 237.2660 0:03:57 8002.19 101959.09 7553.05 7716.52 1.99 4.86 123.37 299.20
homfam annexin 3139 6 65.1902 323 57.2 93.2 94.2 85.2 85.6 455.3636 0:07:35 8007.45 99912.15 7574.57 7737.72 1.99 2.36 148.69 678.64
homfam OTCace 4795 5 157.005 350 37.3 93.4 94.5 82.8 85.1 637.0273 0:10:37 7981.48 103062.07 7529.80 7738.43 1.99 5.00 143.98 923.23
homfam rnasemam 498 6 120.072 141 42.2 93.0 90.2 70.9 81.9 214.0272 0:03:34 7947.66 97777.25 7564.71 7704.33 1.99 1.25 120.33 259.09
homfam adh 21331 5 123.64 375 63.9 98.1 98.4 95.5 95.8 1421.1230 0:23:41 7977.91 102349.17 7521.36 7730.58 1.98 18.79 160.28 2287.75
homfam il8 1073 11 63.7623 81 34.5 93.7 93.2 67.5 76.9 186.5844 0:03:06 7995.17 99914.57 7675.00 7769.79 1.99 1.11 110.31 207.44
homfam hr 3707 5 65.1513 82 53.3 99.1 99.1 94.9 99.1 283.8107 0:04:43 7993.80 102918.29 7495.65 7635.93 1.99 4.41 103.28 295.88
homfam ChtBD 774 5 38.2713 45 59.3 98.3 98.1 93.0 94.7 163.2855 0:02:43 7994.04 101993.27 7536.62 7642.10 1.99 0.95 96.08 158.66
homfam gluts 10099 14 98.1117 235 39.4 89.2 89.8 64.8 68.4 1238.0789 0:20:38 7979.13 102920.66 7521.79 7661.62 1.98 8.30 172.57 2138.24
homfam ghf5 2717 6 260.466 470 17.8 67.5 69.4 39.6 55.2 1368.4168 0:22:48 8011.31 103286.38 7692.73 7832.98 1.99 5.93 158.33 2176.29
homfam ghf13 12607 10 264.452 626 26.8 64.5 65.6 28.0 38.7 4513.6305 1:15:13 8027.85 103287.70 7571.68 7688.91 1.99 16.81 176.46 7970.34
homfam PDZ 14950 6 80.8907 110 30.6 84.8 85.9 62.6 71.4 580.7978 0:09:40 7957.88 102938.78 7637.32 7777.77 1.98 10.89 142.21 833.06
homfam az 1086 29 100.416 215 33.4 78.9 79.5 41.8 46.3 252.0427 0:04:12 7977.07 102949.96 7524.89 7642.12 1.99 1.40 119.73 308.47
homfam hla 13465 5 153.148 178 76.5 100.0 100.0 100.0 100.0 522.2109 0:08:42 8026.45 97960.20 7571.11 7710.92 1.99 13.78 121.52 636.09
homfam slectin 932 5 133.052 142 33.3 94.0 94.3 85.4 89.5 360.1399 0:06:00 8051.02 102922.72 7558.16 7697.85 1.99 1.36 129.13 475.62
homfam GEL 2195 5 78.1157 150 23.7 68.5 76.3 41.8 57.1 267.5384 0:04:27 8018.79 102090.27 7523.25 7686.37 1.99 1.93 136.15 375.41
homfam kringle 1091 9 75.9138 100 43.3 95.6 94.5 79.8 85.3 197.2725 0:03:17 8049.89 102919.82 7571.42 7690.15 1.99 1.54 105.42 209.54
homfam p450 21013 12 331.506 512 20.8 66.9 74.3 9.4 8.5 3947.7811 1:05:47 8472.91 103217.05 7970.40 8144.70 1.98 33.13 157.84 6234.88
homfam gpdh 7691 8 129.082 360 55.1 96.2 96.0 88.5 91.4 754.1957 0:12:34 8050.22 103653.98 7611.90 7820.95 1.99 7.93 156.14 1177.85
homfam int 7572 5 168.037 219 22.5 88.3 89.3 70.3 78.4 1219.7773 0:20:19 7999.80 99912.29 7548.11 7757.12 1.98 8.07 166.44 2036.50
homfam KAS 2070 6 174.528 404 31.7 86.9 86.0 69.2 75.0 581.7689 0:09:41 7952.33 102918.24 7499.67 7639.51 1.99 2.88 131.26 765.05
homfam trfl 837 7 242.315 702 61.9 94.8 95.3 88.3 88.7 870.2935 0:14:30 7946.05 99909.46 7557.82 7663.47 1.99 1.90 154.40 1351.86
homfam TNF 556 5 119.903 176 32.0 81.7 81.9 70.7 74.5 234.1746 0:03:54 7993.30 101994.18 7537.47 7677.74 1.99 1.02 131.73 314.48
homfam scorptoxin 363 8 53.2562 74 46.3 91.8 90.6 76.7 83.8 155.8063 0:02:35 7994.28 98504.44 7535.21 7698.06 1.99 0.75 102.79 161.68
homfam aldosered 13277 7 268.547 386 41.6 85.7 88.6 66.8 74.9 2051.9596 0:34:11 7978.30 103207.20 7555.71 7661.27 1.98 18.70 158.30 3245.57
homfam rrm 27610 20 67.4587 157 22.9 85.4 86.3 22.5 30.7 500.9072 0:08:20 8007.55 99914.18 7569.14 7686.35 1.98 17.92 127.23 638.50
