homfam ricin 747 7 198.708 281 37.5 91.2 91.6 77.3 84.8 500.3149 0:08:20 6798.09 99912.13 6432.55 6543.25 0.00 0.02 151.81 5.33
homfam ghf10 1502 5 220.34 364 43.3 90.0 90.5 73.7 79.8 975.5251 0:16:15 6860.65 103073.18 6384.27 6550.19 1.99 2.47 165.09 1618.87
homfam seatoxin 93 5 43.6344 54 42.6 66.2 64.1 8.2 9.3 145.4063 0:02:25 6349.20 102918.46 5983.66 6067.81 1.99 0.97 127.24 186.47
homfam mofe 2567 6 353.074 609 30.0 83.2 84.5 64.0 71.3 2901.3883 0:48:21 7309.26 103308.97 7243.26 7272.16 1.99 6.09 166.45 4839.17
homfam cyt3 385 6 92.3065 130 40.3 81.5 81.4 62.7 70.7 158.4219 0:02:38 6612.93 102919.52 6247.45 6358.11 1.99 0.89 115.00 183.72
homfam ins 793 6 65.2825 74 44.9 90.4 93.3 65.2 82.0 296.6241 0:04:56 6840.21 102921.26 6364.60 6512.12 1.99 1.10 157.85 469.49
homfam Ald_Xan_dh_2 2589 6 109.304 885 31.8 83.4 83.5 64.1 72.5 1681.6371 0:28:01 6539.06 99912.14 6062.97 6183.42 1.99 4.52 165.10 2779.03
homfam tms 2118 5 264.245 357 45.9 95.7 95.2 84.9 91.3 1075.1593 0:17:55 7151.32 103242.27 6785.88 6950.74 1.99 3.29 162.13 1747.56
homfam phc 2957 12 98.4711 179 37.2 88.6 89.8 62.0 65.3 394.1140 0:06:34 6818.53 102921.22 6453.51 6620.00 1.99 3.07 147.87 590.58
homfam cytb 3206 6 82.1454 100 35.6 93.3 93.3 76.1 82.8 705.1199 0:11:45 6570.61 99912.13 6167.55 6333.01 1.99 2.70 154.03 1095.22
homfam mmp 1427 6 157.93 180 55.1 95.9 96.6 87.0 92.1 605.7425 0:10:05 6877.28 99911.14 6511.74 6622.49 1.99 1.95 160.26 979.72
homfam phoslip 946 18 113.33 137 48.9 92.5 92.8 69.1 78.4 236.6468 0:03:56 6669.83 102933.54 6305.14 6388.58 1.99 1.67 137.68 334.84
homfam HLH 6781 5 53.5453 92 28.1 87.4 91.1 65.5 77.1 496.1198 0:08:16 6747.30 101959.11 6270.86 6409.60 1.99 4.34 159.42 789.46
homfam myb_DNA-binding 10398 5 46.5583 61 40.7 94.4 93.3 78.6 84.0 311.5586 0:05:11 6644.25 102918.66 6168.50 6388.82 1.98 5.96 137.69 434.53
homfam msb 4884 8 106.037 158 26.6 85.9 87.4 62.8 75.7 330.1458 0:05:30 6765.12 101960.15 6289.25 6509.29 1.98 4.42 122.15 408.04
homfam ghf1 4358 8 403.813 562 38.4 91.4 91.5 70.4 78.9 3111.6486 0:51:51 7477.14 103225.89 7000.60 7146.94 1.99 7.92 158.59 4938.08
homfam rvp 93681 6 94.2886 132 36.6 80.1 79.9 53.2 59.1 1043.9866 0:17:23 8382.95 103127.01 7982.80 8094.04 1.99 58.60 143.29 1495.01
homfam lyase_1 7632 5 295.082 511 30.9 80.5 80.6 59.8 65.4 2108.3398 0:35:08 7304.75 103071.38 7098.55 7127.24 1.99 10.18 159.48 3367.55
homfam ldh 7367 14 121.378 371 31.9 89.3 88.6 58.6 70.3 821.0122 0:13:41 6944.01 103185.53 6468.01 6689.76 1.99 7.38 156.85 1295.13
homfam subt 7517 11 301.598 414 39.5 79.3 80.4 34.7 46.5 7334.2675 2:02:14 7641.54 103060.11 7165.65 7326.53 1.98 12.51 175.18 12853.89
homfam sodfe 4455 8 77.4471 219 42.3 90.8 89.9 66.0 69.5 514.4338 0:08:34 6671.25 102918.28 6305.44 6416.13 1.99 3.35 140.65 725.06
homfam LIM 6428 5 57.0143 86 52.8 94.7 95.6 85.4 91.9 220.6519 0:03:40 6525.78 101959.10 6267.08 6356.29 1.99 3.80 129.22 286.67
homfam blm 9105 8 300.727 274 39.1 66.9 69.3 39.3 40.9 3544.6670 0:59:04 7596.64 103308.43 7231.39 7396.30 1.99 13.45 167.11 5930.15
homfam DMRL_synthase 2099 5 140.59 182 33.2 92.7 90.0 74.6 83.3 351.9028 0:05:51 6874.86 101959.80 6398.67 6530.88 1.99 2.93 133.77 472.35
homfam tRNA-synt_2b 11293 5 177.564 467 18.7 45.6 44.3 23.0 32.4 2221.6619 0:37:01 7216.21 103267.36 6850.71 6934.29 1.99 11.97 176.70 3926.62
homfam Stap_Strp_toxin 640 6 87.3922 254 32.5 79.4 79.0 46.5 53.2 383.4725 0:06:23 6663.14 102920.20 6187.37 6345.90 1.99 1.38 156.36 603.22
homfam Acetyltransf 46285 6 82.9897 229 24.1 62.0 63.3 32.8 38.5 3074.9231 0:51:14 8080.94 102935.49 7605.24 7725.50 1.96 33.75 187.07 5748.75
homfam ghf22 760 12 107.567 131 51.4 93.7 94.1 81.5 84.4 192.8203 0:03:12 6698.68 102918.63 6333.09 6416.62 1.99 1.44 119.23 231.55
homfam sdr 50157 13 163.253 361 23.3 79.9 78.9 33.4 44.9 2686.9163 0:44:46 8078.98 103190.21 7712.90 7878.35 1.97 113.82 162.08 4349.88
homfam ltn 1068 12 204.148 282 49.9 91.5 92.5 68.8 77.8 630.0893 0:10:30 6830.86 103228.46 6384.07 6583.05 1.99 1.86 146.93 930.17
homfam hpr 3349 5 83.0427 89 44.4 99.3 99.3 97.7 98.5 217.8853 0:03:37 6678.12 99913.13 6312.87 6479.33 1.99 2.91 129.76 284.20
homfam bowman 499 5 26.1443 73 64.9 93.9 93.9 82.9 84.9 104.1991 0:01:44 6341.77 101992.16 5866.41 6032.26 1.99 0.75 88.55 93.30
homfam hip 167 5 66.2096 88 33.4 85.8 84.8 65.5 73.7 149.7410 0:02:29 6436.13 99909.34 5994.27 6135.19 1.99 0.71 123.53 186.57
homfam HMG_box 4779 5 66.0716 89 24.8 93.9 93.4 77.8 85.4 261.4598 0:04:21 6652.40 102919.49 6320.52 6418.02 1.99 6.38 121.42 318.95
homfam icd 5678 5 328.887 433 41.7 93.0 93.5 82.1 85.7 2570.6655 0:42:50 7511.70 103294.02 7035.85 7174.67 1.99 8.34 160.35 4127.76
homfam peroxidase 4514 5 256.626 383 37.3 75.5 80.7 45.8 49.9 2552.2616 0:42:32 7203.76 103291.88 6727.46 6866.12 1.99 6.57 176.94 4522.45
homfam asp 3262 13 284.142 381 37.5 91.4 91.5 73.0 80.3 1671.5026 0:27:51 7183.34 103005.55 6817.58 6982.54 1.99 5.35 167.36 2802.69
homfam flav 4612 6 138.021 183 35.0 77.7 78.4 50.9 51.6 835.9365 0:13:55 6797.12 102073.30 6432.54 6597.50 1.99 4.21 160.69 1351.44
homfam cah 1379 5 212.706 279 38.7 87.2 87.8 65.7 73.7 691.9038 0:11:31 6911.47 99912.15 6435.42 6574.21 1.99 2.12 158.02 1101.23
homfam ace 3989 6 427.824 601 37.3 85.2 86.0 65.2 72.5 3912.5385 1:05:12 7754.17 103187.24 7513.33 7553.37 1.98 8.41 162.59 6367.58
homfam sti 613 5 165.383 198 36.4 90.4 89.8 72.8 79.8 236.3279 0:03:56 6785.38 99911.94 6309.29 6451.64 1.99 1.15 138.48 329.36
homfam aat 25100 10 337.807 476 28.6 82.1 82.8 52.1 58.4 5330.3093 1:28:50 8446.35 103256.05 8308.79 8337.61 1.98 35.86 158.70 8461.11
homfam oxidored_q6 3348 5 123.044 285 56.7 89.8 91.7 81.6 82.8 704.4047 0:11:44 6853.30 103054.44 6488.25 6652.97 2.00 3.21 165.01 1171.74
homfam hormone_rec 3509 5 188.562 308 21.5 73.3 73.8 50.2 64.0 884.0139 0:14:44 6970.44 98417.31 6604.87 6769.77 1.99 3.77 160.29 1425.62
homfam rhv 17976 6 143.424 938 33.1 40.1 49.8 8.1 9.6 7508.5826 2:05:08 7181.71 102922.01 6866.15 6981.28 1.99 15.35 167.01 12541.93
homfam tgfb 1606 8 95.4645 118 43.8 82.7 87.0 35.0 44.1 226.3451 0:03:46 6705.57 97769.43 6340.06 6451.26 1.99 1.55 125.66 286.15
homfam cryst 1160 7 80.8078 192 44.4 91.3 91.2 70.7 73.2 262.7919 0:04:22 6813.45 102917.71 6447.92 6534.98 1.99 1.33 146.25 385.82
homfam cyclo 6288 6 159.069 203 44.1 87.6 89.3 73.5 78.3 1171.7816 0:19:31 6972.38 103133.00 6496.41 6616.42 1.99 7.79 165.64 1947.31
homfam kunitz 2266 10 53.752 64 37.9 97.5 97.5 88.3 87.5 181.2389 0:03:01 6602.87 99912.31 6237.43 6356.79 1.99 2.19 128.45 234.36
homfam Rhodanese 14049 6 102.277 216 22.7 75.4 81.6 52.6 59.1 1174.8834 0:19:34 6872.24 103268.18 6396.45 6563.98 1.98 12.09 168.86 1990.81
homfam sodcu 2038 7 141.322 169 42.2 89.4 90.2 74.7 78.5 365.9581 0:06:05 7052.28 102990.40 6687.06 6802.03 1.99 2.37 126.02 464.90
homfam profilin 687 5 123.371 144 39.7 93.6 93.6 84.4 85.9 222.2840 0:03:42 6665.42 99911.07 6299.95 6465.42 1.99 1.15 125.79 281.11
homfam glob 3983 41 100.684 174 31.7 94.6 94.2 70.0 73.3 331.9876 0:05:31 6772.07 98203.01 6295.93 6461.89 1.99 3.38 130.23 441.14
homfam tim 3904 10 205.645 260 47.5 98.0 97.9 93.1 96.2 993.9150 0:16:33 6893.23 103000.84 6528.27 6693.09 1.99 5.09 150.83 1502.85
homfam uce 4558 13 134.701 184 34.0 89.8 89.0 56.0 64.9 491.1012 0:08:11 6960.97 102989.41 6595.77 6760.66 1.99 4.24 148.02 728.11
homfam toxin 508 20 62.311 78 43.1 91.8 89.9 63.6 73.2 139.4979 0:02:19 6438.73 102918.52 6073.24 6156.79 1.99 1.29 128.81 181.19
homfam rub 1435 5 46.1575 54 62.1 98.4 98.4 92.6 93.5 157.4460 0:02:37 6527.46 102930.28 6051.34 6223.51 1.99 1.30 116.11 184.32
homfam hom 12037 8 53.4951 98 35.3 93.2 92.8 66.7 81.5 281.5202 0:04:41 6601.80 102920.82 6236.35 6401.23 1.99 6.54 130.85 369.88
homfam biotin_lipoyl 11833 7 71.8928 112 28.9 94.6 93.0 75.3 81.0 327.1567 0:05:27 6840.73 98662.09 6475.27 6587.71 1.99 8.16 140.38 460.17
homfam cys 4316 13 198.11 284 40.5 94.0 93.4 69.4 80.4 984.2082 0:16:24 6979.26 103354.68 6502.64 6722.82 1.99 6.25 162.27 1604.63
homfam ghf11 521 5 167.758 202 49.5 91.9 92.1 80.2 81.6 420.2590 0:07:00 6719.54 99913.20 6243.79 6394.50 1.99 1.24 130.75 551.00
homfam blmb 17200 6 192.465 344 20.6 70.0 72.4 42.9 53.7 3007.9666 0:50:07 7537.23 102992.75 7320.95 7415.56 1.98 18.61 176.60 5321.19
homfam aadh 3127 8 225.129 542 38.2 84.8 85.2 50.6 56.1 1507.9942 0:25:07 6922.91 103184.60 6557.11 6722.00 1.99 4.35 160.17 2423.77
homfam DEATH 1183 7 80.5689 159 19.6 77.2 78.5 41.1 55.9 227.4825 0:03:47 6699.74 97894.57 6223.76 6344.18 1.99 1.35 125.23 286.44
homfam Sulfotransfer 2489 5 235.798 381 26.2 76.1 76.8 50.3 59.8 1762.8307 0:29:22 6973.01 103192.29 6497.33 6717.46 1.99 3.98 164.90 2915.76
homfam serpin 3144 8 291.462 418 34.3 95.5 95.1 83.2 89.6 2107.4467 0:35:07 7325.71 103270.46 6849.62 6988.32 1.99 4.96 158.56 3350.91
homfam proteasome 5732 17 174.347 309 21.7 83.2 82.0 32.8 49.0 860.7205 0:14:20 6951.83 98480.82 6586.64 6670.87 81.99 6.13 129.42 1122.65
homfam zf-CCHH 88345 15 23.2513 39 35.5 96.9 96.2 88.6 93.0 464.9555 0:07:44 7147.88 103121.35 6764.12 6847.59 1.95 42.11 128.08 596.52
homfam egf 7774 12 32.0765 71 31.1 78.8 78.0 36.8 41.9 214.6144 0:03:34 6516.12 99912.27 6040.68 6260.69 1.98 4.41 130.63 281.83
homfam annexin 3139 6 65.1902 323 57.2 99.6 99.8 99.4 99.4 509.0098 0:08:29 6598.46 99912.14 6144.71 6261.17 1.99 2.36 159.15 811.55
homfam OTCace 4795 5 157.005 350 37.3 96.6 96.9 89.6 92.3 687.0138 0:11:27 6867.29 99913.04 6391.32 6611.47 1.99 5.05 157.15 1084.93
homfam rnasemam 498 6 120.072 141 42.2 93.4 90.5 69.4 81.7 180.1771 0:03:00 6619.19 96167.43 6239.02 6335.28 1.99 0.99 128.86 233.65
homfam adh 21331 5 123.64 375 63.9 95.3 95.9 88.0 88.3 1322.7155 0:22:02 7097.12 98561.27 6731.31 6896.26 1.98 18.67 161.98 2149.55
homfam il8 1073 11 63.7623 81 34.5 92.5 91.6 63.6 73.6 165.5090 0:02:45 6516.24 101994.19 6040.09 6188.31 1.99 1.14 110.01 183.65
homfam hr 3707 5 65.1513 82 53.3 99.1 99.1 94.9 99.1 265.0697 0:04:25 6611.09 99912.15 6401.68 6428.56 1.99 2.86 134.77 363.33
homfam ChtBD 774 5 38.2713 45 59.3 99.3 99.0 95.3 97.1 131.4064 0:02:11 6437.82 101958.41 5962.07 6100.85 1.99 0.97 99.88 132.73
homfam gluts 10099 14 98.1117 235 39.4 38.3 52.4 5.2 5.7 1423.6242 0:23:43 6792.31 99912.93 6712.97 6741.78 1.98 7.95 171.94 2456.35
homfam ghf5 2717 6 260.466 470 17.8 66.1 66.2 35.0 49.8 2029.1777 0:33:49 7042.78 103295.30 6677.27 6842.24 1.99 4.13 164.19 3339.64
homfam ghf13 12607 10 264.452 626 26.8 61.6 61.8 24.6 34.6 5220.9378 1:27:00 7749.75 99262.13 7409.38 7550.60 1.99 16.29 175.88 9188.77
homfam PDZ 14950 6 80.8907 110 30.6 88.9 88.7 75.8 77.8 629.3704 0:10:29 6900.65 102922.21 6536.47 6644.15 1.98 11.29 150.55 953.22
homfam az 1086 29 100.416 215 33.4 74.6 75.0 40.2 43.1 249.0283 0:04:09 6743.45 98157.82 6683.45 6710.30 1.99 1.70 134.65 343.71
homfam hla 13465 5 153.148 178 76.5 100.0 100.0 100.0 100.0 628.9068 0:10:28 7362.38 102924.62 6996.89 7080.44 1.99 13.71 151.21 957.62
homfam slectin 932 5 133.052 142 33.3 94.2 94.9 85.4 88.9 389.4110 0:06:29 6751.32 102918.73 6275.15 6441.05 1.99 1.34 139.73 553.28
homfam GEL 2195 5 78.1157 150 23.7 69.8 69.5 39.7 55.0 273.1959 0:04:33 6814.15 99908.54 6337.86 6491.58 1.99 1.95 142.73 399.75
homfam kringle 1091 9 75.9138 100 43.3 94.7 93.7 77.5 81.8 185.8227 0:03:05 6569.25 102919.70 6238.12 6383.19 1.99 1.25 124.87 233.50
homfam p450 21013 12 331.506 512 20.8 75.9 75.6 33.1 41.8 8946.6898 2:29:06 8800.66 100273.67 8436.66 8601.16 128.00 0.46 161.75 14472.24
homfam gpdh 7691 8 129.082 360 55.1 96.6 96.5 89.4 91.7 750.9119 0:12:30 6866.43 103759.07 6390.46 6610.66 1.99 7.77 155.36 1173.80
homfam int 7572 5 168.037 219 22.5 85.5 87.5 65.3 70.3 1183.1410 0:19:43 6971.74 102945.15 6606.51 6689.85 1.98 8.61 163.59 1942.59
homfam KAS 2070 6 174.528 404 31.7 79.8 81.1 53.8 62.5 668.6832 0:11:08 7122.33 101958.84 6750.00 6891.37 1.99 2.56 147.71 989.23
homfam trfl 837 7 242.315 702 61.9 92.9 93.4 85.9 83.8 1409.7323 0:23:29 7115.40 99912.14 6639.39 6860.17 1.99 1.63 162.50 2293.42
homfam TNF 556 5 119.903 176 32.0 84.5 84.4 64.3 69.5 198.2662 0:03:18 6647.64 99910.40 6171.75 6323.05 1.99 0.99 116.15 231.97
homfam scorptoxin 363 8 53.2562 74 46.3 90.0 89.3 69.9 78.1 126.1788 0:02:06 6499.28 102920.46 6023.28 6166.16 1.99 0.77 102.74 131.12
homfam aldosered 13277 7 268.547 386 41.6 84.8 87.7 66.2 73.3 3122.1626 0:52:02 7659.38 103237.25 7182.38 7325.75 1.98 18.80 161.88 5054.90
homfam rrm 27610 20 67.4587 157 22.9 83.4 82.5 17.1 22.7 564.9530 0:09:24 7041.69 99915.50 6676.02 6840.99 1.98 17.75 138.26 782.52
