homfam ricin 747 7 198.708 281 37.5 91.0 91.5 76.9 84.7 369.6437 0:06:09 15120.19 105031.49 15128.09 15155.17 1.99 1.71 137.88 518.47
homfam ghf10 1502 5 220.34 364 43.3 91.0 91.6 77.7 83.3 658.3486 0:10:58 15074.55 104983.55 14654.23 14865.49 1.99 2.79 148.63 986.65
homfam seatoxin 93 5 43.6344 54 42.6 68.1 65.5 8.2 9.3 159.0367 0:02:39 15068.12 104981.39 14701.86 14819.38 1.99 0.93 108.89 174.24
homfam mofe 2567 6 353.074 609 30.0 85.5 85.9 66.2 74.3 2067.4754 0:34:27 15062.57 104909.64 14606.13 14815.02 1.99 4.24 153.86 3190.89
homfam cyt3 385 6 92.3065 130 40.3 80.0 81.5 61.0 69.4 196.4502 0:03:16 13397.40 103231.31 12850.64 12968.03 1.99 0.88 110.47 218.11
homfam ins 793 6 65.2825 74 44.9 90.4 92.2 63.8 85.7 325.0324 0:05:25 15123.40 105032.48 14673.36 14790.35 1.99 1.82 153.87 500.48
homfam Ald_Xan_dh_2 2589 6 109.304 885 31.8 83.1 83.4 63.1 71.7 1376.9919 0:22:56 15072.34 105046.63 14670.50 14811.24 1.99 2.63 155.89 2155.41
homfam tms 2118 5 264.245 357 45.9 97.0 97.0 88.4 93.2 972.2844 0:16:12 15073.01 104982.62 14705.17 14868.21 1.99 3.28 149.67 1462.70
homfam phc 2957 12 98.4711 179 37.2 92.5 93.8 68.2 75.1 483.8344 0:08:03 15124.71 105097.72 14754.16 14918.21 1.99 2.66 130.60 641.33
homfam cytb 3206 6 82.1454 100 35.6 87.2 88.1 64.1 71.0 605.4692 0:10:05 15108.56 104998.73 14728.11 14934.65 1.99 4.61 160.91 973.83
homfam mmp 1427 6 157.93 180 55.1 95.1 96.0 86.4 91.5 602.7925 0:10:02 15060.51 104907.55 14661.37 14824.29 1.99 3.98 158.14 954.37
homfam phoslip 946 18 113.33 137 48.9 92.7 92.6 68.4 78.8 235.5222 0:03:55 15118.48 105032.49 14738.88 14856.62 1.99 1.34 132.35 320.00
homfam HLH 6781 5 53.5453 92 28.1 86.3 92.5 63.1 73.8 476.5791 0:07:56 15078.70 104987.11 14707.43 14848.00 1.99 4.02 151.40 730.19
homfam myb_DNA-binding 10398 5 46.5583 61 40.7 94.6 94.2 80.4 86.0 367.3124 0:06:07 15066.22 104954.34 14637.50 14846.96 1.98 6.09 118.55 444.23
homfam msb 4884 8 106.037 158 26.6 85.4 89.6 60.0 72.3 385.2767 0:06:25 15237.33 105111.83 14732.22 14895.30 1.98 4.34 104.67 412.78
homfam ghf1 4358 8 403.813 562 38.4 93.2 93.4 75.3 83.5 2072.8511 0:34:32 14260.78 104085.50 13782.54 13922.38 1.99 8.28 149.81 3102.18
homfam rvp 93681 6 94.2886 132 36.6 83.6 82.9 59.5 66.0 1596.3882 0:26:36 7809.65 102925.44 7305.23 7539.56 1.99 58.12 96.78 1544.22
homfam lyase_1 7632 5 295.082 511 30.9 83.3 83.1 66.2 71.1 1266.7792 0:21:06 12913.54 103189.40 12408.77 12514.67 1.99 10.59 129.80 1649.69
homfam ldh 7367 14 121.378 371 31.9 90.0 89.8 63.0 72.4 798.9289 0:13:18 15064.34 104888.12 14649.01 14860.14 1.99 7.50 131.19 1055.21
homfam subt 7517 11 301.598 414 39.5 78.7 80.9 34.7 47.7 5762.4150 1:36:02 15141.28 105064.43 14730.96 14847.88 1.98 12.93 173.66 10013.04
homfam sodfe 4455 8 77.4471 219 42.3 90.9 90.2 64.6 68.5 468.2187 0:07:48 15075.28 104984.84 14657.08 14867.34 1.99 3.36 139.23 653.59
homfam LIM 6428 5 57.0143 86 52.8 98.5 98.5 90.2 98.4 251.3794 0:04:11 12780.96 102672.88 12280.02 12420.57 1.99 3.78 112.64 284.74
homfam blm 9105 8 300.727 274 39.1 73.2 82.6 40.4 41.4 3999.9521 1:06:39 12614.55 103233.43 12110.92 12227.89 1.98 13.43 168.67 6745.10
homfam DMRL_synthase 2099 5 140.59 182 33.2 92.4 90.1 74.6 83.3 286.0940 0:04:46 15175.47 105083.61 14767.12 14977.79 1.99 2.55 115.95 333.29
homfam tRNA-synt_2b 11293 5 177.564 467 18.7 56.7 54.3 29.7 41.8 1881.6495 0:31:21 14303.29 104192.14 13787.26 13893.22 1.99 12.09 161.93 3055.24
homfam Stap_Strp_toxin 640 6 87.3922 254 32.5 84.3 84.0 50.2 57.6 280.9496 0:04:40 15104.33 104980.45 14687.39 14805.07 1.99 1.27 133.64 376.97
homfam Acetyltransf 46285 6 82.9897 229 24.1 60.8 68.2 32.8 43.2 3195.7279 0:53:15 11696.27 102963.86 11217.56 11357.46 1.96 33.67 166.61 5323.73
homfam ghf22 760 12 107.567 131 51.4 93.8 94.2 81.5 84.8 206.4504 0:03:26 15067.46 104981.50 14702.08 14819.81 1.99 1.12 126.12 261.88
homfam sdr 50157 13 163.253 361 23.3 72.3 75.5 23.7 30.7 2659.4464 0:44:19 9255.27 103131.04 8910.34 9050.56 1.96 55.40 129.80 3459.48
homfam ltn 1068 12 204.148 282 49.9 93.3 93.5 70.8 79.4 482.1273 0:08:02 15109.47 104981.48 14602.67 14720.21 1.99 1.83 137.88 671.29
homfam hpr 3349 5 83.0427 89 44.4 99.3 99.3 97.7 98.5 245.5175 0:04:05 15101.18 105047.74 14742.89 14837.18 1.99 3.10 118.79 293.14
homfam bowman 499 5 26.1443 73 64.9 94.5 94.5 82.9 84.9 144.6211 0:02:24 15107.21 104980.46 14666.16 14783.25 1.99 0.77 118.68 173.21
homfam hip 167 5 66.2096 88 33.4 87.9 87.4 69.0 78.2 167.1070 0:02:47 15209.30 105145.40 14703.80 14843.74 5.99 0.68 103.59 174.57
homfam HMG_box 4779 5 66.0716 89 24.8 94.5 94.5 79.0 86.8 259.6033 0:04:19 15174.02 105149.87 14807.20 14947.32 1.99 3.18 112.31 292.55
homfam icd 5678 5 328.887 433 41.7 94.4 94.5 84.0 87.4 2044.2919 0:34:04 14754.21 104637.91 14257.98 14375.51 1.99 8.48 149.68 3067.50
homfam peroxidase 4514 5 256.626 383 37.3 84.4 84.2 57.3 62.5 2426.1618 0:40:26 15085.75 104910.85 14706.34 14823.88 1.99 6.84 171.05 4156.44
homfam asp 3262 13 284.142 381 37.5 91.0 91.3 72.5 78.3 1433.3989 0:23:53 14809.72 104634.62 14330.01 14539.67 1.99 5.08 155.09 2230.41
homfam flav 4612 6 138.021 183 35.0 81.8 82.7 48.0 55.5 663.5385 0:11:03 15072.39 104985.85 14696.14 14905.67 1.99 4.37 126.55 849.08
homfam cah 1379 5 212.706 279 38.7 88.4 89.1 67.2 75.1 534.1270 0:08:54 15057.95 104881.56 14763.21 14905.04 1.99 2.49 147.73 793.18
homfam ace 3989 6 427.824 601 37.3 89.0 89.8 70.6 77.4 2873.7267 0:47:53 14453.20 104348.55 14094.34 14234.82 1.98 8.38 155.21 4466.08
homfam sti 613 5 165.383 198 36.4 87.8 88.0 68.5 75.5 244.1825 0:04:04 15061.78 104980.45 14678.77 14841.55 1.99 1.11 125.29 307.38
homfam aat 25100 10 337.807 476 28.6 82.0 84.6 51.7 57.0 4364.1670 1:12:44 15124.23 105035.26 14705.82 14916.49 5.98 36.80 136.57 5953.91
homfam oxidored_q6 3348 5 123.044 285 56.7 92.2 93.4 85.3 86.7 666.4759 0:11:06 15059.60 104883.73 14581.03 14790.71 1.99 3.18 139.65 937.71
homfam hormone_rec 3509 5 188.562 308 21.5 74.5 77.1 50.9 64.5 814.9583 0:13:34 15076.03 105048.77 14705.00 14914.69 1.99 3.81 139.77 1149.51
homfam rhv 17976 6 143.424 938 33.1 63.1 71.3 32.1 39.2 8096.8889 2:14:56 7279.86 102923.49 6775.18 7009.48 1.99 15.16 163.33 13226.45
homfam tgfb 1606 8 95.4645 118 43.8 81.6 86.9 32.5 39.7 210.8514 0:03:30 15039.99 104957.57 14695.69 14836.22 1.99 1.55 118.80 252.04
homfam cryst 1160 7 80.8078 192 44.4 91.9 91.7 71.3 74.3 228.9884 0:03:48 15068.50 104982.52 14691.82 14809.36 0.00 0.02 133.85 4.43
homfam cyclo 6288 6 159.069 203 44.1 87.0 88.3 70.9 76.0 1129.8854 0:18:49 12948.36 103053.86 12406.77 12512.37 1.99 7.44 147.42 1675.70
homfam kunitz 2266 10 53.752 64 37.9 98.9 98.9 95.0 94.7 184.2724 0:03:04 15070.17 105046.62 15099.59 15126.27 1.99 2.51 113.59 210.75
homfam Rhodanese 14049 6 102.277 216 22.7 72.3 83.3 53.6 54.2 1070.0216 0:17:50 15170.11 105158.88 14748.51 14854.41 1.98 11.71 151.13 1626.04
homfam sodcu 2038 7 141.322 169 42.2 91.8 91.6 78.9 82.7 311.8617 0:05:11 15075.43 104982.59 14703.79 14915.05 1.99 2.68 121.08 385.83
homfam profilin 687 5 123.371 144 39.7 92.3 92.3 82.8 84.2 248.8529 0:04:08 15069.44 104982.50 14702.25 14825.11 1.99 1.49 124.68 318.88
homfam glob 3983 41 100.684 174 31.7 94.8 94.5 64.7 68.3 349.2982 0:05:49 15110.50 105033.77 14729.93 14847.34 1.99 3.75 108.38 384.99
homfam tim 3904 10 205.645 260 47.5 97.0 97.0 90.0 94.2 808.2322 0:13:28 15210.26 105034.76 14830.55 15040.27 1.99 5.00 137.88 1123.88
homfam uce 4558 13 134.701 184 34.0 89.4 91.5 63.9 70.8 938.0316 0:15:38 15146.75 105060.82 14770.16 14979.77 1.99 4.22 163.13 1537.77
homfam toxin 508 20 62.311 78 43.1 93.9 92.3 66.2 76.1 154.5447 0:02:34 15092.68 105071.44 14726.79 14832.83 1.99 0.86 108.43 169.00
homfam rub 1435 5 46.1575 54 62.1 97.6 97.6 88.9 90.2 159.1446 0:02:39 11680.57 102918.71 11201.30 11364.86 1.99 1.29 101.62 163.23
homfam hom 12037 8 53.4951 98 35.3 92.7 93.4 68.1 84.7 324.2626 0:05:24 15044.15 104891.72 14585.56 14795.15 1.99 6.46 122.09 401.41
homfam biotin_lipoyl 11833 7 71.8928 112 28.9 95.0 93.4 76.5 82.3 376.8120 0:06:16 14827.18 104667.73 14338.09 14479.47 1.99 8.05 115.81 437.90
homfam cys 4316 13 198.11 284 40.5 94.9 94.4 72.4 82.7 924.4611 0:15:24 15062.11 105050.81 14645.07 14854.70 1.99 6.29 145.09 1349.12
homfam ghf11 521 5 167.758 202 49.5 94.6 94.4 86.5 87.6 273.2147 0:04:33 15064.17 104980.48 14655.77 14773.46 1.99 1.41 132.59 363.82
homfam blmb 17200 6 192.465 344 20.6 66.9 72.1 40.7 50.8 3825.3428 1:03:45 13021.27 103311.45 12655.03 12795.39 1.98 18.56 173.92 6655.62
homfam aadh 3127 8 225.129 542 38.2 84.5 87.8 50.6 56.4 1208.5703 0:20:08 15054.37 104884.73 14784.25 14924.59 2.00 4.29 154.25 1867.27
homfam DEATH 1183 7 80.5689 159 19.6 88.4 88.4 68.5 77.1 199.8566 0:03:19 15069.90 104982.52 14702.75 14843.23 1.99 1.64 129.67 260.59
homfam Sulfotransfer 2489 5 235.798 381 26.2 71.6 74.4 45.9 54.7 1263.1472 0:21:03 15072.44 104983.61 14834.32 14974.79 1.99 4.11 153.95 1953.24
homfam serpin 3144 8 291.462 418 34.3 95.9 95.2 83.9 90.2 1334.9547 0:22:14 15072.73 104983.73 14705.48 14916.44 1.99 4.94 149.75 2006.72
homfam proteasome 5732 17 174.347 309 21.7 83.9 83.6 40.0 59.7 866.9685 0:14:26 7072.05 98930.89 6707.38 6871.81 169.99 5.72 98.71 865.34
homfam zf-CCHH 88345 15 23.2513 39 35.5 95.7 95.8 85.7 89.3 725.6982 0:12:05 10964.43 100805.52 10474.71 10615.20 1.96 42.10 114.03 828.98
homfam egf 7774 12 32.0765 71 31.1 77.7 79.5 36.8 46.9 244.7464 0:04:04 15163.45 105088.18 14774.30 14891.93 1.98 6.54 116.54 286.70
homfam annexin 3139 6 65.1902 323 57.2 99.3 99.8 98.7 98.7 459.7693 0:07:39 15098.83 105008.73 14678.76 14819.29 1.99 2.40 146.87 676.87
homfam OTCace 4795 5 157.005 350 37.3 94.9 95.5 86.4 88.8 609.5220 0:10:09 15054.58 104884.86 14647.25 14856.81 1.99 4.89 135.97 830.37
homfam rnasemam 498 6 120.072 141 42.2 91.8 89.4 68.7 80.8 232.0144 0:03:52 15072.00 104982.44 14677.88 14795.51 1.99 1.30 111.70 260.85
homfam adh 21331 5 123.64 375 63.9 98.8 98.8 96.5 96.9 1561.3395 0:26:01 13631.20 102880.73 13078.17 13287.08 1.98 18.45 149.75 2347.58
homfam il8 1073 11 63.7623 81 34.5 87.9 87.8 58.4 69.9 170.6097 0:02:50 15132.64 104982.49 14700.36 14839.89 1.99 1.64 124.72 214.26
homfam hr 3707 5 65.1513 82 53.3 97.9 98.6 92.4 97.4 237.5433 0:03:57 15099.59 105009.78 14731.09 14870.96 1.99 2.50 126.66 310.77
homfam ChtBD 774 5 38.2713 45 59.3 98.3 98.1 93.0 94.7 144.5030 0:02:24 15070.92 105045.49 14703.46 14843.89 1.99 1.28 116.91 170.51
homfam gluts 10099 14 98.1117 235 39.4 89.3 89.8 65.2 68.1 1320.0084 0:22:00 15155.29 105130.34 14780.17 14886.20 1.98 8.23 164.60 2175.63
homfam ghf5 2717 6 260.466 470 17.8 67.3 70.6 37.0 52.1 1348.4982 0:22:28 15075.51 104983.64 14704.71 14914.39 1.99 4.06 161.08 2177.42
homfam ghf13 12607 10 264.452 626 26.8 63.2 64.1 28.9 39.0 5226.2128 1:27:06 7563.39 102704.99 7279.30 7373.13 1.99 16.18 172.18 9005.25
homfam PDZ 14950 6 80.8907 110 30.6 89.9 89.5 76.8 80.0 655.3621 0:10:55 12293.38 103244.48 11927.51 12067.67 1.98 11.00 140.52 919.93
homfam az 1086 29 100.416 215 33.4 73.8 74.9 39.7 42.0 233.7096 0:03:53 15063.69 104981.49 14816.47 14910.77 1.99 1.45 134.24 319.72
homfam hla 13465 5 153.148 178 76.5 100.0 100.0 100.0 100.0 714.0828 0:11:54 13243.83 103131.42 12764.11 12928.23 1.99 18.90 106.11 759.10
homfam slectin 932 5 133.052 142 33.3 94.4 94.9 86.1 90.3 387.0693 0:06:27 15033.63 104881.48 14644.65 14761.60 1.99 1.37 137.48 542.28
homfam GEL 2195 5 78.1157 150 23.7 65.2 66.4 34.9 49.0 235.2651 0:03:55 15119.74 105032.61 14728.53 14834.72 1.99 1.91 130.53 315.36
homfam kringle 1091 9 75.9138 100 43.3 94.8 94.3 76.4 80.6 180.4880 0:03:00 15007.20 104831.46 14502.83 14608.65 1.99 1.77 116.69 212.18
homfam p450 21013 12 331.506 512 20.8 36.0 67.2 2.4 0.2 5293.4212 1:28:13 10351.68 103315.80 9827.07 9944.71 1.98 135.02 147.95 7830.60
homfam gpdh 7691 8 129.082 360 55.1 96.3 96.4 88.8 91.1 846.6981 0:14:06 14988.29 104814.07 14647.16 14787.64 1.99 7.66 138.71 1182.93
homfam int 7572 5 168.037 219 22.5 83.2 84.8 61.4 67.7 1140.1477 0:19:00 15077.92 104988.16 14847.89 14988.30 0.00 0.02 159.72 7.29
homfam KAS 2070 6 174.528 404 31.7 87.5 87.1 70.2 76.3 585.9580 0:09:45 15073.66 104982.61 14703.43 14866.98 1.99 2.58 135.68 796.50
homfam trfl 837 7 242.315 702 61.9 94.8 95.3 88.4 89.0 964.2475 0:16:04 15043.79 104881.43 14626.09 14743.54 1.99 1.59 148.85 1444.06
homfam TNF 556 5 119.903 176 32.0 82.2 83.4 68.8 74.2 217.0773 0:03:37 15085.02 104980.45 14679.57 14820.04 1.99 1.29 120.81 263.74
homfam scorptoxin 363 8 53.2562 74 46.3 91.3 90.5 75.3 80.7 142.8316 0:02:22 15071.20 104981.44 14703.27 14808.77 1.99 1.07 118.68 170.54
homfam aldosered 13277 7 268.547 386 41.6 88.1 90.6 71.4 77.6 2403.1789 0:40:03 15120.86 104945.81 14783.05 14991.92 5.98 18.58 141.89 3420.44
homfam rrm 27610 20 67.4587 157 22.9 82.6 81.9 20.7 30.6 589.2765 0:09:49 12903.76 102729.93 12537.45 12677.85 1.98 17.66 111.59 659.10
