homfam ricin 747 7 198.708 281 37.5 91.6 91.5 78.0 85.2 817.6092 0:13:37 8384.25 99788.21 8017.79 8101.41 1.99 1.65 125.38 1035.76

homfam ghf10 1502 5 220.34 364 43.3 93.4 93.9 80.2 85.8 1750.9846 0:29:10 15347.38 105471.49 14936.41 15063.33 1.99 2.46 151.78 2659.17

homfam seatoxin 93 5 43.6344 54 42.6 67.1 64.6 8.2 9.3 368.1184 0:06:08 15302.95 105420.26 14881.73 15028.22 1.99 0.64 86.83 321.10

homfam mofe 2567 6 353.074 609 30.0 84.7 86.6 67.4 74.1 2841.5261 0:47:21 9986.51 104277.14 9590.98 9699.19 1.99 4.27 158.43 4512.00

homfam cyt3 385 6 92.3065 130 40.3 77.0 77.0 55.9 63.3 429.5194 0:07:09 7957.86 98520.84 7778.79 7811.70 1.99 1.17 81.36 350.89

homfam ins 793 6 65.2825 74 44.9 86.5 86.7 58.0 82.0 634.1600 0:10:34 15226.45 105346.36 14809.31 14936.66 1.99 1.11 113.65 731.32

homfam Ald_Xan_dh_2 2589 6 109.304 885 31.8 83.5 83.6 64.2 72.2 4418.6639 1:13:38 7974.57 99984.41 7839.29 7865.68 93.99 2.96 162.90 7209.00

homfam tms 2118 5 264.245 357 45.9 95.5 95.5 83.5 89.7 1800.3808 0:30:00 15205.44 105247.58 14826.29 14953.83 1.99 3.25 151.18 2730.97

homfam phc 2957 12 98.4711 179 37.2 71.8 94.2 35.2 38.2 925.3952 0:15:25 8052.25 101430.67 7547.61 7704.29 1.99 2.97 133.55 1245.12

homfam cytb 3206 6 82.1454 100 35.6 92.5 92.9 73.9 81.4 1332.8680 0:22:12 11966.45 102020.16 11437.88 11588.00 25.99 2.99 138.47 1856.71

homfam mmp 1427 6 157.93 180 55.1 95.4 96.3 86.4 91.5 1148.5672 0:19:08 11000.99 101426.89 10481.46 10600.31 0.00 0.02 152.83 7.50

homfam phoslip 946 18 113.33 137 48.9 95.0 94.8 73.5 84.4 492.6209 0:08:12 15197.87 105320.40 14923.40 15004.54 1.99 1.29 97.19 480.25

homfam HLH 6781 5 53.5453 92 28.1 89.5 93.4 69.0 77.5 872.7943 0:14:32 15241.11 105376.29 14779.06 14929.53 1.99 4.39 138.58 1215.46

homfam myb_DNA-binding 10398 5 46.5583 61 40.7 96.8 95.6 83.9 90.0 754.0571 0:12:34 15205.74 105713.68 14792.90 14943.46 1.98 6.18 117.54 895.05

homfam msb 4884 8 106.037 158 26.6 85.7 87.3 57.9 71.2 713.5701 0:11:53 15227.36 105349.91 14778.64 14906.18 0.00 0.02 116.66 6.16

homfam ghf1 4358 8 403.813 562 38.4 92.9 93.0 73.6 82.1 4900.0550 1:21:40 10315.31 102432.18 9811.20 9943.51 1.99 8.21 155.51 7627.65

homfam rvp 93681 6 94.2886 132 36.6 82.4 82.7 55.0 61.9 3141.8462 0:52:21 8837.21 98833.14 8332.29 8506.47 1.99 58.73 125.35 3939.79

homfam lyase_1 7632 5 295.082 511 30.9 83.8 83.7 67.4 69.5 3322.4142 0:55:22 12886.86 102951.78 12271.86 12421.98 0.00 0.02 152.26 27.95

homfam ldh 7367 14 121.378 371 31.9 89.1 88.6 58.4 70.0 1729.0609 0:28:49 8281.13 101262.97 7778.34 7993.88 1.99 7.08 145.45 2523.28

homfam subt 7517 11 301.598 414 39.5 78.3 81.2 33.7 43.8 9387.9172 2:36:27 12036.87 102486.03 11579.78 11686.81 1.98 12.97 170.05 15974.63

homfam sodfe 4455 8 77.4471 219 42.3 91.6 90.9 67.9 71.9 1025.8208 0:17:05 8192.45 99524.71 7689.92 7842.07 1.99 3.71 139.26 1435.04

homfam LIM 6428 5 57.0143 86 52.8 97.3 97.3 86.6 94.2 597.4838 0:09:57 15210.47 105325.25 14754.75 14908.70 1.99 3.91 118.39 708.98

homfam blm 9105 8 300.727 274 39.1 79.9 82.0 55.4 57.6 6226.6741 1:43:46 13287.97 103330.34 12693.16 12812.28 9.98 31.41 165.62 10315.25

homfam DMRL_synthase 2099 5 140.59 182 33.2 92.8 89.9 73.4 82.5 746.6138 0:12:26 8261.86 98457.61 7757.63 7875.80 13.99 3.25 115.61 864.82

homfam tRNA-synt_2b 11293 5 177.564 467 18.7 58.1 56.6 30.5 43.0 3414.8835 0:56:54 11185.60 101228.23 10591.61 10721.82 1.99 12.02 161.18 5515.71

homfam Stap_Strp_toxin 640 6 87.3922 254 32.5 79.4 78.7 49.0 54.2 639.6177 0:10:39 7940.54 98271.98 7437.57 7585.31 1.99 1.00 126.55 810.93

homfam Acetyltransf 46285 6 82.9897 229 24.1 66.3 65.0 35.4 45.2 4568.8481 1:16:08 12557.41 102613.00 12027.25 12179.96 2.08 34.81 162.03 7412.23

homfam ghf22 760 12 107.567 131 51.4 95.0 95.0 82.3 86.0 433.1184 0:07:13 15268.40 105320.37 14788.92 14905.09 1.99 1.11 96.77 420.58

homfam sdr 50157 13 163.253 361 23.3 82.8 81.7 38.2 50.1 4484.1355 1:14:44 9122.23 100948.01 8617.30 8747.22 1.96 56.19 140.74 6313.15

homfam ltn 1068 12 204.148 282 49.9 94.1 94.6 70.4 79.6 1361.3079 0:22:41 12401.92 102442.92 11807.09 11922.93 1.99 3.00 136.65 1868.24

homfam hpr 3349 5 83.0427 89 44.4 99.3 99.3 97.7 98.5 584.5231 0:09:44 8025.32 98126.06 7520.38 7673.58 1.99 2.93 108.24 634.29

homfam bowman 499 5 26.1443 73 64.9 94.5 94.5 82.9 84.9 302.8690 0:05:02 15199.71 105321.30 14783.96 14900.00 1.99 0.76 93.26 283.90

homfam hip 167 5 66.2096 88 33.4 87.6 87.1 67.9 76.7 403.7532 0:06:43 7684.98 98209.89 7179.98 7323.90 1.99 0.71 80.51 326.64

homfam HMG_box 4779 5 66.0716 89 24.8 97.3 96.2 85.2 93.9 560.7172 0:09:20 7849.48 97994.00 7344.50 7500.62 0.00 0.02 111.22 4.84

homfam icd 5678 5 328.887 433 41.7 93.2 94.2 82.1 85.4 3655.9490 1:00:55 11682.34 102208.33 11087.70 11215.12 1.99 8.79 153.48 5621.86

homfam peroxidase 4514 5 256.626 383 37.3 77.3 78.9 50.1 55.6 3826.4832 1:03:46 13556.85 103982.65 13037.20 13187.33 1.99 6.72 164.85 6316.71

homfam asp 3262 13 284.142 381 37.5 91.0 91.5 71.9 77.1 2577.2437 0:42:57 15230.73 105348.75 15248.13 15274.78 1.99 5.54 154.01 3977.27

homfam flav 4612 6 138.021 183 35.0 83.5 83.8 54.9 57.2 1409.6122 0:23:29 15281.84 105782.90 14863.26 14991.06 1.99 4.56 132.36 1872.16

homfam cah 1379 5 212.706 279 38.7 91.0 91.7 74.5 81.2 1465.2975 0:24:25 11252.02 101316.97 10757.82 10910.51 5.99 2.36 137.02 2009.44

homfam ace 3989 6 427.824 601 37.3 85.8 87.0 65.9 72.9 5942.1511 1:39:02 14375.43 104499.44 13762.79 13882.07 1.98 8.88 160.39 9528.19

homfam sti 613 5 165.383 198 36.4 88.0 87.5 69.0 75.9 517.4710 0:08:37 15199.54 105736.32 14784.73 14915.53 1.99 1.11 96.33 499.97

homfam aat 25100 10 337.807 476 28.6 77.6 79.1 44.3 49.0 8863.5811 2:27:43 9882.37 101988.17 9517.92 9683.77 1.98 36.70 155.71 13802.57

homfam oxidored_q6 3348 5 123.044 285 56.7 92.4 93.7 85.0 86.6 1333.7154 0:22:13 15200.79 105707.77 14766.02 14893.39 1.99 3.62 141.58 1896.77

homfam hormone_rec 3509 5 188.562 308 21.5 77.2 77.9 51.2 65.1 1633.8204 0:27:13 15202.46 105323.77 14756.34 14883.90 1.99 4.08 142.79 2342.16

homfam rhv 17976 6 143.424 938 33.1 35.7 49.4 1.3 0.1 13818.6741 3:50:18 15252.65 105338.82 14701.52 14817.64 1.99 15.44 158.10 21850.55

homfam tgfb 1606 8 95.4645 118 43.8 81.6 84.5 29.9 37.3 520.6700 0:08:40 15271.66 105396.50 14860.02 15010.51 1.99 1.87 102.10 533.06

homfam cryst 1160 7 80.8078 192 44.4 92.9 92.7 74.0 77.2 529.6105 0:08:49 14503.86 104544.76 13960.46 14137.20 1.99 1.58 106.47 565.32

homfam cyclo 6288 6 159.069 203 44.1 91.6 91.8 81.5 85.1 1855.4849 0:30:55 8277.45 100315.82 7773.65 7925.60 1.99 7.70 160.45 2975.73

homfam kunitz 2266 10 53.752 64 37.9 98.2 98.2 91.7 91.1 455.1934 0:07:35 15246.34 105372.54 14835.80 14988.92 1.99 1.86 93.51 427.05

homfam Rhodanese 14049 6 102.277 216 22.7 74.5 77.9 53.1 59.4 2120.4269 0:35:20 14541.49 104582.09 14021.92 14171.97 1.98 11.84 158.78 3365.25

homfam sodcu 2038 7 141.322 169 42.2 91.3 91.3 77.1 81.7 762.8508 0:12:42 8386.33 99682.44 7881.71 7999.88 1.99 2.42 123.21 950.87

homfam profilin 687 5 123.371 144 39.7 93.9 93.9 85.9 86.8 530.5442 0:08:50 15244.98 105370.34 14836.59 14952.10 1.99 1.45 90.38 483.04

homfam glob 3983 41 100.684 174 31.7 95.3 94.9 72.9 75.4 728.9797 0:12:08 8302.18 100206.53 7797.17 7915.96 1.99 3.37 116.52 857.73

homfam tim 3904 10 205.645 260 47.5 98.5 98.6 92.3 95.3 1752.1365 0:29:12 15200.01 105324.81 14787.63 14938.11 1.99 5.33 146.25 2569.31

homfam uce 4558 13 134.701 184 34.0 90.1 90.8 60.8 68.8 1136.0054 0:18:56 15202.95 105324.89 14776.53 14904.01 1.99 4.27 135.03 1538.71

homfam toxin 508 20 62.311 78 43.1 93.0 91.6 66.2 73.0 300.4917 0:05:00 7786.50 97787.40 7283.39 7431.10 1.99 0.84 98.25 296.51

homfam rub 1435 5 46.1575 54 62.1 97.6 97.6 88.9 90.2 350.3405 0:05:50 15300.00 105421.47 14863.17 15013.74 0.00 0.02 88.37 3.77

homfam hom 12037 8 53.4951 98 35.3 93.0 92.4 65.2 81.1 781.3928 0:13:01 14540.05 104680.60 13969.45 14085.31 1.99 7.05 110.67 868.69

homfam biotin_lipoyl 11833 7 71.8928 112 28.9 96.1 97.0 83.5 84.2 979.1027 0:16:19 8131.59 98238.65 7627.96 7793.22 1.99 7.90 117.95 1156.23

homfam cys 4316 13 198.11 284 40.5 93.6 93.0 64.2 78.3 1691.6904 0:28:11 14757.00 104799.47 14237.61 14365.07 1.99 6.09 143.01 2424.88

homfam ghf11 521 5 167.758 202 49.5 93.3 93.1 82.3 83.6 573.0765 0:09:33 8209.91 98325.47 7706.23 7863.28 1.99 1.17 129.49 743.48

homfam blmb 17200 6 192.465 344 20.6 68.1 73.7 41.8 52.3 5434.1980 1:30:34 7648.00 65112.91 7145.28 7379.06 1.98 19.63 170.12 9253.39

homfam aadh 3127 8 225.129 542 38.2 85.5 86.0 50.1 55.9 2037.6541 0:33:57 12025.92 102455.15 11486.67 11647.17 1.99 4.46 146.90 2996.90

homfam DEATH 1183 7 80.5689 159 19.6 84.1 83.9 62.1 69.0 482.8749 0:08:02 15201.60 105321.42 14775.25 14902.83 1.99 1.62 105.70 511.85

homfam Sulfotransfer 2489 5 235.798 381 26.2 66.8 73.5 35.8 44.3 2792.2335 0:46:32 15327.21 105446.57 14911.17 15041.88 1.99 4.12 158.73 4440.45

homfam serpin 3144 8 291.462 418 34.3 95.2 94.8 81.7 88.2 2945.1126 0:49:05 15230.96 105347.72 14800.98 14916.97 1.99 4.91 151.72 4472.79

homfam proteasome 5732 17 174.347 309 21.7 82.5 81.5 31.4 46.9 1355.9694 0:22:35 15204.68 105326.15 15224.24 15250.88 0.00 0.02 143.01 11.80

homfam zf-CCHH 88345 15 23.2513 39 35.5 96.9 96.2 88.6 93.0 1943.4037 0:32:23 15274.53 105402.01 14859.71 15042.01 5.95 41.62 115.30 2242.41

homfam egf 7774 12 32.0765 71 31.1 81.2 81.8 36.8 41.9 565.8961 0:09:25 14398.67 104450.59 13816.16 13993.10 1.98 6.13 122.15 692.67

homfam annexin 3139 6 65.1902 323 57.2 100.0 100.0 100.0 100.0 1253.6022 0:20:53 8121.61 98211.21 7618.42 7775.10 1.99 2.64 140.34 1760.89

homfam OTCace 4795 5 157.005 350 37.3 96.3 96.4 88.1 90.9 1417.5609 0:23:37 15280.07 105398.91 14864.52 15014.49 1.99 5.31 142.31 2025.37

homfam rnasemam 498 6 120.072 141 42.2 91.2 88.5 67.9 79.3 345.6941 0:05:45 7920.71 97899.18 7416.38 7564.73 1.99 0.95 114.40 396.83

homfam adh 21331 5 123.64 375 63.9 98.5 98.6 95.7 96.1 2995.4747 0:49:55 15211.31 105341.16 14804.49 14931.79 1.98 18.49 150.75 4525.01

homfam il8 1073 11 63.7623 81 34.5 92.1 91.5 67.5 76.9 446.2246 0:07:26 7811.32 97958.79 7306.19 7487.02 1.99 1.41 86.79 388.82

homfam hr 3707 5 65.1513 82 53.3 99.1 99.1 94.9 99.1 656.7631 0:10:56 7887.50 97986.33 7382.97 7531.91 33.99 3.91 111.33 734.00

homfam ChtBD 774 5 38.2713 45 59.3 99.3 99.0 95.3 97.1 345.2462 0:05:45 15274.39 105395.38 14831.32 14981.16 1.99 1.27 78.39 272.29

homfam gluts 10099 14 98.1117 235 39.4 90.7 91.7 66.1 70.7 2604.3552 0:43:24 15330.57 105838.67 14879.79 15006.47 1.98 8.25 161.85 4225.09

homfam ghf5 2717 6 260.466 470 17.8 66.1 66.0 36.5 51.3 3242.9030 0:54:02 15247.59 105373.61 14838.12 14953.51 1.99 4.42 166.87 5417.37

homfam ghf13 12607 10 264.452 626 26.8 60.6 63.3 28.4 37.5 7632.1184 2:07:12 11115.29 101435.31 10659.00 10766.55 1.99 16.61 169.24 12922.59

homfam PDZ 14950 6 80.8907 110 30.6 88.6 88.7 74.7 77.7 1259.3728 0:20:59 8345.22 100719.53 7840.34 8012.54 1.98 11.11 122.68 1556.54

homfam az 1086 29 100.416 215 33.4 76.0 75.9 39.7 44.1 507.7381 0:08:27 15197.54 105705.41 14760.89 14887.90 1.99 1.68 109.75 561.13

homfam hla 13465 5 153.148 178 76.5 100.0 100.0 100.0 100.0 1426.9668 0:23:46 11607.69 101706.10 11044.61 11159.93 1.99 13.80 127.11 1815.22

homfam slectin 932 5 133.052 142 33.3 94.4 94.6 85.4 89.2 790.4237 0:13:10 8152.04 100548.44 7647.07 7790.40 1.99 1.65 118.12 941.63

homfam GEL 2195 5 78.1157 150 23.7 71.8 73.7 40.4 56.0 630.5037 0:10:30 11853.70 101894.85 11333.80 11461.15 1.99 1.97 125.62 798.55

homfam kringle 1091 9 75.9138 100 43.3 93.2 92.4 76.4 80.6 381.1734 0:06:21 13048.48 103338.67 12868.52 13004.31 0.00 0.02 112.45 4.60

homfam p450 21013 12 331.506 512 20.8 79.6 79.1 37.7 46.6 11410.4073 3:10:10 10441.62 102503.23 9937.86 10089.86 1.98 33.31 156.61 17876.52

homfam gpdh 7691 8 129.082 360 55.1 96.2 96.0 88.3 91.1 1828.0776 0:30:28 11759.61 101824.80 11238.50 11392.48 1.99 8.09 140.44 2576.58

homfam int 7572 5 168.037 219 22.5 83.0 84.4 58.9 63.6 2181.2125 0:36:21 12959.35 103001.50 12415.75 12542.43 1.98 8.44 147.71 3230.47

homfam KAS 2070 6 174.528 404 31.7 86.4 86.2 69.5 75.2 1251.9694 0:20:51 8531.91 98687.70 8027.60 8145.87 1.99 2.82 125.76 1576.01

homfam trfl 837 7 242.315 702 61.9 93.9 94.6 87.9 86.8 2042.0035 0:34:02 12920.65 102969.75 12307.75 12435.12 1.99 1.83 158.77 3243.72

homfam TNF 556 5 119.903 176 32.0 86.8 86.0 72.0 76.2 454.5508 0:07:34 8131.69 98303.33 7628.15 7757.58 1.99 1.46 94.07 429.07

homfam scorptoxin 363 8 53.2562 74 46.3 89.5 88.8 72.6 77.4 330.5461 0:05:30 7718.82 97868.90 7214.01 7367.00 1.99 1.03 81.35 270.37

homfam aldosered 13277 7 268.547 386 41.6 87.2 90.1 70.5 76.6 5993.6530 1:39:53 9235.67 101183.65 8730.64 8885.33 13.98 18.16 161.51 9681.08

homfam rrm 27610 20 67.4587 157 22.9 87.3 85.3 22.5 30.7 1513.7204 0:25:13 8193.06 98127.34 8044.23 8101.28 13.98 29.27 112.92 1706.95

