homfam ricin 747 7 198.708 281 37.5 91.4 91.6 77.7 85.2 809.9564 0:13:29 8362.66 98441.69 7924.09 8094.97 1.99 1.35 138.15 1121.33
homfam ghf10 1502 5 220.34 364 43.3 94.8 94.7 83.0 89.0 1791.2697 0:29:51 9097.16 100898.88 8613.26 8763.18 1.99 2.62 154.49 2774.93
homfam seatoxin 93 5 43.6344 54 42.6 69.7 69.2 14.3 16.2 382.7733 0:06:22 8028.34 98112.61 7530.57 7680.65 1.99 0.63 91.11 350.16
homfam mofe 2567 6 353.074 609 30.0 85.7 87.4 70.4 76.3 3159.7950 0:52:39 10151.08 101769.50 9646.26 9764.67 1.99 4.47 159.36 5045.78
homfam cyt3 385 6 92.3065 130 40.3 82.6 81.7 61.0 69.1 407.4241 0:06:47 8057.81 98217.73 7558.95 7678.11 1.99 0.89 98.48 402.65
homfam ins 793 6 65.2825 74 44.9 92.2 92.4 66.7 89.9 635.8680 0:10:35 8269.88 101264.73 7753.41 7901.18 1.99 1.13 113.51 732.41
homfam Ald_Xan_dh_2 2589 6 109.304 885 31.8 82.4 82.5 62.0 70.0 3964.2762 1:06:04 8319.59 104777.39 7816.31 7933.96 73.99 2.99 163.95 6510.82
homfam tms 2118 5 264.245 357 45.9 96.5 96.0 86.7 92.6 2178.0078 0:36:18 9052.91 100997.48 8492.19 8621.67 1.99 3.22 155.10 3385.22
homfam phc 2957 12 98.4711 179 37.2 70.6 92.3 33.5 37.2 1040.9877 0:17:20 8489.66 100171.36 8037.00 8195.77 1.99 2.96 137.80 1440.29
homfam cytb 3206 6 82.1454 100 35.6 87.5 87.9 63.0 69.7 1227.6603 0:20:27 8179.36 100168.88 7674.14 7823.53 4.00 0.02 158.70 9.87
homfam mmp 1427 6 157.93 180 55.1 95.6 96.3 87.0 92.7 1239.3888 0:20:39 8466.00 100286.47 8027.66 8145.94 9.99 1.97 133.87 1669.05
homfam phoslip 946 18 113.33 137 48.9 94.6 94.3 72.1 81.8 557.7057 0:09:17 8182.18 98447.64 7632.57 7769.83 1.99 1.59 96.47 539.61
homfam HLH 6781 5 53.5453 92 28.1 89.0 94.0 65.5 77.1 920.5631 0:15:20 8203.90 100129.62 7695.22 7825.10 1.99 4.02 133.90 1243.56
homfam myb_DNA-binding 10398 5 46.5583 61 40.7 96.8 95.6 83.9 90.0 751.1871 0:12:31 8328.84 98496.13 7824.98 7954.37 1.98 5.98 121.13 915.43
homfam msb 4884 8 106.037 158 26.6 87.4 88.6 60.0 73.2 811.5321 0:13:31 8105.61 99517.49 7601.58 7731.04 1.98 4.85 115.44 943.62
homfam ghf1 4358 8 403.813 562 38.4 92.0 92.2 70.2 78.1 4692.9451 1:18:12 10868.43 102536.20 10364.07 10482.20 1.99 7.90 160.60 7544.87
homfam rvp 93681 6 94.2886 132 36.6 82.1 81.6 54.1 60.1 2409.3344 0:40:09 10442.21 100466.92 9926.70 10056.44 1.99 88.25 137.31 3309.51
homfam lyase_1 7632 5 295.082 511 30.9 81.1 81.1 62.6 66.3 3301.4522 0:55:01 9854.45 100488.36 9281.74 9399.81 1.99 10.88 160.24 5298.43
homfam ldh 7367 14 121.378 371 31.9 88.4 87.8 57.8 69.6 1924.5457 0:32:04 8720.66 98671.69 8496.99 8573.62 1.99 7.19 159.87 3078.47
homfam subt 7517 11 301.598 414 39.5 75.7 78.2 29.8 38.3 9272.8583 2:34:32 10208.73 101944.07 9704.05 9833.79 1.98 12.38 173.88 16132.53
homfam sodfe 4455 8 77.4471 219 42.3 91.0 90.4 64.6 68.4 1008.3775 0:16:48 8274.08 98729.07 7771.27 7889.91 1.99 3.61 125.02 1262.11
homfam LIM 6428 5 57.0143 86 52.8 97.3 97.3 86.6 94.2 677.3825 0:11:17 8157.14 98192.29 7652.66 7782.46 1.98 3.89 105.05 713.04
homfam blm 9105 8 300.727 274 39.1 74.5 82.4 55.1 57.2 6430.8009 1:47:10 10342.25 102042.80 10027.64 10125.29 298.10 15.17 167.74 10798.61
homfam DMRL_synthase 2099 5 140.59 182 33.2 93.1 90.2 74.6 83.3 869.5988 0:14:29 8343.52 98625.38 7842.00 8063.09 9.99 3.21 121.66 1059.54
homfam tRNA-synt_2b 11293 5 177.564 467 18.7 55.4 54.4 28.8 40.5 3656.0054 1:00:56 8901.79 100696.29 8417.02 8534.99 1.99 11.93 167.91 6149.01
homfam Stap_Strp_toxin 640 6 87.3922 254 32.5 85.9 85.7 56.0 61.3 687.1236 0:11:27 8165.73 98263.64 7715.45 7844.92 1.99 1.20 132.18 909.93
homfam Acetyltransf 46285 6 82.9897 229 24.1 63.3 63.3 33.3 43.6 4342.6365 1:12:22 9606.18 101136.96 9202.50 9367.16 57.96 33.95 171.94 7477.83
homfam ghf22 760 12 107.567 131 51.4 95.4 95.4 81.5 84.9 508.7133 0:08:28 8140.79 98408.19 7636.13 7763.31 1.99 1.41 95.19 485.75
homfam sdr 50157 13 163.253 361 23.3 68.6 72.4 35.6 45.0 4294.4423 1:11:34 10950.33 102126.82 10446.44 10598.62 1.96 55.49 153.55 6604.98
homfam ltn 1068 12 204.148 282 49.9 94.5 94.5 71.9 81.4 1034.7845 0:17:14 8820.23 98984.07 8315.29 8468.15 1.99 1.83 144.13 1492.98
homfam hpr 3349 5 83.0427 89 44.4 100.0 100.0 100.0 100.0 594.3172 0:09:54 7966.32 98172.33 7481.93 7650.98 1.99 3.72 126.34 752.28
homfam bowman 499 5 26.1443 73 64.9 93.0 93.0 81.4 82.0 349.5859 0:05:49 8125.52 98175.77 7762.96 7871.33 0.00 0.02 93.07 3.84
homfam hip 167 5 66.2096 88 33.4 87.6 86.6 67.9 76.7 441.9198 0:07:21 8095.12 98142.23 7597.39 7724.44 1.99 0.76 81.97 363.83
homfam HMG_box 4779 5 66.0716 89 24.8 94.5 93.9 79.0 86.8 550.2671 0:09:10 8035.45 98113.02 7579.96 7710.64 1.99 3.50 115.72 638.30
homfam icd 5678 5 328.887 433 41.7 93.8 94.2 83.5 87.1 4022.2613 1:07:02 10157.07 101940.84 9652.59 9783.02 1.99 8.25 163.29 6580.81
homfam peroxidase 4514 5 256.626 383 37.3 78.7 84.4 54.4 57.1 3840.1238 1:04:00 9287.95 101388.77 8785.96 8915.72 1.99 6.80 168.46 6477.59
homfam asp 3262 13 284.142 381 37.5 90.8 91.0 72.7 77.1 3037.3440 0:50:37 9573.16 101193.07 9111.38 9327.06 1.99 5.43 161.69 4919.05
homfam flav 4612 6 138.021 183 35.0 87.4 87.6 65.1 67.2 1426.9205 0:23:46 8301.19 100560.98 7813.57 7947.95 1.99 4.30 136.43 1956.00
homfam cah 1379 5 212.706 279 38.7 91.6 92.2 76.4 82.2 1306.7106 0:21:46 8650.60 98802.77 8146.75 8280.27 1.99 2.11 142.54 1864.08
homfam ace 3989 6 427.824 601 37.3 87.1 88.4 65.2 73.5 5884.0973 1:38:04 11461.42 103095.70 10957.44 11086.71 29.98 17.64 164.96 9705.69
homfam sti 613 5 165.383 198 36.4 87.7 86.7 67.9 73.7 552.7839 0:09:12 8357.85 98556.06 7908.53 8038.57 1.99 1.45 110.52 612.23
homfam aat 25100 10 337.807 476 28.6 67.7 69.1 30.2 35.9 8302.5030 2:18:22 11940.10 103431.57 11436.34 11615.55 2.01 36.64 165.66 13754.80
homfam oxidored_q6 3348 5 123.044 285 56.7 96.1 96.7 89.8 91.8 1312.4098 0:21:52 8429.06 100188.03 7887.02 8067.77 1.99 3.20 156.67 2058.14
homfam hormone_rec 3509 5 188.562 308 21.5 71.8 73.0 46.6 59.7 1444.9158 0:24:04 8714.71 100931.07 8159.38 8289.28 1.99 4.08 146.60 2125.60
homfam rhv 17976 6 143.424 938 33.1 39.6 50.4 3.7 2.8 14584.2898 4:03:04 9008.07 100704.52 8505.77 8721.50 41.99 15.45 165.83 24183.85
homfam tgfb 1606 8 95.4645 118 43.8 81.5 84.4 28.2 36.3 526.2112 0:08:46 8169.89 103345.87 7638.23 7801.39 1.99 1.60 115.58 609.66
homfam cryst 1160 7 80.8078 192 44.4 91.8 91.8 71.8 75.0 598.1981 0:09:58 8176.90 98476.30 7643.32 7823.07 1.99 1.64 116.73 699.80
homfam cyclo 6288 6 159.069 203 44.1 87.1 88.0 70.9 76.5 1874.9736 0:31:14 8544.42 100346.11 8154.34 8257.35 1.99 7.52 160.09 3010.27
homfam kunitz 2266 10 53.752 64 37.9 99.3 99.3 96.7 96.4 522.7651 0:08:42 8080.23 98169.29 7576.10 7696.71 1.99 1.88 98.56 516.68
homfam Rhodanese 14049 6 102.277 216 22.7 73.2 78.3 54.7 56.8 2452.2625 0:40:52 8848.22 100803.42 8699.63 8756.63 1.98 11.39 139.96 3437.89
homfam sodcu 2038 7 141.322 169 42.2 90.9 91.1 75.9 80.4 908.9484 0:15:08 8439.99 98546.47 7937.54 8099.76 21.99 2.35 130.94 1194.53
homfam profilin 687 5 123.371 144 39.7 93.8 93.8 85.9 86.8 557.3580 0:09:17 8185.07 98491.09 7666.91 7819.20 1.99 1.20 101.57 567.63
homfam glob 3983 41 100.684 174 31.7 95.3 95.1 71.2 74.5 785.3731 0:13:05 8075.76 100005.91 7659.29 7775.27 1.99 3.65 114.07 899.91
homfam tim 3904 10 205.645 260 47.5 97.8 98.0 90.7 94.0 1829.3257 0:30:29 9306.15 100658.54 8802.19 8982.68 1.99 7.59 148.52 2716.12
homfam uce 4558 13 134.701 184 34.0 89.5 89.5 54.2 63.2 984.3529 0:16:24 8319.12 100170.47 7897.36 8015.71 1.99 4.55 141.36 1393.71
homfam toxin 508 20 62.311 78 43.1 91.1 89.4 54.5 63.4 373.3369 0:06:13 8009.77 98153.93 7479.11 7709.43 1.99 0.88 92.44 346.71
homfam rub 1435 5 46.1575 54 62.1 97.6 97.6 88.9 90.2 431.6152 0:07:11 8342.54 98430.27 7837.96 7959.81 1.99 1.61 86.04 372.81
homfam hom 12037 8 53.4951 98 35.3 94.4 93.7 71.0 85.8 842.5930 0:14:02 8427.31 98425.24 7923.02 8134.37 1.99 6.82 112.91 956.20
homfam biotin_lipoyl 11833 7 71.8928 112 28.9 95.0 95.4 82.4 84.7 839.0542 0:13:59 8045.54 98249.29 7574.74 7724.10 5.99 10.39 136.72 1148.87
homfam cys 4316 13 198.11 284 40.5 94.1 93.6 65.7 80.6 1605.5226 0:26:45 8900.30 100791.19 8396.45 8553.80 1.99 6.00 154.42 2483.01
homfam ghf11 521 5 167.758 202 49.5 95.8 95.6 88.5 90.0 721.2101 0:12:01 8251.81 98835.51 7747.50 7902.60 1.99 1.68 112.70 814.21
homfam blmb 17200 6 192.465 344 20.6 68.8 73.0 43.3 51.6 5478.5595 1:31:18 9577.57 101212.50 9036.47 9193.86 1.98 19.06 175.75 9639.09
homfam aadh 3127 8 225.129 542 38.2 85.0 85.2 53.7 59.0 2049.7311 0:34:09 8955.19 100887.45 8451.50 8581.09 1.99 7.32 152.33 3127.69
homfam DEATH 1183 7 80.5689 159 19.6 73.5 74.5 44.4 45.5 573.1635 0:09:33 8101.58 98402.24 7569.70 7716.09 1.99 2.02 108.94 626.02
homfam Sulfotransfer 2489 5 235.798 381 26.2 66.3 72.2 38.5 47.6 2636.1473 0:43:56 8900.65 100808.05 8396.27 8514.60 1.99 4.23 159.79 4221.60
homfam serpin 3144 8 291.462 418 34.3 95.4 94.7 82.7 89.9 3228.4086 0:53:48 9921.50 101734.50 9416.67 9546.90 1.99 4.68 162.41 5251.83
homfam proteasome 5732 17 174.347 309 21.7 82.6 79.7 33.1 49.6 1689.5265 0:28:09 8652.03 99985.15 8115.77 8244.95 5.99 6.05 143.88 2437.54
homfam zf-CCHH 88345 15 23.2513 39 35.5 97.1 96.5 88.6 93.0 1411.4224 0:23:31 8806.48 98893.89 8301.68 8432.12 5.94 56.11 124.87 1764.32
homfam egf 7774 12 32.0765 71 31.1 77.3 78.6 33.8 41.8 615.9338 0:10:15 8447.16 98467.61 7942.41 8072.40 1.98 4.54 97.23 600.34
homfam annexin 3139 6 65.1902 323 57.2 100.0 100.0 100.0 100.0 1523.3631 0:25:23 8295.22 98333.55 7764.62 7994.87 1.99 2.66 153.45 2339.02
homfam OTCace 4795 5 157.005 350 37.3 97.3 97.3 92.0 94.1 1453.5229 0:24:13 8339.32 99738.66 7822.62 7941.04 1.99 5.34 145.65 2121.23
homfam rnasemam 498 6 120.072 141 42.2 94.2 90.9 72.4 84.4 464.4833 0:07:44 8160.96 98347.26 7658.23 7807.47 1.99 1.26 99.28 462.52
homfam adh 21331 5 123.64 375 63.9 61.1 78.9 12.3 12.0 2514.8537 0:41:54 9472.09 101077.20 8968.03 9147.68 1.98 43.21 149.58 3762.32
homfam il8 1073 11 63.7623 81 34.5 91.4 90.9 68.8 78.4 437.4556 0:07:17 8066.50 98227.43 7577.84 7754.79 1.99 1.39 96.99 425.78
homfam hr 3707 5 65.1513 82 53.3 99.1 99.1 94.9 99.1 671.9814 0:11:11 8065.09 99401.10 7856.45 7882.85 57.99 3.02 114.01 772.52
homfam ChtBD 774 5 38.2713 45 59.3 98.3 98.1 93.0 94.7 352.5027 0:05:52 8257.18 98388.40 7752.99 7882.91 1.99 1.38 90.15 319.26
homfam gluts 10099 14 98.1117 235 39.4 88.5 89.6 65.2 69.7 2525.8859 0:42:05 8570.59 100636.39 8066.64 8184.56 1.98 8.42 161.91 4099.26
homfam ghf5 2717 6 260.466 470 17.8 65.7 65.2 35.2 49.6 2763.4371 0:46:03 9248.12 101046.73 8780.30 8909.87 1.99 4.42 161.06 4459.80
homfam ghf13 12607 10 264.452 626 26.8 63.2 63.3 26.8 36.6 7006.8218 1:56:46 10158.75 101964.02 9697.30 9827.42 13.99 16.97 175.79 12323.44
homfam PDZ 14950 6 80.8907 110 30.6 89.5 89.2 76.8 79.1 1337.4913 0:22:17 8462.78 100237.38 7943.97 8061.67 1.99 10.99 141.14 1896.74
homfam az 1086 29 100.416 215 33.4 75.6 74.9 42.4 47.3 577.7125 0:09:37 8123.49 99660.05 7620.45 7772.97 1.99 1.80 111.74 651.31
homfam hla 13465 5 153.148 178 76.5 100.0 100.0 100.0 100.0 1351.8488 0:22:31 9102.08 99184.18 8597.79 8754.97 1.99 18.97 140.11 1895.60
homfam slectin 932 5 133.052 142 33.3 94.5 94.4 86.1 90.3 900.6361 0:15:00 8248.20 100147.48 7743.49 7917.74 1.99 1.70 114.94 1045.69
homfam GEL 2195 5 78.1157 150 23.7 70.0 69.4 39.7 55.9 756.8068 0:12:36 8095.18 100066.53 7595.12 7749.80 1.99 2.24 107.79 819.07
homfam kringle 1091 9 75.9138 100 43.3 94.7 93.6 76.4 80.9 400.8650 0:06:40 8110.23 98046.87 7610.78 7756.05 1.99 1.24 112.29 451.60
homfam p450 21013 12 331.506 512 20.8 79.7 79.1 42.9 53.3 11568.6066 3:12:48 12412.89 103547.09 11908.91 12065.61 1.98 33.03 164.83 19075.34
homfam gpdh 7691 8 129.082 360 55.1 95.6 95.6 87.2 89.8 1808.9274 0:30:08 8670.37 100372.79 8165.67 8283.82 1.99 8.29 150.31 2727.19
homfam int 7572 5 168.037 219 22.5 91.8 92.4 77.2 83.7 2111.5315 0:35:11 8860.95 100527.04 8356.81 8486.15 1.98 8.46 156.86 3322.86
homfam KAS 2070 6 174.528 404 31.7 86.4 86.3 68.8 73.6 1172.4550 0:19:32 8745.19 98817.57 8334.16 8480.15 1.99 2.88 149.24 1751.05
homfam trfl 837 7 242.315 702 61.9 96.1 96.3 90.7 91.3 2350.8172 0:39:10 9071.91 99037.19 8706.04 8853.85 0.00 0.02 166.05 19.82
homfam TNF 556 5 119.903 176 32.0 86.1 85.3 70.7 74.4 543.7299 0:09:03 8239.53 98868.22 7704.03 7822.43 1.99 1.29 95.01 518.02
homfam scorptoxin 363 8 53.2562 74 46.3 89.0 88.1 69.9 77.7 348.6073 0:05:48 8325.52 98372.23 7821.42 7970.86 1.99 1.02 84.91 297.58
homfam aldosered 13277 7 268.547 386 41.6 87.5 90.5 69.5 76.3 5335.2537 1:28:55 10217.47 102135.05 9712.40 9869.77 9.98 18.64 166.36 8879.11
homfam rrm 27610 20 67.4587 157 22.9 83.4 81.8 23.4 26.8 1412.0170 0:23:32 8747.87 99255.72 8244.45 8373.65 81.98 29.86 124.17 1756.08
