homfam ricin 747 7 198.708 281 37.5 88.6 88.9 73.3 79.2 1006.6214 0:16:46 15153.05 105254.28 14770.78 14888.39 1.99 1.36 131.36 1328.67
homfam ghf10 1502 5 220.34 364 43.3 93.3 93.5 78.9 85.3 1904.7291 0:31:44 9423.49 100916.68 8919.11 9038.41 1.99 4.24 153.73 2929.15
homfam seatoxin 93 5 43.6344 54 42.6 64.8 62.8 12.2 12.0 377.4529 0:06:17 15111.16 105129.17 14716.36 14833.39 1.99 0.88 84.21 319.40
homfam mofe 2567 6 353.074 609 30.0 85.5 88.2 67.9 74.6 3592.4853 0:59:52 15080.25 105182.54 14689.17 14806.66 1.99 4.52 164.59 5920.24
homfam cyt3 385 6 92.3065 130 40.3 73.7 73.9 43.2 49.6 516.6635 0:08:36 15061.69 105078.20 14700.79 14840.61 1.99 1.07 135.96 702.32
homfam ins 793 6 65.2825 74 44.9 90.7 96.3 65.2 87.8 654.1208 0:10:54 8325.52 99729.83 7821.60 7969.86 1.99 1.11 126.69 839.19
homfam Ald_Xan_dh_2 2589 6 109.304 885 31.8 83.7 83.8 64.8 72.8 4107.9528 1:08:27 14411.20 104493.10 13925.74 14042.49 105.99 2.60 160.35 6597.88
homfam tms 2118 5 264.245 357 45.9 95.4 95.1 84.2 89.7 2375.3389 0:39:35 9077.03 103148.86 8712.34 8888.95 1.99 3.34 166.19 3955.00
homfam phc 2957 12 98.4711 179 37.2 69.2 89.3 33.5 36.7 1047.3890 0:17:27 8666.83 100073.08 8078.99 8247.57 1.99 2.93 147.50 1554.44
homfam cytb 3206 6 82.1454 100 35.6 83.0 83.5 56.5 61.4 1619.0401 0:26:59 11854.58 101879.18 11382.90 11544.92 20.00 0.02 149.81 11.73
homfam mmp 1427 6 157.93 180 55.1 95.5 96.4 87.0 92.1 1408.2513 0:23:28 8715.59 100259.20 8327.21 8480.43 5.99 3.16 142.22 2001.34
homfam phoslip 946 18 113.33 137 48.9 91.7 91.3 64.0 73.3 581.0407 0:09:41 8257.75 98496.10 7866.51 7988.11 1.99 1.61 116.46 678.17
homfam HLH 6781 5 53.5453 92 28.1 89.0 92.8 67.9 77.4 1076.8297 0:17:56 15078.08 105185.20 14763.41 14869.37 1.99 6.68 148.74 1601.05
homfam myb_DNA-binding 10398 5 46.5583 61 40.7 96.8 95.6 83.9 90.0 942.1960 0:15:42 8327.69 99437.90 7991.54 8138.55 1.98 5.90 137.79 1307.89
homfam msb 4884 8 106.037 158 26.6 52.5 80.5 2.1 1.0 889.3639 0:14:49 8554.23 98890.36 8010.58 8190.48 1.98 4.43 120.76 1075.40
homfam ghf1 4358 8 403.813 562 38.4 91.8 92.2 72.0 80.9 4993.5776 1:23:13 10907.24 102409.12 10787.74 10817.76 1.99 13.68 164.39 8209.52
homfam rvp 93681 6 94.2886 132 36.6 83.1 83.8 51.4 57.8 3168.8787 0:52:48 15162.04 105270.55 14794.92 14900.23 5.99 58.71 124.10 3934.21
homfam lyase_1 7632 5 295.082 511 30.9 76.9 77.0 58.8 59.0 3945.5633 1:05:45 13719.19 103736.53 13239.26 13345.21 1.99 10.24 160.84 6351.99
homfam ldh 7367 14 121.378 371 31.9 91.3 90.8 64.6 75.8 2190.8616 0:36:30 8933.48 100008.46 8582.94 8818.09 1.99 7.41 154.55 3393.23
homfam subt 7517 11 301.598 414 39.5 75.7 78.4 28.1 39.2 10728.5653 2:58:48 10760.46 101988.57 10567.63 10597.63 1.98 12.36 174.15 18690.11
homfam sodfe 4455 8 77.4471 219 42.3 91.2 90.5 66.5 69.4 1140.5230 0:19:00 15084.14 105182.79 14710.27 14850.75 1.99 5.00 142.94 1631.81
homfam LIM 6428 5 57.0143 86 52.8 97.3 97.3 86.6 94.2 693.1193 0:11:33 8157.06 98369.60 7627.71 7807.60 1.99 4.36 113.44 787.90
homfam blm 9105 8 300.727 274 39.1 20.8 32.7 0.0 0.0 6486.6000 1:48:06 13920.97 103938.80 13441.10 13581.32 1.98 13.22 167.02 10843.26
homfam DMRL_synthase 2099 5 140.59 182 33.2 92.4 89.8 71.6 82.3 899.1951 0:14:59 8588.71 98899.72 8136.64 8317.61 1.99 3.20 136.28 1227.14
homfam tRNA-synt_2b 11293 5 177.564 467 18.7 19.9 25.7 0.0 0.0 2785.8738 0:46:25 9703.79 100709.27 9199.31 9364.26 1.99 11.69 153.63 4287.15
homfam Stap_Strp_toxin 640 6 87.3922 254 32.5 77.6 77.1 46.9 52.7 828.4202 0:13:48 15128.02 105179.25 14606.58 14724.33 1.99 1.22 125.35 1040.09
homfam Acetyltransf 46285 6 82.9897 229 24.1 33.7 35.9 0.0 0.0 4268.9900 1:11:08 11803.48 102294.93 11298.88 11416.27 5.96 33.71 159.14 6803.05
homfam ghf22 760 12 107.567 131 51.4 97.4 97.7 90.8 93.5 904.7074 0:15:04 15077.86 105242.27 14688.58 14794.79 1.99 1.17 139.34 1268.83
homfam sdr 50157 13 163.253 361 23.3 58.3 64.5 12.0 13.4 5740.8757 1:35:40 15224.50 105396.20 14997.95 15092.15 49.97 55.67 148.74 8541.30
homfam ltn 1068 12 204.148 282 49.9 93.2 93.7 71.9 79.0 1207.8022 0:20:07 12609.41 102627.57 12129.47 12246.70 1.99 2.15 151.52 1835.33
homfam hpr 3349 5 83.0427 89 44.4 99.3 99.3 97.7 98.5 717.4939 0:11:57 8157.01 98395.34 7791.01 7902.31 1.99 3.59 117.17 842.21
homfam bowman 499 5 26.1443 73 64.9 94.5 94.5 82.9 84.9 317.5868 0:05:17 15061.29 105079.21 14732.85 14896.42 1.99 0.96 72.04 230.31
homfam hip 167 5 66.2096 88 33.4 87.2 86.2 61.9 69.2 422.4332 0:07:02 15132.88 105179.20 14607.70 14771.21 1.99 0.94 81.66 346.53
homfam HMG_box 4779 5 66.0716 89 24.8 97.3 96.2 85.2 93.9 679.9610 0:11:19 8143.23 98388.25 7761.75 7873.74 1.99 3.24 119.65 815.18
homfam icd 5678 5 328.887 433 41.7 92.5 93.1 82.4 86.3 4591.0970 1:16:31 13310.66 103333.07 12810.89 12928.25 1.99 8.79 163.78 7528.87
homfam peroxidase 4514 5 256.626 383 37.3 78.8 82.9 49.0 53.7 4091.1079 1:08:11 9629.87 101235.70 9158.48 9287.44 1.99 6.96 167.31 6856.41
homfam asp 3262 13 284.142 381 37.5 90.8 91.2 71.9 77.1 3234.4255 0:53:54 15057.27 105157.69 14586.78 14703.78 1.99 10.83 162.10 5243.66
homfam flav 4612 6 138.021 183 35.0 87.9 88.1 66.3 68.0 1572.5709 0:26:12 15138.77 105232.83 14709.51 14815.72 1.99 4.49 149.96 2368.52
homfam cah 1379 5 212.706 279 38.7 89.6 89.9 72.0 78.7 1454.0072 0:24:14 12312.45 102428.58 11775.39 11881.04 101.99 2.43 144.01 2103.66
homfam ace 3989 6 427.824 601 37.3 85.3 86.5 64.0 71.4 8093.0700 2:14:53 11375.44 102942.91 10923.59 11041.44 1.98 8.55 168.13 13616.03
homfam sti 613 5 165.383 198 36.4 84.1 82.9 63.0 67.8 714.3303 0:11:54 8675.30 100043.03 8120.92 8252.66 0.00 0.02 128.56 5.26
homfam aat 25100 10 337.807 476 28.6 70.1 71.2 29.3 34.3 9222.8447 2:33:42 14116.76 105627.43 13616.23 13772.90 1.98 36.38 159.86 14744.56
homfam oxidored_q6 3348 5 123.044 285 56.7 96.4 96.3 89.5 91.4 1520.3193 0:25:20 8506.84 100143.13 7964.25 8133.71 1.99 3.57 148.69 2270.05
homfam hormone_rec 3509 5 188.562 308 21.5 74.7 74.4 46.3 59.4 1831.6027 0:30:31 15115.96 105232.71 14776.82 14894.52 1.99 4.03 155.73 2862.03
homfam rhv 17976 6 143.424 938 33.1 26.0 38.7 0.2 0.1 14142.4020 3:55:42 10474.73 101804.70 9933.34 10039.43 1.99 15.50 158.71 22452.39
homfam tgfb 1606 8 95.4645 118 43.8 80.2 82.8 29.1 37.0 676.3474 0:11:16 15151.19 105179.43 14607.67 14713.83 1.99 1.57 108.73 736.95
homfam cryst 1160 7 80.8078 192 44.4 92.4 92.2 71.8 75.0 638.1221 0:10:38 15090.09 105244.32 14707.02 14813.10 1.99 1.79 126.11 806.30
homfam cyclo 6288 6 159.069 203 44.1 88.3 90.1 75.1 79.1 2488.0094 0:41:28 12515.11 102531.88 12010.91 12116.42 1.99 7.32 158.29 3938.39
homfam kunitz 2266 10 53.752 64 37.9 98.2 98.2 91.7 91.1 578.4699 0:09:38 15082.87 105181.50 14696.53 14860.81 1.99 2.35 98.47 571.13
homfam Rhodanese 14049 6 102.277 216 22.7 61.4 62.2 28.6 33.4 2611.2257 0:43:31 14674.53 104692.00 14119.51 14236.60 1.98 11.48 156.71 4092.85
homfam sodcu 2038 7 141.322 169 42.2 90.2 90.3 74.7 79.0 991.1318 0:16:31 12837.18 102879.98 12356.67 12473.98 1.99 2.36 130.88 1302.53
homfam profilin 687 5 123.371 144 39.7 94.3 94.3 86.7 87.7 570.1060 0:09:30 15078.01 105179.29 14654.81 14795.34 1.99 1.21 118.84 683.47
homfam glob 3983 41 100.684 174 31.7 95.2 94.9 71.2 74.4 1028.7684 0:17:08 8586.73 100090.77 7980.99 8133.79 1.99 3.66 127.55 1320.33
homfam tim 3904 10 205.645 260 47.5 95.4 96.7 84.9 88.2 1739.5990 0:28:59 14340.34 104432.01 13832.25 13938.20 1.99 5.38 144.42 2522.22
homfam uce 4558 13 134.701 184 34.0 90.3 91.1 63.9 71.0 1261.3524 0:21:01 8914.59 100308.20 8492.75 8664.89 1.99 4.47 142.75 1806.95
homfam toxin 508 20 62.311 78 43.1 92.6 91.1 58.4 67.4 403.7802 0:06:43 12282.33 102300.52 11917.49 12012.33 1.99 0.84 93.72 379.79
homfam rub 1435 5 46.1575 54 62.1 98.4 98.4 92.6 93.5 404.0462 0:06:44 15048.28 105155.39 14742.05 14848.31 1.99 1.23 86.56 351.19
homfam hom 12037 8 53.4951 98 35.3 96.9 96.5 75.4 91.2 887.7301 0:14:47 15131.89 105189.07 14618.58 14758.49 1.99 6.85 118.07 1049.51
homfam biotin_lipoyl 11833 7 71.8928 112 28.9 96.5 94.8 81.2 84.2 979.6665 0:16:19 8645.43 98837.08 8105.96 8286.45 1.99 8.19 126.20 1238.01
homfam cys 4316 13 198.11 284 40.5 92.4 92.0 62.3 76.2 1825.4735 0:30:25 15085.87 105183.78 14704.29 14821.36 0.00 0.02 148.06 12.57
homfam ghf11 521 5 167.758 202 49.5 89.1 92.0 75.0 78.9 1095.0909 0:18:15 15155.73 105254.27 14782.14 14922.56 1.99 1.46 131.79 1455.13
homfam blmb 17200 6 192.465 344 20.6 67.4 74.6 41.8 50.6 4996.8780 1:23:16 15094.44 105196.64 14724.11 14830.41 1.98 18.72 168.03 8398.74
homfam aadh 3127 8 225.129 542 38.2 85.6 85.8 51.7 57.7 2200.6131 0:36:40 15131.16 105155.65 14729.16 14846.23 1.99 4.73 153.99 3397.02
homfam DEATH 1183 7 80.5689 159 19.6 73.1 74.3 44.4 45.5 616.5795 0:10:16 15085.08 105179.35 14666.30 14806.83 1.99 1.68 114.54 707.75
homfam Sulfotransfer 2489 5 235.798 381 26.2 62.6 74.8 37.8 44.1 3316.7040 0:55:16 15105.80 105270.51 14677.90 14794.91 1.99 4.14 170.92 5677.21
homfam serpin 3144 8 291.462 418 34.3 95.3 94.7 82.9 89.3 3195.4660 0:53:15 15135.46 105296.67 14759.83 14877.53 1.99 4.81 164.95 5278.84
homfam proteasome 5732 17 174.347 309 21.7 64.6 78.4 0.3 0.0 1695.6157 0:28:15 9020.72 100208.10 8442.63 8577.61 1.99 5.99 143.93 2445.56
homfam zf-CCHH 88345 15 23.2513 39 35.5 97.1 96.5 88.6 93.0 2139.6803 0:35:39 15250.35 105374.95 14738.55 14855.25 57.95 54.16 114.64 2455.67
homfam egf 7774 12 32.0765 71 31.1 74.4 77.5 22.1 38.2 616.6132 0:10:16 15086.22 105186.32 14715.34 14878.13 1.98 4.90 114.60 708.16
homfam annexin 3139 6 65.1902 323 57.2 100.0 100.0 100.0 100.0 1833.1187 0:30:33 8523.83 98685.49 8103.72 8233.81 0.00 0.02 152.76 13.11
homfam OTCace 4795 5 157.005 350 37.3 95.4 95.6 87.2 89.6 1696.8149 0:28:16 8894.26 99124.92 8514.41 8643.78 1.99 4.97 149.78 2543.16
homfam rnasemam 498 6 120.072 141 42.2 89.3 85.8 61.9 72.4 533.6335 0:08:53 15090.28 105180.23 14685.08 14826.14 1.99 1.37 100.47 537.66
homfam adh 21331 5 123.64 375 63.9 94.6 95.1 88.5 88.8 3616.0739 1:00:16 15099.86 105199.10 14723.54 14829.80 0.00 0.02 165.83 27.58
homfam il8 1073 11 63.7623 81 34.5 91.4 91.0 68.8 76.9 396.7714 0:06:36 10838.86 100742.64 10272.61 10405.05 1.99 1.11 121.11 481.96
homfam hr 3707 5 65.1513 82 53.3 99.1 99.1 94.9 99.1 603.2548 0:10:03 8079.91 99578.91 7541.47 7710.76 241.99 2.88 138.58 829.22
homfam ChtBD 774 5 38.2713 45 59.3 99.3 99.0 95.3 97.1 397.6925 0:06:37 7831.40 98094.12 7289.12 7469.26 1.99 0.96 83.58 333.85
homfam gluts 10099 14 98.1117 235 39.4 88.8 89.8 66.1 70.7 3040.5847 0:50:40 13370.20 103387.20 12815.48 12932.72 1.98 8.14 168.18 5126.32
homfam ghf5 2717 6 260.466 470 17.8 66.5 66.4 33.9 47.8 3593.1440 0:59:53 15087.38 105182.55 14692.00 14798.01 1.99 4.41 168.61 6067.70
homfam ghf13 12607 10 264.452 626 26.8 64.6 65.7 27.5 35.6 8537.3909 2:22:17 14451.04 104467.11 13871.29 13988.90 1.99 16.38 174.85 14930.85
homfam PDZ 14950 6 80.8907 110 30.6 78.8 79.5 64.6 66.2 1572.2420 0:26:12 15093.71 105193.38 14721.86 14931.83 1.98 11.37 132.64 2096.54
homfam az 1086 29 100.416 215 33.4 75.8 75.6 38.6 38.9 681.8335 0:11:21 15112.18 105129.34 14733.78 14850.78 0.00 0.02 113.53 5.82
homfam hla 13465 5 153.148 178 76.5 100.0 100.0 100.0 100.0 1754.5510 0:29:14 11296.25 101314.80 10792.09 10909.28 1.99 13.64 144.12 2533.55
homfam slectin 932 5 133.052 142 33.3 92.2 92.9 82.5 86.4 964.3117 0:16:04 15076.89 105180.32 14683.92 14790.16 1.99 1.65 129.97 1262.25
homfam GEL 2195 5 78.1157 150 23.7 70.1 70.5 39.0 53.1 871.9419 0:14:31 8247.61 98373.65 7900.93 8001.25 1.99 2.02 128.42 1121.55
homfam kringle 1091 9 75.9138 100 43.3 92.6 91.6 70.8 75.4 549.6876 0:09:09 8022.54 98264.27 7591.61 7747.64 1.99 1.51 97.28 536.15
homfam p450 21013 12 331.506 512 20.8 75.9 75.6 34.7 42.6 12824.2639 3:33:44 14718.11 106365.18 14339.60 14450.02 1.99 32.86 163.94 21024.69
homfam gpdh 7691 8 129.082 360 55.1 94.4 94.2 84.6 87.5 2271.4262 0:37:51 14893.30 104975.04 14338.50 14455.81 1.99 7.78 151.19 3443.29
homfam int 7572 5 168.037 219 22.5 84.5 85.4 63.4 68.2 2402.4092 0:40:02 15086.48 105250.30 14706.61 14823.53 1.98 8.06 162.94 3925.28
homfam KAS 2070 6 174.528 404 31.7 78.7 82.7 54.2 62.7 1338.9246 0:22:18 15079.34 105180.47 14673.34 14790.35 1.99 2.79 158.86 2128.60
homfam trfl 837 7 242.315 702 61.9 92.9 95.0 85.4 83.7 2432.8479 0:40:32 13199.01 103228.42 12707.39 12824.21 1.99 1.61 167.84 4088.90
homfam TNF 556 5 119.903 176 32.0 79.9 79.1 55.4 59.7 548.8794 0:09:08 8465.10 98785.71 7895.06 8073.67 1.99 1.30 104.10 572.62
homfam scorptoxin 363 8 53.2562 74 46.3 90.6 89.7 72.6 79.8 327.1840 0:05:27 15127.72 105229.22 14757.83 14921.87 1.99 1.01 92.41 303.80
homfam aldosered 13277 7 268.547 386 41.6 87.8 89.9 68.9 75.7 5377.1972 1:29:37 11969.56 102655.07 11622.99 11716.70 8.00 0.02 163.78 37.43
homfam rrm 27610 20 67.4587 157 22.9 82.1 80.1 17.1 22.7 1698.3978 0:28:18 9005.15 99284.89 8499.70 8660.47 1.98 17.75 134.85 2291.75
