homfam ricin 747 7 198.708 281 37.5 91.1 92.0 76.2 84.2 470.6006 0:07:50 15095.06 105005.50 14777.23 14940.77 0.00 0.02 149.55 5.50
homfam ghf10 1502 5 220.34 364 43.3 92.6 93.1 79.9 85.9 1148.2094 0:19:08 15107.94 104932.57 14728.08 14868.83 1.99 2.50 151.06 1743.14
homfam seatoxin 93 5 43.6344 54 42.6 66.7 64.1 8.2 9.3 160.5080 0:02:40 13301.14 103128.61 12824.79 12942.42 1.99 0.64 107.28 173.66
homfam mofe 2567 6 353.074 609 30.0 88.1 88.8 69.6 78.3 3070.5842 0:51:10 15159.06 104983.62 14628.92 14746.37 1.99 4.32 160.67 4943.00
homfam cyt3 385 6 92.3065 130 40.3 79.3 80.6 60.2 68.4 186.1931 0:03:06 14456.15 104344.91 13977.42 14094.46 1.99 1.17 115.12 215.88
homfam ins 793 6 65.2825 74 44.9 91.3 92.7 63.8 85.7 341.5945 0:05:41 15197.87 105106.48 14799.23 14916.27 1.99 1.08 146.51 509.63
homfam Ald_Xan_dh_2 2589 6 109.304 885 31.8 82.9 83.1 63.5 71.6 1865.0049 0:31:05 15073.84 104983.66 14703.69 14821.42 1.99 2.64 160.03 2992.03
homfam tms 2118 5 264.245 357 45.9 96.4 96.2 87.0 92.0 1323.8193 0:22:03 15058.64 104882.61 14635.74 14845.31 1.99 5.14 157.26 2090.84
homfam phc 2957 12 98.4711 179 37.2 90.0 92.2 62.6 66.7 567.0770 0:09:27 15145.53 105058.72 14779.31 14942.90 1.99 2.68 135.70 778.06
homfam cytb 3206 6 82.1454 100 35.6 89.8 90.4 71.7 79.8 706.1983 0:11:46 15057.30 104883.70 14630.95 14771.71 1.99 2.71 154.20 1097.66
homfam mmp 1427 6 157.93 180 55.1 95.0 96.4 85.8 91.4 756.8888 0:12:36 15071.94 104983.54 14704.21 14914.78 1.99 2.27 157.55 1201.40
homfam phoslip 946 18 113.33 137 48.9 96.1 95.9 76.5 86.1 274.1843 0:04:34 6910.07 102954.27 6405.80 6535.66 1.99 1.64 114.69 317.76
homfam HLH 6781 5 53.5453 92 28.1 82.2 86.7 51.2 69.5 579.6246 0:09:39 15096.83 105013.11 14696.95 14814.60 1.99 4.33 137.63 807.39
homfam myb_DNA-binding 10398 5 46.5583 61 40.7 94.6 94.2 80.4 86.0 392.4806 0:06:32 15065.60 104890.33 14797.78 14938.14 1.98 5.87 130.54 516.64
homfam msb 4884 8 106.037 158 26.6 85.6 87.3 61.4 74.2 477.1526 0:07:57 15073.71 104984.86 14805.54 14945.93 1.98 7.04 124.03 590.03
homfam ghf1 4358 8 403.813 562 38.4 92.2 92.3 71.4 79.5 3193.0512 0:53:13 14311.07 104199.45 13857.66 13974.71 1.99 9.43 154.76 4945.39
homfam rvp 93681 6 94.2886 132 36.6 80.7 80.0 51.4 57.8 2111.4826 0:35:11 11692.93 101617.14 11240.09 11345.73 124.00 0.75 105.61 2238.38
homfam lyase_1 7632 5 295.082 511 30.9 80.4 80.3 59.8 65.5 2395.5068 0:39:55 13639.45 103462.84 13076.72 13182.21 1.99 10.52 141.36 3386.80
homfam ldh 7367 14 121.378 371 31.9 89.6 89.5 62.4 71.7 1011.9394 0:16:51 15133.64 104988.16 14642.44 14783.36 1.99 7.36 146.65 1489.97
homfam subt 7517 11 301.598 414 39.5 79.8 81.6 35.2 48.1 8814.2817 2:26:54 12462.97 103250.45 12121.89 12262.35 1.98 11.85 173.06 15260.54
homfam sodfe 4455 8 77.4471 219 42.3 90.4 89.9 64.6 68.5 573.6435 0:09:33 15210.73 105035.85 14791.32 14955.01 1.99 3.31 145.72 837.31
homfam LIM 6428 5 57.0143 86 52.8 98.5 98.5 90.2 98.4 355.0243 0:05:55 13135.02 103820.43 13017.92 13047.12 1.99 3.89 124.93 445.06
homfam blm 9105 8 300.727 274 39.1 73.2 75.0 48.3 50.3 3949.2715 1:05:49 12947.67 103202.84 12450.65 12568.10 1.98 13.66 163.46 6453.15
homfam DMRL_synthase 2099 5 140.59 182 33.2 92.2 89.6 74.6 83.3 370.7477 0:06:10 15070.83 104982.60 14699.20 14839.15 1.99 2.30 131.53 489.12
homfam tRNA-synt_2b 11293 5 177.564 467 18.7 48.1 46.5 20.6 27.4 2187.0875 0:36:27 7927.52 102994.76 7574.55 7714.95 1.99 11.81 163.72 3584.87
homfam Stap_Strp_toxin 640 6 87.3922 254 32.5 80.3 79.7 46.9 52.3 427.7188 0:07:07 15070.77 104980.45 14667.42 14831.04 1.99 1.30 147.46 632.26
homfam Acetyltransf 46285 6 82.9897 229 24.1 68.9 65.7 33.3 43.9 3109.3855 0:51:49 7818.96 99574.00 7315.01 7437.28 1.97 33.75 163.21 5075.96
homfam ghf22 760 12 107.567 131 51.4 93.6 94.0 80.8 84.4 221.7803 0:03:41 15059.82 104907.49 14719.54 14859.58 1.99 1.11 117.93 263.14
homfam sdr 50157 13 163.253 361 23.3 75.2 78.1 24.3 30.8 3443.6893 0:57:23 8507.95 103013.25 8324.38 8353.52 1.96 54.68 135.67 4674.42
homfam ltn 1068 12 204.148 282 49.9 93.4 93.7 68.8 77.8 736.0373 0:12:16 15051.26 104882.49 14776.87 14871.22 1.99 1.83 137.37 1016.47
homfam hpr 3349 5 83.0427 89 44.4 99.3 99.3 97.7 98.5 272.8152 0:04:32 15096.49 104933.74 14705.02 14916.18 1.99 2.94 127.41 349.04
homfam bowman 499 5 26.1443 73 64.9 93.9 94.4 81.4 84.0 129.8413 0:02:09 15070.01 104980.46 14655.71 14796.32 1.99 0.74 99.29 130.41
homfam hip 167 5 66.2096 88 33.4 88.2 87.4 64.3 76.3 174.8212 0:02:54 15069.34 104981.41 14701.30 14807.60 1.99 2.28 127.61 224.52
homfam HMG_box 4779 5 66.0716 89 24.8 93.2 93.5 77.8 86.0 310.7685 0:05:10 15113.05 104984.84 14606.62 14770.33 1.99 3.20 110.20 343.92
homfam icd 5678 5 328.887 433 41.7 93.3 93.9 82.4 85.6 2751.8087 0:45:51 15092.78 104963.06 14584.65 14690.12 1.99 8.83 151.79 4183.89
homfam peroxidase 4514 5 256.626 383 37.3 83.9 84.3 56.4 61.2 2394.8283 0:39:54 14235.21 104124.91 13730.39 13940.08 1.99 6.40 169.16 4060.49
homfam asp 3262 13 284.142 381 37.5 91.2 91.4 74.6 81.1 1784.4630 0:29:44 15060.75 104983.74 14653.10 14793.59 1.99 11.70 154.73 2760.17
homfam flav 4612 6 138.021 183 35.0 84.5 85.0 61.1 63.6 816.5084 0:13:36 15065.85 104984.84 14651.21 14860.71 1.99 4.30 138.95 1143.11
homfam cah 1379 5 212.706 279 38.7 88.7 89.2 68.3 76.8 742.7450 0:12:22 15058.02 104981.54 14635.81 14846.17 1.99 3.79 152.74 1136.04
homfam ace 3989 6 427.824 601 37.3 86.5 87.3 68.3 75.5 4549.6798 1:15:49 14689.08 104609.84 14233.36 14350.36 1.98 8.56 157.82 7181.17
homfam sti 613 5 165.383 198 36.4 87.8 87.3 67.9 75.3 266.6753 0:04:26 12573.62 102429.70 12039.37 12156.63 1.99 1.11 132.38 354.79
homfam aat 25100 10 337.807 476 28.6 85.7 86.0 54.5 61.4 7154.1270 1:59:14 15096.98 105011.27 14719.39 14928.32 5.98 36.20 145.32 10395.47
homfam oxidored_q6 3348 5 123.044 285 56.7 89.2 91.8 80.8 82.5 772.3311 0:12:52 15185.70 105009.74 14680.62 14798.04 1.99 5.35 148.65 1158.12
homfam hormone_rec 3509 5 188.562 308 21.5 76.2 76.1 52.7 66.8 1033.7034 0:17:13 15197.74 105173.76 14830.96 15040.55 1.99 3.81 155.08 1607.72
homfam rhv 17976 6 143.424 938 33.1 46.6 56.9 0.0 0.0 11604.0949 3:13:24 7383.77 102923.22 6880.03 7032.02 9.99 15.47 157.07 18234.56
homfam tgfb 1606 8 95.4645 118 43.8 83.1 87.4 35.9 45.0 276.2994 0:04:36 15113.61 105008.57 14627.85 14769.08 1.99 1.86 129.16 358.27
homfam cryst 1160 7 80.8078 192 44.4 92.4 92.1 72.4 75.6 275.6177 0:04:35 14060.76 103956.42 13551.38 13691.88 1.99 1.57 129.87 359.40
homfam cyclo 6288 6 159.069 203 44.1 87.3 90.0 72.0 76.0 1455.3401 0:24:15 13836.18 103660.99 13331.50 13541.09 1.99 7.27 155.51 2271.23
homfam kunitz 2266 10 53.752 64 37.9 98.2 98.2 91.7 91.1 216.3438 0:03:36 15097.46 105007.61 14728.62 14846.27 1.99 1.87 120.52 262.26
homfam Rhodanese 14049 6 102.277 216 22.7 73.4 81.6 51.0 55.7 1299.6610 0:21:39 14644.19 104468.64 14164.38 14270.23 1.98 24.37 155.67 2024.75
homfam sodcu 2038 7 141.322 169 42.2 90.5 91.8 75.9 79.9 543.1617 0:09:03 13981.96 103895.91 13634.93 13776.47 0.00 0.79 104.08 568.59
homfam profilin 687 5 123.371 144 39.7 94.0 94.0 85.2 85.9 260.3543 0:04:20 15082.64 105006.50 14753.40 14893.27 1.99 1.78 139.49 364.60
homfam glob 3983 41 100.684 174 31.7 95.2 95.0 65.3 69.1 382.1171 0:06:22 15073.79 104983.80 14705.22 14845.67 1.99 3.41 126.89 493.39
homfam tim 3904 10 205.645 260 47.5 97.1 97.3 90.7 94.8 1208.7341 0:20:08 15097.90 105008.78 14732.23 14941.09 1.99 5.11 144.76 1757.93
homfam uce 4558 13 134.701 184 34.0 90.2 91.6 64.5 71.5 730.9994 0:12:10 15073.24 104984.83 14662.29 14871.96 1.99 4.25 147.80 1078.81
homfam toxin 508 20 62.311 78 43.1 92.0 90.5 63.6 73.2 159.3735 0:02:39 15103.10 105046.45 14645.03 14785.62 1.99 0.84 105.63 169.80
homfam rub 1435 5 46.1575 54 62.1 98.4 98.4 92.6 93.5 184.1810 0:03:04 15121.46 105032.58 14698.61 14820.81 1.99 1.27 116.91 216.85
homfam hom 12037 8 53.4951 98 35.3 93.6 93.7 72.5 87.6 493.2544 0:08:13 15083.10 104992.76 14713.07 14922.85 1.99 6.55 113.23 559.56
homfam biotin_lipoyl 11833 7 71.8928 112 28.9 94.3 94.4 77.6 82.7 390.1989 0:06:30 14741.83 104565.53 14262.02 14471.66 1.99 7.84 123.68 484.03
homfam cys 4316 13 198.11 284 40.5 93.7 93.0 67.9 79.0 1056.7277 0:17:36 14190.34 104035.37 13793.87 13934.24 1.99 5.82 151.55 1608.19
homfam ghf11 521 5 167.758 202 49.5 92.9 92.9 81.8 83.1 382.4927 0:06:22 15181.84 105031.46 14771.83 14889.14 1.99 1.54 147.24 564.83
homfam blmb 17200 6 192.465 344 20.6 69.1 72.5 41.8 52.2 3927.7374 1:05:27 12985.12 103563.63 12468.34 12608.24 1.98 20.99 166.95 6563.11
homfam aadh 3127 8 225.129 542 38.2 86.0 89.0 52.8 58.5 1619.5549 0:26:59 14709.29 104534.47 14343.00 14483.34 1.99 4.30 157.80 2564.92
homfam DEATH 1183 7 80.5689 159 19.6 80.3 82.2 60.5 67.5 221.2990 0:03:41 15084.70 104982.50 14754.34 14917.73 1.99 1.31 119.81 266.68
homfam Sulfotransfer 2489 5 235.798 381 26.2 75.0 75.3 49.7 59.5 1932.5299 0:32:12 8380.95 99291.46 7862.93 7969.17 1.99 4.19 143.77 2788.68
homfam serpin 3144 8 291.462 418 34.3 95.5 94.9 82.4 88.9 2028.6188 0:33:48 15110.00 104934.74 14743.18 14883.69 1.99 4.86 154.43 3133.89
homfam proteasome 5732 17 174.347 309 21.7 85.0 82.3 43.8 65.4 896.0125 0:14:56 10608.33 100433.48 10128.46 10337.92 1.99 5.69 140.56 1268.58
homfam zf-CCHH 88345 15 23.2513 39 35.5 95.7 95.8 85.7 89.3 1237.7037 0:20:37 10616.52 102938.95 10150.00 10290.43 1.94 42.15 114.36 1416.84
homfam egf 7774 12 32.0765 71 31.1 74.4 75.7 29.4 29.1 278.4798 0:04:38 15076.25 104987.18 14686.42 14849.53 1.98 4.43 119.66 334.55
homfam annexin 3139 6 65.1902 323 57.2 99.4 99.8 99.1 99.0 598.3562 0:09:58 15072.82 104984.73 14704.21 14915.45 1.99 2.64 153.49 920.03
homfam OTCace 4795 5 157.005 350 37.3 95.8 96.3 88.7 90.5 852.6268 0:14:12 15077.32 104984.86 14693.40 14903.08 1.99 6.78 143.57 1225.58
homfam rnasemam 498 6 120.072 141 42.2 92.8 89.7 68.7 80.8 205.2449 0:03:25 15031.70 104857.45 14553.14 14670.20 1.99 1.25 127.92 264.70
homfam adh 21331 5 123.64 375 63.9 97.2 97.5 93.3 93.6 1858.1596 0:30:58 13274.63 103235.94 12819.80 12937.40 1.98 19.02 149.17 2779.27
homfam il8 1073 11 63.7623 81 34.5 91.8 91.2 70.1 78.7 197.6499 0:03:17 15133.09 105056.50 14752.94 14894.12 1.99 1.40 108.55 216.20
homfam hr 3707 5 65.1513 82 53.3 98.3 98.7 93.7 98.3 307.5148 0:05:07 15109.97 105033.78 14840.71 14981.81 1.99 2.56 130.63 410.63
homfam ChtBD 774 5 38.2713 45 59.3 99.3 99.0 95.3 97.1 129.0784 0:02:09 15094.42 105005.52 14766.96 14884.29 1.99 1.23 98.65 128.29
homfam gluts 10099 14 98.1117 235 39.4 92.1 92.1 63.1 66.0 1700.4912 0:28:20 15074.43 104989.31 14775.69 14916.18 1.98 7.90 165.40 2818.68
homfam ghf5 2717 6 260.466 470 17.8 66.9 67.3 35.7 50.6 1957.2971 0:32:37 15072.89 104984.63 14705.67 14914.62 1.99 4.11 155.01 3040.95
homfam ghf13 12607 10 264.452 626 26.8 60.0 61.6 26.8 37.0 5814.4212 1:36:54 12644.94 103187.12 12164.69 12270.86 5.99 16.56 169.51 9863.90
homfam PDZ 14950 6 80.8907 110 30.6 90.0 89.7 76.8 80.0 776.8194 0:12:56 15127.84 104993.91 14615.05 14824.74 1.98 10.65 143.47 1121.54
homfam az 1086 29 100.416 215 33.4 73.2 74.4 40.2 43.1 294.6185 0:04:54 15067.86 104982.51 14695.90 14836.36 1.99 1.42 144.08 427.89
homfam hla 13465 5 153.148 178 76.5 100.0 100.0 100.0 100.0 767.5541 0:12:47 12918.73 102742.20 12439.47 12545.24 1.99 13.75 112.67 866.30
homfam slectin 932 5 133.052 142 33.3 95.0 95.0 86.9 90.5 424.8183 0:07:04 15093.80 105006.52 15122.31 15149.42 1.99 2.19 155.09 659.39
homfam GEL 2195 5 78.1157 150 23.7 64.8 66.9 37.0 52.8 314.3139 0:05:14 15159.33 104982.61 14752.80 14963.33 1.99 2.24 117.47 372.42
homfam kringle 1091 9 75.9138 100 43.3 95.1 94.6 77.5 81.8 207.2401 0:03:27 15113.29 104981.49 14602.42 14708.54 1.99 1.56 128.42 267.72
homfam p450 21013 12 331.506 512 20.8 73.3 74.1 34.5 42.6 6860.8468 1:54:20 8880.59 103059.71 8375.30 8505.77 9.98 32.45 147.35 10104.21
homfam gpdh 7691 8 129.082 360 55.1 96.1 96.3 88.5 91.1 1044.4818 0:17:24 14863.35 104689.02 14383.52 14593.12 1.99 7.80 139.94 1474.24
homfam int 7572 5 168.037 219 22.5 84.1 86.5 63.4 69.4 1479.5995 0:24:39 15082.30 104988.19 14679.52 14888.46 1.98 7.96 156.14 2319.42
homfam KAS 2070 6 174.528 404 31.7 87.4 86.9 71.0 76.6 718.2714 0:11:58 14376.22 104207.14 13828.49 13969.00 1.99 2.77 148.36 1070.69
homfam trfl 837 7 242.315 702 61.9 95.1 96.4 88.0 89.6 1464.3138 0:24:24 14758.06 104581.34 14247.84 14365.39 1.99 1.87 158.34 2320.08
homfam TNF 556 5 119.903 176 32.0 85.5 85.2 66.9 72.4 213.8860 0:03:33 15099.85 105045.45 14701.78 14842.59 1.99 0.98 123.31 265.31
homfam scorptoxin 363 8 53.2562 74 46.3 91.3 90.5 75.3 80.7 145.6350 0:02:25 15069.32 104980.45 14683.05 14823.02 1.99 0.76 116.61 170.92
homfam aldosered 13277 7 268.547 386 41.6 86.3 89.2 68.3 75.4 3822.0375 1:03:42 13044.38 103179.12 12539.81 12657.44 1.98 43.85 150.70 5758.78
homfam rrm 27610 20 67.4587 157 22.9 86.1 85.3 21.6 30.6 812.6775 0:13:32 13646.95 103480.23 13100.40 13310.02 1.98 17.89 125.57 1022.04
