homfam ricin 747 7 198.708 281 37.5 75.1 87.1 61.2 67.6 799.3662 0:13:19 15089.00 105181.32 14674.30 14780.14 1.99 1.61 132.27 1058.83

homfam ghf10 1502 5 220.34 364 43.3 93.2 93.2 81.1 86.4 1225.8694 0:20:25 8920.29 100016.86 8436.79 8644.64 1.99 2.34 144.80 1783.15

homfam seatoxin 93 5 43.6344 54 42.6 65.5 63.7 10.2 9.7 349.4741 0:05:49 7691.21 97786.66 7632.21 7658.86 0.00 0.02 89.51 3.54

homfam mofe 2567 6 353.074 609 30.0 79.4 86.7 57.2 63.7 2456.2097 0:40:56 15137.95 105183.54 14610.43 14774.84 1.99 4.51 155.64 3824.19

homfam cyt3 385 6 92.3065 130 40.3 81.4 81.5 61.0 68.4 414.0190 0:06:54 15085.27 105180.24 14704.50 14822.07 1.99 1.35 92.65 385.10

homfam ins 793 6 65.2825 74 44.9 75.7 86.7 30.4 42.4 568.6731 0:09:28 15148.73 105268.30 14634.38 14774.44 1.99 1.41 97.45 555.73

homfam Ald_Xan_dh_2 2589 6 109.304 885 31.8 12.9 14.0 0.4 0.0 3666.6759 1:01:06 8112.28 98216.70 7607.24 7753.23 1.99 2.93 161.47 5922.02

homfam tms 2118 5 264.245 357 45.9 70.2 92.1 30.5 30.7 1651.3352 0:27:31 14440.09 104456.93 13934.81 14075.40 0.00 0.02 149.83 11.75

homfam phc 2957 12 98.4711 179 37.2 87.9 88.2 55.3 59.2 786.0478 0:13:06 12034.72 101882.99 11478.62 11662.09 1.99 2.63 124.81 982.56

homfam cytb 3206 6 82.1454 100 35.6 91.3 92.1 72.8 80.2 967.3860 0:16:07 8156.77 98258.27 7631.07 7749.47 109.99 2.94 128.63 1227.74

homfam mmp 1427 6 157.93 180 55.1 95.1 95.6 85.2 89.1 1122.0742 0:18:42 11161.11 101177.48 10680.94 10798.25 13.99 2.18 133.60 1500.68

homfam phoslip 946 18 113.33 137 48.9 95.0 94.5 73.5 83.1 458.0758 0:07:38 15203.27 105255.34 14684.16 14790.58 1.99 1.57 110.53 507.80

homfam HLH 6781 5 53.5453 92 28.1 86.8 93.7 67.9 77.4 719.5549 0:11:59 15089.73 105186.20 14714.84 14854.82 1.99 4.20 107.61 777.89

homfam myb_DNA-binding 10398 5 46.5583 61 40.7 96.8 95.6 83.9 90.0 775.6410 0:12:55 15134.27 105189.62 14771.35 14866.42 1.98 8.62 105.51 819.96

homfam msb 4884 8 106.037 158 26.6 40.0 74.3 1.4 0.2 731.7345 0:12:11 15069.30 105184.85 14651.23 14791.17 1.98 4.59 108.88 798.14

homfam ghf1 4358 8 403.813 562 38.4 75.1 93.5 19.1 19.9 5288.0388 1:28:08 10984.44 101770.38 10479.79 10714.03 85.99 8.14 159.34 8436.69

homfam rvp 93681 6 94.2886 132 36.6 81.9 81.8 54.1 60.9 3083.8621 0:51:23 15168.07 105272.55 14800.82 14918.44 1.99 58.91 124.89 3853.39

homfam lyase_1 7632 5 295.082 511 30.9 65.2 74.6 50.9 57.0 3008.5855 0:50:08 9842.40 99945.91 9476.26 9642.57 1.99 10.45 152.22 4581.41

homfam ldh 7367 14 121.378 371 31.9 24.7 34.7 0.5 0.0 1742.9588 0:29:02 8632.12 98786.05 8092.73 8222.96 0.00 0.02 147.28 14.74

homfam subt 7517 11 301.598 414 39.5 74.6 77.8 19.4 26.0 6907.0326 1:55:07 10122.87 101656.72 9986.66 10014.33 18.00 12.63 163.26 11285.91

homfam sodfe 4455 8 77.4471 219 42.3 43.3 46.6 22.0 23.1 1135.9759 0:18:55 8244.60 98393.20 7706.54 7866.69 0.00 0.02 122.37 8.39

homfam LIM 6428 5 57.0143 86 52.8 97.3 97.3 86.6 94.2 545.2996 0:09:05 15086.05 105185.17 14713.46 14830.91 1.99 4.18 119.88 655.30

homfam blm 9105 8 300.727 274 39.1 14.8 16.9 0.0 0.0 4334.4714 1:12:14 15088.44 105190.45 14717.95 14835.68 9.98 13.29 155.13 6734.39

homfam DMRL_synthase 2099 5 140.59 182 33.2 93.9 91.0 74.6 83.3 786.3093 0:13:06 8191.89 98495.39 7675.46 7841.49 49.99 2.57 120.24 947.55

homfam tRNA-synt_2b 11293 5 177.564 467 18.7 22.6 28.2 1.2 0.2 2201.9762 0:36:41 12698.52 102715.32 12118.55 12258.86 1.99 21.50 146.20 3220.59

homfam Stap_Strp_toxin 640 6 87.3922 254 32.5 17.9 24.2 0.4 0.0 677.5115 0:11:17 15078.49 105180.26 14655.58 14773.12 1.99 1.26 124.79 846.76

homfam Acetyltransf 46285 6 82.9897 229 24.1 9.9 9.5 0.0 0.0 2802.3042 0:46:42 9359.94 99474.93 8853.19 9011.36 4.00 0.02 140.45 24.22

homfam ghf22 760 12 107.567 131 51.4 95.2 95.2 81.5 84.8 527.3657 0:08:47 15108.66 105206.32 14734.54 14875.32 1.99 1.14 87.96 465.44

homfam sdr 50157 13 163.253 361 23.3 54.7 60.4 1.3 0.0 4338.5511 1:12:18 10766.66 103359.99 10273.32 10431.47 1.97 119.12 137.01 5946.05

homfam ltn 1068 12 204.148 282 49.9 93.7 94.6 69.6 78.0 1052.5827 0:17:32 8617.99 98570.80 8252.98 8399.18 9.99 1.82 137.61 1449.80

homfam hpr 3349 5 83.0427 89 44.4 99.3 99.3 97.7 98.5 572.1067 0:09:32 14565.75 104647.57 14085.46 14203.20 1.99 2.93 124.03 711.04

homfam bowman 499 5 26.1443 73 64.9 88.1 94.1 65.7 74.4 346.6934 0:05:46 15185.40 105343.25 14808.81 14942.11 1.99 0.76 87.24 303.92

homfam hip 167 5 66.2096 88 33.4 86.7 85.9 65.5 74.3 340.7783 0:05:40 7955.74 97919.36 7452.45 7623.63 1.99 0.70 99.40 339.80

homfam HMG_box 4779 5 66.0716 89 24.8 97.3 96.2 85.2 93.9 608.4782 0:10:08 7977.95 98107.57 7474.87 7655.96 1.99 3.25 122.05 744.28

homfam icd 5678 5 328.887 433 41.7 58.8 93.6 5.0 3.1 3515.6030 0:58:35 13242.64 103324.29 12737.55 12843.40 5.99 8.79 157.16 5533.68

homfam peroxidase 4514 5 256.626 383 37.3 59.5 67.6 35.8 39.2 2229.1298 0:37:09 11460.34 101482.40 10985.11 11101.87 1.99 12.47 153.57 3424.80

homfam asp 3262 13 284.142 381 37.5 90.5 90.5 71.9 78.8 2371.7782 0:39:31 15187.52 105283.70 14811.09 14928.86 1.99 5.62 153.79 3648.74

homfam flav 4612 6 138.021 183 35.0 74.8 78.2 45.7 52.3 1174.3901 0:19:34 8286.81 98432.02 7762.54 7920.48 1.99 4.54 137.30 1613.90

homfam cah 1379 5 212.706 279 38.7 89.2 89.9 70.1 76.6 1208.6245 0:20:08 8679.55 98843.70 8174.04 8304.73 97.99 2.08 131.44 1591.28

homfam ace 3989 6 427.824 601 37.3 63.1 88.1 10.9 10.4 5789.4256 1:36:29 14117.87 104185.25 13587.96 13704.73 1.98 8.74 161.51 9353.34

homfam sti 613 5 165.383 198 36.4 81.7 81.1 61.4 66.9 533.8774 0:08:53 8364.10 98646.85 7787.29 7917.40 0.00 0.02 115.48 4.66

homfam aat 25100 10 337.807 476 28.6 47.4 55.1 21.5 25.5 9159.6283 2:32:39 11977.60 103308.69 11472.23 11615.72 1.98 95.32 156.67 14353.27

homfam oxidored_q6 3348 5 123.044 285 56.7 52.9 65.3 18.4 19.0 1242.2964 0:20:42 15105.09 105207.71 14678.84 14795.95 1.99 3.18 137.29 1707.01

homfam hormone_rec 3509 5 188.562 308 21.5 31.1 56.3 0.7 0.1 1305.2537 0:21:45 15109.74 105207.73 14715.83 14833.59 1.99 4.06 146.09 1908.61

homfam rhv 17976 6 143.424 938 33.1 12.9 18.9 0.0 0.0 12746.6048 3:32:26 9138.20 101251.81 8632.11 8751.32 1.99 15.39 152.93 19495.84

homfam tgfb 1606 8 95.4645 118 43.8 81.6 81.7 32.5 36.9 529.0453 0:08:49 14158.04 104008.79 14196.05 14248.64 1.99 1.60 111.76 592.78

homfam cryst 1160 7 80.8078 192 44.4 92.1 91.9 72.4 74.9 524.8431 0:08:44 15091.89 105181.36 14706.45 14811.98 1.99 1.57 125.99 662.97

homfam cyclo 6288 6 159.069 203 44.1 89.5 90.5 74.1 78.0 1541.1656 0:25:41 15118.52 105136.14 14613.65 14719.42 1.99 7.71 145.77 2257.01

homfam kunitz 2266 10 53.752 64 37.9 98.2 98.2 91.7 91.1 405.3954 0:06:45 7913.33 97855.85 7587.46 7727.33 1.99 1.88 107.53 437.39

homfam Rhodanese 14049 6 102.277 216 22.7 18.1 24.2 2.1 0.2 1886.3348 0:31:26 8741.38 98966.54 8238.26 8417.92 1.98 12.00 135.21 2552.17

homfam sodcu 2038 7 141.322 169 42.2 89.4 89.5 73.5 78.6 892.8433 0:14:52 12762.62 102778.44 12207.42 12324.61 1.99 2.73 116.41 1040.88

homfam profilin 687 5 123.371 144 39.7 95.2 95.2 86.7 88.0 554.0785 0:09:14 15082.82 105180.31 14707.93 14872.31 1.99 1.50 101.12 561.72

homfam glob 3983 41 100.684 174 31.7 75.4 88.3 56.5 60.0 737.4360 0:12:17 8126.54 98440.05 7976.84 8026.39 1.99 3.39 119.75 884.56

homfam tim 3904 10 205.645 260 47.5 98.8 98.7 94.2 97.2 1673.2139 0:27:53 14844.36 104908.45 14309.82 14465.89 1.99 5.30 143.39 2400.72

homfam uce 4558 13 134.701 184 34.0 91.8 90.5 56.6 64.2 905.8281 0:15:05 15084.41 105184.82 15109.19 15135.82 1.99 4.42 119.10 1080.27

homfam toxin 508 20 62.311 78 43.1 88.0 86.4 48.1 54.7 433.3280 0:07:13 7835.11 98015.92 7330.31 7449.05 1.99 3.09 75.62 329.23

homfam rub 1435 5 46.1575 54 62.1 98.4 98.4 92.6 93.5 380.6174 0:06:20 15038.15 105120.44 14558.48 14699.04 0.00 0.02 85.77 3.84

homfam hom 12037 8 53.4951 98 35.3 88.5 93.0 47.8 57.9 744.5340 0:12:24 15091.05 105192.10 14819.68 14891.18 0.00 0.02 118.31 6.79

homfam biotin_lipoyl 11833 7 71.8928 112 28.9 94.9 96.7 78.8 81.8 862.1395 0:14:22 15143.45 105192.05 14757.34 14828.29 5.99 8.05 122.80 1060.18

homfam cys 4316 13 198.11 284 40.5 93.4 92.8 67.5 77.7 1496.1347 0:24:56 14568.24 104634.58 14036.82 14177.50 1.99 6.18 136.24 2039.97

homfam ghf11 521 5 167.758 202 49.5 91.7 91.5 82.8 83.3 656.7540 0:10:56 15161.52 105255.27 14773.46 14890.92 1.99 1.68 124.16 817.00

homfam blmb 17200 6 192.465 344 20.6 41.1 53.9 3.3 0.3 3895.0445 1:04:55 9635.60 99721.59 9098.46 9228.18 29.98 40.51 155.96 6076.36

homfam aadh 3127 8 225.129 542 38.2 54.3 57.2 30.2 33.1 1946.8912 0:32:26 9430.47 103506.51 8925.41 9055.68 1.99 4.39 150.67 2934.86

homfam DEATH 1183 7 80.5689 159 19.6 60.9 66.3 0.0 0.0 508.3716 0:08:28 15077.07 105180.37 14682.38 14788.44 1.99 1.39 119.48 608.83

homfam Sulfotransfer 2489 5 235.798 381 26.2 28.2 55.3 2.4 0.9 2033.0267 0:33:53 15271.58 105331.52 14759.99 14866.35 1.99 3.95 151.85 3088.66

homfam serpin 3144 8 291.462 418 34.3 96.6 95.9 85.2 90.9 2525.7796 0:42:05 9987.84 100156.58 9484.29 9636.70 1.99 4.75 154.00 3891.17

homfam proteasome 5732 17 174.347 309 21.7 39.8 69.9 0.7 0.3 1524.1428 0:25:24 12894.21 103009.64 12387.80 12493.66 1.99 5.65 141.93 2164.86

homfam zf-CCHH 88345 15 23.2513 39 35.5 97.1 96.5 88.6 93.0 2120.2853 0:35:20 12008.96 102059.44 11489.56 11606.95 117.95 42.86 116.06 2463.48

homfam egf 7774 12 32.0765 71 31.1 52.9 59.3 0.0 0.0 567.3666 0:09:27 14519.11 104562.04 14038.71 14156.48 1.98 6.61 113.23 643.98

homfam annexin 3139 6 65.1902 323 57.2 100.0 100.0 100.0 100.0 1352.9150 0:22:32 8391.36 98408.14 8237.22 8354.04 1.99 3.67 142.76 1933.21

homfam OTCace 4795 5 157.005 350 37.3 64.2 67.6 46.9 46.2 1365.6585 0:22:45 15121.46 105209.88 14731.65 14837.91 1.99 5.29 140.60 1921.60

homfam rnasemam 498 6 120.072 141 42.2 89.4 86.1 61.2 70.4 443.4635 0:07:23 15084.54 105180.25 14700.88 14841.52 1.99 1.11 99.04 440.61

homfam adh 21331 5 123.64 375 63.9 59.2 64.7 33.3 33.6 2316.5894 0:38:36 15099.64 105201.09 14729.33 14862.63 9.98 19.04 147.70 3424.02

homfam il8 1073 11 63.7623 81 34.5 91.6 91.3 71.4 79.7 391.5912 0:06:31 7881.57 98016.11 7378.93 7614.10 1.99 1.39 103.82 408.13

homfam hr 3707 5 65.1513 82 53.3 100.0 100.0 100.0 100.0 672.4574 0:11:12 7964.02 98109.55 7587.79 7754.11 29.99 2.59 110.53 745.93

homfam ChtBD 774 5 38.2713 45 59.3 99.3 99.0 95.3 97.1 344.0494 0:05:44 15077.14 105180.31 14668.06 14785.63 1.99 1.23 79.58 275.33

homfam gluts 10099 14 98.1117 235 39.4 45.7 49.7 20.6 23.0 1747.8671 0:29:07 15097.71 105214.56 14717.14 14823.02 1.98 13.24 148.06 2589.63

homfam ghf5 2717 6 260.466 470 17.8 40.5 59.0 0.3 0.0 2403.4637 0:40:03 14791.42 104807.39 14286.12 14403.82 1.99 4.32 149.22 3587.96

homfam ghf13 12607 10 264.452 626 26.8 26.2 41.3 0.0 0.0 4525.4303 1:15:25 10244.40 102084.52 9740.22 9869.92 1.99 16.00 155.39 7034.78

homfam PDZ 14950 6 80.8907 110 30.6 81.7 83.5 64.6 66.2 1119.7509 0:18:39 8862.92 98888.96 8294.26 8434.66 1.98 12.40 118.94 1333.52

homfam az 1086 29 100.416 215 33.4 72.8 74.5 4.3 0.5 582.0788 0:09:42 15056.81 105156.32 14673.30 14791.14 1.99 1.70 105.21 613.87

homfam hla 13465 5 153.148 178 76.5 100.0 100.0 100.0 100.0 1680.1930 0:28:00 14951.27 104968.21 14446.23 14552.29 1.99 13.43 134.74 2265.30

homfam slectin 932 5 133.052 142 33.3 94.7 94.5 86.9 90.5 758.7512 0:12:38 15165.66 105256.32 14741.59 14858.63 1.99 1.61 106.56 810.16

homfam GEL 2195 5 78.1157 150 23.7 39.6 64.4 0.7 0.1 741.2518 0:12:21 7994.87 98246.64 7433.44 7563.32 1.99 1.93 110.77 822.93

homfam kringle 1091 9 75.9138 100 43.3 96.2 94.8 80.9 85.7 395.5916 0:06:35 7929.41 97951.70 7390.04 7561.23 1.99 1.25 115.57 458.65

homfam p450 21013 12 331.506 512 20.8 67.8 65.9 31.1 37.1 14715.5255 4:05:15 15271.34 105393.40 14759.77 14899.96 0.00 0.02 160.45 116.01

homfam gpdh 7691 8 129.082 360 55.1 53.3 62.6 41.9 42.3 1895.5372 0:31:35 15135.85 105237.32 14764.98 14870.84 0.00 0.02 155.30 15.22

homfam int 7572 5 168.037 219 22.5 80.0 80.2 49.5 53.3 1773.9008 0:29:33 15190.59 105288.32 14808.44 14925.34 1.98 8.30 144.19 2568.77

homfam KAS 2070 6 174.528 404 31.7 61.0 62.9 44.2 45.8 1151.5605 0:19:11 15082.75 105244.47 14709.56 14815.67 1.99 2.80 139.79 1611.24

homfam trfl 837 7 242.315 702 61.9 93.5 94.4 86.7 86.4 2262.1949 0:37:42 12893.29 102978.64 12382.91 12499.70 1.99 2.70 157.85 3572.27

homfam TNF 556 5 119.903 176 32.0 31.7 67.5 0.0 0.0 503.4581 0:08:23 8075.08 98221.65 7707.82 7809.90 0.00 0.02 101.37 4.96

homfam scorptoxin 363 8 53.2562 74 46.3 89.3 88.4 69.9 76.4 373.3107 0:06:13 15101.20 105205.24 14732.47 14850.25 1.99 1.14 76.68 287.68

homfam aldosered 13277 7 268.547 386 41.6 87.3 91.3 66.8 73.2 4353.8649 1:12:33 10090.16 103201.05 9585.98 9715.20 41.98 18.45 153.87 6702.13

homfam rrm 27610 20 67.4587 157 22.9 75.1 78.2 3.6 0.0 1299.7362 0:21:39 8832.91 98965.76 8365.35 8599.07 65.98 17.88 121.57 1582.09

