homfam ricin 747 7 198.708 281 37.5 90.8 90.9 76.2 83.6 743.9133 0:12:23 8143.37 99691.11 7777.89 7917.76 1.99 1.38 130.18 975.79

homfam ghf10 1502 5 220.34 364 43.3 92.5 92.6 78.6 84.4 1696.8826 0:28:16 8378.34 99950.14 8012.19 8137.48 1.99 2.54 146.51 2496.52

homfam seatoxin 93 5 43.6344 54 42.6 85.0 85.7 57.1 59.3 307.6482 0:05:07 7316.93 97144.49 6840.44 6967.19 1.99 1.00 97.58 301.76

homfam mofe 2567 6 353.074 609 30.0 84.1 86.9 65.3 74.5 2553.8923 0:42:33 9438.13 101054.23 9043.82 9127.42 1.99 4.17 161.24 4126.65

homfam cyt3 385 6 92.3065 130 40.3 81.8 82.7 63.6 72.4 362.4397 0:06:02 7618.98 97399.83 7252.55 7340.00 1.99 1.19 90.42 329.20

homfam ins 793 6 65.2825 74 44.9 82.1 82.3 55.1 77.8 598.9862 0:09:58 7802.62 99300.42 7326.63 7521.67 1.99 1.13 115.97 700.13

homfam Ald_Xan_dh_2 2589 6 109.304 885 31.8 83.2 83.3 63.8 72.0 3398.9617 0:56:38 7768.45 98906.78 7308.36 7467.17 1.99 2.68 166.26 5661.53

homfam tms 2118 5 264.245 357 45.9 96.4 96.0 86.0 91.8 2019.9478 0:33:39 8556.93 100162.04 8080.13 8219.12 1.99 3.62 150.64 3051.16

homfam phc 2957 12 98.4711 179 37.2 74.1 95.8 40.2 42.8 970.0640 0:16:10 7820.25 99322.04 7343.55 7502.13 1.99 2.69 144.28 1407.86

homfam cytb 3206 6 82.1454 100 35.6 88.1 88.4 66.3 72.7 1241.8877 0:20:41 7692.21 99316.42 7214.66 7335.07 69.99 3.05 134.74 1681.81

homfam mmp 1427 6 157.93 180 55.1 95.0 95.3 86.4 91.5 1102.3224 0:18:22 8049.29 99732.38 7572.86 7693.46 1.99 1.97 150.70 1671.26

homfam phoslip 946 18 113.33 137 48.9 93.4 93.5 68.4 77.5 389.1425 0:06:29 7819.11 98928.47 7359.66 7498.97 1.99 1.64 120.73 478.29

homfam HLH 6781 5 53.5453 92 28.1 89.0 93.7 65.5 77.1 887.6536 0:14:47 7891.87 99446.64 7526.07 7674.46 1.99 4.06 130.17 1165.75

homfam myb_DNA-binding 10398 5 46.5583 61 40.7 94.4 93.3 78.6 84.0 588.9345 0:09:48 7696.17 97396.13 7329.66 7413.47 1.98 6.10 117.76 695.06

homfam msb 4884 8 106.037 158 26.6 86.2 87.3 57.9 71.9 681.2890 0:11:21 8001.57 98922.25 7524.73 7663.64 1.98 4.47 123.64 848.84

homfam ghf1 4358 8 403.813 562 38.4 92.1 92.2 71.2 79.5 5375.9965 1:29:35 9863.09 101536.69 9681.55 9707.75 1.99 8.00 166.57 8964.11

homfam rvp 93681 6 94.2886 132 36.6 82.1 83.0 56.8 63.9 1970.1682 0:32:50 8644.29 98273.83 8167.64 8333.88 1.99 58.65 140.17 2770.03

homfam lyase_1 7632 5 295.082 511 30.9 81.8 81.6 64.8 67.5 3394.2286 0:56:34 8824.91 99774.37 8458.89 8542.18 1.99 10.62 163.03 5538.46

homfam ldh 7367 14 121.378 371 31.9 90.1 89.7 61.6 73.7 1629.8572 0:27:09 8123.11 97813.95 7853.81 7911.23 1.99 7.20 147.26 2402.98

homfam subt 7517 11 301.598 414 39.5 77.3 79.8 31.1 42.1 9909.3697 2:45:09 8895.37 100410.33 8723.53 8750.97 2.23 12.18 178.18 17666.31

homfam sodfe 4455 8 77.4471 219 42.3 91.2 90.3 65.1 68.9 875.7417 0:14:35 7757.77 97498.93 7391.63 7496.56 1.99 3.35 134.81 1182.06

homfam LIM 6428 5 57.0143 86 52.8 97.3 97.3 86.6 94.2 536.2751 0:08:56 7544.57 97335.77 7104.17 7215.74 1.99 4.25 115.19 619.21

homfam blm 9105 8 300.727 274 39.1 75.0 80.1 45.7 47.4 6086.3652 1:41:26 9273.47 101005.23 8906.51 8990.30 9.98 13.40 172.68 10518.02

homfam DMRL_synthase 2099 5 140.59 182 33.2 93.3 90.4 74.6 83.3 707.8440 0:11:47 7947.85 97834.30 7581.89 7665.35 1.99 2.59 112.48 797.57

homfam tRNA-synt_2b 11293 5 177.564 467 18.7 53.4 52.3 27.6 38.5 3011.8335 0:50:11 8550.93 100243.44 8074.53 8194.65 1.99 12.46 168.49 5082.48

homfam Stap_Strp_toxin 640 6 87.3922 254 32.5 86.0 85.5 56.8 64.0 633.8778 0:10:33 7762.07 98725.04 7396.31 7499.65 1.99 1.02 120.49 767.63

homfam Acetyltransf 46285 6 82.9897 229 24.1 56.4 60.4 30.7 42.3 2745.3218 0:45:45 8340.93 99831.66 7976.27 8059.32 20.00 0.79 168.08 4615.60

homfam ghf22 760 12 107.567 131 51.4 94.8 95.0 78.5 82.1 410.0751 0:06:50 7743.26 97618.29 7376.80 7481.63 0.00 0.02 96.94 4.05

homfam sdr 50157 13 163.253 361 23.3 64.6 75.3 33.4 44.9 3727.2586 1:02:07 8839.50 100627.98 8363.23 8501.90 0.00 0.02 159.31 21.93

homfam ltn 1068 12 204.148 282 49.9 93.8 94.1 71.9 80.6 1114.6878 0:18:34 8171.49 97971.41 7695.64 7826.53 1.99 1.88 139.56 1561.93

homfam hpr 3349 5 83.0427 89 44.4 99.3 99.3 97.7 98.5 512.8396 0:08:32 7679.18 97429.31 7202.27 7360.77 1.99 2.69 115.11 591.81

homfam bowman 499 5 26.1443 73 64.9 94.2 94.2 82.9 84.9 345.0625 0:05:45 7438.01 97180.77 7072.23 7175.34 1.99 1.06 74.75 259.44

homfam hip 167 5 66.2096 88 33.4 87.6 86.6 67.9 76.7 366.3372 0:06:06 7400.03 97176.95 6922.97 7061.90 1.99 1.00 87.23 320.98

homfam HMG_box 4779 5 66.0716 89 24.8 97.3 96.2 85.2 93.9 520.4059 0:08:40 7717.95 97437.66 7241.34 7380.36 1.99 3.43 113.77 593.50

homfam icd 5678 5 328.887 433 41.7 93.5 94.1 83.5 87.0 3465.4011 0:57:45 9268.52 100780.28 8901.75 9009.86 1.99 8.87 168.01 5831.36

homfam peroxidase 4514 5 256.626 383 37.3 80.1 81.2 53.9 58.1 3720.5187 1:02:00 8609.76 100267.09 8132.74 8280.71 1.99 6.68 171.81 6403.62

homfam asp 3262 13 284.142 381 37.5 89.8 90.3 69.8 76.2 2696.4500 0:44:56 9138.50 100640.13 8661.96 8800.99 1.99 5.32 165.43 4462.80

homfam flav 4612 6 138.021 183 35.0 85.7 86.6 61.1 63.6 1299.0213 0:21:39 7901.26 99588.92 7534.92 7618.54 1.99 4.39 132.52 1731.11

homfam cah 1379 5 212.706 279 38.7 88.3 88.7 67.5 75.1 1079.7462 0:17:59 8319.05 98075.42 7952.88 8055.54 8.00 0.02 145.51 12.19

homfam ace 3989 6 427.824 601 37.3 85.3 86.5 64.9 72.3 6879.7640 1:54:39 10174.21 101537.43 9808.55 9891.97 1.98 8.82 167.61 11532.60

homfam sti 613 5 165.383 198 36.4 88.3 87.9 69.0 76.2 429.0243 0:07:09 8064.42 97944.98 7587.47 7708.16 1.99 1.39 106.18 457.17

homfam aat 25100 10 337.807 476 28.6 69.9 71.0 28.8 33.8 8972.9199 2:29:32 9795.57 101376.03 9429.56 9540.60 0.00 0.02 169.91 66.84

homfam oxidored_q6 3348 5 123.044 285 56.7 92.9 93.3 86.5 88.2 1213.8930 0:20:13 8020.88 99477.86 7654.62 7738.37 1.99 3.29 141.22 1724.44

homfam hormone_rec 3509 5 188.562 308 21.5 72.5 74.4 47.7 61.2 1597.0214 0:26:37 8283.66 99948.50 7917.59 8011.19 1.99 4.15 157.20 2517.00

homfam rhv 17976 6 143.424 938 33.1 28.3 40.1 1.6 0.1 15147.7224 4:12:27 8127.93 99647.34 7762.12 7909.59 21.99 15.11 171.26 25948.03

homfam tgfb 1606 8 95.4645 118 43.8 81.5 84.2 34.2 38.4 430.4811 0:07:10 7706.44 97349.84 7230.13 7369.07 1.99 1.58 115.82 500.09

homfam cryst 1160 7 80.8078 192 44.4 90.4 90.5 66.3 69.1 467.1220 0:07:47 7804.00 97577.61 7415.81 7527.21 1.99 1.59 108.64 509.09

homfam cyclo 6288 6 159.069 203 44.1 88.0 90.0 75.7 78.8 1985.6126 0:33:05 8025.91 99759.87 7630.85 7735.63 1.99 7.69 154.82 3084.20

homfam kunitz 2266 10 53.752 64 37.9 98.2 98.2 91.7 91.1 485.7469 0:08:05 7608.18 97337.17 7243.11 7326.58 1.98 1.89 88.21 430.06

homfam Rhodanese 14049 6 102.277 216 22.7 72.0 72.5 46.9 53.6 1999.7244 0:33:19 8077.80 99747.67 7601.09 7726.27 1.98 12.18 151.07 3024.74

homfam sodcu 2038 7 141.322 169 42.2 88.4 89.4 74.1 78.2 708.9316 0:11:48 7839.45 99302.31 7362.93 7501.66 9.99 2.70 118.91 848.98

homfam profilin 687 5 123.371 144 39.7 94.6 94.6 85.9 86.5 481.4674 0:08:01 8140.31 97868.94 7773.84 7857.60 1.99 1.73 99.06 481.33

homfam glob 3983 41 100.684 174 31.7 95.8 95.5 72.4 74.7 646.7081 0:10:46 8017.47 99486.76 7541.12 7680.04 0.00 0.02 130.85 5.67

homfam tim 3904 10 205.645 260 47.5 97.9 98.0 92.3 95.2 1598.8296 0:26:38 8345.43 100030.21 7979.18 8145.80 1.99 5.12 143.37 2299.45

homfam uce 4558 13 134.701 184 34.0 89.9 90.8 56.0 62.3 834.8686 0:13:54 8093.11 99496.52 7809.33 7835.78 1.99 4.36 127.64 1072.28

homfam toxin 508 20 62.311 78 43.1 90.6 88.7 53.2 61.1 361.6950 0:06:01 7566.47 97315.52 7200.18 7283.95 1.99 0.85 79.43 288.70

homfam rub 1435 5 46.1575 54 62.1 98.4 98.4 92.6 93.5 296.8354 0:04:56 7483.87 97219.57 7118.55 7260.55 1.99 1.61 94.30 281.39

homfam hom 12037 8 53.4951 98 35.3 94.1 94.0 65.2 81.1 738.6315 0:12:18 7757.05 97496.13 7281.10 7401.57 1.99 6.92 103.78 767.92

homfam biotin_lipoyl 11833 7 71.8928 112 28.9 96.5 94.8 81.2 84.2 731.5904 0:12:11 7765.30 100117.11 7318.51 7457.31 1.99 8.12 118.30 867.25

homfam cys 4316 13 198.11 284 40.5 94.3 93.8 68.7 79.4 1509.5690 0:25:09 8279.26 100003.90 7914.55 7999.21 1.99 13.50 155.49 2346.56

homfam ghf11 521 5 167.758 202 49.5 94.8 94.5 86.5 87.6 549.2780 0:09:09 8034.22 97852.94 7557.40 7747.15 1.99 1.18 131.11 721.58

homfam blmb 17200 6 192.465 344 20.6 66.5 71.0 38.9 48.7 4858.5391 1:20:58 8582.43 100028.54 8106.62 8304.82 0.00 0.02 180.60 30.06

homfam aadh 3127 8 225.129 542 38.2 85.8 88.3 52.2 57.3 1847.9038 0:30:47 8336.56 99932.92 7860.30 7999.06 1.99 4.68 160.05 2966.40

homfam DEATH 1183 7 80.5689 159 19.6 70.3 72.2 28.2 38.4 459.2056 0:07:39 7769.82 97488.21 7403.62 7491.41 1.99 1.63 103.01 474.45

homfam Sulfotransfer 2489 5 235.798 381 26.2 63.1 72.3 38.5 46.0 3359.8157 0:55:59 8499.14 100247.86 8141.01 8236.22 1.99 4.00 170.23 5729.32

homfam serpin 3144 8 291.462 418 34.3 95.7 95.0 83.9 90.3 2698.9391 0:44:58 9446.83 101072.81 8970.32 9109.16 1.99 5.01 156.30 4220.92

homfam proteasome 5732 17 174.347 309 21.7 83.6 82.4 32.1 47.9 1466.3746 0:24:26 8133.95 99559.40 7767.93 7860.39 1.99 5.74 150.32 2209.65

homfam zf-CCHH 88345 15 23.2513 39 35.5 96.5 95.9 88.6 93.0 1146.8523 0:19:06 7822.49 97478.12 7451.89 7554.63 17.95 42.47 134.93 1549.18

homfam egf 7774 12 32.0765 71 31.1 77.8 78.0 32.4 39.3 522.5705 0:08:42 7560.05 102072.84 7194.40 7342.67 1.98 4.44 114.71 601.60

homfam annexin 3139 6 65.1902 323 57.2 100.0 100.0 100.0 100.0 1189.8134 0:19:49 7969.86 97691.02 7865.08 7891.26 1.99 2.74 143.00 1702.86

homfam OTCace 4795 5 157.005 350 37.3 97.2 97.2 90.5 92.8 1199.8487 0:19:59 8094.03 97889.57 7728.45 7812.05 1.99 4.96 147.24 1768.22

homfam rnasemam 498 6 120.072 141 42.2 93.4 90.6 70.1 82.0 391.4254 0:06:31 7907.04 97650.71 7560.00 7643.51 1.99 1.27 96.58 379.47

homfam adh 21331 5 123.64 375 63.9 74.6 78.5 57.1 57.2 2109.1306 0:35:09 8159.61 99743.21 7682.86 7831.15 1.98 19.09 159.16 3366.43

homfam il8 1073 11 63.7623 81 34.5 90.6 90.2 64.9 73.7 406.7092 0:06:46 7516.71 97260.07 7039.79 7178.88 1.99 1.66 89.46 365.24

homfam hr 3707 5 65.1513 82 53.3 98.6 98.6 93.7 97.7 572.2205 0:09:32 7617.75 97323.25 7251.87 7363.12 1.99 4.00 124.24 712.53

homfam ChtBD 774 5 38.2713 45 59.3 98.3 98.1 93.0 94.7 324.7110 0:05:24 7434.61 97149.96 7068.78 7152.48 1.99 1.11 85.54 279.24

homfam gluts 10099 14 98.1117 235 39.4 79.1 81.3 46.8 49.1 2544.3727 0:42:24 7993.11 99606.17 7516.39 7636.58 1.98 8.25 160.61 4094.32

homfam ghf5 2717 6 260.466 470 17.8 65.4 64.8 32.6 46.7 2786.3277 0:46:26 8621.49 100351.03 8255.06 8359.05 1.99 4.29 163.88 4572.78

homfam ghf13 12607 10 264.452 626 26.8 63.5 63.8 25.3 35.1 7768.6386 2:09:28 9276.98 100833.19 8800.60 8967.37 1.99 43.90 178.87 13902.34

homfam PDZ 14950 6 80.8907 110 30.6 87.2 87.1 72.7 75.4 1024.6765 0:17:04 7833.31 99446.18 7466.98 7551.53 1.98 10.79 145.20 1498.50

homfam az 1086 29 100.416 215 33.4 74.6 74.5 41.3 45.2 498.4905 0:08:18 7743.41 98835.16 7267.05 7433.85 1.99 1.69 100.08 501.52

homfam hla 13465 5 153.148 178 76.5 100.0 100.0 100.0 100.0 1170.0347 0:19:30 8436.50 98291.58 8071.34 8154.72 1.99 18.88 130.46 1527.97

homfam slectin 932 5 133.052 142 33.3 94.8 94.7 86.1 90.0 740.2721 0:12:20 7779.24 99470.36 7412.96 7499.36 1.99 2.19 130.02 962.03

homfam GEL 2195 5 78.1157 150 23.7 65.9 70.2 40.4 56.9 731.9739 0:12:11 7783.25 99404.80 7417.59 7500.78 1.99 2.30 128.40 941.83

homfam kringle 1091 9 75.9138 100 43.3 93.9 93.0 75.3 79.3 442.6929 0:07:22 7646.04 97394.55 7169.61 7290.29 1.99 1.55 90.19 400.83

homfam p450 21013 12 331.506 512 20.8 77.0 77.6 39.5 49.0 11074.6434 3:04:34 10204.46 101918.04 9839.60 9923.26 9.98 33.39 166.64 18462.89

homfam gpdh 7691 8 129.082 360 55.1 96.2 96.0 88.0 91.0 1971.9957 0:32:51 8265.91 99624.81 8117.56 8174.52 1.99 7.80 136.95 2709.81

homfam int 7572 5 168.037 219 22.5 83.4 84.6 62.9 67.6 2112.5388 0:35:12 8186.91 99466.23 8038.43 8095.43 1.98 8.08 144.99 3071.08

homfam KAS 2070 6 174.528 404 31.7 86.2 85.9 68.2 74.7 1156.8004 0:19:16 8289.60 98060.97 7813.09 7951.85 1.99 2.56 129.61 1500.82

homfam trfl 837 7 242.315 702 61.9 95.1 95.4 89.2 89.5 2489.6667 0:41:29 8683.43 98537.98 8317.10 8400.52 1.99 1.61 157.36 3919.71

homfam TNF 556 5 119.903 176 32.0 83.4 82.5 68.2 71.2 366.8715 0:06:06 7958.38 97551.75 7482.09 7639.34 1.99 1.00 105.79 389.63

homfam scorptoxin 363 8 53.2562 74 46.3 91.3 90.5 72.6 81.2 320.2655 0:05:20 7463.51 97231.38 6986.75 7125.75 0.00 0.02 81.13 3.41

homfam aldosered 13277 7 268.547 386 41.6 88.0 90.2 70.8 76.7 4984.3977 1:23:04 8730.04 100444.67 8254.29 8392.74 1.98 42.76 171.51 8550.70

homfam rrm 27610 20 67.4587 157 22.9 82.4 80.4 17.1 22.7 1108.1921 0:18:28 7873.70 97577.00 7396.51 7516.90 0.00 0.02 145.44 9.55

