homfam ricin 747 7 198.708 281 37.5 91.4 91.8 77.7 84.9 695.3081 0:11:35 7993.04 102918.75 7534.57 7651.89 1.99 1.66 140.53 984.48
homfam ghf10 1502 5 220.34 364 43.3 89.6 89.6 77.4 83.3 1849.5173 0:30:49 8001.49 103216.29 7661.20 7732.54 1.99 2.45 160.69 2979.53
homfam seatoxin 93 5 43.6344 54 42.6 66.7 64.9 10.2 10.0 179.9717 0:02:59 7990.99 102919.57 7539.19 7679.32 1.99 0.95 117.50 213.03
homfam mofe 2567 6 353.074 609 30.0 83.0 84.6 63.8 72.1 4631.3519 1:17:11 8012.16 103188.07 7555.28 7672.41 1.99 4.12 165.04 7649.61
homfam cyt3 385 6 92.3065 130 40.3 82.6 82.0 61.9 70.7 239.7086 0:03:59 7980.36 101959.48 7522.76 7662.72 1.99 0.92 131.07 315.78
homfam ins 793 6 65.2825 74 44.9 93.5 94.1 68.1 92.0 479.7020 0:07:59 8022.66 101962.17 7573.19 7679.10 1.99 1.48 136.46 660.06
homfam Ald_Xan_dh_2 2589 6 109.304 885 31.8 83.7 83.7 64.1 72.2 2670.8730 0:44:30 7944.82 103255.44 7558.60 7675.78 1.99 2.63 162.17 4338.98
homfam tms 2118 5 264.245 357 45.9 95.5 94.9 84.6 91.0 1989.8361 0:33:09 8016.61 103791.16 7538.04 7678.91 1.99 3.32 153.77 3066.92
homfam phc 2957 12 98.4711 179 37.2 94.9 95.5 74.9 79.8 563.2066 0:09:23 8011.48 103057.91 7553.13 7693.32 1.99 2.66 149.90 850.99
homfam cytb 3206 6 82.1454 100 35.6 93.3 93.5 76.1 82.8 813.2575 0:13:33 8027.96 98757.11 7542.85 7660.11 1.99 3.01 156.39 1278.58
homfam mmp 1427 6 157.93 180 55.1 95.5 96.2 86.4 91.5 1105.4139 0:18:25 7941.39 103181.80 7557.73 7697.58 1.99 1.97 153.83 1709.20
homfam phoslip 946 18 113.33 137 48.9 94.3 94.2 69.1 78.4 386.5861 0:06:26 7976.69 102921.28 7524.75 7642.05 1.99 1.36 126.05 491.45
homfam HLH 6781 5 53.5453 92 28.1 88.9 94.0 65.5 77.1 677.8330 0:11:17 7982.80 102919.42 7524.59 7641.81 1.99 3.93 159.08 1086.84
homfam myb_DNA-binding 10398 5 46.5583 61 40.7 95.2 94.1 80.4 86.0 507.5847 0:08:27 7950.95 99911.21 7564.91 7705.05 1.98 6.21 140.57 721.40
homfam msb 4884 8 106.037 158 26.6 88.9 90.8 65.5 78.5 561.1489 0:09:21 7944.13 102921.30 7560.40 7666.16 1.98 4.38 122.88 696.76
homfam ghf1 4358 8 403.813 562 38.4 92.2 92.1 72.2 79.9 5349.7553 1:29:09 8323.82 103258.00 7819.86 7938.21 1.99 7.82 162.76 8708.25
homfam rvp 93681 6 94.2886 132 36.6 80.6 80.5 51.4 57.8 1813.0736 0:30:13 9490.61 102937.17 9183.78 9302.32 1.99 99.48 132.53 2402.90
homfam lyase_1 7632 5 295.082 511 30.9 83.0 83.0 64.6 70.0 3416.4174 0:56:56 8032.92 103251.28 7574.95 7715.43 1.99 10.02 153.93 5263.86
homfam ldh 7367 14 121.378 371 31.9 89.8 89.0 59.5 71.1 1408.2422 0:23:28 7984.33 103081.17 7527.53 7633.47 1.99 7.40 157.97 2225.49
homfam subt 7517 11 301.598 414 39.5 80.1 81.4 37.0 47.7 12465.5704 3:27:45 8363.20 103772.16 7963.43 8125.75 1.98 11.58 173.57 21641.74
homfam sodfe 4455 8 77.4471 219 42.3 91.4 90.5 65.1 69.3 734.0769 0:12:14 7992.40 102922.76 7549.22 7666.33 1.99 3.38 149.18 1096.66
homfam LIM 6428 5 57.0143 86 52.8 97.3 97.3 86.6 94.2 398.2698 0:06:38 8025.96 101958.11 7570.07 7675.73 1.99 4.04 133.62 533.68
homfam blm 9105 8 300.727 274 39.1 74.7 75.8 51.3 53.4 5112.5379 1:25:12 8373.07 103127.52 7869.95 7999.40 1.98 13.15 164.65 8418.88
homfam DMRL_synthase 2099 5 140.59 182 33.2 93.5 90.6 74.6 83.3 479.3546 0:07:59 7983.54 99911.13 7559.77 7676.93 1.99 2.37 143.93 697.27
homfam tRNA-synt_2b 11293 5 177.564 467 18.7 45.0 43.8 22.4 31.5 3028.6859 0:50:28 8004.34 103055.55 7548.18 7653.93 1.99 12.12 162.60 4933.60
homfam Stap_Strp_toxin 640 6 87.3922 254 32.5 81.4 81.1 47.7 53.6 635.2823 0:10:35 8011.44 99785.12 7557.69 7663.36 1.99 1.02 155.28 987.99
homfam Acetyltransf 46285 6 82.9897 229 24.1 65.5 64.1 32.8 43.8 3561.5673 0:59:21 8451.75 102956.37 7997.20 8206.64 1.97 33.69 175.35 6253.92
homfam ghf22 760 12 107.567 131 51.4 93.6 93.8 81.5 85.2 352.9793 0:05:52 7990.33 99912.11 7540.40 7657.68 1.99 1.23 117.50 416.26
homfam sdr 50157 13 163.253 361 23.3 77.9 77.4 34.7 45.8 3956.3800 1:05:56 9438.28 103129.21 9123.54 9206.23 1.96 54.59 146.80 5812.56
homfam ltn 1068 12 204.148 282 49.9 91.5 92.6 68.8 77.8 941.1699 0:15:41 8006.11 103119.64 7573.81 7691.09 1.99 1.89 154.64 1461.34
homfam hpr 3349 5 83.0427 89 44.4 99.3 99.3 97.7 98.5 358.4511 0:05:58 7986.62 99080.02 7493.18 7633.33 1.99 2.61 137.33 493.70
homfam bowman 499 5 26.1443 73 64.9 94.5 94.5 82.9 84.9 196.9580 0:03:16 7997.55 97824.65 7541.79 7659.05 1.99 0.77 106.22 210.29
homfam hip 167 5 66.2096 88 33.4 86.4 85.4 63.1 74.8 195.1425 0:03:15 7945.31 102920.16 7489.28 7606.30 1.99 0.68 106.93 210.08
homfam HMG_box 4779 5 66.0716 89 24.8 97.3 96.2 85.2 93.9 370.4833 0:06:10 8000.68 102920.87 7614.46 7720.05 1.99 5.13 134.01 497.98
homfam icd 5678 5 328.887 433 41.7 94.3 94.5 83.5 87.2 4015.8254 1:06:55 8029.24 103246.68 7550.35 7690.48 1.99 8.34 157.01 6312.24
homfam peroxidase 4514 5 256.626 383 37.3 78.8 81.4 54.2 56.8 3529.2849 0:58:49 7983.61 103186.37 7489.96 7630.70 1.99 6.33 171.30 6053.31
homfam asp 3262 13 284.142 381 37.5 91.5 91.7 73.5 80.8 3000.7455 0:50:00 7984.88 102934.53 7525.92 7643.16 1.99 5.04 161.02 4838.83
homfam flav 4612 6 138.021 183 35.0 84.9 85.1 61.1 62.3 1235.9624 0:20:35 7982.14 103054.07 7596.14 7713.42 1.99 4.21 158.51 1967.52
homfam cah 1379 5 212.706 279 38.7 88.8 88.9 69.4 76.9 920.8674 0:15:20 7983.36 97872.23 7529.56 7635.39 1.99 2.03 152.07 1401.73
homfam ace 3989 6 427.824 601 37.3 87.4 87.8 68.3 75.7 6927.0733 1:55:27 8461.40 103185.42 7957.48 8087.26 1.98 8.47 163.03 11301.51
homfam sti 613 5 165.383 198 36.4 84.6 83.7 66.3 72.2 399.9158 0:06:39 8026.57 99910.54 7570.38 7733.80 1.99 1.16 135.48 543.22
homfam aat 25100 10 337.807 476 28.6 87.5 87.3 55.4 62.0 10134.9931 2:48:54 9785.65 103207.53 9282.49 9516.40 1.98 36.11 157.72 15989.23
homfam oxidored_q6 3348 5 123.044 285 56.7 91.4 92.6 83.8 85.3 1177.2053 0:19:37 7950.38 101958.96 7561.82 7702.70 1.99 3.20 163.03 1927.67
homfam hormone_rec 3509 5 188.562 308 21.5 75.7 75.4 49.1 63.0 1472.3536 0:24:32 8039.83 102991.51 7557.06 7674.30 1.99 5.71 159.90 2362.30
homfam rhv 17976 6 143.424 938 33.1 39.7 45.6 0.0 0.0 15484.4905 4:18:04 7900.03 102926.04 7446.30 7609.18 5.99 15.29 158.78 24595.29
homfam tgfb 1606 8 95.4645 118 43.8 83.2 87.0 35.9 41.2 321.0996 0:05:21 8022.11 99910.70 7564.11 7727.88 1.99 2.02 137.20 442.00
homfam cryst 1160 7 80.8078 192 44.4 93.2 92.9 73.5 77.1 400.3014 0:06:40 7994.73 99909.43 7537.34 7654.29 1.99 1.60 140.64 564.71
homfam cyclo 6288 6 159.069 203 44.1 89.2 89.6 74.6 79.9 1716.7136 0:28:36 7856.75 103288.24 7402.71 7520.20 1.99 7.41 163.04 2806.11
homfam kunitz 2266 10 53.752 64 37.9 96.8 96.8 85.0 84.0 294.0819 0:04:54 7946.24 101958.64 7493.94 7611.22 1.99 2.16 131.65 388.70
homfam Rhodanese 14049 6 102.277 216 22.7 76.0 80.2 53.6 60.0 1663.1888 0:27:43 7952.67 103202.68 7477.37 7640.28 1.98 11.62 157.72 2632.22
homfam sodcu 2038 7 141.322 169 42.2 89.0 89.5 71.7 76.5 510.7581 0:08:30 7981.11 102919.10 7528.62 7645.87 1.99 2.34 127.33 654.57
homfam profilin 687 5 123.371 144 39.7 92.3 92.3 82.8 83.5 341.1188 0:05:41 7965.76 102919.65 7491.78 7632.69 1.99 1.21 132.16 452.32
homfam glob 3983 41 100.684 174 31.7 95.8 95.6 70.0 73.3 547.1829 0:09:07 7997.96 102001.40 7541.93 7682.05 1.99 3.40 145.23 802.92
homfam tim 3904 10 205.645 260 47.5 98.2 98.0 93.8 96.8 1687.4397 0:28:07 7996.03 103282.78 7607.80 7725.12 1.99 4.82 158.33 2676.82
homfam uce 4558 13 134.701 184 34.0 90.6 89.6 56.0 64.9 620.7068 0:10:20 7995.63 103148.18 7545.70 7685.82 1.99 4.52 138.95 871.46
homfam toxin 508 20 62.311 78 43.1 86.8 85.6 49.4 55.8 200.0855 0:03:20 7949.21 99908.38 7483.01 7600.27 0.00 0.02 132.01 5.53
homfam rub 1435 5 46.1575 54 62.1 99.2 99.2 96.3 96.7 231.3946 0:03:51 7994.78 101993.23 7557.30 7674.57 1.99 1.47 130.53 303.55
homfam hom 12037 8 53.4951 98 35.3 95.8 95.6 71.0 86.9 516.2958 0:08:36 8003.38 101959.64 7546.52 7652.30 1.99 6.55 129.79 676.64
homfam biotin_lipoyl 11833 7 71.8928 112 28.9 94.6 93.0 75.3 81.0 530.8949 0:08:50 7978.05 103815.45 7501.70 7618.62 1.99 7.83 133.66 711.06
homfam cys 4316 13 198.11 284 40.5 95.1 94.5 72.8 82.3 1571.7418 0:26:11 8034.25 103183.33 7536.39 7642.13 1.99 5.61 151.78 2392.54
homfam ghf11 521 5 167.758 202 49.5 93.3 93.0 82.8 84.6 545.7693 0:09:05 8013.30 99909.53 7555.76 7719.21 1.99 1.17 149.43 817.04
homfam blmb 17200 6 192.465 344 20.6 69.6 72.2 42.2 52.4 4433.2633 1:13:53 8499.64 103252.07 7996.48 8230.15 2.11 19.22 167.30 7426.34
homfam aadh 3127 8 225.129 542 38.2 86.2 87.7 52.6 58.4 2355.9434 0:39:15 7995.51 103169.48 7575.82 7692.80 1.99 4.66 158.83 3749.58
homfam DEATH 1183 7 80.5689 159 19.6 84.9 85.2 62.1 67.6 375.2800 0:06:15 8013.50 99911.12 7528.06 7667.89 1.99 1.40 124.52 468.85
homfam Sulfotransfer 2489 5 235.798 381 26.2 77.5 77.8 47.3 57.1 2521.8288 0:42:01 8025.02 103199.85 7567.00 7684.30 1.99 4.25 166.21 4195.12
homfam serpin 3144 8 291.462 418 34.3 95.4 94.8 81.7 88.4 3115.6280 0:51:55 8017.23 103244.21 7558.82 7676.07 1.99 4.90 154.27 4814.37
homfam proteasome 5732 17 174.347 309 21.7 84.1 81.5 40.7 60.8 1309.2364 0:21:49 8045.05 99910.55 7549.56 7712.92 1.99 5.71 152.12 1998.99
homfam zf-CCHH 88345 15 23.2513 39 35.5 97.1 96.5 88.6 93.0 1228.8193 0:20:28 8049.25 97963.61 7593.88 7802.73 5.96 41.93 115.96 1427.25
homfam egf 7774 12 32.0765 71 31.1 75.8 75.0 33.8 41.8 350.4041 0:05:50 7948.80 103198.68 7562.63 7702.74 1.98 5.86 135.34 475.79
homfam annexin 3139 6 65.1902 323 57.2 99.6 99.8 99.4 99.4 784.0257 0:13:04 8019.69 97856.30 7575.45 7681.18 1.99 2.34 157.28 1234.02
homfam OTCace 4795 5 157.005 350 37.3 95.8 96.1 87.8 90.8 1140.6568 0:19:00 7948.25 103207.18 7497.88 7615.24 1.99 5.01 155.06 1774.86
homfam rnasemam 498 6 120.072 141 42.2 93.3 90.5 70.1 82.7 278.4843 0:04:38 7946.97 99912.13 7491.14 7630.82 1.99 1.27 127.76 357.31
homfam adh 21331 5 123.64 375 63.9 96.7 97.1 91.7 92.0 1921.4165 0:32:01 7971.07 103185.46 7576.16 7716.55 1.98 18.16 151.71 2920.44
homfam il8 1073 11 63.7623 81 34.5 95.6 94.5 74.0 83.4 272.2286 0:04:32 7993.88 102918.64 7541.50 7658.77 1.99 1.15 125.69 343.64
homfam hr 3707 5 65.1513 82 53.3 99.1 99.1 94.9 99.1 382.5887 0:06:22 7982.34 101959.82 7494.14 7599.88 1.99 2.55 133.80 513.60
homfam ChtBD 774 5 38.2713 45 59.3 99.3 99.0 95.3 97.1 205.3827 0:03:25 8076.20 99910.41 7566.50 7729.94 1.99 0.99 126.49 261.30
homfam gluts 10099 14 98.1117 235 39.4 86.7 87.0 60.5 63.7 2010.1319 0:33:30 7996.93 103346.26 7613.02 7730.28 1.98 8.04 159.33 3209.39
homfam ghf5 2717 6 260.466 470 17.8 68.4 68.4 37.5 52.6 3143.7510 0:52:23 8012.91 103296.99 7555.07 7695.18 1.99 6.04 166.63 5247.52
homfam ghf13 12607 10 264.452 626 26.8 64.6 65.2 31.2 41.0 6937.8315 1:55:37 8472.20 103173.69 8106.53 8225.70 5.99 16.16 170.22 11815.21
homfam PDZ 14950 6 80.8907 110 30.6 88.8 89.1 76.8 79.1 792.4463 0:13:12 7991.89 102921.00 7536.28 7699.73 1.98 10.73 152.54 1218.38
homfam az 1086 29 100.416 215 33.4 75.9 76.0 41.8 46.3 403.5215 0:06:43 7993.59 102920.71 7538.11 7677.92 1.99 1.74 113.41 460.66
homfam hla 13465 5 153.148 178 76.5 100.0 100.0 100.0 100.0 1035.7927 0:17:15 7995.60 102991.94 7505.68 7611.21 1.99 13.39 134.18 1391.20
homfam slectin 932 5 133.052 142 33.3 94.7 94.5 86.9 90.5 628.1913 0:10:28 7988.76 99913.23 7605.33 7722.29 1.99 1.52 134.22 851.92
homfam GEL 2195 5 78.1157 150 23.7 67.4 70.2 37.7 52.9 342.8382 0:05:42 7952.66 99912.21 7500.32 7617.53 1.99 1.93 132.03 458.67
homfam kringle 1091 9 75.9138 100 43.3 92.8 91.5 76.4 80.9 263.5875 0:04:23 8014.64 103050.98 7524.97 7642.24 1.99 1.28 134.38 355.69
homfam p450 21013 12 331.506 512 20.8 78.8 78.4 38.5 48.1 10075.9667 2:47:55 9988.06 101809.89 9712.53 9798.31 5.98 32.43 158.48 15976.84
homfam gpdh 7691 8 129.082 360 55.1 96.1 95.9 87.4 90.8 1314.2711 0:21:54 7995.21 103102.27 7537.76 7654.79 1.99 7.69 155.89 2055.42
homfam int 7572 5 168.037 219 22.5 88.6 88.9 71.8 77.7 1946.9550 0:32:26 7953.79 103282.09 7496.46 7659.38 1.98 7.93 161.98 3160.35
homfam KAS 2070 6 174.528 404 31.7 87.7 87.3 71.0 75.5 1083.9173 0:18:03 8006.56 102920.24 7548.30 7665.46 1.99 2.54 147.16 1600.40
homfam trfl 837 7 242.315 702 61.9 93.3 94.0 85.7 84.8 1906.6939 0:31:46 7998.40 103158.28 7612.04 7729.29 1.99 1.59 160.78 3067.05
homfam TNF 556 5 119.903 176 32.0 87.5 86.6 73.2 77.6 306.7065 0:05:06 8011.21 101993.16 7555.89 7695.69 1.99 1.02 131.84 405.87
homfam scorptoxin 363 8 53.2562 74 46.3 92.1 91.2 75.3 82.2 191.0693 0:03:11 7942.40 102921.32 7557.21 7720.63 1.99 0.77 108.41 208.58
homfam aldosered 13277 7 268.547 386 41.6 87.4 90.0 68.6 75.9 4467.3802 1:14:27 8518.11 103009.45 8015.96 8195.69 1.98 17.74 157.46 7040.19
homfam rrm 27610 20 67.4587 157 22.9 86.4 85.5 17.1 22.7 999.2690 0:16:39 7843.77 97684.35 7517.64 7657.93 1.98 17.74 140.79 1409.43
