homfam ricin 747 7 198.708 281 37.5 91.1 91.1 76.2 84.0 379.9305 0:06:19 7995.38 99909.49 7674.90 7815.22 1.99 1.39 133.02 512.75
homfam ghf10 1502 5 220.34 364 43.3 92.5 93.0 80.5 85.8 878.8642 0:14:38 8030.67 103240.70 7710.57 7850.90 1.99 2.47 156.00 1379.08
homfam seatoxin 93 5 43.6344 54 42.6 76.2 74.3 40.8 39.1 177.0032 0:02:57 7993.09 99909.21 7605.56 7814.43 1.99 0.65 119.91 213.74
homfam mofe 2567 6 353.074 609 30.0 86.6 87.9 68.7 74.7 1871.4034 0:31:11 7937.48 103250.52 7479.30 7596.66 1.99 4.41 157.72 2960.05
homfam cyt3 385 6 92.3065 130 40.3 80.4 81.0 60.2 68.4 209.8260 0:03:29 8018.02 102922.33 7697.69 7838.10 1.99 0.91 124.01 268.44
homfam ins 793 6 65.2825 74 44.9 80.0 82.5 52.2 73.6 325.9269 0:05:25 7980.24 102921.20 7591.36 7800.22 1.99 1.09 138.50 459.38
homfam Ald_Xan_dh_2 2589 6 109.304 885 31.8 83.0 83.6 62.7 71.2 1230.4905 0:20:30 8010.29 102922.83 7553.09 7761.86 1.99 2.61 156.53 1933.84
homfam tms 2118 5 264.245 357 45.9 97.4 97.1 89.8 94.6 1084.5495 0:18:04 7978.43 103255.72 7664.02 7804.47 1.99 3.26 153.15 1668.96
homfam phc 2957 12 98.4711 179 37.2 92.7 93.8 71.5 74.7 398.9246 0:06:38 7968.97 99910.69 7511.72 7720.66 1.99 2.64 134.04 543.43
homfam cytb 3206 6 82.1454 100 35.6 88.1 88.6 66.3 73.5 593.9087 0:09:53 8023.88 102056.34 7566.03 7775.29 1.99 2.69 161.41 967.36
homfam mmp 1427 6 157.93 180 55.1 95.7 96.6 87.0 92.7 600.2828 0:10:00 7945.01 102920.77 7488.89 7698.49 1.99 2.02 157.40 948.75
homfam phoslip 946 18 113.33 137 48.9 94.2 93.9 72.1 81.8 239.9848 0:03:59 8023.70 101993.27 7703.54 7844.22 1.99 1.31 127.61 313.92
homfam HLH 6781 5 53.5453 92 28.1 88.9 93.7 65.5 77.1 457.4456 0:07:37 7951.38 99912.68 7700.09 7840.32 1.99 4.01 143.56 663.34
homfam myb_DNA-binding 10398 5 46.5583 61 40.7 94.4 93.3 78.6 84.0 304.8218 0:05:04 7985.08 99910.29 7598.12 7806.86 1.98 5.97 131.08 405.45
homfam msb 4884 8 106.037 158 26.6 86.3 88.6 63.4 76.2 371.5278 0:06:11 8036.64 102919.42 7559.49 7768.44 1.98 4.41 129.55 486.56
homfam ghf1 4358 8 403.813 562 38.4 92.8 92.8 75.0 82.9 1908.7063 0:31:48 7941.84 103184.39 7593.92 7665.08 1.99 8.10 152.24 2909.59
homfam rvp 93681 6 94.2886 132 36.6 84.2 83.7 64.0 71.1 965.6312 0:16:05 8058.93 102952.29 7627.15 7732.90 1.99 59.00 120.21 1160.00
homfam lyase_1 7632 5 295.082 511 30.9 81.3 81.1 62.4 67.4 1453.3520 0:24:13 7982.91 103055.29 7670.80 7811.17 1.99 10.10 148.50 2157.04
homfam ldh 7367 14 121.378 371 31.9 90.2 89.9 63.8 73.4 760.7335 0:12:40 7999.56 103054.31 7579.28 7788.53 1.99 7.06 144.51 1106.66
homfam subt 7517 11 301.598 414 39.5 82.3 83.1 38.3 53.1 5729.1652 1:35:29 7940.58 103339.97 7469.30 7678.18 1.98 12.54 178.32 10224.88
homfam sodfe 4455 8 77.4471 219 42.3 89.7 89.9 64.1 66.9 439.4962 0:07:19 7993.85 97822.50 7608.39 7817.19 1.99 5.18 140.80 620.31
homfam LIM 6428 5 57.0143 86 52.8 97.9 97.9 87.8 95.8 237.3337 0:03:57 8012.25 102057.46 7556.77 7765.66 1.99 3.82 126.14 300.78
homfam blm 9105 8 300.727 274 39.1 55.5 95.5 26.2 26.6 3987.8437 1:06:27 8018.97 103247.36 7561.82 7770.70 1.98 12.93 174.74 6976.44
homfam DMRL_synthase 2099 5 140.59 182 33.2 93.3 90.6 75.1 83.7 284.8364 0:04:44 7992.19 99908.66 7682.43 7822.60 1.99 2.32 122.41 350.19
homfam tRNA-synt_2b 11293 5 177.564 467 18.7 54.3 53.2 28.2 39.7 1728.1965 0:28:48 8036.72 103120.08 7581.62 7790.52 1.99 13.39 173.25 3000.67
homfam Stap_Strp_toxin 640 6 87.3922 254 32.5 85.5 85.0 55.1 63.6 296.5010 0:04:56 7976.62 102921.41 7520.47 7729.77 1.99 0.98 140.77 425.36
homfam Acetyltransf 46285 6 82.9897 229 24.1 57.9 64.6 31.7 42.7 3038.1307 0:50:38 7957.50 99162.24 7503.47 7711.68 4.00 34.09 173.25 5264.41
homfam ghf22 760 12 107.567 131 51.4 93.7 93.9 80.8 84.4 220.3323 0:03:40 8022.05 101958.52 7566.89 7775.78 1.99 1.09 115.57 255.60
homfam sdr 50157 13 163.253 361 23.3 69.3 69.4 35.6 46.4 2074.6874 0:34:34 8046.76 103193.09 7541.81 7660.58 5.96 55.69 148.10 3074.20
homfam ltn 1068 12 204.148 282 49.9 93.7 94.1 70.4 79.7 541.4797 0:09:01 7993.43 101958.68 7537.25 7746.83 1.98 1.86 133.10 726.86
homfam hpr 3349 5 83.0427 89 44.4 99.3 99.3 97.7 98.5 303.6529 0:05:03 8014.06 101961.71 7526.49 7735.79 1.99 2.63 113.04 352.11
homfam bowman 499 5 26.1443 73 64.9 94.5 94.5 82.9 84.9 162.1456 0:02:42 7947.42 101958.45 7490.18 7699.01 1.99 0.75 98.41 161.07
homfam hip 167 5 66.2096 88 33.4 81.3 80.2 53.6 60.6 190.7033 0:03:10 7973.98 97819.09 7516.33 7725.36 1.99 0.70 111.10 213.32
homfam HMG_box 4779 5 66.0716 89 24.8 97.3 96.2 85.2 93.9 232.3388 0:03:52 8005.85 99913.14 7526.75 7735.96 1.99 3.19 128.76 301.81
homfam icd 5678 5 328.887 433 41.7 92.9 93.2 81.5 84.6 2225.2145 0:37:05 7980.81 103155.74 7562.67 7668.35 1.99 8.85 160.61 3581.57
homfam peroxidase 4514 5 256.626 383 37.3 80.6 80.5 51.0 56.9 1546.2423 0:25:46 8024.15 103253.09 7688.68 7829.05 1.99 8.17 166.39 2577.50
homfam asp 3262 13 284.142 381 37.5 91.6 91.9 75.7 82.6 1357.9253 0:22:37 7982.78 103137.07 7697.73 7838.09 1.99 5.28 150.68 2054.26
homfam flav 4612 6 138.021 183 35.0 88.0 88.2 65.7 68.1 618.4683 0:10:18 7997.54 101959.24 7751.15 7891.58 1.99 4.25 141.47 882.02
homfam cah 1379 5 212.706 279 38.7 89.2 89.7 69.7 77.5 576.0171 0:09:36 7988.16 102617.65 7606.81 7815.86 1.99 2.08 135.31 784.44
homfam ace 3989 6 427.824 601 37.3 84.1 86.2 64.2 70.9 2846.9394 0:47:26 7981.83 103183.36 7525.45 7631.08 1.98 8.50 163.22 4648.33
homfam sti 613 5 165.383 198 36.4 88.7 88.1 69.0 77.1 260.8161 0:04:20 7947.96 102921.30 7560.10 7769.36 1.99 1.40 134.77 352.95
homfam aat 25100 10 337.807 476 28.6 82.1 82.9 55.9 62.8 4047.8284 1:07:27 8127.29 103302.31 7623.89 7771.14 1.98 36.52 150.58 6098.85
homfam oxidored_q6 3348 5 123.044 285 56.7 93.1 93.2 86.5 87.9 618.0625 0:10:18 8006.89 103244.89 7559.60 7768.39 1.99 3.25 155.71 971.02
homfam hormone_rec 3509 5 188.562 308 21.5 71.9 74.3 47.0 60.3 730.0168 0:12:10 7957.97 102919.96 7501.09 7709.89 1.99 3.87 156.23 1148.07
homfam rhv 17976 6 143.424 938 33.1 62.3 65.2 30.6 38.1 6075.5878 1:41:15 7991.19 101961.77 7535.16 7652.45 1.99 15.68 162.06 9853.27
homfam tgfb 1606 8 95.4645 118 43.8 80.9 86.3 30.8 38.2 222.0505 0:03:42 7990.80 102920.76 7775.01 7915.29 1.99 1.53 114.42 255.61
homfam cryst 1160 7 80.8078 192 44.4 93.5 93.3 74.0 77.1 253.5071 0:04:13 7999.64 102918.68 7510.25 7719.18 1.99 1.25 119.06 303.26
homfam cyclo 6288 6 159.069 203 44.1 87.7 89.3 73.5 78.1 979.8392 0:16:19 7983.46 103229.86 7531.07 7636.86 1.99 7.67 163.91 1611.78
homfam kunitz 2266 10 53.752 64 37.9 97.9 97.9 90.0 89.3 193.4404 0:03:13 7975.44 99910.52 7655.64 7796.25 1.99 1.86 107.68 209.78
homfam Rhodanese 14049 6 102.277 216 22.7 80.1 86.4 66.1 70.9 864.6576 0:14:24 7997.54 103225.57 7570.51 7779.39 1.98 11.16 162.56 1412.82
homfam sodcu 2038 7 141.322 169 42.2 91.2 91.5 77.1 81.2 377.3511 0:06:17 7993.90 99173.30 7673.55 7813.91 1.99 2.35 104.17 397.05
homfam profilin 687 5 123.371 144 39.7 93.9 93.9 85.2 86.7 254.4813 0:04:14 7974.65 102918.64 7664.40 7804.67 1.99 1.12 120.21 307.37
homfam glob 3983 41 100.684 174 31.7 96.3 96.2 62.4 69.7 330.6287 0:05:30 8011.51 103092.79 7692.98 7833.39 1.99 3.35 136.60 460.32
homfam tim 3904 10 205.645 260 47.5 97.3 97.3 90.3 94.6 889.2040 0:14:49 8006.09 103245.73 7745.76 7886.12 1.99 5.10 145.05 1292.77
homfam uce 4558 13 134.701 184 34.0 91.7 91.8 60.8 69.6 514.8526 0:08:34 8039.47 102936.61 7681.98 7822.29 1.99 4.25 153.77 797.04
homfam toxin 508 20 62.311 78 43.1 92.2 91.0 53.2 64.5 169.6407 0:02:49 8022.32 103167.43 7953.55 7982.18 1.99 1.73 122.44 209.13
homfam rub 1435 5 46.1575 54 62.1 97.6 97.6 88.9 90.2 167.5935 0:02:47 8008.05 102919.63 7687.91 7828.59 1.99 1.25 92.43 156.38
homfam hom 12037 8 53.4951 98 35.3 94.9 94.7 69.6 85.1 304.3251 0:05:04 8014.30 99910.52 7693.97 7834.36 1.99 6.49 128.56 394.78
homfam biotin_lipoyl 11833 7 71.8928 112 28.9 93.0 91.8 69.4 77.3 348.3487 0:05:48 7987.97 103040.26 7535.32 7744.24 1.99 7.79 126.04 440.63
homfam cys 4316 13 198.11 284 40.5 94.3 93.8 70.5 81.2 1010.3565 0:16:50 7981.45 103283.48 7525.14 7734.08 1.99 6.27 156.21 1584.15
homfam ghf11 521 5 167.758 202 49.5 94.6 94.7 85.4 87.4 286.9104 0:04:46 7972.68 99909.50 7589.28 7798.60 1.99 1.15 124.62 358.94
homfam blmb 17200 6 192.465 344 20.6 70.5 77.2 45.8 55.9 2665.9023 0:44:25 7957.83 102965.53 7626.40 7719.04 1.98 18.15 173.10 4620.94
homfam aadh 3127 8 225.129 542 38.2 85.8 88.9 50.6 56.5 1252.4942 0:20:52 7984.61 103244.70 7666.32 7806.72 1.99 6.07 162.83 2046.70
homfam DEATH 1183 7 80.5689 159 19.6 84.4 85.6 52.4 71.0 223.9079 0:03:43 7977.93 100712.69 7523.68 7732.58 1.99 1.30 114.15 256.93
homfam Sulfotransfer 2489 5 235.798 381 26.2 73.0 75.4 43.6 52.3 1247.9296 0:20:47 7974.91 103251.34 7526.93 7736.11 1.99 3.89 168.69 2111.54
homfam serpin 3144 8 291.462 418 34.3 95.5 94.8 82.7 88.9 1347.4760 0:22:27 8014.78 102982.62 7550.66 7759.34 1.99 4.48 148.83 2012.62
homfam proteasome 5732 17 174.347 309 21.7 84.7 82.6 43.1 62.9 597.9462 0:09:57 8005.50 100104.67 7548.46 7757.69 1.99 5.96 138.12 833.96
homfam zf-CCHH 88345 15 23.2513 39 35.5 94.6 93.9 77.1 85.3 618.9793 0:10:18 8047.28 97881.42 7728.14 7867.99 0.00 0.02 95.85 4.32
homfam egf 7774 12 32.0765 71 31.1 77.8 81.2 36.8 41.9 215.5631 0:03:35 7987.26 101960.09 7675.12 7815.56 1.93 4.43 116.56 252.74
homfam annexin 3139 6 65.1902 323 57.2 97.1 97.6 91.5 91.9 468.9245 0:07:48 8009.32 99206.27 7553.73 7762.71 1.99 2.36 143.68 675.44
homfam OTCace 4795 5 157.005 350 37.3 95.8 96.3 87.5 89.7 566.3334 0:09:26 8026.58 102939.56 7708.97 7849.21 1.99 5.00 148.48 846.14
homfam rnasemam 498 6 120.072 141 42.2 93.4 90.5 68.7 81.4 212.6544 0:03:32 7942.71 102918.59 7557.40 7766.27 1.99 1.04 121.90 260.68
homfam adh 21331 5 123.64 375 63.9 97.6 98.2 94.4 94.7 1352.4239 0:22:32 8031.70 102966.48 7574.16 7737.61 1.98 18.72 149.11 2026.02
homfam il8 1073 11 63.7623 81 34.5 91.0 90.3 58.4 67.4 181.8591 0:03:01 8060.91 99908.32 7544.41 7753.06 1.99 1.09 114.25 209.23
homfam hr 3707 5 65.1513 82 53.3 99.1 99.1 94.9 99.1 253.3719 0:04:13 7993.33 99911.00 7697.42 7837.84 1.99 2.55 119.39 310.98
homfam ChtBD 774 5 38.2713 45 59.3 99.3 99.0 95.3 97.1 138.4469 0:02:18 8007.95 97837.64 7689.75 7830.47 0.00 0.02 120.20 4.14
homfam gluts 10099 14 98.1117 235 39.4 91.0 91.0 63.5 66.6 1208.7016 0:20:08 7983.11 103051.50 7670.93 7811.22 1.98 7.98 169.47 2053.78
homfam ghf5 2717 6 260.466 470 17.8 66.9 67.2 36.8 52.1 1643.3532 0:27:23 8010.42 103225.14 7690.20 7830.49 1.99 4.11 166.76 2746.83
homfam ghf13 12607 10 264.452 626 26.8 62.5 63.3 27.2 38.2 4186.8691 1:09:46 8003.35 103288.47 7547.11 7756.44 1.96 16.80 174.77 7323.95
homfam PDZ 14950 6 80.8907 110 30.6 90.0 89.5 76.8 80.0 568.8203 0:09:28 7991.89 99915.01 7681.70 7822.11 1.98 10.75 139.18 799.10
homfam az 1086 29 100.416 215 33.4 77.4 77.4 41.3 48.2 276.2316 0:04:36 7948.17 103329.82 7559.95 7769.54 1.99 1.40 113.51 318.32
homfam hla 13465 5 153.148 178 76.5 100.0 100.0 100.0 100.0 525.5423 0:08:45 8017.12 99914.95 7537.18 7746.38 1.99 13.38 119.58 629.81
homfam slectin 932 5 133.052 142 33.3 93.8 94.2 84.7 89.4 350.7124 0:05:50 7987.14 102919.91 7621.79 7831.03 1.99 1.36 132.03 470.14
homfam GEL 2195 5 78.1157 150 23.7 69.1 76.8 39.0 54.0 248.6986 0:04:08 8008.48 98732.04 7688.32 7828.64 1.99 1.88 123.84 315.44
homfam kringle 1091 9 75.9138 100 43.3 94.2 93.1 79.8 85.3 195.8359 0:03:15 8036.57 97894.59 7578.46 7788.08 1.99 1.23 105.70 208.37
homfam p450 21013 12 331.506 512 20.8 68.2 73.1 10.4 9.2 3809.0268 1:03:29 8350.35 103334.48 7896.12 8081.57 1.98 32.56 152.69 5824.25
homfam gpdh 7691 8 129.082 360 55.1 96.1 95.9 88.0 90.9 700.7954 0:11:40 7986.58 102992.79 7499.24 7604.76 1.99 8.03 144.79 1023.44
homfam int 7572 5 168.037 219 22.5 87.6 89.3 69.8 77.2 1092.2068 0:18:12 7998.54 103179.42 7548.85 7757.72 1.98 7.95 167.47 1838.26
homfam KAS 2070 6 174.528 404 31.7 87.9 87.4 70.5 76.6 587.6532 0:09:47 7990.13 102920.49 7743.68 7883.96 1.99 2.66 140.70 828.23
homfam trfl 837 7 242.315 702 61.9 93.9 95.6 87.3 86.7 974.8192 0:16:14 7996.52 102922.41 7607.86 7817.05 1.99 1.71 148.00 1444.80
homfam TNF 556 5 119.903 176 32.0 79.0 79.9 65.0 70.6 235.5938 0:03:55 7989.70 98140.74 7727.93 7868.54 1.99 1.04 131.01 316.06
homfam scorptoxin 363 8 53.2562 74 46.3 90.0 88.9 71.2 79.6 160.9776 0:02:40 7940.85 102918.40 7630.45 7770.73 1.99 0.74 98.18 159.52
homfam aldosered 13277 7 268.547 386 41.6 85.9 88.9 68.6 75.7 2418.6922 0:40:18 7991.65 103248.82 7541.70 7750.96 1.98 40.72 160.51 3880.35
homfam rrm 27610 20 67.4587 157 22.9 85.6 86.6 22.5 30.5 497.2603 0:08:17 7999.12 99912.50 7678.60 7818.99 1.98 17.86 129.31 644.49
