homfam ricin 747 7 198.708 281 37.5 91.2 91.5 78.4 85.2 738.4070 0:12:18 8124.77 99739.18 7759.23 7901.24 1.99 1.36 135.84 1011.43
homfam ghf10 1502 5 220.34 364 43.3 91.4 92.1 77.7 83.9 1613.9745 0:26:53 8381.95 99974.69 8016.52 8099.96 1.99 2.76 154.26 2500.04
homfam seatoxin 93 5 43.6344 54 42.6 80.3 80.0 40.8 43.5 281.3026 0:04:41 7298.82 96951.26 6933.97 7081.93 1.99 0.67 105.46 298.12
homfam mofe 2567 6 353.074 609 30.0 84.6 85.8 65.7 74.3 3123.0650 0:52:03 9489.76 101082.33 9124.55 9211.33 1.99 4.34 159.94 5003.19
homfam cyt3 385 6 92.3065 130 40.3 74.9 77.9 54.2 61.2 352.8939 0:05:52 7665.95 97482.50 7300.46 7456.05 1.99 1.34 97.93 347.04
homfam ins 793 6 65.2825 74 44.9 88.2 88.5 58.0 83.2 508.1494 0:08:28 7783.67 99419.25 7308.70 7429.16 1.99 1.38 131.94 678.07
homfam Ald_Xan_dh_2 2589 6 109.304 885 31.8 83.5 83.6 64.5 72.5 4103.4167 1:08:23 7674.18 99277.55 7308.63 7462.32 8.00 0.02 170.78 32.41
homfam tms 2118 5 264.245 357 45.9 95.4 95.0 84.6 89.7 1884.2950 0:31:24 8473.36 100046.01 8107.73 8210.76 1.99 3.54 157.69 2978.04
homfam phc 2957 12 98.4711 179 37.2 71.0 94.7 42.5 46.0 944.1510 0:15:44 7869.54 99295.09 7504.48 7615.50 1.99 3.10 150.28 1426.97
homfam cytb 3206 6 82.1454 100 35.6 86.8 87.4 66.3 74.7 1125.8002 0:18:45 7680.74 99361.93 7204.22 7324.40 1.99 2.96 152.27 1724.74
homfam mmp 1427 6 157.93 180 55.1 96.0 96.8 87.6 92.7 1121.9722 0:18:41 8158.80 99738.08 7682.51 7821.30 1.99 2.01 141.56 1595.68
homfam phoslip 946 18 113.33 137 48.9 92.2 91.8 66.9 76.7 465.8245 0:07:45 7839.59 101960.09 7363.39 7520.65 1.99 1.26 97.61 455.77
homfam HLH 6781 5 53.5453 92 28.1 89.2 93.6 66.7 77.2 706.9413 0:11:46 7640.46 99191.93 7581.76 7608.19 1.99 4.38 141.74 1011.56
homfam myb_DNA-binding 10398 5 46.5583 61 40.7 96.8 95.6 83.9 90.0 691.2388 0:11:31 7664.41 97389.50 7298.97 7382.85 1.98 6.25 115.74 806.36
homfam msb 4884 8 106.037 158 26.6 85.0 88.1 57.9 71.2 819.2800 0:13:39 7772.04 99075.98 7377.67 7488.75 1.98 4.45 109.64 906.72
homfam ghf1 4358 8 403.813 562 38.4 92.5 93.1 71.8 81.2 5009.6634 1:23:29 9701.46 101242.42 9225.45 9345.91 1.99 17.05 164.84 8256.17
homfam rvp 93681 6 94.2886 132 36.6 85.0 84.6 59.5 67.0 1785.9994 0:29:45 8682.44 99826.52 8317.04 8404.27 1.99 94.05 135.87 2427.58
homfam lyase_1 7632 5 295.082 511 30.9 81.8 81.9 64.0 67.4 3096.9061 0:51:36 8887.66 99992.39 8411.88 8577.93 1.99 10.45 161.62 5009.94
homfam ldh 7367 14 121.378 371 31.9 90.2 89.6 61.4 73.5 1646.4290 0:27:26 8228.45 99019.40 7752.49 7918.85 1.99 7.51 147.11 2426.53
homfam subt 7517 11 301.598 414 39.5 75.6 82.3 27.0 34.5 9821.4843 2:43:41 8888.83 100586.13 8519.87 8630.99 1.98 12.32 179.76 17661.94
homfam sodfe 4455 8 77.4471 219 42.3 90.5 90.3 66.0 69.7 811.1288 0:13:31 7699.72 98886.72 7223.68 7343.91 1.99 3.31 143.83 1171.97
homfam LIM 6428 5 57.0143 86 52.8 97.9 97.9 87.8 95.8 549.5260 0:09:09 7739.89 97430.71 7374.87 7486.09 1.99 4.31 102.72 565.96
homfam blm 9105 8 300.727 274 39.1 65.5 82.7 24.0 24.9 5360.0496 1:29:20 9292.22 100889.21 8926.87 9045.49 5.98 33.39 172.26 9232.70
homfam DMRL_synthase 2099 5 140.59 182 33.2 93.0 90.1 74.6 83.3 691.0670 0:11:31 8035.22 97815.92 7559.32 7697.66 33.99 2.62 116.28 810.25
homfam tRNA-synt_2b 11293 5 177.564 467 18.7 53.7 53.3 27.9 39.3 3118.6485 0:51:58 8450.12 99905.92 8084.77 8167.95 1.99 12.73 168.52 5264.88
homfam Stap_Strp_toxin 640 6 87.3922 254 32.5 80.5 80.4 46.9 52.9 622.4787 0:10:22 7693.59 97425.10 7217.96 7356.63 0.00 0.02 128.14 6.03
homfam Acetyltransf 46285 6 82.9897 229 24.1 66.4 66.4 33.3 42.5 4153.5007 1:09:13 8490.57 103089.77 8195.62 8289.71 57.96 33.36 176.23 7329.17
homfam ghf22 760 12 107.567 131 51.4 95.4 95.6 83.8 87.6 395.4029 0:06:35 7887.20 97655.56 7410.59 7569.11 1.99 1.37 97.01 385.19
homfam sdr 50157 13 163.253 361 23.3 79.5 79.3 34.4 45.4 3885.2047 1:04:45 8619.29 100237.82 8143.18 8309.23 1.96 55.08 161.56 6289.54
homfam ltn 1068 12 204.148 282 49.9 93.3 93.6 70.4 79.2 914.9642 0:15:14 8192.97 99234.05 7716.88 7855.62 1.99 2.18 140.46 1288.18
homfam hpr 3349 5 83.0427 89 44.4 99.3 99.3 97.7 98.5 500.9539 0:08:20 7706.62 97402.30 7341.14 7452.31 0.00 0.02 116.29 4.97
homfam bowman 499 5 26.1443 73 64.9 93.9 93.9 82.9 84.9 236.0101 0:03:56 7436.47 97211.10 7071.32 7181.96 1.99 1.00 106.09 251.93
homfam hip 167 5 66.2096 88 33.4 87.2 86.2 61.9 69.2 322.8470 0:05:22 7531.57 97286.19 7169.14 7288.46 1.99 1.01 99.05 321.27
homfam HMG_box 4779 5 66.0716 89 24.8 97.3 96.2 85.2 93.9 525.6746 0:08:45 7666.07 97419.25 7189.79 7336.49 1.99 3.49 109.53 577.30
homfam icd 5678 5 328.887 433 41.7 93.1 93.8 82.1 85.7 3135.3469 0:52:15 9208.28 100709.29 8842.51 8925.72 1.99 8.36 161.99 5090.24
homfam peroxidase 4514 5 256.626 383 37.3 79.1 79.1 51.0 55.0 3583.9426 0:59:43 8630.60 100398.70 8555.48 8581.65 1.99 6.84 172.64 6197.74
homfam asp 3262 13 284.142 381 37.5 91.5 91.7 74.6 80.1 2712.4965 0:45:12 8909.59 100569.88 8433.38 8572.18 1.99 5.35 165.45 4495.07
homfam flav 4612 6 138.021 183 35.0 83.3 84.2 60.6 63.9 1197.8380 0:19:57 7926.30 99556.64 7560.56 7671.92 1.99 4.64 135.91 1637.55
homfam cah 1379 5 212.706 279 38.7 88.9 90.0 70.5 77.7 1331.6653 0:22:11 8343.97 99308.98 7867.81 7987.89 1.99 2.16 150.09 2007.55
homfam ace 3989 6 427.824 601 37.3 83.6 85.3 64.0 71.2 5535.7507 1:32:15 10675.31 101752.67 10341.28 10424.50 1.98 8.70 166.29 9214.16
homfam sti 613 5 165.383 198 36.4 79.4 79.0 52.2 56.8 496.8911 0:08:16 8132.29 97942.32 7767.51 7850.87 0.00 0.41 101.89 507.76
homfam aat 25100 10 337.807 476 28.6 66.0 67.2 30.4 36.1 8166.2939 2:16:06 9746.19 101123.27 9380.51 9463.71 1.98 38.67 170.37 13915.73
homfam oxidored_q6 3348 5 123.044 285 56.7 92.9 93.2 85.7 87.1 1214.7022 0:20:14 7877.78 99540.06 7402.03 7540.70 1.99 3.43 144.81 1759.18
homfam hormone_rec 3509 5 188.562 308 21.5 70.5 72.9 45.9 58.6 1541.2778 0:25:41 8186.81 99726.48 8128.50 8154.93 0.00 0.02 162.67 7.75
homfam rhv 17976 6 143.424 938 33.1 38.5 49.4 4.4 3.7 13126.8718 3:38:46 8034.72 99738.17 7669.47 7780.71 1.99 15.65 171.24 22486.30
homfam tgfb 1606 8 95.4645 118 43.8 79.8 82.3 27.4 33.8 458.0277 0:07:38 7695.91 98783.59 7283.55 7433.72 1.99 1.60 116.01 539.93
homfam cryst 1160 7 80.8078 192 44.4 93.3 93.1 75.1 78.2 507.4065 0:08:27 7794.68 97463.14 7319.36 7476.21 1.99 1.28 105.15 535.04
homfam cyclo 6288 6 159.069 203 44.1 88.3 91.0 75.1 80.3 1837.9533 0:30:37 8038.62 99727.06 7562.75 7701.15 1.99 7.38 158.44 2915.47
homfam kunitz 2266 10 53.752 64 37.9 98.2 98.2 91.7 91.1 391.6485 0:06:31 7524.51 97230.14 7048.27 7245.59 1.99 2.16 108.98 428.33
homfam Rhodanese 14049 6 102.277 216 22.7 62.6 68.8 36.5 35.7 1884.2030 0:31:24 7780.70 99428.21 7304.40 7470.38 1.98 11.73 155.09 2930.33
homfam sodcu 2038 7 141.322 169 42.2 89.9 90.4 75.3 79.5 701.7214 0:11:41 8040.95 99160.74 7676.07 7759.12 1.99 2.63 126.05 893.81
homfam profilin 687 5 123.371 144 39.7 94.9 94.9 88.3 88.6 494.5957 0:08:14 7821.98 98865.59 7346.33 7470.58 1.99 1.45 93.22 466.39
homfam glob 3983 41 100.684 174 31.7 95.5 95.1 72.9 75.7 652.5026 0:10:52 7891.43 99380.82 7415.58 7535.87 1.99 3.66 124.19 819.82
homfam tim 3904 10 205.645 260 47.5 97.2 97.1 91.5 94.6 1561.5374 0:26:01 8290.27 99928.38 8231.73 8258.08 1.99 5.55 146.69 2293.86
homfam uce 4558 13 134.701 184 34.0 90.3 91.8 62.7 69.9 1174.2574 0:19:34 8202.53 99702.27 7836.60 7947.96 1.99 4.49 154.21 1818.92
homfam toxin 508 20 62.311 78 43.1 91.3 89.9 63.6 71.8 347.1018 0:05:47 7488.80 97274.78 7013.00 7167.50 1.99 0.86 80.89 282.23
homfam rub 1435 5 46.1575 54 62.1 98.4 98.4 92.6 93.5 388.1658 0:06:28 7387.95 97122.16 6911.66 7057.25 1.99 1.55 83.38 325.06
homfam hom 12037 8 53.4951 98 35.3 94.1 94.0 65.2 81.1 609.3927 0:10:09 7677.28 101960.15 7381.64 7459.50 1.99 6.51 130.20 802.65
homfam biotin_lipoyl 11833 7 71.8928 112 28.9 96.5 94.8 81.2 84.2 739.4976 0:12:19 7827.39 97532.02 7461.80 7545.23 1.99 7.79 127.57 945.22
homfam cys 4316 13 198.11 284 40.5 93.5 93.2 67.9 78.9 1683.1825 0:28:03 8162.17 99862.59 7797.31 7908.18 1.99 6.03 161.45 2726.69
homfam ghf11 521 5 167.758 202 49.5 95.0 94.7 87.0 88.3 573.8517 0:09:33 8039.90 97775.84 7563.71 7702.52 1.99 1.42 121.94 701.22
homfam blmb 17200 6 192.465 344 20.6 64.3 69.1 36.7 46.4 7327.2723 2:02:07 8712.36 100075.72 8236.44 8374.91 1.98 19.12 185.57 13598.93
homfam aadh 3127 8 225.129 542 38.2 85.7 88.2 51.0 56.5 1935.5121 0:32:15 8281.75 99843.50 7916.90 8000.22 1.99 4.55 161.35 3131.46
homfam DEATH 1183 7 80.5689 159 19.6 69.8 71.4 28.2 38.4 460.3397 0:07:40 7717.25 97438.07 7351.99 7463.18 1.99 1.65 100.68 465.02
homfam Sulfotransfer 2489 5 235.798 381 26.2 61.2 72.7 35.5 41.8 3074.8027 0:51:14 8551.78 100336.17 8186.60 8270.30 1.99 4.19 167.08 5146.19
homfam serpin 3144 8 291.462 418 34.3 95.7 95.1 83.2 89.9 2796.3976 0:46:36 9268.04 100795.11 8900.70 9042.55 1.99 4.71 157.06 4400.46
homfam proteasome 5732 17 174.347 309 21.7 83.7 82.6 31.4 47.0 1265.4854 0:21:05 8164.14 99659.14 7801.31 7947.84 1.99 5.84 144.41 1839.96
homfam zf-CCHH 88345 15 23.2513 39 35.5 96.8 96.2 88.6 93.0 1232.8381 0:20:32 7840.55 97477.40 7474.66 7575.57 37.94 42.30 129.44 1598.29
homfam egf 7774 12 32.0765 71 31.1 78.7 78.3 32.4 39.3 500.4468 0:08:20 7472.55 98721.08 7107.84 7191.12 1.98 4.98 120.53 608.99
homfam annexin 3139 6 65.1902 323 57.2 100.0 100.0 100.0 100.0 1201.2815 0:20:01 7902.93 97607.65 7426.72 7565.17 1.99 3.90 136.85 1645.70
homfam OTCace 4795 5 157.005 350 37.3 96.2 96.2 86.9 89.8 1152.0143 0:19:12 8136.04 97973.15 7727.20 7869.22 1.99 5.26 145.68 1679.77
homfam rnasemam 498 6 120.072 141 42.2 91.8 88.9 67.2 78.1 362.8504 0:06:02 7782.20 97537.53 7417.20 7520.13 1.99 1.22 101.05 368.06
homfam adh 21331 5 123.64 375 63.9 95.4 95.9 90.9 91.2 3000.2601 0:50:00 8106.72 99677.04 7742.04 7853.01 1.98 18.79 170.11 5110.48
homfam il8 1073 11 63.7623 81 34.5 91.0 90.6 67.5 76.9 375.4313 0:06:15 7513.09 97274.23 7235.95 7324.28 1.99 1.36 94.52 356.23
homfam hr 3707 5 65.1513 82 53.3 99.1 99.1 94.9 99.1 625.1842 0:10:25 7694.34 97490.14 7329.36 7495.11 117.99 3.93 115.73 726.17
homfam ChtBD 774 5 38.2713 45 59.3 98.3 98.1 93.0 94.7 292.4779 0:04:52 7396.31 100111.25 6920.50 7059.59 1.99 1.38 92.84 273.04
homfam gluts 10099 14 98.1117 235 39.4 88.1 89.4 68.2 72.7 2507.0830 0:41:47 7885.78 99540.39 7786.87 7805.81 1.98 7.95 169.10 4240.83
homfam ghf5 2717 6 260.466 470 17.8 64.6 65.5 33.9 47.6 3498.8496 0:58:18 8686.16 100293.01 8320.45 8416.85 1.99 4.45 167.87 5879.69
homfam ghf13 12607 10 264.452 626 26.8 62.5 63.5 24.1 32.7 7522.7770 2:05:22 9318.89 100872.80 8953.80 9037.22 1.99 43.88 180.82 13604.04
homfam PDZ 14950 6 80.8907 110 30.6 83.5 84.9 67.7 69.7 1145.8208 0:19:05 7898.88 99461.97 7686.32 7712.53 1.98 11.06 150.32 1730.69
homfam az 1086 29 100.416 215 33.4 76.9 76.3 40.2 42.1 513.7538 0:08:33 7706.90 98815.84 7341.30 7451.24 1.99 1.35 101.58 529.83
homfam hla 13465 5 153.148 178 76.5 100.0 100.0 100.0 100.0 1282.2499 0:21:22 8334.32 98200.59 7968.84 8052.05 1.99 13.70 132.41 1699.40
homfam slectin 932 5 133.052 142 33.3 93.4 94.2 85.4 88.9 844.0517 0:14:04 8041.34 99658.59 7565.39 7704.07 1.99 1.46 106.11 906.70
homfam GEL 2195 5 78.1157 150 23.7 65.1 65.6 37.0 51.9 640.4926 0:10:40 7664.78 98938.92 7188.02 7354.48 1.99 1.96 110.43 712.57
homfam kringle 1091 9 75.9138 100 43.3 95.9 94.9 78.7 82.2 341.2824 0:05:41 7600.73 97292.94 7469.48 7502.66 1.99 1.50 112.92 386.83
homfam p450 21013 12 331.506 512 20.8 75.3 76.4 35.1 42.8 12136.0677 3:22:16 10150.72 101813.84 9785.55 9895.83 1.98 94.39 168.49 20452.88
homfam gpdh 7691 8 129.082 360 55.1 96.4 96.2 88.8 91.7 1691.4674 0:28:11 8196.01 99531.67 8136.02 8162.19 5.99 8.04 146.63 2490.60
homfam int 7572 5 168.037 219 22.5 83.7 85.0 63.9 70.4 2234.6768 0:37:14 8261.16 99938.82 7895.41 8006.27 1.98 8.31 163.55 3660.03
homfam KAS 2070 6 174.528 404 31.7 82.6 86.6 59.0 62.1 1153.5148 0:19:13 8492.27 99749.07 8126.85 8268.81 1.99 2.86 136.44 1576.57
homfam trfl 837 7 242.315 702 61.9 95.1 95.5 88.0 88.6 2341.1825 0:39:01 8716.00 99805.81 8239.70 8383.55 1.99 1.87 161.31 3785.19
homfam TNF 556 5 119.903 176 32.0 87.3 86.7 72.0 75.5 422.9767 0:07:02 7850.79 97609.57 7485.15 7596.35 1.99 1.23 95.33 404.63
homfam scorptoxin 363 8 53.2562 74 46.3 90.4 89.5 74.0 79.0 310.4873 0:05:10 7515.90 97259.60 7040.09 7178.80 1.99 0.99 77.60 242.60
homfam aldosered 13277 7 268.547 386 41.6 85.9 89.2 65.2 74.0 5252.8532 1:27:32 9161.47 100746.12 8795.81 8914.22 1.98 18.39 169.05 8870.07
homfam rrm 27610 20 67.4587 157 22.9 81.5 79.8 23.4 31.8 992.7511 0:16:32 7832.27 97537.38 7354.62 7520.68 957.98 19.79 140.00 1392.71
