homfam ricin 747 7 198.708 281 37.5 90.0 90.1 73.6 81.1 638.2620 0:10:38 7974.78 99911.82 7524.94 7665.60 1.99 1.36 148.28 954.97
homfam ghf10 1502 5 220.34 364 43.3 92.6 92.7 80.8 85.9 1587.4881 0:26:27 8018.19 103212.14 7542.58 7682.80 1.99 2.43 162.13 2582.32
homfam seatoxin 93 5 43.6344 54 42.6 66.7 64.1 8.2 9.3 176.7927 0:02:56 8046.52 99910.89 7556.81 7696.73 1.99 0.65 120.49 214.52
homfam mofe 2567 6 353.074 609 30.0 83.7 84.9 64.5 72.1 4546.2244 1:15:46 8017.55 103056.05 7645.77 7737.01 1.99 7.31 167.04 7595.15
homfam cyt3 385 6 92.3065 130 40.3 78.7 79.7 59.3 67.8 239.4408 0:03:59 7981.11 102920.82 7525.54 7688.59 1.99 0.90 128.12 308.32
homfam ins 793 6 65.2825 74 44.9 92.4 93.3 65.2 87.8 428.1775 0:07:08 8025.21 101959.15 7567.46 7684.38 1.99 1.43 139.92 607.17
homfam Ald_Xan_dh_2 2589 6 109.304 885 31.8 83.1 83.3 63.5 72.2 2324.3466 0:38:44 7995.89 101958.56 7542.12 7659.41 1.99 2.60 164.21 3824.76
homfam tms 2118 5 264.245 357 45.9 95.1 94.7 83.2 89.5 1798.6736 0:29:58 7946.76 103296.97 7491.32 7700.21 1.99 3.25 155.04 2795.81
homfam phc 2957 12 98.4711 179 37.2 92.8 93.6 68.2 75.1 525.4930 0:08:45 7948.27 102918.96 7698.68 7792.85 1.99 2.66 149.97 794.75
homfam cytb 3206 6 82.1454 100 35.6 93.3 93.3 76.1 82.8 957.4771 0:15:57 7999.19 99911.87 7542.35 7705.19 1.99 2.66 156.00 1500.69
homfam mmp 1427 6 157.93 180 55.1 96.0 96.5 87.0 92.1 1044.8328 0:17:24 7966.69 99912.13 7529.13 7738.66 1.99 1.97 155.98 1639.90
homfam phoslip 946 18 113.33 137 48.9 94.0 93.9 69.1 78.4 321.9619 0:05:21 8045.54 97901.55 7555.36 7672.43 1.99 1.61 138.58 447.83
homfam HLH 6781 5 53.5453 92 28.1 88.9 93.9 65.5 77.1 612.0378 0:10:12 8035.19 102920.02 7579.29 7788.38 1.99 4.12 147.11 909.30
homfam myb_DNA-binding 10398 5 46.5583 61 40.7 95.2 94.1 80.4 86.0 461.1569 0:07:41 8041.09 103080.40 7553.26 7761.92 1.99 5.93 125.14 584.29
homfam msb 4884 8 106.037 158 26.6 88.9 90.8 65.5 78.5 505.9978 0:08:25 7994.08 103052.11 7536.21 7642.01 1.98 4.70 134.72 688.76
homfam ghf1 4358 8 403.813 562 38.4 91.7 91.8 70.4 78.4 5534.0811 1:32:14 8280.11 103302.62 7836.93 8003.49 1.99 7.74 161.46 8935.57
homfam rvp 93681 6 94.2886 132 36.6 79.9 79.5 51.4 57.8 2203.6647 0:36:43 9457.96 99287.32 8963.09 9188.81 1.99 58.31 137.11 3025.62
homfam lyase_1 7632 5 295.082 511 30.9 82.0 82.0 63.2 68.2 4179.8287 1:09:39 7952.12 103183.79 7494.44 7634.65 5.99 10.57 157.15 6570.66
homfam ldh 7367 14 121.378 371 31.9 89.5 89.0 59.5 71.3 1402.9272 0:23:22 8011.64 103026.91 7555.63 7672.83 1.99 7.42 153.50 2159.04
homfam subt 7517 11 301.598 414 39.5 81.1 81.8 36.2 48.4 11020.7960 3:03:40 8247.96 103126.84 7743.75 7879.11 1.98 12.15 171.62 18922.27
homfam sodfe 4455 8 77.4471 219 42.3 90.9 89.9 66.0 69.5 843.3307 0:14:03 7941.77 99910.12 7560.36 7723.16 1.99 3.35 148.09 1255.30
homfam LIM 6428 5 57.0143 86 52.8 97.3 97.3 86.6 94.2 386.5724 0:06:26 7995.20 103335.54 7538.06 7746.68 1.99 3.83 136.59 529.49
homfam blm 9105 8 300.727 274 39.1 73.5 75.5 44.9 46.8 5014.6489 1:23:34 8262.85 103166.94 7759.19 7888.84 1.98 13.49 163.12 8186.50
homfam DMRL_synthase 2099 5 140.59 182 33.2 93.5 90.6 74.6 83.3 469.4607 0:07:49 7997.75 102919.80 7610.35 7750.29 1.99 2.27 129.60 609.88
homfam tRNA-synt_2b 11293 5 177.564 467 18.7 50.9 49.9 23.0 31.6 2952.7660 0:49:12 8014.09 103251.59 7557.77 7674.97 1.99 11.89 166.68 4928.27
homfam Stap_Strp_toxin 640 6 87.3922 254 32.5 81.8 80.9 48.6 54.0 693.9194 0:11:33 7982.53 99912.75 7529.75 7635.67 1.99 1.02 142.65 991.34
homfam Acetyltransf 46285 6 82.9897 229 24.1 64.7 65.9 33.3 44.0 3589.6590 0:59:49 8445.98 102943.01 7991.11 8200.50 1.97 33.48 175.54 6310.67
homfam ghf22 760 12 107.567 131 51.4 94.2 94.5 83.8 87.2 302.8014 0:05:02 7981.96 97810.63 7530.65 7740.19 1.99 1.16 133.10 405.04
homfam sdr 50157 13 163.253 361 23.3 82.3 81.0 34.7 45.4 4260.1652 1:11:00 9617.73 103194.45 9113.69 9266.29 1.96 55.64 150.77 6411.35
homfam ltn 1068 12 204.148 282 49.9 92.8 93.8 69.6 78.8 909.3523 0:15:09 7981.42 101958.42 7526.52 7643.40 1.99 1.81 155.45 1420.33
homfam hpr 3349 5 83.0427 89 44.4 99.3 99.3 97.7 98.5 345.4668 0:05:45 7945.92 103123.20 7489.73 7652.88 1.99 2.64 120.82 419.08
homfam bowman 499 5 26.1443 73 64.9 93.9 93.9 82.9 84.9 200.2190 0:03:20 7976.83 101958.23 7520.85 7626.66 1.99 1.18 128.71 259.19
homfam hip 167 5 66.2096 88 33.4 85.8 85.0 61.9 73.3 187.4772 0:03:07 8026.07 101992.81 7570.09 7687.39 1.99 0.97 113.45 213.11
homfam HMG_box 4779 5 66.0716 89 24.8 97.3 96.2 85.2 93.9 335.5658 0:05:35 8039.38 102920.20 7545.75 7754.41 1.99 3.17 133.24 448.56
homfam icd 5678 5 328.887 433 41.7 93.8 94.4 82.9 86.5 3892.7346 1:04:52 8031.50 103182.61 7547.62 7664.56 1.99 8.62 157.22 6119.89
homfam peroxidase 4514 5 256.626 383 37.3 81.8 82.9 55.3 57.4 3488.8954 0:58:08 7989.21 103120.30 7531.53 7648.41 1.99 14.07 172.01 6001.71
homfam asp 3262 13 284.142 381 37.5 91.7 92.2 74.3 81.7 2885.1502 0:48:05 8000.38 103298.97 7543.76 7683.49 1.99 7.35 158.78 4580.78
homfam flav 4612 6 138.021 183 35.0 83.5 84.0 53.1 60.2 1054.8998 0:17:34 7992.18 102922.71 7545.27 7754.01 1.99 4.20 154.00 1633.60
homfam cah 1379 5 212.706 279 38.7 88.0 88.3 66.4 73.8 1216.1167 0:20:16 8005.68 97915.82 7573.38 7736.25 1.99 2.14 156.83 1908.69
homfam ace 3989 6 427.824 601 37.3 87.6 88.3 68.2 75.3 7929.5857 2:12:09 8607.23 103008.35 8103.43 8233.11 1.98 8.26 165.25 13105.48
homfam sti 613 5 165.383 198 36.4 84.8 84.5 67.4 74.6 368.9396 0:06:08 7979.15 102618.41 7521.71 7638.67 1.99 1.45 131.64 487.14
homfam aat 25100 10 337.807 476 28.6 85.1 85.7 53.9 60.3 8198.5532 2:16:38 9877.68 103255.75 9511.80 9678.57 1.98 36.66 155.37 12739.97
homfam oxidored_q6 3348 5 123.044 285 56.7 91.6 92.5 83.5 84.8 1029.4258 0:17:09 8010.87 99912.80 7553.92 7762.71 1.99 3.18 153.94 1594.23
homfam hormone_rec 3509 5 188.562 308 21.5 76.5 75.5 50.2 64.0 1547.0820 0:25:47 8038.04 103145.29 7544.31 7753.09 0.00 0.02 162.46 10.29
homfam rhv 17976 6 143.424 938 33.1 35.6 44.5 1.6 0.1 15170.6629 4:12:50 7994.42 102922.33 7536.66 7653.77 1.99 15.64 158.48 24044.83
homfam tgfb 1606 8 95.4645 118 43.8 82.2 85.2 29.9 37.3 396.6941 0:06:36 7992.20 102925.97 7536.81 7700.21 1.99 1.91 116.70 464.50
homfam cryst 1160 7 80.8078 192 44.4 91.5 91.3 70.7 73.3 346.0520 0:05:46 7949.91 100039.13 7493.66 7610.80 1.99 1.56 132.88 461.40
homfam cyclo 6288 6 159.069 203 44.1 86.5 87.6 72.0 76.4 1751.6834 0:29:11 7999.38 103120.49 7541.89 7659.13 1.99 7.72 162.68 2853.35
homfam kunitz 2266 10 53.752 64 37.9 97.9 97.9 90.0 89.3 281.8186 0:04:41 8026.59 99208.55 7708.13 7802.39 1.99 1.97 125.98 356.52
homfam Rhodanese 14049 6 102.277 216 22.7 74.5 81.4 55.7 59.5 1632.2000 0:27:12 8003.96 102935.21 7586.12 7725.91 1.98 12.15 153.71 2517.31
homfam sodcu 2038 7 141.322 169 42.2 88.9 89.3 71.7 76.5 503.8312 0:08:23 8012.02 103188.18 7744.91 7839.22 1.99 2.52 147.11 743.47
homfam profilin 687 5 123.371 144 39.7 92.2 92.2 82.8 84.2 354.2422 0:05:54 7944.96 103053.04 7488.65 7594.41 1.99 1.23 142.70 509.49
homfam glob 3983 41 100.684 174 31.7 95.1 94.9 69.4 72.6 567.3545 0:09:27 7953.65 99911.77 7499.39 7662.55 1.99 3.38 132.59 759.61
homfam tim 3904 10 205.645 260 47.5 97.2 97.1 89.6 94.0 1746.1376 0:29:06 8006.41 103234.39 7510.11 7719.29 1.99 4.97 154.77 2706.08
homfam uce 4558 13 134.701 184 34.0 90.8 89.8 57.2 65.7 655.1632 0:10:55 7973.09 99911.82 7515.46 7724.36 1.99 4.21 154.40 1010.95
homfam toxin 508 20 62.311 78 43.1 86.9 85.0 53.2 61.7 229.1943 0:03:49 7944.25 101959.12 7556.33 7662.00 1.99 0.87 99.70 229.66
homfam rub 1435 5 46.1575 54 62.1 98.4 98.4 92.6 93.5 260.7582 0:04:20 8033.51 102922.69 7605.57 7768.43 1.99 1.48 114.60 300.80
homfam hom 12037 8 53.4951 98 35.3 96.9 96.4 75.4 91.0 497.1399 0:08:17 8049.80 101960.13 7566.02 7775.02 1.99 6.49 131.39 654.67
homfam biotin_lipoyl 11833 7 71.8928 112 28.9 95.0 93.4 76.5 82.3 485.5003 0:08:05 8005.01 102921.92 7552.57 7669.82 1.99 8.07 131.73 641.53
homfam cys 4316 13 198.11 284 40.5 94.5 93.7 66.4 79.9 1464.7359 0:24:24 7981.92 102993.42 7527.84 7736.67 1.99 5.69 159.68 2347.21
homfam ghf11 521 5 167.758 202 49.5 92.8 92.6 82.3 84.0 541.2509 0:09:01 8012.68 102921.84 7557.06 7720.67 1.99 1.17 149.90 812.83
homfam blmb 17200 6 192.465 344 20.6 69.0 71.4 41.5 52.0 4402.7018 1:13:22 8361.84 103054.53 8147.69 8242.67 1.98 18.30 171.37 7553.33
homfam aadh 3127 8 225.129 542 38.2 88.7 88.7 62.1 68.9 2109.4255 0:35:09 7979.37 103298.27 7559.96 7768.85 1.99 4.12 155.49 3282.96
homfam DEATH 1183 7 80.5689 159 19.6 86.8 86.7 62.1 69.3 322.6837 0:05:22 7989.05 102935.34 7541.88 7751.34 1.99 1.70 141.35 457.06
homfam Sulfotransfer 2489 5 235.798 381 26.2 73.5 74.2 42.2 51.0 2721.7064 0:45:21 7980.24 99912.03 7729.00 7869.34 1.99 5.89 168.29 4580.24
homfam serpin 3144 8 291.462 418 34.3 95.4 94.9 81.4 88.1 3520.1858 0:58:40 7982.03 99913.86 7577.77 7739.06 1.99 4.55 160.97 5673.68
homfam proteasome 5732 17 174.347 309 21.7 84.6 82.1 40.0 59.8 1410.5780 0:23:30 7955.55 98634.28 7637.57 7777.72 1.99 5.83 129.66 1836.67
homfam zf-CCHH 88345 15 23.2513 39 35.5 97.1 96.5 88.6 93.0 1144.2318 0:19:04 8060.91 99918.50 7617.28 7826.47 1.95 42.29 116.83 1338.55
homfam egf 7774 12 32.0765 71 31.1 76.6 75.8 33.8 41.8 374.2414 0:06:14 8002.83 102939.05 7545.18 7662.22 1.98 4.75 121.79 457.30
homfam annexin 3139 6 65.1902 323 57.2 99.6 99.8 99.4 99.4 754.5458 0:12:34 7978.83 102988.13 7526.66 7689.81 1.99 2.37 148.72 1123.58
homfam OTCace 4795 5 157.005 350 37.3 96.1 96.4 88.7 91.4 1039.4754 0:17:19 7981.05 103024.82 7502.76 7711.45 1.99 4.89 151.32 1574.56
homfam rnasemam 498 6 120.072 141 42.2 93.3 90.0 70.9 82.9 287.7751 0:04:47 7947.64 101993.90 7698.77 7770.03 1.99 0.98 122.21 353.22
homfam adh 21331 5 123.64 375 63.9 96.9 97.2 91.5 91.9 1898.8096 0:31:38 7926.30 103018.43 7456.97 7657.55 9.98 18.84 147.71 2815.59
homfam il8 1073 11 63.7623 81 34.5 87.1 86.8 55.8 62.8 247.0806 0:04:07 7942.84 102601.20 7493.79 7657.33 1.99 1.40 124.01 307.94
homfam hr 3707 5 65.1513 82 53.3 99.1 99.1 94.9 99.1 352.1515 0:05:52 8028.63 102922.46 7710.31 7852.22 1.99 5.78 141.37 499.31
homfam ChtBD 774 5 38.2713 45 59.3 99.3 99.0 95.3 97.1 208.7678 0:03:28 8008.95 102922.03 7550.86 7691.09 1.99 0.98 125.07 262.58
homfam gluts 10099 14 98.1117 235 39.4 88.7 88.6 63.1 66.9 2130.0779 0:35:30 8008.25 101959.66 7550.65 7656.31 1.98 12.73 166.34 3543.07
homfam ghf5 2717 6 260.466 470 17.8 67.5 67.6 37.5 52.6 2820.3590 0:47:00 7982.31 102932.16 7732.62 7872.85 1.99 7.46 165.04 4655.34
homfam ghf13 12607 10 264.452 626 26.8 67.1 67.2 27.0 35.6 7237.9052 2:00:37 8471.35 103206.97 8078.00 8187.89 1.99 16.80 170.00 12311.31
homfam PDZ 14950 6 80.8907 110 30.6 88.9 89.0 75.8 78.9 998.6561 0:16:38 8003.82 99913.06 7507.47 7647.62 1.98 11.41 151.55 1520.34
homfam az 1086 29 100.416 215 33.4 73.3 74.1 40.2 43.1 328.4178 0:05:28 7948.13 98728.25 7492.91 7632.70 1.99 1.39 139.48 467.96
homfam hla 13465 5 153.148 178 76.5 100.0 100.0 100.0 100.0 770.9314 0:12:50 8039.52 99914.12 7673.61 7838.54 1.99 13.39 134.45 1038.18
homfam slectin 932 5 133.052 142 33.3 94.5 94.4 86.1 90.3 623.8787 0:10:23 7977.01 102921.93 7518.66 7635.90 1.99 1.33 134.14 847.28
homfam GEL 2195 5 78.1157 150 23.7 67.2 69.3 37.7 52.9 393.0596 0:06:33 7952.27 99912.89 7563.81 7704.13 1.99 1.96 141.72 566.23
homfam kringle 1091 9 75.9138 100 43.3 92.6 91.5 76.4 80.9 288.4663 0:04:48 7959.49 99914.14 7525.13 7696.55 1.99 1.55 123.53 357.83
homfam p450 21013 12 331.506 512 20.8 73.1 73.2 36.7 44.7 9053.1843 2:30:53 9959.56 101781.10 9760.18 9789.10 104.00 0.43 155.50 14087.26
homfam gpdh 7691 8 129.082 360 55.1 95.9 95.8 87.7 90.5 1468.9905 0:24:28 8007.25 103185.57 7533.14 7742.08 1.99 7.91 158.68 2330.85
homfam int 7572 5 168.037 219 22.5 87.5 88.5 70.8 78.1 1965.8348 0:32:45 8015.80 102927.23 7563.56 7680.75 1.98 8.39 157.88 3112.71
homfam KAS 2070 6 174.528 404 31.7 87.7 87.5 71.5 75.8 899.7268 0:14:59 7947.61 101994.01 7489.80 7653.26 1.99 2.84 153.13 1382.65
homfam trfl 837 7 242.315 702 61.9 93.2 94.5 85.6 83.3 1880.3564 0:31:20 7978.57 97807.00 7522.55 7628.31 1.99 1.86 160.44 3018.38
homfam TNF 556 5 119.903 176 32.0 84.8 84.6 66.2 72.7 317.3826 0:05:17 7944.50 102920.79 7487.01 7604.03 1.99 1.02 127.81 407.10
homfam scorptoxin 363 8 53.2562 74 46.3 90.8 89.9 75.3 80.7 182.3732 0:03:02 8006.09 102920.89 7588.44 7732.84 1.99 0.78 114.96 211.18
homfam aldosered 13277 7 268.547 386 41.6 86.1 89.0 68.0 75.0 5402.2358 1:30:02 8319.82 103446.03 8125.38 8148.70 1.98 18.08 162.10 8760.36
homfam rrm 27610 20 67.4587 157 22.9 84.4 84.6 20.7 30.6 907.1576 0:15:07 7853.55 102921.69 7656.45 7796.31 5.98 17.64 130.51 1186.21
