homfam ricin 747 7 198.708 281 37.5 89.7 89.5 73.3 80.7 851.9948 0:14:11 15084.54 105180.30 14675.31 14816.02 1.99 1.65 127.35 1094.81
homfam ghf10 1502 5 220.34 364 43.3 92.6 92.8 78.0 84.5 1648.1053 0:27:28 14604.05 104630.29 14247.99 14319.19 1.99 2.92 154.98 2563.80
homfam seatoxin 93 5 43.6344 54 42.6 67.6 65.5 12.2 12.0 350.3134 0:05:50 7612.39 97631.14 7246.45 7394.73 0.00 0.02 92.18 3.35
homfam mofe 2567 6 353.074 609 30.0 86.5 87.6 67.7 76.3 3096.1809 0:51:36 14590.50 104606.39 14103.97 14209.56 1.99 4.67 154.01 4773.05
homfam cyt3 385 6 92.3065 130 40.3 79.6 79.6 55.9 64.4 418.2451 0:06:58 8215.92 99499.43 7710.98 7841.19 1.99 1.21 88.14 373.01
homfam ins 793 6 65.2825 74 44.9 88.1 88.3 59.4 84.0 654.3981 0:10:54 15103.77 105206.32 14609.43 14741.98 1.99 1.76 120.42 789.57
homfam Ald_Xan_dh_2 2589 6 109.304 885 31.8 83.3 83.3 63.8 72.0 3884.2432 1:04:44 15160.00 105207.54 14634.71 14767.25 477.99 2.94 159.45 6202.93
homfam tms 2118 5 264.245 357 45.9 95.7 95.3 83.9 90.3 2110.6430 0:35:10 15117.21 105182.49 14611.09 14750.99 1.99 3.26 152.43 3220.11
homfam phc 2957 12 98.4711 179 37.2 70.3 91.9 34.1 30.4 1003.7710 0:16:43 8062.62 99999.57 7558.67 7732.70 1.99 2.98 140.97 1422.40
homfam cytb 3206 6 82.1454 100 35.6 86.8 86.5 64.1 72.2 1197.3955 0:19:57 15121.93 105297.70 14720.36 14826.28 41.99 3.65 145.92 1755.26
homfam mmp 1427 6 157.93 180 55.1 95.9 96.5 87.0 92.1 1105.7444 0:18:25 8276.81 100289.85 7772.89 7890.90 1.99 2.24 150.54 1673.00
homfam phoslip 946 18 113.33 137 48.9 94.2 94.0 67.6 78.0 530.8862 0:08:50 8021.16 98106.32 7490.49 7640.57 0.00 0.02 99.98 4.33
homfam HLH 6781 5 53.5453 92 28.1 89.3 93.6 67.9 77.4 978.1196 0:16:18 15113.84 105210.21 14739.56 14872.77 1.99 4.30 121.77 1196.46
homfam myb_DNA-binding 10398 5 46.5583 61 40.7 96.8 95.6 83.9 90.0 810.4952 0:13:30 15088.55 105189.63 14658.92 14765.32 1.98 5.98 113.04 920.74
homfam msb 4884 8 106.037 158 26.6 85.6 88.2 60.0 73.2 782.6370 0:13:02 8155.78 99509.43 7650.84 7781.16 1.98 7.23 123.08 962.82
homfam ghf1 4358 8 403.813 562 38.4 92.4 92.6 72.2 80.4 4508.9333 1:15:08 10336.41 101921.18 9833.19 10067.00 5.99 7.94 157.50 7104.73
homfam rvp 93681 6 94.2886 132 36.6 81.3 81.2 53.2 59.9 2956.4764 0:49:16 15166.43 105272.55 14799.73 14917.39 25.99 58.71 119.55 3536.27
homfam lyase_1 7632 5 295.082 511 30.9 82.0 81.9 64.6 68.3 3715.1760 1:01:55 12505.82 102612.90 11939.93 12046.04 1.99 10.29 154.07 5725.17
homfam ldh 7367 14 121.378 371 31.9 88.9 88.7 59.2 70.8 1629.0058 0:27:09 15088.45 105187.29 14712.87 14829.69 1.99 7.57 144.78 2359.71
homfam subt 7517 11 301.598 414 39.5 77.8 80.1 32.4 43.1 10104.3120 2:48:24 13645.65 103662.07 13065.85 13183.22 1.98 12.20 174.59 17648.26
homfam sodfe 4455 8 77.4471 219 42.3 90.9 90.1 65.1 68.9 897.1527 0:14:57 15081.11 105247.80 14648.33 14754.43 1.99 4.77 134.57 1208.60
homfam LIM 6428 5 57.0143 86 52.8 97.3 97.3 86.6 94.2 628.9415 0:10:28 7950.69 98029.23 7560.41 7651.79 1.99 4.19 108.66 684.87
homfam blm 9105 8 300.727 274 39.1 71.2 95.3 0.7 0.6 6657.4790 1:50:57 13747.76 103765.29 13242.85 13383.18 1.98 13.46 169.53 11298.02
homfam DMRL_synthase 2099 5 140.59 182 33.2 93.4 90.5 74.6 83.3 790.1101 0:13:10 8536.81 99665.35 8080.30 8196.81 1.99 2.62 112.14 889.40
homfam tRNA-synt_2b 11293 5 177.564 467 18.7 53.9 53.9 25.0 34.8 3430.1599 0:57:10 8707.37 100490.18 8318.80 8360.08 1.99 11.77 163.34 5612.20
homfam Stap_Strp_toxin 640 6 87.3922 254 32.5 83.6 83.5 49.8 56.4 666.6602 0:11:06 15077.41 105179.28 14641.77 14782.39 1.99 1.26 117.88 787.31
homfam Acetyltransf 46285 6 82.9897 229 24.1 67.0 65.4 37.0 45.5 4887.7941 1:21:27 12205.93 103096.68 11713.04 11830.49 1.97 35.05 163.19 7987.12
homfam ghf22 760 12 107.567 131 51.4 93.3 93.5 80.0 83.7 419.6867 0:06:59 15166.71 105205.31 14632.95 14738.98 1.99 1.11 103.30 435.10
homfam sdr 50157 13 163.253 361 23.3 78.6 78.4 34.4 45.0 4706.5691 1:18:26 15171.95 105282.22 14742.56 14905.69 1.96 55.46 143.41 6750.95
homfam ltn 1068 12 204.148 282 49.9 94.2 94.8 72.7 81.0 1203.2717 0:20:03 14988.16 105006.21 14483.27 14614.37 1.98 2.20 138.40 1667.07
homfam hpr 3349 5 83.0427 89 44.4 99.3 99.3 97.7 98.5 610.6062 0:10:10 15085.73 105182.70 14708.63 14849.44 1.99 2.91 104.98 642.46
homfam bowman 499 5 26.1443 73 64.9 94.5 94.5 82.9 84.9 320.9968 0:05:20 15061.62 105080.23 14734.16 14839.77 1.99 0.84 89.43 288.55
homfam hip 167 5 66.2096 88 33.4 85.2 84.2 61.9 69.8 350.5367 0:05:50 15138.68 105155.21 14746.45 14852.45 0.00 0.02 94.16 3.72
homfam HMG_box 4779 5 66.0716 89 24.8 97.3 96.2 85.2 93.9 565.4954 0:09:25 15202.53 105259.84 14686.75 14792.77 5.99 4.46 124.16 703.69
homfam icd 5678 5 328.887 433 41.7 93.5 93.8 82.6 86.0 3478.8914 0:57:58 9719.50 101813.82 9214.54 9384.70 0.00 0.02 155.50 29.81
homfam peroxidase 4514 5 256.626 383 37.3 73.8 76.7 46.1 50.2 3604.3460 1:00:04 12145.66 102233.70 11660.39 11800.65 1.99 6.62 164.58 5940.66
homfam asp 3262 13 284.142 381 37.5 90.8 91.2 72.5 77.3 2842.5721 0:47:22 15089.57 105183.68 14686.85 14804.38 1.99 5.65 154.77 4409.67
homfam flav 4612 6 138.021 183 35.0 81.7 82.2 56.6 58.6 1399.2756 0:23:19 8368.79 100382.36 7865.07 7994.54 1.99 4.54 135.45 1904.42
homfam cah 1379 5 212.706 279 38.7 90.2 91.4 74.2 81.7 1404.0932 0:23:24 8663.55 98761.04 8396.99 8445.94 161.99 2.49 135.76 1909.07
homfam ace 3989 6 427.824 601 37.3 87.6 88.4 67.8 74.4 7664.9561 2:07:44 15086.12 105185.07 14668.18 14807.72 1.98 8.79 165.17 12664.11
homfam sti 613 5 165.383 198 36.4 89.4 88.6 72.3 78.9 503.1603 0:08:23 8086.69 98348.68 7581.41 7732.21 1.99 1.36 105.81 533.99
homfam aat 25100 10 337.807 476 28.6 76.4 77.4 41.9 45.0 8693.7226 2:24:53 11123.09 102860.46 10617.97 10748.51 1.98 36.74 156.25 13592.49
homfam oxidored_q6 3348 5 123.044 285 56.7 90.9 91.7 83.5 85.2 1281.5005 0:21:21 15134.42 105182.70 14612.01 14751.86 1.99 3.53 142.96 1840.56
homfam hormone_rec 3509 5 188.562 308 21.5 71.6 71.8 45.9 58.5 1763.6165 0:29:23 8615.32 100482.34 8194.85 8347.36 1.99 4.08 148.31 2626.22
homfam rhv 17976 6 143.424 938 33.1 37.6 49.7 1.6 0.2 14147.3651 3:55:47 8635.57 102928.41 8487.64 8544.60 1.99 15.38 158.37 22413.39
homfam tgfb 1606 8 95.4645 118 43.8 84.6 87.1 40.2 43.8 581.6324 0:09:41 15089.10 105245.45 14691.52 14797.87 1.99 2.28 96.45 562.39
homfam cryst 1160 7 80.8078 192 44.4 93.1 92.9 74.6 77.3 578.8970 0:09:38 7924.99 98054.21 7419.87 7538.76 1.99 1.71 103.64 601.53
homfam cyclo 6288 6 159.069 203 44.1 89.1 90.1 75.1 79.9 1957.3518 0:32:37 15066.31 105150.18 14588.88 14706.33 5.99 7.89 152.03 2976.58
homfam kunitz 2266 10 53.752 64 37.9 98.9 98.9 95.0 94.7 427.9523 0:07:07 15106.20 105207.55 14716.43 14834.38 1.99 2.17 102.69 440.92
homfam Rhodanese 14049 6 102.277 216 22.7 59.4 65.2 29.2 34.2 2537.4440 0:42:17 14150.81 104232.46 13670.11 13787.55 1.98 11.54 152.97 3882.25
homfam sodcu 2038 7 141.322 169 42.2 90.9 91.1 78.3 82.0 912.4314 0:15:12 13955.51 104095.53 13434.60 13540.52 1.99 2.38 114.84 1058.51
homfam profilin 687 5 123.371 144 39.7 95.6 95.6 89.1 90.1 477.7784 0:07:57 15081.25 105180.31 14664.65 14782.19 1.99 1.71 109.46 524.37
homfam glob 3983 41 100.684 174 31.7 95.7 95.4 71.8 74.0 790.2039 0:13:10 15082.38 105182.75 14711.26 14828.83 1.99 3.74 103.86 825.71
homfam tim 3904 10 205.645 260 47.5 97.9 98.0 91.9 95.0 2023.5094 0:33:43 8718.82 100495.46 8417.07 8474.70 1.99 7.50 151.57 3068.55
homfam uce 4558 13 134.701 184 34.0 89.4 91.1 62.0 69.7 1359.4180 0:22:39 8214.15 99972.81 7673.12 7876.85 1.99 7.67 151.94 2064.54
homfam toxin 508 20 62.311 78 43.1 93.4 91.8 67.5 76.3 387.6972 0:06:27 15113.44 105205.27 14676.20 14782.46 1.99 1.13 80.34 312.94
homfam rub 1435 5 46.1575 54 62.1 98.4 98.4 92.6 93.5 395.6311 0:06:35 15106.39 105206.42 14732.24 14838.57 1.99 1.29 91.12 361.96
homfam hom 12037 8 53.4951 98 35.3 94.1 94.0 65.2 81.1 748.4293 0:12:28 8204.73 98294.00 7699.92 7818.38 1.99 6.89 122.18 916.06
homfam biotin_lipoyl 11833 7 71.8928 112 28.9 95.9 94.3 81.2 84.2 887.3752 0:14:47 15218.08 105316.07 15238.91 15265.75 1.99 8.20 116.27 1033.10
homfam cys 4316 13 198.11 284 40.5 94.1 93.8 70.5 81.0 1708.8433 0:28:28 15079.07 105247.82 14711.85 14818.08 1.99 5.83 152.55 2608.05
homfam ghf11 521 5 167.758 202 49.5 94.4 94.6 86.5 87.2 663.2925 0:11:03 15115.19 105205.29 14732.77 14839.11 1.99 1.44 112.89 750.22
homfam blmb 17200 6 192.465 344 20.6 64.7 68.9 39.6 46.8 9120.3450 2:32:00 15099.96 105196.65 14683.76 14824.44 1.98 18.75 179.44 16372.35
homfam aadh 3127 8 225.129 542 38.2 86.8 89.1 53.3 59.1 1946.3663 0:32:26 14240.43 104322.28 13735.58 13841.93 0.00 0.02 163.43 12.92
homfam DEATH 1183 7 80.5689 159 19.6 70.0 71.6 28.2 38.4 542.0449 0:09:02 15110.44 105269.36 14698.45 14839.05 1.99 1.64 99.17 539.08
homfam Sulfotransfer 2489 5 235.798 381 26.2 64.8 78.6 40.9 47.7 3200.3897 0:53:20 8860.13 100737.80 8355.47 8485.43 1.99 4.21 165.91 5319.14
homfam serpin 3144 8 291.462 418 34.3 94.9 94.3 81.7 88.2 2884.1983 0:48:04 9581.30 101513.92 9076.17 9199.31 1.99 4.60 154.86 4470.96
homfam proteasome 5732 17 174.347 309 21.7 84.1 82.5 33.4 50.1 1425.9508 0:23:45 15091.09 105185.10 14713.43 14853.91 1.99 6.05 131.21 1881.48
homfam zf-CCHH 88345 15 23.2513 39 35.5 96.9 96.2 88.6 93.0 2130.3839 0:35:30 8580.75 98719.43 8116.06 8271.79 57.94 41.69 109.94 2344.51
homfam egf 7774 12 32.0765 71 31.1 77.9 78.0 33.8 41.8 559.0753 0:09:19 15089.14 105187.31 14714.09 14831.58 1.98 4.79 109.02 611.05
homfam annexin 3139 6 65.1902 323 57.2 100.0 100.0 100.0 100.0 1258.2248 0:20:58 7981.21 98069.05 7614.91 7781.34 0.00 0.02 139.40 10.87
homfam OTCace 4795 5 157.005 350 37.3 95.8 95.8 86.1 89.1 1404.6635 0:23:24 8601.18 98848.46 8097.21 8254.60 1.99 8.07 144.66 2033.41
homfam rnasemam 498 6 120.072 141 42.2 93.9 90.9 71.6 84.1 424.5983 0:07:04 15114.76 105218.31 14583.24 14724.57 1.99 1.23 96.44 410.84
homfam adh 21331 5 123.64 375 63.9 95.2 95.9 88.3 88.5 3849.2453 1:04:09 13483.12 103499.73 13041.35 13135.89 6.00 18.91 163.54 6304.22
homfam il8 1073 11 63.7623 81 34.5 92.2 91.7 70.1 80.0 423.3153 0:07:03 15078.39 105180.36 14800.95 14895.90 1.99 1.38 89.55 380.48
homfam hr 3707 5 65.1513 82 53.3 99.1 99.1 94.9 99.1 652.4987 0:10:52 8297.25 98597.64 7792.07 7910.49 4.00 0.02 117.92 5.78
homfam ChtBD 774 5 38.2713 45 59.3 99.3 99.0 95.3 97.1 312.6828 0:05:12 7792.33 97910.86 7287.38 7454.87 1.99 0.96 88.61 278.67
homfam gluts 10099 14 98.1117 235 39.4 85.6 87.2 63.5 67.8 2681.7565 0:44:41 8530.25 100496.32 8024.90 8177.63 1.98 8.34 158.06 4250.07
homfam ghf5 2717 6 260.466 470 17.8 66.1 67.3 36.0 50.4 3550.9455 0:59:10 15079.98 105247.54 14677.60 14783.56 1.99 4.19 166.96 5936.58
homfam ghf13 12607 10 264.452 626 26.8 63.5 65.0 27.0 35.7 8283.2389 2:18:03 9756.48 101763.99 9251.13 9431.89 10.28 17.14 173.98 14420.52
homfam PDZ 14950 6 80.8907 110 30.6 83.3 83.0 66.7 67.4 1348.2340 0:22:28 8831.89 100543.90 8327.34 8445.57 1.87 11.14 139.99 1897.21
homfam az 1086 29 100.416 215 33.4 77.1 77.5 42.9 47.4 580.7432 0:09:40 15078.37 105243.33 14644.45 14785.25 1.99 1.71 100.09 587.63
homfam hla 13465 5 153.148 178 76.5 100.0 100.0 100.0 100.0 1473.7415 0:24:33 14553.23 104593.88 14071.77 14177.55 1.99 18.43 128.09 1889.21
homfam slectin 932 5 133.052 142 33.3 95.3 95.1 89.1 91.6 868.8092 0:14:28 15080.75 105179.31 14816.04 14887.53 1.99 3.65 115.26 1009.97
homfam GEL 2195 5 78.1157 150 23.7 72.6 72.9 38.4 54.8 708.1264 0:11:48 8335.30 99397.23 7814.28 7944.10 1.99 2.24 114.37 823.90
homfam kringle 1091 9 75.9138 100 43.3 95.3 94.5 78.7 83.4 416.6118 0:06:56 14788.98 104805.07 14422.20 14517.26 1.99 1.25 103.43 432.33
homfam p450 21013 12 331.506 512 20.8 78.0 78.1 38.5 48.6 10530.7160 2:55:30 11102.25 103142.99 10621.81 10810.09 1.97 32.95 156.48 16478.38
homfam gpdh 7691 8 129.082 360 55.1 96.4 96.2 88.8 91.7 1830.6575 0:30:30 15187.64 105287.29 14797.38 14903.31 1.99 8.22 150.85 2770.25
homfam int 7572 5 168.037 219 22.5 88.4 89.8 71.3 78.8 2817.0042 0:46:57 8804.36 100576.70 8438.60 8545.21 1.98 8.05 155.40 4390.05
homfam KAS 2070 6 174.528 404 31.7 84.5 88.4 64.0 66.0 1145.0774 0:19:05 8638.19 103127.14 8133.53 8251.92 1.99 2.86 136.24 1565.58
homfam trfl 837 7 242.315 702 61.9 96.2 96.6 90.6 91.6 2111.9919 0:35:11 8828.81 101966.00 8323.97 8495.02 1.99 2.41 155.33 3282.46
homfam TNF 556 5 119.903 176 32.0 86.4 85.8 71.3 76.1 439.7495 0:07:19 7940.72 98134.72 7436.67 7570.66 0.00 0.02 104.00 4.13
homfam scorptoxin 363 8 53.2562 74 46.3 90.4 89.5 74.0 79.0 293.9468 0:04:53 7807.71 97802.24 7473.04 7591.06 1.99 0.83 94.07 278.01
homfam aldosered 13277 7 268.547 386 41.6 87.8 90.4 70.2 76.7 5079.7051 1:24:39 9421.53 101294.33 8916.68 9034.93 5.98 19.95 156.13 7941.82
homfam rrm 27610 20 67.4587 157 22.9 86.3 84.3 22.5 30.7 1366.3357 0:22:46 11937.13 102998.41 11447.12 11552.42 57.98 19.73 124.74 1707.14
