homfam ricin 747 7 198.708 281 37.5 91.2 91.4 78.4 84.9 384.6480 0:06:24 8031.06 103051.04 7574.43 7738.22 1.99 1.36 130.37 504.75
homfam ghf10 1502 5 220.34 364 43.3 93.6 93.7 81.1 87.6 744.4728 0:12:24 8028.36 102923.55 7570.75 7733.76 1.99 2.58 155.90 1170.81
homfam seatoxin 93 5 43.6344 54 42.6 66.2 64.1 14.3 13.4 176.4944 0:02:56 8022.10 102920.89 7710.07 7781.27 1.99 0.65 120.18 213.79
homfam mofe 2567 6 353.074 609 30.0 85.9 87.8 68.5 74.2 1696.2880 0:28:16 8007.55 103179.58 7549.16 7758.48 1.99 4.14 157.37 2677.98
homfam cyt3 385 6 92.3065 130 40.3 78.6 79.3 58.5 66.4 207.1141 0:03:27 8026.08 102924.92 7539.02 7644.71 1.99 0.90 125.96 269.85
homfam ins 793 6 65.2825 74 44.9 93.9 93.3 66.7 89.9 365.2735 0:06:05 7999.73 102921.19 7563.08 7703.38 1.99 1.07 136.35 504.16
homfam Ald_Xan_dh_2 2589 6 109.304 885 31.8 83.8 84.0 64.9 72.9 1344.1580 0:22:24 7996.50 99909.54 7575.09 7785.77 1.99 2.96 163.48 2205.77
homfam tms 2118 5 264.245 357 45.9 97.1 96.8 87.0 93.8 949.3411 0:15:49 8013.62 103205.87 7557.90 7720.85 1.99 3.25 155.68 1484.72
homfam phc 2957 12 98.4711 179 37.2 93.3 94.7 73.7 81.3 391.9206 0:06:31 8038.01 102918.27 7540.84 7646.72 1.99 2.79 148.73 588.36
homfam cytb 3206 6 82.1454 100 35.6 88.1 88.6 66.3 73.5 674.7654 0:11:14 7980.38 102992.22 7527.56 7667.76 1.99 2.69 147.03 1001.18
homfam mmp 1427 6 157.93 180 55.1 96.1 96.8 87.6 93.3 586.2159 0:09:46 8035.06 98769.60 7555.64 7695.81 1.99 2.05 158.34 938.59
homfam phoslip 946 18 113.33 137 48.9 95.7 95.5 76.5 86.1 282.6760 0:04:42 7946.36 97820.06 7488.50 7605.95 8.01 0.73 99.00 281.39
homfam HLH 6781 5 53.5453 92 28.1 89.2 94.0 66.7 77.2 478.0197 0:07:58 8066.52 99590.57 7564.32 7727.18 1.99 3.91 157.24 760.49
homfam myb_DNA-binding 10398 5 46.5583 61 40.7 95.2 94.1 80.4 86.0 280.2124 0:04:40 7978.61 101959.04 7498.87 7708.06 1.99 5.91 122.96 352.85
homfam msb 4884 8 106.037 158 26.6 86.2 88.9 63.4 76.2 338.2314 0:05:38 8000.87 103124.58 7680.45 7820.74 1.98 4.36 140.50 475.72
homfam ghf1 4358 8 403.813 562 38.4 92.9 92.9 74.8 82.6 2004.6620 0:33:24 8013.68 103283.66 7779.30 7850.59 1.99 7.87 153.22 3076.98
homfam rvp 93681 6 94.2886 132 36.6 80.8 80.8 55.9 62.9 906.8837 0:15:06 8026.45 102964.36 7566.11 7672.06 1.99 58.59 117.66 1068.29
homfam lyase_1 7632 5 295.082 511 30.9 82.5 82.6 64.6 69.4 1333.9982 0:22:13 8000.43 102994.24 7686.82 7827.09 1.99 10.00 148.82 1993.49
homfam ldh 7367 14 121.378 371 31.9 90.0 89.6 61.4 73.1 743.6514 0:12:23 7948.46 102058.32 7563.17 7772.22 1.99 7.07 146.91 1098.76
homfam subt 7517 11 301.598 414 39.5 80.6 82.9 32.1 45.6 5006.9408 1:23:26 8015.52 103009.06 7559.34 7676.61 1.98 12.15 178.24 8931.11
homfam sodfe 4455 8 77.4471 219 42.3 91.3 90.2 63.6 68.3 394.4866 0:06:34 8052.21 103053.15 7687.50 7827.78 1.99 3.36 136.96 544.10
homfam LIM 6428 5 57.0143 86 52.8 97.9 97.9 87.8 95.8 216.9685 0:03:36 8033.64 102938.37 7682.44 7822.57 1.99 3.77 116.31 253.96
homfam blm 9105 8 300.727 274 39.1 97.1 96.9 88.4 90.2 4470.9369 1:14:30 7991.27 103151.52 7526.19 7643.38 1.98 13.16 175.00 7832.42
homfam DMRL_synthase 2099 5 140.59 182 33.2 93.6 90.7 75.1 84.0 289.2679 0:04:49 7978.27 99911.79 7520.37 7637.40 1.99 2.22 119.78 347.83
homfam tRNA-synt_2b 11293 5 177.564 467 18.7 49.1 47.5 21.8 30.3 1740.5650 0:29:00 8005.41 103164.56 7687.66 7828.03 1.99 11.77 173.96 3033.48
homfam Stap_Strp_toxin 640 6 87.3922 254 32.5 82.4 82.1 49.8 57.1 298.6754 0:04:58 7992.68 98231.20 7541.64 7681.37 1.99 1.30 139.14 419.32
homfam Acetyltransf 46285 6 82.9897 229 24.1 65.4 63.9 33.3 44.0 2937.1362 0:48:57 8033.54 102929.83 7615.11 7824.40 1.96 33.58 180.01 5294.20
homfam ghf22 760 12 107.567 131 51.4 93.6 93.8 80.0 83.7 222.2488 0:03:42 7991.13 99911.68 7541.58 7704.91 1.99 1.44 114.39 255.74
homfam sdr 50157 13 163.253 361 23.3 76.7 79.8 24.9 31.8 1841.6381 0:30:41 8153.78 103273.74 7649.97 7884.05 1.97 54.44 150.62 2763.97
homfam ltn 1068 12 204.148 282 49.9 94.3 94.7 71.5 81.0 551.7815 0:09:11 8008.91 101959.32 7541.17 7647.05 1.99 1.88 131.64 732.10
homfam hpr 3349 5 83.0427 89 44.4 99.3 99.3 97.7 98.5 318.9552 0:05:18 7947.97 101958.57 7488.53 7698.00 1.99 2.58 110.15 359.59
homfam bowman 499 5 26.1443 73 64.9 94.2 94.2 82.9 84.9 141.4495 0:02:21 7976.39 97803.03 7524.14 7663.50 1.99 0.84 119.79 170.48
homfam hip 167 5 66.2096 88 33.4 85.0 84.8 60.7 72.4 190.6159 0:03:10 7948.82 102921.80 7492.36 7609.63 1.99 0.98 110.37 211.97
homfam HMG_box 4779 5 66.0716 89 24.8 97.3 96.2 85.2 93.9 232.4815 0:03:52 8056.22 99912.88 7536.23 7676.68 1.99 3.20 127.55 297.88
homfam icd 5678 5 328.887 433 41.7 95.0 95.2 86.0 89.0 2358.5582 0:39:18 7996.58 103250.45 7536.45 7653.74 1.99 8.40 162.10 3831.36
homfam peroxidase 4514 5 256.626 383 37.3 81.9 82.6 58.7 63.0 1888.8283 0:31:28 7972.66 102994.16 7529.74 7669.35 1.99 6.73 167.78 3178.24
homfam asp 3262 13 284.142 381 37.5 91.5 91.7 74.6 81.9 1370.8658 0:22:50 7983.30 103175.93 7734.91 7875.28 1.99 5.29 160.44 2206.62
homfam flav 4612 6 138.021 183 35.0 86.3 87.0 64.0 66.3 654.2123 0:10:54 7981.79 99913.25 7594.30 7803.36 1.99 4.27 149.51 986.40
homfam cah 1379 5 212.706 279 38.7 89.9 90.3 70.8 77.8 488.7727 0:08:08 7945.31 102919.80 7558.09 7720.94 1.99 2.12 142.27 699.75
homfam ace 3989 6 427.824 601 37.3 84.7 87.1 61.9 69.2 3050.6645 0:50:50 7951.31 103179.20 7496.16 7636.87 1.98 8.47 162.70 4964.38
homfam sti 613 5 165.383 198 36.4 86.3 85.4 65.8 72.6 266.4270 0:04:26 8017.24 99592.71 7538.19 7655.42 1.99 1.44 125.90 336.84
homfam aat 25100 10 337.807 476 28.6 85.5 86.1 57.9 63.2 4254.6911 1:10:54 8173.68 103218.38 7670.62 7788.81 1.98 36.12 148.77 6332.11
homfam oxidored_q6 3348 5 123.044 285 56.7 93.3 93.3 86.8 88.4 603.8551 0:10:03 8016.79 99911.88 7556.80 7697.07 1.99 5.07 150.55 916.95
homfam hormone_rec 3509 5 188.562 308 21.5 75.1 77.2 50.5 64.9 766.1754 0:12:46 8032.42 98995.09 7551.79 7760.93 1.99 3.75 143.02 1096.65
homfam rhv 17976 6 143.424 938 33.1 67.8 72.2 37.3 47.4 5212.8572 1:26:52 8023.26 99164.41 7564.93 7682.13 41.99 15.63 161.98 8444.85
homfam tgfb 1606 8 95.4645 118 43.8 81.9 87.5 32.5 39.2 218.9505 0:03:38 7995.98 99912.88 7539.69 7702.95 1.99 3.46 115.84 255.22
homfam cryst 1160 7 80.8078 192 44.4 92.5 92.3 72.4 75.1 231.6904 0:03:51 8010.39 101959.30 7538.61 7701.35 1.99 1.66 132.59 308.65
homfam cyclo 6288 6 159.069 203 44.1 86.6 88.4 72.0 75.8 1019.4890 0:16:59 7984.09 103225.78 7526.10 7643.23 1.99 7.28 155.91 1600.45
homfam kunitz 2266 10 53.752 64 37.9 97.5 97.5 88.3 87.5 181.1775 0:03:01 7946.89 103051.14 7489.86 7630.27 1.99 1.88 114.40 208.27
homfam Rhodanese 14049 6 102.277 216 22.7 74.7 83.7 55.2 59.7 1039.5837 0:17:19 7957.35 103232.93 7501.27 7710.57 1.98 11.58 154.85 1612.67
homfam sodcu 2038 7 141.322 169 42.2 92.5 92.7 79.5 84.0 376.2250 0:06:16 7947.75 101958.52 7490.69 7630.69 1.99 2.37 106.19 404.43
homfam profilin 687 5 123.371 144 39.7 95.6 95.9 90.6 91.6 257.4685 0:04:17 7945.18 102922.48 7487.43 7650.30 1.99 1.17 117.77 304.70
homfam glob 3983 41 100.684 174 31.7 96.4 96.1 62.9 70.5 343.9140 0:05:43 7950.07 103249.88 7497.25 7614.45 1.99 3.70 131.07 459.93
homfam tim 3904 10 205.645 260 47.5 98.3 98.1 93.8 96.7 742.4827 0:12:22 8066.62 103240.21 7567.91 7777.06 1.99 4.94 155.44 1151.96
homfam uce 4558 13 134.701 184 34.0 90.1 92.3 66.9 73.8 593.9556 0:09:53 7997.77 98886.39 7544.70 7753.91 1.99 4.35 154.67 921.84
homfam toxin 508 20 62.311 78 43.1 92.4 91.1 58.4 65.5 165.0500 0:02:45 7980.70 99911.77 7667.84 7788.21 1.99 0.82 96.70 161.13
homfam rub 1435 5 46.1575 54 62.1 97.6 97.6 88.9 90.2 167.6979 0:02:47 7945.27 102919.42 7491.68 7631.45 1.99 1.61 92.97 157.45
homfam hom 12037 8 53.4951 98 35.3 96.9 96.4 75.4 91.0 337.0837 0:05:37 8005.68 102989.19 7707.98 7848.42 1.99 6.48 120.79 412.57
homfam biotin_lipoyl 11833 7 71.8928 112 28.9 94.6 93.0 75.3 81.0 310.9592 0:05:10 7999.39 103099.14 7681.31 7821.50 1.99 7.86 123.59 385.78
homfam cys 4316 13 198.11 284 40.5 94.0 93.7 65.7 78.8 826.3784 0:13:46 7996.46 103279.05 7698.43 7838.75 1.99 6.08 149.91 1247.14
homfam ghf11 521 5 167.758 202 49.5 93.6 93.4 83.9 85.2 280.3487 0:04:40 7987.32 102919.41 7559.17 7699.46 1.99 1.14 128.14 360.64
homfam blmb 17200 6 192.465 344 20.6 67.9 73.5 42.2 52.9 2911.2038 0:48:31 7975.83 103238.65 7541.55 7750.76 1.98 18.86 171.95 5015.47
homfam aadh 3127 8 225.129 542 38.2 85.7 88.7 51.9 57.4 1125.8019 0:18:45 8054.02 103209.11 7623.66 7832.58 1.99 4.26 163.25 1846.91
homfam DEATH 1183 7 80.5689 159 19.6 84.0 85.4 52.4 71.0 251.2615 0:04:11 7950.48 102934.33 7493.21 7610.55 1.99 1.33 107.39 271.41
homfam Sulfotransfer 2489 5 235.798 381 26.2 78.8 79.8 51.7 62.4 1235.8555 0:20:35 7945.69 103194.62 7489.89 7699.02 1.99 6.90 170.97 2113.47
homfam serpin 3144 8 291.462 418 34.3 95.9 95.2 83.9 90.4 1382.9249 0:23:02 8001.64 103144.86 7654.34 7795.17 1.99 4.87 156.72 2173.79
homfam proteasome 5732 17 174.347 309 21.7 86.0 85.2 46.6 68.3 656.7720 0:10:56 7998.84 99207.25 7562.95 7668.72 1.99 5.98 139.38 920.81
homfam zf-CCHH 88345 15 23.2513 39 35.5 95.5 94.8 77.1 85.3 487.1609 0:08:07 8070.38 97899.17 7611.20 7819.94 1.94 41.56 118.80 580.18
homfam egf 7774 12 32.0765 71 31.1 81.0 85.1 44.1 48.5 233.8246 0:03:53 7998.11 101962.66 7546.29 7652.04 1.98 4.96 122.67 288.96
homfam annexin 3139 6 65.1902 323 57.2 94.1 94.9 87.7 88.1 462.1672 0:07:42 7946.84 103158.48 7696.87 7838.67 1.99 2.72 146.31 677.60
homfam OTCace 4795 5 157.005 350 37.3 93.7 94.6 83.1 85.2 657.2631 0:10:57 7968.51 103291.45 7528.46 7737.61 1.99 5.13 145.49 959.18
homfam rnasemam 498 6 120.072 141 42.2 92.5 89.8 68.7 80.7 247.4994 0:04:07 7990.81 99912.77 7632.05 7726.88 1.99 1.25 110.69 275.40
homfam adh 21331 5 123.64 375 63.9 97.0 98.5 92.3 92.6 1385.4366 0:23:05 8028.24 103071.69 7570.41 7676.21 0.00 0.02 164.91 9.56
homfam il8 1073 11 63.7623 81 34.5 90.1 89.6 61.0 73.0 184.6104 0:03:04 7978.11 101957.28 7521.77 7627.36 1.99 1.38 112.60 209.39
homfam hr 3707 5 65.1513 82 53.3 99.1 99.1 94.9 99.1 254.5438 0:04:14 8012.00 99911.23 7560.75 7677.77 1.99 2.55 118.83 304.02
homfam ChtBD 774 5 38.2713 45 59.3 98.3 98.1 93.0 94.7 157.0525 0:02:37 7981.42 99911.67 7529.93 7692.79 1.99 0.94 101.96 161.73
homfam gluts 10099 14 98.1117 235 39.4 89.5 89.9 63.5 66.9 1282.4443 0:21:22 8015.78 102741.20 7557.38 7674.65 1.98 12.90 169.97 2180.33
homfam ghf5 2717 6 260.466 470 17.8 67.1 68.2 37.3 52.2 1419.0606 0:23:39 8040.30 103281.58 7679.78 7820.13 1.99 4.21 158.80 2262.69
homfam ghf13 12607 10 264.452 626 26.8 61.4 62.0 27.8 38.2 4584.2836 1:16:24 7883.82 103187.17 7430.21 7570.06 1.99 16.59 172.70 7921.19
homfam PDZ 14950 6 80.8907 110 30.6 84.8 85.9 62.6 71.4 566.7200 0:09:26 8065.86 102889.73 7570.44 7687.65 1.98 11.12 146.05 836.27
homfam az 1086 29 100.416 215 33.4 78.2 79.0 41.3 45.2 250.7766 0:04:10 8032.53 102989.06 7555.47 7717.02 1.99 1.35 122.41 316.19
homfam hla 13465 5 153.148 178 76.5 100.0 100.0 100.0 100.0 578.8333 0:09:38 7959.43 99914.11 7573.72 7713.72 1.99 13.70 116.08 673.58
homfam slectin 932 5 133.052 142 33.3 94.0 94.3 85.4 89.5 372.7007 0:06:12 7979.34 103269.82 7605.51 7745.43 1.99 3.32 142.58 540.19
homfam GEL 2195 5 78.1157 150 23.7 66.9 71.2 38.4 53.9 290.9877 0:04:50 7991.50 102057.00 7557.31 7698.27 1.99 1.90 102.83 301.63
homfam kringle 1091 9 75.9138 100 43.3 95.7 94.7 79.8 85.3 190.3250 0:03:10 7952.60 99911.92 7497.05 7660.24 1.99 1.25 108.64 208.29
homfam p450 21013 12 331.506 512 20.8 79.5 79.8 41.7 51.5 4587.9565 1:16:27 8446.84 100212.33 7944.01 8096.55 60.00 0.77 150.45 6902.08
homfam gpdh 7691 8 129.082 360 55.1 96.2 96.1 88.3 91.2 820.1176 0:13:40 7997.66 103079.01 7701.36 7772.57 1.99 9.65 140.89 1164.33
homfam int 7572 5 168.037 219 22.5 88.4 89.4 70.3 78.2 1105.3263 0:18:25 7999.30 103120.48 7529.23 7646.44 1.98 8.31 167.42 1857.12
homfam KAS 2070 6 174.528 404 31.7 87.3 86.4 69.2 74.8 493.5744 0:08:13 8012.04 101994.72 7553.41 7763.30 1.99 2.56 140.18 693.33
homfam trfl 837 7 242.315 702 61.9 94.6 95.8 88.0 88.7 1173.6234 0:19:33 7993.16 100219.79 7629.38 7700.58 1.99 1.59 158.36 1867.29
homfam TNF 556 5 119.903 176 32.0 80.1 80.5 66.9 71.7 237.5063 0:03:57 7977.40 102928.78 7527.66 7644.58 1.99 1.34 127.97 307.06
homfam scorptoxin 363 8 53.2562 74 46.3 92.1 91.0 79.5 84.4 163.1268 0:02:43 7976.27 102918.52 7662.09 7756.81 1.99 0.75 95.92 158.00
homfam aldosered 13277 7 268.547 386 41.6 87.0 89.4 69.2 76.4 2399.6135 0:39:59 7935.25 99356.16 7479.64 7688.59 1.98 18.37 156.78 3768.13
homfam rrm 27610 20 67.4587 157 22.9 85.3 85.8 20.7 30.6 423.7393 0:07:03 7958.61 98327.70 7500.70 7617.74 1.98 18.01 126.06 540.63
