homfam ricin 747 7 198.708 281 37.5 92.6 92.6 78.4 86.3 711.2387 0:11:51 15068.23 104982.48 14702.23 14819.64 1.99 1.36 147.93 1059.57
homfam ghf10 1502 5 220.34 364 43.3 92.2 92.9 78.9 85.1 1364.2532 0:22:44 15085.35 104932.59 14672.68 14790.36 1.99 2.71 154.78 2120.03
homfam seatoxin 93 5 43.6344 54 42.6 66.2 64.1 8.2 9.3 135.1588 0:02:15 15171.75 105055.43 14677.82 14841.37 1.99 0.63 97.73 133.59
homfam mofe 2567 6 353.074 609 30.0 84.0 86.0 67.9 73.2 4844.8021 1:20:44 15074.19 104983.67 14654.77 14772.35 1.99 4.50 161.70 7843.01
homfam cyt3 385 6 92.3065 130 40.3 79.1 79.4 57.6 65.8 236.6428 0:03:56 15094.32 105005.46 14710.90 14817.14 1.99 0.91 134.34 319.33
homfam ins 793 6 65.2825 74 44.9 93.5 95.5 68.1 90.0 460.4373 0:07:40 15069.90 104981.49 14702.20 14866.41 1.99 1.14 159.01 740.61
homfam Ald_Xan_dh_2 2589 6 109.304 885 31.8 82.9 82.9 63.3 71.5 2507.5584 0:41:47 15070.79 104984.65 14659.48 14776.96 1.99 2.71 154.97 3894.40
homfam tms 2118 5 264.245 357 45.9 96.5 96.6 86.7 92.0 1924.7189 0:32:04 15158.47 104982.64 14655.36 14760.85 1.99 3.21 154.99 2991.13
homfam phc 2957 12 98.4711 179 37.2 94.8 95.0 78.2 83.3 623.7330 0:10:23 15067.06 105047.73 14704.28 14810.49 1.99 2.67 138.84 874.49
homfam cytb 3206 6 82.1454 100 35.6 91.1 91.5 72.8 80.0 942.0715 0:15:42 15047.34 104946.73 14629.55 14735.78 1.99 2.67 159.23 1507.13
homfam mmp 1427 6 157.93 180 55.1 95.8 96.6 87.0 92.1 956.1371 0:15:56 15082.75 104907.56 14704.30 14809.87 1.99 1.93 155.84 1498.65
homfam phoslip 946 18 113.33 137 48.9 95.9 95.7 74.3 83.6 311.2389 0:05:11 15073.03 104982.49 14654.68 14772.32 1.99 1.61 127.96 399.74
homfam HLH 6781 5 53.5453 92 28.1 89.0 93.2 70.2 77.7 706.1700 0:11:46 15074.66 104986.13 14697.31 14815.05 1.99 3.95 142.06 1012.86
homfam myb_DNA-binding 10398 5 46.5583 61 40.7 93.8 93.6 80.4 86.0 586.3374 0:09:46 15052.21 104964.33 14560.35 14666.31 1.98 5.95 129.55 760.94
homfam msb 4884 8 106.037 158 26.6 87.8 89.4 58.6 72.1 515.9171 0:08:35 15106.48 104985.83 14606.92 14713.11 1.98 4.46 138.41 723.12
homfam ghf1 4358 8 403.813 562 38.4 92.1 92.3 72.4 79.7 5588.8841 1:33:08 13710.72 103534.94 13230.86 13348.34 1.99 7.86 160.50 8971.20
homfam rvp 93681 6 94.2886 132 36.6 80.9 80.7 53.2 59.9 2890.7555 0:48:10 9377.45 103258.04 8873.55 9003.92 1.99 58.91 121.35 3518.34
homfam lyase_1 7632 5 295.082 511 30.9 81.3 81.5 61.8 66.8 3940.2945 1:05:40 14574.29 104464.75 14085.00 14248.65 9.99 10.20 153.66 6056.32
homfam ldh 7367 14 121.378 371 31.9 89.6 89.2 58.9 67.8 1379.5279 0:22:59 14913.29 104739.07 14409.65 14549.68 1.99 7.07 151.40 2091.42
homfam subt 7517 11 301.598 414 39.5 78.1 79.5 32.4 44.5 12298.9046 3:24:58 12863.21 103348.20 12384.54 12547.53 1.98 12.70 169.17 20806.28
homfam sodfe 4455 8 77.4471 219 42.3 90.8 90.0 65.1 69.0 813.6804 0:13:33 15072.78 104985.82 14704.93 14810.45 1.99 3.38 146.38 1197.20
homfam LIM 6428 5 57.0143 86 52.8 95.3 96.3 85.4 93.1 432.2141 0:07:12 15070.42 104987.09 14652.61 14770.27 1.99 4.17 128.33 555.89
homfam blm 9105 8 300.727 274 39.1 74.1 76.8 49.1 51.1 5580.9793 1:33:00 12214.25 103301.43 11735.97 11898.93 1.98 12.80 159.80 8924.06
homfam DMRL_synthase 2099 5 140.59 182 33.2 92.2 89.9 74.6 83.3 479.4437 0:07:59 14817.56 104771.45 14304.89 14424.54 1.99 2.29 135.41 654.32
homfam tRNA-synt_2b 11293 5 177.564 467 18.7 47.7 48.2 20.9 29.5 2911.1519 0:48:31 14691.82 104516.36 14212.31 14318.45 1.99 12.05 161.74 4717.04
homfam Stap_Strp_toxin 640 6 87.3922 254 32.5 82.5 82.2 50.2 56.3 559.8613 0:09:19 15114.84 104981.46 14669.16 14879.95 1.99 1.28 149.17 836.30
homfam Acetyltransf 46285 6 82.9897 229 24.1 60.1 72.2 34.9 44.0 3654.0868 1:00:54 8244.52 100120.87 7988.04 8083.80 17.96 67.20 161.93 5919.34
homfam ghf22 760 12 107.567 131 51.4 93.3 93.7 80.8 84.4 298.2396 0:04:58 15072.34 104981.48 14702.18 14842.72 1.99 1.52 137.52 411.60
homfam sdr 50157 13 163.253 361 23.3 80.2 78.4 33.1 43.7 4892.9860 1:21:32 9601.38 103193.48 9232.39 9331.68 1.96 55.39 139.06 6801.05
homfam ltn 1068 12 204.148 282 49.9 91.5 91.8 65.2 73.9 901.4256 0:15:01 15072.23 105045.52 14672.67 14790.32 1.99 2.14 155.72 1406.76
homfam hpr 3349 5 83.0427 89 44.4 98.6 98.7 95.5 96.2 447.5807 0:07:27 15059.18 104959.74 14690.83 14796.70 1.99 2.66 122.62 550.34
homfam bowman 499 5 26.1443 73 64.9 94.2 94.2 82.9 84.9 186.2236 0:03:06 15072.32 104980.48 14701.91 14841.87 1.99 1.09 118.23 221.70
homfam hip 167 5 66.2096 88 33.4 86.4 85.4 63.1 74.8 177.5503 0:02:57 15073.54 104982.43 14691.21 14808.20 1.99 0.69 125.18 224.27
homfam HMG_box 4779 5 66.0716 89 24.8 92.8 92.8 77.8 86.0 453.5731 0:07:33 15135.59 105023.86 14738.69 14856.09 1.99 3.21 117.93 536.38
homfam icd 5678 5 328.887 433 41.7 92.3 92.8 79.1 82.7 4319.1357 1:11:59 14637.44 104461.69 14296.34 14367.62 1.99 13.63 158.66 6852.12
homfam peroxidase 4514 5 256.626 383 37.3 77.1 81.6 46.1 50.3 3851.2194 1:04:11 14810.71 104635.75 14332.26 14449.22 1.99 6.51 167.84 6465.21
homfam asp 3262 13 284.142 381 37.5 91.2 91.3 73.8 80.9 2889.4251 0:48:09 15059.86 104883.82 14547.78 14653.79 1.99 5.70 160.42 4636.75
homfam flav 4612 6 138.021 183 35.0 81.9 82.2 56.0 57.6 1197.5904 0:19:57 14935.48 104760.62 14388.24 14528.10 1.99 4.24 151.14 1817.04
homfam cah 1379 5 212.706 279 38.7 88.1 89.1 67.2 76.9 982.0272 0:16:22 15176.63 105072.55 14743.27 14860.91 1.99 2.39 150.42 1478.65
homfam ace 3989 6 427.824 601 37.3 88.5 88.9 70.1 77.2 6381.7577 1:46:21 12909.61 103295.73 12429.93 12641.48 0.00 0.02 162.69 28.14
homfam sti 613 5 165.383 198 36.4 88.0 87.6 67.9 75.3 390.0475 0:06:30 15067.74 104980.46 14702.20 14819.19 1.99 1.16 141.14 552.04
homfam aat 25100 10 337.807 476 28.6 83.8 83.9 47.7 56.3 10325.2840 2:52:05 14611.25 104436.96 14157.95 14366.72 1.98 36.07 150.45 15535.98
homfam oxidored_q6 3348 5 123.044 285 56.7 92.4 92.5 85.3 86.7 1037.4370 0:17:17 15120.53 104958.77 14717.50 14835.13 1.99 3.22 155.40 1618.90
homfam hormone_rec 3509 5 188.562 308 21.5 71.1 72.1 46.3 59.4 1483.6029 0:24:43 15068.60 104983.77 14636.69 14742.68 1.99 4.14 151.01 2245.62
homfam rhv 17976 6 143.424 938 33.1 41.5 52.8 0.3 0.3 23025.9586 6:23:45 7715.72 102925.04 7211.86 7376.61 1.99 15.48 146.34 33701.32
homfam tgfb 1606 8 95.4645 118 43.8 81.7 86.1 34.2 44.0 335.3842 0:05:35 15072.81 105045.60 14704.18 14821.15 1.99 1.58 131.47 442.24
homfam cryst 1160 7 80.8078 192 44.4 92.1 92.0 71.3 74.3 401.6271 0:06:41 15067.20 104982.50 14689.69 14795.62 1.99 1.28 126.04 507.75
homfam cyclo 6288 6 159.069 203 44.1 88.3 89.6 74.1 79.5 1784.8325 0:29:44 9909.99 99835.10 9848.49 9875.15 5.99 7.56 155.34 2781.08
homfam kunitz 2266 10 53.752 64 37.9 97.5 97.9 85.0 88.4 299.9071 0:04:59 15072.11 104983.62 14703.31 14843.81 1.99 1.87 113.38 341.44
homfam Rhodanese 14049 6 102.277 216 22.7 68.0 76.5 45.3 50.1 1706.4683 0:28:26 15205.89 105092.85 14714.58 14926.17 1.98 11.22 148.78 2541.09
homfam sodcu 2038 7 141.322 169 42.2 89.5 90.0 74.7 78.5 502.7707 0:08:22 15063.47 104982.61 14638.46 14755.50 1.99 2.42 138.29 696.79
homfam profilin 687 5 123.371 144 39.7 94.1 94.1 85.9 86.8 378.4648 0:06:18 15159.24 105031.49 14654.16 14794.79 1.99 1.21 125.80 477.68
homfam glob 3983 41 100.684 174 31.7 92.9 92.7 64.7 68.3 656.8230 0:10:56 15060.22 104983.81 14660.03 14777.67 1.99 3.37 127.71 844.81
homfam tim 3904 10 205.645 260 47.5 96.6 96.8 89.2 93.7 1801.4379 0:30:01 15102.36 105009.79 14731.52 14837.50 1.99 5.32 155.69 2812.22
homfam uce 4558 13 134.701 184 34.0 90.5 89.5 56.0 65.0 729.9690 0:12:09 15060.83 104884.86 14662.16 14779.16 1.99 4.22 137.84 1014.54
homfam toxin 508 20 62.311 78 43.1 90.9 89.2 59.7 68.0 194.1223 0:03:14 15107.48 104931.44 14687.30 14804.99 1.99 0.85 112.22 219.29
homfam rub 1435 5 46.1575 54 62.1 96.1 96.9 87.0 88.2 264.5889 0:04:24 15121.17 105096.54 14720.75 14838.14 1.99 1.60 119.82 318.52
homfam hom 12037 8 53.4951 98 35.3 95.3 95.2 69.6 85.1 594.9508 0:09:54 15068.24 104892.73 14646.75 14786.61 1.99 6.58 134.11 801.04
homfam biotin_lipoyl 11833 7 71.8928 112 28.9 94.3 93.0 74.1 79.7 659.7853 0:10:59 14791.25 104616.11 14311.75 14452.77 1.99 7.77 134.24 887.09
homfam cys 4316 13 198.11 284 40.5 94.2 93.7 65.7 78.0 1671.1206 0:27:51 15035.86 104959.89 14648.91 14754.90 1.99 6.37 152.52 2557.32
homfam ghf11 521 5 167.758 202 49.5 90.7 90.5 80.2 80.7 545.4930 0:09:05 15031.61 104857.53 14477.01 14583.25 1.99 1.18 135.03 738.18
homfam blmb 17200 6 192.465 344 20.6 67.8 71.7 40.0 51.2 5459.2667 1:30:59 8520.73 102993.67 8158.48 8323.50 1.98 18.39 166.13 9076.92
homfam aadh 3127 8 225.129 542 38.2 86.1 88.8 52.4 58.0 2189.5017 0:36:29 15091.99 104933.75 14663.34 14781.01 1.99 4.52 158.56 3479.44
homfam DEATH 1183 7 80.5689 159 19.6 80.7 81.7 59.7 66.4 297.8030 0:04:57 15105.73 104982.51 14631.64 14737.89 1.99 1.37 132.78 396.87
homfam Sulfotransfer 2489 5 235.798 381 26.2 77.1 77.5 49.0 58.9 2738.5955 0:45:38 14758.87 104583.44 14305.58 14445.33 1.99 4.34 165.15 4530.55
homfam serpin 3144 8 291.462 418 34.3 96.1 95.5 84.7 91.2 3102.9510 0:51:42 15148.79 105059.73 14757.47 14874.89 1.99 4.55 156.91 4877.10
homfam proteasome 5732 17 174.347 309 21.7 84.4 82.4 40.0 59.8 1505.3163 0:25:05 14904.62 104736.92 14407.12 14524.75 1.99 5.84 151.34 2287.70
homfam zf-CCHH 88345 15 23.2513 39 35.5 93.8 94.7 82.9 86.5 2016.1249 0:33:36 10665.17 102933.70 10263.51 10404.58 1.94 41.88 114.14 2301.84
homfam egf 7774 12 32.0765 71 31.1 76.3 75.9 32.4 39.3 427.8770 0:07:07 15179.88 105061.19 14684.46 14824.33 1.98 4.47 123.29 528.95
homfam annexin 3139 6 65.1902 323 57.2 99.6 99.8 99.4 99.4 793.8716 0:13:13 15101.39 104982.75 14689.57 14806.96 1.99 2.62 141.51 1124.91
homfam OTCace 4795 5 157.005 350 37.3 96.1 96.3 89.0 91.1 1358.1372 0:22:38 15072.88 104984.86 14705.29 14845.18 1.99 5.04 146.20 1990.20
homfam rnasemam 498 6 120.072 141 42.2 93.1 90.3 67.9 81.2 323.7791 0:05:23 15082.08 104906.45 14702.43 14819.95 1.99 1.02 113.60 368.78
homfam adh 21331 5 123.64 375 63.9 95.4 96.2 90.7 91.1 2693.6558 0:44:53 7635.24 103202.00 7132.15 7288.81 1.98 19.06 140.09 3781.63
homfam il8 1073 11 63.7623 81 34.5 92.4 91.9 71.4 78.7 263.7746 0:04:23 15045.90 105021.51 14816.02 14887.29 1.99 1.13 122.80 325.42
homfam hr 3707 5 65.1513 82 53.3 98.3 98.7 93.7 98.3 378.3357 0:06:18 15121.69 104983.79 14732.86 14850.48 1.99 2.54 129.21 490.27
homfam ChtBD 774 5 38.2713 45 59.3 99.3 99.0 95.3 97.1 192.7588 0:03:12 15069.21 104980.51 14702.23 14808.53 1.99 0.98 112.30 218.01
homfam gluts 10099 14 98.1117 235 39.4 86.4 86.9 60.1 63.2 2282.0436 0:38:02 14740.01 104630.16 14260.30 14377.99 1.98 8.13 161.38 3690.08
homfam ghf5 2717 6 260.466 470 17.8 66.3 67.3 34.7 49.3 3147.3232 0:52:27 15142.46 104983.66 14604.26 14710.31 1.99 4.67 163.98 5170.23
homfam ghf13 12607 10 264.452 626 26.8 61.9 62.0 25.0 33.9 7598.4494 2:06:38 8537.01 103135.29 8170.72 8336.29 9.99 16.17 164.80 12527.06
homfam PDZ 14950 6 80.8907 110 30.6 89.9 89.5 76.8 80.0 1034.5297 0:17:14 14894.73 104719.83 14355.16 14461.10 1.98 10.69 135.36 1406.56
homfam az 1086 29 100.416 215 33.4 74.9 74.6 40.2 43.1 389.1253 0:06:29 15074.14 104982.52 14703.65 14843.57 1.99 1.75 120.00 473.05
homfam hla 13465 5 153.148 178 76.5 99.0 100.0 98.3 98.3 1207.2764 0:20:07 7968.82 102923.63 7520.43 7723.95 1.99 13.50 132.51 1606.42
homfam slectin 932 5 133.052 142 33.3 95.1 95.1 86.9 90.5 661.3005 0:11:01 15069.38 104981.52 14702.38 14842.88 1.99 1.42 146.35 976.61
homfam GEL 2195 5 78.1157 150 23.7 71.1 71.2 41.1 56.1 379.7971 0:06:19 15058.42 104982.61 14647.25 14764.67 1.99 2.21 126.35 481.36
homfam kringle 1091 9 75.9138 100 43.3 93.4 93.0 74.2 78.0 283.2153 0:04:43 15148.22 105057.48 14760.21 14866.43 1.99 1.30 128.51 365.45
homfam p450 21013 12 331.506 512 20.8 79.9 79.0 39.3 49.5 17050.9540 4:44:10 14860.00 104704.43 14540.08 14680.16 1.97 32.57 159.03 27113.58
homfam gpdh 7691 8 129.082 360 55.1 96.2 96.3 88.8 91.4 1456.4787 0:24:16 15066.75 104914.18 14684.93 14802.58 1.99 7.68 145.51 2127.21
homfam int 7572 5 168.037 219 22.5 89.9 91.2 72.8 79.2 2139.9528 0:35:39 14365.00 104263.73 13884.73 14047.65 1.98 8.12 158.36 3390.89
homfam KAS 2070 6 174.528 404 31.7 79.1 82.6 53.8 60.4 938.1694 0:15:38 15235.23 105158.60 14813.77 14919.36 1.99 2.52 150.72 1415.38
homfam trfl 837 7 242.315 702 61.9 95.2 96.3 88.9 89.3 1850.1565 0:30:50 15076.83 104982.50 14702.39 14913.70 1.99 1.88 158.32 2930.92
homfam TNF 556 5 119.903 176 32.0 84.3 84.3 64.3 70.4 302.7555 0:05:02 15194.54 105080.48 14703.20 14820.18 1.99 1.05 135.98 413.20
homfam scorptoxin 363 8 53.2562 74 46.3 91.9 91.0 72.6 81.2 171.9905 0:02:51 15144.36 105056.44 14777.03 14918.34 1.99 0.85 125.53 217.38
homfam aldosered 13277 7 268.547 386 41.6 85.7 88.3 67.1 74.0 5210.1931 1:26:50 12468.60 103261.52 11990.27 12153.35 1.98 17.67 156.54 8151.13
homfam rrm 27610 20 67.4587 157 22.9 84.4 82.6 18.9 22.8 1161.9283 0:19:21 7424.90 97317.30 6957.93 7122.58 1.97 17.62 130.09 1513.02
