homfam ricin 747 7 198.708 281 37.5 90.2 90.9 74.7 82.6 869.9778 0:14:29 15216.39 105281.32 14708.05 14814.42 1.99 2.03 124.29 1078.38

homfam ghf10 1502 5 220.34 364 43.3 91.6 92.3 78.3 84.6 1780.0049 0:29:40 15082.94 105182.43 14708.91 14826.36 1.99 2.78 153.36 2727.99

homfam seatoxin 93 5 43.6344 54 42.6 67.6 65.5 12.2 12.0 306.3943 0:05:06 15062.76 105142.21 14644.23 14761.29 1.99 0.59 98.29 302.58

homfam mofe 2567 6 353.074 609 30.0 81.8 84.4 64.5 69.5 2922.8800 0:48:42 15111.00 105270.52 14717.77 14858.37 1.99 4.39 156.75 4589.88

homfam cyt3 385 6 92.3065 130 40.3 79.1 79.5 57.6 66.4 383.3625 0:06:23 7931.12 97998.63 7428.23 7598.92 1.99 1.04 100.37 386.40

homfam ins 793 6 65.2825 74 44.9 88.9 88.2 55.1 77.8 636.7523 0:10:36 15079.27 105180.30 14705.25 14868.93 1.99 1.80 129.49 825.30

homfam Ald_Xan_dh_2 2589 6 109.304 885 31.8 82.8 82.7 62.5 70.9 3957.7981 1:05:57 9553.77 102262.21 9018.79 9159.14 45.99 2.93 160.45 6359.39

homfam tms 2118 5 264.245 357 45.9 94.6 94.7 81.8 87.8 2017.0937 0:33:37 8807.73 100723.63 8302.12 8432.26 1.99 3.24 149.21 3017.71

homfam phc 2957 12 98.4711 179 37.2 69.6 91.5 34.1 37.7 1005.1670 0:16:45 8180.10 100337.53 7674.84 7793.41 1.99 3.08 145.82 1474.05

homfam cytb 3206 6 82.1454 100 35.6 89.3 89.6 69.6 78.4 1292.1218 0:21:32 15107.12 105272.67 14826.88 14897.92 17.99 3.05 155.35 2010.13

homfam mmp 1427 6 157.93 180 55.1 95.5 96.4 87.0 92.1 1210.0994 0:20:10 15077.96 105181.41 14679.29 14819.32 1.99 4.00 151.38 1836.90

homfam phoslip 946 18 113.33 137 48.9 90.8 90.6 62.5 72.4 521.6655 0:08:41 15218.18 105304.32 14833.14 14973.71 1.99 1.59 93.02 490.20

homfam HLH 6781 5 53.5453 92 28.1 87.4 92.0 65.5 77.1 919.9896 0:15:19 15112.79 105211.20 14688.80 14806.30 1.99 4.39 122.26 1134.60

homfam myb_DNA-binding 10398 5 46.5583 61 40.7 96.8 95.6 83.9 90.0 770.6491 0:12:50 15089.15 105188.62 14832.17 14903.55 1.98 6.25 110.25 856.25

homfam msb 4884 8 106.037 158 26.6 84.6 87.8 58.6 72.1 778.2770 0:12:58 15101.57 105273.84 15066.93 15093.58 5.98 4.82 120.99 950.13

homfam ghf1 4358 8 403.813 562 38.4 92.3 92.4 70.0 78.3 4842.6028 1:20:42 10203.11 102286.47 9697.55 9815.96 1.99 7.88 155.99 7562.59

homfam rvp 93681 6 94.2886 132 36.6 81.9 81.8 52.3 58.9 3023.2686 0:50:23 15204.64 105321.54 14789.77 14906.52 1.99 58.14 119.25 3607.24

homfam lyase_1 7632 5 295.082 511 30.9 80.5 80.5 62.6 65.3 3840.6804 1:04:00 15159.61 105214.31 14641.40 14758.65 1.99 10.39 158.80 6102.55

homfam ldh 7367 14 121.378 371 31.9 89.9 89.2 61.1 72.5 1682.5871 0:28:02 15085.60 105187.26 14665.48 14782.94 1.99 7.39 140.46 2368.21

homfam subt 7517 11 301.598 414 39.5 76.1 81.9 25.8 36.3 10843.2317 3:00:43 9232.14 101195.61 8865.22 9031.76 1.98 12.50 173.81 18844.91

homfam sodfe 4455 8 77.4471 219 42.3 90.9 90.1 65.1 68.9 912.2563 0:15:12 15082.37 105184.82 14674.42 14815.84 1.99 3.40 139.57 1274.63

homfam LIM 6428 5 57.0143 86 52.8 97.9 97.9 87.8 95.8 670.7317 0:11:10 15163.92 105260.17 14774.00 14891.72 1.99 4.14 100.68 676.63

homfam blm 9105 8 300.727 274 39.1 80.4 82.6 59.9 62.3 5878.8949 1:37:58 14334.96 104439.95 13881.23 14043.92 173.98 13.07 164.69 9693.85

homfam DMRL_synthase 2099 5 140.59 182 33.2 92.7 89.8 75.1 84.0 720.8912 0:12:00 15085.75 105182.48 14698.55 14804.61 33.99 2.61 121.39 878.11

homfam tRNA-synt_2b 11293 5 177.564 467 18.7 51.2 49.1 23.8 33.2 3258.4715 0:54:18 13298.71 103315.58 12820.52 12925.69 1.99 11.73 160.90 5253.53

homfam Stap_Strp_toxin 640 6 87.3922 254 32.5 83.4 83.2 50.2 56.6 691.3795 0:11:31 15079.30 105180.27 14700.71 14818.54 1.99 1.30 118.90 825.51

homfam Acetyltransf 46285 6 82.9897 229 24.1 65.5 65.3 35.4 45.2 4549.6204 1:15:49 11732.79 101771.46 11263.15 11403.41 17.95 34.66 163.03 7420.59

homfam ghf22 760 12 107.567 131 51.4 94.1 94.2 81.5 85.2 407.8177 0:06:47 15130.25 105230.32 14733.15 14850.73 1.99 1.12 103.47 423.45

homfam sdr 50157 13 163.253 361 23.3 80.1 79.2 33.1 44.5 4808.7303 1:20:08 9275.71 101105.08 9215.14 9241.56 1.96 55.37 143.35 6894.22

homfam ltn 1068 12 204.148 282 49.9 94.2 94.5 70.0 78.5 1130.9407 0:18:50 10963.01 101003.26 10507.75 10663.16 1.99 1.85 134.14 1528.40

homfam hpr 3349 5 83.0427 89 44.4 99.3 99.3 97.7 98.5 549.2004 0:09:09 9580.32 99917.06 9025.52 9209.13 1.99 2.73 125.98 693.81

homfam bowman 499 5 26.1443 73 64.9 94.2 94.2 82.9 84.9 320.4240 0:05:20 7751.18 97912.91 7247.61 7391.78 0.00 0.02 89.81 3.24

homfam hip 167 5 66.2096 88 33.4 85.2 84.2 61.9 69.8 371.8460 0:06:11 15074.55 105180.23 14758.05 14875.67 1.99 0.70 85.45 319.22

homfam HMG_box 4779 5 66.0716 89 24.8 97.3 96.2 85.2 93.9 590.3391 0:09:50 15135.81 105297.87 14755.64 14872.76 5.99 3.52 114.25 675.96

homfam icd 5678 5 328.887 433 41.7 92.9 93.6 81.3 84.7 3643.3856 1:00:43 12241.98 102259.45 11736.62 11853.86 1.99 8.68 152.78 5575.52

homfam peroxidase 4514 5 256.626 383 37.3 76.1 77.5 44.1 48.5 3581.3036 0:59:41 14291.90 104308.28 13925.48 13996.49 1.99 6.77 169.33 6072.14

homfam asp 3262 13 284.142 381 37.5 91.0 91.8 73.5 79.5 2618.9298 0:43:38 15088.82 105183.69 14691.16 14808.48 1.99 5.54 158.48 4153.06

homfam flav 4612 6 138.021 183 35.0 82.1 82.7 53.1 54.7 1299.1666 0:21:39 15090.20 105184.85 14691.84 14831.72 1.99 4.58 136.55 1784.34

homfam cah 1379 5 212.706 279 38.7 89.7 90.1 72.7 79.8 1296.2575 0:21:36 15077.45 105181.39 14708.79 14814.92 201.99 2.23 139.81 1818.92

homfam ace 3989 6 427.824 601 37.3 84.9 86.2 65.6 73.0 6339.0324 1:45:39 10365.27 102119.48 9860.02 9978.22 1.98 9.36 163.34 10354.59

homfam sti 613 5 165.383 198 36.4 89.6 88.8 71.2 78.2 509.4400 0:08:29 15078.43 105179.27 14708.86 14814.76 1.99 1.12 99.32 507.51

homfam aat 25100 10 337.807 476 28.6 73.6 74.4 35.5 40.0 8734.3476 2:25:34 15106.55 105275.19 14711.30 14920.99 1.98 36.40 155.38 13574.82

homfam oxidored_q6 3348 5 123.044 285 56.7 91.9 92.1 85.0 86.8 1169.7347 0:19:29 15180.28 105282.67 14811.85 14928.93 1.99 3.62 144.96 1704.96

homfam hormone_rec 3509 5 188.562 308 21.5 72.7 74.9 46.6 59.8 1666.8439 0:27:46 15132.47 105233.71 14761.02 14867.27 1.99 3.81 142.25 2380.81

homfam rhv 17976 6 143.424 938 33.1 37.3 48.5 1.6 0.2 14238.5266 3:57:18 15191.34 105362.73 14810.27 14951.04 5.99 15.62 154.18 21961.79

homfam tgfb 1606 8 95.4645 118 43.8 84.9 87.4 44.4 46.9 433.5630 0:07:13 8017.67 99916.87 7637.01 7785.02 1.99 1.58 125.31 548.17

homfam cryst 1160 7 80.8078 192 44.4 94.2 94.0 76.8 79.4 581.5313 0:09:41 15134.07 105244.32 14608.28 14725.83 1.99 1.57 97.51 568.54

homfam cyclo 6288 6 159.069 203 44.1 89.5 90.6 77.8 81.1 2065.0962 0:34:25 14920.13 104937.21 14414.78 14520.79 1.99 7.86 146.45 3034.04

homfam kunitz 2266 10 53.752 64 37.9 98.9 98.9 95.0 94.7 458.9554 0:07:38 15081.61 105245.52 14670.06 14787.90 1.99 2.21 95.58 440.24

homfam Rhodanese 14049 6 102.277 216 22.7 61.1 64.2 28.6 33.4 2395.1231 0:39:55 12225.22 102265.76 11693.57 11799.32 1.98 11.49 157.09 3763.02

homfam sodcu 2038 7 141.322 169 42.2 90.7 91.3 78.3 82.1 763.0604 0:12:43 8361.96 99725.52 7856.78 7986.37 77.99 3.78 128.36 979.60

homfam profilin 687 5 123.371 144 39.7 96.1 96.1 90.6 90.3 477.8407 0:07:57 8089.57 99918.47 7586.37 7757.04 1.99 1.20 106.49 513.00

homfam glob 3983 41 100.684 174 31.7 96.2 95.8 72.9 75.4 753.9834 0:12:33 15081.64 105183.74 14682.64 14799.71 1.99 3.45 116.15 886.10

homfam tim 3904 10 205.645 260 47.5 97.6 97.7 90.7 93.9 1908.1762 0:31:48 14747.77 104611.13 14582.29 14774.66 1.99 4.98 146.93 2806.46

homfam uce 4558 13 134.701 184 34.0 89.8 90.8 62.0 69.5 1241.9125 0:20:41 15086.71 105184.85 14704.44 14810.94 0.00 0.02 151.94 8.39

homfam toxin 508 20 62.311 78 43.1 93.3 91.4 67.5 76.3 324.2016 0:05:24 7770.23 97951.35 7264.69 7394.96 1.99 0.94 95.34 310.56

homfam rub 1435 5 46.1575 54 62.1 97.6 97.6 88.9 90.2 339.7703 0:05:39 15058.10 104907.82 14939.55 15064.24 1.99 1.28 90.46 308.91

homfam hom 12037 8 53.4951 98 35.3 94.1 94.0 65.2 81.1 738.6529 0:12:18 14825.52 104866.94 14343.95 14485.10 1.99 6.97 120.01 888.09

homfam biotin_lipoyl 11833 7 71.8928 112 28.9 96.1 96.3 83.5 84.2 906.0336 0:15:06 11792.33 101889.23 11316.73 11433.91 1.99 7.89 117.84 1069.42

homfam cys 4316 13 198.11 284 40.5 92.8 92.6 64.6 74.5 1953.9349 0:32:33 15110.21 105209.79 14611.88 14729.37 0.00 0.02 160.13 12.86

homfam ghf11 521 5 167.758 202 49.5 95.6 95.4 89.1 89.9 592.2660 0:09:52 15085.63 105179.28 14708.42 14826.06 0.00 0.02 124.07 6.22

homfam blmb 17200 6 192.465 344 20.6 65.5 70.4 40.0 50.7 6690.4896 1:51:30 8831.08 100823.52 8325.72 8455.34 25.98 18.58 175.16 11726.54

homfam aadh 3127 8 225.129 542 38.2 85.8 88.1 51.7 57.5 2130.5981 0:35:30 15082.29 105183.66 14701.82 14818.86 1.99 4.28 150.68 3218.36

homfam DEATH 1183 7 80.5689 159 19.6 73.0 73.4 37.1 50.4 533.7742 0:08:53 15085.76 105181.39 14657.10 14797.08 1.99 1.94 95.31 510.20

homfam Sulfotransfer 2489 5 235.798 381 26.2 64.8 76.2 39.2 45.6 3278.5496 0:54:38 11406.09 103362.45 11039.45 11163.27 1.99 4.01 170.18 5586.71

homfam serpin 3144 8 291.462 418 34.3 95.7 95.0 83.7 89.6 3199.1112 0:53:19 15196.23 105233.68 14662.34 14779.40 1.99 4.66 152.63 4889.16

homfam proteasome 5732 17 174.347 309 21.7 82.4 81.6 33.1 48.2 1395.5283 0:23:15 15094.27 105186.11 14698.12 14837.69 1.99 6.01 132.38 1857.00

homfam zf-CCHH 88345 15 23.2513 39 35.5 97.1 96.5 88.6 93.0 1960.6728 0:32:40 7990.17 97989.39 7485.73 7654.96 113.94 53.85 114.52 2247.59

homfam egf 7774 12 32.0765 71 31.1 77.8 77.4 35.3 44.3 564.1596 0:09:24 15190.76 105287.31 14769.06 14886.74 1.98 6.45 118.02 667.29

homfam annexin 3139 6 65.1902 323 57.2 100.0 100.0 100.0 100.0 1332.3476 0:22:12 8231.95 98312.21 7728.30 7907.81 1.99 2.66 136.03 1813.73

homfam OTCace 4795 5 157.005 350 37.3 96.4 96.5 88.1 91.1 1332.6084 0:22:12 15082.82 105184.84 14712.07 14818.40 1.99 5.09 141.35 1886.49

homfam rnasemam 498 6 120.072 141 42.2 93.1 90.2 69.4 81.4 404.8810 0:06:44 15133.84 105180.25 14608.66 14726.45 1.99 1.23 98.10 398.62

homfam adh 21331 5 123.64 375 63.9 98.7 98.7 96.3 96.6 3518.7967 0:58:38 12200.63 102272.62 11816.71 11942.66 9.98 18.79 163.47 5760.28

homfam il8 1073 11 63.7623 81 34.5 92.3 91.7 68.8 78.4 441.6181 0:07:21 7849.11 97966.85 7345.23 7474.78 0.00 0.02 89.97 4.21

homfam hr 3707 5 65.1513 82 53.3 99.1 99.1 94.9 99.1 702.9168 0:11:42 7860.51 99344.97 7357.61 7522.42 25.99 3.01 106.96 763.61

homfam ChtBD 774 5 38.2713 45 59.3 99.3 99.0 95.3 97.1 340.8711 0:05:40 7696.01 97848.21 7192.23 7349.89 1.99 1.07 89.29 305.92

homfam gluts 10099 14 98.1117 235 39.4 82.4 85.1 57.9 61.6 2704.1708 0:45:04 15088.84 105189.59 14844.73 14986.06 1.98 7.93 160.52 4350.50

homfam ghf5 2717 6 260.466 470 17.8 67.0 66.4 35.5 50.1 3298.4698 0:54:58 15132.66 105233.55 14746.96 14886.97 1.99 4.57 159.47 5266.68

homfam ghf13 12607 10 264.452 626 26.8 61.5 62.4 25.0 35.3 8115.7299 2:15:15 15052.15 105133.15 14546.81 14664.32 1.99 16.53 172.12 13976.50

homfam PDZ 14950 6 80.8907 110 30.6 81.8 83.7 68.7 70.4 1330.5960 0:22:10 14071.58 104156.42 13520.53 13626.22 1.98 11.46 133.40 1783.37

homfam az 1086 29 100.416 215 33.4 76.3 76.5 41.8 45.2 507.5579 0:08:27 13747.77 103607.64 13579.16 13764.23 1.99 1.38 109.97 562.75

homfam hla 13465 5 153.148 178 76.5 100.0 100.0 100.0 100.0 1486.0840 0:24:46 14925.75 104944.05 14447.64 14587.34 1.99 13.71 119.33 1781.96

homfam slectin 932 5 133.052 142 33.3 92.7 93.2 83.9 87.9 822.5710 0:13:42 8285.49 100174.32 7780.30 7910.19 1.99 1.37 109.19 906.90

homfam GEL 2195 5 78.1157 150 23.7 74.4 77.7 41.8 57.1 713.4279 0:11:53 13688.82 103706.37 13134.51 13251.33 1.99 2.91 124.67 889.99

homfam kringle 1091 9 75.9138 100 43.3 93.4 92.8 76.4 80.6 412.0606 0:06:52 14764.94 104806.08 14233.78 14374.35 1.99 1.54 105.00 434.04

homfam p450 21013 12 331.506 512 20.8 76.1 76.6 37.1 45.7 14666.6808 4:04:26 10394.20 102444.19 10191.91 10244.31 9.98 32.51 160.21 23507.12

homfam gpdh 7691 8 129.082 360 55.1 96.1 96.0 87.7 90.5 1847.3977 0:30:47 8391.62 100336.28 7889.06 8104.27 1.99 7.78 141.44 2620.79

homfam int 7572 5 168.037 219 22.5 85.2 85.5 64.4 69.9 2555.2497 0:42:35 15102.67 105212.28 14715.17 14821.18 0.00 0.02 159.03 18.64

homfam KAS 2070 6 174.528 404 31.7 83.8 83.4 65.0 70.5 1081.8328 0:18:01 15036.88 105057.52 14484.54 14602.23 1.99 2.82 132.43 1437.68

homfam trfl 837 7 242.315 702 61.9 95.0 95.3 88.0 88.7 2307.1897 0:38:27 9032.55 100645.34 8527.98 8673.61 1.99 1.89 155.30 3591.46

homfam TNF 556 5 119.903 176 32.0 86.6 86.0 71.3 76.1 424.6752 0:07:04 15107.95 105206.27 14733.20 14850.87 1.99 0.98 96.70 412.14

homfam scorptoxin 363 8 53.2562 74 46.3 89.5 88.6 72.6 77.4 336.9891 0:05:36 7698.44 97869.16 7193.66 7351.61 1.99 1.03 82.46 279.43

homfam aldosered 13277 7 268.547 386 41.6 88.1 90.2 71.1 77.2 5487.3091 1:31:27 9204.40 103516.16 8699.70 8829.50 93.98 18.82 160.30 8805.76

homfam rrm 27610 20 67.4587 157 22.9 85.1 83.2 22.5 30.7 1383.5801 0:23:03 15166.68 105206.47 14784.84 14901.70 5.97 18.22 129.99 1800.05

