homfam ricin 747 7 198.708 281 37.5 91.2 91.7 75.8 84.6 831.1564 0:13:51 15084.85 105244.26 14693.27 14810.27 1.99 1.61 118.18 991.01

homfam ghf10 1502 5 220.34 364 43.3 93.0 93.2 80.2 85.5 1603.5280 0:26:43 8667.74 100676.61 8163.42 8293.23 1.99 2.75 141.92 2282.19

homfam seatoxin 93 5 43.6344 54 42.6 62.7 82.1 14.3 9.7 338.0235 0:05:38 7586.32 97786.63 7083.19 7256.48 1.99 0.57 86.02 292.24

homfam mofe 2567 6 353.074 609 30.0 85.3 86.2 66.2 74.8 2602.5055 0:43:22 13163.46 103279.07 12710.58 12850.30 1.99 4.49 154.66 4033.91

homfam cyt3 385 6 92.3065 130 40.3 77.7 79.3 55.1 63.4 354.0310 0:05:54 7933.62 97957.93 7429.46 7577.80 1.99 1.02 106.73 379.40

homfam ins 793 6 65.2825 74 44.9 84.3 90.7 55.1 75.3 647.9091 0:10:47 15089.16 105242.27 14704.01 14844.37 1.99 1.35 113.20 743.08

homfam Ald_Xan_dh_2 2589 6 109.304 885 31.8 84.0 84.0 64.4 72.6 3847.4397 1:04:07 15105.89 105206.52 14833.71 14928.62 1.99 2.95 161.17 6208.27

homfam tms 2118 5 264.245 357 45.9 95.0 94.9 83.5 90.1 2148.0188 0:35:48 8958.99 100958.09 8454.98 8573.14 1.99 3.61 147.87 3183.77

homfam phc 2957 12 98.4711 179 37.2 91.5 92.3 74.3 77.5 1497.3572 0:24:57 15081.14 105181.65 14759.62 14877.38 1.99 2.83 154.97 2328.18

homfam cytb 3206 6 82.1454 100 35.6 87.4 87.4 64.1 72.2 1180.0934 0:19:40 10666.59 103118.08 10180.30 10285.99 165.99 2.96 145.75 1731.38

homfam mmp 1427 6 157.93 180 55.1 95.9 96.7 87.6 92.7 1241.8878 0:20:41 8832.44 100143.82 8378.45 8589.25 37.99 2.27 144.30 1802.47

homfam phoslip 946 18 113.33 137 48.9 95.6 95.5 76.5 86.5 534.6283 0:08:54 15227.96 105329.29 14849.66 14955.54 1.99 1.62 92.17 494.21

homfam HLH 6781 5 53.5453 92 28.1 89.5 94.4 69.0 77.5 864.5239 0:14:24 15165.48 105260.18 14772.00 14878.02 1.99 3.94 136.77 1192.55

homfam myb_DNA-binding 10398 5 46.5583 61 40.7 96.8 95.6 83.9 90.0 696.4014 0:11:36 12788.50 102810.57 12238.38 12371.24 1.98 6.14 122.60 862.07

homfam msb 4884 8 106.037 158 26.6 85.1 88.0 57.9 71.7 672.2238 0:11:12 15084.32 105182.84 14652.09 14769.48 1.98 4.88 130.75 884.35

homfam ghf1 4358 8 403.813 562 38.4 91.4 91.8 70.4 78.5 4760.4470 1:19:20 15066.92 105083.89 14710.35 14827.46 193.99 8.09 157.44 7493.77

homfam rvp 93681 6 94.2886 132 36.6 80.4 79.9 50.5 56.8 3087.5921 0:51:27 15292.50 105346.54 14796.45 14958.77 6.24 59.13 119.07 3687.50

homfam lyase_1 7632 5 295.082 511 30.9 83.9 83.8 65.2 70.9 3386.4514 0:56:26 9011.45 99093.82 8507.14 8742.51 1.99 10.14 151.49 5132.15

homfam ldh 7367 14 121.378 371 31.9 89.5 88.8 58.4 70.1 1740.4315 0:29:00 15069.45 105250.25 14589.04 14706.41 1.99 7.18 144.05 2514.95

homfam subt 7517 11 301.598 414 39.5 73.8 82.9 22.4 30.7 10161.5854 2:49:21 13395.04 103474.32 12839.82 12957.15 1.98 12.04 174.58 17748.55

homfam sodfe 4455 8 77.4471 219 42.3 90.3 89.5 64.1 68.8 923.4935 0:15:23 15105.80 105207.80 14832.30 14903.63 0.00 0.02 141.93 7.33

homfam LIM 6428 5 57.0143 86 52.8 97.3 97.3 86.6 94.2 634.2620 0:10:34 15086.57 105183.13 14686.59 14850.91 1.99 4.16 103.38 657.27

homfam blm 9105 8 300.727 274 39.1 97.1 96.9 88.4 90.2 7258.4310 2:00:58 9450.28 101332.88 8946.01 9180.06 5.98 13.13 171.65 12470.02

homfam DMRL_synthase 2099 5 140.59 182 33.2 92.8 89.9 73.4 82.5 719.5238 0:11:59 8243.65 102192.38 7739.41 7911.31 5.99 3.29 119.78 863.07

homfam tRNA-synt_2b 11293 5 177.564 467 18.7 55.8 53.9 30.2 42.2 3275.4800 0:54:35 11569.97 101588.65 11155.04 11225.72 1.99 12.00 160.79 5276.69

homfam Stap_Strp_toxin 640 6 87.3922 254 32.5 83.3 82.7 53.9 60.1 690.2376 0:11:30 15075.00 105243.25 14706.68 14824.31 1.99 0.91 116.24 805.94

homfam Acetyltransf 46285 6 82.9897 229 24.1 62.9 63.0 31.7 42.2 4652.6466 1:17:32 8466.48 100308.58 8247.51 8277.48 29.96 34.13 164.55 7657.37

homfam ghf22 760 12 107.567 131 51.4 94.2 94.4 82.3 86.0 447.0245 0:07:27 7981.15 98016.80 7517.44 7656.36 1.99 1.09 94.07 421.97

homfam sdr 50157 13 163.253 361 23.3 78.3 77.3 34.1 44.5 4647.9094 1:17:27 8832.14 103082.85 8328.57 8557.27 0.00 0.02 140.45 24.02

homfam ltn 1068 12 204.148 282 49.9 93.4 93.9 68.8 77.6 1206.7761 0:20:06 8559.38 98796.62 8054.27 8184.16 41.99 2.09 137.06 1664.61

homfam hpr 3349 5 83.0427 89 44.4 99.3 99.3 97.7 98.5 535.4101 0:08:55 7865.11 97779.79 7665.43 7747.92 1.99 3.32 111.54 598.74

homfam bowman 499 5 26.1443 73 64.9 94.5 94.5 82.9 84.9 281.0846 0:04:41 7704.54 97698.89 7200.73 7371.78 1.99 0.71 88.74 250.96

homfam hip 167 5 66.2096 88 33.4 88.2 87.7 69.0 78.2 392.8394 0:06:32 15104.14 105204.16 14731.22 14864.17 1.99 0.93 84.58 333.81

homfam HMG_box 4779 5 66.0716 89 24.8 97.3 96.2 85.2 93.9 559.2270 0:09:19 15078.91 105246.80 14676.91 14783.13 1.99 3.32 114.77 643.24

homfam icd 5678 5 328.887 433 41.7 92.9 93.9 82.6 86.5 3519.2275 0:58:39 14685.83 104710.68 14114.00 14230.68 0.00 0.02 158.98 27.78

homfam peroxidase 4514 5 256.626 383 37.3 72.7 74.4 42.4 46.5 3579.2914 0:59:39 15088.83 105184.80 14693.00 14810.32 0.00 0.02 169.99 24.40

homfam asp 3262 13 284.142 381 37.5 91.2 91.4 75.7 80.5 2778.0244 0:46:18 15136.22 105232.63 14736.08 14853.08 1.99 5.56 158.37 4399.87

homfam flav 4612 6 138.021 183 35.0 85.1 85.5 59.4 63.0 1258.0717 0:20:58 15125.17 105182.82 14612.53 14730.01 1.99 4.49 132.15 1671.80

homfam cah 1379 5 212.706 279 38.7 88.7 89.1 70.1 76.7 1296.7229 0:21:36 8510.64 98579.22 8006.19 8124.17 405.99 2.40 137.96 1793.28

homfam ace 3989 6 427.824 601 37.3 86.3 86.9 66.8 73.5 6829.9088 1:53:49 12868.14 102982.19 12312.63 12429.35 1.98 8.60 164.64 11249.11

homfam sti 613 5 165.383 198 36.4 88.1 87.4 70.7 77.0 487.6238 0:08:07 8477.72 98686.27 7973.18 8103.27 1.99 1.12 104.33 510.24

homfam aat 25100 10 337.807 476 28.6 71.4 72.5 33.7 36.7 7803.3247 2:10:03 9996.41 101893.24 9493.63 9624.59 1.98 36.54 153.15 11959.17

homfam oxidored_q6 3348 5 123.044 285 56.7 92.9 93.4 86.8 88.6 1275.0273 0:21:15 15065.50 105244.66 14694.50 14835.06 1.99 3.45 141.52 1806.06

homfam hormone_rec 3509 5 188.562 308 21.5 75.9 75.5 49.1 63.0 1668.2130 0:27:48 15090.05 105107.68 14759.57 14877.21 1.99 3.78 147.12 2461.09

homfam rhv 17976 6 143.424 938 33.1 33.7 45.0 1.8 0.2 12961.0668 3:36:01 8332.66 100377.44 7827.89 7959.01 1.99 15.71 156.17 20245.10

homfam tgfb 1606 8 95.4645 118 43.8 84.7 87.5 41.0 45.0 569.9997 0:09:29 15080.09 105180.41 14707.75 14825.53 1.99 1.87 97.98 563.41

homfam cryst 1160 7 80.8078 192 44.4 92.4 92.3 72.4 74.5 527.4229 0:08:47 8176.72 98425.18 7696.18 7814.75 1.99 1.29 107.32 567.48

homfam cyclo 6288 6 159.069 203 44.1 88.1 90.1 74.1 78.3 2155.3429 0:35:55 13632.34 103709.30 13112.87 13218.54 1.99 7.74 145.21 3141.33

homfam kunitz 2266 10 53.752 64 37.9 98.9 98.9 95.0 94.7 397.6643 0:06:37 7786.86 97743.53 7282.52 7453.71 1.99 1.86 111.74 445.87

homfam Rhodanese 14049 6 102.277 216 22.7 62.1 68.5 34.9 34.8 2231.6170 0:37:11 15085.45 105191.27 14673.59 14884.45 1.98 11.55 151.72 3391.45

homfam sodcu 2038 7 141.322 169 42.2 90.3 90.7 75.3 80.1 777.9967 0:12:57 15081.56 105180.43 14689.53 14795.45 0.00 0.02 123.84 7.20

homfam profilin 687 5 123.371 144 39.7 95.2 95.2 89.1 89.4 525.5142 0:08:45 15136.51 105180.28 14608.20 14725.60 1.99 1.39 88.36 465.66

homfam glob 3983 41 100.684 174 31.7 95.5 95.3 72.4 75.4 752.1412 0:12:32 15085.40 105182.72 14709.90 14850.60 1.99 3.49 118.85 901.60

homfam tim 3904 10 205.645 260 47.5 97.8 97.9 91.1 94.3 1728.2770 0:28:48 8719.50 100633.62 8226.38 8360.23 1.99 5.25 145.13 2515.72

homfam uce 4558 13 134.701 184 34.0 89.5 91.1 62.0 69.5 1334.6527 0:22:14 8407.12 100179.82 7902.25 8032.21 1.99 4.46 142.20 1898.49

homfam toxin 508 20 62.311 78 43.1 91.9 91.1 61.0 69.0 309.3116 0:05:09 7742.66 102921.78 7242.91 7451.17 1.99 0.82 96.39 299.00

homfam rub 1435 5 46.1575 54 62.1 97.6 97.6 88.9 90.2 375.2112 0:06:15 15089.02 105180.36 14653.56 14817.06 1.99 1.51 80.49 303.63

homfam hom 12037 8 53.4951 98 35.3 94.4 94.2 66.7 81.5 693.2196 0:11:33 14539.95 104639.72 14067.05 14184.69 1.99 6.98 126.30 882.81

homfam biotin_lipoyl 11833 7 71.8928 112 28.9 95.0 93.4 76.5 82.3 904.2704 0:15:04 15088.16 105191.01 14686.03 14792.07 1.99 10.52 121.16 1097.36

homfam cys 4316 13 198.11 284 40.5 93.5 92.9 64.2 78.5 1709.9538 0:28:29 15083.86 105183.75 14711.31 14817.07 1.99 5.93 148.63 2543.22

homfam ghf11 521 5 167.758 202 49.5 93.2 93.0 80.7 85.6 643.3259 0:10:43 15054.56 105154.23 14820.42 14891.73 1.99 1.46 114.76 739.75

homfam blmb 17200 6 192.465 344 20.6 60.4 67.4 34.2 44.3 9024.9561 2:30:24 8807.53 100827.10 8302.77 8460.67 1.98 18.46 179.27 16188.34

homfam aadh 3127 8 225.129 542 38.2 85.2 87.7 50.6 56.2 1937.4140 0:32:17 15132.20 105230.66 14723.89 14840.93 1.99 4.52 153.80 2986.23

homfam DEATH 1183 7 80.5689 159 19.6 70.0 71.6 28.2 38.4 516.1162 0:08:36 8027.72 98129.60 7523.43 7661.64 1.99 1.67 98.43 509.44

homfam Sulfotransfer 2489 5 235.798 381 26.2 62.1 72.8 37.2 43.3 3531.8258 0:58:51 9923.61 100785.15 9448.36 9580.67 157.99 3.97 159.41 5641.51

homfam serpin 3144 8 291.462 418 34.3 95.4 94.9 82.7 89.0 2715.1014 0:45:15 15089.65 105181.62 14665.15 14805.69 1.99 4.75 155.68 4236.66

homfam proteasome 5732 17 174.347 309 21.7 82.7 83.1 31.0 46.5 1410.3945 0:23:30 15136.81 105234.05 14761.54 14878.92 1.99 9.77 146.43 2065.86

homfam zf-CCHH 88345 15 23.2513 39 35.5 97.1 96.5 88.6 93.0 2024.4863 0:33:44 7949.72 97967.85 7445.50 7679.66 21.94 41.91 116.72 2364.96

homfam egf 7774 12 32.0765 71 31.1 80.0 79.5 36.8 46.9 552.9827 0:09:12 15132.19 105235.29 14744.40 14862.02 1.98 4.45 113.17 627.38

homfam annexin 3139 6 65.1902 323 57.2 100.0 100.0 100.0 100.0 1268.5105 0:21:08 15147.98 105058.04 14779.84 14912.02 5.99 2.36 149.97 1904.01

homfam OTCace 4795 5 157.005 350 37.3 96.7 96.7 88.7 91.7 1399.7284 0:23:19 15108.57 105208.84 14736.74 14900.78 1.99 5.18 135.86 1908.26

homfam rnasemam 498 6 120.072 141 42.2 92.7 89.9 67.2 79.6 409.7646 0:06:49 15213.31 105368.20 14823.80 14987.38 0.00 0.02 95.93 4.53

homfam adh 21331 5 123.64 375 63.9 97.2 97.4 92.8 93.1 3316.0147 0:55:16 15172.84 105275.07 14802.17 14919.89 1.98 18.20 160.38 5326.97

homfam il8 1073 11 63.7623 81 34.5 92.0 91.5 68.8 78.4 387.0070 0:06:27 15070.51 105180.30 14738.01 14901.48 1.99 1.09 98.76 383.59

homfam hr 3707 5 65.1513 82 53.3 99.1 99.1 94.9 99.1 647.2625 0:10:47 7905.45 99476.12 7404.16 7559.10 1.99 2.87 106.98 700.66

homfam ChtBD 774 5 38.2713 45 59.3 98.3 98.1 93.0 94.7 317.0756 0:05:17 15076.03 105178.30 14707.20 14824.51 1.99 1.21 89.98 286.74

homfam gluts 10099 14 98.1117 235 39.4 89.8 90.9 64.8 69.2 2722.2581 0:45:22 15048.49 105088.63 14567.40 14707.62 1.98 8.18 163.31 4449.74

homfam ghf5 2717 6 260.466 470 17.8 66.9 67.9 35.2 49.5 3222.6411 0:53:42 14764.32 104806.09 14284.94 14402.02 1.99 4.38 163.32 5270.12

homfam ghf13 12607 10 264.452 626 26.8 64.0 64.9 27.5 38.1 8196.7331 2:16:36 9379.48 101385.65 8875.07 9023.77 1.99 16.06 172.91 14181.07

homfam PDZ 14950 6 80.8907 110 30.6 82.6 84.8 67.7 69.7 1247.9280 0:20:47 15138.82 105193.37 14621.02 14831.62 1.98 12.73 138.43 1737.37

homfam az 1086 29 100.416 215 33.4 74.2 74.6 39.7 44.1 515.3218 0:08:35 8075.43 99442.30 7571.07 7724.10 1.99 1.68 107.72 566.07

homfam hla 13465 5 153.148 178 76.5 100.0 100.0 100.0 100.0 1313.6561 0:21:53 15093.38 105193.20 14716.52 14822.22 1.99 13.41 121.32 1595.52

homfam slectin 932 5 133.052 142 33.3 93.1 93.8 83.2 86.9 886.6101 0:14:46 15083.78 105179.28 14706.99 14813.00 1.99 1.35 106.54 953.08

homfam GEL 2195 5 78.1157 150 23.7 71.0 72.8 40.4 56.9 634.9478 0:10:34 13353.08 103429.76 12833.31 12950.74 1.99 2.24 121.61 783.55

homfam kringle 1091 9 75.9138 100 43.3 94.3 93.5 77.5 81.8 454.7249 0:07:34 15071.91 105179.31 14723.03 14829.10 1.99 1.20 89.94 410.46

homfam p450 21013 12 331.506 512 20.8 77.0 78.4 39.5 49.4 13442.7133 3:44:02 10441.40 102525.38 10075.43 10241.92 1.98 32.85 158.91 21371.21

homfam gpdh 7691 8 129.082 360 55.1 96.4 96.2 88.8 91.7 1731.9127 0:28:51 15089.92 105186.28 14805.01 14876.00 1.99 7.67 141.76 2465.66

homfam int 7572 5 168.037 219 22.5 87.1 87.3 68.8 75.6 2434.5183 0:40:34 15219.06 105301.27 14855.14 14960.80 1.98 7.98 152.83 3733.27

homfam KAS 2070 6 174.528 404 31.7 80.7 84.7 58.0 60.6 1234.2928 0:20:34 8672.28 99950.16 8167.96 8317.53 1.99 2.52 132.85 1644.24

homfam trfl 837 7 242.315 702 61.9 95.3 95.7 89.3 88.8 1671.4190 0:27:51 15080.51 105244.30 14707.95 14848.45 1.99 1.82 150.45 2521.91

homfam TNF 556 5 119.903 176 32.0 85.9 85.2 70.1 75.3 419.3886 0:06:59 15139.95 105230.21 14738.88 14950.29 1.99 1.21 97.11 408.74

homfam scorptoxin 363 8 53.2562 74 46.3 90.2 89.4 71.2 78.5 312.2768 0:05:12 7720.51 97887.29 7217.71 7452.62 1.99 0.98 86.46 271.51

homfam aldosered 13277 7 268.547 386 41.6 87.4 90.6 69.8 76.0 4896.5912 1:21:36 10703.66 101113.73 10193.36 10356.55 1.98 18.70 159.49 7815.64

homfam rrm 27610 20 67.4587 157 22.9 82.9 81.3 15.3 22.6 1308.0728 0:21:48 8034.44 98193.61 7530.82 7702.66 5.97 19.54 124.37 1628.42

