homfam ricin 747 7 198.708 281 37.5 74.7 87.2 60.4 65.7 902.1677 0:15:02 14954.40 104996.23 14434.15 14561.91 1.99 1.34 146.06 1318.97
homfam ghf10 1502 5 220.34 364 43.3 93.3 93.4 79.3 85.5 1799.3963 0:29:59 15200.40 105322.45 14770.43 14897.48 1.99 2.88 147.05 2647.59
homfam seatoxin 93 5 43.6344 54 42.6 62.0 59.7 0.0 0.0 376.9120 0:06:16 15197.45 105320.24 14753.60 14869.66 1.99 0.92 86.00 325.62
homfam mofe 2567 6 353.074 609 30.0 78.5 85.2 54.0 60.7 2723.9180 0:45:23 10533.72 100922.35 10273.32 10314.79 1.99 8.37 161.74 4406.77
homfam cyt3 385 6 92.3065 130 40.3 82.8 82.9 62.7 70.4 453.4565 0:07:33 15195.70 105320.24 14770.85 14898.64 1.99 1.18 101.68 462.51
homfam ins 793 6 65.2825 74 44.9 90.3 91.4 65.2 87.8 566.7601 0:09:26 15198.07 105320.32 14761.30 14912.28 1.99 1.16 120.52 684.45
homfam Ald_Xan_dh_2 2589 6 109.304 885 31.8 15.6 16.8 0.1 0.0 3682.0301 1:01:22 8450.50 103477.00 8002.25 8132.41 5.99 2.92 166.78 6142.33
homfam tms 2118 5 264.245 357 45.9 70.7 90.0 29.5 30.0 1570.9163 0:26:10 15199.72 105322.54 14787.34 14914.49 1.99 3.59 154.47 2431.78
homfam phc 2957 12 98.4711 179 37.2 88.9 89.6 67.0 73.4 937.3945 0:15:37 15274.34 105397.66 14863.42 14990.35 1.99 2.64 115.29 1082.33
homfam cytb 3206 6 82.1454 100 35.6 85.3 85.0 60.9 66.4 1177.2947 0:19:37 8225.03 98529.61 7700.96 7856.47 49.99 2.96 123.31 1454.34
homfam mmp 1427 6 157.93 180 55.1 94.6 96.0 85.2 90.2 1083.8791 0:18:03 8700.96 98958.13 8316.97 8462.94 1.99 1.92 139.10 1509.35
homfam phoslip 946 18 113.33 137 48.9 95.3 94.8 74.3 83.9 572.6395 0:09:32 15203.24 105321.37 14749.80 14877.50 1.99 1.60 114.72 658.62
homfam HLH 6781 5 53.5453 92 28.1 87.1 91.8 67.9 77.4 786.2458 0:13:06 8376.84 99554.70 7997.32 8149.80 1.99 3.98 135.84 1075.33
homfam myb_DNA-binding 10398 5 46.5583 61 40.7 96.8 95.6 83.9 90.0 949.8936 0:15:49 8310.30 98611.32 7865.23 7994.82 1.98 6.20 118.93 1131.01
homfam msb 4884 8 106.037 158 26.6 39.9 74.6 2.1 0.4 893.9806 0:14:53 15220.48 105734.87 15208.37 15234.99 0.00 0.02 125.09 5.48
homfam ghf1 4358 8 403.813 562 38.4 75.3 93.7 19.7 20.3 5352.5764 1:29:12 11480.26 101593.67 11033.74 11190.59 1.99 14.37 160.96 8617.26
homfam rvp 93681 6 94.2886 132 36.6 80.7 80.6 53.2 59.9 3453.7269 0:57:33 12713.50 102942.99 12271.61 12401.45 13.99 58.70 127.60 4408.21
homfam lyase_1 7632 5 295.082 511 30.9 64.1 67.1 50.5 56.6 3844.4122 1:04:04 15188.75 105712.33 14739.70 14893.54 1.99 16.50 157.35 6050.93
homfam ldh 7367 14 121.378 371 31.9 24.9 34.6 0.5 0.0 2005.5913 0:33:25 8934.73 99213.11 8593.58 8747.29 1.99 7.48 149.13 2992.49
homfam subt 7517 11 301.598 414 39.5 71.0 75.5 18.9 26.9 7275.1406 2:01:15 11994.53 102718.57 11441.46 11617.37 1.98 12.64 166.78 12133.83
homfam sodfe 4455 8 77.4471 219 42.3 44.7 48.1 22.5 23.6 1196.3660 0:19:56 15210.05 105322.86 14744.82 14872.70 0.00 0.02 128.67 8.07
homfam LIM 6428 5 57.0143 86 52.8 97.3 97.3 86.6 94.2 786.4500 0:13:06 8169.15 98804.43 7623.03 7803.21 1.99 4.31 105.52 831.29
homfam blm 9105 8 300.727 274 39.1 12.5 14.6 0.0 0.0 4990.1567 1:23:10 11066.21 102103.06 10513.33 10670.28 1.98 13.24 160.47 8017.29
homfam DMRL_synthase 2099 5 140.59 182 33.2 92.8 89.9 73.4 82.5 921.4362 0:15:21 15200.26 105322.50 14760.26 14887.45 1.99 2.68 133.31 1229.81
homfam tRNA-synt_2b 11293 5 177.564 467 18.7 20.2 26.0 0.6 0.1 2567.4715 0:42:47 9757.72 100068.92 9225.08 9377.22 1.99 21.07 158.13 4061.10
homfam Stap_Strp_toxin 640 6 87.3922 254 32.5 25.6 31.7 0.8 0.2 867.9503 0:14:27 15199.16 105320.30 14733.01 14860.51 1.99 1.59 122.41 1064.20
homfam Acetyltransf 46285 6 82.9897 229 24.1 18.2 18.1 0.0 0.0 2975.4355 0:49:35 11450.77 101696.00 10915.29 11045.25 45.95 34.03 136.80 4071.84
homfam ghf22 760 12 107.567 131 51.4 94.9 95.1 80.0 83.7 493.1517 0:08:13 15210.21 105320.34 14785.46 14913.15 1.99 1.48 111.39 550.85
homfam sdr 50157 13 163.253 361 23.3 54.3 60.7 1.6 0.0 5221.8081 1:27:01 12837.29 102966.89 12697.59 12727.87 1.96 55.29 149.64 7815.04
homfam ltn 1068 12 204.148 282 49.9 94.0 94.3 70.4 79.2 1210.0243 0:20:10 15192.42 105321.34 14786.33 14936.13 1.99 1.80 139.08 1684.26
homfam hpr 3349 5 83.0427 89 44.4 99.3 99.3 97.7 98.5 677.8463 0:11:17 15278.00 105398.70 14845.57 14973.46 1.99 2.61 125.45 851.76
homfam bowman 499 5 26.1443 73 64.9 88.1 94.1 65.7 74.4 376.4831 0:06:16 7945.91 97984.86 7501.40 7649.98 1.99 0.77 86.89 328.62
homfam hip 167 5 66.2096 88 33.4 88.2 87.2 69.0 78.2 425.3323 0:07:05 7758.25 97966.12 7283.77 7455.84 1.99 0.66 85.66 365.83
homfam HMG_box 4779 5 66.0716 89 24.8 97.3 96.2 85.2 93.9 602.6597 0:10:02 15298.81 105424.88 14839.31 14966.42 1.99 3.48 132.68 801.16
homfam icd 5678 5 328.887 433 41.7 59.1 94.3 5.0 3.2 4004.4203 1:06:44 11109.88 101557.82 10589.39 10716.48 5.99 8.41 160.29 6420.52
homfam peroxidase 4514 5 256.626 383 37.3 57.1 65.7 39.0 43.0 2434.5137 0:40:34 13605.43 103697.45 13038.34 13187.99 1.99 6.63 155.76 3803.06
homfam asp 3262 13 284.142 381 37.5 90.4 90.7 72.2 78.8 2438.7610 0:40:38 10878.67 100920.18 10333.78 10511.42 0.00 0.02 152.56 17.66
homfam flav 4612 6 138.021 183 35.0 72.1 77.8 46.9 53.9 1309.7958 0:21:49 8554.56 98857.16 8095.45 8225.68 1.99 4.23 137.13 1797.48
homfam cah 1379 5 212.706 279 38.7 88.8 89.4 69.7 76.2 1445.2428 0:24:05 10327.90 100392.29 9807.16 9956.91 161.99 3.57 146.62 2121.80
homfam ace 3989 6 427.824 601 37.3 62.6 87.1 10.6 9.6 5597.5175 1:33:17 12067.41 102555.50 11650.25 11758.04 0.00 0.02 160.83 48.83
homfam sti 613 5 165.383 198 36.4 85.0 84.3 61.4 67.8 534.1528 0:08:54 15189.02 105155.69 15118.29 15171.01 0.00 0.02 137.03 5.26
homfam aat 25100 10 337.807 476 28.6 47.1 55.4 21.1 25.0 9502.9311 2:38:22 14092.04 105548.76 13679.23 13914.18 1.98 98.06 157.36 14956.87
homfam oxidored_q6 3348 5 123.044 285 56.7 72.2 74.1 56.8 58.5 1274.8203 0:21:14 15204.63 105323.70 14787.01 14937.68 1.99 3.45 158.39 2020.63
homfam hormone_rec 3509 5 188.562 308 21.5 29.4 53.5 0.0 0.0 1542.5977 0:25:42 15275.32 105814.74 14833.47 14961.32 1.99 4.09 150.77 2327.33
homfam rhv 17976 6 143.424 938 33.1 10.5 14.6 0.0 0.0 13149.4087 3:39:09 14296.52 104362.87 13786.62 13963.32 46.66 15.78 153.17 20150.15
homfam tgfb 1606 8 95.4645 118 43.8 83.7 84.7 40.2 47.2 595.3178 0:09:55 15197.40 105321.46 14786.93 14914.03 1.99 2.25 126.45 754.25
homfam cryst 1160 7 80.8078 192 44.4 92.3 92.1 71.3 73.9 688.5455 0:11:28 15250.25 105321.36 14684.48 14812.10 1.99 1.67 118.23 815.58
homfam cyclo 6288 6 159.069 203 44.1 89.5 90.6 74.1 78.0 1856.6493 0:30:56 15202.77 105710.19 14790.42 14917.58 1.99 7.52 150.60 2806.52
homfam kunitz 2266 10 53.752 64 37.9 98.2 98.2 91.7 91.1 556.4350 0:09:16 7977.12 98235.58 7472.53 7625.00 1.99 2.18 95.26 531.60
homfam Rhodanese 14049 6 102.277 216 22.7 17.8 24.0 2.1 0.2 2161.9866 0:36:01 11839.41 102265.21 11245.43 11372.31 1.98 11.42 148.56 3213.46
homfam sodcu 2038 7 141.322 169 42.2 89.5 89.6 73.5 78.1 918.8307 0:15:18 12428.80 102470.17 11884.03 12044.57 1.99 2.42 141.24 1299.37
homfam profilin 687 5 123.371 144 39.7 94.2 94.2 85.9 86.5 601.6004 0:10:01 14655.05 104694.02 14111.12 14288.05 1.99 1.20 111.17 670.23
homfam glob 3983 41 100.684 174 31.7 75.2 86.4 45.9 48.7 822.4916 0:13:42 15203.24 105323.80 14885.50 14993.82 1.99 3.40 131.26 1081.00
homfam tim 3904 10 205.645 260 47.5 97.8 97.7 92.3 95.2 1719.6854 0:28:39 15204.16 105326.73 14755.25 14883.07 1.99 5.34 153.16 2635.28
homfam uce 4558 13 134.701 184 34.0 91.7 90.4 55.4 63.4 952.8754 0:15:52 15199.93 105324.83 14789.85 14916.87 1.99 4.46 144.85 1381.79
homfam toxin 508 20 62.311 78 43.1 92.9 91.0 66.2 75.2 363.4901 0:06:03 15324.11 105395.29 14760.38 14906.18 1.99 1.16 103.88 379.14
homfam rub 1435 5 46.1575 54 62.1 98.4 98.4 92.6 93.5 311.5592 0:05:11 7945.18 103311.13 7521.27 7669.61 1.99 1.27 115.87 362.42
homfam hom 12037 8 53.4951 98 35.3 88.5 93.0 47.8 57.9 978.9168 0:16:18 15212.98 105716.10 14794.79 14914.39 1.99 6.93 115.74 1138.94
homfam biotin_lipoyl 11833 7 71.8928 112 28.9 94.5 96.7 77.6 80.5 909.9625 0:15:09 15212.86 105331.07 14780.62 14908.54 1.99 8.35 138.41 1260.93
homfam cys 4316 13 198.11 284 40.5 78.9 91.0 29.1 33.0 1582.5600 0:26:22 9476.53 104509.85 8981.35 9121.40 1.99 5.88 147.27 2331.05
homfam ghf11 521 5 167.758 202 49.5 94.3 94.1 85.4 86.5 811.6579 0:13:31 8531.99 98638.03 8262.82 8350.66 1.99 1.45 118.94 967.09
homfam blmb 17200 6 192.465 344 20.6 42.4 56.1 2.9 0.6 3630.8524 1:00:30 11910.16 102011.40 11350.75 11477.84 4.00 0.02 160.48 34.41
homfam aadh 3127 8 225.129 542 38.2 55.2 58.0 28.3 31.6 2093.2328 0:34:53 15202.38 105323.70 14789.30 14916.69 1.99 4.44 156.18 3270.69
homfam DEATH 1183 7 80.5689 159 19.6 60.9 67.4 0.0 0.0 599.9951 0:09:59 15269.57 105396.38 14808.30 14958.31 1.99 1.64 122.02 733.46
homfam Sulfotransfer 2489 5 235.798 381 26.2 26.8 51.8 3.0 1.1 2029.4253 0:33:49 15203.34 105322.54 14787.70 14903.36 1.99 4.09 149.64 3038.25
homfam serpin 3144 8 291.462 418 34.3 95.4 94.8 81.2 87.7 2903.6741 0:48:23 15230.23 105348.68 14812.24 14963.00 1.99 10.20 165.07 4794.35
homfam proteasome 5732 17 174.347 309 21.7 40.8 71.1 0.3 0.1 1641.4155 0:27:21 9042.97 99293.03 8570.72 8737.13 1.99 6.30 152.74 2508.48
homfam zf-CCHH 88345 15 23.2513 39 35.5 97.1 96.5 88.6 93.0 1988.4158 0:33:08 15326.18 105452.47 14915.61 15031.51 57.95 54.45 113.08 2250.95
homfam egf 7774 12 32.0765 71 31.1 52.6 58.9 0.0 0.0 586.6202 0:09:46 15234.04 105660.33 14865.55 14994.72 1.98 4.73 113.18 665.46
homfam annexin 3139 6 65.1902 323 57.2 100.0 100.0 100.0 100.0 1391.2015 0:23:11 8604.33 99148.37 8049.53 8206.07 1.99 2.66 157.40 2191.43
homfam OTCace 4795 5 157.005 350 37.3 63.7 66.9 47.2 45.5 1730.1361 0:28:50 15182.82 105224.86 14638.32 14754.35 1.99 5.38 141.75 2453.96
homfam rnasemam 498 6 120.072 141 42.2 91.2 88.9 64.2 75.6 536.9386 0:08:56 8300.53 98675.24 7779.78 7930.48 1.99 1.34 99.57 536.23
homfam adh 21331 5 123.64 375 63.9 58.4 64.6 33.3 33.6 2794.2748 0:46:34 15212.68 105340.13 14804.54 14932.11 1.98 19.05 153.55 4292.21
homfam il8 1073 11 63.7623 81 34.5 91.2 90.7 68.8 76.9 441.7803 0:07:21 15236.24 105321.35 14924.24 15005.63 0.00 0.02 105.00 4.33
homfam hr 3707 5 65.1513 82 53.3 100.0 100.0 100.0 100.0 709.1359 0:11:49 15146.71 105198.76 14587.02 14717.54 1.99 2.54 117.96 838.03
homfam ChtBD 774 5 38.2713 45 59.3 99.3 99.0 95.3 97.1 399.0014 0:06:39 14504.75 104544.95 13984.75 14112.64 1.99 0.97 85.96 344.58
homfam gluts 10099 14 98.1117 235 39.4 42.6 45.8 20.6 23.0 2161.6647 0:36:01 12337.40 102402.21 11815.86 11966.17 1.98 8.25 152.49 3297.58
homfam ghf5 2717 6 260.466 470 17.8 25.9 46.0 0.0 0.0 2653.8583 0:44:13 15275.25 105397.60 14806.73 14922.76 1.99 8.72 162.46 4312.79
homfam ghf13 12607 10 264.452 626 26.8 25.4 39.3 0.0 0.0 4254.5056 1:10:54 15302.47 105743.17 14723.01 14900.10 5.99 16.38 153.08 6516.37
homfam PDZ 14950 6 80.8907 110 30.6 84.9 86.1 66.7 68.5 1390.6789 0:23:10 15291.09 105384.43 14747.79 14863.51 1.98 11.12 132.48 1843.65
homfam az 1086 29 100.416 215 33.4 69.9 71.5 2.7 0.3 603.5149 0:10:03 15203.94 105321.34 14754.95 14882.66 1.99 1.66 119.80 724.59
homfam hla 13465 5 153.148 178 76.5 100.0 100.0 100.0 100.0 1899.2069 0:31:39 10080.16 100274.57 9527.07 9707.52 1.99 17.08 135.33 2571.83
homfam slectin 932 5 133.052 142 33.3 94.4 94.5 86.1 89.7 845.4862 0:14:05 8250.55 98341.66 7831.57 8002.44 1.99 1.35 135.18 1144.39
homfam GEL 2195 5 78.1157 150 23.7 41.5 62.1 1.4 0.2 855.6452 0:14:15 12605.14 103129.18 12083.31 12199.35 1.99 2.24 122.46 1049.51
homfam kringle 1091 9 75.9138 100 43.3 92.6 91.4 73.0 77.1 558.4757 0:09:18 15190.18 105321.34 14834.54 14950.58 1.99 1.28 97.27 544.71
homfam p450 21013 12 331.506 512 20.8 61.4 70.1 3.2 0.4 13109.7057 3:38:29 14621.68 105061.23 14149.77 14306.57 1.98 32.60 160.14 20994.22
homfam gpdh 7691 8 129.082 360 55.1 50.3 58.3 41.9 42.3 1959.3384 0:32:39 11822.48 101873.44 11263.77 11391.28 1.99 7.66 154.51 3028.95
homfam int 7572 5 168.037 219 22.5 83.3 83.6 58.9 62.9 2344.1844 0:39:04 13603.19 103702.04 13064.71 13180.67 1.98 8.20 148.79 3498.84
homfam KAS 2070 6 174.528 404 31.7 56.5 60.1 42.0 43.3 1365.1934 0:22:45 14580.50 104621.96 14036.54 14163.77 1.99 2.82 150.56 2056.94
homfam trfl 837 7 242.315 702 61.9 94.1 94.7 85.6 87.4 2766.8609 0:46:06 14028.94 104070.22 13509.22 13636.58 1.99 1.85 170.43 4717.21
homfam TNF 556 5 119.903 176 32.0 36.7 72.5 2.5 0.3 546.9190 0:09:06 15226.04 105345.28 14948.43 15110.46 1.99 1.32 105.22 577.06
homfam scorptoxin 363 8 53.2562 74 46.3 88.4 87.6 68.5 74.8 354.1969 0:05:54 7804.62 97905.96 7300.00 7448.54 1.99 0.83 89.07 316.98
homfam aldosered 13277 7 268.547 386 41.6 86.7 91.3 66.2 73.6 5306.1532 1:28:26 10988.51 102637.98 10518.91 10698.26 1.98 18.04 161.38 8572.50
homfam rrm 27610 20 67.4587 157 22.9 73.8 77.9 3.6 0.0 1577.0800 0:26:17 13617.27 103696.38 13435.21 13611.85 13.97 18.38 139.63 2204.34
