homfam ricin 747 7 198.708 281 37.5 75.0 87.0 63.4 69.3 814.3177 0:13:34 14205.75 104344.50 13662.64 13778.63 1.99 1.33 134.14 1093.71

homfam ghf10 1502 5 220.34 364 43.3 92.8 92.9 79.3 85.3 1414.5630 0:23:34 9065.19 99184.94 8680.71 8790.30 1.99 4.64 152.38 2156.81

homfam seatoxin 93 5 43.6344 54 42.6 65.7 63.3 8.2 9.3 346.7234 0:05:46 15201.63 105319.29 14768.43 14895.59 1.99 0.91 83.32 290.44

homfam mofe 2567 6 353.074 609 30.0 76.9 82.9 53.4 59.9 2289.8497 0:38:09 15193.50 105323.64 14712.88 14840.15 1.99 4.51 154.90 3548.46

homfam cyt3 385 6 92.3065 130 40.3 82.9 81.8 62.7 70.4 392.6505 0:06:32 15236.08 105319.30 14784.04 14911.66 1.99 1.36 100.70 397.03

homfam ins 793 6 65.2825 74 44.9 90.7 96.5 65.2 87.8 522.0829 0:08:42 8181.90 98151.79 7622.43 7793.31 1.99 1.12 111.24 582.18

homfam Ald_Xan_dh_2 2589 6 109.304 885 31.8 13.3 14.5 0.6 0.0 4081.9302 1:08:01 13256.91 103319.88 12760.64 12937.29 81.99 2.95 164.59 6720.77

homfam tms 2118 5 264.245 357 45.9 70.5 92.4 30.9 30.7 1620.2297 0:27:00 15330.61 105447.60 14911.01 15027.47 0.00 0.02 149.61 11.49

homfam phc 2957 12 98.4711 179 37.2 93.0 94.1 67.0 72.8 762.1216 0:12:42 15216.55 105323.74 14686.40 14802.76 1.99 2.94 130.37 995.02

homfam cytb 3206 6 82.1454 100 35.6 84.3 84.3 60.9 66.4 1124.2463 0:18:44 11442.15 101494.85 11046.69 11154.46 21.99 3.02 124.82 1405.88

homfam mmp 1427 6 157.93 180 55.1 96.2 97.5 90.5 92.3 1065.4688 0:17:45 10500.90 100542.48 9980.65 10099.84 1.99 2.22 124.11 1324.13

homfam phoslip 946 18 113.33 137 48.9 94.8 94.4 72.8 82.7 554.7122 0:09:14 15180.37 105221.40 14660.26 14776.30 1.99 1.28 97.06 539.81

homfam HLH 6781 5 53.5453 92 28.1 86.8 93.7 67.9 77.4 774.2344 0:12:54 15250.67 105301.29 14817.11 14944.20 0.00 0.02 121.45 6.28

homfam myb_DNA-binding 10398 5 46.5583 61 40.7 96.8 95.6 83.9 90.0 694.2585 0:11:34 15281.90 105404.70 14818.16 14945.30 1.98 6.25 111.71 777.03

homfam msb 4884 8 106.037 158 26.6 40.6 75.4 2.8 0.7 720.4110 0:12:00 15176.31 105298.89 14624.88 14774.94 1.98 4.77 106.42 768.09

homfam ghf1 4358 8 403.813 562 38.4 76.2 94.9 19.5 20.2 4427.4852 1:13:47 10753.98 100872.30 10249.47 10379.32 1.99 8.29 152.14 6745.44

homfam rvp 93681 6 94.2886 132 36.6 81.1 80.5 51.4 57.8 3414.6715 0:56:54 10428.09 100483.31 9881.27 10011.14 17.99 58.65 121.28 4142.05

homfam lyase_1 7632 5 295.082 511 30.9 65.0 77.6 49.9 56.0 3451.8381 0:57:31 15257.48 105379.43 14843.72 14989.66 1.99 10.69 156.20 5393.16

homfam ldh 7367 14 121.378 371 31.9 27.5 37.6 0.5 0.0 1779.7567 0:29:39 15336.09 105452.35 14916.91 15044.07 1.99 7.53 148.54 2644.94

homfam subt 7517 11 301.598 414 39.5 71.4 73.6 17.9 25.6 6574.0936 1:49:34 11154.26 101627.38 10616.50 10743.35 1.98 12.41 161.30 10607.08

homfam sodfe 4455 8 77.4471 219 42.3 41.7 48.5 23.0 24.1 1158.2856 0:19:18 15236.95 105349.91 14763.45 14882.88 1.99 3.36 117.56 1363.17

homfam LIM 6428 5 57.0143 86 52.8 97.3 97.3 86.6 94.2 582.1234 0:09:42 15202.80 105710.27 14763.79 14917.47 1.99 4.15 118.77 692.71

homfam blm 9105 8 300.727 274 39.1 19.7 23.7 0.0 0.0 4530.3331 1:15:30 10304.68 100470.70 9800.97 9980.67 5.98 13.11 152.24 6899.11

homfam DMRL_synthase 2099 5 140.59 182 33.2 92.2 89.6 73.4 82.5 876.5727 0:14:36 15198.06 105706.59 14783.96 14911.28 21.99 2.34 115.70 1016.08

homfam tRNA-synt_2b 11293 5 177.564 467 18.7 23.3 28.6 1.5 0.2 2496.0644 0:41:36 12063.45 102104.27 11518.53 11672.27 1.99 11.96 146.57 3659.79

homfam Stap_Strp_toxin 640 6 87.3922 254 32.5 22.9 29.3 0.8 0.1 677.0964 0:11:17 15201.69 105737.33 14785.50 14935.59 1.99 0.98 126.47 857.87

homfam Acetyltransf 46285 6 82.9897 229 24.1 45.9 49.4 20.1 27.5 2099.0908 0:34:59 13929.44 104039.12 13377.95 13531.54 21.95 33.44 132.10 2775.33

homfam ghf22 760 12 107.567 131 51.4 94.2 94.2 80.8 84.4 445.7085 0:07:25 15270.61 105395.38 14860.99 14976.66 1.99 1.46 110.29 493.02

homfam sdr 50157 13 163.253 361 23.3 54.5 61.9 1.6 0.0 4363.1213 1:12:43 15297.86 105423.30 14873.54 15050.43 2.01 55.55 137.88 6017.34

homfam ltn 1068 12 204.148 282 49.9 94.5 94.8 73.5 82.3 1191.7178 0:19:51 13563.43 103694.10 13005.06 13155.14 29.99 2.07 116.98 1396.84

homfam hpr 3349 5 83.0427 89 44.4 99.3 99.3 97.7 98.5 578.1469 0:09:38 15196.73 105707.79 14891.25 14972.74 1.99 2.67 109.31 633.32

homfam bowman 499 5 26.1443 73 64.9 87.8 93.8 65.7 74.4 320.5202 0:05:20 7789.71 97932.69 7449.07 7552.41 0.00 0.02 97.60 3.66

homfam hip 167 5 66.2096 88 33.4 87.6 86.6 64.3 76.3 426.0964 0:07:06 15196.00 105703.29 14747.29 14874.86 1.99 0.98 82.02 350.89

homfam HMG_box 4779 5 66.0716 89 24.8 97.3 96.2 85.2 93.9 583.6703 0:09:43 15258.89 105374.96 14803.77 14931.55 1.99 3.85 109.62 641.25

homfam icd 5678 5 328.887 433 41.7 58.6 93.1 4.1 2.5 3661.3968 1:01:01 10530.67 101278.88 9987.80 10138.14 1.99 8.71 153.03 5610.58

homfam peroxidase 4514 5 256.626 383 37.3 66.5 78.3 45.0 49.7 2057.9099 0:34:17 11379.25 101420.94 10857.13 10983.94 1.99 6.77 152.26 3138.00

homfam asp 3262 13 284.142 381 37.5 91.8 92.0 75.4 81.6 2372.1940 0:39:32 15347.64 105398.78 14763.37 14879.33 1.99 11.69 150.94 3581.95

homfam flav 4612 6 138.021 183 35.0 77.6 80.4 46.3 53.2 1249.1684 0:20:49 15203.16 105323.91 14788.21 14915.92 1.99 4.45 122.73 1534.60

homfam cah 1379 5 212.706 279 38.7 85.8 85.7 62.7 70.2 1179.4989 0:19:39 14329.23 104370.55 13759.06 13886.38 1.99 2.35 138.83 1638.96

homfam ace 3989 6 427.824 601 37.3 62.0 86.1 10.4 9.9 4513.2314 1:15:13 11190.07 101655.09 10685.34 10803.71 5.98 8.71 157.31 7101.47

homfam sti 613 5 165.383 198 36.4 83.9 83.1 59.2 65.5 534.9779 0:08:54 15191.06 105154.80 15136.93 15164.89 1.99 1.39 118.56 635.70

homfam aat 25100 10 337.807 476 28.6 47.9 55.9 21.7 25.8 8248.8860 2:17:28 11944.10 101872.64 11451.66 11639.52 0.00 0.02 153.74 56.10

homfam oxidored_q6 3348 5 123.044 285 56.7 47.1 59.3 16.5 17.1 967.6719 0:16:07 8571.19 98697.06 8065.55 8218.68 1.99 3.41 133.65 1294.79

homfam hormone_rec 3509 5 188.562 308 21.5 28.6 51.3 0.4 0.0 1399.1928 0:23:19 8665.64 98749.23 8162.12 8305.84 1.99 4.04 140.91 1973.21

homfam rhv 17976 6 143.424 938 33.1 14.2 22.4 0.0 0.0 12210.0233 3:23:30 15209.23 105338.83 14746.69 14866.07 0.00 0.02 152.16 76.84

homfam tgfb 1606 8 95.4645 118 43.8 83.7 84.6 34.2 39.5 556.5072 0:09:16 10235.02 100125.12 9624.61 9770.58 1.99 1.60 110.08 614.05

homfam cryst 1160 7 80.8078 192 44.4 92.6 92.4 72.4 75.3 643.0729 0:10:43 15228.66 105345.43 14791.73 14908.00 1.99 1.58 108.70 700.59

homfam cyclo 6288 6 159.069 203 44.1 88.7 90.2 72.5 77.1 1553.0219 0:25:53 10901.93 100947.24 10362.35 10477.69 1.99 7.64 139.37 2172.09

homfam kunitz 2266 10 53.752 64 37.9 98.2 98.2 91.7 91.1 511.0831 0:08:31 15231.87 105346.59 14791.66 14907.78 1.99 2.16 98.61 505.35

homfam Rhodanese 14049 6 102.277 216 22.7 18.1 24.0 2.1 0.2 1959.4256 0:32:39 8905.26 99451.09 8399.36 8580.05 1.92 11.64 135.25 2651.42

homfam sodcu 2038 7 141.322 169 42.2 90.4 90.5 75.9 80.2 867.1685 0:14:27 13254.53 103294.75 12658.89 12774.77 1.99 3.76 126.96 1102.70

homfam profilin 687 5 123.371 144 39.7 95.6 95.6 89.1 89.3 540.3927 0:09:00 15206.61 105704.39 14737.07 14914.08 1.99 1.46 105.99 574.06

homfam glob 3983 41 100.684 174 31.7 74.9 87.3 54.1 57.2 734.2317 0:12:14 8165.69 98426.41 7751.44 7835.24 1.99 3.66 114.05 838.86

homfam tim 3904 10 205.645 260 47.5 98.4 98.3 93.4 96.4 1588.2223 0:26:28 14681.82 104724.39 14088.58 14215.61 1.99 5.33 145.42 2311.00

homfam uce 4558 13 134.701 184 34.0 91.6 90.3 54.8 62.9 875.1319 0:14:35 15201.25 105324.91 14867.54 14948.98 1.99 4.21 113.75 996.78

homfam toxin 508 20 62.311 78 43.1 92.8 91.0 66.2 75.2 375.2626 0:06:15 7825.40 103310.07 7321.67 7470.18 1.99 0.86 90.69 341.84

homfam rub 1435 5 46.1575 54 62.1 98.4 98.4 92.6 93.5 450.5106 0:07:30 8121.36 98241.62 7754.82 7838.68 1.99 1.62 85.61 387.22

homfam hom 12037 8 53.4951 98 35.3 88.5 93.0 47.8 57.9 656.9416 0:10:56 15238.65 105356.18 14820.38 14948.14 1.99 6.95 113.96 750.11

homfam biotin_lipoyl 11833 7 71.8928 112 28.9 94.9 94.8 75.3 80.4 835.6275 0:13:55 8093.40 98322.64 7717.41 7884.26 0.00 0.02 125.29 7.15

homfam cys 4316 13 198.11 284 40.5 93.7 93.3 69.0 79.2 1505.9618 0:25:05 15184.14 105323.90 14764.38 14914.40 1.99 5.89 138.23 2083.21

homfam ghf11 521 5 167.758 202 49.5 94.9 94.7 87.0 88.2 685.4198 0:11:25 15196.92 105320.35 14740.65 14924.53 1.99 1.38 119.72 821.95

homfam blmb 17200 6 192.465 344 20.6 43.0 56.2 2.9 0.3 3856.3307 1:04:16 9581.66 99658.80 9058.31 9238.48 1.98 19.15 154.22 5948.88

homfam aadh 3127 8 225.129 542 38.2 54.6 58.2 34.2 37.1 1987.2514 0:33:07 10901.29 100807.78 10581.09 10794.12 1.99 4.04 150.78 2997.70

homfam DEATH 1183 7 80.5689 159 19.6 60.8 65.8 0.0 0.0 536.1945 0:08:56 15230.91 105370.43 14809.91 14925.84 1.99 1.42 117.95 633.84

homfam Sulfotransfer 2489 5 235.798 381 26.2 27.5 52.3 2.4 0.9 2014.5474 0:33:34 15200.77 105322.61 14788.55 14904.17 1.99 6.68 148.50 2992.87

homfam serpin 3144 8 291.462 418 34.3 95.1 94.7 81.4 87.9 2738.1486 0:45:38 14182.59 104272.86 13636.41 13764.31 1.99 4.64 154.05 4219.36

homfam proteasome 5732 17 174.347 309 21.7 39.9 70.1 0.0 0.0 1447.8328 0:24:07 11883.24 101923.92 11338.14 11499.24 1.99 6.04 148.51 2151.71

homfam zf-CCHH 88345 15 23.2513 39 35.5 97.1 96.5 88.6 93.0 1984.2929 0:33:04 8682.95 104445.69 8160.34 8317.16 36.00 0.02 115.40 17.56

homfam egf 7774 12 32.0765 71 31.1 52.2 58.5 0.0 0.0 587.6985 0:09:47 14798.15 104925.62 14264.70 14380.70 1.98 4.70 103.61 610.49

homfam annexin 3139 6 65.1902 323 57.2 67.0 73.0 1.6 1.1 1364.0869 0:22:44 14906.96 104947.64 14311.92 14439.28 1.99 2.38 142.61 1946.91

homfam OTCace 4795 5 157.005 350 37.3 66.9 69.7 49.0 48.0 1361.9359 0:22:41 15200.17 105325.92 14788.70 14939.27 1.99 5.27 150.28 2048.06

homfam rnasemam 498 6 120.072 141 42.2 88.2 85.5 58.2 66.7 422.9818 0:07:02 8050.67 98305.50 7477.43 7627.82 1.99 1.25 107.27 455.21

homfam adh 21331 5 123.64 375 63.9 65.7 72.1 33.1 33.3 2653.3118 0:44:13 15236.87 105291.16 14806.51 14959.89 1.98 18.92 144.01 3822.30

homfam il8 1073 11 63.7623 81 34.5 92.5 91.8 68.8 78.4 523.2703 0:08:43 7769.60 98392.46 7276.18 7424.36 1.99 1.13 83.29 437.39

homfam hr 3707 5 65.1513 82 53.3 100.0 100.0 100.0 100.0 725.9067 0:12:05 15198.10 105323.81 14787.03 14914.62 61.99 2.85 113.81 828.37

homfam ChtBD 774 5 38.2713 45 59.3 99.3 99.0 95.3 97.1 327.5279 0:05:27 8035.34 98190.59 7531.73 7684.12 1.99 1.23 98.65 302.94

homfam gluts 10099 14 98.1117 235 39.4 42.9 45.8 17.6 19.6 2012.1626 0:33:32 15289.57 105330.68 14819.33 14938.48 1.98 8.17 142.23 2863.31

homfam ghf5 2717 6 260.466 470 17.8 32.4 48.3 0.0 0.0 2892.8244 0:48:12 15199.95 105322.65 14788.83 14915.64 1.99 7.80 158.68 4591.91

homfam ghf13 12607 10 264.452 626 26.8 26.0 41.2 0.2 0.0 4559.9498 1:15:59 13617.18 103659.20 13097.26 13225.07 1.99 16.20 153.56 7011.36

homfam PDZ 14950 6 80.8907 110 30.6 84.5 85.9 66.7 68.5 1238.4967 0:20:38 13496.48 103637.79 12901.23 13020.51 1.98 10.92 124.58 1544.54

homfam az 1086 29 100.416 215 33.4 72.6 74.2 2.7 0.2 512.3933 0:08:32 8004.66 98253.86 7572.62 7702.20 1.99 1.68 122.21 627.74

homfam hla 13465 5 153.148 178 76.5 100.0 100.0 100.0 100.0 1556.2535 0:25:56 14467.15 104508.82 13922.31 14048.18 1.99 13.62 135.38 2108.18

homfam slectin 932 5 133.052 142 33.3 93.7 94.5 85.4 88.9 682.3129 0:11:22 15201.79 105320.40 14784.31 14935.06 0.00 0.02 122.14 6.00

homfam GEL 2195 5 78.1157 150 23.7 39.5 63.6 0.7 0.1 661.7262 0:11:01 7966.59 98243.00 7442.91 7572.82 1.99 1.92 119.59 793.15

homfam kringle 1091 9 75.9138 100 43.3 96.6 95.2 82.0 86.0 522.8985 0:08:42 15248.06 105371.40 14973.17 15054.68 1.99 1.54 89.89 471.57

homfam p450 21013 12 331.506 512 20.8 62.8 72.6 2.8 0.3 8764.9331 2:26:04 13919.88 103803.73 13441.38 13601.00 1.98 32.58 149.87 13136.77

homfam gpdh 7691 8 129.082 360 55.1 57.3 64.4 42.2 42.6 1740.0025 0:29:00 13560.17 103602.17 13041.56 13156.87 5.99 8.02 150.51 2620.29

homfam int 7572 5 168.037 219 22.5 84.4 84.9 62.4 65.9 2121.8440 0:35:21 15211.55 105253.38 14791.45 14907.50 1.98 8.04 140.92 2998.44

homfam KAS 2070 6 174.528 404 31.7 49.9 52.9 28.0 31.3 1146.2311 0:19:06 15203.46 105322.56 15222.02 15248.65 1.99 2.82 136.84 1569.89

homfam trfl 837 7 242.315 702 61.9 93.0 93.8 84.7 82.7 2325.4621 0:38:45 9270.15 99463.68 8848.52 8951.84 1.99 1.92 161.02 3745.96

homfam TNF 556 5 119.903 176 32.0 34.3 73.3 3.8 0.4 497.4352 0:08:17 15246.18 105370.35 14832.11 14959.20 1.99 1.25 102.74 512.69

homfam scorptoxin 363 8 53.2562 74 46.3 88.4 87.5 68.5 75.2 379.6264 0:06:19 8234.59 98315.91 7729.70 7882.68 0.00 0.02 78.24 3.72

homfam aldosered 13277 7 268.547 386 41.6 88.1 92.4 67.4 74.9 4557.7841 1:15:57 11502.00 102196.08 10982.42 11109.22 69.98 18.11 155.28 7086.74

homfam rrm 27610 20 67.4587 157 22.9 73.0 76.8 3.6 0.0 1623.5688 0:27:03 8707.61 98834.20 8174.86 8310.09 1.97 30.21 123.07 1999.65

