homfam ricin 747 7 198.708 281 37.5 90.3 91.2 75.8 83.1 674.4777 0:11:14 8007.00 102937.41 7549.53 7689.38 1.99 1.36 148.37 1005.42
homfam ghf10 1502 5 220.34 364 43.3 92.1 92.3 79.3 85.2 2169.6471 0:36:09 7943.79 98963.78 7558.13 7697.97 1.99 2.49 167.94 3653.34
homfam seatoxin 93 5 43.6344 54 42.6 66.7 64.6 8.2 9.3 174.1016 0:02:54 8017.13 102922.11 7559.19 7699.17 1.99 0.65 121.93 213.79
homfam mofe 2567 6 353.074 609 30.0 81.2 82.5 64.5 69.5 3514.3191 0:58:34 7996.24 103188.16 7684.07 7824.35 1.99 4.16 164.26 5773.72
homfam cyt3 385 6 92.3065 130 40.3 80.1 80.8 61.0 68.8 238.2140 0:03:58 8009.43 102919.82 7552.61 7693.43 1.99 0.93 130.35 311.99
homfam ins 793 6 65.2825 74 44.9 93.8 95.5 71.0 90.3 409.8491 0:06:49 7977.51 99912.89 7526.12 7688.96 1.99 1.12 142.96 593.89
homfam Ald_Xan_dh_2 2589 6 109.304 885 31.8 84.0 84.2 63.8 72.7 2304.2936 0:38:24 8006.18 102056.15 7591.09 7730.90 1.99 2.61 161.35 3724.38
homfam tms 2118 5 264.245 357 45.9 95.7 95.2 83.9 90.3 1669.5193 0:27:49 8029.36 103261.06 7524.07 7687.30 1.99 3.24 158.30 2652.45
homfam phc 2957 12 98.4711 179 37.2 93.7 94.4 72.1 79.1 563.9759 0:09:23 7981.82 102922.11 7494.22 7657.13 1.99 2.65 140.82 799.01
homfam cytb 3206 6 82.1454 100 35.6 93.3 93.3 76.1 82.8 835.9522 0:13:55 7995.22 101962.40 7539.15 7702.05 1.99 2.80 154.98 1304.30
homfam mmp 1427 6 157.93 180 55.1 97.3 97.8 90.5 94.7 889.8366 0:14:49 8053.21 98978.79 7693.72 7765.00 1.99 1.93 155.74 1395.67
homfam phoslip 946 18 113.33 137 48.9 95.4 95.1 76.5 86.1 333.9524 0:05:33 7930.82 102920.38 7474.42 7591.30 1.99 1.34 131.89 441.94
homfam HLH 6781 5 53.5453 92 28.1 88.9 92.3 65.5 77.1 656.1826 0:10:56 8044.33 99911.79 7701.11 7841.30 1.99 4.07 148.19 980.34
homfam myb_DNA-binding 10398 5 46.5583 61 40.7 95.2 94.1 80.4 86.0 529.6407 0:08:49 8001.39 102919.97 7545.73 7754.59 1.98 5.84 119.31 634.05
homfam msb 4884 8 106.037 158 26.6 86.4 86.4 63.4 76.9 460.1472 0:07:40 8028.32 101959.79 7570.42 7733.46 1.98 4.40 138.24 646.69
homfam ghf1 4358 8 403.813 562 38.4 91.8 91.8 71.4 79.3 5954.1672 1:39:14 8241.62 103197.03 7737.77 7867.47 1.99 8.30 162.02 9650.11
homfam rvp 93681 6 94.2886 132 36.6 81.9 81.7 52.3 58.9 2129.2433 0:35:29 9516.26 99291.29 9013.30 9142.58 1.99 58.77 133.34 2838.92
homfam lyase_1 7632 5 295.082 511 30.9 81.4 81.4 62.6 67.5 3272.6568 0:54:32 8006.45 103285.91 7548.57 7688.70 1.99 10.38 156.11 5108.77
homfam ldh 7367 14 121.378 371 31.9 90.1 89.6 61.4 72.9 1318.4502 0:21:58 8011.99 103116.00 7565.06 7773.85 1.99 7.06 157.03 2071.74
homfam subt 7517 11 301.598 414 39.5 81.0 81.3 34.2 46.4 11711.3329 3:15:11 8416.67 103043.75 8035.71 8147.31 1.98 41.84 171.89 20131.11
homfam sodfe 4455 8 77.4471 219 42.3 91.3 90.5 66.0 69.5 695.3111 0:11:35 7997.49 103091.67 7540.27 7657.12 1.99 3.65 149.54 1041.21
homfam LIM 6428 5 57.0143 86 52.8 97.9 97.9 87.8 95.8 370.2139 0:06:10 8006.36 102920.02 7616.69 7825.66 1.99 3.85 132.00 490.31
homfam blm 9105 8 300.727 274 39.1 76.4 78.2 53.6 55.7 5037.7504 1:23:57 8293.89 103086.13 8150.41 8179.57 1.98 13.05 164.13 8276.43
homfam DMRL_synthase 2099 5 140.59 182 33.2 93.5 90.6 74.6 83.3 475.4383 0:07:55 7942.69 99912.89 7495.72 7635.56 1.99 2.27 135.98 649.66
homfam tRNA-synt_2b 11293 5 177.564 467 18.7 49.3 47.7 20.9 29.5 2949.5538 0:49:09 8023.07 103259.54 7565.50 7682.64 1.99 12.05 164.30 4852.67
homfam Stap_Strp_toxin 640 6 87.3922 254 32.5 79.7 79.3 47.7 53.6 694.0148 0:11:34 8025.32 99912.69 7561.26 7678.49 1.99 1.00 144.32 1003.15
homfam Acetyltransf 46285 6 82.9897 229 24.1 62.5 64.7 36.5 44.4 3341.7141 0:55:41 8361.01 103060.04 7995.21 8160.13 1.95 33.45 176.43 5897.23
homfam ghf22 760 12 107.567 131 51.4 93.6 93.9 80.0 83.7 310.1130 0:05:10 7997.18 102925.89 7626.52 7743.67 1.99 1.46 129.35 402.66
homfam sdr 50157 13 163.253 361 23.3 78.9 77.4 35.0 46.4 3946.1990 1:05:46 9536.41 103269.34 9033.02 9174.58 1.97 54.84 146.85 5790.13
homfam ltn 1068 12 204.148 282 49.9 91.1 91.8 68.8 77.8 854.7352 0:14:14 8014.09 103205.68 7556.88 7702.04 1.99 1.79 153.29 1311.78
homfam hpr 3349 5 83.0427 89 44.4 99.3 99.3 97.7 98.5 363.4935 0:06:03 8003.44 99910.32 7547.33 7687.64 1.99 2.70 123.91 451.46
homfam bowman 499 5 26.1443 73 64.9 92.2 92.2 77.1 75.6 202.0559 0:03:22 7972.70 99909.09 7540.62 7657.79 1.99 0.79 127.44 259.00
homfam hip 167 5 66.2096 88 33.4 87.3 86.3 64.3 76.3 194.0331 0:03:14 8009.91 102926.81 7554.32 7660.27 1.99 0.97 106.93 209.00
homfam HMG_box 4779 5 66.0716 89 24.8 97.3 96.2 85.2 93.9 365.2062 0:06:05 8016.44 102992.28 7576.05 7761.00 1.99 3.35 135.67 496.92
homfam icd 5678 5 328.887 433 41.7 93.7 93.9 82.9 86.4 4803.7122 1:20:03 8049.28 103201.06 7694.28 7765.42 1.99 8.81 162.41 7806.91
homfam peroxidase 4514 5 256.626 383 37.3 82.1 82.0 50.1 53.4 3251.4358 0:54:11 7997.26 103180.14 7560.63 7769.84 1.99 6.39 171.81 5591.87
homfam asp 3262 13 284.142 381 37.5 91.9 92.1 75.4 81.7 2477.4519 0:41:17 8009.63 103293.70 7624.25 7832.99 1.99 5.17 163.67 4064.21
homfam flav 4612 6 138.021 183 35.0 83.1 83.1 57.7 59.6 957.1728 0:15:57 7999.71 103190.43 7687.67 7827.92 1.99 4.21 155.18 1484.21
homfam cah 1379 5 212.706 279 38.7 87.4 87.9 64.9 72.8 1067.8747 0:17:47 8006.57 101993.99 7581.22 7744.00 1.99 4.06 154.94 1655.48
homfam ace 3989 6 427.824 601 37.3 83.7 85.3 62.6 69.3 8262.7331 2:17:42 8394.96 103022.64 7892.14 8009.89 1.98 8.54 165.62 13689.74
homfam sti 613 5 165.383 198 36.4 85.7 84.8 64.1 69.9 397.3778 0:06:37 8043.27 99910.79 7692.82 7787.07 1.99 1.16 126.87 505.64
homfam aat 25100 10 337.807 476 28.6 82.3 83.3 51.0 57.2 9444.6415 2:37:24 10031.20 103252.73 9528.54 9763.07 1.98 35.98 156.95 14817.01
homfam oxidored_q6 3348 5 123.044 285 56.7 93.1 93.5 86.5 88.3 1115.3196 0:18:35 7988.14 101958.70 7493.04 7656.26 1.99 3.14 159.23 1784.79
homfam hormone_rec 3509 5 188.562 308 21.5 74.3 73.4 48.4 61.7 1391.3850 0:23:11 7951.16 102938.92 7501.07 7710.22 1.99 3.80 156.36 2183.29
homfam rhv 17976 6 143.424 938 33.1 66.0 65.1 34.9 43.2 18138.0677 5:02:18 8001.60 102921.72 7751.09 7777.74 1.99 15.49 160.20 29065.58
homfam tgfb 1606 8 95.4645 118 43.8 81.8 84.7 29.9 37.3 329.1087 0:05:29 7976.54 99911.87 7591.02 7696.45 1.99 1.86 124.65 411.74
homfam cryst 1160 7 80.8078 192 44.4 92.9 92.6 73.5 76.8 401.2963 0:06:41 8017.19 97936.27 7528.91 7645.75 1.99 1.62 127.91 514.79
homfam cyclo 6288 6 159.069 203 44.1 87.3 88.1 72.5 77.4 1896.5526 0:31:36 7966.09 103011.72 7594.64 7711.30 1.99 7.46 164.25 3120.57
homfam kunitz 2266 10 53.752 64 37.9 96.8 96.8 85.0 84.0 311.3168 0:05:11 7947.98 102919.42 7563.88 7669.71 1.99 2.20 116.97 365.68
homfam Rhodanese 14049 6 102.277 216 22.7 75.2 79.2 53.6 58.1 1750.4403 0:29:10 8018.81 102927.77 7568.90 7778.08 1.98 21.41 161.35 2825.89
homfam sodcu 2038 7 141.322 169 42.2 87.7 88.4 66.9 75.1 479.8085 0:07:59 8008.39 102056.02 7638.01 7778.23 1.99 2.33 145.92 709.50
homfam profilin 687 5 123.371 144 39.7 94.2 94.2 85.2 86.7 383.0536 0:06:23 8008.63 99908.14 7548.25 7654.08 1.99 1.20 124.41 478.38
homfam glob 3983 41 100.684 174 31.7 95.0 94.8 69.4 72.6 528.0296 0:08:48 8015.54 101959.73 7563.13 7726.29 1.99 3.34 131.60 703.13
homfam tim 3904 10 205.645 260 47.5 98.0 97.9 93.1 96.2 1700.2432 0:28:20 8024.33 103188.35 7576.98 7785.83 1.99 4.98 157.16 2673.53
homfam uce 4558 13 134.701 184 34.0 90.2 89.0 56.0 64.9 718.4061 0:11:58 8052.86 103180.68 7625.81 7834.60 1.99 4.35 139.25 1002.90
homfam toxin 508 20 62.311 78 43.1 90.5 88.8 58.4 66.3 213.7310 0:03:33 7940.34 99911.97 7484.90 7590.46 1.99 0.86 119.94 257.94
homfam rub 1435 5 46.1575 54 62.1 98.4 98.4 92.6 93.5 239.5124 0:03:59 7978.27 102920.00 7590.51 7730.39 1.99 1.31 128.58 309.47
homfam hom 12037 8 53.4951 98 35.3 95.3 95.2 69.6 85.1 511.4024 0:08:31 8039.81 98543.80 7549.35 7758.55 1.99 6.59 138.18 715.58
homfam biotin_lipoyl 11833 7 71.8928 112 28.9 94.6 93.0 75.3 81.0 519.6089 0:08:39 8004.00 99912.93 7548.37 7665.60 1.99 8.09 134.47 700.67
homfam cys 4316 13 198.11 284 40.5 95.1 94.6 73.5 83.3 1412.8194 0:23:32 7974.34 103204.00 7592.83 7801.82 1.99 5.98 160.10 2268.97
homfam ghf11 521 5 167.758 202 49.5 94.7 94.4 87.0 88.6 547.9995 0:09:07 7992.38 102568.93 7540.96 7747.56 1.99 1.17 135.63 744.27
homfam blmb 17200 6 192.465 344 20.6 68.7 72.2 41.5 54.4 3823.3222 1:03:43 8555.70 102948.05 8051.74 8181.37 1.98 18.94 167.21 6400.10
homfam aadh 3127 8 225.129 542 38.2 84.6 84.8 52.6 58.1 2279.1430 0:37:59 8008.78 103190.48 7688.88 7829.16 1.99 4.23 158.44 3620.08
homfam DEATH 1183 7 80.5689 159 19.6 86.6 86.5 60.5 67.5 351.7754 0:05:51 7986.74 99912.00 7493.64 7610.93 1.99 1.69 143.68 506.88
homfam Sulfotransfer 2489 5 235.798 381 26.2 71.2 72.3 38.2 45.8 2787.5383 0:46:27 8022.35 103183.00 7562.99 7771.81 2.14 3.88 167.00 4662.79
homfam serpin 3144 8 291.462 418 34.3 95.5 94.9 82.2 89.6 3426.7313 0:57:06 7982.25 103248.40 7524.97 7688.41 1.99 6.63 160.54 5507.72
homfam proteasome 5732 17 174.347 309 21.7 84.0 81.6 34.5 51.7 1467.3893 0:24:27 7973.25 98613.09 7518.33 7635.39 120.00 4.08 133.10 1952.84
homfam zf-CCHH 88345 15 23.2513 39 35.5 96.4 95.8 77.1 85.3 1228.8174 0:20:28 8001.60 103120.99 7634.12 7773.98 1.95 42.42 118.69 1459.60
homfam egf 7774 12 32.0765 71 31.1 78.6 77.5 36.8 41.9 340.0266 0:05:40 8004.91 99910.71 7579.85 7742.68 1.98 4.53 128.08 437.02
homfam annexin 3139 6 65.1902 323 57.2 99.6 99.8 99.4 99.4 698.8564 0:11:38 7948.09 99912.89 7490.65 7653.78 1.99 2.33 149.90 1048.97
homfam OTCace 4795 5 157.005 350 37.3 96.2 96.5 89.0 92.2 1334.3251 0:22:14 7982.62 103185.07 7529.75 7738.64 1.99 5.04 150.79 2013.56
homfam rnasemam 498 6 120.072 141 42.2 90.2 86.9 64.9 74.6 276.1524 0:04:36 8019.11 102973.11 7560.91 7666.79 1.99 0.97 129.51 359.21
homfam adh 21331 5 123.64 375 63.9 98.9 98.9 97.6 97.9 1843.2083 0:30:43 8044.21 103231.86 7585.81 7703.08 1.98 18.87 146.96 2715.48
homfam il8 1073 11 63.7623 81 34.5 94.8 93.7 72.7 83.1 247.6615 0:04:07 7986.77 101958.19 7541.32 7738.75 1.99 1.12 124.77 309.93
homfam hr 3707 5 65.1513 82 53.3 99.1 99.1 94.9 99.1 380.0893 0:06:20 8012.14 99910.99 7554.18 7694.38 1.99 2.52 120.15 458.23
homfam ChtBD 774 5 38.2713 45 59.3 99.3 99.0 95.3 97.1 207.8101 0:03:27 8026.28 99909.02 7637.40 7777.26 1.99 1.02 125.85 263.13
homfam gluts 10099 14 98.1117 235 39.4 89.8 89.8 63.5 66.9 2040.0427 0:34:00 8000.95 102928.99 7501.78 7618.85 1.98 8.32 160.94 3290.41
homfam ghf5 2717 6 260.466 470 17.8 68.7 67.2 37.0 51.9 3010.0092 0:50:10 8011.03 103017.47 7555.21 7764.35 1.99 7.54 164.50 4951.89
homfam ghf13 12607 10 264.452 626 26.8 65.3 64.9 26.1 35.7 7456.9902 2:04:16 8590.11 103264.82 8086.34 8216.05 1.99 16.81 170.48 12716.17
homfam PDZ 14950 6 80.8907 110 30.6 85.9 87.1 67.7 68.7 894.9245 0:14:54 8022.09 102921.83 7566.93 7707.10 1.98 11.01 149.19 1343.52
homfam az 1086 29 100.416 215 33.4 74.5 74.3 40.8 44.2 345.2654 0:05:45 7941.32 103138.22 7557.91 7663.30 1.99 1.41 130.47 453.58
homfam hla 13465 5 153.148 178 76.5 100.0 100.0 100.0 100.0 813.2659 0:13:33 8248.95 103571.57 7745.59 7902.10 1.99 13.71 134.28 1098.88
homfam slectin 932 5 133.052 142 33.3 94.5 94.4 86.1 90.3 685.7956 0:11:25 7993.63 98809.82 7930.72 7957.78 1.99 1.67 150.76 1042.67
homfam GEL 2195 5 78.1157 150 23.7 69.0 70.1 39.0 54.9 393.3936 0:06:33 8044.59 99909.30 7557.39 7767.82 1.99 2.26 141.72 565.26
homfam kringle 1091 9 75.9138 100 43.3 96.9 95.8 84.3 88.6 287.1739 0:04:47 7944.11 97776.17 7560.03 7677.20 1.99 1.59 123.87 356.16
homfam p450 21013 12 331.506 512 20.8 78.1 76.9 43.3 54.1 7509.9649 2:05:09 10409.00 103244.35 9905.36 10139.33 153.98 32.84 154.06 11570.47
homfam gpdh 7691 8 129.082 360 55.1 96.4 96.3 89.1 91.7 1403.5598 0:23:23 8007.95 103285.07 7549.49 7655.16 1.99 7.98 151.58 2136.64
homfam int 7572 5 168.037 219 22.5 89.3 89.6 73.3 79.6 1943.7770 0:32:23 8006.79 101960.67 7550.62 7690.76 1.99 8.28 155.46 3027.15
homfam KAS 2070 6 174.528 404 31.7 86.6 86.5 71.0 75.4 960.0584 0:16:00 7991.58 98065.95 7558.17 7698.27 1.99 2.54 153.47 1480.23
homfam trfl 837 7 242.315 702 61.9 93.9 95.4 87.9 87.0 2031.1796 0:33:51 7964.70 102920.14 7901.74 7928.37 1.99 1.85 158.14 3213.59
homfam TNF 556 5 119.903 176 32.0 87.9 87.1 73.9 78.7 308.7255 0:05:08 7992.40 101992.94 7536.42 7642.25 1.99 1.01 130.75 405.15
homfam scorptoxin 363 8 53.2562 74 46.3 91.1 90.1 74.0 82.9 190.4426 0:03:10 7940.37 102922.52 7556.12 7673.30 1.99 1.05 109.05 209.19
homfam aldosered 13277 7 268.547 386 41.6 87.1 89.5 69.5 75.7 4802.8970 1:20:02 8369.17 102930.46 8000.86 8094.27 1.98 18.71 160.34 7707.88
homfam rrm 27610 20 67.4587 157 22.9 86.6 85.1 21.6 30.6 824.2517 0:13:44 7998.66 102057.20 7548.55 7665.70 1.98 17.82 136.02 1122.13
