homfam ricin 747 7 198.708 281 37.5 75.7 86.3 64.1 69.7 1015.5453 0:16:55 15206.11 105320.48 14763.31 14879.78 0.00 0.02 131.63 7.79

homfam ghf10 1502 5 220.34 364 43.3 93.8 93.4 82.0 87.3 1496.7708 0:24:56 9584.41 101129.54 9217.88 9301.74 1.99 2.69 144.73 2172.95

homfam seatoxin 93 5 43.6344 54 42.6 66.4 63.9 8.2 9.3 395.6809 0:06:35 15199.58 105319.35 14787.67 14907.25 1.99 0.93 87.05 345.80

homfam mofe 2567 6 353.074 609 30.0 78.3 84.8 55.7 62.1 2712.5561 0:45:12 14610.41 105064.40 14501.89 14528.53 0.00 0.02 156.18 19.58

homfam cyt3 385 6 92.3065 130 40.3 83.0 82.2 63.6 71.4 462.6537 0:07:42 8163.64 98418.69 7780.52 7923.57 1.99 1.18 100.30 465.60

homfam ins 793 6 65.2825 74 44.9 87.2 92.1 58.0 77.4 619.6863 0:10:19 15203.19 105321.46 14789.81 14939.78 1.99 1.12 109.49 680.17

homfam Ald_Xan_dh_2 2589 6 109.304 885 31.8 12.4 13.4 0.7 0.1 3754.8291 1:02:34 10254.76 100368.82 9680.14 9810.83 49.99 2.89 166.43 6251.22

homfam tms 2118 5 264.245 357 45.9 70.1 89.3 27.0 28.6 2047.1923 0:34:07 15197.62 105738.64 15226.36 15252.98 1.99 3.72 158.38 3245.63

homfam phc 2957 12 98.4711 179 37.2 89.8 90.6 69.3 75.9 860.5399 0:14:20 15206.54 105322.82 14780.88 14934.81 1.99 2.91 128.54 1107.50

homfam cytb 3206 6 82.1454 100 35.6 85.6 85.9 62.0 67.7 1173.5746 0:19:33 12435.88 102571.21 11848.52 11979.23 5.99 2.66 121.71 1430.70

homfam mmp 1427 6 157.93 180 55.1 93.9 96.3 84.6 88.5 1151.9826 0:19:11 9176.30 99216.64 8660.11 8779.30 1.99 2.22 133.08 1534.64

homfam phoslip 946 18 113.33 137 48.9 96.2 95.7 75.0 84.8 571.4469 0:09:31 15380.55 105496.48 14963.45 15079.69 1.99 1.68 120.67 690.99

homfam HLH 6781 5 53.5453 92 28.1 86.9 91.7 66.7 77.2 839.3082 0:13:59 15215.44 105742.38 14772.70 14899.75 1.99 4.80 135.05 1135.10

homfam myb_DNA-binding 10398 5 46.5583 61 40.7 96.8 95.6 83.9 90.0 917.9240 0:15:17 13721.98 103778.57 13285.40 13366.86 1.98 6.19 128.66 1182.54

homfam msb 4884 8 106.037 158 26.6 40.0 74.4 2.1 0.4 950.1309 0:15:50 15207.12 105741.00 14793.56 14920.65 1.98 4.60 117.39 1116.83

homfam ghf1 4358 8 403.813 562 38.4 74.8 93.3 19.5 20.4 5375.7271 1:29:35 11250.37 102259.49 10745.85 10900.19 1.99 8.02 162.02 8717.97

homfam rvp 93681 6 94.2886 132 36.6 85.0 84.6 64.0 72.1 3568.6349 0:59:28 12732.93 102962.66 12257.05 12387.54 1.99 58.40 127.51 4551.52

homfam lyase_1 7632 5 295.082 511 30.9 66.4 71.7 55.1 54.8 3586.5071 0:59:46 15303.43 105378.46 14746.71 14883.90 1.99 10.64 157.41 5646.90

homfam ldh 7367 14 121.378 371 31.9 31.5 41.9 0.5 0.0 2073.8590 0:34:33 9012.41 99702.77 8604.65 8754.04 1.99 7.31 155.17 3219.33

homfam subt 7517 11 301.598 414 39.5 75.2 76.6 27.0 37.7 7102.9344 1:58:22 15209.31 105745.69 14799.78 15029.31 2.06 12.69 160.26 11393.81

homfam sodfe 4455 8 77.4471 219 42.3 43.0 47.7 22.5 23.6 1152.5691 0:19:12 8394.28 98520.07 7945.92 8064.34 1.99 3.42 139.30 1607.04

homfam LIM 6428 5 57.0143 86 52.8 97.3 97.3 86.6 94.2 750.8243 0:12:30 15263.74 105742.32 14693.51 14821.21 1.99 4.23 116.00 872.27

homfam blm 9105 8 300.727 274 39.1 15.8 17.7 0.0 0.0 5715.2866 1:35:15 11892.98 101953.88 11345.77 11465.04 1.98 14.96 161.91 9254.73

homfam DMRL_synthase 2099 5 140.59 182 33.2 92.6 90.0 73.4 82.5 947.7566 0:15:47 8682.36 98998.12 8239.74 8369.55 0.00 0.02 133.45 8.59

homfam tRNA-synt_2b 11293 5 177.564 467 18.7 18.2 22.8 0.6 0.1 2940.1593 0:49:00 12242.29 102279.82 11697.66 11834.74 1.98 21.00 153.80 4523.70

homfam Stap_Strp_toxin 640 6 87.3922 254 32.5 18.9 25.8 0.0 0.0 846.8794 0:14:06 15210.59 105320.42 14788.86 14904.85 1.99 1.26 126.97 1076.69

homfam Acetyltransf 46285 6 82.9897 229 24.1 16.4 16.5 0.0 0.0 2783.8867 0:46:23 15242.32 105365.95 14832.71 14992.88 5.96 33.93 141.70 3946.39

homfam ghf22 760 12 107.567 131 51.4 93.6 93.6 79.2 82.8 554.7868 0:09:14 15205.53 105321.45 14788.42 14916.25 1.99 1.18 107.34 596.91

homfam sdr 50157 13 163.253 361 23.3 54.6 62.0 2.5 0.1 4654.2992 1:17:34 12877.47 102994.91 12764.52 12790.92 1.96 55.71 141.26 6576.02

homfam ltn 1068 12 204.148 282 49.9 93.1 93.4 68.8 77.8 985.3811 0:16:25 15325.05 105862.46 14878.99 15029.64 0.00 0.02 140.54 7.40

homfam hpr 3349 5 83.0427 89 44.4 99.3 99.3 97.7 98.5 718.4596 0:11:58 15205.79 105323.86 14791.27 14918.93 1.99 3.79 120.02 863.49

homfam bowman 499 5 26.1443 73 64.9 94.5 94.5 82.9 84.9 436.4434 0:07:16 15200.42 105320.41 14796.92 14983.00 1.99 0.77 80.87 354.44

homfam hip 167 5 66.2096 88 33.4 85.8 85.0 60.7 72.4 431.7515 0:07:11 7820.74 97969.00 7317.94 7496.45 1.99 0.98 86.29 373.93

homfam HMG_box 4779 5 66.0716 89 24.8 97.3 96.2 85.2 93.9 732.4225 0:12:12 15196.79 105325.02 14768.63 14922.80 1.99 3.26 119.60 877.35

homfam icd 5678 5 328.887 433 41.7 58.7 93.6 4.7 2.9 3596.1783 0:59:56 10538.65 100756.91 10033.52 10163.49 1.99 14.92 162.90 5859.77

homfam peroxidase 4514 5 256.626 383 37.3 61.7 72.6 36.1 39.5 2417.9648 0:40:17 9652.08 99774.50 9148.67 9266.31 1.99 6.75 155.94 3774.67

homfam asp 3262 13 284.142 381 37.5 91.0 91.3 71.1 76.7 2535.3372 0:42:15 14960.82 104999.23 14415.83 14531.88 0.00 0.02 160.43 20.54

homfam flav 4612 6 138.021 183 35.0 77.5 80.9 46.9 53.9 1229.2444 0:20:29 15236.77 105349.97 14803.77 14934.68 0.00 0.02 150.68 10.02

homfam cah 1379 5 212.706 279 38.7 86.4 86.9 64.2 72.3 1239.4697 0:20:39 10505.97 100541.54 9985.84 10113.36 21.99 2.36 136.16 1689.25

homfam ace 3989 6 427.824 601 37.3 87.4 87.9 66.3 73.8 5284.4264 1:28:04 12562.16 102742.53 12016.86 12147.62 1.98 8.86 163.18 8629.44

homfam sti 613 5 165.383 198 36.4 83.9 83.1 58.7 64.9 585.5865 0:09:45 8881.59 99122.04 8303.25 8455.93 1.99 1.43 125.82 738.06

homfam aat 25100 10 337.807 476 28.6 45.9 52.0 16.0 18.9 10739.3303 2:58:59 15226.22 105350.36 14820.52 14973.78 2.00 36.50 161.50 17345.25

homfam oxidored_q6 3348 5 123.044 285 56.7 52.6 66.2 16.9 17.4 1121.4057 0:18:41 8554.69 98854.61 8057.19 8214.95 1.99 3.38 144.28 1619.41

homfam hormone_rec 3509 5 188.562 308 21.5 27.5 49.3 0.4 0.0 1755.0991 0:29:15 15205.12 105322.86 14772.84 14888.91 1.99 4.12 158.67 2786.12

homfam rhv 17976 6 143.424 938 33.1 11.6 19.5 0.0 0.0 12322.9051 3:25:22 15219.06 105754.91 14807.09 14983.46 1.99 15.76 153.07 18871.93

homfam tgfb 1606 8 95.4645 118 43.8 83.5 84.6 39.3 46.5 641.9880 0:10:41 15257.98 105371.60 14832.14 14948.16 1.99 1.91 119.66 769.65

homfam cryst 1160 7 80.8078 192 44.4 91.9 91.7 71.3 74.3 761.4719 0:12:41 15283.95 105420.49 14854.80 14981.97 1.99 1.58 111.46 849.98

homfam cyclo 6288 6 159.069 203 44.1 88.8 90.3 72.0 77.2 1887.3341 0:31:27 15209.30 105327.30 15200.61 15227.07 1.99 7.88 146.73 2776.90

homfam kunitz 2266 10 53.752 64 37.9 98.2 98.2 91.7 91.1 584.9531 0:09:44 15203.19 105322.66 14788.13 14904.67 1.99 1.92 102.26 599.43

homfam Rhodanese 14049 6 102.277 216 22.7 17.8 24.0 2.1 0.2 2136.6105 0:35:36 10817.82 100855.06 10222.93 10338.98 0.00 0.02 146.72 16.40

homfam sodcu 2038 7 141.322 169 42.2 90.0 90.2 74.1 78.9 909.6101 0:15:09 14234.66 104297.00 13689.45 13808.42 1.99 2.39 136.47 1242.99

homfam profilin 687 5 123.371 144 39.7 92.9 92.9 82.8 84.2 623.1616 0:10:23 8422.94 98800.43 8046.52 8198.85 0.00 0.02 112.47 6.02

homfam glob 3983 41 100.684 174 31.7 78.2 89.2 55.9 60.0 897.7039 0:14:57 8596.68 98928.08 8295.03 8462.15 1.99 4.96 129.01 1159.56

homfam tim 3904 10 205.645 260 47.5 98.2 98.0 93.1 96.0 1863.2277 0:31:03 9276.69 104540.12 8946.85 9004.51 1.99 5.05 150.37 2802.50

homfam uce 4558 13 134.701 184 34.0 91.9 90.6 56.6 64.2 979.9884 0:16:19 13713.27 103773.94 13191.88 13311.33 1.99 4.49 136.89 1342.84

homfam toxin 508 20 62.311 78 43.1 87.9 86.3 48.1 54.7 409.8817 0:06:49 15254.94 105370.40 14831.42 14959.29 0.00 0.02 103.24 4.57

homfam rub 1435 5 46.1575 54 62.1 98.4 98.4 92.6 93.5 468.4699 0:07:48 15251.19 105371.56 14806.04 14933.99 1.99 1.30 89.31 420.06

homfam hom 12037 8 53.4951 98 35.3 88.5 93.0 47.8 57.9 870.4124 0:14:30 12081.78 102544.36 11547.23 11697.19 1.99 7.01 129.16 1126.32

homfam biotin_lipoyl 11833 7 71.8928 112 28.9 94.3 94.3 75.3 80.4 1045.6386 0:17:25 11259.48 101377.99 10720.54 10836.26 0.00 0.02 130.83 8.60

homfam cys 4316 13 198.11 284 40.5 93.5 93.1 67.2 77.7 1709.5432 0:28:29 15250.54 105209.36 14827.52 15040.35 1.99 5.65 155.79 2664.61

homfam ghf11 521 5 167.758 202 49.5 94.7 94.5 85.9 87.1 874.1696 0:14:34 15206.69 105321.40 14773.85 14901.54 0.00 0.02 114.28 7.91

homfam blmb 17200 6 192.465 344 20.6 27.6 43.1 0.0 0.0 3650.8935 1:00:50 10629.81 101425.21 10279.95 10409.69 1.98 19.27 155.03 5661.28

homfam aadh 3127 8 225.129 542 38.2 52.6 56.3 32.4 35.5 2153.4125 0:35:53 15322.67 105373.82 14741.25 14857.48 1.99 4.21 153.82 3314.05

homfam DEATH 1183 7 80.5689 159 19.6 61.0 66.4 0.0 0.0 611.2046 0:10:11 14332.68 104445.45 13788.18 13904.27 1.99 1.38 123.83 758.52

homfam Sulfotransfer 2489 5 235.798 381 26.2 27.0 51.7 3.0 1.1 2117.7814 0:35:17 9235.40 99425.99 8735.34 8865.30 1.99 4.06 153.25 3246.91

homfam serpin 3144 8 291.462 418 34.3 96.1 95.3 83.7 89.5 2676.3147 0:44:36 14185.66 104247.26 13667.27 13817.14 1.99 4.82 164.22 4396.39

homfam proteasome 5732 17 174.347 309 21.7 40.7 71.1 1.0 0.3 1533.7375 0:25:33 11583.45 101698.66 11067.36 11194.27 1.99 11.00 142.13 2181.40

homfam zf-CCHH 88345 15 23.2513 39 35.5 97.1 96.5 88.6 93.0 2160.6870 0:36:00 9342.89 99380.59 8839.40 8968.50 0.00 0.02 110.75 15.85

homfam egf 7774 12 32.0765 71 31.1 52.3 58.6 0.0 0.0 602.6782 0:10:02 15223.98 105352.46 15201.82 15228.48 1.98 4.96 116.68 704.62

homfam annexin 3139 6 65.1902 323 57.2 67.0 73.0 1.6 1.1 1351.6924 0:22:31 12883.57 102920.65 12362.85 12515.95 1.99 4.20 155.08 2097.92

homfam OTCace 4795 5 157.005 350 37.3 65.3 68.5 49.9 47.5 1634.3960 0:27:14 15210.86 105325.02 15228.88 15255.48 1.99 5.27 144.37 2361.12

homfam rnasemam 498 6 120.072 141 42.2 90.4 88.1 62.7 73.8 559.7616 0:09:19 8339.50 98511.72 7882.46 8031.08 1.99 1.01 100.64 564.79

homfam adh 21331 5 123.64 375 63.9 57.9 64.2 29.1 29.3 2903.4632 0:48:23 15119.11 105632.23 14559.67 14675.95 1.98 18.51 151.85 4410.39

homfam il8 1073 11 63.7623 81 34.5 90.7 90.2 66.2 75.3 524.0654 0:08:44 15206.93 105321.50 14775.49 14928.94 1.99 1.17 99.53 523.19

homfam hr 3707 5 65.1513 82 53.3 100.0 100.0 100.0 100.0 759.2658 0:12:39 12119.96 102221.38 11565.08 11714.97 1.99 2.81 117.35 892.48

homfam ChtBD 774 5 38.2713 45 59.3 99.3 99.0 95.3 97.1 375.2401 0:06:15 12888.54 102853.71 12356.97 12525.09 1.99 0.98 98.38 370.42

homfam gluts 10099 14 98.1117 235 39.4 40.2 42.5 18.5 20.6 2218.2144 0:36:58 12491.14 102577.38 11920.40 12036.21 1.98 8.15 154.94 3438.69

homfam ghf5 2717 6 260.466 470 17.8 31.6 46.8 0.0 0.0 3166.3301 0:52:46 15204.43 105323.70 14737.66 14865.41 0.00 0.02 163.97 21.88

homfam ghf13 12607 10 264.452 626 26.8 26.6 40.4 0.3 0.1 4581.5513 1:16:21 12194.79 103100.02 11675.80 11791.62 0.00 0.02 157.47 30.83

homfam PDZ 14950 6 80.8907 110 30.6 82.0 83.6 67.7 69.7 1413.9224 0:23:33 14373.79 104433.32 13777.88 13927.57 1.98 17.50 140.53 1988.44

homfam az 1086 29 100.416 215 33.4 70.4 72.0 2.7 0.3 623.3594 0:10:23 15203.08 105321.49 14769.32 14885.79 0.00 0.02 123.52 5.62

homfam hla 13465 5 153.148 178 76.5 100.0 100.0 100.0 100.0 1934.2410 0:32:14 10032.34 100680.62 10018.67 10045.07 1.99 13.71 136.08 2633.76

homfam slectin 932 5 133.052 142 33.3 94.0 94.2 85.4 88.9 926.7240 0:15:26 14550.30 104594.43 14037.58 14157.02 1.99 1.77 128.98 1196.56

homfam GEL 2195 5 78.1157 150 23.7 36.8 59.6 0.7 0.1 880.6187 0:14:40 8503.05 98618.13 7883.22 8044.09 1.99 2.21 115.94 1022.83

homfam kringle 1091 9 75.9138 100 43.3 96.6 95.2 82.0 86.0 524.3363 0:08:44 11049.45 101310.01 10454.08 10600.03 1.99 1.29 111.60 586.54

homfam p450 21013 12 331.506 512 20.8 57.8 66.2 2.4 0.2 15432.2098 4:17:12 14825.96 105729.37 14322.30 14451.53 1.98 32.47 162.88 25142.37

homfam gpdh 7691 8 129.082 360 55.1 58.1 65.3 41.9 42.3 2008.3318 0:33:28 14151.95 104251.26 13520.41 13670.10 1.99 8.15 150.28 3019.67

homfam int 7572 5 168.037 219 22.5 83.7 84.1 60.4 65.1 2234.6046 0:37:14 14503.50 105044.03 13969.79 14085.70 1.98 16.41 146.39 3272.60

homfam KAS 2070 6 174.528 404 31.7 51.8 56.7 43.2 43.4 1436.3949 0:23:56 9108.09 99140.19 9079.22 9161.70 1.99 2.55 152.22 2187.87

homfam trfl 837 7 242.315 702 61.9 93.4 94.2 86.4 85.1 2565.0085 0:42:45 12943.09 103460.20 12386.19 12501.84 1.99 2.68 164.61 4223.84

homfam TNF 556 5 119.903 176 32.0 36.6 72.5 1.9 0.2 564.4773 0:09:24 8331.27 98644.66 7888.16 8018.27 1.99 1.27 111.21 629.13

homfam scorptoxin 363 8 53.2562 74 46.3 89.7 88.8 71.2 78.1 425.7233 0:07:05 15320.25 105395.39 14762.93 14913.66 1.99 1.03 79.71 340.81

homfam aldosered 13277 7 268.547 386 41.6 90.0 93.1 71.1 78.4 5585.1859 1:33:05 11030.74 104688.19 10544.62 10725.01 37.98 18.84 158.38 8859.57

homfam rrm 27610 20 67.4587 157 22.9 72.9 76.8 3.6 0.0 1710.1421 0:28:30 15224.82 105346.64 14815.35 14965.04 25.98 19.45 132.72 2271.20

