homfam ricin 747 7 198.708 281 37.5 91.9 92.3 77.3 85.4 554.2333 0:09:14 8017.91 102920.39 7593.46 7802.31 1.99 1.38 145.78 814.51
homfam ghf10 1502 5 220.34 364 43.3 93.0 93.0 80.5 85.7 937.9966 0:15:37 8014.00 102805.96 7527.34 7644.48 1.99 2.71 160.75 1511.11
homfam seatoxin 93 5 43.6344 54 42.6 67.4 64.8 8.2 9.3 173.7845 0:02:53 7989.96 99913.07 7572.28 7689.57 1.99 0.95 122.59 214.55
homfam mofe 2567 6 353.074 609 30.0 82.8 83.5 63.0 70.8 3045.5477 0:50:45 7977.80 103230.07 7592.47 7709.39 1.99 4.52 162.54 4957.60
homfam cyt3 385 6 92.3065 130 40.3 80.9 80.5 59.3 67.7 200.5465 0:03:20 7975.05 99913.12 7632.18 7772.37 1.99 1.05 126.74 255.61
homfam ins 793 6 65.2825 74 44.9 88.5 93.5 62.3 82.4 343.3297 0:05:43 8000.79 102920.89 7543.34 7752.23 1.99 1.12 129.65 453.98
homfam Ald_Xan_dh_2 2589 6 109.304 885 31.8 83.6 83.7 64.7 72.5 1956.4868 0:32:36 7978.20 102938.93 7592.14 7709.40 5.99 3.45 163.24 3196.67
homfam tms 2118 5 264.245 357 45.9 95.8 95.6 84.9 90.7 1226.0770 0:20:26 8013.31 103246.04 7558.33 7767.17 1.99 3.27 158.17 1943.99
homfam phc 2957 12 98.4711 179 37.2 93.7 93.8 70.4 72.0 457.4011 0:07:37 8012.99 102920.72 7527.70 7736.92 1.99 2.85 139.03 643.01
homfam cytb 3206 6 82.1454 100 35.6 88.5 88.5 69.6 77.3 698.0933 0:11:38 8011.03 102488.63 7700.75 7841.08 1.99 2.68 145.35 1024.12
homfam mmp 1427 6 157.93 180 55.1 95.3 95.9 87.0 92.1 756.3337 0:12:36 7942.65 98856.54 7494.09 7703.43 1.99 1.95 151.73 1156.21
homfam phoslip 946 18 113.33 137 48.9 94.9 94.7 71.3 81.0 270.2422 0:04:30 7986.18 101992.25 7528.82 7645.79 1.99 1.64 130.99 356.78
homfam HLH 6781 5 53.5453 92 28.1 88.9 94.0 65.5 77.1 522.0497 0:08:42 7965.98 101958.12 7547.04 7686.72 1.99 6.12 159.68 837.84
homfam myb_DNA-binding 10398 5 46.5583 61 40.7 95.2 94.1 80.4 86.0 341.5182 0:05:41 8005.28 101960.41 7553.24 7762.59 1.98 5.91 128.55 445.76
homfam msb 4884 8 106.037 158 26.6 85.8 87.1 64.8 78.0 466.2018 0:07:46 7982.14 99910.01 7524.85 7733.74 1.98 4.45 117.80 552.54
homfam ghf1 4358 8 403.813 562 38.4 93.9 93.6 76.7 85.0 3835.3876 1:03:55 8013.85 103278.73 7525.38 7662.68 1.99 7.84 160.62 6162.66
homfam rvp 93681 6 94.2886 132 36.6 82.8 82.6 55.9 62.9 1248.9689 0:20:48 8328.55 103776.10 7825.64 8059.11 1.99 58.42 133.80 1672.63
homfam lyase_1 7632 5 295.082 511 30.9 83.4 83.5 65.6 70.6 2456.8537 0:40:56 7950.76 97781.09 7495.98 7705.33 1.99 10.65 152.14 3740.39
homfam ldh 7367 14 121.378 371 31.9 89.7 89.3 61.4 73.0 836.5012 0:13:56 7956.29 102992.90 7708.28 7848.61 1.99 7.37 153.72 1287.00
homfam subt 7517 11 301.598 414 39.5 81.6 82.4 32.4 44.5 7964.2766 2:12:44 7872.86 99764.35 7771.42 7794.18 1.92 12.70 174.94 13939.35
homfam sodfe 4455 8 77.4471 219 42.3 91.6 90.4 65.1 69.8 574.5761 0:09:34 7992.16 102699.32 7681.48 7821.95 1.99 4.45 140.87 811.00
homfam LIM 6428 5 57.0143 86 52.8 97.3 97.3 86.6 94.2 264.1133 0:04:24 8008.77 99913.14 7938.88 7967.84 1.99 3.81 131.07 347.57
homfam blm 9105 8 300.727 274 39.1 80.2 81.4 56.9 59.2 3953.3721 1:05:53 7950.96 103130.25 7492.86 7610.18 1.98 13.36 160.87 6365.58
homfam DMRL_synthase 2099 5 140.59 182 33.2 92.5 90.0 72.8 81.2 394.8639 0:06:34 7983.30 102921.92 7630.99 7771.46 1.99 2.35 123.66 489.79
homfam tRNA-synt_2b 11293 5 177.564 467 18.7 51.8 50.2 23.5 32.4 2540.4955 0:42:20 7991.33 102948.39 7741.18 7812.42 1.99 11.91 167.84 4271.74
homfam Stap_Strp_toxin 640 6 87.3922 254 32.5 83.7 83.0 52.7 58.5 435.2630 0:07:15 8017.05 102919.75 7522.70 7639.95 1.99 1.30 141.89 619.13
homfam Acetyltransf 46285 6 82.9897 229 24.1 58.9 58.8 32.3 43.1 3076.5011 0:51:16 7959.19 103259.72 7703.55 7732.53 1.96 33.69 177.90 5482.33
homfam ghf22 760 12 107.567 131 51.4 94.7 94.9 83.8 87.2 228.1433 0:03:48 8001.43 99910.41 7545.17 7754.52 1.99 1.12 114.24 261.63
homfam sdr 50157 13 163.253 361 23.3 76.0 76.0 35.0 45.8 3105.5083 0:51:45 8364.00 103284.25 8078.10 8166.88 1.97 55.21 154.93 4804.72
homfam ltn 1068 12 204.148 282 49.9 93.9 94.1 69.6 78.8 648.8660 0:10:48 7948.28 99909.57 7492.85 7701.82 1.99 1.80 147.97 961.52
homfam hpr 3349 5 83.0427 89 44.4 99.3 99.3 97.7 98.5 295.8434 0:04:55 7962.45 103145.22 7664.61 7759.54 1.99 2.93 135.47 402.26
homfam bowman 499 5 26.1443 73 64.9 94.5 94.5 82.9 84.9 166.0345 0:02:46 7977.55 102923.66 7521.09 7638.20 1.99 1.04 95.06 159.35
homfam hip 167 5 66.2096 88 33.4 86.7 85.7 65.5 75.1 190.4844 0:03:10 7989.00 97838.05 7696.82 7837.15 1.99 0.68 110.76 212.03
homfam HMG_box 4779 5 66.0716 89 24.8 97.3 96.2 85.2 93.9 288.6507 0:04:48 7946.02 99912.14 7490.16 7626.54 1.99 3.52 121.14 351.15
homfam icd 5678 5 328.887 433 41.7 93.8 94.0 84.8 87.9 2625.8376 0:43:45 8077.29 103182.82 7579.59 7685.40 1.99 8.21 155.76 4096.97
homfam peroxidase 4514 5 256.626 383 37.3 83.4 83.6 61.6 64.5 2712.5768 0:45:12 7993.65 103183.87 7536.55 7745.44 1.99 8.32 171.17 4650.41
homfam asp 3262 13 284.142 381 37.5 91.5 91.7 74.1 81.9 1928.3700 0:32:08 7979.72 103188.92 7661.57 7801.93 1.99 5.36 158.59 3064.29
homfam flav 4612 6 138.021 183 35.0 86.2 86.7 62.3 64.1 797.1418 0:13:17 8012.30 99912.14 7562.48 7771.27 1.99 4.23 156.12 1253.74
homfam cah 1379 5 212.706 279 38.7 88.6 89.3 68.3 76.1 661.3500 0:11:01 7973.53 101958.77 7663.18 7803.51 1.99 2.09 152.62 1016.08
homfam ace 3989 6 427.824 601 37.3 87.4 88.1 69.9 75.8 4215.9034 1:10:15 8059.88 102990.35 7555.98 7674.09 1.98 8.66 160.42 6770.54
homfam sti 613 5 165.383 198 36.4 90.8 90.5 76.1 83.8 286.2504 0:04:46 7991.17 100304.51 7541.70 7750.71 1.99 1.11 122.47 352.04
homfam aat 25100 10 337.807 476 28.6 84.0 85.0 52.1 58.6 5994.7839 1:39:54 8698.29 103117.70 8194.52 8359.18 1.98 36.06 153.61 9211.47
homfam oxidored_q6 3348 5 123.044 285 56.7 92.1 92.6 85.3 87.2 791.9198 0:13:11 7983.71 99911.32 7527.00 7667.16 1.99 3.66 157.12 1251.82
homfam hormone_rec 3509 5 188.562 308 21.5 73.7 74.8 47.7 61.2 1043.4476 0:17:23 8010.10 103057.50 7692.06 7832.31 1.99 3.81 155.15 1624.62
homfam rhv 17976 6 143.424 938 33.1 60.1 63.0 32.6 39.2 10823.8939 3:00:23 7989.12 102926.02 7531.18 7740.42 1.99 15.38 166.99 18081.28
homfam tgfb 1606 8 95.4645 118 43.8 84.3 88.5 38.5 47.4 286.0099 0:04:46 7986.06 99909.69 7662.24 7755.68 1.99 1.87 125.42 360.21
homfam cryst 1160 7 80.8078 192 44.4 91.6 91.4 70.7 73.0 298.4198 0:04:58 7988.98 102922.30 7540.89 7681.01 1.99 1.56 138.13 413.36
homfam cyclo 6288 6 159.069 203 44.1 87.6 89.2 74.6 78.3 1248.8717 0:20:48 8004.93 103185.76 7547.17 7755.97 1.99 7.29 163.04 2042.78
homfam kunitz 2266 10 53.752 64 37.9 98.2 98.2 91.7 91.1 221.1458 0:03:41 8029.80 102938.68 7574.91 7715.04 1.99 2.18 115.38 256.68
homfam Rhodanese 14049 6 102.277 216 22.7 75.6 80.4 56.8 60.8 1165.1470 0:19:25 8007.76 101960.53 7552.11 7669.42 1.98 11.54 158.62 1854.65
homfam sodcu 2038 7 141.322 169 42.2 88.3 89.1 68.7 77.0 423.5496 0:07:03 7976.03 101958.76 7663.55 7804.01 1.99 2.39 118.55 509.17
homfam profilin 687 5 123.371 144 39.7 94.4 94.4 86.7 87.6 273.7489 0:04:33 8014.63 102921.30 7700.50 7840.94 1.99 1.19 130.80 367.32
homfam glob 3983 41 100.684 174 31.7 95.6 95.4 62.4 69.7 425.4816 0:07:05 8004.63 99913.14 7562.04 7667.79 1.99 3.75 142.96 616.17
homfam tim 3904 10 205.645 260 47.5 97.1 97.4 89.6 93.9 1237.3439 0:20:37 7946.23 103203.24 7560.01 7769.16 1.99 5.04 154.86 1920.43
homfam uce 4558 13 134.701 184 34.0 90.7 89.7 57.2 65.7 545.0852 0:09:05 8006.39 103133.93 7576.56 7693.79 1.99 4.65 132.78 731.80
homfam toxin 508 20 62.311 78 43.1 93.1 91.3 62.3 70.9 175.9564 0:02:55 7945.29 99909.41 7556.44 7767.43 1.99 1.14 118.47 210.07
homfam rub 1435 5 46.1575 54 62.1 98.4 98.4 92.6 93.5 193.2096 0:03:13 7991.21 101959.52 7557.46 7697.58 1.99 1.58 106.61 207.55
homfam hom 12037 8 53.4951 98 35.3 95.8 95.6 71.0 86.9 385.1886 0:06:25 7958.51 101958.63 7502.55 7608.36 1.99 6.98 127.64 496.75
homfam biotin_lipoyl 11833 7 71.8928 112 28.9 94.1 92.5 75.3 81.0 387.0804 0:06:27 8030.24 103118.24 7686.26 7826.58 1.99 7.76 137.28 532.41
homfam cys 4316 13 198.11 284 40.5 95.2 94.6 73.5 82.9 960.4625 0:16:00 7998.56 103245.21 7546.70 7663.90 1.99 6.16 154.14 1487.72
homfam ghf11 521 5 167.758 202 49.5 93.0 92.8 84.9 86.3 400.8440 0:06:40 7978.66 99913.13 7525.48 7734.36 1.99 1.19 140.37 564.15
homfam blmb 17200 6 192.465 344 20.6 71.7 75.1 44.0 55.7 3732.7174 1:02:12 7976.77 102996.19 7656.38 7797.81 1.98 18.72 172.82 6459.35
homfam aadh 3127 8 225.129 542 38.2 85.6 89.1 50.6 56.9 1647.2454 0:27:27 7977.31 103183.00 7665.42 7805.77 1.99 4.23 162.66 2679.06
homfam DEATH 1183 7 80.5689 159 19.6 80.8 81.3 53.2 66.0 262.3825 0:04:22 7978.88 102929.27 7655.56 7796.00 1.99 1.45 136.09 359.85
homfam Sulfotransfer 2489 5 235.798 381 26.2 75.3 76.0 48.3 57.0 1947.7907 0:32:27 7978.54 103258.49 7520.50 7729.71 1.99 3.87 165.06 3223.53
homfam serpin 3144 8 291.462 418 34.3 95.4 94.7 81.9 88.7 2221.5054 0:37:01 7996.17 103125.06 7678.16 7818.38 1.99 6.50 160.96 3583.10
homfam proteasome 5732 17 174.347 309 21.7 84.6 82.3 41.0 61.3 857.5966 0:14:17 7948.59 102927.38 7497.87 7707.10 1.99 5.68 148.49 1281.81
homfam zf-CCHH 88345 15 23.2513 39 35.5 96.0 95.5 77.1 85.3 753.3146 0:12:33 7983.31 103199.19 7526.96 7666.69 1.95 42.39 120.59 909.64
homfam egf 7774 12 32.0765 71 31.1 78.4 81.8 33.8 36.8 290.5617 0:04:50 7994.62 103246.25 7700.48 7840.76 1.98 5.89 134.56 392.45
homfam annexin 3139 6 65.1902 323 57.2 99.6 99.8 99.4 99.4 703.5860 0:11:43 7974.58 102938.66 7728.53 7868.90 1.99 2.36 142.48 1003.93
homfam OTCace 4795 5 157.005 350 37.3 96.1 96.5 88.4 91.5 811.9246 0:13:31 8050.35 103118.89 7561.03 7770.36 1.99 5.05 153.87 1255.93
homfam rnasemam 498 6 120.072 141 42.2 93.8 91.0 72.4 83.9 221.8134 0:03:41 7993.47 102921.34 7538.75 7678.60 1.99 1.26 115.25 257.15
homfam adh 21331 5 123.64 375 63.9 98.2 98.5 96.3 96.6 1718.7600 0:28:38 8038.86 103248.97 7638.11 7754.23 1.98 18.34 151.76 2614.33
homfam il8 1073 11 63.7623 81 34.5 91.9 91.2 62.3 72.1 206.0917 0:03:26 7992.38 97823.47 7544.76 7753.67 1.99 1.10 125.54 260.23
homfam hr 3707 5 65.1513 82 53.3 99.1 99.1 94.9 99.1 318.0228 0:05:18 7943.25 99915.80 7559.20 7768.44 1.99 2.49 112.21 358.34
homfam ChtBD 774 5 38.2713 45 59.3 99.3 99.0 95.3 97.1 167.9628 0:02:47 7991.24 102925.35 7670.88 7811.35 1.99 2.88 93.31 158.33
homfam gluts 10099 14 98.1117 235 39.4 88.9 89.0 64.8 68.4 1579.0075 0:26:19 8026.96 102930.25 7568.83 7686.08 1.98 12.58 164.11 2592.39
homfam ghf5 2717 6 260.466 470 17.8 71.1 70.3 39.3 55.6 2060.2066 0:34:20 8015.69 103185.82 7663.35 7734.56 1.99 6.49 166.30 3432.07
homfam ghf13 12607 10 264.452 626 26.8 65.5 65.9 28.5 38.7 5013.6636 1:23:33 7961.73 99838.22 7459.62 7638.87 0.62 0.76 168.03 8432.71
homfam PDZ 14950 6 80.8907 110 30.6 88.8 88.6 75.8 78.9 697.3962 0:11:37 7956.66 102921.88 7522.43 7639.55 1.98 11.12 156.38 1093.76
homfam az 1086 29 100.416 215 33.4 75.4 75.3 39.1 44.0 300.3897 0:05:00 7989.93 102937.64 7759.83 7900.16 1.99 1.38 120.63 368.58
homfam hla 13465 5 153.148 178 76.5 100.0 100.0 100.0 100.0 749.2479 0:12:29 7958.71 102985.18 7599.31 7711.71 1.99 13.45 139.40 1050.94
homfam slectin 932 5 133.052 142 33.3 93.9 94.3 85.4 89.5 562.7374 0:09:22 7990.80 98715.84 7588.67 7728.79 1.99 2.13 133.83 760.73
homfam GEL 2195 5 78.1157 150 23.7 68.1 68.0 38.4 54.8 336.4124 0:05:36 7995.98 102932.54 7546.40 7686.22 1.99 2.24 137.73 471.68
homfam kringle 1091 9 75.9138 100 43.3 92.9 91.8 74.2 80.1 217.7961 0:03:37 7995.15 102934.59 7537.30 7701.06 1.99 1.53 120.82 264.63
homfam p450 21013 12 331.506 512 20.8 75.7 75.2 40.3 49.7 5587.1323 1:33:07 9074.86 103227.63 8572.32 8806.96 1.98 32.80 156.26 8729.09
homfam gpdh 7691 8 129.082 360 55.1 94.7 94.8 83.8 86.0 971.4661 0:16:11 7996.44 101959.76 7564.20 7681.32 1.99 8.08 141.33 1381.60
homfam int 7572 5 168.037 219 22.5 89.0 89.4 71.8 79.2 1416.3329 0:23:36 7949.44 103218.42 7493.34 7599.02 1.98 8.47 161.97 2301.17
homfam KAS 2070 6 174.528 404 31.7 87.7 87.4 70.0 74.9 799.0772 0:13:19 8049.32 99912.12 7940.21 7969.21 1.99 2.57 140.04 1120.28
homfam trfl 837 7 242.315 702 61.9 92.7 94.2 86.0 83.2 1459.8417 0:24:19 7991.42 102919.50 7698.86 7839.26 1.99 1.56 159.91 2335.88
homfam TNF 556 5 119.903 176 32.0 80.8 81.4 66.2 71.9 234.2530 0:03:54 7994.85 99909.46 7749.04 7889.13 1.99 1.01 129.88 305.76
homfam scorptoxin 363 8 53.2562 74 46.3 90.6 89.9 74.0 80.3 163.9888 0:02:43 7940.32 102918.49 7492.69 7609.95 1.99 1.05 93.52 154.78
homfam aldosered 13277 7 268.547 386 41.6 86.1 89.8 67.1 74.1 3506.2877 0:58:26 7986.48 99557.79 7646.16 7785.82 0.01 0.45 159.38 5597.29
homfam rrm 27610 20 67.4587 157 22.9 84.5 84.3 20.7 30.6 539.6431 0:08:59 8014.87 99914.16 7567.05 7707.11 1.97 17.79 134.90 732.10
