homfam ricin 747 7 198.708 281 37.5 92.8 93.2 79.1 86.7 863.7219 0:14:23 8318.26 100288.71 7813.86 7943.56 1.99 1.33 129.70 1130.54

homfam ghf10 1502 5 220.34 364 43.3 92.7 92.6 80.8 85.7 1704.2835 0:28:24 8854.91 100707.52 8351.20 8522.24 1.99 2.60 156.02 2666.82

homfam seatoxin 93 5 43.6344 54 42.6 80.3 80.0 46.9 47.7 297.7559 0:04:57 8008.84 98033.83 7688.65 7727.53 1.99 0.87 108.10 323.43

homfam mofe 2567 6 353.074 609 30.0 84.1 87.2 67.5 73.9 3239.7271 0:53:59 10042.36 101699.43 9982.99 10009.62 1.99 4.11 164.43 5335.57

homfam cyt3 385 6 92.3065 130 40.3 81.1 80.8 58.5 66.1 451.4732 0:07:31 7876.71 99869.46 7546.25 7686.06 1.99 0.91 90.26 411.08

homfam ins 793 6 65.2825 74 44.9 84.5 89.6 60.9 81.6 743.5320 0:12:23 8060.05 99843.50 7546.22 7663.23 1.99 1.77 121.84 904.78

homfam Ald_Xan_dh_2 2589 6 109.304 885 31.8 83.2 83.3 63.5 71.7 3942.2105 1:05:42 8036.54 99416.32 7670.91 7781.67 37.99 2.93 168.09 6640.00

homfam tms 2118 5 264.245 357 45.9 95.3 95.3 84.6 90.1 2058.2213 0:34:18 9185.90 100857.77 8681.95 8800.44 1.99 5.79 156.36 3223.49

homfam phc 2957 12 98.4711 179 37.2 84.8 86.2 57.0 63.2 920.5907 0:15:20 8240.52 99975.07 7826.46 7968.96 1.99 2.72 122.83 1134.85

homfam cytb 3206 6 82.1454 100 35.6 85.4 85.2 59.8 67.2 1356.4691 0:22:36 8099.44 100032.91 7571.62 7711.80 125.99 2.67 145.33 1982.90

homfam mmp 1427 6 157.93 180 55.1 96.0 96.8 87.0 92.1 1363.8362 0:22:43 8414.22 100182.38 7962.70 8080.49 1.99 2.21 140.30 1922.77

homfam phoslip 946 18 113.33 137 48.9 94.9 94.8 75.0 84.8 575.7419 0:09:35 8009.90 98189.63 7549.64 7682.42 1.99 1.83 98.01 565.70

homfam HLH 6781 5 53.5453 92 28.1 87.4 92.5 65.5 77.1 997.8081 0:16:37 8171.60 100109.06 8086.35 8112.99 0.00 0.02 135.20 6.33

homfam myb_DNA-binding 10398 5 46.5583 61 40.7 96.8 95.6 83.9 90.0 827.6026 0:13:47 8458.18 99847.82 7954.12 8099.84 1.98 6.25 113.98 950.69

homfam msb 4884 8 106.037 158 26.6 87.7 89.4 60.7 74.1 836.9562 0:13:56 8154.67 100037.66 7615.46 7800.88 1.98 4.66 119.28 1003.86

homfam ghf1 4358 8 403.813 562 38.4 91.4 91.9 71.2 79.4 5286.8070 1:28:06 10964.44 102378.45 10460.37 10578.09 29.99 8.20 163.28 8643.11

homfam rvp 93681 6 94.2886 132 36.6 84.4 84.8 55.0 60.3 2577.0206 0:42:57 10337.22 100431.97 9793.45 9914.97 5.99 58.93 142.23 3673.26

homfam lyase_1 7632 5 295.082 511 30.9 83.5 83.7 65.6 70.3 3187.7942 0:53:07 9810.32 100803.79 9308.07 9542.44 5.99 10.88 161.22 5144.89

homfam ldh 7367 14 121.378 371 31.9 90.9 90.2 60.5 72.4 1709.7510 0:28:29 8564.05 99783.37 8060.40 8190.03 1.99 7.41 155.33 2661.04

homfam subt 7517 11 301.598 414 39.5 75.9 81.3 28.1 36.2 9772.4107 2:42:52 9930.14 101710.25 9426.37 9605.65 1.98 44.36 176.57 17256.49

homfam sodfe 4455 8 77.4471 219 42.3 90.5 89.7 65.1 68.9 1094.8677 0:18:14 8260.46 98313.64 8155.39 8182.03 1.99 3.61 139.71 1531.79

homfam LIM 6428 5 57.0143 86 52.8 97.3 97.3 86.6 94.2 713.6015 0:11:53 8072.63 99911.50 7651.96 7827.90 1.99 3.97 116.83 835.25

homfam blm 9105 8 300.727 274 39.1 82.2 90.1 61.8 64.2 6931.0769 1:55:31 10412.80 101960.31 10047.59 10158.18 46.04 13.15 172.66 11979.53

homfam DMRL_synthase 2099 5 140.59 182 33.2 93.1 90.2 74.6 83.3 889.6416 0:14:49 8176.35 98400.18 7672.45 7801.69 109.99 2.53 111.14 991.58

homfam tRNA-synt_2b 11293 5 177.564 467 18.7 55.8 56.0 29.9 42.2 3359.5668 0:55:59 8940.53 100653.73 8439.19 8557.05 1.98 24.07 173.27 5820.49

homfam Stap_Strp_toxin 640 6 87.3922 254 32.5 84.0 83.6 51.9 58.6 697.6177 0:11:37 8003.71 97972.12 7538.72 7723.52 1.99 0.99 128.62 898.76

homfam Acetyltransf 46285 6 82.9897 229 24.1 66.2 66.4 35.4 45.5 5024.6141 1:23:44 9945.59 101637.01 9410.47 9528.18 13.96 33.99 176.46 8874.20

homfam ghf22 760 12 107.567 131 51.4 94.1 94.3 80.8 84.1 521.8032 0:08:41 8016.04 98249.17 7498.66 7638.49 1.99 1.38 92.55 484.38

homfam sdr 50157 13 163.253 361 23.3 78.1 76.9 34.4 45.4 4488.1143 1:14:48 10696.01 102299.26 10192.02 10427.19 1.96 55.70 155.08 6959.37

homfam ltn 1068 12 204.148 282 49.9 94.1 94.3 70.0 78.8 1336.9534 0:22:16 8905.56 99981.61 8402.70 8582.24 13.99 1.81 138.65 1867.42

homfam hpr 3349 5 83.0427 89 44.4 99.3 99.3 97.7 98.5 624.9150 0:10:24 7955.60 98100.62 7497.16 7602.88 1.99 3.41 116.20 727.58

homfam bowman 499 5 26.1443 73 64.9 94.5 94.5 82.9 84.9 280.5645 0:04:40 7971.86 97918.06 7514.45 7669.15 1.99 0.73 100.27 282.83

homfam hip 167 5 66.2096 88 33.4 82.9 82.2 57.1 67.8 350.1727 0:05:50 7890.47 98031.28 7436.71 7593.62 0.00 0.02 99.57 3.67

homfam HMG_box 4779 5 66.0716 89 24.8 97.3 96.2 85.2 93.9 593.7950 0:09:53 8053.09 98131.29 7511.16 7629.35 1.99 4.35 121.62 723.63

homfam icd 5678 5 328.887 433 41.7 94.7 95.0 85.1 88.4 3910.8579 1:05:10 9984.62 101656.48 9530.54 9682.85 5.99 8.77 159.43 6246.55

homfam peroxidase 4514 5 256.626 383 37.3 84.1 84.2 58.2 63.1 3609.3952 1:00:09 9283.09 101028.75 8779.22 8908.71 1.99 13.97 172.23 6216.51

homfam asp 3262 13 284.142 381 37.5 91.4 91.7 76.5 82.6 2756.0973 0:45:56 9564.84 101299.39 9543.47 9570.10 1.99 5.44 162.48 4486.50

homfam flav 4612 6 138.021 183 35.0 84.6 85.1 61.1 63.8 1434.8013 0:23:54 8233.02 100139.58 8173.38 8200.00 1.99 4.51 136.33 1964.69

homfam cah 1379 5 212.706 279 38.7 91.7 92.3 75.3 82.6 1397.7252 0:23:17 8759.10 98894.78 8255.05 8434.94 165.99 2.43 142.62 2002.92

homfam ace 3989 6 427.824 601 37.3 87.1 88.5 65.4 73.0 7201.2104 2:00:01 11419.50 103131.95 11263.12 11289.54 1.98 8.89 170.06 12245.33

homfam sti 613 5 165.383 198 36.4 88.9 88.4 70.1 76.8 495.6186 0:08:15 8486.66 99913.53 7929.14 8099.62 1.99 1.17 124.91 620.59

homfam aat 25100 10 337.807 476 28.6 72.4 73.4 38.4 43.8 8409.7396 2:20:09 11728.52 103310.44 11325.10 11448.82 1.98 36.36 166.82 14027.29

homfam oxidored_q6 3348 5 123.044 285 56.7 94.3 94.2 88.7 90.0 1424.3604 0:23:44 8645.75 100112.48 8141.98 8271.72 0.00 0.02 146.49 8.71

homfam hormone_rec 3509 5 188.562 308 21.5 75.7 77.7 49.8 63.5 1765.4157 0:29:25 8655.29 100422.89 8132.22 8250.43 1.99 3.83 153.07 2709.06

homfam rhv 17976 6 143.424 938 33.1 36.4 48.2 0.4 0.0 12640.9284 3:30:40 9083.12 101024.32 8580.01 8708.94 17.99 15.49 162.88 20599.02

homfam tgfb 1606 8 95.4645 118 43.8 82.2 84.9 30.8 38.5 570.3986 0:09:30 8077.81 99426.53 7578.20 7684.16 1.99 1.91 113.41 654.40

homfam cryst 1160 7 80.8078 192 44.4 93.7 93.5 75.7 78.7 550.1501 0:09:10 7989.95 98285.65 7559.79 7689.42 1.99 1.29 123.09 678.81

homfam cyclo 6288 6 159.069 203 44.1 87.4 87.9 70.9 76.5 2127.2467 0:35:27 8542.28 100332.35 8039.69 8156.99 1.99 7.62 160.55 3423.20

homfam kunitz 2266 10 53.752 64 37.9 98.9 98.9 95.0 94.7 523.9479 0:08:43 7979.16 98019.77 7519.25 7636.35 1.99 2.11 95.50 501.78

homfam Rhodanese 14049 6 102.277 216 22.7 75.8 80.8 58.3 62.5 2143.2960 0:35:43 9256.78 101050.21 8769.79 8925.84 1.98 11.65 153.89 3309.34

homfam sodcu 2038 7 141.322 169 42.2 91.6 91.4 77.7 82.4 879.9052 0:14:39 8270.92 99456.16 7763.59 7913.36 0.00 0.02 136.68 8.22

homfam profilin 687 5 123.371 144 39.7 93.8 93.8 85.9 86.8 564.2001 0:09:24 8018.59 98249.72 7653.23 7794.96 1.99 1.40 109.02 616.62

homfam glob 3983 41 100.684 174 31.7 95.9 95.5 70.6 72.6 842.4670 0:14:02 8087.03 99992.32 7588.59 7796.63 1.99 3.78 125.13 1062.18

homfam tim 3904 10 205.645 260 47.5 97.2 97.3 89.2 92.3 1783.3214 0:29:43 8861.25 103249.70 8359.41 8574.91 1.99 5.20 156.31 2787.69

homfam uce 4558 13 134.701 184 34.0 89.4 90.7 64.5 71.8 1386.6264 0:23:06 8378.99 100138.96 7809.74 7964.69 1.99 7.85 158.16 2194.81

homfam toxin 508 20 62.311 78 43.1 94.0 92.1 63.6 71.6 391.2030 0:06:31 7963.59 98001.88 7466.07 7676.71 1.99 0.83 87.02 341.85

homfam rub 1435 5 46.1575 54 62.1 97.6 97.6 88.9 90.2 430.2707 0:07:10 8089.10 98246.98 7586.06 7716.25 1.99 1.53 86.91 375.45

homfam hom 12037 8 53.4951 98 35.3 94.1 94.0 65.2 81.1 767.5590 0:12:47 8405.86 98455.58 7902.41 8021.34 1.99 6.87 116.94 898.99

homfam biotin_lipoyl 11833 7 71.8928 112 28.9 96.1 96.3 83.5 84.2 852.6793 0:14:12 8088.84 98285.93 7560.34 7734.46 1.99 8.29 125.96 1075.41

homfam cys 4316 13 198.11 284 40.5 94.2 93.7 69.0 79.0 1671.7944 0:27:51 9126.12 100874.05 8759.96 8843.51 1.99 6.29 159.17 2667.61

homfam ghf11 521 5 167.758 202 49.5 96.5 96.2 90.1 91.1 625.8037 0:10:25 8255.24 98273.23 7799.52 7970.00 1.99 1.39 133.13 834.57

homfam blmb 17200 6 192.465 344 20.6 65.9 71.1 39.3 50.7 8979.2899 2:29:39 9638.57 101202.62 9245.97 9272.67 13.98 59.34 184.25 16527.65

homfam aadh 3127 8 225.129 542 38.2 85.2 87.6 49.7 55.9 2036.0789 0:33:56 9105.48 100644.71 8602.16 8720.54 1.99 4.58 155.77 3178.86

homfam DEATH 1183 7 80.5689 159 19.6 72.8 74.4 43.5 44.4 604.8351 0:10:04 7937.24 98195.89 7547.16 7757.33 1.99 1.38 100.48 609.37

homfam Sulfotransfer 2489 5 235.798 381 26.2 67.0 79.1 41.6 48.6 3116.3551 0:51:56 9140.29 100766.35 8636.54 8754.65 1.99 4.18 171.99 5368.87

homfam serpin 3144 8 291.462 418 34.3 95.9 95.1 83.7 90.1 2664.6879 0:44:24 10133.08 101654.11 9629.15 9781.72 1.99 4.87 161.15 4298.88

homfam proteasome 5732 17 174.347 309 21.7 84.6 83.3 37.2 55.7 1434.4916 0:23:54 8760.96 99900.61 8256.89 8428.73 1.99 5.78 152.20 2190.01

homfam zf-CCHH 88345 15 23.2513 39 35.5 97.1 96.5 88.6 93.0 1479.8092 0:24:39 8606.64 98730.61 8102.59 8235.93 581.96 42.23 122.68 1817.95

homfam egf 7774 12 32.0765 71 31.1 79.4 79.5 30.9 36.7 613.4152 0:10:13 8224.46 98367.45 7720.98 7870.02 1.98 4.45 99.76 613.32

homfam annexin 3139 6 65.1902 323 57.2 100.0 100.0 100.0 100.0 1495.3608 0:24:55 8286.29 98321.39 7797.75 8032.38 1.99 2.67 152.44 2281.23

homfam OTCace 4795 5 157.005 350 37.3 95.5 95.7 85.8 89.0 1481.4143 0:24:41 8342.20 99806.23 7876.82 8006.36 1.99 4.94 153.99 2283.31

homfam rnasemam 498 6 120.072 141 42.2 91.1 88.3 64.9 76.5 427.6334 0:07:07 8000.27 98259.38 7541.72 7658.99 1.99 1.18 102.73 440.63

homfam adh 21331 5 123.64 375 63.9 98.4 98.5 95.2 95.6 3620.3975 1:00:20 8971.93 100541.58 8495.57 8711.49 1.98 18.30 170.39 6178.72

homfam il8 1073 11 63.7623 81 34.5 90.5 90.2 67.5 76.9 435.5630 0:07:15 7880.26 97961.89 7448.77 7567.25 1.99 1.30 101.47 443.45

homfam hr 3707 5 65.1513 82 53.3 99.1 99.1 94.9 99.1 725.9273 0:12:05 7986.20 99481.96 7550.10 7689.71 5.99 2.88 111.62 817.45

homfam ChtBD 774 5 38.2713 45 59.3 99.3 99.0 95.3 97.1 298.3670 0:04:58 8078.43 98008.97 7713.29 7815.09 1.99 0.95 102.56 307.52

homfam gluts 10099 14 98.1117 235 39.4 86.4 88.5 60.1 64.0 2660.3555 0:44:20 8945.45 100262.93 8441.81 8564.07 1.98 8.20 165.34 4410.14

homfam ghf5 2717 6 260.466 470 17.8 67.6 68.3 37.3 52.0 3145.2254 0:52:25 9128.77 100707.20 8743.14 8890.21 1.99 4.14 164.56 5186.60

homfam ghf13 12607 10 264.452 626 26.8 65.3 65.3 29.2 38.5 7769.0362 2:09:29 10455.49 102036.60 9951.32 10081.09 1.99 15.91 177.20 13775.34

homfam PDZ 14950 6 80.8907 110 30.6 88.6 88.3 74.7 77.7 1354.3322 0:22:34 8518.98 100294.76 8127.26 8229.84 1.98 11.07 145.97 1987.37

homfam az 1086 29 100.416 215 33.4 78.4 78.5 43.5 48.5 593.8273 0:09:53 7995.28 99298.12 7466.26 7619.59 1.99 1.73 107.48 643.05

homfam hla 13465 5 153.148 178 76.5 100.0 100.0 100.0 100.0 1477.0908 0:24:37 9054.97 99153.61 8552.60 8732.04 1.99 13.78 142.68 2109.00

homfam slectin 932 5 133.052 142 33.3 95.1 95.0 87.6 91.3 846.9275 0:14:06 8153.89 100018.26 7782.57 7893.98 1.99 1.62 121.07 1035.23

homfam GEL 2195 5 78.1157 150 23.7 68.0 69.7 40.4 56.9 697.4505 0:11:37 7969.93 99433.00 7509.89 7626.70 1.99 2.29 118.22 834.45

homfam kringle 1091 9 75.9138 100 43.3 95.1 94.5 83.1 87.3 424.0591 0:07:04 8004.36 98098.42 7544.77 7661.73 1.99 1.52 107.76 458.52

homfam p450 21013 12 331.506 512 20.8 78.4 78.4 37.7 46.3 12128.9622 3:22:08 12617.60 103884.80 12113.29 12242.80 5.98 93.77 166.47 20193.28

homfam gpdh 7691 8 129.082 360 55.1 95.9 95.8 87.7 90.5 1859.5239 0:30:59 8618.17 103233.25 8253.50 8324.62 1.99 13.27 157.36 2927.81

homfam int 7572 5 168.037 219 22.5 89.6 90.4 72.3 79.3 2537.2334 0:42:17 8765.63 100489.35 8263.16 8414.87 1.98 8.39 159.72 4059.67

homfam KAS 2070 6 174.528 404 31.7 87.9 87.6 71.2 76.6 1153.5060 0:19:13 8739.76 98849.78 8246.51 8329.94 1.99 2.92 141.42 1632.74

homfam trfl 837 7 242.315 702 61.9 95.0 95.9 88.2 88.8 2048.1180 0:34:08 9111.26 99069.04 8668.61 8839.56 1.99 2.48 161.24 3304.13

homfam TNF 556 5 119.903 176 32.0 84.3 83.4 68.8 72.9 486.7906 0:08:06 8049.92 98340.75 7533.25 7658.48 1.99 0.98 102.86 502.25

homfam scorptoxin 363 8 53.2562 74 46.3 89.0 88.1 69.9 77.7 309.3168 0:05:09 8220.20 98216.87 7717.77 7866.39 1.99 0.98 91.98 285.97

homfam aldosered 13277 7 268.547 386 41.6 87.4 90.3 68.9 76.4 4768.4116 1:19:28 10105.29 101723.37 9600.87 9730.25 0.00 0.02 165.48 40.02

homfam rrm 27610 20 67.4587 157 22.9 85.0 83.4 21.6 31.7 1359.0260 0:22:39 8598.64 99813.71 8233.00 8343.29 1.98 17.88 128.12 1747.95

