homfam ricin 747 7 198.708 281 37.5 90.6 91.1 76.2 83.2 545.9172 0:09:05 7945.87 98830.00 7489.62 7630.55 1.99 1.37 143.32 788.98
homfam ghf10 1502 5 220.34 364 43.3 91.3 92.1 78.6 84.4 1160.5019 0:19:20 7979.32 99913.52 7529.14 7669.44 1.99 2.43 163.31 1905.22
homfam seatoxin 93 5 43.6344 54 42.6 66.7 64.1 8.2 9.3 178.6253 0:02:58 7993.79 102922.14 7544.75 7661.66 1.99 0.95 118.12 212.64
homfam mofe 2567 6 353.074 609 30.0 85.2 85.9 65.1 73.7 3243.0256 0:54:03 7821.25 99306.98 7427.33 7624.77 17.99 4.18 159.01 5166.47
homfam cyt3 385 6 92.3065 130 40.3 79.0 79.7 58.5 67.4 197.4685 0:03:17 7944.78 99912.11 7556.99 7720.33 1.99 1.16 104.88 208.91
homfam ins 793 6 65.2825 74 44.9 92.4 92.0 65.2 87.8 365.5483 0:06:05 7946.64 99913.06 7558.54 7675.77 1.99 1.07 149.31 555.97
homfam Ald_Xan_dh_2 2589 6 109.304 885 31.8 83.3 83.5 63.5 72.0 2071.4277 0:34:31 7987.52 102989.43 7493.27 7610.55 1.99 2.70 164.83 3422.14
homfam tms 2118 5 264.245 357 45.9 96.3 96.2 87.0 91.2 1320.1304 0:22:00 7995.36 103251.31 7539.41 7702.35 1.99 3.39 155.63 2063.32
homfam phc 2957 12 98.4711 179 37.2 90.9 92.3 67.6 75.0 504.5137 0:08:24 8028.02 102921.28 7574.64 7680.55 1.99 2.87 136.48 695.49
homfam cytb 3206 6 82.1454 100 35.6 90.8 91.1 72.8 81.0 700.6133 0:11:40 7954.62 102930.77 7632.40 7774.52 1.99 2.98 156.47 1103.43
homfam mmp 1427 6 157.93 180 55.1 96.8 96.8 88.8 94.0 707.3069 0:11:47 7992.02 98912.61 7542.87 7753.34 1.99 2.30 156.95 1118.78
homfam phoslip 946 18 113.33 137 48.9 95.7 95.5 76.5 86.1 277.9443 0:04:37 8025.57 102988.75 7544.32 7661.45 1.99 1.33 127.49 358.90
homfam HLH 6781 5 53.5453 92 28.1 89.2 94.2 65.5 77.1 566.7204 0:09:26 8002.65 102936.68 7563.93 7712.50 1.99 4.26 138.18 792.48
homfam myb_DNA-binding 10398 5 46.5583 61 40.7 95.2 94.1 80.4 86.0 366.0094 0:06:06 7999.56 102989.99 7543.75 7752.90 1.98 5.94 126.68 469.35
homfam msb 4884 8 106.037 158 26.6 85.6 88.3 62.1 76.5 627.1492 0:10:27 7894.19 98351.02 7422.30 7528.16 1.98 7.39 94.50 593.66
homfam ghf1 4358 8 403.813 562 38.4 91.4 91.7 72.4 80.7 3320.4098 0:55:20 8083.83 103066.17 7700.14 7841.19 1.99 7.86 155.53 5168.07
homfam rvp 93681 6 94.2886 132 36.6 83.7 83.1 55.9 62.9 1396.2341 0:23:16 8359.29 99813.48 7855.20 7973.97 105.98 58.69 121.58 1707.02
homfam lyase_1 7632 5 295.082 511 30.9 81.7 81.7 63.4 68.3 2160.8241 0:36:00 7978.97 103208.77 7523.35 7628.82 1.99 18.07 152.07 3286.44
homfam ldh 7367 14 121.378 371 31.9 89.8 89.4 61.4 73.0 893.8540 0:14:53 7950.29 103285.88 7493.39 7633.10 1.99 7.36 148.12 1330.23
homfam subt 7517 11 301.598 414 39.5 80.4 81.5 34.9 48.3 7370.5227 2:02:50 7988.24 103002.32 7527.91 7633.60 1.98 12.13 171.39 12639.04
homfam sodfe 4455 8 77.4471 219 42.3 91.6 90.4 65.6 69.4 567.3254 0:09:27 7978.59 103028.06 7495.55 7635.44 1.99 3.70 142.52 813.65
homfam LIM 6428 5 57.0143 86 52.8 97.9 97.9 87.8 95.8 320.3969 0:05:20 8025.07 102921.29 7546.70 7755.59 0.00 0.02 133.27 5.66
homfam blm 9105 8 300.727 274 39.1 72.7 76.5 42.3 44.0 3905.1293 1:05:05 8002.93 103514.54 7547.21 7686.98 1.98 13.34 163.75 6394.63
homfam DMRL_synthase 2099 5 140.59 182 33.2 92.5 90.0 72.8 81.2 389.3249 0:06:29 7993.38 100507.18 7607.56 7770.48 1.99 2.32 120.85 475.40
homfam tRNA-synt_2b 11293 5 177.564 467 18.7 51.1 49.8 22.4 31.5 2161.2766 0:36:01 8019.70 103074.16 7699.42 7770.69 1.99 24.19 168.29 3637.58
homfam Stap_Strp_toxin 640 6 87.3922 254 32.5 80.7 80.2 47.3 53.9 421.2726 0:07:01 7989.03 99909.46 7541.81 7647.37 1.99 1.00 146.97 620.65
homfam Acetyltransf 46285 6 82.9897 229 24.1 68.7 66.2 37.6 46.3 3021.8427 0:50:21 8047.32 103221.62 7614.85 7720.67 1.97 33.79 177.77 5375.62
homfam ghf22 760 12 107.567 131 51.4 94.1 94.2 81.5 85.2 234.1939 0:03:54 7991.46 99913.19 7531.73 7695.19 1.99 1.45 131.22 308.75
homfam sdr 50157 13 163.253 361 23.3 76.7 77.9 35.6 46.4 2652.3180 0:44:12 8306.63 103048.66 8237.69 8258.46 1.98 54.96 152.79 4060.31
homfam ltn 1068 12 204.148 282 49.9 93.8 94.0 71.1 80.3 633.4364 0:10:33 8026.95 103181.15 7636.96 7800.12 1.99 1.84 152.34 971.70
homfam hpr 3349 5 83.0427 89 44.4 99.3 99.3 97.7 98.5 303.5756 0:05:03 8041.54 102983.63 7557.53 7698.56 1.99 2.60 132.87 404.92
homfam bowman 499 5 26.1443 73 64.9 93.3 93.3 80.0 80.2 164.5450 0:02:44 8006.79 99912.14 7548.64 7654.45 1.99 1.07 96.35 160.11
homfam hip 167 5 66.2096 88 33.4 85.8 85.0 60.7 72.4 187.4308 0:03:07 7945.27 102922.25 7556.19 7766.04 1.99 0.70 112.82 213.00
homfam HMG_box 4779 5 66.0716 89 24.8 97.3 96.2 85.2 93.9 285.4860 0:04:45 7991.37 101958.93 7560.81 7701.28 1.99 3.35 126.24 361.96
homfam icd 5678 5 328.887 433 41.7 94.8 95.0 85.7 88.6 2997.6153 0:49:57 8031.30 103756.84 7571.10 7711.21 1.99 10.08 161.86 4857.08
homfam peroxidase 4514 5 256.626 383 37.3 80.6 81.7 53.0 57.7 2430.3825 0:40:30 8044.79 103206.21 7683.72 7824.11 1.99 8.22 171.50 4177.35
homfam asp 3262 13 284.142 381 37.5 91.4 91.8 73.5 81.0 1955.2820 0:32:35 8027.11 103036.60 7570.59 7710.66 1.99 11.29 162.05 3168.64
homfam flav 4612 6 138.021 183 35.0 87.7 88.0 64.6 66.2 732.8117 0:12:12 8013.41 102185.36 7557.39 7766.46 1.99 4.24 146.86 1085.47
homfam cah 1379 5 212.706 279 38.7 88.3 88.5 67.2 74.6 712.5859 0:11:52 8011.11 99910.63 7552.91 7658.77 1.99 2.05 149.57 1066.77
homfam ace 3989 6 427.824 601 37.3 87.1 87.7 69.6 75.9 4461.7417 1:14:21 8048.26 103248.10 7544.06 7674.03 1.98 16.77 162.31 7241.35
homfam sti 613 5 165.383 198 36.4 89.3 88.8 71.7 78.5 276.4911 0:04:36 7992.64 102919.65 7542.20 7647.96 1.99 1.11 126.93 352.46
homfam aat 25100 10 337.807 476 28.6 85.7 86.0 59.4 65.3 5763.5307 1:36:03 8736.03 100503.72 8296.32 8407.80 9.98 36.05 153.31 8844.39
homfam oxidored_q6 3348 5 123.044 285 56.7 91.3 92.8 84.2 85.5 726.7428 0:12:06 7937.57 101957.97 7559.25 7769.20 1.99 5.12 156.24 1136.09
homfam hormone_rec 3509 5 188.562 308 21.5 72.4 73.5 44.5 56.7 1083.2913 0:18:03 7996.07 103242.63 7537.54 7746.69 1.99 3.79 152.86 1665.22
homfam rhv 17976 6 143.424 938 33.1 59.4 65.0 30.3 37.8 10444.6114 2:54:04 8006.86 99912.16 7549.45 7654.93 9.99 15.71 166.98 17444.44
homfam tgfb 1606 8 95.4645 118 43.8 82.5 86.5 34.2 41.1 281.3108 0:04:41 7999.30 100808.73 7565.19 7670.88 1.99 1.57 123.25 347.78
homfam cryst 1160 7 80.8078 192 44.4 91.4 91.5 70.2 72.6 304.4144 0:05:04 7977.95 101958.57 7589.61 7729.48 1.99 1.29 135.07 412.76
homfam cyclo 6288 6 159.069 203 44.1 87.2 88.3 71.4 76.5 1318.6081 0:21:58 7976.10 103193.41 7561.16 7678.24 1.99 7.25 163.34 2162.71
homfam kunitz 2266 10 53.752 64 37.9 98.2 98.2 91.7 91.1 221.6639 0:03:41 8005.64 102938.69 7523.80 7733.57 1.99 1.85 116.10 258.34
homfam Rhodanese 14049 6 102.277 216 22.7 75.0 81.4 57.3 59.9 1199.3334 0:19:59 7981.59 102926.39 7642.66 7783.03 1.98 11.26 161.86 1948.10
homfam sodcu 2038 7 141.322 169 42.2 91.4 92.1 79.5 83.2 357.6510 0:05:57 8017.51 103168.71 7524.91 7687.81 1.99 2.44 139.35 501.75
homfam profilin 687 5 123.371 144 39.7 95.0 95.0 87.5 88.5 279.4719 0:04:39 7942.98 99910.50 7495.62 7601.21 1.99 1.52 126.49 361.69
homfam glob 3983 41 100.684 174 31.7 93.1 93.5 58.2 64.7 405.8846 0:06:45 8042.68 103120.72 7683.52 7823.80 1.99 3.50 136.55 563.82
homfam tim 3904 10 205.645 260 47.5 97.8 98.0 91.5 94.6 1147.2174 0:19:07 7998.62 103181.03 7547.25 7756.25 1.99 5.09 146.88 1692.24
homfam uce 4558 13 134.701 184 34.0 90.7 90.5 57.2 65.7 575.0613 0:09:35 8008.54 98990.53 7702.12 7842.43 1.99 4.20 128.56 748.47
homfam toxin 508 20 62.311 78 43.1 93.4 92.1 64.9 73.5 182.7136 0:03:02 8035.94 99910.36 7608.71 7749.61 1.99 0.87 109.51 201.21
homfam rub 1435 5 46.1575 54 62.1 99.2 99.2 96.3 96.7 197.4189 0:03:17 7946.25 99911.15 7493.68 7619.20 1.99 1.63 104.18 206.82
homfam hom 12037 8 53.4951 98 35.3 95.8 95.6 71.0 86.9 378.6885 0:06:18 8073.43 103216.89 7724.34 7864.68 1.99 6.52 126.70 481.21
homfam biotin_lipoyl 11833 7 71.8928 112 28.9 94.6 93.0 75.3 81.0 377.8462 0:06:17 8041.30 99913.68 7693.76 7834.15 1.99 7.84 114.61 434.52
homfam cys 4316 13 198.11 284 40.5 94.6 94.1 71.3 82.1 1145.4718 0:19:05 7981.46 103142.43 7523.95 7732.86 1.99 5.88 149.74 1715.04
homfam ghf11 521 5 167.758 202 49.5 94.1 93.9 85.4 86.5 389.6821 0:06:29 7977.83 101957.56 7556.95 7662.81 1.99 1.22 144.77 565.67
homfam blmb 17200 6 192.465 344 20.6 70.3 74.9 43.6 54.3 3821.4371 1:03:41 8039.73 102994.30 7584.39 7701.42 1.98 47.88 179.18 6847.41
homfam aadh 3127 8 225.129 542 38.2 85.6 88.7 51.2 56.8 1578.8817 0:26:18 8008.02 103247.63 7526.59 7735.38 1.99 4.30 162.12 2559.58
homfam DEATH 1183 7 80.5689 159 19.6 84.5 84.6 61.3 68.3 267.0785 0:04:27 7977.69 101994.26 7557.46 7697.62 1.99 1.34 134.92 361.81
homfam Sulfotransfer 2489 5 235.798 381 26.2 76.9 77.5 50.0 59.6 1893.0395 0:31:33 7833.36 99016.36 7398.66 7504.49 1.99 4.26 147.41 2797.56
homfam serpin 3144 8 291.462 418 34.3 95.6 95.0 83.4 89.1 1966.9775 0:32:46 7977.33 103257.92 7657.41 7799.21 1.99 4.78 155.50 3068.23
homfam proteasome 5732 17 174.347 309 21.7 84.9 83.5 44.5 66.5 857.2295 0:14:17 8025.80 103099.80 7529.08 7737.71 2.20 5.69 140.67 1216.19
homfam zf-CCHH 88345 15 23.2513 39 35.5 96.0 95.5 77.1 85.3 749.3632 0:12:29 8043.25 99913.01 7618.02 7735.01 1.95 42.25 115.66 868.15
homfam egf 7774 12 32.0765 71 31.1 80.1 83.7 36.8 41.9 267.3592 0:04:27 8016.25 101959.07 7562.84 7726.11 1.98 4.47 120.11 326.62
homfam annexin 3139 6 65.1902 323 57.2 99.6 99.8 99.4 99.4 549.9321 0:09:09 7995.64 102938.68 8001.65 8028.78 1.99 2.63 150.94 831.59
homfam OTCace 4795 5 157.005 350 37.3 96.2 97.0 89.3 91.8 807.6676 0:13:27 8040.91 103246.37 7696.62 7836.90 1.99 4.98 155.22 1256.08
homfam rnasemam 498 6 120.072 141 42.2 92.9 89.7 69.4 80.4 218.5645 0:03:38 7992.52 102922.33 7540.23 7646.08 1.99 1.25 117.61 258.52
homfam adh 21331 5 123.64 375 63.9 98.2 98.4 95.5 95.8 1523.5863 0:25:23 7994.66 103167.83 7576.61 7693.72 1.98 18.65 150.52 2301.31
homfam il8 1073 11 63.7623 81 34.5 93.2 92.3 63.6 73.6 201.9566 0:03:21 7976.81 102921.63 7518.82 7659.12 1.99 1.14 127.72 258.87
homfam hr 3707 5 65.1513 82 53.3 99.1 99.1 94.9 99.1 316.2132 0:05:16 8039.05 102920.20 7544.09 7661.10 1.99 2.55 111.66 354.50
homfam ChtBD 774 5 38.2713 45 59.3 99.3 99.0 95.3 97.1 169.9478 0:02:49 8039.33 102920.62 7542.21 7659.35 1.99 1.41 121.08 207.21
homfam gluts 10099 14 98.1117 235 39.4 89.5 89.5 62.2 65.5 1610.0522 0:26:50 8003.52 103135.04 7500.33 7709.60 1.98 7.90 166.97 2696.55
homfam ghf5 2717 6 260.466 470 17.8 67.4 68.8 37.3 52.2 1794.0621 0:29:54 8037.39 103188.16 7557.69 7766.46 1.99 4.27 161.07 2898.47
homfam ghf13 12607 10 264.452 626 26.8 60.6 62.4 28.5 39.0 4792.3121 1:19:52 8104.99 103128.39 7601.03 7835.14 1.99 16.28 176.07 8440.45
homfam PDZ 14950 6 80.8907 110 30.6 88.7 88.9 75.8 78.9 704.2033 0:11:44 8003.33 99913.70 7617.66 7757.44 1.98 11.07 149.39 1053.02
homfam az 1086 29 100.416 215 33.4 76.6 76.6 40.8 44.2 292.8197 0:04:52 7992.85 99909.59 7564.25 7681.38 1.99 1.38 135.06 397.38
homfam hla 13465 5 153.148 178 76.5 100.0 100.0 100.0 100.0 691.4376 0:11:31 8027.32 101961.04 7591.25 7708.35 1.99 13.58 124.86 870.17
homfam slectin 932 5 133.052 142 33.3 94.0 94.3 85.4 89.5 499.3817 0:08:19 8013.40 103055.46 7557.33 7697.28 1.99 1.36 138.51 697.00
homfam GEL 2195 5 78.1157 150 23.7 68.1 69.9 38.4 54.8 318.4594 0:05:18 8036.21 99912.13 7540.45 7657.48 1.99 1.93 128.12 412.54
homfam kringle 1091 9 75.9138 100 43.3 92.9 91.8 76.4 80.9 217.9743 0:03:37 7994.08 99913.23 7535.79 7698.97 1.99 1.52 118.62 260.08
homfam p450 21013 12 331.506 512 20.8 64.0 74.7 3.4 0.2 5796.0396 1:36:36 9382.71 100828.29 8879.88 9113.32 116.00 0.43 153.56 8902.23
homfam gpdh 7691 8 129.082 360 55.1 96.4 96.3 88.8 91.4 960.1905 0:16:00 8017.11 103777.41 7667.39 7807.72 1.99 7.75 158.03 1521.22
homfam int 7572 5 168.037 219 22.5 87.9 89.5 69.8 77.2 1324.2850 0:22:04 7955.63 99912.92 7504.33 7609.73 1.98 8.44 161.82 2151.05
homfam KAS 2070 6 174.528 404 31.7 78.3 81.3 55.2 63.4 760.5603 0:12:40 8002.58 103066.09 7545.07 7707.95 1.99 2.52 142.86 1088.11
homfam trfl 837 7 242.315 702 61.9 92.1 93.4 85.6 84.7 1404.7412 0:23:24 7991.59 102917.86 7541.71 7647.35 1.99 1.86 158.23 2224.22
homfam TNF 556 5 119.903 176 32.0 85.5 84.7 70.1 75.0 236.6651 0:03:56 7993.97 99913.11 7536.85 7676.54 1.99 1.02 128.82 306.26
homfam scorptoxin 363 8 53.2562 74 46.3 92.8 91.6 78.1 85.5 148.1650 0:02:28 8026.73 99908.79 7568.39 7708.56 1.99 0.75 112.55 168.30
homfam aldosered 13277 7 268.547 386 41.6 86.0 88.7 66.5 73.3 3295.5371 0:54:55 7955.01 103183.54 7496.75 7637.66 1.98 18.68 161.54 5323.77
homfam rrm 27610 20 67.4587 157 22.9 85.5 84.8 22.5 30.7 586.4471 0:09:46 8000.66 97827.84 7542.61 7659.85 1.98 18.29 133.96 787.05
