homfam ricin 747 7 198.708 281 37.5 90.5 90.6 77.7 84.4 796.7859 0:13:16 8281.71 99730.64 7806.50 7972.77 1.99 1.67 128.07 1025.40
homfam ghf10 1502 5 220.34 364 43.3 93.5 93.4 80.2 85.7 1564.3705 0:26:04 8320.50 100010.00 7843.61 7964.15 1.99 2.77 154.27 2418.26
homfam seatoxin 93 5 43.6344 54 42.6 71.3 70.8 20.4 21.3 263.5826 0:04:23 7327.99 97104.83 6962.23 7128.92 1.99 0.95 111.27 294.75
homfam mofe 2567 6 353.074 609 30.0 85.1 86.2 66.0 74.6 2654.7937 0:44:14 9463.89 101056.80 9097.28 9180.89 1.99 4.41 164.10 4355.47
homfam cyt3 385 6 92.3065 130 40.3 74.5 75.2 53.4 60.2 394.7972 0:06:34 7841.99 98992.86 7365.41 7504.47 1.99 0.90 89.88 359.21
homfam ins 793 6 65.2825 74 44.9 88.1 87.5 59.4 85.3 621.4312 0:10:21 7744.29 99263.75 7379.45 7481.22 1.99 1.07 117.82 741.01
homfam Ald_Xan_dh_2 2589 6 109.304 885 31.8 83.5 83.6 64.3 72.5 3615.2716 1:00:15 7996.03 99276.62 7520.38 7723.72 1.99 2.62 164.90 5971.76
homfam tms 2118 5 264.245 357 45.9 95.4 95.5 84.6 90.2 1922.8176 0:32:02 8668.53 100174.23 8180.56 8319.29 1.99 3.27 148.91 2872.37
homfam phc 2957 12 98.4711 179 37.2 84.6 88.1 50.8 55.0 1189.1825 0:19:49 7740.56 99365.88 7270.19 7394.03 1.99 3.01 159.00 1896.31
homfam cytb 3206 6 82.1454 100 35.6 87.8 88.4 68.5 77.2 1114.8623 0:18:34 8011.82 99506.18 7533.64 7657.52 77.99 2.76 144.58 1622.16
homfam mmp 1427 6 157.93 180 55.1 96.1 97.0 87.6 92.7 1241.9754 0:20:41 8090.05 99879.30 7613.95 7725.12 9.99 1.97 142.42 1779.61
homfam phoslip 946 18 113.33 137 48.9 93.9 93.7 72.1 81.8 431.3430 0:07:11 7807.63 97495.91 7442.21 7584.25 1.99 1.54 109.54 474.00
homfam HLH 6781 5 53.5453 92 28.1 89.7 93.8 69.0 77.5 921.4777 0:15:21 7793.75 99344.74 7317.86 7456.62 1.99 4.31 122.26 1133.11
homfam myb_DNA-binding 10398 5 46.5583 61 40.7 95.6 94.5 80.4 87.4 688.6433 0:11:28 7995.65 97708.92 7519.63 7658.70 1.98 6.36 120.02 828.98
homfam msb 4884 8 106.037 158 26.6 83.7 87.0 55.9 69.4 823.8292 0:13:43 8255.11 99382.02 7778.89 7917.64 1.98 7.34 123.52 1018.12
homfam ghf1 4358 8 403.813 562 38.4 91.9 92.2 72.2 80.3 4790.8770 1:19:50 10173.63 101790.68 10113.55 10139.72 21.99 8.33 165.38 7926.11
homfam rvp 93681 6 94.2886 132 36.6 80.8 81.7 51.4 57.8 1744.4613 0:29:04 9707.96 101109.66 9342.76 9452.93 1.99 58.60 129.75 2273.86
homfam lyase_1 7632 5 295.082 511 30.9 83.1 83.0 65.8 69.7 3195.9549 0:53:15 9315.55 100205.86 8840.02 9061.02 1.99 10.41 162.85 5213.42
homfam ldh 7367 14 121.378 371 31.9 89.9 89.3 61.4 72.7 1835.7661 0:30:35 8105.89 97811.70 7740.62 7835.50 1.99 11.20 151.71 2786.27
homfam subt 7517 11 301.598 414 39.5 72.9 77.9 24.5 31.5 9161.4292 2:32:41 9271.91 100879.86 8906.54 9016.79 1.98 12.80 177.96 16312.97
homfam sodfe 4455 8 77.4471 219 42.3 90.3 89.5 65.1 68.9 855.3499 0:14:15 7876.61 97626.21 7400.62 7520.98 1.99 3.54 126.10 1080.12
homfam LIM 6428 5 57.0143 86 52.8 97.3 97.3 86.6 94.2 536.2162 0:08:56 7905.68 97628.01 7539.79 7643.03 1.99 3.87 113.36 609.27
homfam blm 9105 8 300.727 274 39.1 78.8 87.4 59.9 62.3 5570.9951 1:32:50 9507.37 101193.63 9399.98 9426.17 1.98 13.30 172.54 9620.39
homfam DMRL_synthase 2099 5 140.59 182 33.2 93.4 90.5 74.6 83.3 689.0301 0:11:29 7844.03 97579.55 7455.91 7566.82 5.99 3.19 127.34 878.87
homfam tRNA-synt_2b 11293 5 177.564 467 18.7 54.8 53.1 28.5 40.1 3179.8593 0:52:59 8590.66 100096.37 8115.31 8235.25 2.12 12.04 169.21 5388.14
homfam Stap_Strp_toxin 640 6 87.3922 254 32.5 85.0 84.2 58.0 65.1 642.9911 0:10:42 7941.86 97641.00 7576.50 7672.86 1.99 1.24 116.53 750.67
homfam Acetyltransf 46285 6 82.9897 229 24.1 63.8 62.9 34.9 44.7 3897.1930 1:04:57 8887.18 100287.96 8523.20 8633.08 48.00 0.46 177.46 6923.52
homfam ghf22 760 12 107.567 131 51.4 93.4 93.6 80.0 83.6 362.5690 0:06:02 7766.11 102921.40 7260.73 7418.01 1.99 1.14 115.24 419.20
homfam sdr 50157 13 163.253 361 23.3 78.3 77.4 32.5 44.3 3689.2757 1:01:29 9568.07 101018.34 9203.34 9313.54 1.96 55.83 159.43 5884.24
homfam ltn 1068 12 204.148 282 49.9 93.4 93.9 70.0 79.1 1116.5622 0:18:36 8289.55 98024.35 7821.24 7951.96 1.99 1.85 144.38 1619.75
homfam hpr 3349 5 83.0427 89 44.4 99.3 99.3 97.7 98.5 523.2542 0:08:43 7944.99 97673.73 7580.34 7746.72 1.99 2.86 114.72 601.55
homfam bowman 499 5 26.1443 73 64.9 93.9 93.9 82.9 84.9 318.5069 0:05:18 7578.89 97402.24 7213.29 7296.84 0.00 0.02 85.81 3.71
homfam hip 167 5 66.2096 88 33.4 87.2 86.1 66.7 75.2 368.6880 0:06:08 7699.39 97437.20 7333.86 7417.44 1.99 0.63 85.53 316.84
homfam HMG_box 4779 5 66.0716 89 24.8 97.3 96.2 85.2 93.9 457.3115 0:07:37 7918.49 97673.00 7859.77 7886.21 1.99 3.49 124.87 572.55
homfam icd 5678 5 328.887 433 41.7 93.3 94.1 83.5 87.1 3465.6681 0:57:45 9510.18 101014.31 9144.69 9228.00 1.99 8.46 163.47 5665.58
homfam peroxidase 4514 5 256.626 383 37.3 76.5 77.7 49.3 52.6 3624.7470 1:00:24 8933.84 100428.94 8629.82 8758.57 1.99 6.42 174.25 6325.48
homfam asp 3262 13 284.142 381 37.5 92.1 92.3 75.9 80.1 2654.4634 0:44:14 9358.88 100778.85 8882.45 9021.22 1.99 5.65 157.68 4187.15
homfam flav 4612 6 138.021 183 35.0 85.1 85.5 65.1 67.0 1221.1904 0:20:21 8268.40 99652.62 7791.92 7930.76 1.99 4.50 137.49 1685.26
homfam cah 1379 5 212.706 279 38.7 91.6 92.2 75.6 83.0 1343.1147 0:22:23 8603.68 99760.86 8127.79 8266.32 241.99 2.14 144.56 1946.82
homfam ace 3989 6 427.824 601 37.3 83.4 84.7 61.6 68.6 6880.9445 1:54:40 10586.20 102165.12 10109.77 10248.19 1.98 8.54 169.45 11668.80
homfam sti 613 5 165.383 198 36.4 88.3 88.2 69.6 76.4 524.0848 0:08:44 7919.52 97749.89 7505.56 7608.61 1.99 1.13 99.06 520.57
homfam aat 25100 10 337.807 476 28.6 72.0 73.2 29.3 34.8 7486.6160 2:04:46 10432.56 102045.54 10067.11 10177.93 1.98 36.91 169.29 12685.04
homfam oxidored_q6 3348 5 123.044 285 56.7 93.5 93.6 87.2 88.5 1202.0461 0:20:02 7938.55 99410.57 7573.90 7657.33 1.99 3.17 146.28 1759.31
homfam hormone_rec 3509 5 188.562 308 21.5 72.1 74.6 45.9 58.5 1525.5885 0:25:25 8453.16 99929.32 8087.52 8171.08 1.99 7.43 156.92 2398.71
homfam rhv 17976 6 143.424 938 33.1 40.4 51.9 4.6 3.9 11337.3676 3:08:57 8219.41 99907.48 7853.97 7937.41 1.99 15.44 170.01 19274.08
homfam tgfb 1606 8 95.4645 118 43.8 84.1 86.8 39.3 43.4 552.4273 0:09:12 7943.92 97697.28 7467.67 7606.63 1.99 1.61 93.75 519.34
homfam cryst 1160 7 80.8078 192 44.4 91.2 91.0 68.0 70.2 491.7016 0:08:11 7571.10 97364.72 7250.07 7353.54 1.99 1.28 116.16 572.76
homfam cyclo 6288 6 159.069 203 44.1 89.2 90.8 76.2 79.5 1835.5638 0:30:35 8395.75 99476.42 7920.18 8122.04 1.99 14.33 161.93 2971.36
homfam kunitz 2266 10 53.752 64 37.9 98.2 98.2 91.7 91.1 403.2352 0:06:43 7618.97 97422.38 7143.27 7286.33 1.99 2.14 97.88 396.16
homfam Rhodanese 14049 6 102.277 216 22.7 68.5 74.6 50.0 48.0 2028.1775 0:33:48 8251.54 99712.94 7811.83 7914.55 1.98 11.81 157.01 3186.86
homfam sodcu 2038 7 141.322 169 42.2 89.7 90.4 75.9 79.8 790.4451 0:13:10 7838.91 98874.04 7361.91 7500.56 1.99 2.86 113.02 903.41
homfam profilin 687 5 123.371 144 39.7 95.7 95.7 89.1 89.7 462.9648 0:07:42 7739.52 98906.56 7263.46 7402.21 1.99 1.16 103.04 481.04
homfam glob 3983 41 100.684 174 31.7 96.1 95.8 71.8 74.0 736.5395 0:12:16 7990.20 99046.47 7624.36 7735.74 1.99 3.45 125.40 932.65
homfam tim 3904 10 205.645 260 47.5 97.6 97.8 90.3 93.5 1775.0044 0:29:35 8283.02 99996.55 7863.51 8018.52 1.99 5.02 149.24 2654.50
homfam uce 4558 13 134.701 184 34.0 89.4 90.9 62.7 70.2 1214.4321 0:20:14 7904.70 99914.11 7419.53 7586.62 1.99 4.24 158.76 1936.37
homfam toxin 508 20 62.311 78 43.1 92.6 90.7 53.2 61.7 286.7539 0:04:46 7685.96 97402.82 7209.95 7348.72 1.99 1.10 87.12 251.32
homfam rub 1435 5 46.1575 54 62.1 98.4 98.4 92.6 93.5 374.1184 0:06:14 7490.64 97181.93 7014.23 7181.00 1.99 1.25 73.50 276.43
homfam hom 12037 8 53.4951 98 35.3 94.1 94.0 65.2 81.1 569.0519 0:09:29 8038.84 97773.51 7673.89 7757.38 1.99 6.93 131.97 754.64
homfam biotin_lipoyl 11833 7 71.8928 112 28.9 96.5 94.8 81.2 84.2 745.4771 0:12:25 8339.18 98143.26 7863.02 8029.52 1.99 10.57 125.01 933.28
homfam cys 4316 13 198.11 284 40.5 92.0 91.7 63.8 75.8 1748.8482 0:29:08 8700.32 100136.14 8224.14 8362.93 1.99 6.47 155.61 2730.08
homfam ghf11 521 5 167.758 202 49.5 95.2 95.3 87.0 88.2 585.0687 0:09:45 8120.61 97852.80 7755.39 7838.93 1.99 1.16 121.06 709.72
homfam blmb 17200 6 192.465 344 20.6 63.0 67.8 33.1 43.1 8395.5897 2:19:55 8815.56 100347.69 8450.25 8560.68 5.98 19.88 187.87 15781.68
homfam aadh 3127 8 225.129 542 38.2 85.5 88.0 52.6 58.0 2048.5970 0:34:08 8425.09 99884.73 8059.38 8147.17 0.00 0.02 165.16 12.75
homfam DEATH 1183 7 80.5689 159 19.6 69.0 70.2 27.4 37.3 479.8590 0:07:59 7660.38 97433.42 7295.57 7408.43 1.99 1.38 105.84 509.24
homfam Sulfotransfer 2489 5 235.798 381 26.2 63.4 74.7 36.5 43.6 3607.1473 1:00:07 9009.21 100491.46 8532.94 8671.71 1.99 3.96 171.30 6188.84
homfam serpin 3144 8 291.462 418 34.3 95.2 94.7 81.4 88.5 2867.2751 0:47:47 9313.39 100758.27 8837.79 8976.50 1.99 4.66 159.42 4580.44
homfam proteasome 5732 17 174.347 309 21.7 84.6 83.7 36.2 53.5 1508.3889 0:25:08 8533.49 99923.48 8057.56 8196.06 1.99 6.26 144.94 2196.44
homfam zf-CCHH 88345 15 23.2513 39 35.5 97.1 96.5 88.6 93.0 1333.4814 0:22:13 8157.41 100115.13 7681.32 7825.79 9.95 41.73 131.29 1753.21
homfam egf 7774 12 32.0765 71 31.1 77.8 78.0 32.4 39.3 464.2517 0:07:44 7700.15 97469.26 7335.00 7438.06 1.98 4.79 112.82 525.32
homfam annexin 3139 6 65.1902 323 57.2 100.0 100.0 100.0 100.0 1181.6712 0:19:41 7660.91 97430.14 7296.09 7461.72 1.99 2.65 145.84 1724.76
homfam OTCace 4795 5 157.005 350 37.3 96.1 96.1 86.6 89.4 1176.0950 0:19:36 8298.94 99099.65 7933.45 8017.00 1.99 5.27 149.09 1761.30
homfam rnasemam 498 6 120.072 141 42.2 93.3 90.4 70.9 82.6 391.4568 0:06:31 7662.92 97412.80 7210.12 7368.43 1.99 0.97 99.58 391.25
homfam adh 21331 5 123.64 375 63.9 96.5 96.8 91.7 92.0 3152.3546 0:52:32 8417.01 99795.37 7940.76 8079.52 1.98 18.39 164.69 5200.81
homfam il8 1073 11 63.7623 81 34.5 91.6 91.1 67.5 76.9 389.2071 0:06:29 7667.40 97412.33 7301.57 7412.77 1.99 1.12 90.96 355.46
homfam hr 3707 5 65.1513 82 53.3 98.6 98.6 93.7 97.7 649.6110 0:10:49 7762.89 99439.68 7288.18 7407.91 8.00 0.47 106.10 694.10
homfam ChtBD 774 5 38.2713 45 59.3 98.3 98.1 93.0 94.7 348.9397 0:05:48 7495.31 97245.57 7129.92 7249.43 0.00 0.02 78.97 3.64
homfam gluts 10099 14 98.1117 235 39.4 89.4 90.5 66.5 71.1 2852.8324 0:47:32 8544.01 100027.30 8123.49 8226.17 1.98 8.18 161.98 4631.36
homfam ghf5 2717 6 260.466 470 17.8 66.6 66.1 34.4 49.3 3108.6792 0:51:48 9139.43 100675.93 8663.57 8784.02 1.99 4.41 163.43 5088.72
homfam ghf13 12607 10 264.452 626 26.8 61.8 63.5 24.8 33.6 7218.0078 2:00:18 9812.66 101134.55 9336.16 9456.48 1.99 16.55 178.85 12915.84
homfam PDZ 14950 6 80.8907 110 30.6 89.4 88.9 75.8 78.9 1113.6646 0:18:33 8147.36 99628.20 7670.52 7809.23 1.98 11.13 145.52 1631.77
homfam az 1086 29 100.416 215 33.4 76.3 76.0 43.5 47.5 536.0733 0:08:56 7666.14 97390.41 7271.97 7390.20 1.99 1.66 105.15 565.56
homfam hla 13465 5 153.148 178 76.5 100.0 100.0 100.0 100.0 1287.5760 0:21:27 8507.95 98283.45 8032.06 8170.55 0.00 0.02 145.36 9.66
homfam slectin 932 5 133.052 142 33.3 94.2 94.9 87.6 90.0 783.0564 0:13:03 8031.76 99566.70 7666.15 7816.42 1.99 1.39 121.95 959.41
homfam GEL 2195 5 78.1157 150 23.7 71.1 71.3 41.1 57.0 679.5711 0:11:19 7898.00 97974.92 7533.19 7616.24 1.99 2.23 114.49 785.73
homfam kringle 1091 9 75.9138 100 43.3 95.9 94.9 79.8 83.5 365.2048 0:06:05 7976.91 97812.20 7501.37 7639.95 1.99 1.23 104.67 383.81
homfam p450 21013 12 331.506 512 20.8 76.1 77.0 36.5 44.6 10293.9307 2:51:33 10954.83 102648.61 10589.35 10755.22 13.97 32.56 165.54 17041.71
homfam gpdh 7691 8 129.082 360 55.1 96.6 96.4 89.1 92.0 1584.5446 0:26:24 8198.09 99806.09 7731.59 7869.84 1.99 12.52 150.42 2383.20
homfam int 7572 5 168.037 219 22.5 85.8 87.3 63.9 69.9 2423.9231 0:40:23 8862.36 100227.22 8496.64 8579.86 1.98 8.36 161.50 3926.05
homfam KAS 2070 6 174.528 404 31.7 88.0 87.9 70.5 78.1 1000.8671 0:16:40 8197.74 99304.02 7721.38 7876.42 1.99 2.89 144.24 1447.85
homfam trfl 837 7 242.315 702 61.9 94.5 95.9 87.3 88.6 1871.8625 0:31:11 8576.32 99651.59 8254.63 8337.89 1.99 1.62 158.08 2965.00
homfam TNF 556 5 119.903 176 32.0 85.6 85.1 70.1 74.7 381.6448 0:06:21 7628.88 97491.43 7185.16 7268.65 0.00 0.02 110.16 4.24
homfam scorptoxin 363 8 53.2562 74 46.3 91.0 90.3 75.3 83.5 250.9070 0:04:10 7616.55 97278.86 7141.05 7298.13 1.99 0.74 96.08 242.57
homfam aldosered 13277 7 268.547 386 41.6 87.7 90.0 69.8 76.0 4741.0251 1:19:01 9416.07 101009.16 9050.36 9160.60 57.98 20.41 168.98 8018.59
homfam rrm 27610 20 67.4587 157 22.9 81.2 79.4 17.1 22.7 1041.6890 0:17:21 8044.13 97797.83 7678.37 7761.70 1.98 29.57 134.88 1406.81
