homfam ricin 747 7 198.708 281 37.5 90.8 91.4 75.8 83.1 760.3526 0:12:40 8183.24 99254.09 7706.68 7912.55 1.99 1.66 124.06 952.04

homfam ghf10 1502 5 220.34 364 43.3 91.7 92.4 78.9 84.2 1636.5834 0:27:16 8527.50 99919.47 8161.52 8309.96 1.99 2.52 161.70 2657.68

homfam seatoxin 93 5 43.6344 54 42.6 70.4 69.9 16.3 17.6 291.1503 0:04:51 7343.71 96976.02 6978.33 7126.38 0.00 0.02 106.63 3.40

homfam mofe 2567 6 353.074 609 30.0 81.8 84.4 62.6 70.3 2777.0561 0:46:17 9692.38 101079.93 9296.36 9407.38 1.99 4.32 159.50 4436.96

homfam cyt3 385 6 92.3065 130 40.3 73.8 75.2 51.7 58.6 419.7383 0:06:59 7976.53 97710.82 7499.47 7620.13 1.99 1.22 82.13 348.64

homfam ins 793 6 65.2825 74 44.9 92.2 94.5 66.7 89.9 636.1185 0:10:36 7562.61 99257.27 7086.69 7238.67 1.99 1.45 110.10 706.88

homfam Ald_Xan_dh_2 2589 6 109.304 885 31.8 83.6 83.7 64.4 72.5 3588.9394 0:59:48 7936.27 99423.43 7569.98 7682.47 1.99 2.67 160.28 5761.80

homfam tms 2118 5 264.245 357 45.9 96.9 96.7 87.7 93.0 1833.9064 0:30:33 8797.32 100237.35 8320.80 8460.44 1.99 5.57 156.69 2871.87

homfam phc 2957 12 98.4711 179 37.2 70.6 92.3 38.0 41.5 1110.3934 0:18:30 7789.88 99161.54 7602.83 7656.73 1.99 2.82 136.94 1527.03

homfam cytb 3206 6 82.1454 100 35.6 92.0 92.2 72.8 80.2 1162.0161 0:19:22 7958.37 99552.28 7480.99 7645.92 81.99 3.06 153.44 1785.38

homfam mmp 1427 6 157.93 180 55.1 97.1 97.5 89.3 94.4 1054.0786 0:17:34 7857.75 99535.96 7380.79 7519.79 1.99 1.98 145.35 1540.89

homfam phoslip 946 18 113.33 137 48.9 93.7 93.7 68.4 78.0 503.5298 0:08:23 7700.46 97487.32 7318.75 7469.08 1.99 1.59 97.00 489.83

homfam HLH 6781 5 53.5453 92 28.1 89.0 94.0 65.5 77.1 812.1724 0:13:32 7756.32 99325.18 7363.82 7458.36 1.99 4.10 135.79 1113.25

homfam myb_DNA-binding 10398 5 46.5583 61 40.7 96.8 95.6 83.9 90.0 754.3272 0:12:34 8154.38 99412.30 7761.76 7874.47 1.98 6.33 109.34 832.73

homfam msb 4884 8 106.037 158 26.6 84.9 85.9 58.6 71.4 653.7833 0:10:53 7802.55 99375.67 7326.07 7466.02 1.98 4.46 130.92 860.10

homfam ghf1 4358 8 403.813 562 38.4 91.3 91.7 70.8 79.0 4931.0878 1:22:11 10214.31 101908.35 9729.46 9849.95 9.99 8.43 163.45 8069.33

homfam rvp 93681 6 94.2886 132 36.6 80.6 81.3 48.6 54.8 1994.7964 0:33:14 9701.64 99378.30 9334.74 9445.57 2.09 58.96 142.86 2851.05

homfam lyase_1 7632 5 295.082 511 30.9 78.5 78.6 59.2 62.0 3340.4871 0:55:40 9255.50 99102.62 8944.78 8970.97 1.99 11.77 160.25 5360.00

homfam ldh 7367 14 121.378 371 31.9 88.8 88.4 56.5 67.5 1628.9309 0:27:08 8134.30 97863.34 7790.31 7873.86 1.99 7.52 155.57 2535.63

homfam subt 7517 11 301.598 414 39.5 74.6 80.8 27.0 32.9 9612.5046 2:40:12 9450.49 100974.98 8973.84 9112.55 0.00 0.02 178.88 49.57

homfam sodfe 4455 8 77.4471 219 42.3 90.0 89.3 64.6 68.4 829.7357 0:13:49 7955.77 97765.17 7478.95 7617.90 1.99 3.70 134.44 1116.94

homfam LIM 6428 5 57.0143 86 52.8 97.9 97.9 89.0 96.8 512.9517 0:08:32 7772.52 97486.00 7405.94 7509.28 1.99 4.21 120.38 618.89

homfam blm 9105 8 300.727 274 39.1 71.9 84.5 22.8 23.8 5620.6934 1:33:40 9723.29 101327.56 9283.83 9404.20 109.98 13.30 173.35 9754.00

homfam DMRL_synthase 2099 5 140.59 182 33.2 93.6 90.7 75.1 84.0 700.8528 0:11:40 7793.56 97602.59 7275.09 7426.49 1.99 2.36 124.79 876.23

homfam tRNA-synt_2b 11293 5 177.564 467 18.7 53.2 51.1 26.7 37.7 2997.9700 0:49:57 8432.21 100037.71 7956.05 8076.33 1.99 12.58 168.07 5047.08

homfam Stap_Strp_toxin 640 6 87.3922 254 32.5 78.8 78.2 46.1 52.0 620.2819 0:10:20 8111.13 97831.53 7714.93 7801.28 1.99 1.00 121.08 752.53

homfam Acetyltransf 46285 6 82.9897 229 24.1 63.6 63.2 33.3 43.9 4130.2991 1:08:50 8852.87 103128.44 8376.07 8514.74 33.96 34.01 174.91 7236.61

homfam ghf22 760 12 107.567 131 51.4 92.1 92.3 76.2 79.7 375.3202 0:06:15 7676.75 97444.38 7200.40 7339.46 1.99 1.41 105.18 396.25

homfam sdr 50157 13 163.253 361 23.3 80.2 79.9 35.0 45.8 3455.5774 0:57:35 9571.46 100954.55 9205.20 9365.01 1.96 56.63 155.87 5391.29

homfam ltn 1068 12 204.148 282 49.9 94.4 94.7 72.3 80.8 1295.1731 0:21:35 8537.36 99517.23 8477.79 8503.97 1.99 2.95 147.03 1913.52

homfam hpr 3349 5 83.0427 89 44.4 99.3 99.3 97.7 98.5 508.4980 0:08:28 7957.48 97734.30 7524.05 7676.07 1.99 3.00 111.45 568.23

homfam bowman 499 5 26.1443 73 64.9 94.5 94.5 82.9 84.9 289.0259 0:04:49 7550.41 97207.15 7184.77 7330.64 0.00 0.02 93.59 3.25

homfam hip 167 5 66.2096 88 33.4 84.1 83.1 59.5 66.2 368.1119 0:06:08 7598.52 97367.55 7232.66 7316.37 1.99 0.70 86.14 318.56

homfam HMG_box 4779 5 66.0716 89 24.8 97.3 96.2 85.2 93.9 493.8015 0:08:13 7992.86 97744.96 7516.96 7720.62 1.99 3.27 125.78 622.65

homfam icd 5678 5 328.887 433 41.7 92.6 93.2 81.5 84.9 3874.8399 1:04:34 9638.61 101204.24 9216.51 9328.22 5.99 8.59 162.88 6319.73

homfam peroxidase 4514 5 256.626 383 37.3 78.5 78.9 56.7 59.0 3557.5647 0:59:17 8665.34 100206.31 8436.90 8465.51 1.99 6.45 171.22 6100.35

homfam asp 3262 13 284.142 381 37.5 91.5 91.8 74.9 80.4 2676.9880 0:44:36 9225.60 100821.80 8748.57 8885.88 1.99 5.64 157.99 4238.18

homfam flav 4612 6 138.021 183 35.0 85.8 86.0 61.7 64.2 1236.0093 0:20:36 8342.58 99790.86 7976.11 8059.87 1.99 4.58 140.31 1742.94

homfam cah 1379 5 212.706 279 38.7 88.9 89.6 69.7 76.4 1315.5082 0:21:55 8468.91 99518.31 8102.69 8213.87 81.99 2.43 143.67 1895.23

homfam ace 3989 6 427.824 601 37.3 84.8 86.1 64.7 71.7 7296.8765 2:01:36 10514.14 101785.82 10012.39 10150.92 1.98 8.62 168.34 12288.14

homfam sti 613 5 165.383 198 36.4 90.4 89.4 72.8 80.0 523.6413 0:08:43 8002.67 97822.08 7492.33 7613.62 1.99 1.44 101.45 532.63

homfam aat 25100 10 337.807 476 28.6 61.9 66.8 27.5 31.7 9433.6136 2:37:13 10679.55 101994.65 10619.69 10645.84 1.98 35.90 170.66 16107.78

homfam oxidored_q6 3348 5 123.044 285 56.7 93.7 93.7 87.6 89.2 1236.9049 0:20:36 7990.33 99476.71 7591.36 7703.68 1.99 3.50 144.46 1795.65

homfam hormone_rec 3509 5 188.562 308 21.5 76.5 76.3 50.2 64.4 1609.3815 0:26:49 8360.12 99864.24 7966.51 8050.19 1.99 4.14 155.04 2504.19

homfam rhv 17976 6 143.424 938 33.1 38.2 50.1 4.7 4.1 11640.7247 3:14:00 8301.70 99998.18 7935.57 8032.35 1.99 15.33 168.67 19643.62

homfam tgfb 1606 8 95.4645 118 43.8 78.5 82.3 29.9 36.2 519.3242 0:08:39 8126.75 98962.73 7649.44 7788.53 1.99 1.65 101.73 537.29

homfam cryst 1160 7 80.8078 192 44.4 93.4 93.2 74.6 77.3 477.6030 0:07:57 7707.73 97452.15 7198.95 7341.48 1.99 1.59 118.21 566.15

homfam cyclo 6288 6 159.069 203 44.1 89.5 89.9 76.2 81.4 1886.7309 0:31:26 8513.98 99744.48 8036.96 8175.69 1.99 7.87 153.25 2898.80

homfam kunitz 2266 10 53.752 64 37.9 98.2 98.2 91.7 91.1 353.9941 0:05:53 7675.70 97515.43 7309.77 7413.01 1.99 2.66 123.20 437.67

homfam Rhodanese 14049 6 102.277 216 22.7 68.5 74.9 50.5 51.6 2111.6418 0:35:11 8404.34 99840.93 8038.01 8121.34 1.98 11.31 157.67 3337.26

homfam sodcu 2038 7 141.322 169 42.2 91.4 91.6 77.1 82.0 696.9251 0:11:36 7916.23 97691.30 7389.40 7528.19 1.98 2.66 131.10 922.36

homfam profilin 687 5 123.371 144 39.7 95.4 95.4 89.1 89.4 495.9000 0:08:15 7736.28 97485.20 7260.78 7427.22 1.99 1.14 93.17 463.57

homfam glob 3983 41 100.684 174 31.7 95.0 94.6 71.8 74.0 705.2778 0:11:45 7962.70 98919.21 7596.71 7708.30 1.99 4.00 123.48 878.92

homfam tim 3904 10 205.645 260 47.5 97.8 98.0 91.5 94.6 1608.8888 0:26:48 8498.04 99961.95 8020.99 8160.76 1.99 5.36 150.71 2432.12

homfam uce 4558 13 134.701 184 34.0 89.8 91.0 61.4 69.5 1105.2349 0:18:25 7964.60 99512.29 7598.77 7710.25 5.99 7.84 145.66 1611.33

homfam toxin 508 20 62.311 78 43.1 92.8 90.9 55.8 64.5 389.4877 0:06:29 7721.07 97514.81 7244.39 7364.90 1.99 1.18 75.57 295.83

homfam rub 1435 5 46.1575 54 62.1 98.4 98.4 92.6 93.5 277.2054 0:04:37 7662.82 97239.39 7339.55 7467.71 1.99 1.31 97.70 272.36

homfam hom 12037 8 53.4951 98 35.3 93.4 93.2 65.2 81.1 682.4562 0:11:22 7969.25 97703.52 7603.90 7739.61 0.00 0.02 119.47 5.56

homfam biotin_lipoyl 11833 7 71.8928 112 28.9 96.1 96.3 83.5 84.2 768.3049 0:12:48 8086.54 97853.42 7721.16 7887.37 1.99 8.27 128.31 987.24

homfam cys 4316 13 198.11 284 40.5 93.0 92.6 67.2 77.8 1625.6115 0:27:05 8602.22 100000.86 8189.09 8300.74 1.99 6.16 156.35 2542.36

homfam ghf11 521 5 167.758 202 49.5 94.5 94.2 85.4 86.5 557.2930 0:09:17 8210.27 97964.96 7733.27 7858.00 1.99 1.49 127.34 711.19

homfam blmb 17200 6 192.465 344 20.6 65.8 71.1 38.2 48.1 6324.7105 1:45:24 8813.60 100389.18 8336.54 8475.53 1.98 18.97 182.40 11545.31

homfam aadh 3127 8 225.129 542 38.2 85.2 87.4 50.3 55.9 2268.4028 0:37:48 8575.23 99941.96 8405.54 8463.25 1.99 4.29 155.32 3532.17

homfam DEATH 1183 7 80.5689 159 19.6 68.2 69.6 27.4 37.3 486.0545 0:08:06 7674.66 97250.96 7163.14 7320.41 1.99 1.39 105.46 514.08

homfam Sulfotransfer 2489 5 235.798 381 26.2 64.7 70.0 36.1 44.2 2763.2598 0:46:03 8513.11 100111.82 8146.61 8230.50 1.99 8.34 172.60 4771.60

homfam serpin 3144 8 291.462 418 34.3 95.5 94.9 82.7 89.7 2926.0511 0:48:46 9395.33 100828.58 8919.11 9067.47 1.99 4.49 160.33 4698.75

homfam proteasome 5732 17 174.347 309 21.7 84.7 82.0 34.5 51.6 1497.5876 0:24:57 8704.90 99833.46 8228.27 8348.43 5.99 6.16 147.19 2213.34

homfam zf-CCHH 88345 15 23.2513 39 35.5 96.5 95.9 88.6 93.0 1125.5931 0:18:45 8076.85 97808.69 7710.99 7877.03 1.94 41.57 131.32 1480.91

homfam egf 7774 12 32.0765 71 31.1 78.6 78.7 35.3 44.3 486.3762 0:08:06 7778.84 97511.04 7412.50 7496.22 1.98 4.54 110.74 540.02

homfam annexin 3139 6 65.1902 323 57.2 100.0 100.0 100.0 100.0 1448.7842 0:24:08 7642.33 97420.49 7276.16 7359.52 1.99 2.66 142.40 2064.64

homfam OTCace 4795 5 157.005 350 37.3 96.6 96.6 89.3 91.9 1306.3117 0:21:46 8221.56 97993.95 7745.42 7865.91 1.99 5.28 148.15 1936.63

homfam rnasemam 498 6 120.072 141 42.2 93.0 89.7 70.9 81.0 385.9690 0:06:25 7805.73 97571.03 7329.00 7477.17 1.99 0.91 103.55 401.23

homfam adh 21331 5 123.64 375 63.9 96.8 97.0 92.0 92.3 2665.7935 0:44:25 8663.87 100151.96 8297.98 8381.58 1.98 18.40 167.54 4475.56

homfam il8 1073 11 63.7623 81 34.5 89.2 88.9 57.1 65.8 339.4338 0:05:39 7705.29 97258.21 7339.74 7441.77 1.99 1.12 106.38 362.58

homfam hr 3707 5 65.1513 82 53.3 99.1 99.1 94.9 99.1 567.9766 0:09:27 7881.48 97735.07 7515.80 7599.03 221.99 2.93 120.58 688.23

homfam ChtBD 774 5 38.2713 45 59.3 98.3 98.1 93.0 94.7 330.8083 0:05:30 7619.32 97400.86 7142.99 7309.72 1.99 0.98 82.19 273.43

homfam gluts 10099 14 98.1117 235 39.4 89.4 91.0 67.8 72.2 2411.8255 0:40:11 8320.28 99683.80 7964.52 8065.68 5.98 8.30 163.67 3958.59

homfam ghf5 2717 6 260.466 470 17.8 66.3 66.6 36.0 51.4 2677.7555 0:44:37 8868.16 100553.62 8501.76 8585.46 1.99 4.51 167.51 4492.47

homfam ghf13 12607 10 264.452 626 26.8 64.9 65.3 29.4 39.1 8286.2109 2:18:06 9596.54 101048.26 9120.71 9323.03 1.99 16.29 180.57 14971.13

homfam PDZ 14950 6 80.8907 110 30.6 84.9 84.7 67.7 69.7 1127.0839 0:18:47 8600.30 99820.05 8123.29 8243.85 1.98 11.18 142.81 1619.26

homfam az 1086 29 100.416 215 33.4 74.5 74.1 40.8 45.2 507.5385 0:08:27 7694.35 98800.97 7218.71 7385.33 1.99 1.41 104.97 538.56

homfam hla 13465 5 153.148 178 76.5 99.0 100.0 98.3 98.3 1410.0597 0:23:30 8588.39 98306.31 8112.60 8333.53 1.99 13.75 138.27 1951.25

homfam slectin 932 5 133.052 142 33.3 95.0 94.8 87.6 90.3 789.6912 0:13:09 7992.80 99432.73 7557.89 7724.47 1.99 1.67 113.08 903.56

homfam GEL 2195 5 78.1157 150 23.7 70.9 70.0 42.5 57.2 622.2207 0:10:22 7870.66 99389.34 7472.28 7638.65 1.99 2.05 119.37 748.05

homfam kringle 1091 9 75.9138 100 43.3 96.1 95.0 79.8 83.5 383.4974 0:06:23 8007.82 97744.42 7532.61 7689.66 0.00 0.02 105.89 4.03

homfam p450 21013 12 331.506 512 20.8 75.0 76.0 35.9 44.2 11333.0131 3:08:53 11084.07 102734.88 10607.98 10774.49 1.98 33.00 167.61 19002.24

homfam gpdh 7691 8 129.082 360 55.1 95.8 95.6 87.2 90.1 1695.4344 0:28:15 8258.17 99818.09 7852.99 7936.37 1.99 8.25 148.25 2523.92

homfam int 7572 5 168.037 219 22.5 87.7 88.7 69.8 75.9 2178.7942 0:36:18 8531.04 99975.29 8054.23 8174.69 1.98 8.52 152.72 3334.77

homfam KAS 2070 6 174.528 404 31.7 83.1 86.8 59.5 63.2 1176.4609 0:19:36 8241.06 99360.84 7874.78 7958.52 1.99 2.86 144.41 1705.25

homfam trfl 837 7 242.315 702 61.9 93.7 94.2 85.9 85.4 2694.8405 0:44:54 8848.32 99685.25 8453.31 8572.41 1.99 1.62 166.25 4488.69

homfam TNF 556 5 119.903 176 32.0 85.3 84.7 68.2 71.9 375.8697 0:06:15 7710.12 97530.63 7312.57 7423.02 1.99 1.00 105.43 397.70

homfam scorptoxin 363 8 53.2562 74 46.3 90.4 89.5 74.0 79.0 272.7240 0:04:32 7574.04 97428.19 7208.22 7318.75 1.99 1.04 94.29 258.54

homfam aldosered 13277 7 268.547 386 41.6 85.0 87.5 66.5 73.5 5259.2281 1:27:39 9403.97 100981.31 8927.68 9093.21 9.98 18.65 169.52 8916.66

homfam rrm 27610 20 67.4587 157 22.9 83.6 81.7 17.1 22.7 1005.7085 0:16:45 8091.32 97889.99 7724.68 7832.60 197.98 18.28 137.30 1383.49

