homfam ricin 747 7 198.708 281 37.5 90.9 91.3 75.1 83.5 878.8776 0:14:38 8451.81 100056.91 7947.00 8104.78 0.00 0.02 122.12 6.41

homfam ghf10 1502 5 220.34 364 43.3 94.0 94.1 81.1 86.4 1576.7621 0:26:16 15280.08 105730.44 14710.48 14826.46 1.99 2.75 137.90 2183.29

homfam seatoxin 93 5 43.6344 54 42.6 63.4 63.4 8.2 9.3 320.4069 0:05:20 7566.08 97789.39 7061.22 7297.50 0.00 0.02 99.92 3.46

homfam mofe 2567 6 353.074 609 30.0 84.3 85.5 65.1 73.1 2789.1924 0:46:29 15203.47 105323.55 14788.06 14971.85 1.99 4.58 155.99 4356.33

homfam cyt3 385 6 92.3065 130 40.3 77.5 80.4 55.9 63.5 446.1491 0:07:26 7944.45 98169.58 7439.32 7569.41 1.99 1.34 83.13 373.31

homfam ins 793 6 65.2825 74 44.9 88.2 89.5 60.9 86.1 551.6942 0:09:11 15202.89 105320.29 14785.25 14935.11 1.99 1.15 129.95 728.41

homfam Ald_Xan_dh_2 2589 6 109.304 885 31.8 83.3 83.3 63.7 71.9 4063.8055 1:07:43 7938.09 99454.72 7433.25 7612.25 1.99 2.95 164.22 6682.99

homfam tms 2118 5 264.245 357 45.9 95.5 95.4 84.6 90.0 2242.5984 0:37:22 15201.11 105321.49 14775.50 14894.79 1.99 3.73 151.09 3394.70

homfam phc 2957 12 98.4711 179 37.2 72.2 95.3 35.8 37.9 1017.8554 0:16:57 9242.77 100235.75 8714.14 8897.89 1.99 2.66 141.66 1444.02

homfam cytb 3206 6 82.1454 100 35.6 89.4 89.4 69.6 76.4 1324.7909 0:22:04 8438.54 100309.29 7906.73 8060.91 265.99 3.02 145.02 1933.35

homfam mmp 1427 6 157.93 180 55.1 95.0 96.4 86.4 91.5 1179.6556 0:19:39 8568.82 100307.71 8024.80 8170.57 25.99 1.96 153.38 1807.88

homfam phoslip 946 18 113.33 137 48.9 93.9 94.0 67.6 77.5 469.6971 0:07:49 15198.83 105320.33 14784.41 14900.44 0.00 0.02 107.61 4.62

homfam HLH 6781 5 53.5453 92 28.1 87.4 92.5 65.5 77.1 863.6347 0:14:23 15227.22 105350.20 14814.66 14942.27 0.00 0.02 146.50 6.62

homfam myb_DNA-binding 10398 5 46.5583 61 40.7 96.8 95.6 83.9 90.0 662.2007 0:11:02 14901.43 105338.45 14368.58 14487.70 1.98 6.36 133.04 889.81

homfam msb 4884 8 106.037 158 26.6 84.6 86.5 57.9 71.2 657.0404 0:10:57 15250.94 105374.84 14829.73 14979.57 1.98 4.40 122.20 804.47

homfam ghf1 4358 8 403.813 562 38.4 91.9 92.2 70.6 78.5 4988.7273 1:23:08 10190.76 102242.14 9975.72 10002.15 141.99 16.24 161.67 8066.00

homfam rvp 93681 6 94.2886 132 36.6 83.0 82.8 55.0 61.9 2927.3788 0:48:47 9306.85 99382.04 8744.70 8927.70 13.99 58.72 117.87 3452.46

homfam lyase_1 7632 5 295.082 511 30.9 82.5 82.4 64.4 67.9 3280.9025 0:54:40 9095.36 98951.21 8592.94 8826.03 1.99 10.26 152.64 5009.36

homfam ldh 7367 14 121.378 371 31.9 89.4 88.9 60.3 72.0 1874.7570 0:31:14 15202.82 105327.30 14792.11 14945.05 1.99 7.63 146.00 2744.27

homfam subt 7517 11 301.598 414 39.5 77.8 80.5 32.9 43.3 9746.8895 2:42:26 11528.06 101627.23 10964.10 11094.38 1.98 43.34 174.16 16975.46

homfam sodfe 4455 8 77.4471 219 42.3 91.2 90.2 65.1 68.9 888.7147 0:14:48 15250.26 105373.84 14838.58 14989.03 1.99 3.32 139.75 1243.47

homfam LIM 6428 5 57.0143 86 52.8 97.3 97.3 86.6 94.2 601.7910 0:10:01 15199.96 105710.16 14790.12 14917.52 1.99 3.88 111.76 674.02

homfam blm 9105 8 300.727 274 39.1 71.1 76.5 49.4 51.2 6525.8624 1:48:45 15206.95 105714.46 14764.61 14880.65 1.98 13.58 168.69 11018.49

homfam DMRL_synthase 2099 5 140.59 182 33.2 93.3 90.7 75.1 83.3 796.4112 0:13:16 8306.92 98600.56 7801.77 7961.00 25.99 2.53 103.27 824.96

homfam tRNA-synt_2b 11293 5 177.564 467 18.7 53.9 53.1 28.5 38.7 3424.3851 0:57:04 11475.43 101578.38 10920.88 11045.80 0.00 0.02 161.55 25.16

homfam Stap_Strp_toxin 640 6 87.3922 254 32.5 81.0 80.6 48.6 54.1 638.2425 0:10:38 15185.52 105705.30 14760.59 14937.47 1.99 1.26 123.49 789.53

homfam Acetyltransf 46285 6 82.9897 229 24.1 63.7 62.6 28.0 36.5 4609.8158 1:16:49 8607.48 100630.30 8103.04 8282.88 29.96 33.85 164.64 7594.99

homfam ghf22 760 12 107.567 131 51.4 94.5 94.5 78.5 81.7 381.1232 0:06:21 15275.49 105396.29 14847.40 14963.44 0.00 0.02 107.70 4.41

homfam sdr 50157 13 163.253 361 23.3 81.0 80.8 34.1 44.9 4800.4320 1:20:00 9096.86 101084.48 8672.09 8826.91 0.00 0.02 136.51 25.83

homfam ltn 1068 12 204.148 282 49.9 93.9 94.5 71.1 79.7 1224.1792 0:20:24 8362.42 100452.79 7859.08 7989.78 1.99 2.21 127.43 1566.72

homfam hpr 3349 5 83.0427 89 44.4 99.3 99.3 97.7 98.5 576.7705 0:09:36 15201.88 105323.68 14786.73 14917.65 1.99 3.74 112.07 647.90

homfam bowman 499 5 26.1443 73 64.9 94.5 94.5 82.9 84.9 353.9195 0:05:53 7683.86 97914.54 7322.66 7487.35 1.99 1.17 81.35 289.36

homfam hip 167 5 66.2096 88 33.4 85.2 84.7 61.9 69.8 298.4734 0:04:58 11019.07 101264.55 10425.86 10593.77 1.99 0.70 109.25 327.39

homfam HMG_box 4779 5 66.0716 89 24.8 97.3 96.2 85.2 93.9 599.4860 0:09:59 7919.87 97932.48 7415.25 7623.45 1.99 3.22 104.86 631.14

homfam icd 5678 5 328.887 433 41.7 93.3 93.9 82.4 85.6 3619.9259 1:00:19 11232.32 101516.96 10688.97 10815.68 1.99 9.01 156.03 5656.91

homfam peroxidase 4514 5 256.626 383 37.3 76.9 78.7 49.0 54.2 4416.0910 1:13:36 15245.33 105593.25 15139.94 15193.47 1.99 6.62 153.18 6765.41

homfam asp 3262 13 284.142 381 37.5 91.6 91.9 74.3 80.2 2588.8872 0:43:08 13156.91 103198.29 12611.77 12765.92 1.99 5.64 154.62 4005.78

homfam flav 4612 6 138.021 183 35.0 84.3 85.1 58.9 60.1 1268.1129 0:21:08 15208.33 105324.83 14789.07 14939.51 1.99 4.53 132.11 1685.36

homfam cah 1379 5 212.706 279 38.7 90.0 90.3 74.2 80.4 1364.1108 0:22:44 8477.15 99987.38 7972.34 8152.56 17.99 2.14 138.85 1897.52

homfam ace 3989 6 427.824 601 37.3 83.8 85.3 64.0 70.9 6898.6513 1:54:58 10623.68 102375.96 10258.19 10341.38 13.95 8.43 162.91 11248.19

homfam sti 613 5 165.383 198 36.4 89.9 89.1 70.7 77.8 488.0749 0:08:08 15170.99 105295.28 14737.66 14968.67 1.99 1.13 101.97 499.11

homfam aat 25100 10 337.807 476 28.6 71.6 72.4 36.1 40.7 9710.6692 2:41:50 10084.95 102050.98 9719.48 9885.65 1.98 35.87 155.66 15116.53

homfam oxidored_q6 3348 5 123.044 285 56.7 93.5 93.6 86.8 88.3 1337.3176 0:22:17 15251.03 105372.68 14837.65 14991.42 1.99 3.44 134.51 1807.39

homfam hormone_rec 3509 5 188.562 308 21.5 75.2 77.6 51.6 65.8 1738.4785 0:28:58 15204.26 105323.68 14775.77 14902.77 0.00 0.02 147.11 11.74

homfam rhv 17976 6 143.424 938 33.1 43.8 55.4 0.0 0.0 12911.7923 3:35:11 15238.75 105363.73 14826.59 14954.24 0.00 0.02 155.95 77.64

homfam tgfb 1606 8 95.4645 118 43.8 80.4 83.2 28.2 36.3 511.2875 0:08:31 15199.25 105321.44 14778.12 14932.11 1.99 2.02 107.54 555.66

homfam cryst 1160 7 80.8078 192 44.4 92.2 92.0 72.4 74.9 557.6497 0:09:17 15206.14 105704.36 14776.66 14937.54 1.99 1.56 100.46 561.78

homfam cyclo 6288 6 159.069 203 44.1 87.3 88.8 74.1 77.3 1941.6526 0:32:21 13569.41 103649.95 12988.86 13165.87 1.99 7.58 155.68 3030.87

homfam kunitz 2266 10 53.752 64 37.9 98.2 98.2 91.7 91.1 477.5231 0:07:57 12953.56 104672.11 12333.93 12453.43 1.99 2.64 97.80 468.46

homfam Rhodanese 14049 6 102.277 216 22.7 67.6 74.2 46.9 46.6 2354.7600 0:39:14 15260.44 105383.29 14848.09 14975.14 1.98 11.65 145.46 3435.91

homfam sodcu 2038 7 141.322 169 42.2 91.3 91.2 77.1 81.7 759.3982 0:12:39 8406.98 99083.82 7903.46 8032.68 1.99 2.66 121.78 934.48

homfam profilin 687 5 123.371 144 39.7 97.2 97.2 92.2 93.4 503.2359 0:08:23 15203.09 105320.29 14780.82 14907.78 1.99 1.40 99.39 501.55

homfam glob 3983 41 100.684 174 31.7 96.4 96.1 72.9 75.4 737.8165 0:12:17 15204.11 105324.76 15223.20 15249.82 1.99 3.81 103.94 772.62

homfam tim 3904 10 205.645 260 47.5 99.1 98.9 94.2 97.4 1729.5838 0:28:49 15201.40 105323.76 14789.21 14965.99 1.99 5.30 136.58 2372.07

homfam uce 4558 13 134.701 184 34.0 89.6 90.9 62.7 69.8 1298.9626 0:21:38 15257.40 105298.79 14714.35 14841.39 1.99 7.52 147.74 1914.21

homfam toxin 508 20 62.311 78 43.1 93.3 91.3 67.5 76.3 358.4455 0:05:58 15276.60 105394.23 14858.81 14986.49 1.99 0.85 84.46 304.35

homfam rub 1435 5 46.1575 54 62.1 98.4 98.4 92.6 93.5 334.2739 0:05:34 7780.25 97811.57 7276.32 7447.55 1.99 1.27 89.85 301.89

homfam hom 12037 8 53.4951 98 35.3 94.1 94.0 65.2 81.1 814.7479 0:13:34 7983.10 99564.75 7478.48 7596.81 1.99 6.85 118.36 972.57

homfam biotin_lipoyl 11833 7 71.8928 112 28.9 95.9 94.3 81.2 84.2 934.2454 0:15:34 8159.82 98288.37 7794.30 7959.53 1.99 8.15 115.96 1084.74

homfam cys 4316 13 198.11 284 40.5 94.9 94.5 73.5 82.6 1797.7137 0:29:57 14977.04 105267.20 14917.54 15061.04 1.99 12.71 153.82 2767.01

homfam ghf11 521 5 167.758 202 49.5 94.6 94.5 85.4 86.3 612.2183 0:10:12 15207.59 105270.25 14836.34 14963.31 1.99 1.46 117.70 722.02

homfam blmb 17200 6 192.465 344 20.6 65.5 71.3 36.7 47.1 6265.3378 1:44:25 13670.48 103736.14 13176.60 13303.46 1.98 19.68 172.73 10832.20

homfam aadh 3127 8 225.129 542 38.2 85.5 87.9 50.1 55.6 1858.6852 0:30:58 15256.54 105298.68 14782.84 14909.76 1.99 4.48 155.78 2902.01

homfam DEATH 1183 7 80.5689 159 19.6 83.2 83.5 59.7 66.4 461.9437 0:07:41 15202.42 105320.35 14923.16 15031.34 1.99 1.60 104.45 483.84

homfam Sulfotransfer 2489 5 235.798 381 26.2 64.6 76.1 41.2 48.1 3126.0808 0:52:06 15236.86 105372.54 14811.98 14962.45 1.99 4.35 162.65 5092.25

homfam serpin 3144 8 291.462 418 34.3 95.6 95.0 83.2 89.2 2737.6268 0:45:37 14503.75 104598.34 13963.09 14090.10 1.99 4.51 159.80 4375.13

homfam proteasome 5732 17 174.347 309 21.7 83.6 81.9 40.0 59.9 1522.4290 0:25:22 15198.08 105160.52 14922.73 15065.77 1.99 5.91 146.70 2241.91

homfam zf-CCHH 88345 15 23.2513 39 35.5 96.8 96.2 88.6 93.0 2229.6181 0:37:09 15271.38 105401.97 14854.45 14981.56 29.94 41.85 117.46 2621.13

homfam egf 7774 12 32.0765 71 31.1 73.5 74.1 27.9 31.6 568.3294 0:09:28 7748.07 97858.10 7243.95 7479.79 1.98 4.60 108.71 621.79

homfam annexin 3139 6 65.1902 323 57.2 100.0 100.0 100.0 100.0 1339.3984 0:22:19 15211.01 105707.66 14686.42 14805.65 4.00 0.44 131.30 1760.29

homfam OTCace 4795 5 157.005 350 37.3 96.2 96.2 87.2 90.3 1486.1708 0:24:46 8632.42 99731.73 8127.70 8344.22 1.99 4.92 137.84 2050.68

homfam rnasemam 498 6 120.072 141 42.2 92.3 89.5 68.7 80.2 379.0051 0:06:19 7919.27 98357.59 7416.26 7614.72 0.00 0.02 105.93 3.95

homfam adh 21331 5 123.64 375 63.9 97.0 97.4 92.0 92.3 2940.7724 0:49:00 15242.66 105365.09 14829.51 14945.96 0.00 0.02 157.58 16.28

homfam il8 1073 11 63.7623 81 34.5 91.6 91.2 68.8 76.9 402.4670 0:06:42 7763.23 97796.76 7258.37 7429.76 1.99 1.37 96.96 391.74

homfam hr 3707 5 65.1513 82 53.3 99.1 99.1 94.9 99.1 697.0393 0:11:37 14705.91 104748.43 14252.62 14384.80 5.99 3.98 113.99 796.53

homfam ChtBD 774 5 38.2713 45 59.3 99.3 99.0 95.3 97.1 344.5810 0:05:44 8823.82 98864.36 8305.45 8519.55 1.99 1.00 84.56 292.77

homfam gluts 10099 14 98.1117 235 39.4 86.1 88.3 61.8 65.9 2493.7149 0:41:33 8151.59 100035.02 7647.13 7765.42 0.00 0.02 162.75 17.46

homfam ghf5 2717 6 260.466 470 17.8 65.7 67.1 35.0 49.4 2603.8634 0:43:23 15251.65 105373.58 14787.86 14915.50 1.99 4.35 159.30 4148.69

homfam ghf13 12607 10 264.452 626 26.8 63.4 64.7 27.7 36.5 8032.1168 2:13:52 15186.71 105310.16 14729.36 14859.64 1.99 16.05 170.53 13705.25

homfam PDZ 14950 6 80.8907 110 30.6 88.8 88.7 74.7 77.7 1303.7578 0:21:43 15242.81 105284.40 14799.30 14914.69 1.88 11.32 136.11 1782.48

homfam az 1086 29 100.416 215 33.4 73.3 73.7 40.2 43.1 538.3636 0:08:58 15175.25 105296.41 14661.56 14815.24 1.99 1.68 105.91 574.69

homfam hla 13465 5 153.148 178 76.5 100.0 100.0 100.0 100.0 1441.0644 0:24:01 12523.35 102632.76 12036.48 12153.40 1.99 18.98 125.91 1815.92

homfam slectin 932 5 133.052 142 33.3 94.4 94.6 85.4 89.2 809.3766 0:13:29 15178.81 105219.33 14659.39 14787.02 1.99 1.40 120.46 983.68

homfam GEL 2195 5 78.1157 150 23.7 69.3 70.4 40.4 56.9 637.4596 0:10:37 12798.80 103278.62 12233.10 12359.83 1.99 2.26 121.64 786.80

homfam kringle 1091 9 75.9138 100 43.3 94.2 93.4 77.5 81.8 373.8688 0:06:13 15240.20 105205.73 15185.56 15213.69 1.99 1.22 110.82 415.86

homfam p450 21013 12 331.506 512 20.8 74.1 74.1 32.7 40.6 14711.1393 4:05:11 10385.25 102472.91 10325.27 10351.68 0.00 0.02 160.40 158.71

homfam gpdh 7691 8 129.082 360 55.1 96.4 96.4 88.8 91.7 1798.9264 0:29:58 8354.37 100216.91 7849.95 7968.15 1.99 8.23 137.79 2489.84

homfam int 7572 5 168.037 219 22.5 84.9 86.0 62.9 67.6 2311.2314 0:38:31 13985.11 104411.42 13440.64 13567.67 1.98 8.41 154.10 3562.42

homfam KAS 2070 6 174.528 404 31.7 86.3 86.1 69.0 74.9 1115.5420 0:18:35 8689.46 100094.09 8186.02 8315.51 1.99 2.52 135.01 1513.73

homfam trfl 837 7 242.315 702 61.9 94.0 94.0 87.4 87.2 2248.5150 0:37:28 15208.27 105320.32 14752.97 14868.62 1.99 1.89 156.99 3531.68

homfam TNF 556 5 119.903 176 32.0 86.9 86.1 71.3 76.1 396.7596 0:06:36 15200.76 105321.25 14783.87 14899.71 1.99 1.25 103.93 413.80

homfam scorptoxin 363 8 53.2562 74 46.3 89.5 88.8 72.6 77.4 323.7735 0:05:23 15208.85 105320.24 14783.80 14899.66 1.99 1.11 85.06 276.94

homfam aldosered 13277 7 268.547 386 41.6 88.9 91.1 72.9 78.6 5034.3034 1:23:54 15318.94 105436.24 14898.75 15026.21 8.00 0.02 156.05 39.67

homfam rrm 27610 20 67.4587 157 22.9 86.0 84.1 27.0 31.2 1247.3072 0:20:47 8119.07 98162.62 7615.68 7849.34 13.98 17.79 123.63 1543.68

