homfam ricin 747 7 198.708 281 37.5 91.7 91.7 78.0 86.0 905.6730 0:15:05 8504.44 99317.40 8168.87 8252.42 1.99 1.66 139.40 1271.18
homfam ghf10 1502 5 220.34 364 43.3 93.6 93.5 81.7 87.1 1727.3743 0:28:47 9339.91 100526.27 8973.78 9057.41 1.99 2.50 163.89 2840.35
homfam seatoxin 93 5 43.6344 54 42.6 64.4 61.9 8.2 9.3 353.3066 0:05:53 7485.99 97279.79 7120.37 7223.07 1.99 1.00 86.30 306.41
homfam mofe 2567 6 353.074 609 30.0 84.5 87.3 67.4 74.5 3297.0238 0:54:57 10405.10 101503.94 9836.50 9975.53 1.99 4.53 163.13 5389.43
homfam cyt3 385 6 92.3065 130 40.3 74.0 75.7 52.5 59.6 393.4366 0:06:33 8040.34 99014.02 7666.55 7810.24 1.99 1.27 115.87 464.93
homfam ins 793 6 65.2825 74 44.9 88.6 89.4 59.4 84.0 605.4115 0:10:05 8168.95 99281.44 7630.75 7751.62 1.99 1.84 148.77 902.19
homfam Ald_Xan_dh_2 2589 6 109.304 885 31.8 82.8 82.6 62.3 71.0 3649.5952 1:00:49 8422.22 99743.28 8056.10 8139.53 29.99 2.96 169.04 6177.85
homfam tms 2118 5 264.245 357 45.9 95.3 95.2 83.2 89.5 1979.0007 0:32:59 9034.83 100366.23 8531.21 8651.84 1.99 3.87 161.27 3199.74
homfam phc 2957 12 98.4711 179 37.2 73.8 92.6 30.7 33.4 1185.6763 0:19:45 8508.72 99521.50 8060.85 8199.92 1.99 2.71 147.65 1751.60
homfam cytb 3206 6 82.1454 100 35.6 90.7 90.9 70.7 77.7 1468.3453 0:24:28 8018.45 104438.16 7695.15 7778.61 17.99 2.74 153.99 2274.08
homfam mmp 1427 6 157.93 180 55.1 95.5 96.6 86.4 91.5 1281.4099 0:21:21 8514.14 99706.39 8126.14 8209.98 1.99 1.97 150.79 1941.70
homfam phoslip 946 18 113.33 137 48.9 94.2 94.1 71.3 81.4 556.7457 0:09:16 8171.78 98805.94 7694.20 7855.85 1.99 1.36 116.37 658.02
homfam HLH 6781 5 53.5453 92 28.1 87.4 92.5 65.5 77.1 1015.3360 0:16:55 8195.47 99487.64 7781.98 7893.53 1.99 4.42 140.04 1431.81
homfam myb_DNA-binding 10398 5 46.5583 61 40.7 96.8 95.6 83.9 90.0 836.0185 0:13:56 8155.24 99550.93 7665.95 7787.33 1.98 6.25 122.76 1033.03
homfam msb 4884 8 106.037 158 26.6 85.3 86.8 58.6 71.4 868.5746 0:14:28 8353.31 98305.68 7930.18 8050.82 1.98 7.51 132.81 1154.96
homfam ghf1 4358 8 403.813 562 38.4 91.9 92.1 72.2 80.5 4814.1642 1:20:14 10745.99 102039.23 10269.44 10389.61 25.99 15.98 164.93 7941.04
homfam rvp 93681 6 94.2886 132 36.6 81.7 81.5 55.0 61.9 2693.9214 0:44:53 12607.71 102458.22 12274.52 12385.70 1.99 58.47 154.47 4162.81
homfam lyase_1 7632 5 295.082 511 30.9 81.6 81.5 63.6 66.8 4227.5280 1:10:27 10121.69 100906.69 9962.92 9989.09 1.99 10.62 170.38 7212.95
homfam ldh 7367 14 121.378 371 31.9 90.3 89.7 60.5 72.2 2104.5242 0:35:04 8744.25 99311.89 8463.33 8547.12 1.99 7.13 154.03 3249.41
homfam subt 7517 11 301.598 414 39.5 77.8 80.3 33.9 44.6 10966.7067 3:02:46 10795.18 101835.69 10480.42 10564.59 1.98 12.79 177.85 19513.21
homfam sodfe 4455 8 77.4471 219 42.3 91.2 90.3 65.1 68.9 1172.5855 0:19:32 8168.05 97725.74 7767.16 7915.62 1.99 3.39 144.37 1695.07
homfam LIM 6428 5 57.0143 86 52.8 97.9 97.9 87.8 95.8 644.1017 0:10:44 7956.56 97797.96 7591.01 7674.88 1.99 4.12 126.17 813.93
homfam blm 9105 8 300.727 274 39.1 82.6 85.0 68.9 71.1 6411.2981 1:46:51 10886.57 102103.85 10439.89 10606.14 60.71 13.36 177.24 11376.32
homfam DMRL_synthase 2099 5 140.59 182 33.2 93.4 90.5 73.4 82.5 863.4887 0:14:23 8453.61 98356.52 8017.60 8183.74 0.00 0.02 131.76 7.00
homfam tRNA-synt_2b 11293 5 177.564 467 18.7 46.4 45.4 23.3 32.8 3677.8630 1:01:17 9689.38 100731.94 9334.11 9417.44 1.99 11.73 175.78 6475.06
homfam Stap_Strp_toxin 640 6 87.3922 254 32.5 81.0 80.4 47.7 53.6 784.8854 0:13:04 7966.94 98704.36 7502.04 7633.56 1.99 1.32 131.09 1034.00
homfam Acetyltransf 46285 6 82.9897 229 24.1 56.1 63.2 29.1 36.3 4685.8997 1:18:05 11016.54 102090.23 10544.11 10682.82 13.97 34.51 175.65 8245.09
homfam ghf22 760 12 107.567 131 51.4 94.4 94.4 80.8 83.8 450.9343 0:07:30 7998.06 101430.32 7684.39 7788.50 1.99 1.19 122.55 554.02
homfam sdr 50157 13 163.253 361 23.3 78.8 78.0 34.7 45.4 4709.1797 1:18:29 12817.02 104038.68 12450.68 12616.92 1.96 55.02 165.23 7780.01
homfam ltn 1068 12 204.148 282 49.9 94.2 94.7 72.3 81.4 1170.9658 0:19:30 8552.13 98291.90 8168.42 8283.22 5.99 2.88 142.36 1669.54
homfam hpr 3349 5 83.0427 89 44.4 99.3 99.3 97.7 98.5 668.4365 0:11:08 7937.24 97881.36 7610.51 7719.10 1.99 2.90 117.29 785.52
homfam bowman 499 5 26.1443 73 64.9 93.9 93.9 82.9 84.9 353.7423 0:05:53 7609.09 97416.62 7243.52 7362.74 1.99 1.16 87.68 311.68
homfam hip 167 5 66.2096 88 33.4 88.2 87.2 69.0 78.2 370.6207 0:06:10 7509.45 97361.86 7021.98 7142.57 1.99 1.00 91.97 342.33
homfam HMG_box 4779 5 66.0716 89 24.8 94.5 93.9 79.0 86.8 736.1012 0:12:16 7852.50 97783.93 7553.93 7637.91 1.99 3.66 116.30 857.59
homfam icd 5678 5 328.887 433 41.7 93.6 94.0 82.6 85.9 4159.1323 1:09:19 10289.93 101569.60 9935.54 10019.22 5.99 8.82 169.28 7050.25
homfam peroxidase 4514 5 256.626 383 37.3 80.0 80.8 53.0 57.0 4094.9210 1:08:14 9575.18 100775.44 9048.52 9187.16 1.99 6.43 170.18 6980.11
homfam asp 3262 13 284.142 381 37.5 92.0 92.1 76.5 81.2 3315.3609 0:55:15 9888.10 101076.27 9348.86 9489.31 1.99 5.26 169.78 5632.05
homfam flav 4612 6 138.021 183 35.0 87.0 87.3 64.0 66.1 1625.2906 0:27:05 8375.23 99770.11 7925.91 8052.09 1.99 4.57 155.73 2541.57
homfam cah 1379 5 212.706 279 38.7 88.4 88.6 68.6 75.3 1478.7588 0:24:38 8625.94 98396.62 8193.75 8315.71 9.99 2.20 151.41 2244.57
homfam ace 3989 6 427.824 601 37.3 86.2 87.3 66.1 72.5 6275.7208 1:44:35 11345.44 102479.29 10868.43 11035.00 73.98 8.66 172.80 10846.21
homfam sti 613 5 165.383 198 36.4 88.5 87.7 69.0 76.2 619.2313 0:10:19 8580.93 98584.49 8178.40 8281.61 1.99 1.45 115.77 718.52
homfam aat 25100 10 337.807 476 28.6 73.2 73.9 30.6 34.6 8830.8410 2:27:10 14041.42 105168.60 13618.48 13757.29 1.98 36.60 172.19 15215.19
homfam oxidored_q6 3348 5 123.044 285 56.7 94.0 94.1 88.3 89.7 1471.4894 0:24:31 8360.84 99584.51 7886.91 8053.08 1.99 3.67 164.36 2426.91
homfam hormone_rec 3509 5 188.562 308 21.5 77.2 77.7 51.2 65.4 1735.0436 0:28:55 8918.23 100069.89 8456.53 8595.47 1.99 4.09 159.01 2767.88
homfam rhv 17976 6 143.424 938 33.1 32.9 45.3 3.0 3.7 12364.9172 3:26:04 9628.12 101263.30 9177.07 9343.19 1.99 15.42 168.84 20885.22
homfam tgfb 1606 8 95.4645 118 43.8 85.4 88.3 47.9 52.2 538.3288 0:08:58 8046.74 97935.22 7595.39 7734.41 1.99 1.96 137.01 740.61
homfam cryst 1160 7 80.8078 192 44.4 92.0 92.1 73.5 76.8 670.3447 0:11:10 8255.26 98163.29 7801.04 7921.72 1.99 1.75 119.07 799.65
homfam cyclo 6288 6 159.069 203 44.1 90.1 90.9 77.2 82.7 2143.9609 0:35:43 8751.41 100069.81 8287.80 8390.87 1.99 7.84 164.22 3523.91
homfam kunitz 2266 10 53.752 64 37.9 98.2 98.2 91.7 91.1 532.6701 0:08:52 7693.01 97632.82 7385.96 7469.88 0.00 0.02 102.16 5.04
homfam Rhodanese 14049 6 102.277 216 22.7 59.2 63.6 25.0 27.7 2255.7407 0:37:35 8805.26 100283.03 8446.20 8612.31 1.98 11.69 161.92 3654.08
homfam sodcu 2038 7 141.322 169 42.2 91.5 91.3 78.9 83.6 874.7842 0:14:34 8649.50 98978.85 8225.13 8316.85 1.99 2.70 146.31 1286.08
homfam profilin 687 5 123.371 144 39.7 96.0 96.0 90.6 91.0 528.6997 0:08:48 8377.88 98299.37 7930.15 8069.03 1.99 1.50 119.66 634.12
homfam glob 3983 41 100.684 174 31.7 95.2 94.7 72.9 75.7 925.4103 0:15:25 8234.31 99493.81 8015.44 8160.73 1.99 3.73 131.64 1226.34
homfam tim 3904 10 205.645 260 47.5 97.8 97.8 91.5 94.6 1683.4078 0:28:03 9187.28 100656.43 8710.69 8858.98 1.99 5.25 159.55 2689.57
homfam uce 4558 13 134.701 184 34.0 90.1 91.3 62.7 70.3 1174.7279 0:19:34 8802.03 99769.16 8267.69 8388.27 1.99 7.75 162.95 1913.28
homfam toxin 508 20 62.311 78 43.1 91.7 89.8 57.1 65.4 388.5560 0:06:28 7704.81 97588.73 7157.57 7278.14 1.99 1.15 92.18 359.61
homfam rub 1435 5 46.1575 54 62.1 97.6 97.6 88.9 90.2 303.1249 0:05:03 7586.23 97482.54 7106.97 7246.14 1.99 1.29 105.75 322.22
homfam hom 12037 8 53.4951 98 35.3 91.6 91.1 60.9 75.7 847.9717 0:14:07 8265.38 99202.85 7898.64 8001.98 1.99 6.84 123.11 1051.66
homfam biotin_lipoyl 11833 7 71.8928 112 28.9 95.9 94.3 81.2 84.2 952.8592 0:15:52 8420.83 98229.32 7939.09 8059.34 1.99 8.23 142.68 1361.43
homfam cys 4316 13 198.11 284 40.5 93.7 93.3 64.6 78.3 1782.8925 0:29:42 9252.75 100298.38 8832.39 8971.38 1.99 5.92 159.87 2853.77
homfam ghf11 521 5 167.758 202 49.5 93.6 93.3 82.8 83.7 793.2889 0:13:13 8319.59 98201.73 7774.30 7913.35 1.99 1.48 117.11 930.40
homfam blmb 17200 6 192.465 344 20.6 65.5 70.4 36.4 47.0 78026.2598 21:40:26 16334.93 19009.20 16259.69 16287.40 1.98 18.31 192.93 150542.26
homfam aadh 3127 8 225.129 542 38.2 85.8 86.1 52.6 58.5 2117.5970 0:35:17 8822.58 100223.92 8436.27 8539.59 1.99 4.60 159.47 3385.85
homfam DEATH 1183 7 80.5689 159 19.6 69.0 69.5 27.4 37.3 586.1567 0:09:46 8052.64 98018.69 7639.18 7752.05 1.99 1.69 118.68 697.31
homfam Sulfotransfer 2489 5 235.798 381 26.2 63.9 74.4 38.5 45.0 3393.2014 0:56:33 9036.73 100382.07 8527.17 8647.67 1.99 4.29 174.19 5920.16
homfam serpin 3144 8 291.462 418 34.3 95.9 95.3 83.4 90.0 3007.0268 0:50:07 10136.74 101240.99 9681.18 9820.34 1.99 4.80 170.98 5152.26
homfam proteasome 5732 17 174.347 309 21.7 82.5 81.1 31.4 47.0 1587.0206 0:26:27 8796.41 99657.02 8282.82 8448.01 5.99 6.09 156.39 2491.91
homfam zf-CCHH 88345 15 23.2513 39 35.5 96.8 96.2 88.6 93.0 1138.4337 0:18:58 9303.48 98965.26 8826.31 8992.05 8.00 0.02 137.80 11.68
homfam egf 7774 12 32.0765 71 31.1 69.1 72.2 27.9 31.6 583.8851 0:09:43 7953.18 97664.53 7586.93 7670.80 1.98 4.50 118.25 691.97
homfam annexin 3139 6 65.1902 323 57.2 100.0 100.0 100.0 100.0 1388.1959 0:23:08 8420.23 98158.58 7938.93 8105.36 1.99 2.39 157.29 2185.13
homfam OTCace 4795 5 157.005 350 37.3 96.6 96.6 88.7 91.7 1484.7067 0:24:44 8759.77 99041.71 8383.10 8530.30 1.99 4.98 161.06 2396.99
homfam rnasemam 498 6 120.072 141 42.2 92.7 89.4 69.4 80.2 496.3301 0:08:16 8247.89 98161.40 7833.96 7917.71 1.99 1.06 102.89 512.34
homfam adh 21331 5 123.64 375 63.9 95.5 95.9 88.3 88.5 3379.9294 0:56:19 9759.53 100935.62 9330.07 9441.00 1.98 38.63 170.24 5755.65
homfam il8 1073 11 63.7623 81 34.5 90.2 90.0 67.5 76.9 456.4670 0:07:36 7663.86 97540.42 7320.39 7408.79 1.99 1.15 104.38 478.00
homfam hr 3707 5 65.1513 82 53.3 99.1 99.1 94.9 99.1 780.9850 0:13:00 7871.01 97753.78 7521.18 7632.32 49.99 2.90 120.95 948.81
homfam ChtBD 774 5 38.2713 45 59.3 98.3 98.1 93.0 94.7 334.5295 0:05:34 7497.68 97381.65 7169.09 7253.58 1.99 1.27 94.86 318.81
homfam gluts 10099 14 98.1117 235 39.4 89.0 90.0 66.1 70.7 3038.1855 0:50:38 8776.05 99846.98 8665.18 8722.07 0.00 0.02 163.65 18.39
homfam ghf5 2717 6 260.466 470 17.8 65.2 65.2 33.2 47.1 3498.7206 0:58:18 9400.57 100645.06 8926.42 9047.16 1.99 4.57 174.55 6114.07
homfam ghf13 12607 10 264.452 626 26.8 64.8 64.8 28.2 37.2 7930.0201 2:12:10 11452.75 102569.13 11086.57 11197.48 21.99 16.60 179.99 14283.49
homfam PDZ 14950 6 80.8907 110 30.6 88.4 88.1 73.7 76.6 1514.5098 0:25:14 8722.74 100007.48 8224.95 8371.77 1.98 11.45 151.60 2305.79
homfam az 1086 29 100.416 215 33.4 75.4 75.2 42.9 47.3 586.1215 0:09:46 8160.33 99347.85 7742.90 7894.71 1.99 1.45 124.78 738.24
homfam hla 13465 5 153.148 178 76.5 100.0 100.0 100.0 100.0 1580.8379 0:26:20 9851.00 99744.07 9761.13 9787.30 1.99 13.66 146.64 2319.64
homfam slectin 932 5 133.052 142 33.3 95.1 95.0 87.6 91.3 821.6774 0:13:41 8108.27 99436.39 7632.14 7778.61 1.99 1.68 133.61 1104.40
homfam GEL 2195 5 78.1157 150 23.7 69.6 69.3 39.0 54.9 827.2788 0:13:47 8079.23 98866.20 7687.34 7778.18 1.99 2.30 115.58 964.82
homfam kringle 1091 9 75.9138 100 43.3 94.8 93.8 77.5 82.2 519.8814 0:08:39 7802.91 97738.93 7384.55 7523.48 1.99 1.29 100.89 526.08
homfam p450 21013 12 331.506 512 20.8 77.6 77.7 35.5 44.6 10987.0421 3:03:07 14646.47 105827.87 14248.59 14359.68 1.98 32.70 170.96 18793.64
homfam gpdh 7691 8 129.082 360 55.1 96.3 96.1 88.3 91.3 2006.5362 0:33:26 9008.80 100013.46 8554.18 8674.57 1.99 13.91 159.34 3198.10
homfam int 7572 5 168.037 219 22.5 81.6 83.0 57.4 63.2 2573.2190 0:42:53 9046.47 100334.31 8675.59 8759.01 5.98 8.18 169.05 4360.95
homfam KAS 2070 6 174.528 404 31.7 87.8 86.5 70.5 75.8 1498.4613 0:24:58 8929.33 98805.72 8632.94 8716.64 1.99 2.59 154.66 2318.75
homfam trfl 837 7 242.315 702 61.9 94.5 95.9 88.2 88.2 47385.9188 13:09:45 18262.09 20713.09 18197.48 18225.89 1.99 1.62 192.34 91153.48
homfam TNF 556 5 119.903 176 32.0 83.4 82.6 68.8 74.0 458.0467 0:07:38 8394.64 98131.11 8035.25 8137.49 1.99 1.05 119.33 548.24
homfam scorptoxin 363 8 53.2562 74 46.3 90.8 89.9 75.3 80.7 345.1623 0:05:45 7541.30 97425.00 7175.51 7260.00 1.99 1.04 75.64 262.73
homfam aldosered 13277 7 268.547 386 41.6 87.9 89.9 70.8 77.7 5656.5141 1:34:16 10820.62 102049.31 10474.05 10557.42 5.98 18.36 170.58 9658.55
homfam rrm 27610 20 67.4587 157 22.9 83.3 81.4 22.5 30.7 1383.3670 0:23:03 8902.01 98753.06 8561.15 8672.30 65.98 29.73 150.96 2090.01
