homfam ricin 747 7 198.708 281 37.5 89.4 89.6 74.7 82.3 344.2732 0:05:44 6755.07 101959.34 6337.21 6448.41 1.99 1.55 140.49 492.21
homfam ghf10 1502 5 220.34 364 43.3 90.1 90.1 75.9 82.4 589.2030 0:09:49 6730.07 103252.98 6587.39 6614.24 1.99 2.88 156.79 932.88
homfam seatoxin 93 5 43.6344 54 42.6 67.1 65.3 18.4 15.5 143.0929 0:02:23 6353.53 102922.71 5877.72 6028.53 1.99 0.66 130.30 187.99
homfam mofe 2567 6 353.074 609 30.0 81.7 82.9 60.6 70.1 1921.0850 0:32:01 7141.82 98647.82 6777.43 6942.03 1.99 4.23 156.18 3008.14
homfam cyt3 385 6 92.3065 130 40.3 80.8 80.9 59.3 67.8 158.1329 0:02:38 6542.12 99910.14 6176.48 6295.29 1.99 0.88 115.43 183.95
homfam ins 793 6 65.2825 74 44.9 93.2 94.6 65.2 83.9 284.5399 0:04:44 6671.16 99912.77 6194.97 6337.75 1.99 1.43 130.91 380.88
homfam Ald_Xan_dh_2 2589 6 109.304 885 31.8 83.0 83.0 62.7 71.6 1411.3683 0:23:31 6537.14 99236.00 6478.30 6504.71 1.99 2.96 159.89 2264.68
homfam tms 2118 5 264.245 357 45.9 95.6 95.1 83.9 90.6 979.2758 0:16:19 7078.08 103293.76 6601.99 6740.73 1.99 3.61 154.37 1518.86
homfam phc 2957 12 98.4711 179 37.2 93.1 94.1 72.6 80.3 349.6740 0:05:49 6678.63 102919.15 6202.57 6405.92 1.99 2.63 158.56 554.04
homfam cytb 3206 6 82.1454 100 35.6 89.1 88.9 66.3 71.5 583.7511 0:09:43 6591.37 99911.87 6227.22 6393.60 1.99 3.03 153.54 904.83
homfam mmp 1427 6 157.93 180 55.1 96.6 96.6 88.8 94.0 562.5138 0:09:22 6762.04 102921.99 6286.46 6425.14 1.99 2.00 157.08 894.04
homfam phoslip 946 18 113.33 137 48.9 92.9 92.6 71.3 80.1 260.1698 0:04:20 6619.27 98053.43 6255.43 6338.70 0.00 0.77 107.64 289.61
homfam HLH 6781 5 53.5453 92 28.1 89.0 93.9 65.5 77.1 466.9841 0:07:46 6640.26 99910.28 6164.16 6284.49 1.99 4.26 143.30 673.63
homfam myb_DNA-binding 10398 5 46.5583 61 40.7 94.4 93.3 78.6 84.0 265.8864 0:04:25 6654.34 99910.05 6337.99 6478.20 1.98 5.90 123.47 333.19
homfam msb 4884 8 106.037 158 26.6 85.2 87.6 59.3 72.0 299.6612 0:04:59 6665.73 102988.52 6300.29 6383.80 1.98 4.79 144.12 437.23
homfam ghf1 4358 8 403.813 562 38.4 91.3 91.6 69.6 78.1 1927.9072 0:32:07 7479.79 103194.93 7003.77 7142.47 1.99 8.32 161.88 3122.82
homfam rvp 93681 6 94.2886 132 36.6 83.2 83.4 56.8 63.9 688.8450 0:11:28 7742.09 102926.18 7266.20 7414.75 1.99 58.91 145.49 1003.18
homfam lyase_1 7632 5 295.082 511 30.9 83.3 83.4 65.4 70.2 1360.3346 0:22:40 7153.58 103193.30 6787.92 6952.92 1.99 10.07 155.15 2117.21
homfam ldh 7367 14 121.378 371 31.9 89.0 88.4 58.4 70.1 613.6575 0:10:13 6864.33 103009.17 6498.57 6663.51 1.99 7.09 144.28 889.91
homfam subt 7517 11 301.598 414 39.5 78.4 79.5 29.6 41.9 5044.5511 1:24:04 7328.78 103221.26 6958.01 7064.16 5.98 12.32 180.55 9112.93
homfam sodfe 4455 8 77.4471 219 42.3 90.9 89.9 66.0 69.5 404.1426 0:06:44 6606.30 97903.54 6240.71 6351.34 1.99 3.29 132.46 537.23
homfam LIM 6428 5 57.0143 86 52.8 97.9 97.9 87.8 95.8 223.1009 0:03:43 6510.32 103139.21 6144.74 6309.69 1.99 4.04 124.34 277.90
homfam blm 9105 8 300.727 274 39.1 65.7 68.9 45.3 47.2 2329.7350 0:38:49 7403.78 102930.19 7038.67 7203.53 1.98 13.38 164.25 3833.54
homfam DMRL_synthase 2099 5 140.59 182 33.2 92.7 90.0 74.6 83.3 239.4324 0:03:59 6802.67 99913.25 6326.71 6469.52 1.99 2.29 137.79 335.58
homfam tRNA-synt_2b 11293 5 177.564 467 18.7 50.6 49.5 25.6 36.0 1629.0091 0:27:09 6970.92 103246.02 6605.91 6689.33 1.99 11.72 177.30 2893.99
homfam Stap_Strp_toxin 640 6 87.3922 254 32.5 79.1 78.3 46.9 53.5 264.3637 0:04:24 6683.80 102918.20 6318.49 6402.01 1.99 1.33 148.09 397.48
homfam Acetyltransf 46285 6 82.9897 229 24.1 62.7 64.2 31.7 41.1 2635.5989 0:43:55 7278.24 98717.25 7164.91 7193.67 1.97 33.22 187.41 4944.46
homfam ghf22 760 12 107.567 131 51.4 93.7 94.0 81.5 85.2 182.1136 0:03:02 6620.02 96158.49 6144.27 6317.96 1.99 1.11 127.34 233.46
homfam sdr 50157 13 163.253 361 23.3 74.5 74.9 32.8 44.1 1974.0526 0:32:54 7485.90 103636.05 7168.44 7309.23 1.97 55.74 165.64 3267.39
homfam ltn 1068 12 204.148 282 49.9 93.0 93.5 70.0 79.1 403.8646 0:06:43 6760.33 97759.14 6395.30 6561.58 1.99 2.14 144.94 593.72
homfam hpr 3349 5 83.0427 89 44.4 99.3 99.3 97.7 98.5 196.0486 0:03:16 6646.84 97992.07 6281.62 6385.81 1.99 2.54 120.09 236.94
homfam bowman 499 5 26.1443 73 64.9 94.5 94.5 82.9 84.9 104.6263 0:01:44 6360.80 99525.79 5884.94 6051.45 1.99 0.74 87.81 93.41
homfam hip 167 5 66.2096 88 33.4 86.1 85.3 60.7 72.4 153.7908 0:02:33 6404.99 102919.20 6040.03 6123.55 1.99 0.99 119.10 184.66
homfam HMG_box 4779 5 66.0716 89 24.8 93.9 93.4 77.8 85.4 186.9656 0:03:06 6553.05 101957.70 6077.21 6243.71 1.99 5.37 125.89 236.92
homfam icd 5678 5 328.887 433 41.7 94.9 95.2 86.0 89.0 1818.9524 0:30:18 7329.93 103158.91 6853.94 6992.69 1.99 8.44 158.74 2895.92
homfam peroxidase 4514 5 256.626 383 37.3 79.7 80.7 51.3 55.2 2246.4860 0:37:26 6984.61 103082.81 6618.87 6702.40 1.99 6.55 179.07 4023.71
homfam asp 3262 13 284.142 381 37.5 91.3 91.7 71.4 78.0 1396.1805 0:23:16 7069.32 103163.33 6704.23 6814.49 1.99 11.42 168.32 2348.65
homfam flav 4612 6 138.021 183 35.0 82.5 82.9 57.1 58.9 691.3211 0:11:31 6755.59 103214.02 6390.42 6555.25 1.99 4.28 159.16 1110.72
homfam cah 1379 5 212.706 279 38.7 88.1 88.5 66.8 74.0 390.3166 0:06:30 6737.52 102919.79 6373.88 6515.28 1.99 2.10 145.22 573.61
homfam ace 3989 6 427.824 601 37.3 86.1 86.6 67.3 74.2 3197.0692 0:53:17 7600.50 103016.77 7124.48 7263.24 1.99 8.50 165.89 5306.86
homfam sti 613 5 165.383 198 36.4 88.8 88.4 69.0 77.2 223.8108 0:03:43 6722.04 96276.16 6245.80 6384.54 1.99 1.41 125.42 282.20
homfam aat 25100 10 337.807 476 28.6 78.0 78.6 51.2 57.0 3525.5438 0:58:45 7812.24 103126.44 7447.02 7611.94 25.98 35.57 162.11 5717.41
homfam oxidored_q6 3348 5 123.044 285 56.7 91.6 93.4 83.8 85.6 513.4620 0:08:33 6726.44 103244.66 6360.22 6471.47 1.99 3.52 161.10 833.96
homfam hormone_rec 3509 5 188.562 308 21.5 73.9 75.3 50.2 63.8 660.2594 0:11:00 6828.29 102060.91 6463.05 6627.89 1.99 6.93 166.34 1098.76
homfam rhv 17976 6 143.424 938 33.1 34.6 48.6 5.0 4.2 5892.0000 1:38:11 6924.68 98512.16 6450.95 6593.50 60.00 0.79 171.60 10112.78
homfam tgfb 1606 8 95.4645 118 43.8 81.6 85.5 31.6 39.1 146.0187 0:02:26 6508.83 101993.99 6032.64 6205.84 1.99 1.55 129.98 191.20
homfam cryst 1160 7 80.8078 192 44.4 92.2 91.9 72.9 75.7 196.9372 0:03:16 6655.38 102923.11 6179.16 6345.75 1.99 1.26 118.62 235.11
homfam cyclo 6288 6 159.069 203 44.1 86.3 88.0 69.8 75.4 1133.0649 0:18:53 6771.16 103183.55 6295.14 6432.75 1.99 7.73 152.69 1740.33
homfam kunitz 2266 10 53.752 64 37.9 97.5 97.5 88.3 87.5 152.4684 0:02:32 6461.67 99911.89 6096.68 6248.73 1.99 1.88 111.54 171.57
homfam Rhodanese 14049 6 102.277 216 22.7 75.3 82.9 55.7 57.6 782.0982 0:13:02 6819.65 101960.16 6684.20 6713.13 1.98 11.46 162.59 1277.38
homfam sodcu 2038 7 141.322 169 42.2 88.5 89.1 72.3 77.2 283.6677 0:04:43 6697.88 99909.39 6222.42 6361.25 1.99 2.32 134.64 392.47
homfam profilin 687 5 123.371 144 39.7 93.1 93.1 83.6 85.1 216.9109 0:03:36 6632.25 99909.13 6155.65 6294.42 1.99 1.17 131.09 293.10
homfam glob 3983 41 100.684 174 31.7 95.7 95.4 70.6 74.0 282.4402 0:04:42 6660.69 103058.77 6184.35 6304.74 1.99 3.74 136.29 393.37
homfam tim 3904 10 205.645 260 47.5 98.1 97.9 93.1 96.2 678.7617 0:11:18 6872.36 103250.75 6507.66 6672.36 1.99 5.25 145.44 988.59
homfam uce 4558 13 134.701 184 34.0 91.0 90.8 54.8 63.6 377.3472 0:06:17 6892.45 103116.89 6526.89 6691.72 1.99 9.62 158.86 599.31
homfam toxin 508 20 62.311 78 43.1 92.6 91.1 62.3 69.4 113.1510 0:01:53 6363.00 101959.22 5887.27 6025.94 1.99 0.85 126.04 144.27
homfam rub 1435 5 46.1575 54 62.1 98.4 98.4 92.6 93.5 129.6022 0:02:09 6443.21 99910.17 5967.16 6105.91 1.99 1.27 102.04 133.73
homfam hom 12037 8 53.4951 98 35.3 93.8 93.5 68.1 83.3 255.9193 0:04:15 6621.11 99912.77 6145.12 6365.24 1.99 6.51 130.19 334.71
homfam biotin_lipoyl 11833 7 71.8928 112 28.9 94.6 93.0 75.3 81.0 264.6419 0:04:24 6720.50 103141.39 6355.57 6520.28 1.99 7.91 143.18 380.37
homfam cys 4316 13 198.11 284 40.5 93.9 93.6 70.5 80.3 743.1755 0:12:23 6964.13 102990.62 6488.44 6708.53 1.99 6.00 150.98 1127.07
homfam ghf11 521 5 167.758 202 49.5 90.6 90.4 80.2 81.3 249.2719 0:04:09 6710.86 99910.24 6234.72 6373.62 1.99 1.16 134.14 335.85
homfam blmb 17200 6 192.465 344 20.6 64.8 69.8 37.8 48.2 2780.1760 0:46:20 7417.17 103178.49 6940.95 7161.07 1.98 19.00 185.15 5144.47
homfam aadh 3127 8 225.129 542 38.2 85.2 85.7 48.8 54.6 1062.3918 0:17:42 6911.54 103182.87 6835.52 6864.23 1.99 4.39 159.72 1705.21
homfam DEATH 1183 7 80.5689 159 19.6 78.2 79.2 43.5 59.2 180.3842 0:03:00 6592.77 99911.77 6212.36 6331.78 1.99 1.60 128.62 233.03
homfam Sulfotransfer 2489 5 235.798 381 26.2 69.9 72.3 41.6 51.2 1155.5211 0:19:15 6850.26 99913.03 6374.21 6540.20 1.99 3.96 167.84 1942.81
homfam serpin 3144 8 291.462 418 34.3 95.5 94.9 82.7 89.4 1187.8881 0:19:47 7195.66 103204.48 6719.95 6858.60 1.99 4.94 159.77 1907.42
homfam proteasome 5732 17 174.347 309 21.7 84.2 83.1 39.3 58.8 656.9394 0:10:56 6852.37 103171.66 6375.97 6495.98 1.99 6.35 139.49 924.09
homfam zf-CCHH 88345 15 23.2513 39 35.5 97.1 96.5 88.6 93.0 379.3278 0:06:19 7010.50 103266.38 6534.47 6654.79 0.00 0.02 124.28 4.68
homfam egf 7774 12 32.0765 71 31.1 78.5 79.4 36.8 41.9 171.9512 0:02:51 6479.82 99911.02 6301.91 6371.95 1.98 4.43 135.83 235.68
homfam annexin 3139 6 65.1902 323 57.2 99.6 99.8 99.4 99.4 440.0566 0:07:20 6706.59 103057.21 6230.41 6369.20 1.99 4.37 148.93 656.98
homfam OTCace 4795 5 157.005 350 37.3 96.3 96.3 88.4 91.5 516.7015 0:08:36 6788.28 103189.79 6422.48 6587.32 1.99 5.02 149.59 778.83
homfam rnasemam 498 6 120.072 141 42.2 94.4 91.5 72.4 83.4 177.5597 0:02:57 6545.93 99622.07 6070.30 6208.99 1.99 1.26 131.18 234.53
homfam adh 21331 5 123.64 375 63.9 95.5 96.0 88.5 88.8 1133.8894 0:18:53 6966.14 103066.08 6490.11 6628.85 1.98 18.95 164.02 1866.69
homfam il8 1073 11 63.7623 81 34.5 88.4 88.1 57.1 65.8 146.1580 0:02:26 6571.39 99911.87 6095.69 6234.46 1.99 1.10 124.74 183.92
homfam hr 3707 5 65.1513 82 53.3 99.1 99.1 94.9 99.1 209.9303 0:03:29 6464.27 101958.59 6099.15 6193.62 1.99 2.54 136.90 296.41
homfam ChtBD 774 5 38.2713 45 59.3 99.3 99.0 95.3 97.1 120.3599 0:02:00 6514.22 99916.75 6038.42 6185.92 1.99 0.97 111.17 135.33
homfam gluts 10099 14 98.1117 235 39.4 88.4 89.0 64.4 67.5 1190.7609 0:19:50 6790.61 99912.73 6314.99 6535.25 1.98 8.06 169.43 2028.01
homfam ghf5 2717 6 260.466 470 17.8 65.5 67.3 35.2 49.6 1330.0339 0:22:10 6975.05 103131.36 6609.62 6774.44 1.99 7.94 173.72 2310.05
homfam ghf13 12607 10 264.452 626 26.8 59.9 62.2 24.8 33.1 4087.5916 1:08:07 7322.76 103192.05 7249.05 7277.89 1.99 15.75 184.58 7551.00
homfam PDZ 14950 6 80.8907 110 30.6 89.7 89.4 76.8 80.0 480.0933 0:08:00 6953.03 99912.77 6588.20 6752.90 1.98 10.72 157.64 764.62
homfam az 1086 29 100.416 215 33.4 73.8 74.4 36.4 34.7 204.4048 0:03:24 6641.41 101236.84 6165.29 6320.87 1.99 1.43 140.27 293.86
homfam hla 13465 5 153.148 178 76.5 99.0 99.7 98.3 98.3 429.3035 0:07:09 7007.13 103270.82 6531.46 6751.51 1.99 13.41 140.98 606.81
homfam slectin 932 5 133.052 142 33.3 94.4 94.9 85.4 88.9 354.6945 0:05:54 6619.79 101958.43 6244.02 6355.15 1.99 1.39 142.81 516.90
homfam GEL 2195 5 78.1157 150 23.7 66.9 67.1 34.9 49.0 204.6019 0:03:24 6625.32 99912.95 6259.51 6343.07 1.99 1.90 140.16 291.82
homfam kringle 1091 9 75.9138 100 43.3 93.5 92.6 73.0 78.5 160.7388 0:02:40 6531.11 99912.58 6165.77 6249.31 1.99 1.55 112.44 181.74
homfam p450 21013 12 331.506 512 20.8 69.9 72.5 32.7 40.0 4593.4157 1:16:33 8228.99 99562.28 7726.09 7864.94 64.00 0.78 166.47 7645.91
homfam gpdh 7691 8 129.082 360 55.1 96.3 96.2 88.5 91.4 546.1079 0:09:06 6848.42 103250.05 6483.00 6566.45 1.99 7.96 152.41 838.88
homfam int 7572 5 168.037 219 22.5 82.6 85.2 59.9 65.9 1073.9342 0:17:53 6867.89 101959.80 6502.40 6613.69 1.98 8.26 169.11 1824.01
homfam KAS 2070 6 174.528 404 31.7 87.2 86.9 70.2 76.1 517.4652 0:08:37 6953.14 102935.23 6477.18 6643.17 1.99 4.40 140.22 727.08
homfam trfl 837 7 242.315 702 61.9 93.9 94.9 87.6 87.3 937.9848 0:15:37 7018.70 99909.26 6653.26 6736.70 1.99 1.96 157.73 1487.46
homfam TNF 556 5 119.903 176 32.0 80.2 81.0 63.7 70.4 192.0954 0:03:12 6586.99 102921.91 6159.44 6295.88 1.99 1.28 121.59 235.13
homfam scorptoxin 363 8 53.2562 74 46.3 92.1 91.2 75.3 81.8 122.5265 0:02:02 6442.30 99911.88 6077.07 6187.72 1.99 0.77 105.18 130.39
homfam aldosered 13277 7 268.547 386 41.6 86.4 88.9 67.4 73.6 1732.3983 0:28:52 7344.59 103096.34 6978.71 7062.32 1.98 46.60 169.42 2936.59
homfam rrm 27610 20 67.4587 157 22.9 82.8 83.0 20.7 28.1 318.5411 0:05:18 6799.99 96338.84 6436.22 6600.46 4.00 0.43 133.33 426.66
