homfam ricin 747 7 198.708 281 37.5 91.4 92.4 76.2 85.0 924.6962 0:15:24 8494.24 99750.83 8051.60 8201.74 1.99 1.36 138.13 1281.45

homfam ghf10 1502 5 220.34 364 43.3 91.9 92.3 79.6 84.8 1738.1171 0:28:58 9064.86 100276.48 8636.88 8720.40 1.99 2.43 156.58 2730.64

homfam seatoxin 93 5 43.6344 54 42.6 61.3 72.8 4.1 2.8 330.8822 0:05:30 7463.82 97196.57 6988.36 7112.33 1.99 0.89 90.46 300.96

homfam mofe 2567 6 353.074 609 30.0 85.5 86.5 65.1 74.4 3070.6440 0:51:10 10381.37 101464.35 9976.07 10059.53 1.99 4.39 167.04 5138.71

homfam cyt3 385 6 92.3065 130 40.3 80.1 80.7 55.9 63.5 427.2851 0:07:07 7901.12 98763.59 7508.68 7651.18 1.99 0.93 104.11 454.05

homfam ins 793 6 65.2825 74 44.9 87.9 87.3 55.1 77.1 674.8276 0:11:14 8393.34 99414.04 7940.72 8028.23 1.99 1.41 129.99 886.03

homfam Ald_Xan_dh_2 2589 6 109.304 885 31.8 83.2 83.3 63.8 72.0 3630.8579 1:00:30 8127.89 99493.50 7683.87 7803.86 1.99 2.59 167.14 6076.00

homfam tms 2118 5 264.245 357 45.9 96.2 96.1 84.9 91.4 2380.7108 0:39:40 9016.73 100355.79 8771.62 8855.10 1.99 3.48 167.99 4007.57

homfam phc 2957 12 98.4711 179 37.2 71.2 92.3 40.8 44.5 1231.2209 0:20:31 8438.03 99483.50 7877.29 8042.26 1.99 2.79 146.69 1812.66

homfam cytb 3206 6 82.1454 100 35.6 90.7 90.9 71.7 80.9 1363.2537 0:22:43 8079.55 99400.38 7569.82 7728.00 81.99 3.01 147.15 2016.62

homfam mmp 1427 6 157.93 180 55.1 96.9 97.4 88.8 93.8 1305.1147 0:21:45 8550.02 99759.51 8159.67 8298.43 1.99 2.22 148.15 1942.82

homfam phoslip 946 18 113.33 137 48.9 95.8 95.6 76.5 86.9 552.7570 0:09:12 8012.65 97871.29 7628.83 7785.17 1.99 1.58 113.14 626.96

homfam HLH 6781 5 53.5453 92 28.1 89.7 94.5 69.0 77.5 838.5432 0:13:58 8130.09 99441.25 7726.71 7865.36 1.99 4.34 147.36 1243.34

homfam myb_DNA-binding 10398 5 46.5583 61 40.7 96.8 95.6 83.9 90.0 856.3316 0:14:16 8135.84 99003.08 7692.54 7795.55 1.98 6.21 120.38 1037.92

homfam msb 4884 8 106.037 158 26.6 85.1 88.8 58.6 72.1 909.1687 0:15:09 8305.84 99124.25 7837.92 7966.97 1.98 4.78 133.99 1222.38

homfam ghf1 4358 8 403.813 562 38.4 90.1 91.6 67.4 75.4 4972.4935 1:22:52 10859.27 102044.62 10384.75 10504.44 0.00 0.71 169.47 8431.95

homfam rvp 93681 6 94.2886 132 36.6 82.0 82.4 53.2 59.9 2601.8989 0:43:21 12600.60 103357.08 12219.87 12330.07 0.00 0.02 155.21 20.64

homfam lyase_1 7632 5 295.082 511 30.9 82.3 82.1 63.2 67.9 3810.3899 1:03:30 10221.68 99998.17 10121.50 10147.67 1.99 10.55 168.33 6415.04

homfam ldh 7367 14 121.378 371 31.9 90.4 89.8 59.7 71.6 1970.4923 0:32:50 8817.19 99279.06 8274.43 8400.35 1.99 7.38 155.05 3063.77

homfam subt 7517 11 301.598 414 39.5 76.3 82.9 31.9 40.3 9675.4775 2:41:15 10719.35 101688.66 10255.45 10393.82 1.98 13.89 179.55 17381.72

homfam sodfe 4455 8 77.4471 219 42.3 91.0 90.2 65.1 68.9 1144.5776 0:19:04 8224.10 99018.51 7796.72 7885.21 1.99 3.59 138.96 1595.57

homfam LIM 6428 5 57.0143 86 52.8 97.3 97.3 86.6 94.2 621.2101 0:10:21 7905.89 97726.76 7508.57 7592.20 0.00 0.02 123.45 4.71

homfam blm 9105 8 300.727 274 39.1 97.2 97.3 89.5 91.4 7231.1343 2:00:31 10855.04 102136.58 10490.26 10606.45 81.98 13.21 180.24 13042.99

homfam DMRL_synthase 2099 5 140.59 182 33.2 91.5 89.0 71.6 80.5 852.8747 0:14:12 8417.79 98312.53 7904.91 8054.52 9.99 3.21 140.69 1201.29

homfam tRNA-synt_2b 11293 5 177.564 467 18.7 51.0 50.8 25.6 35.3 3752.6276 1:02:32 9605.27 100689.02 9344.83 9427.97 1.99 12.05 171.39 6443.26

homfam Stap_Strp_toxin 640 6 87.3922 254 32.5 77.2 76.8 40.3 46.0 783.4692 0:13:03 7845.79 98803.50 7486.68 7626.52 1.99 1.30 128.25 1007.71

homfam Acetyltransf 46285 6 82.9897 229 24.1 64.0 64.1 34.9 44.7 4458.6373 1:14:18 10979.95 102027.54 10610.18 10697.56 49.96 33.99 174.70 7792.55

homfam ghf22 760 12 107.567 131 51.4 94.0 94.0 76.9 80.5 559.5259 0:09:19 8209.93 98069.68 7670.73 7815.79 1.99 1.43 96.64 542.22

homfam sdr 50157 13 163.253 361 23.3 76.1 75.0 32.5 43.9 4162.9538 1:09:22 12778.20 104009.39 12297.78 12436.19 1.95 55.53 162.26 6755.10

homfam ltn 1068 12 204.148 282 49.9 94.5 95.1 71.5 80.1 1039.7278 0:17:19 8470.30 99299.26 8032.65 8171.31 1.99 2.06 141.81 1481.28

homfam hpr 3349 5 83.0427 89 44.4 99.3 99.3 97.7 98.5 620.2054 0:10:20 7923.95 99912.86 7517.29 7720.72 1.99 2.59 131.71 818.37

homfam bowman 499 5 26.1443 73 64.9 94.5 94.5 82.9 84.9 352.4038 0:05:52 7581.29 97376.07 7035.13 7155.32 1.99 1.12 86.32 305.69

homfam hip 167 5 66.2096 88 33.4 87.2 86.1 66.7 75.2 333.5381 0:05:33 7638.31 97454.74 7162.59 7381.63 1.99 0.95 98.01 328.36

homfam HMG_box 4779 5 66.0716 89 24.8 97.3 96.2 85.2 93.9 667.3916 0:11:07 7873.34 97750.34 7332.54 7479.88 1.99 3.46 123.80 827.82

homfam icd 5678 5 328.887 433 41.7 93.8 94.3 82.9 86.4 3669.5667 1:01:09 10297.16 101553.43 9913.55 9996.95 1.99 8.69 166.39 6116.01

homfam peroxidase 4514 5 256.626 383 37.3 75.5 80.9 47.9 52.4 3688.7382 1:01:28 9398.23 100931.47 9018.20 9156.61 1.99 13.27 177.51 6547.07

homfam asp 3262 13 284.142 381 37.5 92.1 92.1 74.3 79.9 2849.3755 0:47:29 9816.73 103228.52 9394.12 9532.93 1.99 5.29 169.40 4830.43

homfam flav 4612 6 138.021 183 35.0 81.4 81.9 54.3 56.3 1403.1856 0:23:23 8297.09 99686.23 7869.48 8008.24 1.99 4.50 158.00 2225.16

homfam cah 1379 5 212.706 279 38.7 88.6 88.8 69.0 76.1 1279.4674 0:21:19 8602.81 99481.25 8131.61 8251.74 17.99 2.37 140.81 1805.94

homfam ace 3989 6 427.824 601 37.3 86.0 86.8 64.4 71.5 6002.4817 1:40:02 11336.07 102465.09 10926.17 11046.21 1.98 8.50 168.65 10122.02

homfam sti 613 5 165.383 198 36.4 89.3 88.4 70.7 78.1 599.5712 0:09:59 8552.70 98575.38 8310.56 8413.75 1.99 1.40 114.52 688.29

homfam aat 25100 10 337.807 476 28.6 66.7 67.6 31.3 36.3 10382.7456 2:53:02 14031.52 105117.85 13602.73 13741.16 1.98 37.84 175.43 18222.43

homfam oxidored_q6 3348 5 123.044 285 56.7 92.8 92.9 85.7 87.1 1423.2877 0:23:43 8281.56 99912.14 7911.98 8059.96 1.99 3.14 160.25 2289.03

homfam hormone_rec 3509 5 188.562 308 21.5 71.2 73.5 45.2 58.0 1768.5364 0:29:28 8905.46 100031.32 8407.53 8527.89 1.99 3.82 165.91 2944.81

homfam rhv 17976 6 143.424 938 33.1 30.9 43.8 1.7 0.2 11284.1609 3:08:04 9703.57 101283.98 9227.29 9393.75 1.99 15.36 168.77 19051.83

homfam tgfb 1606 8 95.4645 118 43.8 82.2 84.8 30.8 37.4 535.5127 0:08:55 7954.86 97829.34 7553.79 7674.29 1.99 2.06 137.13 735.75

homfam cryst 1160 7 80.8078 192 44.4 90.8 90.7 66.9 69.0 679.6529 0:11:19 8098.05 98131.16 7897.34 8008.73 1.99 1.28 117.64 801.27

homfam cyclo 6288 6 159.069 203 44.1 87.4 88.2 75.1 78.0 2095.8605 0:34:55 8727.97 100030.92 8388.82 8472.04 1.99 7.53 159.70 3355.12

homfam kunitz 2266 10 53.752 64 37.9 98.2 98.2 91.7 91.1 507.4440 0:08:27 7685.59 97579.27 7194.50 7337.00 1.99 2.23 111.27 565.91

homfam Rhodanese 14049 6 102.277 216 22.7 72.6 79.6 53.6 53.3 2968.2765 0:49:28 8785.50 100098.81 8618.61 8675.49 29.98 13.24 126.71 3770.07

homfam sodcu 2038 7 141.322 169 42.2 89.6 89.7 72.9 77.4 874.6404 0:14:34 8591.61 99063.08 8039.57 8178.30 1.99 2.61 142.44 1249.52

homfam profilin 687 5 123.371 144 39.7 95.1 95.1 88.3 88.6 565.2890 0:09:25 8108.66 97805.23 7902.01 8003.93 1.99 1.43 119.69 678.04

homfam glob 3983 41 100.684 174 31.7 96.1 95.8 72.9 75.4 960.2535 0:16:00 8302.11 99454.04 7981.77 8081.59 1.99 3.41 123.26 1191.16

homfam tim 3904 10 205.645 260 47.5 97.7 97.8 91.5 94.6 1785.0116 0:29:45 8970.30 100275.21 8493.36 8641.66 1.99 5.25 158.36 2835.03

homfam uce 4558 13 134.701 184 34.0 89.4 91.0 62.0 69.5 1311.5718 0:21:51 8600.68 99711.92 8258.97 8397.78 1.99 4.21 161.82 2130.39

homfam toxin 508 20 62.311 78 43.1 93.3 91.4 67.5 76.3 412.9648 0:06:52 7578.10 97475.22 7182.72 7307.07 1.99 0.96 86.74 359.86

homfam rub 1435 5 46.1575 54 62.1 98.4 98.4 92.6 93.5 305.7783 0:05:05 7488.45 99909.93 7121.20 7223.12 1.99 1.30 106.53 327.22

homfam hom 12037 8 53.4951 98 35.3 94.1 94.0 65.2 81.1 752.0820 0:12:32 8232.37 98548.82 7796.64 7954.70 1.99 6.91 142.47 1077.46

homfam biotin_lipoyl 11833 7 71.8928 112 28.9 96.1 96.3 83.5 84.2 964.8757 0:16:04 8359.77 98168.90 8036.64 8120.02 1.99 8.17 140.61 1358.40

homfam cys 4316 13 198.11 284 40.5 93.4 92.9 68.7 77.9 1907.8758 0:31:47 9208.15 100255.51 8680.07 8818.84 1.99 6.03 165.59 3168.74

homfam ghf11 521 5 167.758 202 49.5 95.3 95.0 87.0 87.8 758.5342 0:12:38 8118.34 98002.21 7845.08 7928.69 1.99 1.41 120.51 915.67

homfam blmb 17200 6 192.465 344 20.6 64.1 70.1 37.8 48.2 7920.5977 2:12:00 10724.39 101742.81 10247.20 10385.93 1.98 18.57 186.46 14777.67

homfam aadh 3127 8 225.129 542 38.2 85.8 89.1 53.5 58.7 2650.3980 0:44:10 8829.65 100188.29 8420.21 8558.97 1.99 4.55 169.07 4482.87

homfam DEATH 1183 7 80.5689 159 19.6 70.1 71.6 28.2 38.4 636.3888 0:10:36 8001.01 97975.91 7602.98 7757.29 1.99 1.39 109.31 697.22

homfam Sulfotransfer 2489 5 235.798 381 26.2 63.2 75.4 38.2 44.4 3408.9546 0:56:48 8973.14 100329.35 8505.92 8626.07 1.99 4.19 176.46 6023.94

homfam serpin 3144 8 291.462 418 34.3 95.5 95.0 83.2 89.6 3049.2694 0:50:49 10200.82 101294.16 9825.82 9909.31 1.99 4.47 167.08 5101.02

homfam proteasome 5732 17 174.347 309 21.7 84.1 82.0 30.3 45.5 1622.6248 0:27:02 8727.35 100064.63 8285.04 8405.13 1.99 5.79 152.34 2482.84

homfam zf-CCHH 88345 15 23.2513 39 35.5 97.1 96.5 88.6 93.0 1277.3525 0:21:17 9275.29 98934.30 8799.28 8919.29 17.94 41.55 129.66 1658.70

homfam egf 7774 12 32.0765 71 31.1 77.3 77.6 30.9 36.7 546.4917 0:09:06 7907.10 97600.25 7460.07 7598.70 1.98 5.00 118.89 651.15

homfam annexin 3139 6 65.1902 323 57.2 100.0 100.0 100.0 100.0 1448.9776 0:24:08 8301.68 98081.00 7796.41 7934.86 1.99 2.38 154.43 2239.19

homfam OTCace 4795 5 157.005 350 37.3 96.6 96.6 88.7 91.0 1620.0758 0:27:00 8730.03 98630.56 8262.04 8382.37 0.00 0.02 148.33 10.98

homfam rnasemam 498 6 120.072 141 42.2 94.7 91.4 73.9 84.7 511.7215 0:08:31 8002.24 97860.93 7632.25 7771.32 1.99 0.97 98.48 505.44

homfam adh 21331 5 123.64 375 63.9 95.5 95.9 88.8 89.1 3405.4057 0:56:45 9676.48 100825.66 9310.87 9475.21 1.98 19.26 171.95 5867.02

homfam il8 1073 11 63.7623 81 34.5 91.2 90.8 67.5 76.9 411.7734 0:06:51 7638.50 97505.09 7191.71 7330.38 0.00 0.02 116.87 4.10

homfam hr 3707 5 65.1513 82 53.3 99.1 99.1 94.9 99.1 675.8245 0:11:15 7797.12 98712.76 7410.73 7518.93 29.99 2.98 128.15 872.73

homfam ChtBD 774 5 38.2713 45 59.3 98.3 98.1 93.0 94.7 331.0389 0:05:31 7451.72 98125.81 7106.25 7190.08 1.99 0.98 93.25 308.67

homfam gluts 10099 14 98.1117 235 39.4 88.5 89.4 68.2 72.7 2902.6883 0:48:22 8710.00 99991.49 8626.59 8652.74 1.98 7.92 176.44 5131.15

homfam ghf5 2717 6 260.466 470 17.8 65.6 66.7 35.0 49.4 3232.9782 0:53:52 9414.30 100572.86 9035.45 9118.87 1.99 4.00 172.63 5590.39

homfam ghf13 12607 10 264.452 626 26.8 63.3 64.2 26.1 34.2 8730.2071 2:25:30 11513.70 102296.97 11038.03 11240.36 1.99 16.12 183.21 16003.89

homfam PDZ 14950 6 80.8907 110 30.6 81.7 84.2 67.7 69.7 1531.3761 0:25:31 8721.50 99961.26 8323.56 8406.80 1.98 11.20 146.21 2248.40

homfam az 1086 29 100.416 215 33.4 76.4 76.2 41.8 46.2 629.5545 0:10:29 8175.93 98064.45 7803.00 7905.89 1.99 1.74 117.30 743.75

homfam hla 13465 5 153.148 178 76.5 99.0 100.0 98.3 98.3 1855.4158 0:30:55 9805.11 100311.64 9710.61 9737.60 1.99 13.87 160.98 2995.56

homfam slectin 932 5 133.052 142 33.3 94.6 94.7 86.1 88.8 878.8716 0:14:38 8202.48 99538.42 7695.88 7816.03 1.99 1.67 139.02 1231.63

homfam GEL 2195 5 78.1157 150 23.7 68.8 70.5 40.4 56.9 805.5296 0:13:25 7924.86 98943.66 7672.06 7755.26 1.99 2.23 120.93 982.90

homfam kringle 1091 9 75.9138 100 43.3 91.7 90.7 71.9 77.5 473.6689 0:07:53 7819.65 97518.74 7655.03 7693.45 1.99 1.58 111.20 528.19

homfam p450 21013 12 331.506 512 20.8 76.1 76.4 37.9 46.7 11912.2856 3:18:32 14869.97 105758.23 14477.90 14614.14 1.98 33.93 171.50 20431.52

homfam gpdh 7691 8 129.082 360 55.1 96.4 96.2 88.5 91.4 1907.0691 0:31:47 8997.82 99963.03 8607.09 8745.47 0.00 0.02 155.65 13.66

homfam int 7572 5 168.037 219 22.5 85.5 86.2 63.4 70.6 2537.2130 0:42:17 8991.87 100279.76 8543.30 8663.33 1.98 8.23 166.17 4227.00

homfam KAS 2070 6 174.528 404 31.7 88.2 87.6 74.8 78.6 1291.1517 0:21:31 8822.12 98645.45 8456.10 8576.34 1.99 3.85 155.85 2013.51

homfam trfl 837 7 242.315 702 61.9 95.3 95.7 89.2 89.6 2612.6005 0:43:32 9224.12 99402.62 8838.13 8985.98 1.99 1.59 174.02 4557.67

homfam TNF 556 5 119.903 176 32.0 86.8 86.2 70.7 75.7 519.9714 0:08:39 8246.29 98141.14 7719.67 7858.48 1.99 1.29 106.37 554.52

homfam scorptoxin 363 8 53.2562 74 46.3 89.1 88.2 67.1 75.9 387.0656 0:06:27 7525.48 97392.48 7049.18 7169.48 1.99 0.75 75.34 293.08

homfam aldosered 13277 7 268.547 386 41.6 86.3 88.8 67.1 76.1 5637.4247 1:33:57 10694.34 101903.14 10202.84 10322.89 9.98 18.29 172.80 9746.41

homfam rrm 27610 20 67.4587 157 22.9 82.1 80.7 22.5 30.7 1435.0511 0:23:55 8878.92 98718.99 8738.98 8768.77 1.98 17.99 136.52 1960.60

