homfam ricin 747 7 198.708 281 37.5 92.0 92.4 76.2 85.0 1014.5183 0:16:54 8657.88 99687.54 8233.72 8351.97 1.99 1.64 135.61 1386.00
homfam ghf10 1502 5 220.34 364 43.3 91.8 92.3 78.6 83.9 1946.7161 0:32:26 9372.70 100977.12 8869.13 8998.54 1.99 2.39 147.72 2884.93
homfam seatoxin 93 5 43.6344 54 42.6 85.0 86.2 59.2 60.6 323.4417 0:05:23 7998.87 98032.83 7540.66 7696.21 1.99 0.59 104.96 340.90
homfam mofe 2567 6 353.074 609 30.0 86.9 87.8 66.0 75.7 3426.9953 0:57:06 10596.49 102137.08 10080.02 10209.65 1.99 4.46 165.42 5677.66
homfam cyt3 385 6 92.3065 130 40.3 79.7 79.2 56.8 63.8 451.2348 0:07:31 8152.10 98383.57 7648.88 7766.76 1.99 1.02 114.75 519.44
homfam ins 793 6 65.2825 74 44.9 88.6 87.5 60.9 86.1 651.0386 0:10:51 8485.23 99872.96 7986.25 8104.92 1.99 1.43 141.12 928.53
homfam Ald_Xan_dh_2 2589 6 109.304 885 31.8 83.2 83.2 63.8 71.9 3954.4786 1:05:54 8553.35 100399.02 8170.66 8285.21 1.99 2.96 167.78 6635.04
homfam tms 2118 5 264.245 357 45.9 95.6 95.9 85.3 91.0 2225.3994 0:37:05 9312.39 100951.14 8778.75 8950.85 1.99 3.20 163.17 3640.27
homfam phc 2957 12 98.4711 179 37.2 73.6 96.0 41.9 43.8 1122.9886 0:18:42 8707.98 100070.66 8215.95 8367.99 1.99 2.65 155.61 1758.09
homfam cytb 3206 6 82.1454 100 35.6 86.0 85.8 62.0 68.5 1470.7463 0:24:30 8212.84 99981.57 7748.41 7866.54 89.99 2.96 150.66 2227.86
homfam mmp 1427 6 157.93 180 55.1 95.5 96.4 87.0 92.1 1355.5042 0:22:35 8799.71 100252.29 8281.02 8410.88 5.99 3.70 150.01 2034.73
homfam phoslip 946 18 113.33 137 48.9 94.0 93.7 71.3 81.0 541.4489 0:09:01 8388.49 99522.66 7867.71 8015.47 1.99 1.64 130.56 708.28
homfam HLH 6781 5 53.5453 92 28.1 89.0 94.0 65.5 77.1 1033.8300 0:17:13 8384.90 99993.71 7832.38 7984.54 1.99 4.22 149.99 1557.52
homfam myb_DNA-binding 10398 5 46.5583 61 40.7 95.6 94.5 80.4 87.4 952.3091 0:15:52 8261.79 100056.73 7803.44 7921.29 1.98 5.91 128.64 1231.78
homfam msb 4884 8 106.037 158 26.6 87.7 90.8 63.4 73.5 920.9930 0:15:20 8677.07 99722.80 8308.13 8419.44 1.98 4.80 152.43 1411.87
homfam ghf1 4358 8 403.813 562 38.4 92.3 92.6 71.8 80.1 5727.1663 1:35:27 11460.62 103062.21 11400.25 11426.65 0.00 0.02 166.36 45.49
homfam rvp 93681 6 94.2886 132 36.6 82.3 81.9 53.2 59.9 3080.8846 0:51:20 12680.88 102723.21 12557.02 12586.75 0.00 0.02 133.83 23.00
homfam lyase_1 7632 5 295.082 511 30.9 82.2 82.2 63.8 67.8 3457.6189 0:57:37 10345.68 101471.91 9841.65 10021.56 1.99 10.30 157.68 5461.79
homfam ldh 7367 14 121.378 371 31.9 90.0 89.4 61.9 73.1 1863.9431 0:31:03 8946.57 99877.48 8556.46 8686.15 1.99 7.38 147.89 2763.98
homfam subt 7517 11 301.598 414 39.5 74.9 85.9 31.4 38.3 10344.7428 2:52:24 10980.32 102345.29 10476.25 10628.60 1.98 14.11 178.50 18465.55
homfam sodfe 4455 8 77.4471 219 42.3 90.2 89.4 65.6 68.9 1116.0981 0:18:36 8498.77 99663.48 7965.13 8060.54 1.99 3.56 134.65 1509.14
homfam LIM 6428 5 57.0143 86 52.8 97.3 97.3 86.6 94.2 765.8582 0:12:45 8102.34 98343.26 7600.58 7718.54 1.99 4.09 118.68 910.36
homfam blm 9105 8 300.727 274 39.1 77.0 85.1 60.7 63.0 6591.8274 1:49:51 11118.55 102717.91 10643.06 10814.98 37.98 13.36 174.25 11498.01
homfam DMRL_synthase 2099 5 140.59 182 33.2 93.1 90.2 74.6 83.3 873.7605 0:14:33 8687.60 98945.80 8115.64 8233.10 17.99 2.57 141.68 1243.07
homfam tRNA-synt_2b 11293 5 177.564 467 18.7 53.6 52.2 26.7 37.7 3876.3134 1:04:36 9812.91 101186.18 9291.50 9420.70 1.99 12.11 170.56 6619.74
homfam Stap_Strp_toxin 640 6 87.3922 254 32.5 82.9 82.3 52.3 58.0 815.5217 0:13:35 8108.14 99401.96 7684.95 7864.23 1.99 1.27 126.70 1035.45
homfam Acetyltransf 46285 6 82.9897 229 24.1 63.5 62.4 30.7 41.7 5104.3634 1:25:04 11041.11 102455.36 10489.82 10622.77 9.95 33.76 175.50 8968.10
homfam ghf22 760 12 107.567 131 51.4 95.2 95.3 82.3 85.6 561.5153 0:09:21 8338.29 98598.76 7789.11 7920.00 0.00 0.02 106.32 4.89
homfam sdr 50157 13 163.253 361 23.3 80.0 78.3 34.1 44.9 5082.6519 1:24:42 12851.77 104432.39 12728.82 12755.99 1.96 55.57 163.78 8324.73
homfam ltn 1068 12 204.148 282 49.9 93.6 93.9 70.8 79.9 1220.8064 0:20:20 8813.41 100162.39 8309.75 8439.73 1.99 2.14 140.22 1718.66
homfam hpr 3349 5 83.0427 89 44.4 99.3 99.3 97.7 98.5 649.3151 0:10:49 8198.50 98507.55 7727.74 7879.80 1.99 2.81 133.40 867.83
homfam bowman 499 5 26.1443 73 64.9 94.2 94.2 82.9 84.9 394.9332 0:06:34 7939.41 98079.41 7481.14 7613.69 1.99 0.76 85.91 340.71
homfam hip 167 5 66.2096 88 33.4 85.0 84.0 57.1 67.8 416.5305 0:06:56 8014.80 98114.33 7554.35 7671.67 1.99 0.93 86.82 363.04
homfam HMG_box 4779 5 66.0716 89 24.8 97.3 96.2 85.2 93.9 664.7715 0:11:04 8197.07 98435.36 7759.13 7843.40 1.99 3.57 139.61 929.52
homfam icd 5678 5 328.887 433 41.7 94.0 94.7 84.3 87.5 3968.3547 1:06:08 10569.16 102160.89 10161.05 10278.89 1.99 8.55 161.55 6422.03
homfam peroxidase 4514 5 256.626 383 37.3 75.7 76.7 51.0 54.1 3885.6235 1:04:45 9735.25 101263.39 9231.49 9350.16 1.99 6.58 171.83 6686.44
homfam asp 3262 13 284.142 381 37.5 91.5 91.4 74.6 81.2 2755.2688 0:45:55 10019.06 101655.74 9540.30 9692.56 1.99 5.32 161.25 4451.85
homfam flav 4612 6 138.021 183 35.0 83.8 84.8 57.7 60.6 1766.8519 0:29:26 8590.92 100313.61 8115.42 8266.19 1.99 4.52 159.85 2832.09
homfam cah 1379 5 212.706 279 38.7 91.3 91.6 75.3 81.0 1340.8957 0:22:20 8821.79 100171.04 8317.88 8470.88 1.99 2.16 142.29 1913.89
homfam ace 3989 6 427.824 601 37.3 88.0 88.9 68.2 75.9 6107.6143 1:41:47 11502.18 103031.97 10937.45 11055.34 25.98 8.63 170.74 10431.32
homfam sti 613 5 165.383 198 36.4 87.2 86.5 69.6 77.1 636.9684 0:10:36 8992.35 99210.32 8408.14 8580.30 1.99 1.38 116.92 746.11
homfam aat 25100 10 337.807 476 28.6 67.3 68.7 26.8 32.0 11330.4323 3:08:50 14181.86 105674.75 13639.75 13769.12 1.98 36.36 172.30 19527.75
homfam oxidored_q6 3348 5 123.044 285 56.7 93.6 93.5 87.6 89.0 1359.5682 0:22:39 8549.54 100139.43 8157.61 8265.79 1.99 3.16 157.56 2146.76
homfam hormone_rec 3509 5 188.562 308 21.5 73.1 75.2 50.5 64.9 1825.8499 0:30:25 9141.53 100632.04 8637.62 8768.13 1.99 4.18 163.91 3001.26
homfam rhv 17976 6 143.424 938 33.1 31.7 44.6 1.6 0.1 13741.8311 3:49:01 9879.00 101773.94 9402.73 9581.41 2.03 15.34 165.97 22816.30
homfam tgfb 1606 8 95.4645 118 43.8 81.9 84.4 30.8 37.4 609.3928 0:10:09 8192.71 99402.07 7689.59 7869.51 1.99 1.89 128.95 791.89
homfam cryst 1160 7 80.8078 192 44.4 92.0 91.9 71.8 75.0 700.5539 0:11:40 8354.05 98582.42 8029.63 8147.80 1.99 1.96 119.25 836.95
homfam cyclo 6288 6 159.069 203 44.1 87.4 88.9 72.0 77.3 2219.7952 0:36:59 8979.88 103484.05 8484.88 8636.75 1.99 7.64 158.85 3533.49
homfam kunitz 2266 10 53.752 64 37.9 98.9 98.9 95.0 94.7 562.9243 0:09:22 8012.32 98232.14 7476.30 7628.55 0.00 0.02 112.31 4.94
homfam Rhodanese 14049 6 102.277 216 22.7 67.5 73.6 46.9 46.1 2337.6107 0:38:57 8902.95 100734.34 8376.93 8528.78 0.00 0.02 161.34 16.19
homfam sodcu 2038 7 141.322 169 42.2 91.6 91.8 77.1 81.1 952.6670 0:15:52 8834.34 99722.31 8367.49 8530.80 1.99 2.36 139.25 1338.59
homfam profilin 687 5 123.371 144 39.7 92.0 92.0 79.7 81.7 541.8776 0:09:01 8528.14 99465.90 7989.11 8111.08 1.99 1.47 128.98 706.20
homfam glob 3983 41 100.684 174 31.7 96.3 95.9 72.9 76.1 951.7391 0:15:51 8623.45 99927.46 8331.33 8413.30 1.99 3.36 130.36 1247.90
homfam tim 3904 10 205.645 260 47.5 96.8 97.0 90.0 93.0 1590.4335 0:26:30 9285.20 100947.15 8815.04 8944.71 1.99 5.04 158.52 2521.98
homfam uce 4558 13 134.701 184 34.0 90.2 90.9 64.5 71.8 1401.2985 0:23:21 9030.75 100319.75 8459.54 8695.07 0.00 0.02 159.12 9.60
homfam toxin 508 20 62.311 78 43.1 93.7 91.8 63.6 73.2 411.9915 0:06:51 8002.56 98184.42 7542.06 7647.89 1.99 1.24 96.53 399.07
homfam rub 1435 5 46.1575 54 62.1 98.4 98.4 92.6 93.5 454.5747 0:07:34 7979.63 98020.80 7519.89 7636.94 1.99 1.54 98.16 423.61
homfam hom 12037 8 53.4951 98 35.3 94.1 94.0 65.2 81.1 914.3118 0:15:14 8437.28 98562.39 7967.57 8097.00 1.99 6.89 120.65 1104.42
homfam biotin_lipoyl 11833 7 71.8928 112 28.9 94.6 95.1 77.6 79.5 1084.1680 0:18:04 8552.14 98727.26 8103.36 8260.66 1.99 10.16 138.25 1500.39
homfam cys 4316 13 198.11 284 40.5 93.9 93.4 67.5 80.7 2090.7804 0:34:50 9464.03 100850.54 8965.86 9118.47 1.99 6.12 162.98 3415.50
homfam ghf11 521 5 167.758 202 49.5 94.7 94.5 84.9 86.4 818.3103 0:13:38 8546.95 98784.60 8038.13 8187.17 1.99 1.18 116.81 957.50
homfam blmb 17200 6 192.465 344 20.6 65.0 70.4 36.7 46.4 8816.6961 2:26:56 10748.19 102127.49 10259.16 10411.62 1.98 18.90 184.57 16283.15
homfam aadh 3127 8 225.129 542 38.2 86.2 88.6 53.3 59.0 2270.0608 0:37:50 9098.19 100804.02 8639.69 8804.79 1.99 7.41 164.10 3725.62
homfam DEATH 1183 7 80.5689 159 19.6 72.8 74.4 43.5 44.4 632.5658 0:10:32 8339.21 98442.18 7777.48 7925.45 1.99 1.67 114.28 724.43
homfam Sulfotransfer 2489 5 235.798 381 26.2 64.1 75.1 41.9 49.0 3356.2266 0:55:56 9183.78 100924.89 8797.69 8908.99 1.99 4.00 173.00 5814.65
homfam serpin 3144 8 291.462 418 34.3 95.4 94.9 83.4 89.8 3041.3641 0:50:41 10540.54 101924.32 9917.82 10070.42 9.99 4.93 167.34 5099.53
homfam proteasome 5732 17 174.347 309 21.7 85.5 82.3 39.0 58.3 1748.8414 0:29:08 9011.96 100159.36 8439.25 8591.55 1.99 6.09 149.96 2630.23
homfam zf-CCHH 88345 15 23.2513 39 35.5 97.1 96.5 88.6 93.0 1713.4837 0:28:33 9506.79 99573.12 9002.91 9133.02 149.95 41.78 124.09 2128.76
homfam egf 7774 12 32.0765 71 31.1 76.7 77.1 30.9 36.7 618.4011 0:10:18 8238.65 98240.23 7736.07 7898.17 1.98 4.74 122.49 758.79
homfam annexin 3139 6 65.1902 323 57.2 100.0 100.0 100.0 100.0 1459.9706 0:24:19 8597.01 98686.46 8068.13 8303.24 1.99 2.34 149.68 2186.82
homfam OTCace 4795 5 157.005 350 37.3 96.0 96.1 87.8 90.6 1645.1479 0:27:25 8993.37 99247.38 8421.03 8550.79 1.99 5.27 144.68 2381.76
homfam rnasemam 498 6 120.072 141 42.2 91.5 88.7 66.4 78.7 550.8974 0:09:10 8354.76 98620.00 7759.68 7911.76 1.99 1.21 97.59 539.11
homfam adh 21331 5 123.64 375 63.9 95.3 95.8 88.3 88.5 3785.6653 1:03:05 9849.86 101212.69 9357.78 9573.89 1.98 18.78 170.51 6467.47
homfam il8 1073 11 63.7623 81 34.5 90.6 90.0 66.2 75.3 524.4368 0:08:44 7927.20 98142.89 7429.21 7648.07 1.99 1.36 95.91 504.48
homfam hr 3707 5 65.1513 82 53.3 99.1 99.1 94.9 99.1 765.1346 0:12:45 8077.32 98367.26 7632.25 7784.40 9.99 2.86 130.54 1002.69
homfam ChtBD 774 5 38.2713 45 59.3 98.3 98.1 93.0 94.7 404.4496 0:06:44 7995.27 98049.68 7536.18 7652.94 1.99 1.22 84.79 344.40
homfam gluts 10099 14 98.1117 235 39.4 84.8 87.4 57.5 61.1 3030.2502 0:50:30 8836.11 100504.18 8513.89 8679.95 1.98 8.18 167.32 5079.02
homfam ghf5 2717 6 260.466 470 17.8 66.9 66.9 37.0 51.3 3094.9683 0:51:34 9538.63 101161.19 9165.34 9248.91 1.99 4.39 167.52 5194.98
homfam ghf13 12607 10 264.452 626 26.8 62.9 65.5 25.6 35.3 8118.7386 2:15:18 11431.27 102966.69 10910.93 11040.22 1.99 16.64 177.34 14406.47
homfam PDZ 14950 6 80.8907 110 30.6 87.9 87.7 74.7 77.7 1612.7308 0:26:52 8923.21 100638.18 8503.30 8621.24 1.98 10.80 152.14 2463.11
homfam az 1086 29 100.416 215 33.4 75.3 75.2 44.0 48.6 621.6238 0:10:21 8394.11 99370.23 7824.83 7996.76 1.99 1.69 119.98 748.74
homfam hla 13465 5 153.148 178 76.5 100.0 100.0 100.0 100.0 1757.6748 0:29:17 10037.07 100843.46 9694.09 9834.55 1.99 13.33 146.15 2577.48
homfam slectin 932 5 133.052 142 33.3 94.7 94.5 86.9 90.5 883.8362 0:14:43 8237.26 100028.34 7831.28 7949.53 1.99 1.65 129.68 1153.97
homfam GEL 2195 5 78.1157 150 23.7 68.8 69.7 39.7 55.9 907.7311 0:15:07 8235.85 98531.14 7815.05 7924.91 1.99 1.95 115.67 1054.26
homfam kringle 1091 9 75.9138 100 43.3 93.9 92.9 76.4 82.7 558.4600 0:09:18 7994.45 98226.66 7523.90 7672.99 1.99 1.53 99.93 559.54
homfam p450 21013 12 331.506 512 20.8 74.8 74.9 35.9 44.8 11347.2145 3:09:07 14838.95 106227.31 14334.48 14486.78 1.97 32.68 168.66 19145.60
homfam gpdh 7691 8 129.082 360 55.1 96.2 96.0 88.5 91.1 2215.7509 0:36:55 9183.39 100697.70 8694.98 8816.78 1.99 8.18 149.11 3315.79
homfam int 7572 5 168.037 219 22.5 85.1 85.8 63.4 69.5 2648.9888 0:44:08 9142.35 100858.37 8726.19 8855.42 1.98 8.27 167.37 4444.29
homfam KAS 2070 6 174.528 404 31.7 86.8 86.2 71.0 76.2 1387.4894 0:23:07 9187.19 99385.57 8703.27 8832.52 1.99 2.52 155.75 2166.01
homfam trfl 837 7 242.315 702 61.9 94.9 95.9 89.4 88.3 2129.0751 0:35:29 9513.77 100984.02 8997.77 9173.44 1.99 1.57 159.90 3407.67
homfam TNF 556 5 119.903 176 32.0 84.4 83.5 69.4 73.6 580.1124 0:09:40 8381.88 98759.78 7863.44 7981.61 1.99 1.27 101.03 587.53
homfam scorptoxin 363 8 53.2562 74 46.3 89.7 88.9 69.9 79.2 399.2898 0:06:39 7840.04 98022.02 7504.38 7621.54 1.99 0.98 81.49 326.94
homfam aldosered 13277 7 268.547 386 41.6 88.4 90.5 71.4 78.3 5853.0305 1:37:33 11133.34 102649.12 10630.17 10809.76 9.98 18.95 167.49 9808.43
homfam rrm 27610 20 67.4587 157 22.9 81.8 80.3 15.3 22.6 1662.2153 0:27:42 9110.14 99295.31 8580.78 8699.68 241.98 17.95 144.08 2397.50
