homfam ricin 747 7 198.708 281 37.5 90.9 91.2 75.8 83.4 648.1247 0:10:48 7976.07 99911.12 7524.33 7641.54 1.99 1.35 145.53 944.71
homfam ghf10 1502 5 220.34 364 43.3 88.5 88.9 73.4 78.9 2350.0251 0:39:10 8005.15 103201.32 7580.98 7744.17 1.99 2.53 172.14 4053.53
homfam seatoxin 93 5 43.6344 54 42.6 72.2 70.6 26.5 25.0 182.0678 0:03:02 7992.30 99912.11 7540.18 7688.83 1.99 0.64 116.10 212.49
homfam mofe 2567 6 353.074 609 30.0 81.7 84.7 64.9 71.2 4778.9634 1:19:38 7947.81 103152.64 7569.72 7769.13 1.99 4.23 166.08 7945.30
homfam cyt3 385 6 92.3065 130 40.3 81.5 82.0 62.7 70.9 249.1826 0:04:09 7948.43 99913.07 7560.22 7723.39 1.99 0.90 122.83 307.59
homfam ins 793 6 65.2825 74 44.9 92.2 93.3 66.7 89.9 424.7324 0:07:04 8005.21 99913.14 7547.09 7664.37 1.99 1.12 141.72 608.08
homfam Ald_Xan_dh_2 2589 6 109.304 885 31.8 84.2 84.5 64.4 73.0 2337.0112 0:38:57 7979.55 99909.70 7544.46 7755.13 1.99 2.95 165.31 3870.79
homfam tms 2118 5 264.245 357 45.9 95.9 95.7 84.6 90.7 2018.1258 0:33:38 7948.73 103189.15 7559.20 7768.04 1.99 3.24 159.81 3235.53
homfam phc 2957 12 98.4711 179 37.2 85.6 87.7 57.0 61.4 586.2986 0:09:46 8024.63 101958.82 7519.35 7636.37 1.99 2.68 150.05 883.69
homfam cytb 3206 6 82.1454 100 35.6 93.3 93.3 76.1 82.8 853.1409 0:14:13 7987.20 103054.43 7543.25 7660.27 1.99 2.82 161.34 1385.53
homfam mmp 1427 6 157.93 180 55.1 95.1 96.0 87.0 92.1 955.7067 0:15:55 7942.16 99908.57 7558.31 7698.48 1.99 3.89 160.78 1535.52
homfam phoslip 946 18 113.33 137 48.9 94.6 94.3 72.8 82.7 420.5076 0:07:00 7966.74 97854.34 7480.74 7598.19 1.99 1.69 112.51 474.69
homfam HLH 6781 5 53.5453 92 28.1 88.9 92.7 65.5 77.1 718.7344 0:11:58 8012.63 101959.04 7562.48 7679.37 1.99 4.39 142.46 1034.79
homfam myb_DNA-binding 10398 5 46.5583 61 40.7 95.2 94.1 80.4 86.0 481.6008 0:08:01 8034.46 98725.76 7577.59 7786.78 1.98 5.94 139.76 682.04
homfam msb 4884 8 106.037 158 26.6 87.3 87.7 64.8 78.0 547.0099 0:09:07 8055.31 103245.03 7547.75 7653.56 1.98 7.27 134.48 732.75
homfam ghf1 4358 8 403.813 562 38.4 91.6 91.7 72.4 80.3 6072.7490 1:41:12 8252.79 103240.99 7748.86 7866.98 1.99 10.06 158.31 9618.19
homfam rvp 93681 6 94.2886 132 36.6 78.3 78.1 49.5 55.8 2072.8243 0:34:32 9439.33 103617.86 9380.14 9406.78 1.99 58.79 134.17 2788.58
homfam lyase_1 7632 5 295.082 511 30.9 82.8 82.8 64.8 70.1 3286.1580 0:54:46 8014.78 103251.55 7565.14 7670.77 1.99 10.50 156.17 5138.31
homfam ldh 7367 14 121.378 371 31.9 89.7 89.2 60.3 71.8 1454.8425 0:24:14 8003.47 103094.39 7545.70 7754.41 1.99 7.23 150.96 2204.61
homfam subt 7517 11 301.598 414 39.5 80.7 82.2 35.2 46.7 10526.9669 2:55:26 8359.14 103517.92 7856.07 7985.40 1.98 12.16 171.16 18019.52
homfam sodfe 4455 8 77.4471 219 42.3 91.3 90.4 66.0 69.5 735.7858 0:12:15 8012.35 101961.75 7552.70 7715.65 1.99 5.15 149.58 1101.48
homfam LIM 6428 5 57.0143 86 52.8 97.9 97.9 87.8 95.8 395.7996 0:06:35 8005.61 99717.82 7562.54 7771.26 1.99 3.86 124.43 494.39
homfam blm 9105 8 300.727 274 39.1 77.0 78.2 56.9 59.2 4885.9632 1:21:25 8227.94 102956.68 8039.91 8068.86 1.98 12.68 163.88 8008.56
homfam DMRL_synthase 2099 5 140.59 182 33.2 93.3 90.7 74.6 83.3 469.9912 0:07:49 7979.46 102919.11 7523.15 7663.51 1.99 2.27 137.12 646.09
homfam tRNA-synt_2b 11293 5 177.564 467 18.7 49.8 48.3 22.7 31.9 2976.7136 0:49:36 8012.33 103235.79 7549.28 7666.50 1.99 12.20 165.00 4919.17
homfam Stap_Strp_toxin 640 6 87.3922 254 32.5 82.9 82.7 52.7 58.5 636.0786 0:10:36 8014.17 97884.15 7678.26 7820.41 1.99 1.00 155.39 989.42
homfam Acetyltransf 46285 6 82.9897 229 24.1 67.0 65.6 34.9 45.4 3428.6064 0:57:08 8303.64 103134.84 7800.00 7922.15 1.97 33.68 170.90 5867.67
homfam ghf22 760 12 107.567 131 51.4 94.7 94.9 83.8 87.2 359.5004 0:05:59 7944.90 101993.26 7486.86 7604.17 1.99 1.47 122.66 442.58
homfam sdr 50157 13 163.253 361 23.3 76.5 75.1 34.7 45.7 3472.6892 0:57:52 9469.95 103180.49 8964.98 9087.78 1.96 55.70 147.11 5101.44
homfam ltn 1068 12 204.148 282 49.9 93.3 93.5 70.8 80.0 1005.6749 0:16:45 7945.49 103278.46 7493.78 7656.73 1.99 1.80 156.39 1574.36
homfam hpr 3349 5 83.0427 89 44.4 99.3 99.3 97.7 98.5 364.2562 0:06:04 7993.22 99913.14 7535.34 7675.63 1.99 2.65 136.56 498.97
homfam bowman 499 5 26.1443 73 64.9 93.9 93.9 82.9 84.9 203.1736 0:03:23 8065.48 102938.65 7661.94 7801.08 1.99 0.79 127.97 261.37
homfam hip 167 5 66.2096 88 33.4 86.7 85.9 61.9 73.9 182.8695 0:03:02 7992.42 97901.39 7696.39 7837.21 1.99 0.71 117.16 215.80
homfam HMG_box 4779 5 66.0716 89 24.8 97.3 96.2 85.2 93.9 344.5720 0:05:44 8026.24 102057.38 7552.17 7658.05 1.99 3.64 129.72 448.38
homfam icd 5678 5 328.887 433 41.7 93.5 94.3 83.2 87.1 4192.6488 1:09:52 7986.55 103147.25 7501.76 7641.83 1.99 8.75 159.53 6688.84
homfam peroxidase 4514 5 256.626 383 37.3 83.9 85.7 60.5 64.3 3521.1382 0:58:41 7999.79 103180.27 7684.71 7825.07 1.99 6.30 172.00 6067.59
homfam asp 3262 13 284.142 381 37.5 91.3 91.6 75.9 82.2 2994.5669 0:49:54 7975.77 103131.61 7665.36 7807.18 1.99 7.64 162.96 4884.65
homfam flav 4612 6 138.021 183 35.0 82.6 83.1 58.3 60.3 1086.8236 0:18:06 7950.10 99910.11 7497.10 7706.05 1.99 4.87 151.30 1653.79
homfam cah 1379 5 212.706 279 38.7 88.2 88.4 67.5 75.6 958.9911 0:15:58 8009.82 103079.94 7504.46 7644.31 1.99 2.12 154.05 1480.52
homfam ace 3989 6 427.824 601 37.3 89.2 89.9 70.9 77.8 7928.5979 2:12:08 8517.76 103239.52 8152.15 8317.12 1.98 8.25 164.86 13069.68
homfam sti 613 5 165.383 198 36.4 86.8 86.1 66.8 73.2 376.0636 0:06:16 8043.36 99910.43 7550.22 7689.82 1.99 1.45 130.76 493.17
homfam aat 25100 10 337.807 476 28.6 80.6 81.0 43.5 48.4 8840.4875 2:27:20 9792.46 103273.97 9326.92 9438.27 1.98 36.19 156.39 13819.24
homfam oxidored_q6 3348 5 123.044 285 56.7 91.8 93.4 84.2 85.5 991.0698 0:16:31 8015.38 103179.92 7559.04 7699.29 1.99 3.20 154.06 1534.14
homfam hormone_rec 3509 5 188.562 308 21.5 72.2 72.6 46.6 59.4 1682.7559 0:28:02 8012.52 103061.54 7691.97 7832.43 1.99 3.92 154.00 2600.97
homfam rhv 17976 6 143.424 938 33.1 55.6 59.6 27.3 32.8 16587.4220 4:36:27 8003.50 99659.48 7545.56 7662.59 9.99 15.62 159.07 26385.32
homfam tgfb 1606 8 95.4645 118 43.8 84.1 87.2 38.5 45.4 338.1115 0:05:38 8013.88 102918.81 7524.95 7665.05 1.99 1.79 133.71 453.56
homfam cryst 1160 7 80.8078 192 44.4 91.4 91.2 69.1 71.9 410.3815 0:06:50 7991.38 99912.14 7605.06 7710.78 1.99 1.72 138.16 568.51
homfam cyclo 6288 6 159.069 203 44.1 86.9 87.5 72.5 76.6 1965.6703 0:32:45 7999.25 103215.72 7541.70 7681.19 1.99 7.64 163.62 3223.91
homfam kunitz 2266 10 53.752 64 37.9 96.8 96.8 85.0 84.0 310.1793 0:05:10 8012.32 103252.17 7558.27 7664.12 1.99 1.90 119.82 373.17
homfam Rhodanese 14049 6 102.277 216 22.7 74.5 80.9 54.2 57.5 1682.6017 0:28:02 8019.24 103766.05 7561.13 7770.41 1.98 11.38 150.07 2530.42
homfam sodcu 2038 7 141.322 169 42.2 89.4 90.0 74.1 78.0 498.6656 0:08:18 8027.64 99913.14 7522.73 7685.60 1.99 2.32 122.51 612.44
homfam profilin 687 5 123.371 144 39.7 92.5 92.5 83.6 84.3 379.4972 0:06:19 8007.54 99911.07 7557.09 7720.15 1.99 1.21 115.93 441.50
homfam glob 3983 41 100.684 174 31.7 95.3 95.0 71.2 74.7 504.4162 0:08:24 7986.91 101929.86 7534.09 7674.45 1.99 3.50 137.49 702.77
homfam tim 3904 10 205.645 260 47.5 98.0 97.9 93.1 96.2 1939.9868 0:32:19 7951.20 103245.83 7498.00 7706.78 1.99 5.19 158.51 3076.79
homfam uce 4558 13 134.701 184 34.0 90.2 89.0 56.0 64.9 665.7218 0:11:05 8014.73 99911.16 7557.23 7766.24 1.99 4.49 139.34 936.26
homfam toxin 508 20 62.311 78 43.1 86.7 84.8 51.9 59.9 214.3527 0:03:34 8035.90 99913.18 7558.24 7706.58 1.99 1.18 120.76 260.39
homfam rub 1435 5 46.1575 54 62.1 98.4 98.4 92.6 93.5 231.5321 0:03:51 7990.38 101994.27 7607.87 7725.22 1.99 1.34 129.55 301.61
homfam hom 12037 8 53.4951 98 35.3 95.8 95.6 71.0 86.9 478.9426 0:07:58 7993.42 99911.15 7705.47 7845.71 1.99 6.57 132.49 644.12
homfam biotin_lipoyl 11833 7 71.8928 112 28.9 95.0 93.4 76.5 82.3 590.7672 0:09:50 7955.42 103243.70 7571.04 7780.11 0.00 0.02 130.25 5.87
homfam cys 4316 13 198.11 284 40.5 94.9 94.2 69.8 80.9 1655.4723 0:27:35 7996.72 102929.51 7544.41 7753.71 1.99 6.07 155.95 2592.30
homfam ghf11 521 5 167.758 202 49.5 93.9 93.8 83.9 85.3 517.3806 0:08:37 7942.64 99912.12 7556.68 7673.95 1.99 1.46 146.55 759.22
homfam blmb 17200 6 192.465 344 20.6 68.9 71.5 40.0 50.8 3945.0345 1:05:45 8307.84 103248.66 7803.86 8037.79 1.98 18.39 167.76 6628.34
homfam aadh 3127 8 225.129 542 38.2 87.5 87.5 59.0 65.2 2412.6627 0:40:12 8005.42 103309.45 7510.31 7719.14 1.99 4.25 159.79 3864.69
homfam DEATH 1183 7 80.5689 159 19.6 86.0 85.9 61.3 68.3 307.6190 0:05:07 7941.14 99909.57 7493.72 7641.89 1.99 1.66 132.05 407.80
homfam Sulfotransfer 2489 5 235.798 381 26.2 73.3 74.2 43.6 52.5 2642.4326 0:44:02 8025.38 103295.45 7567.69 7776.53 1.99 3.95 164.41 4353.32
homfam serpin 3144 8 291.462 418 34.3 95.9 95.3 83.9 89.9 3239.7813 0:53:59 8005.88 102990.76 7772.64 7800.63 1.99 4.59 158.74 5148.53
homfam proteasome 5732 17 174.347 309 21.7 83.7 81.3 38.6 57.9 1178.3119 0:19:38 7995.76 99912.87 7537.78 7643.59 1.99 6.04 152.02 1800.13
homfam zf-CCHH 88345 15 23.2513 39 35.5 96.0 95.5 77.1 85.3 1223.6162 0:20:23 8031.01 103185.33 7575.81 7784.55 1.94 41.57 118.95 1456.96
homfam egf 7774 12 32.0765 71 31.1 78.8 77.7 36.8 41.9 345.3585 0:05:45 7988.70 99366.68 7546.49 7709.79 1.98 4.40 126.60 438.31
homfam annexin 3139 6 65.1902 323 57.2 99.6 99.8 99.4 99.4 771.0606 0:12:51 7951.15 102938.67 7562.11 7725.28 1.99 2.39 146.94 1134.46
homfam OTCace 4795 5 157.005 350 37.3 96.5 96.9 90.8 92.8 1161.0231 0:19:21 8036.27 103218.03 7582.75 7791.59 1.99 4.97 151.97 1765.96
homfam rnasemam 498 6 120.072 141 42.2 94.3 91.0 73.1 84.8 283.4646 0:04:43 7945.07 99909.46 7560.61 7666.45 1.99 1.27 124.13 353.37
homfam adh 21331 5 123.64 375 63.9 98.3 98.4 94.9 95.4 2243.6592 0:37:23 8047.80 103056.85 7543.99 7695.21 5.98 19.08 154.43 3466.77
homfam il8 1073 11 63.7623 81 34.5 95.3 94.2 72.7 83.1 260.4545 0:04:20 7945.13 102918.71 7556.86 7662.64 1.99 1.66 135.55 354.50
homfam hr 3707 5 65.1513 82 53.3 99.1 99.1 94.9 99.1 335.1903 0:05:35 8010.21 102920.88 7762.25 7903.98 1.99 2.89 131.96 448.93
homfam ChtBD 774 5 38.2713 45 59.3 99.3 99.0 95.3 97.1 204.9914 0:03:24 8000.75 99908.43 7545.30 7662.40 1.99 1.29 126.97 261.78
homfam gluts 10099 14 98.1117 235 39.4 88.6 88.6 63.9 67.4 2106.5530 0:35:06 8030.52 103111.84 7537.14 7654.14 1.98 8.34 165.49 3491.65
homfam ghf5 2717 6 260.466 470 17.8 67.3 68.0 35.7 50.8 3214.2220 0:53:34 8014.53 103214.73 7557.06 7765.90 1.99 4.08 167.63 5395.84
homfam ghf13 12607 10 264.452 626 26.8 67.3 66.8 30.2 40.3 6427.1174 1:47:07 8502.41 103102.87 8005.83 8225.39 1.99 16.25 170.70 10968.11
homfam PDZ 14950 6 80.8907 110 30.6 87.9 88.7 74.7 77.7 925.6719 0:15:25 8009.61 102186.85 7516.08 7655.91 1.98 11.29 138.47 1289.58
homfam az 1086 29 100.416 215 33.4 72.9 73.1 40.2 43.1 412.9036 0:06:52 7946.47 102929.30 7557.07 7663.02 1.99 1.43 129.99 539.25
homfam hla 13465 5 153.148 178 76.5 100.0 100.0 100.0 100.0 1034.6591 0:17:14 7970.14 103580.41 7506.79 7623.70 1.99 13.62 138.91 1438.77
homfam slectin 932 5 133.052 142 33.3 94.4 94.2 85.4 89.2 653.8530 0:10:53 8009.28 102918.71 7557.32 7662.98 1.99 1.38 148.13 979.00
homfam GEL 2195 5 78.1157 150 23.7 69.4 68.7 39.0 54.9 395.0838 0:06:35 8013.05 99913.15 7577.25 7717.44 1.99 1.94 142.03 570.33
homfam kringle 1091 9 75.9138 100 43.3 93.8 92.4 77.5 82.2 287.2232 0:04:47 8008.05 101993.27 7557.07 7697.05 1.99 1.26 124.53 359.26
homfam p450 21013 12 331.506 512 20.8 81.2 80.1 44.9 56.2 13558.2506 3:45:58 10466.59 103259.39 9962.64 10084.91 0.00 0.02 157.47 64.22
homfam gpdh 7691 8 129.082 360 55.1 95.9 95.8 87.7 90.5 1272.9613 0:21:12 8001.87 103255.62 7548.18 7665.37 1.99 9.95 152.70 1950.41
homfam int 7572 5 168.037 219 22.5 88.6 89.1 71.8 77.7 1914.9126 0:31:54 8031.11 103081.86 7580.39 7720.51 1.98 8.24 156.55 3006.46
homfam KAS 2070 6 174.528 404 31.7 87.1 87.0 70.8 75.1 940.7625 0:15:40 7974.96 102920.75 7497.06 7637.42 1.99 4.36 143.10 1347.66
homfam trfl 837 7 242.315 702 61.9 92.1 93.1 85.6 84.2 2176.4160 0:36:16 7974.86 97896.48 7518.84 7636.01 1.99 1.83 160.03 3484.37
homfam TNF 556 5 119.903 176 32.0 85.1 84.8 66.9 72.7 316.3562 0:05:16 7993.23 102918.62 7543.09 7660.33 1.99 1.02 127.57 405.08
homfam scorptoxin 363 8 53.2562 74 46.3 89.8 89.0 72.6 78.7 189.1079 0:03:09 7988.82 102919.93 7557.40 7720.92 1.99 1.06 108.84 207.39
homfam aldosered 13277 7 268.547 386 41.6 87.6 89.9 69.5 75.7 4934.5134 1:22:14 8275.86 103074.24 7858.37 8006.38 1.98 18.16 161.45 7971.38
homfam rrm 27610 20 67.4587 157 22.9 85.4 83.9 15.3 22.6 823.7010 0:13:43 8013.07 103232.05 7703.02 7843.32 1.98 17.57 136.37 1124.84
