homfam ricin 747 7 198.708 281 37.5 91.5 91.4 77.7 84.8 378.0807 0:06:18 7935.21 99174.30 7480.21 7619.90 1.99 1.39 129.02 495.21
homfam ghf10 1502 5 220.34 364 43.3 93.1 92.8 82.0 87.3 838.3386 0:13:58 7994.16 103121.52 7536.00 7653.26 1.99 2.48 148.67 1252.14
homfam seatoxin 93 5 43.6344 54 42.6 76.2 74.3 40.8 39.1 180.1782 0:03:00 8032.88 99910.23 7545.32 7756.35 1.99 0.94 117.63 213.51
homfam mofe 2567 6 353.074 609 30.0 84.2 86.0 68.1 74.5 1895.1525 0:31:35 7996.75 103207.31 7559.24 7768.29 0.00 0.02 162.58 12.46
homfam cyt3 385 6 92.3065 130 40.3 81.1 81.0 61.0 69.3 194.7196 0:03:14 8010.88 99910.35 7553.92 7670.89 1.99 1.18 111.57 218.70
homfam ins 793 6 65.2825 74 44.9 89.2 89.7 62.3 83.6 368.6742 0:06:08 8014.84 102918.89 7558.64 7675.87 1.99 1.43 150.00 560.18
homfam Ald_Xan_dh_2 2589 6 109.304 885 31.8 83.3 83.6 63.8 71.9 1476.1444 0:24:36 7945.73 103058.89 7559.36 7699.67 1.99 2.66 162.55 2400.05
homfam tms 2118 5 264.245 357 45.9 96.9 96.9 88.4 93.5 926.8764 0:15:26 8034.27 103299.89 7570.98 7779.85 1.99 3.26 155.15 1448.06
homfam phc 2957 12 98.4711 179 37.2 94.2 95.0 77.1 84.2 385.9969 0:06:25 8024.68 101063.90 7574.59 7714.91 1.99 2.66 144.36 563.88
homfam cytb 3206 6 82.1454 100 35.6 90.9 91.9 73.9 82.3 603.8532 0:10:03 8005.10 102989.42 7549.89 7712.68 1.99 2.68 150.10 910.81
homfam mmp 1427 6 157.93 180 55.1 95.3 96.6 87.0 92.7 621.9681 0:10:21 7995.32 101959.67 7537.85 7654.85 1.99 1.96 149.29 938.47
homfam phoslip 946 18 113.33 137 48.9 93.9 93.8 69.1 78.4 240.5505 0:04:00 7984.78 102922.26 7526.93 7644.19 1.99 1.29 120.17 290.34
homfam HLH 6781 5 53.5453 92 28.1 88.9 94.0 65.5 77.1 550.3989 0:09:10 8035.07 99913.64 7546.78 7709.81 1.99 4.34 143.79 803.71
homfam myb_DNA-binding 10398 5 46.5583 61 40.7 94.4 93.3 78.6 84.0 298.7105 0:04:58 7993.32 99911.32 7708.49 7848.78 1.98 5.99 133.43 407.99
homfam msb 4884 8 106.037 158 26.6 84.8 88.1 62.8 75.7 354.3275 0:05:54 7976.08 102920.48 7495.73 7636.34 1.98 4.74 124.60 451.24
homfam ghf1 4358 8 403.813 562 38.4 92.1 92.0 73.4 81.5 1949.2171 0:32:29 8009.77 103197.64 7577.90 7683.56 1.99 8.12 155.86 3044.91
homfam rvp 93681 6 94.2886 132 36.6 84.6 84.2 60.4 68.0 998.9586 0:16:38 8086.09 102952.73 7768.55 7908.86 1.99 58.11 121.62 1219.04
homfam lyase_1 7632 5 295.082 511 30.9 84.0 84.1 66.4 71.5 1451.9523 0:24:11 8036.24 102949.25 7717.71 7858.04 1.99 10.08 150.98 2201.17
homfam ldh 7367 14 121.378 371 31.9 89.9 89.6 63.5 72.9 804.3759 0:13:24 7955.68 102929.82 7498.45 7707.31 1.99 7.21 136.23 1102.49
homfam subt 7517 11 301.598 414 39.5 80.9 82.2 34.4 47.4 5892.9198 1:38:12 7966.33 99391.44 7507.30 7716.10 1.98 11.74 178.58 10525.30
homfam sodfe 4455 8 77.4471 219 42.3 90.1 89.4 62.7 67.0 456.1645 0:07:36 8024.45 102921.36 7531.17 7740.32 1.99 3.35 129.00 590.02
homfam LIM 6428 5 57.0143 86 52.8 97.3 97.3 86.6 94.2 231.5637 0:03:51 8009.91 102995.55 7578.45 7718.12 1.99 5.43 126.54 294.57
homfam blm 9105 8 300.727 274 39.1 85.9 96.8 49.8 50.8 3874.7407 1:04:34 7948.44 102930.44 7566.97 7683.91 1.98 13.10 177.77 6894.77
homfam DMRL_synthase 2099 5 140.59 182 33.2 92.6 90.0 73.4 81.9 285.9185 0:04:45 8034.90 99909.99 7541.96 7705.12 1.99 2.30 120.51 346.19
homfam tRNA-synt_2b 11293 5 177.564 467 18.7 53.7 50.9 26.2 36.9 1764.3356 0:29:24 7977.95 103300.18 7568.42 7708.25 1.99 11.95 165.68 2931.37
homfam Stap_Strp_toxin 640 6 87.3922 254 32.5 78.7 77.9 47.3 53.1 295.6882 0:04:55 8002.31 99911.12 7648.44 7777.24 1.99 1.30 140.42 421.02
homfam Acetyltransf 46285 6 82.9897 229 24.1 62.6 63.6 31.2 42.3 2685.5074 0:44:45 8001.06 103162.58 7569.28 7675.12 1.96 34.05 177.01 4759.39
homfam ghf22 760 12 107.567 131 51.4 93.6 93.8 81.5 85.2 220.4456 0:03:40 7952.30 97842.71 7496.21 7635.75 1.99 1.40 114.73 254.93
homfam sdr 50157 13 163.253 361 23.3 74.2 74.4 35.0 45.3 1874.8577 0:31:14 8026.50 103304.78 7606.77 7815.61 1.98 55.69 145.20 2722.54
homfam ltn 1068 12 204.148 282 49.9 92.7 93.3 69.6 78.4 474.7864 0:07:54 8067.46 99909.55 7563.25 7669.01 1.99 1.84 145.20 693.27
homfam hpr 3349 5 83.0427 89 44.4 99.3 99.3 97.7 98.5 264.5682 0:04:24 7980.03 102057.30 7527.99 7645.15 1.99 2.76 111.18 302.71
homfam bowman 499 5 26.1443 73 64.9 94.5 94.5 82.9 84.9 152.3908 0:02:32 7938.79 97835.51 7493.25 7610.26 1.99 1.08 109.34 168.19
homfam hip 167 5 66.2096 88 33.4 85.2 84.7 60.7 72.4 179.6999 0:02:59 7990.29 97852.54 7636.32 7799.52 1.99 0.70 119.76 216.68
homfam HMG_box 4779 5 66.0716 89 24.8 97.3 96.2 85.2 93.9 233.0816 0:03:53 7980.66 102920.50 7522.01 7662.31 1.99 3.32 126.13 296.31
homfam icd 5678 5 328.887 433 41.7 94.3 94.4 84.3 87.7 2175.0763 0:36:15 7983.89 103068.48 7525.93 7643.06 1.99 8.35 158.01 3443.21
homfam peroxidase 4514 5 256.626 383 37.3 81.2 82.5 50.7 54.8 2020.0435 0:33:40 7991.13 103246.86 7533.63 7742.47 1.99 6.41 177.07 3585.45
homfam asp 3262 13 284.142 381 37.5 91.5 91.7 74.3 81.5 1403.8050 0:23:23 7976.20 102943.22 7543.96 7661.07 1.99 5.56 160.29 2255.88
homfam flav 4612 6 138.021 183 35.0 85.9 86.5 61.1 62.6 617.6481 0:10:17 7990.76 103159.95 7496.64 7705.49 1.99 6.21 161.10 995.55
homfam cah 1379 5 212.706 279 38.7 88.7 89.0 68.3 76.1 519.9103 0:08:39 7991.89 103057.53 7535.72 7746.57 1.99 2.50 143.38 752.81
homfam ace 3989 6 427.824 601 37.3 88.2 89.1 70.8 77.3 2893.7503 0:48:13 8014.40 103036.25 7547.05 7744.89 1.98 8.48 159.49 4620.53
homfam sti 613 5 165.383 198 36.4 88.2 87.9 68.5 76.1 260.9025 0:04:20 7974.03 102922.79 7493.93 7599.62 1.99 1.36 133.97 351.13
homfam aat 25100 10 337.807 476 28.6 83.1 84.3 53.9 58.7 3958.5854 1:05:58 8059.61 103323.92 7723.83 7818.93 1.98 36.53 151.06 5976.40
homfam oxidored_q6 3348 5 123.044 285 56.7 91.7 92.8 83.1 84.8 662.2995 0:11:02 7983.08 101958.98 7529.42 7729.23 1.99 3.21 150.92 1006.18
homfam hormone_rec 3509 5 188.562 308 21.5 71.4 74.1 47.0 60.3 781.5427 0:13:01 7958.55 98983.62 7638.56 7779.01 1.99 3.77 144.03 1133.40
homfam rhv 17976 6 143.424 938 33.1 72.0 72.7 42.4 52.0 6047.1017 1:40:47 8003.47 102926.15 7546.09 7754.86 17.99 15.23 164.23 9942.16
homfam tgfb 1606 8 95.4645 118 43.8 82.4 88.2 34.2 40.7 223.2374 0:03:43 7978.15 101961.63 7521.26 7661.58 1.99 1.59 113.32 254.52
homfam cryst 1160 7 80.8078 192 44.4 92.0 92.0 70.2 72.9 238.8462 0:03:58 8031.37 100761.87 7541.55 7658.60 1.99 1.28 126.81 304.46
homfam cyclo 6288 6 159.069 203 44.1 87.4 88.8 72.5 77.8 1064.0292 0:17:44 8002.68 103023.01 7547.31 7652.46 1.99 7.23 163.46 1748.88
homfam kunitz 2266 10 53.752 64 37.9 97.9 97.9 90.0 89.3 196.5453 0:03:16 7964.21 99912.16 7541.69 7659.04 1.99 2.14 105.36 208.56
homfam Rhodanese 14049 6 102.277 216 22.7 75.8 83.3 54.2 60.0 996.1063 0:16:36 8038.88 103088.34 7585.40 7794.68 1.98 11.25 154.34 1544.69
homfam sodcu 2038 7 141.322 169 42.2 90.8 91.2 77.1 81.2 302.0731 0:05:02 8024.24 102987.41 7573.69 7736.82 1.99 2.30 131.40 406.36
homfam profilin 687 5 123.371 144 39.7 95.5 95.5 89.8 90.8 249.0889 0:04:09 8012.32 99272.76 7560.41 7700.26 1.99 1.18 123.21 314.97
homfam glob 3983 41 100.684 174 31.7 96.4 96.2 62.9 70.5 351.6851 0:05:51 8040.96 99911.13 7545.07 7650.53 1.99 3.78 127.21 456.34
homfam tim 3904 10 205.645 260 47.5 97.8 97.8 90.3 94.6 798.2045 0:13:18 8027.95 103247.98 7528.29 7737.29 1.99 5.18 153.29 1230.84
homfam uce 4558 13 134.701 184 34.0 92.0 92.0 63.3 71.6 562.6632 0:09:22 7949.31 99302.95 7497.09 7705.90 1.99 4.31 136.14 771.82
homfam toxin 508 20 62.311 78 43.1 93.1 91.3 55.8 68.7 142.9935 0:02:22 7979.53 98948.02 7522.14 7684.95 1.99 0.82 118.81 171.41
homfam rub 1435 5 46.1575 54 62.1 98.4 98.4 92.6 93.5 170.1154 0:02:50 7947.18 99912.16 7487.00 7604.28 1.99 1.43 120.52 206.55
homfam hom 12037 8 53.4951 98 35.3 95.3 95.2 69.6 85.1 334.6248 0:05:34 7994.77 103181.65 7540.76 7749.93 1.99 6.46 118.84 405.29
homfam biotin_lipoyl 11833 7 71.8928 112 28.9 93.0 91.8 69.4 77.3 294.8926 0:04:54 7983.19 103022.21 7599.38 7716.28 1.99 8.20 123.42 368.45
homfam cys 4316 13 198.11 284 40.5 93.6 93.1 66.8 79.3 872.0883 0:14:32 8010.80 103165.66 7553.35 7762.38 1.99 6.05 155.04 1359.52
homfam ghf11 521 5 167.758 202 49.5 94.8 94.6 87.0 88.2 289.9205 0:04:49 7945.80 97836.73 7558.06 7674.99 1.99 1.41 123.12 358.43
homfam blmb 17200 6 192.465 344 20.6 68.7 74.8 42.9 55.3 2575.5690 0:42:55 8026.48 102995.34 7594.66 7700.36 1.98 18.52 172.98 4460.95
homfam aadh 3127 8 225.129 542 38.2 86.1 86.4 54.0 60.0 1028.8033 0:17:08 7999.31 103120.57 7540.22 7749.09 1.99 4.26 154.36 1595.20
homfam DEATH 1183 7 80.5689 159 19.6 81.7 82.0 53.2 66.0 217.1609 0:03:37 7991.61 102919.68 7605.69 7745.55 1.99 1.33 117.54 256.76
homfam Sulfotransfer 2489 5 235.798 381 26.2 78.3 79.6 51.4 60.8 1227.6417 0:20:27 8012.23 103292.50 7554.60 7763.45 1.99 3.91 160.56 1970.62
homfam serpin 3144 8 291.462 418 34.3 95.2 94.8 82.9 89.2 1241.7144 0:20:41 7981.48 103221.43 7526.06 7734.98 1.99 4.56 158.68 1976.74
homfam proteasome 5732 17 174.347 309 21.7 83.3 82.8 36.2 54.0 679.9842 0:11:19 7937.98 103269.54 7637.65 7777.97 5.99 5.76 129.14 888.52
homfam zf-CCHH 88345 15 23.2513 39 35.5 96.0 95.5 77.1 85.3 518.6719 0:08:38 8021.39 102929.24 7633.13 7773.25 1.95 42.07 122.34 635.72
homfam egf 7774 12 32.0765 71 31.1 77.5 81.0 36.8 41.9 217.3567 0:03:37 7954.17 102313.54 7565.32 7728.58 1.98 4.39 117.13 256.07
homfam annexin 3139 6 65.1902 323 57.2 97.9 98.2 94.0 94.4 457.9237 0:07:37 8039.10 103053.39 7543.39 7683.32 1.99 2.36 147.24 675.78
homfam OTCace 4795 5 157.005 350 37.3 95.6 96.2 85.5 90.4 641.9494 0:10:41 7992.33 103116.24 7561.50 7770.51 1.99 5.04 141.71 910.83
homfam rnasemam 498 6 120.072 141 42.2 93.7 90.9 70.1 81.7 215.0416 0:03:35 7989.02 102919.79 7557.10 7720.84 1.99 0.94 120.09 259.75
homfam adh 21331 5 123.64 375 63.9 97.2 98.1 94.1 94.4 1352.2909 0:22:32 8036.48 103187.06 7535.69 7652.66 1.98 18.79 159.80 2168.86
homfam il8 1073 11 63.7623 81 34.5 88.4 88.1 57.1 65.8 182.6362 0:03:02 8001.49 101958.46 7574.90 7680.52 1.99 1.40 115.66 212.94
homfam hr 3707 5 65.1513 82 53.3 98.6 98.6 93.7 97.7 240.8158 0:04:00 8013.66 103155.60 7559.78 7700.00 1.99 2.52 122.12 301.89
homfam ChtBD 774 5 38.2713 45 59.3 99.3 99.0 95.3 97.1 158.7565 0:02:38 8008.05 97838.12 7557.39 7674.62 1.99 1.25 100.69 160.91
homfam gluts 10099 14 98.1117 235 39.4 90.6 90.8 63.5 66.9 1259.9830 0:20:59 7957.26 99911.71 7500.03 7709.28 1.98 7.89 168.38 2122.77
homfam ghf5 2717 6 260.466 470 17.8 66.4 67.2 37.8 53.2 1405.9556 0:23:25 8023.77 102940.24 7546.21 7755.05 1.99 4.08 165.57 2336.82
homfam ghf13 12607 10 264.452 626 26.8 64.5 65.0 30.1 41.5 4503.9051 1:15:03 7970.71 102641.81 7524.07 7721.74 1.99 16.34 178.82 8060.70
homfam PDZ 14950 6 80.8907 110 30.6 86.7 87.5 62.6 71.4 541.3120 0:09:01 7999.62 102921.15 7504.88 7621.79 1.98 11.28 143.42 785.25
homfam az 1086 29 100.416 215 33.4 78.0 77.5 43.5 49.4 250.6779 0:04:10 7994.23 99909.45 7932.89 7960.00 1.99 1.68 123.45 318.53
homfam hla 13465 5 153.148 178 76.5 100.0 100.0 100.0 100.0 561.4395 0:09:21 7993.80 103055.10 7573.46 7713.55 1.99 13.54 120.63 678.78
homfam slectin 932 5 133.052 142 33.3 93.8 94.2 84.7 89.4 382.4139 0:06:22 7983.25 102952.99 7492.86 7655.73 1.99 1.39 139.12 540.25
homfam GEL 2195 5 78.1157 150 23.7 69.7 73.8 39.7 55.9 265.5339 0:04:25 7944.91 99910.48 7495.42 7600.73 1.99 2.97 139.73 371.32
homfam kringle 1091 9 75.9138 100 43.3 95.7 94.7 79.8 85.3 196.1126 0:03:16 7980.54 99912.26 7529.53 7669.23 1.99 1.23 104.82 207.34
homfam p450 21013 12 331.506 512 20.8 81.9 81.8 47.3 58.6 4362.2051 1:12:42 8506.88 100332.91 8005.04 8135.22 32.00 0.76 152.14 6638.61
homfam gpdh 7691 8 129.082 360 55.1 96.2 96.0 88.5 91.4 773.7182 0:12:53 8032.83 103236.79 7561.32 7666.75 1.99 13.53 155.82 1206.60
homfam int 7572 5 168.037 219 22.5 88.4 89.2 70.8 78.7 1170.7997 0:19:30 7947.27 103136.66 7563.50 7680.73 1.98 8.32 158.80 1865.89
homfam KAS 2070 6 174.528 404 31.7 88.1 87.8 70.8 77.2 576.7572 0:09:36 7994.04 99912.13 7536.77 7676.79 1.99 2.67 142.47 823.24
homfam trfl 837 7 242.315 702 61.9 95.1 96.4 88.9 88.0 969.2803 0:16:09 8025.95 99909.74 7541.91 7682.60 1.99 1.91 150.32 1462.26
homfam TNF 556 5 119.903 176 32.0 82.7 83.6 70.7 75.3 228.5225 0:03:48 8007.39 102922.45 7557.59 7697.62 1.99 0.97 112.06 257.56
homfam scorptoxin 363 8 53.2562 74 46.3 93.7 92.5 80.8 87.5 161.3829 0:02:41 8010.16 99913.00 7556.89 7696.83 1.99 1.04 97.57 159.07
homfam aldosered 13277 7 268.547 386 41.6 87.0 89.6 69.2 76.1 2103.9403 0:35:03 8041.04 103185.25 7583.83 7701.07 1.98 18.18 158.72 3336.75
homfam rrm 27610 20 67.4587 157 22.9 84.3 85.4 20.7 30.6 446.1330 0:07:26 8025.87 97861.11 7582.42 7722.99 1.98 17.90 132.03 592.91
