homfam ricin 747 7 198.708 281 37.5 92.2 92.4 78.8 86.2 650.2410 0:10:50 15109.75 105096.36 14690.72 14831.18 1.99 1.33 137.11 892.97
homfam ghf10 1502 5 220.34 364 43.3 93.9 94.2 82.4 88.3 1347.5323 0:22:27 15069.67 104983.42 14702.84 14843.44 1.99 2.43 150.51 2037.60
homfam seatoxin 93 5 43.6344 54 42.6 66.7 64.1 8.2 9.3 160.6867 0:02:40 15043.17 104905.29 14682.52 14823.26 1.99 0.63 106.81 173.07
homfam mofe 2567 6 353.074 609 30.0 85.3 86.3 66.8 74.6 4739.0566 1:18:59 14858.86 104748.32 14354.07 14563.79 1.99 4.20 163.93 7775.84
homfam cyt3 385 6 92.3065 130 40.3 79.8 80.6 59.3 67.8 228.9544 0:03:48 15068.82 104981.33 14668.47 14831.47 1.99 0.90 116.53 267.75
homfam ins 793 6 65.2825 74 44.9 86.5 93.1 65.2 82.0 458.1241 0:07:38 15228.95 105106.38 14865.50 15005.35 1.99 1.49 126.40 588.42
homfam Ald_Xan_dh_2 2589 6 109.304 885 31.8 82.7 82.7 62.9 70.9 2517.6039 0:41:57 15071.82 104982.52 14673.48 14837.02 1.99 2.59 159.08 4014.20
homfam tms 2118 5 264.245 357 45.9 95.8 95.6 84.9 90.3 1767.3084 0:29:27 15080.96 105047.48 14917.20 15057.55 1.99 3.22 158.78 2813.03
homfam phc 2957 12 98.4711 179 37.2 93.5 94.0 76.5 82.3 575.6886 0:09:35 15076.30 105048.61 14704.00 14810.35 1.99 2.65 143.27 833.70
homfam cytb 3206 6 82.1454 100 35.6 92.3 92.5 76.1 82.8 916.5005 0:15:16 15089.04 105008.63 15075.16 15101.79 1.99 3.00 145.81 1342.94
homfam mmp 1427 6 157.93 180 55.1 95.5 96.6 87.0 92.1 1067.9118 0:17:47 15140.34 105032.43 14653.81 14816.74 1.99 1.95 150.78 1619.76
homfam phoslip 946 18 113.33 137 48.9 95.5 95.1 72.8 82.7 342.3214 0:05:42 7350.43 102919.28 6872.05 6989.33 1.99 1.34 130.93 449.83
homfam HLH 6781 5 53.5453 92 28.1 87.4 91.5 65.5 77.1 689.9876 0:11:29 15075.34 104986.99 14690.77 14831.62 1.99 4.11 156.60 1080.25
homfam myb_DNA-binding 10398 5 46.5583 61 40.7 93.8 93.6 80.4 86.0 566.4398 0:09:26 14654.46 104488.96 14085.10 14293.98 1.98 5.91 134.61 768.55
homfam msb 4884 8 106.037 158 26.6 88.0 89.6 59.3 72.3 586.3823 0:09:46 15073.02 104984.73 14818.38 14958.78 1.98 4.44 137.86 814.36
homfam ghf1 4358 8 403.813 562 38.4 91.5 91.5 69.8 78.1 5201.5555 1:26:41 14336.25 104160.55 13856.85 13974.12 1.99 7.66 159.74 8311.39
homfam rvp 93681 6 94.2886 132 36.6 81.1 80.6 54.1 60.9 3157.1253 0:52:37 9692.53 102943.48 9326.48 9491.51 1.99 58.21 126.48 3994.36
homfam lyase_1 7632 5 295.082 511 30.9 82.4 82.4 65.0 68.8 3380.9644 0:56:20 14064.18 103887.98 13610.61 13819.58 1.99 9.98 153.62 5200.16
homfam ldh 7367 14 121.378 371 31.9 88.9 88.6 61.6 71.5 1536.0835 0:25:36 15072.96 104988.05 14703.86 14912.81 1.99 7.16 152.66 2353.52
homfam subt 7517 11 301.598 414 39.5 81.4 82.5 38.5 52.5 11058.5677 3:04:18 10126.29 103168.59 9809.85 9950.20 25.98 12.34 168.63 18658.13
homfam sodfe 4455 8 77.4471 219 42.3 91.2 90.6 65.6 69.1 860.6728 0:14:20 15137.41 105009.71 14686.71 14804.33 1.99 3.59 136.12 1172.98
homfam LIM 6428 5 57.0143 86 52.8 95.3 96.3 85.4 93.1 527.1765 0:08:47 9382.66 101959.84 8874.82 8991.53 1.99 4.20 124.82 659.74
homfam blm 9105 8 300.727 274 39.1 69.4 71.4 47.2 49.1 6200.3217 1:43:20 8311.52 103246.85 7807.07 7929.72 9.98 13.28 160.87 9982.91
homfam DMRL_synthase 2099 5 140.59 182 33.2 92.0 89.4 74.6 83.3 535.2775 0:08:55 15058.54 104947.47 14786.58 14880.90 1.99 2.30 130.72 702.97
homfam tRNA-synt_2b 11293 5 177.564 467 18.7 47.4 46.4 22.4 31.5 3211.3978 0:53:31 14216.67 104065.67 13737.02 13843.11 1.99 11.95 157.03 5050.46
homfam Stap_Strp_toxin 640 6 87.3922 254 32.5 79.5 78.7 47.7 53.6 620.8045 0:10:20 14624.02 104455.89 14151.36 14257.34 1.99 1.00 151.46 941.76
homfam Acetyltransf 46285 6 82.9897 229 24.1 69.9 66.8 35.4 45.5 4013.2910 1:06:53 12070.79 102942.44 11591.12 11708.72 1.97 34.11 163.92 6584.53
homfam ghf22 760 12 107.567 131 51.4 93.3 93.7 80.8 84.4 310.6036 0:05:10 12312.97 102153.57 11775.25 11892.64 1.99 1.16 131.35 409.73
homfam sdr 50157 13 163.253 361 23.3 80.0 78.4 32.5 44.1 5318.6519 1:28:38 9886.41 103064.21 9519.46 9684.95 1.97 55.45 141.77 7541.27
homfam ltn 1068 12 204.148 282 49.9 93.4 93.7 69.2 78.2 973.6144 0:16:13 15065.48 104982.37 14639.46 14803.09 1.99 1.83 152.59 1487.27
homfam hpr 3349 5 83.0427 89 44.4 99.3 99.3 97.7 98.5 444.8057 0:07:24 15066.21 104983.61 14654.17 14817.11 1.99 2.72 128.61 573.58
homfam bowman 499 5 26.1443 73 64.9 92.2 92.2 77.1 75.6 177.1708 0:02:57 15092.02 104980.35 14701.80 14842.28 1.99 0.78 125.35 223.56
homfam hip 167 5 66.2096 88 33.4 86.7 86.2 66.7 75.2 176.7323 0:02:56 15169.74 105056.29 14727.75 14867.56 1.99 0.98 125.16 222.82
homfam HMG_box 4779 5 66.0716 89 24.8 92.8 92.8 77.8 86.0 387.8077 0:06:27 15124.23 105048.72 14706.55 14847.11 1.99 3.21 130.32 506.89
homfam icd 5678 5 328.887 433 41.7 93.5 94.1 84.6 87.9 4335.0130 1:12:15 15118.49 105036.92 14734.27 14851.27 1.99 10.11 157.79 6847.89
homfam peroxidase 4514 5 256.626 383 37.3 84.5 86.2 60.7 63.9 3811.6133 1:03:31 12783.62 103187.67 12228.96 12346.68 1.99 6.63 166.59 6357.15
homfam asp 3262 13 284.142 381 37.5 91.4 91.5 74.3 80.2 3073.7602 0:51:13 15046.25 105023.63 14646.59 14856.20 1.99 5.23 158.54 4873.35
homfam flav 4612 6 138.021 183 35.0 85.0 85.0 58.9 60.9 1255.7088 0:20:55 14880.03 104784.61 14519.18 14659.55 1.99 4.36 146.78 1850.90
homfam cah 1379 5 212.706 279 38.7 90.1 90.9 72.7 81.0 1065.0760 0:17:45 15133.02 104982.44 14714.41 14877.37 1.99 2.07 151.56 1615.81
homfam ace 3989 6 427.824 601 37.3 84.6 86.7 67.3 73.6 7198.2611 1:59:58 15011.10 104835.90 14556.19 14673.82 1.98 18.65 164.29 11825.52
homfam sti 613 5 165.383 198 36.4 92.1 92.0 77.2 85.1 358.6190 0:05:58 13005.51 102829.34 12514.11 12647.19 1.99 1.18 137.82 495.95
homfam aat 25100 10 337.807 476 28.6 82.8 83.1 51.0 56.6 9756.4320 2:42:36 9795.48 103199.45 9537.49 9565.47 1.98 78.25 150.04 14630.25
homfam oxidored_q6 3348 5 123.044 285 56.7 89.3 90.9 79.7 81.4 1037.5635 0:17:17 15075.19 104982.62 14842.96 14983.30 1.99 3.18 157.76 1645.33
homfam hormone_rec 3509 5 188.562 308 21.5 72.0 72.8 47.0 59.9 1537.3228 0:25:37 15166.56 105033.66 14820.69 14961.16 1.99 3.78 155.19 2395.42
homfam rhv 17976 6 143.424 938 33.1 62.8 62.7 30.4 38.9 20769.3754 5:46:09 12812.32 102921.73 12342.31 12551.93 9.99 15.36 144.69 30058.11
homfam tgfb 1606 8 95.4645 118 43.8 83.3 87.9 38.5 47.0 309.3088 0:05:09 15095.01 105007.46 14854.11 14994.97 1.99 1.57 131.11 407.07
homfam cryst 1160 7 80.8078 192 44.4 91.8 91.7 71.3 73.7 396.9799 0:06:36 15057.20 104881.37 14632.47 14795.40 1.99 1.27 126.65 504.29
homfam cyclo 6288 6 159.069 203 44.1 87.3 89.9 71.4 77.3 2169.5378 0:36:09 12260.11 103193.27 11918.99 12059.43 1.99 7.53 155.25 3375.65
homfam kunitz 2266 10 53.752 64 37.9 97.1 97.5 83.3 86.6 259.2930 0:04:19 13807.47 103631.90 13327.73 13433.68 0.00 0.02 132.60 4.69
homfam Rhodanese 14049 6 102.277 216 22.7 71.3 79.6 51.0 50.3 2111.1803 0:35:11 14518.94 104344.55 14039.02 14248.60 1.98 11.15 151.04 3191.14
homfam sodcu 2038 7 141.322 169 42.2 90.5 90.7 76.5 80.5 509.1654 0:08:29 15096.01 105008.48 14678.57 14784.59 1.99 2.37 141.00 722.77
homfam profilin 687 5 123.371 144 39.7 92.6 92.6 82.8 83.5 331.4468 0:05:31 15066.46 105046.37 14840.56 14934.86 1.99 1.21 137.86 465.20
homfam glob 3983 41 100.684 174 31.7 96.0 95.7 65.9 69.8 571.1571 0:09:31 14667.86 104560.31 14317.81 14389.12 1.99 3.71 126.64 728.16
homfam tim 3904 10 205.645 260 47.5 97.7 97.6 92.7 95.8 1949.1111 0:32:29 15124.56 105034.66 14738.71 14947.59 1.99 4.96 154.20 3013.12
homfam uce 4558 13 134.701 184 34.0 90.8 89.9 57.2 65.5 700.5504 0:11:40 15074.04 104984.71 14706.93 14915.82 1.99 4.23 135.89 961.63
homfam toxin 508 20 62.311 78 43.1 88.9 87.4 55.8 63.7 193.8853 0:03:13 15070.66 105045.32 14693.96 14811.05 1.99 0.88 112.53 219.25
homfam rub 1435 5 46.1575 54 62.1 95.1 96.3 87.0 88.2 225.6750 0:03:45 15082.27 104970.41 14699.21 14804.74 1.99 1.59 114.29 259.50
homfam hom 12037 8 53.4951 98 35.3 93.3 93.4 68.1 84.7 645.0745 0:10:45 15067.31 104991.60 14612.27 14821.81 1.99 6.50 130.64 844.37
homfam biotin_lipoyl 11833 7 71.8928 112 28.9 94.6 93.0 75.3 81.0 600.6811 0:10:00 15095.64 105016.63 14696.73 14836.62 1.99 8.16 131.09 788.99
homfam cys 4316 13 198.11 284 40.5 93.6 93.0 70.1 80.9 1472.2244 0:24:32 14611.48 104499.43 14132.69 14341.72 1.99 12.76 155.24 2284.54
homfam ghf11 521 5 167.758 202 49.5 90.0 89.9 76.0 77.3 484.1309 0:08:04 15068.75 104981.32 14655.46 14818.32 1.99 1.14 147.54 715.81
homfam blmb 17200 6 192.465 344 20.6 68.7 72.5 40.0 49.7 4753.3936 1:19:13 13297.19 103122.71 12818.79 13027.87 1.98 18.76 165.00 7850.64
homfam aadh 3127 8 225.129 542 38.2 86.1 87.6 51.5 57.3 2305.1309 0:38:25 15164.31 105083.62 14886.17 15026.65 1.99 4.30 156.34 3611.25
homfam DEATH 1183 7 80.5689 159 19.6 82.7 83.3 61.3 68.6 302.9801 0:05:02 12505.29 103006.52 12045.98 12179.45 1.99 1.37 135.79 412.99
homfam Sulfotransfer 2489 5 235.798 381 26.2 78.1 78.7 50.3 59.7 2798.9728 0:46:38 8178.39 99302.11 7723.96 7830.21 5.99 4.29 150.10 4211.22
homfam serpin 3144 8 291.462 418 34.3 95.7 95.0 83.7 90.1 3129.9010 0:52:09 15057.50 104948.62 14710.71 14816.02 1.99 5.00 158.51 4970.38
homfam proteasome 5732 17 174.347 309 21.7 85.4 82.6 40.0 59.9 1391.5329 0:23:11 14598.89 104437.54 14036.31 14246.86 1.99 6.20 150.79 2107.01
homfam zf-CCHH 88345 15 23.2513 39 35.5 94.3 95.0 82.9 86.5 2059.4125 0:34:19 7365.33 103200.78 6930.11 7119.27 5.95 41.62 114.11 2352.31
homfam egf 7774 12 32.0765 71 31.1 75.7 76.6 30.9 36.7 409.8548 0:06:49 15077.83 104987.05 14707.95 14825.65 1.98 4.86 123.00 505.49
homfam annexin 3139 6 65.1902 323 57.2 99.6 99.8 99.4 99.4 797.8357 0:13:17 15087.76 104984.64 14704.51 14822.05 1.99 2.36 143.88 1148.82
homfam OTCace 4795 5 157.005 350 37.3 94.6 95.1 83.7 87.0 1221.2123 0:20:21 15041.57 104960.71 14581.00 14790.58 1.99 4.98 143.94 1759.35
homfam rnasemam 498 6 120.072 141 42.2 90.4 87.2 62.7 71.9 261.8157 0:04:21 15167.78 105080.34 14762.63 14902.50 1.99 1.44 137.90 362.61
homfam adh 21331 5 123.64 375 63.9 95.9 96.5 91.5 91.8 2600.7760 0:43:20 14432.05 103681.35 13852.84 14061.77 1.98 18.51 145.36 3788.63
homfam il8 1073 11 63.7623 81 34.5 90.5 89.6 61.0 70.5 248.5466 0:04:08 10927.12 102920.41 10360.56 10500.45 1.99 1.12 124.39 310.71
homfam hr 3707 5 65.1513 82 53.3 98.3 98.7 93.7 98.3 395.4841 0:06:35 15077.32 105048.63 14704.55 14810.61 1.99 2.55 136.27 548.09
homfam ChtBD 774 5 38.2713 45 59.3 99.3 99.0 95.3 97.1 189.7288 0:03:09 13555.77 103404.56 13100.11 13217.69 1.99 0.98 112.08 214.27
homfam gluts 10099 14 98.1117 235 39.4 87.7 88.2 60.1 63.2 2377.6929 0:39:37 15166.28 104989.20 14764.65 14881.47 1.98 8.19 155.98 3714.86
homfam ghf5 2717 6 260.466 470 17.8 67.1 66.9 35.5 50.5 2686.8068 0:44:46 15072.80 104983.52 14704.24 14913.94 0.00 0.02 161.35 15.53
homfam ghf13 12607 10 264.452 626 26.8 66.4 67.3 25.6 35.5 7362.4826 2:02:42 15066.59 104400.14 14684.05 14892.96 1.99 16.33 165.52 12189.25
homfam PDZ 14950 6 80.8907 110 30.6 88.3 88.9 75.8 78.9 1057.3052 0:17:37 14696.29 104543.60 14139.68 14257.25 1.98 10.91 140.14 1489.38
homfam az 1086 29 100.416 215 33.4 74.2 74.6 40.2 43.1 408.7748 0:06:48 15218.96 105195.39 14826.54 14932.61 1.99 1.43 119.35 494.26
homfam hla 13465 5 153.148 178 76.5 99.7 100.0 99.4 99.4 1034.8593 0:17:14 8024.05 99915.80 7519.59 7641.86 1.99 13.96 125.18 1296.99
homfam slectin 932 5 133.052 142 33.3 93.2 93.9 85.4 89.5 570.9175 0:09:30 15067.64 104982.38 14670.78 14833.70 1.99 1.33 143.38 827.44
homfam GEL 2195 5 78.1157 150 23.7 68.9 70.8 37.7 52.9 431.0032 0:07:11 15085.59 104931.47 14705.06 14914.56 5.99 2.04 128.52 561.11
homfam kringle 1091 9 75.9138 100 43.3 94.4 94.0 77.5 80.9 291.0118 0:04:51 12245.01 103123.35 11751.07 11891.53 1.99 1.58 140.72 411.01
homfam p450 21013 12 331.506 512 20.8 69.8 70.8 33.7 42.4 9697.0921 2:41:37 11545.77 103290.19 11038.18 11247.74 1.98 32.70 152.80 14812.18
homfam gpdh 7691 8 129.082 360 55.1 96.0 96.1 88.3 91.1 1647.0454 0:27:27 14462.81 104287.75 13909.46 14049.33 1.99 8.08 146.43 2422.69
homfam int 7572 5 168.037 219 22.5 88.9 90.6 69.8 76.3 1667.9349 0:27:47 15079.49 104988.04 14708.75 14826.36 1.98 16.99 157.40 2625.10
homfam KAS 2070 6 174.528 404 31.7 78.7 81.4 54.2 62.4 983.1060 0:16:23 15058.80 104981.48 14664.00 14828.19 1.99 2.96 149.71 1472.98
homfam trfl 837 7 242.315 702 61.9 94.6 95.5 88.3 87.9 1848.1089 0:30:48 14991.84 104830.30 14453.91 14559.28 1.99 1.87 157.89 2921.39
homfam TNF 556 5 119.903 176 32.0 82.2 82.1 61.8 67.1 300.3235 0:05:00 15201.79 105080.35 14702.00 14819.36 1.99 1.32 137.40 414.12
homfam scorptoxin 363 8 53.2562 74 46.3 90.9 90.2 74.0 80.5 174.3517 0:02:54 15067.32 105045.32 14702.03 14819.27 1.99 1.06 125.44 220.22
homfam aldosered 13277 7 268.547 386 41.6 84.8 88.2 65.2 73.0 4503.0139 1:15:03 12419.68 103172.33 11939.71 12079.68 1.98 18.54 153.65 6925.41
homfam rrm 27610 20 67.4587 157 22.9 84.5 83.8 17.1 22.7 1030.5408 0:17:10 13088.44 103042.46 12575.85 12681.29 1.98 18.36 126.84 1308.56
