homfam ricin 747 7 198.708 281 37.5 91.8 93.0 77.3 84.8 486.6592 0:08:06 6849.51 98309.36 6373.61 6512.44 1.99 1.39 151.03 743.23
homfam ghf10 1502 5 220.34 364 43.3 93.3 93.0 81.7 87.6 1095.5124 0:18:15 6876.05 103183.60 6510.92 6677.42 1.99 2.87 152.14 1675.58
homfam seatoxin 93 5 43.6344 54 42.6 72.2 70.6 26.5 25.0 146.9372 0:02:26 6345.30 101993.14 5980.48 6068.12 1.99 0.66 124.10 183.89
homfam mofe 2567 6 353.074 609 30.0 86.5 88.3 68.7 76.2 2617.4411 0:43:37 7330.75 103056.74 6855.06 7075.25 1.99 4.37 161.04 4223.81
homfam cyt3 385 6 92.3065 130 40.3 79.7 80.2 60.2 68.7 166.1151 0:02:46 6616.05 101994.16 6169.66 6282.50 1.99 0.90 109.07 182.73
homfam ins 793 6 65.2825 74 44.9 95.4 95.2 71.0 90.3 354.2847 0:05:54 6734.62 102922.29 6274.18 6397.89 1.99 1.12 128.82 459.64
homfam Ald_Xan_dh_2 2589 6 109.304 885 31.8 83.5 83.5 64.3 72.3 1616.7940 0:26:56 6549.60 101958.80 6183.97 6267.53 1.99 2.66 165.19 2679.20
homfam tms 2118 5 264.245 357 45.9 96.2 95.5 86.0 90.7 1126.9991 0:18:46 7109.12 103243.80 6743.08 6853.85 1.99 3.33 161.66 1831.58
homfam phc 2957 12 98.4711 179 37.2 85.9 94.6 39.7 43.1 451.0079 0:07:31 6719.12 102929.05 6543.67 6564.12 1.99 3.01 151.09 689.06
homfam cytb 3206 6 82.1454 100 35.6 90.1 90.0 72.8 79.0 668.0994 0:11:08 6668.38 98109.31 6302.50 6413.19 1.99 2.67 162.07 1090.46
homfam mmp 1427 6 157.93 180 55.1 95.5 96.9 88.2 92.8 691.8505 0:11:31 6934.09 101957.69 6569.53 6667.10 1.99 1.96 164.72 1141.16
homfam phoslip 946 18 113.33 137 48.9 95.4 95.1 75.0 85.2 238.1231 0:03:58 6717.63 102928.20 6241.65 6384.51 1.99 1.34 140.57 344.98
homfam HLH 6781 5 53.5453 92 28.1 88.9 93.5 65.5 77.1 467.5988 0:07:47 6742.93 102936.69 6266.73 6405.46 1.99 4.31 154.04 729.01
homfam myb_DNA-binding 10398 5 46.5583 61 40.7 94.4 93.3 78.6 84.0 318.0384 0:05:18 6673.73 98760.28 6454.92 6505.43 1.98 5.91 133.31 425.54
homfam msb 4884 8 106.037 158 26.6 86.1 89.5 63.4 76.2 370.5046 0:06:10 6807.97 101960.14 6384.52 6546.75 1.98 4.55 153.69 570.23
homfam ghf1 4358 8 403.813 562 38.4 92.0 92.1 72.0 79.8 3608.9502 1:00:08 7532.54 103248.99 7056.54 7167.77 1.99 8.27 163.29 5897.75
homfam rvp 93681 6 94.2886 132 36.6 80.6 80.3 53.2 59.9 914.1991 0:15:14 8326.09 103673.75 7850.59 7989.43 1.99 58.57 144.08 1323.55
homfam lyase_1 7632 5 295.082 511 30.9 82.1 82.0 61.4 68.0 2259.9199 0:37:39 7346.56 103152.97 6870.63 7090.81 1.99 9.87 161.26 3649.02
homfam ldh 7367 14 121.378 371 31.9 89.2 88.7 58.9 70.6 942.6820 0:15:42 6881.30 103130.27 6405.06 6625.16 1.99 8.83 158.47 1501.74
homfam subt 7517 11 301.598 414 39.5 80.4 81.4 34.2 45.7 7276.6388 2:01:16 7550.15 103246.96 7075.41 7221.29 1.98 43.04 178.65 12995.72
homfam sodfe 4455 8 77.4471 219 42.3 90.9 90.1 65.1 68.9 534.3216 0:08:54 6565.77 99910.82 6199.92 6310.60 1.99 3.39 158.92 850.22
homfam LIM 6428 5 57.0143 86 52.8 98.5 98.5 90.2 98.4 214.7322 0:03:34 6574.28 101959.09 6205.18 6370.05 1.99 3.82 132.32 285.66
homfam blm 9105 8 300.727 274 39.1 56.5 62.3 19.5 20.3 3220.0436 0:53:40 7594.17 102961.70 7276.94 7388.10 1.98 29.40 169.05 5444.89
homfam DMRL_synthase 2099 5 140.59 182 33.2 92.6 89.7 74.6 83.3 337.6821 0:05:37 6902.16 101241.91 6426.73 6592.54 1.99 2.36 141.43 479.15
homfam tRNA-synt_2b 11293 5 177.564 467 18.7 45.0 43.7 21.5 30.3 2059.7254 0:34:19 7300.18 103292.75 6823.98 6962.70 1.99 12.27 176.54 3636.27
homfam Stap_Strp_toxin 640 6 87.3922 254 32.5 83.0 82.6 52.7 58.5 398.0044 0:06:38 6714.84 99912.11 6238.95 6381.73 1.99 1.32 151.16 603.28
homfam Acetyltransf 46285 6 82.9897 229 24.1 61.6 64.8 38.1 45.2 2946.2050 0:49:06 7653.18 103058.22 7177.23 7309.70 1.97 33.86 184.04 5421.84
homfam ghf22 760 12 107.567 131 51.4 93.2 93.4 79.2 82.9 188.4875 0:03:08 6683.71 96238.98 6318.55 6429.22 1.99 1.13 122.87 233.22
homfam sdr 50157 13 163.253 361 23.3 76.7 76.2 29.0 38.9 2450.7451 0:40:50 8066.31 103196.31 7700.59 7796.21 1.97 55.26 159.60 3907.80
homfam ltn 1068 12 204.148 282 49.9 93.2 93.6 69.2 78.2 662.5242 0:11:02 6767.66 97866.97 6401.88 6512.55 1.99 1.81 158.41 1053.79
homfam hpr 3349 5 83.0427 89 44.4 99.3 99.3 97.7 98.5 249.9307 0:04:09 6625.84 99911.13 6260.70 6379.38 1.99 2.70 134.63 338.06
homfam bowman 499 5 26.1443 73 64.9 94.5 94.5 82.9 84.9 127.9805 0:02:07 6444.81 99911.02 6122.50 6229.36 1.99 0.77 104.48 134.64
homfam hip 167 5 66.2096 88 33.4 86.7 85.7 63.1 74.8 157.1137 0:02:37 6436.36 99959.27 6070.85 6167.12 1.99 0.70 116.04 183.81
homfam HMG_box 4779 5 66.0716 89 24.8 97.3 96.2 85.2 93.9 265.3699 0:04:25 6580.66 99913.15 6214.96 6326.33 1.99 3.54 118.92 316.46
homfam icd 5678 5 328.887 433 41.7 93.5 94.0 84.8 87.9 2524.7340 0:42:04 7460.66 103264.17 6984.55 7104.87 1.99 8.21 159.69 4039.53
homfam peroxidase 4514 5 256.626 383 37.3 78.1 78.9 43.3 47.1 2638.4884 0:43:58 7198.83 103248.75 6722.88 6861.57 1.99 14.55 178.19 4701.74
homfam asp 3262 13 284.142 381 37.5 90.9 91.4 72.5 79.2 1582.6517 0:26:22 7231.79 103240.08 6754.77 6890.96 1.99 5.55 166.20 2639.91
homfam flav 4612 6 138.021 183 35.0 84.9 85.6 58.3 60.7 878.4319 0:14:38 6818.71 103062.94 6452.86 6617.84 1.99 4.27 147.50 1306.09
homfam cah 1379 5 212.706 279 38.7 87.0 87.9 65.3 73.1 753.5249 0:12:33 6793.08 103115.41 6427.53 6557.71 1.99 2.14 149.74 1136.10
homfam ace 3989 6 427.824 601 37.3 86.2 87.2 67.6 74.0 4821.8694 1:20:21 7751.55 103199.77 7276.02 7396.41 1.98 8.56 166.81 8046.91
homfam sti 613 5 165.383 198 36.4 89.5 88.6 72.3 78.4 225.3812 0:03:45 6702.33 99912.05 6336.97 6472.98 1.99 1.12 122.44 277.45
homfam aat 25100 10 337.807 476 28.6 80.4 80.5 47.0 52.9 5244.2694 1:27:24 8328.94 103073.83 7963.21 8046.95 1.98 35.71 160.27 8414.57
homfam oxidored_q6 3348 5 123.044 285 56.7 91.8 92.3 83.8 85.6 678.4335 0:11:18 6735.86 103119.79 6370.37 6506.26 1.99 3.19 155.33 1063.16
homfam hormone_rec 3509 5 188.562 308 21.5 73.8 74.7 49.1 63.0 917.9569 0:15:17 6985.66 101959.23 6747.80 6784.97 1.99 6.30 165.39 1519.07
homfam rhv 17976 6 143.424 938 33.1 28.2 40.9 1.4 0.1 8636.3587 2:23:56 7090.34 101463.47 6725.67 6890.67 1.99 15.28 171.67 14834.83
homfam tgfb 1606 8 95.4645 118 43.8 81.8 85.7 31.6 39.1 249.8603 0:04:09 6671.73 102999.73 6306.44 6450.88 1.99 1.88 133.24 334.34
homfam cryst 1160 7 80.8078 192 44.4 90.6 90.6 68.0 70.7 267.2207 0:04:27 6899.57 99910.57 6533.84 6621.62 1.99 1.62 144.11 386.62
homfam cyclo 6288 6 159.069 203 44.1 86.7 87.5 69.3 75.0 1171.5519 0:19:31 6864.58 103246.25 6388.95 6508.87 1.99 7.40 166.68 1962.44
homfam kunitz 2266 10 53.752 64 37.9 97.5 97.5 88.3 87.5 177.0569 0:02:57 6597.77 99912.18 6232.53 6343.13 1.99 3.83 132.12 235.55
homfam Rhodanese 14049 6 102.277 216 22.7 76.2 85.2 54.7 61.3 1080.3897 0:18:00 6904.76 102922.66 6790.80 6819.66 1.98 11.25 169.58 1839.12
homfam sodcu 2038 7 141.322 169 42.2 90.1 90.5 75.9 79.8 380.2233 0:06:20 6909.81 99912.15 6433.28 6606.60 1.99 2.58 127.64 489.58
homfam profilin 687 5 123.371 144 39.7 93.7 93.7 84.4 85.1 233.9471 0:03:53 6695.09 99909.54 6219.33 6379.04 1.99 1.20 142.75 340.36
homfam glob 3983 41 100.684 174 31.7 95.1 95.0 70.6 74.0 346.4296 0:05:46 6811.45 100231.56 6335.07 6526.45 1.99 5.23 141.65 500.39
homfam tim 3904 10 205.645 260 47.5 98.4 98.2 94.2 97.1 952.6715 0:15:52 6864.38 103217.61 6777.84 6806.54 1.99 5.23 149.14 1421.50
homfam uce 4558 13 134.701 184 34.0 90.8 90.7 57.2 65.5 520.9681 0:08:40 6963.30 103057.27 6598.47 6763.18 1.99 4.51 142.30 746.41
homfam toxin 508 20 62.311 78 43.1 91.0 89.3 59.7 68.0 136.7336 0:02:16 6442.23 102919.23 6076.98 6173.18 1.99 1.15 96.43 133.32
homfam rub 1435 5 46.1575 54 62.1 98.4 98.4 92.6 93.5 156.2956 0:02:36 6515.23 101961.32 6185.76 6260.15 1.99 1.60 116.32 182.79
homfam hom 12037 8 53.4951 98 35.3 93.9 93.8 65.2 79.7 324.8457 0:05:24 6627.05 103052.20 6561.04 6589.80 1.99 6.65 145.21 474.70
homfam biotin_lipoyl 11833 7 71.8928 112 28.9 94.6 93.0 75.3 81.0 302.2426 0:05:02 6838.35 103122.25 6362.55 6584.19 1.99 8.26 140.48 426.09
homfam cys 4316 13 198.11 284 40.5 93.7 93.4 70.1 80.3 1131.0015 0:18:51 6963.02 103289.45 6831.50 6860.30 1.99 6.12 159.92 1812.88
homfam ghf11 521 5 167.758 202 49.5 89.4 89.1 77.6 79.0 357.6697 0:05:57 6728.37 102922.31 6252.30 6391.11 1.99 1.20 149.96 537.83
homfam blmb 17200 6 192.465 344 20.6 66.3 71.5 37.5 48.9 3331.1869 0:55:31 7656.48 102956.92 7588.45 7611.22 1.98 18.50 181.08 6041.22
homfam aadh 3127 8 225.129 542 38.2 84.7 86.9 49.4 55.3 1568.0052 0:26:08 6902.91 103206.85 6725.77 6754.36 1.99 4.21 162.58 2557.53
homfam DEATH 1183 7 80.5689 159 19.6 78.3 79.0 44.4 60.3 232.2164 0:03:52 6682.66 99910.59 6206.95 6358.47 1.99 1.38 133.91 312.45
homfam Sulfotransfer 2489 5 235.798 381 26.2 74.5 75.8 48.3 58.2 1597.9604 0:26:37 7015.58 99912.32 6650.16 6760.87 1.99 4.08 168.34 2698.09
homfam serpin 3144 8 291.462 418 34.3 95.8 95.2 83.7 89.7 1595.0075 0:26:35 7325.22 103243.98 6959.77 7043.20 1.99 4.71 160.83 2572.06
homfam proteasome 5732 17 174.347 309 21.7 83.0 80.6 34.8 52.1 885.6882 0:14:45 6980.40 99911.18 6597.88 6762.66 1.99 5.80 159.50 1420.54
homfam zf-CCHH 88345 15 23.2513 39 35.5 96.6 95.8 88.6 93.0 500.1033 0:08:20 7148.81 100453.73 6831.48 6903.08 0.00 0.02 137.33 5.40
homfam egf 7774 12 32.0765 71 31.1 81.5 82.1 44.1 48.5 218.1682 0:03:38 6506.02 103064.28 6440.27 6468.96 1.98 4.47 116.64 255.96
homfam annexin 3139 6 65.1902 323 57.2 99.6 99.8 99.4 99.4 537.2141 0:08:57 6620.36 103190.99 6254.71 6365.37 1.99 2.52 149.57 804.93
homfam OTCace 4795 5 157.005 350 37.3 96.7 96.7 89.9 92.2 706.6621 0:11:46 6850.63 103287.12 6550.93 6682.72 1.99 4.96 153.90 1088.94
homfam rnasemam 498 6 120.072 141 42.2 92.9 89.6 70.9 81.7 177.1144 0:02:57 6638.22 96213.66 6312.83 6410.24 1.99 0.98 131.35 234.16
homfam adh 21331 5 123.64 375 63.9 96.7 97.1 91.7 92.0 1548.3125 0:25:48 7070.34 102928.11 6705.49 6870.35 5.98 18.27 161.85 2513.36
homfam il8 1073 11 63.7623 81 34.5 89.0 88.7 58.4 65.9 206.1587 0:03:26 6579.52 99914.80 6213.97 6297.54 1.99 1.42 106.72 221.03
homfam hr 3707 5 65.1513 82 53.3 99.1 99.1 94.9 99.1 259.6144 0:04:19 6608.59 103134.36 6128.12 6294.03 1.99 3.61 148.83 387.88
homfam ChtBD 774 5 38.2713 45 59.3 98.3 98.1 93.0 94.7 109.8926 0:01:49 6386.87 103149.01 6021.86 6125.05 1.99 1.08 126.01 139.94
homfam gluts 10099 14 98.1117 235 39.4 88.7 88.8 62.2 65.2 1513.7108 0:25:13 6926.84 102940.06 6785.88 6814.61 1.98 9.70 173.96 2642.54
homfam ghf5 2717 6 260.466 470 17.8 66.2 66.8 34.4 49.3 1805.1501 0:30:05 6986.32 103118.38 6621.08 6785.93 1.99 6.12 167.41 3029.60
homfam ghf13 12607 10 264.452 626 26.8 60.9 62.3 24.4 33.4 5260.1381 1:27:40 7773.57 103214.33 7407.79 7491.33 1.99 16.29 178.81 9408.25
homfam PDZ 14950 6 80.8907 110 30.6 89.5 89.6 75.8 78.9 645.5235 0:10:45 7025.11 99913.35 6549.43 6688.10 1.98 11.32 161.49 1044.25
homfam az 1086 29 100.416 215 33.4 73.6 73.7 40.2 43.1 235.3183 0:03:55 6706.29 99913.15 6340.74 6460.22 1.99 3.37 143.57 345.05
homfam hla 13465 5 153.148 178 76.5 100.0 100.0 100.0 100.0 612.3115 0:10:12 7374.56 102921.35 7250.52 7279.33 1.99 13.54 131.20 803.88
homfam slectin 932 5 133.052 142 33.3 94.9 94.7 86.1 90.3 504.2259 0:08:24 6662.48 102992.45 6338.04 6481.98 1.99 1.38 130.40 667.88
homfam GEL 2195 5 78.1157 150 23.7 67.0 67.7 34.9 48.1 282.5499 0:04:42 6831.75 99909.55 6465.89 6577.26 1.99 3.88 136.25 393.96
homfam kringle 1091 9 75.9138 100 43.3 94.9 93.9 75.3 81.1 184.7043 0:03:04 6633.35 101959.57 6157.71 6307.96 1.99 1.56 126.78 235.22
homfam p450 21013 12 331.506 512 20.8 70.7 71.8 36.1 44.5 4780.3622 1:19:40 8855.73 103192.85 8489.11 8577.19 73.98 32.91 163.88 7833.50
homfam gpdh 7691 8 129.082 360 55.1 96.3 96.2 88.5 91.4 943.3713 0:15:43 6916.90 103395.16 6778.12 6806.94 1.99 7.88 156.62 1487.03
homfam int 7572 5 168.037 219 22.5 82.8 84.3 58.9 65.0 1235.0722 0:20:35 6978.36 102952.76 6912.79 6941.48 1.98 8.04 169.15 2098.03
homfam KAS 2070 6 174.528 404 31.7 87.4 87.3 67.8 74.5 607.5441 0:10:07 6843.82 102919.56 6368.11 6534.04 1.99 2.75 139.94 851.74
homfam trfl 837 7 242.315 702 61.9 94.0 94.8 87.7 87.3 1282.7610 0:21:22 7030.04 99239.80 6554.10 6692.86 1.99 1.62 155.07 1990.67
homfam TNF 556 5 119.903 176 32.0 79.1 79.7 62.4 67.3 201.5229 0:03:21 6720.17 99909.48 6288.08 6395.58 1.99 1.22 139.76 283.02
homfam scorptoxin 363 8 53.2562 74 46.3 90.7 89.7 75.3 82.0 126.5294 0:02:06 6492.63 96043.27 6016.89 6159.74 1.99 1.07 104.09 133.27
homfam aldosered 13277 7 268.547 386 41.6 87.2 89.7 68.0 75.4 2988.0069 0:49:48 7602.80 103179.85 7126.84 7277.78 1.98 51.93 162.78 4860.57
homfam rrm 27610 20 67.4587 157 22.9 82.6 81.8 16.2 23.1 545.0080 0:09:05 6912.44 103274.11 6546.87 6711.76 1.97 17.91 148.15 808.93
