homfam ricin 747 7 198.708 281 37.5 90.7 90.4 73.6 81.7 982.8562 0:16:22 8807.06 100048.46 8269.98 8399.82 1.99 1.70 137.96 1365.62

homfam ghf10 1502 5 220.34 364 43.3 93.3 93.4 80.2 86.2 1942.5894 0:32:22 9417.37 101031.33 8912.64 9031.14 1.99 2.92 152.59 2972.53

homfam seatoxin 93 5 43.6344 54 42.6 62.5 60.5 12.2 12.0 374.5178 0:06:14 8096.62 98202.78 7596.39 7715.47 1.99 0.91 80.73 303.87

homfam mofe 2567 6 353.074 609 30.0 84.1 86.7 68.7 74.8 3196.9825 0:53:16 10618.95 101544.85 10140.57 10320.78 1.99 4.50 159.73 5117.70

homfam cyt3 385 6 92.3065 130 40.3 81.9 82.0 62.7 70.4 453.0672 0:07:33 8289.41 98533.77 7868.38 7986.77 1.99 0.91 105.55 479.89

homfam ins 793 6 65.2825 74 44.9 92.4 91.7 66.7 89.9 704.7502 0:11:44 8493.10 100059.04 7989.39 8146.14 1.99 1.14 120.97 863.14

homfam Ald_Xan_dh_2 2589 6 109.304 885 31.8 82.8 82.7 62.0 70.7 3736.0442 1:02:16 8690.12 99950.20 8185.51 8303.63 13.99 3.08 159.20 5957.02

homfam tms 2118 5 264.245 357 45.9 93.6 93.5 79.6 85.4 2429.4339 0:40:29 9289.43 101011.17 8785.55 8938.13 1.99 5.67 168.80 4100.31

homfam phc 2957 12 98.4711 179 37.2 72.0 93.6 35.2 39.0 1152.1861 0:19:12 8911.66 100278.81 8334.54 8453.20 1.99 2.68 144.11 1667.87

homfam cytb 3206 6 82.1454 100 35.6 85.3 85.3 60.9 66.4 1438.0158 0:23:58 8241.41 100015.47 7732.48 7861.69 29.99 2.69 144.86 2094.69

homfam mmp 1427 6 157.93 180 55.1 96.6 97.2 88.2 93.1 1514.4888 0:25:14 8808.04 100368.40 8571.33 8655.15 9.99 2.07 149.31 2260.86

homfam phoslip 946 18 113.33 137 48.9 94.0 93.7 69.9 79.3 606.2515 0:10:06 8558.04 98819.92 8105.44 8272.22 1.99 1.61 110.10 669.11

homfam HLH 6781 5 53.5453 92 28.1 89.0 94.0 65.5 77.1 1130.4956 0:18:50 8347.89 100244.28 8036.32 8156.33 1.99 3.98 149.26 1697.73

homfam myb_DNA-binding 10398 5 46.5583 61 40.7 96.8 95.6 83.9 90.0 865.5709 0:14:25 8398.33 98638.74 7796.50 7978.24 0.00 0.02 138.31 7.09

homfam msb 4884 8 106.037 158 26.6 85.3 85.7 60.0 72.6 865.6185 0:14:25 8535.02 98767.58 8056.82 8202.47 0.00 0.02 137.13 7.48

homfam ghf1 4358 8 403.813 562 38.4 91.7 92.1 71.2 79.3 5344.7673 1:29:04 11482.84 103045.74 11115.93 11282.43 1.99 8.02 165.91 8874.12

homfam rvp 93681 6 94.2886 132 36.6 76.8 76.8 45.0 50.7 2616.5026 0:43:36 12696.55 102917.66 12375.52 12537.46 5.99 58.62 142.68 3734.69

homfam lyase_1 7632 5 295.082 511 30.9 84.7 84.7 67.8 72.3 3670.3151 1:01:10 10436.50 100585.36 9911.17 10146.68 1.99 10.48 167.23 6139.41

homfam ldh 7367 14 121.378 371 31.9 90.0 89.3 60.5 71.8 2022.6453 0:33:42 9091.44 99293.18 9064.73 9091.38 1.99 7.38 161.42 3266.20

homfam subt 7517 11 301.598 414 39.5 75.7 78.0 26.5 36.6 9739.8227 2:42:19 10744.10 102313.13 10239.04 10418.74 1.98 12.58 177.55 17302.29

homfam sodfe 4455 8 77.4471 219 42.3 91.4 90.4 65.1 68.9 1106.2267 0:18:26 8500.41 98630.38 7996.14 8114.00 1.99 4.77 151.20 1674.21

homfam LIM 6428 5 57.0143 86 52.8 97.3 97.3 86.6 94.2 710.6722 0:11:50 8149.43 98346.37 7647.34 7793.91 1.99 4.14 117.65 837.51

homfam blm 9105 8 300.727 274 39.1 79.7 83.9 61.0 63.4 6329.4446 1:45:29 11110.88 102682.34 10606.59 10758.77 0.00 0.02 173.51 44.71

homfam DMRL_synthase 2099 5 140.59 182 33.2 93.4 90.5 74.6 83.3 945.8081 0:15:45 8872.88 99117.81 8331.03 8480.32 9.99 2.62 129.73 1228.71

homfam tRNA-synt_2b 11293 5 177.564 467 18.7 56.1 55.1 29.7 41.4 3691.7612 1:01:31 9835.71 101046.48 9348.73 9582.80 1.99 11.82 171.99 6358.76

homfam Stap_Strp_toxin 640 6 87.3922 254 32.5 87.5 86.8 59.3 66.4 779.4304 0:12:59 8290.29 98633.78 7919.45 8011.30 1.99 1.49 135.52 1058.69

homfam Acetyltransf 46285 6 82.9897 229 24.1 61.4 60.4 31.7 42.4 5041.5780 1:24:01 11048.74 102912.66 10530.32 10682.48 29.96 34.14 173.34 8747.18

homfam ghf22 760 12 107.567 131 51.4 93.7 94.0 83.1 86.4 566.0895 0:09:26 8443.16 98766.61 7991.52 8110.00 1.99 1.66 105.57 598.98

homfam sdr 50157 13 163.253 361 23.3 68.7 72.1 33.8 43.1 4914.0528 1:21:54 13490.38 104794.81 12972.23 13101.83 1.96 55.48 160.99 7919.13

homfam ltn 1068 12 204.148 282 49.9 94.8 94.9 71.9 80.9 1083.1285 0:18:03 8785.21 98947.79 8253.56 8394.79 1.99 1.85 140.20 1521.76

homfam hpr 3349 5 83.0427 89 44.4 99.3 99.3 97.7 98.5 683.8990 0:11:23 8270.94 98511.61 7682.38 7831.65 0.00 0.02 134.59 5.91

homfam bowman 499 5 26.1443 73 64.9 94.5 94.5 82.9 84.9 409.1076 0:06:49 8113.07 98677.70 7542.31 7719.28 0.00 0.02 87.42 4.40

homfam hip 167 5 66.2096 88 33.4 82.9 82.2 60.7 68.3 448.7493 0:07:28 8114.21 98559.23 7614.70 7822.24 1.99 0.63 84.20 379.28

homfam HMG_box 4779 5 66.0716 89 24.8 94.5 93.9 79.0 86.8 714.2446 0:11:54 8090.92 98334.03 7652.58 7782.06 1.99 4.25 125.06 894.74

homfam icd 5678 5 328.887 433 41.7 93.5 93.8 82.1 86.0 4274.1973 1:11:14 10659.96 102252.09 10155.32 10285.82 1.99 8.42 166.52 7128.52

homfam peroxidase 4514 5 256.626 383 37.3 76.2 81.3 47.9 51.3 3947.5218 1:05:47 9781.21 101519.91 9261.74 9413.75 1.99 6.62 169.63 6704.58

homfam asp 3262 13 284.142 381 37.5 90.7 91.2 74.3 80.8 3133.0302 0:52:13 10142.29 101670.45 9564.67 9717.61 1.99 5.19 161.69 5071.48

homfam flav 4612 6 138.021 183 35.0 82.3 82.9 57.7 59.4 1485.2832 0:24:45 8611.03 100334.19 8487.23 8513.84 1.99 4.52 153.39 2284.96

homfam cah 1379 5 212.706 279 38.7 91.2 91.8 73.4 81.6 1470.1971 0:24:30 8890.27 99093.36 8475.51 8558.99 0.00 0.02 143.98 10.83

homfam ace 3989 6 427.824 601 37.3 86.3 88.0 66.3 73.1 7033.9962 1:57:13 11606.74 103242.18 11282.82 11309.23 1.98 17.10 171.48 12062.34

homfam sti 613 5 165.383 198 36.4 91.5 90.8 73.9 81.5 684.8448 0:11:24 8922.00 99155.79 8453.52 8583.30 0.00 0.02 109.66 6.74

homfam aat 25100 10 337.807 476 28.6 68.8 69.6 28.8 34.3 11006.6789 3:03:26 14246.02 105849.71 13797.68 13949.89 1.98 36.68 170.03 18721.68

homfam oxidored_q6 3348 5 123.044 285 56.7 93.8 93.9 88.0 89.4 1392.0664 0:23:12 8522.05 100154.25 8020.15 8200.92 1.99 3.16 154.90 2165.10

homfam hormone_rec 3509 5 188.562 308 21.5 73.6 76.2 50.2 64.2 1931.8219 0:32:11 9153.00 101077.45 8686.89 8816.58 1.99 4.11 159.45 3090.01

homfam rhv 17976 6 143.424 938 33.1 30.9 47.8 1.6 0.1 13520.6322 3:45:20 9742.87 102049.95 9238.99 9368.43 1.99 15.09 164.46 22244.90

homfam tgfb 1606 8 95.4645 118 43.8 81.3 83.6 29.1 37.5 561.5284 0:09:21 8354.25 98588.52 7853.60 8034.18 0.00 0.03 136.87 5.48

homfam cryst 1160 7 80.8078 192 44.4 92.2 92.1 72.4 75.4 679.3224 0:11:19 8626.71 98938.91 8192.32 8345.25 1.99 1.57 121.51 826.79

homfam cyclo 6288 6 159.069 203 44.1 88.7 89.7 75.7 80.0 2165.7061 0:36:05 8909.55 100623.98 8382.28 8549.79 1.99 7.29 163.72 3555.85

homfam kunitz 2266 10 53.752 64 37.9 98.9 98.9 95.0 94.7 605.4481 0:10:05 8165.77 98351.26 7648.04 7796.74 1.99 2.00 99.79 605.61

homfam Rhodanese 14049 6 102.277 216 22.7 64.3 69.8 43.8 41.0 2532.6439 0:42:12 8859.20 100689.59 8445.97 8533.62 1.98 11.64 155.13 3932.36

homfam sodcu 2038 7 141.322 169 42.2 90.6 91.0 77.7 82.0 1075.5514 0:17:55 9014.46 99622.93 8501.54 8663.44 16.00 0.02 130.02 10.46

homfam profilin 687 5 123.371 144 39.7 93.9 93.9 85.9 86.8 622.9162 0:10:22 8637.28 100132.37 8050.34 8180.22 1.99 1.52 111.85 704.03

homfam glob 3983 41 100.684 174 31.7 95.8 95.5 71.8 74.0 964.0256 0:16:04 8541.59 100493.23 8118.84 8270.49 1.99 3.73 125.60 1218.17

homfam tim 3904 10 205.645 260 47.5 98.1 98.5 92.7 95.6 1818.8480 0:30:18 9451.89 101112.86 8955.68 9136.20 1.99 5.24 145.22 2651.75

homfam uce 4558 13 134.701 184 34.0 89.9 91.3 62.7 70.2 1203.2877 0:20:03 9020.58 100332.01 8537.54 8662.31 1.99 4.54 141.25 1709.06

homfam toxin 508 20 62.311 78 43.1 90.5 88.6 53.2 61.7 426.4357 0:07:06 8019.11 98699.81 7631.58 7758.80 1.99 1.14 93.88 401.82

homfam rub 1435 5 46.1575 54 62.1 97.6 97.6 88.9 90.2 405.4775 0:06:45 7990.54 98464.42 7607.66 7723.65 1.99 1.55 90.75 369.39

homfam hom 12037 8 53.4951 98 35.3 92.1 92.0 62.3 77.5 948.7235 0:15:48 8472.25 98546.34 7967.70 8179.06 1.99 6.83 127.96 1215.32

homfam biotin_lipoyl 11833 7 71.8928 112 28.9 95.6 95.9 82.4 84.5 1140.2727 0:19:00 8500.15 98547.92 8038.84 8254.61 0.00 0.02 143.84 10.03

homfam cys 4316 13 198.11 284 40.5 93.4 93.3 67.5 80.3 2045.9395 0:34:05 9280.71 100995.26 8775.96 8928.76 1.99 6.18 152.63 3124.42

homfam ghf11 521 5 167.758 202 49.5 94.6 94.7 87.0 87.8 823.7287 0:13:43 8437.21 99056.33 7975.95 8106.65 1.99 1.45 116.00 957.09

homfam blmb 17200 6 192.465 344 20.6 66.0 71.1 35.6 45.7 7210.0889 2:00:10 10748.57 102518.80 10256.88 10414.29 1.98 18.24 181.00 13058.45

homfam aadh 3127 8 225.129 542 38.2 85.3 85.4 51.5 57.6 2275.7379 0:37:55 9132.34 100889.08 8742.12 8860.62 1.99 4.21 163.59 3732.81

homfam DEATH 1183 7 80.5689 159 19.6 73.3 74.9 43.5 44.4 673.9515 0:11:13 8489.48 99213.03 8024.01 8153.66 1.99 1.65 107.90 728.65

homfam Sulfotransfer 2489 5 235.798 381 26.2 67.7 73.3 42.9 52.9 2714.6309 0:45:14 9301.54 101032.11 8796.67 8915.05 1.99 3.99 168.23 4573.28

homfam serpin 3144 8 291.462 418 34.3 95.6 94.9 82.2 89.6 3290.3882 0:54:50 10566.03 101714.30 10201.35 10278.17 0.00 0.02 165.17 29.93

homfam proteasome 5732 17 174.347 309 21.7 82.6 81.8 33.4 50.1 1691.3694 0:28:11 9042.39 99291.25 8550.06 8722.90 1.99 5.84 156.20 2646.82

homfam zf-CCHH 88345 15 23.2513 39 35.5 94.8 95.4 80.0 82.3 1475.6925 0:24:35 9527.25 99530.87 9006.53 9162.74 37.94 42.44 125.22 1832.53

homfam egf 7774 12 32.0765 71 31.1 68.9 71.7 27.9 31.6 606.6203 0:10:06 8227.59 98263.77 7723.66 7895.63 1.98 4.52 117.23 712.52

homfam annexin 3139 6 65.1902 323 57.2 100.0 100.0 100.0 100.0 1558.1981 0:25:58 8514.03 98699.33 8081.21 8233.82 1.99 2.41 153.78 2397.72

homfam OTCace 4795 5 157.005 350 37.3 96.3 96.3 88.7 91.4 1712.2301 0:28:32 8947.52 99255.25 8396.12 8518.64 1.99 7.57 153.27 2625.66

homfam rnasemam 498 6 120.072 141 42.2 92.8 89.7 67.9 78.6 510.3525 0:08:30 8369.95 98449.86 8142.58 8244.74 1.99 0.99 107.23 548.90

homfam adh 21331 5 123.64 375 63.9 93.6 94.3 84.3 84.5 3394.1971 0:56:34 10011.97 101321.46 9507.76 9724.18 29.98 18.50 166.84 5674.53

homfam il8 1073 11 63.7623 81 34.5 91.0 90.6 67.5 76.9 558.4763 0:09:18 8184.60 98823.42 7708.41 7838.37 1.99 1.40 91.38 511.89

homfam hr 3707 5 65.1513 82 53.3 98.6 98.6 93.7 97.7 827.7296 0:13:47 8059.00 99416.63 7740.43 7906.87 309.99 3.84 110.10 919.56

homfam ChtBD 774 5 38.2713 45 59.3 99.3 99.0 95.3 97.1 388.5642 0:06:28 8022.09 98572.54 7591.68 7722.32 1.99 0.98 87.11 339.99

homfam gluts 10099 14 98.1117 235 39.4 87.2 89.1 62.2 66.0 2635.9074 0:43:55 8928.79 100954.61 8429.46 8581.94 1.98 8.32 169.30 4470.90

homfam ghf5 2717 6 260.466 470 17.8 65.6 67.0 35.7 50.6 3383.2753 0:56:23 9631.89 101279.02 9549.27 9575.92 1.99 4.15 170.26 5767.16

homfam ghf13 12607 10 264.452 626 26.8 59.5 61.2 24.8 34.8 7311.1454 2:01:51 11749.30 102999.42 11175.52 11333.02 5.99 16.13 178.89 13088.20

homfam PDZ 14950 6 80.8907 110 30.6 88.3 88.3 74.7 77.7 1534.7102 0:25:34 8931.98 100960.29 8434.76 8592.18 1.98 11.14 154.92 2375.76

homfam az 1086 29 100.416 215 33.4 74.5 74.7 42.9 47.4 658.1894 0:10:58 8471.44 98712.30 8110.81 8267.80 1.99 1.46 120.44 795.69

homfam hla 13465 5 153.148 178 76.5 100.0 100.0 100.0 100.0 1749.8317 0:29:09 9954.41 100228.16 9452.09 9686.49 1.99 18.92 141.00 2468.40

homfam slectin 932 5 133.052 142 33.3 93.6 93.9 83.9 88.2 888.2733 0:14:48 8489.93 100215.92 8012.83 8142.44 1.99 1.82 139.86 1239.66

homfam GEL 2195 5 78.1157 150 23.7 69.5 68.1 39.7 55.9 934.0888 0:15:34 8411.42 99901.30 7948.32 8105.46 0.00 0.02 119.82 8.47

homfam kringle 1091 9 75.9138 100 43.3 96.9 95.8 84.3 88.6 518.8783 0:08:38 8181.41 98426.27 7893.15 8004.77 1.99 1.29 108.26 563.41

homfam p450 21013 12 331.506 512 20.8 76.1 76.9 38.3 47.2 13909.8155 3:51:49 14785.45 106124.92 14422.70 14589.61 1.98 32.81 169.65 23597.63

homfam gpdh 7691 8 129.082 360 55.1 96.3 96.2 88.5 91.4 2354.5346 0:39:14 9210.30 101023.66 8809.30 8938.90 1.99 8.00 158.39 3738.57

homfam int 7572 5 168.037 219 22.5 83.6 84.5 58.4 62.8 2427.4187 0:40:27 9227.73 100878.26 8746.86 8864.91 1.98 8.29 159.41 3877.92

homfam KAS 2070 6 174.528 404 31.7 87.2 86.8 69.2 74.8 1328.3372 0:22:08 9245.05 104439.24 8789.42 8946.29 1.99 2.61 148.78 1981.30

homfam trfl 837 7 242.315 702 61.9 95.4 95.8 89.2 88.2 2414.2107 0:40:14 9712.75 99856.94 9204.27 9346.43 0.00 0.02 164.98 21.91

homfam TNF 556 5 119.903 176 32.0 83.7 82.9 65.6 70.2 519.0809 0:08:39 8486.77 98569.10 8127.20 8298.43 1.99 1.06 116.05 603.81

homfam scorptoxin 363 8 53.2562 74 46.3 87.9 87.2 67.1 73.1 374.7746 0:06:14 8021.46 98243.99 7526.80 7654.19 1.99 0.75 82.60 311.12

homfam aldosered 13277 7 268.547 386 41.6 87.4 89.6 70.5 76.7 5640.2055 1:34:00 11219.84 102774.73 10715.09 10844.67 113.98 18.51 165.02 9316.65

homfam rrm 27610 20 67.4587 157 22.9 85.4 83.9 22.5 29.4 1692.6996 0:28:12 9104.59 99699.20 8585.84 8820.63 430.00 29.18 145.99 2474.28

