homfam ricin 747 7 198.708 281 37.5 90.5 90.7 75.1 82.5 727.5471 0:12:07 7980.94 101994.25 7528.30 7645.54 1.99 3.31 137.81 1009.50
homfam ghf10 1502 5 220.34 364 43.3 91.9 91.9 78.9 85.0 1221.5995 0:20:21 7992.02 101959.78 7542.20 7647.94 1.99 2.43 155.23 1903.03
homfam seatoxin 93 5 43.6344 54 42.6 65.3 63.2 6.1 6.9 178.9484 0:02:58 7978.07 99913.14 7526.22 7643.37 1.99 0.94 118.73 214.08
homfam mofe 2567 6 353.074 609 30.0 86.7 89.6 70.8 76.4 4987.9274 1:23:07 8023.27 103198.73 7526.99 7643.95 1.99 4.20 163.36 8157.06
homfam cyt3 385 6 92.3065 130 40.3 78.7 79.9 59.3 67.4 241.3910 0:04:01 7988.86 101993.15 7637.27 7777.15 1.99 1.21 128.73 312.26
homfam ins 793 6 65.2825 74 44.9 94.5 95.1 69.6 92.1 477.8080 0:07:57 8009.34 102938.65 7553.11 7670.33 5.99 1.13 138.13 664.26
homfam Ald_Xan_dh_2 2589 6 109.304 885 31.8 83.6 83.5 64.1 72.2 2474.2893 0:41:14 7945.05 103059.57 7561.72 7678.67 1.99 3.02 163.35 4049.50
homfam tms 2118 5 264.245 357 45.9 96.0 95.9 85.3 91.7 1755.1106 0:29:15 7990.18 103245.60 7558.64 7664.30 1.99 5.12 156.99 2763.49
homfam phc 2957 12 98.4711 179 37.2 89.7 90.7 67.0 74.1 588.8809 0:09:48 8004.84 99011.29 7546.81 7652.47 1.99 2.68 153.34 904.93
homfam cytb 3206 6 82.1454 100 35.6 88.5 88.7 66.3 71.5 905.6841 0:15:05 7992.33 102993.49 7576.58 7682.13 1.99 2.71 158.55 1442.76
homfam mmp 1427 6 157.93 180 55.1 96.6 97.0 88.8 94.0 854.1844 0:14:14 8076.38 103184.78 7572.45 7689.36 1.99 2.33 160.60 1376.81
homfam phoslip 946 18 113.33 137 48.9 95.3 95.1 74.3 84.4 375.3149 0:06:15 7992.69 99909.60 7541.11 7700.70 1.99 1.33 127.18 478.78
homfam HLH 6781 5 53.5453 92 28.1 89.0 92.1 65.5 77.1 604.6464 0:10:04 8035.45 99912.14 7545.02 7661.96 1.99 3.96 150.49 917.70
homfam myb_DNA-binding 10398 5 46.5583 61 40.7 95.2 94.1 80.4 86.0 486.0079 0:08:06 8027.89 99912.18 7532.67 7638.50 1.98 5.86 134.46 660.11
homfam msb 4884 8 106.037 158 26.6 87.0 86.4 64.8 78.0 543.7331 0:09:03 7982.34 102345.43 7524.73 7641.66 1.98 4.46 128.91 709.94
homfam ghf1 4358 8 403.813 562 38.4 92.5 92.4 72.2 79.6 5930.3151 1:38:50 8194.18 103219.96 7690.10 7816.53 1.99 8.01 161.76 9601.65
homfam rvp 93681 6 94.2886 132 36.6 79.0 79.2 47.7 53.8 1861.4869 0:31:01 9446.86 101324.88 9009.98 9152.39 1.99 58.87 130.56 2438.05
homfam lyase_1 7632 5 295.082 511 30.9 79.9 79.9 59.2 64.7 3524.2388 0:58:44 7931.95 103299.32 7473.75 7614.27 5.99 9.96 157.23 5543.37
homfam ldh 7367 14 121.378 371 31.9 89.9 89.3 59.5 71.0 1335.8145 0:22:15 8006.31 101960.66 7548.59 7688.55 1.99 7.16 153.13 2051.80
homfam subt 7517 11 301.598 414 39.5 78.1 78.9 26.8 36.8 11075.7211 3:04:35 8274.16 103234.11 7771.11 7900.46 1.98 12.11 173.31 19200.25
homfam sodfe 4455 8 77.4471 219 42.3 91.0 90.2 65.1 69.3 712.2800 0:11:52 8010.19 102988.39 7552.43 7658.04 0.00 0.02 153.55 7.20
homfam LIM 6428 5 57.0143 86 52.8 97.9 97.9 87.8 95.8 378.0171 0:06:18 7950.89 99912.07 7495.28 7635.91 1.99 4.13 121.56 460.97
homfam blm 9105 8 300.727 274 39.1 73.8 75.5 49.4 51.4 5153.9496 1:25:53 8221.56 103146.79 7718.04 7952.11 1.98 12.86 163.97 8457.54
homfam DMRL_synthase 2099 5 140.59 182 33.2 93.2 90.3 76.3 85.1 541.7885 0:09:01 7945.28 102919.98 7561.20 7667.02 1.99 2.38 135.27 736.09
homfam tRNA-synt_2b 11293 5 177.564 467 18.7 47.3 45.3 21.8 30.3 3330.3599 0:55:30 8003.58 103178.96 7545.62 7651.42 1.99 12.06 164.15 5474.89
homfam Stap_Strp_toxin 640 6 87.3922 254 32.5 80.7 80.2 48.1 53.8 620.8391 0:10:20 7992.71 102001.18 7532.81 7638.67 1.99 1.00 149.41 929.00
homfam Acetyltransf 46285 6 82.9897 229 24.1 64.4 63.5 34.9 45.4 3489.3734 0:58:09 8503.01 100251.44 8000.56 8234.07 5.97 33.82 173.21 6046.22
homfam ghf22 760 12 107.567 131 51.4 95.2 95.2 84.6 87.7 308.4891 0:05:08 8016.84 97871.49 7520.86 7638.10 1.99 1.17 131.13 406.03
homfam sdr 50157 13 163.253 361 23.3 81.4 80.3 36.3 47.4 3826.6995 1:03:46 9654.79 103181.14 9150.44 9268.81 1.97 55.96 148.56 5678.92
homfam ltn 1068 12 204.148 282 49.9 92.9 93.2 68.0 77.0 1043.5599 0:17:23 8013.20 102989.41 7588.80 7694.59 0.00 0.02 153.92 7.99
homfam hpr 3349 5 83.0427 89 44.4 99.3 99.3 97.7 98.5 365.7306 0:06:05 8013.13 101958.83 7558.25 7698.15 1.99 2.98 137.39 503.98
homfam bowman 499 5 26.1443 73 64.9 94.2 94.2 82.9 84.9 195.9734 0:03:15 8030.95 99908.36 7543.22 7706.75 1.99 0.78 107.78 212.72
homfam hip 167 5 66.2096 88 33.4 86.4 85.4 63.1 74.8 191.0402 0:03:11 8030.82 97932.09 7660.93 7802.96 1.99 0.99 110.94 213.46
homfam HMG_box 4779 5 66.0716 89 24.8 97.3 96.2 85.2 93.9 381.9489 0:06:21 7993.79 99910.75 7495.11 7634.92 1.99 4.73 140.27 536.64
homfam icd 5678 5 328.887 433 41.7 93.5 93.7 83.5 87.0 4098.7659 1:08:18 8096.06 103405.95 7592.15 7710.48 1.99 8.72 159.42 6541.24
homfam peroxidase 4514 5 256.626 383 37.3 74.5 77.4 46.1 50.5 3800.4046 1:03:20 8000.38 103304.52 7544.38 7684.65 1.99 6.86 170.85 6499.09
homfam asp 3262 13 284.142 381 37.5 91.4 91.9 73.3 80.8 3403.9125 0:56:43 7953.63 102933.17 7495.55 7612.79 1.99 5.18 159.30 5431.26
homfam flav 4612 6 138.021 183 35.0 84.9 85.2 54.9 62.0 1037.2514 0:17:17 8027.79 103224.77 7639.81 7745.57 1.99 4.58 148.08 1542.06
homfam cah 1379 5 212.706 279 38.7 88.1 88.4 67.9 75.2 1002.5465 0:16:42 8014.46 97870.89 7528.43 7645.42 1.99 2.13 154.81 1553.41
homfam ace 3989 6 427.824 601 37.3 89.0 89.5 69.4 76.6 7615.8130 2:06:55 8627.04 103248.86 8124.23 8253.56 1.98 17.01 163.59 12458.77
homfam sti 613 5 165.383 198 36.4 84.9 84.3 62.5 69.0 363.9375 0:06:03 8030.47 97886.18 7542.17 7705.68 1.99 1.18 135.83 495.84
homfam aat 25100 10 337.807 476 28.6 84.2 84.3 53.2 60.1 7830.6481 2:10:30 9737.07 101510.99 9476.20 9524.26 5.98 35.72 153.78 12047.00
homfam oxidored_q6 3348 5 123.044 285 56.7 93.6 93.5 87.2 88.8 1035.8516 0:17:15 7948.54 99911.13 7561.17 7678.06 1.99 3.26 147.66 1536.83
homfam hormone_rec 3509 5 188.562 308 21.5 72.0 72.9 45.9 58.9 1519.7656 0:25:19 7997.09 101959.12 7541.72 7647.21 1.99 4.12 153.90 2345.78
homfam rhv 17976 6 143.424 938 33.1 55.7 61.5 27.9 33.8 15307.2113 4:15:07 7993.97 102454.22 7542.65 7751.67 1.99 38.87 159.40 24399.11
homfam tgfb 1606 8 95.4645 118 43.8 84.4 87.8 36.8 45.3 320.8172 0:05:20 8063.16 99913.36 7574.23 7691.42 1.99 1.96 132.48 426.47
homfam cryst 1160 7 80.8078 192 44.4 91.0 91.2 70.2 73.1 405.2966 0:06:45 8007.35 99912.11 7573.23 7690.50 1.99 1.67 139.39 566.29
homfam cyclo 6288 6 159.069 203 44.1 90.3 90.9 80.4 83.3 1805.0362 0:30:05 7947.82 99234.67 7564.93 7681.96 4.00 0.78 159.97 2893.73
homfam kunitz 2266 10 53.752 64 37.9 96.8 96.8 85.0 84.0 291.7842 0:04:51 7978.14 99912.14 7557.98 7675.25 1.99 2.36 137.93 403.90
homfam Rhodanese 14049 6 102.277 216 22.7 75.2 78.9 56.2 59.2 1573.5845 0:26:13 8070.36 103121.64 7582.95 7746.41 1.98 11.38 156.15 2466.41
homfam sodcu 2038 7 141.322 169 42.2 89.5 89.8 74.1 79.1 506.7048 0:08:26 7951.07 99913.17 7483.80 7601.07 1.99 4.38 137.53 700.55
homfam profilin 687 5 123.371 144 39.7 92.0 92.0 82.0 83.4 383.6655 0:06:23 7993.64 97820.00 7742.26 7837.11 1.99 1.54 125.40 483.93
homfam glob 3983 41 100.684 174 31.7 95.4 95.2 70.0 73.3 545.7472 0:09:05 8032.31 102920.58 7528.68 7645.66 1.99 3.70 135.80 748.82
homfam tim 3904 10 205.645 260 47.5 98.0 97.9 93.1 96.2 1836.8553 0:30:36 8004.32 103248.38 7546.93 7652.47 1.99 5.25 157.25 2890.02
homfam uce 4558 13 134.701 184 34.0 90.8 89.5 56.6 65.1 634.4240 0:10:34 7996.00 99912.09 7545.21 7661.98 1.99 4.23 127.91 820.73
homfam toxin 508 20 62.311 78 43.1 90.1 88.4 58.4 66.3 211.1006 0:03:31 7976.64 102918.55 7519.01 7682.62 1.99 0.87 122.39 259.84
homfam rub 1435 5 46.1575 54 62.1 98.4 98.4 92.6 93.5 242.3709 0:04:02 8042.57 99944.32 7541.11 7646.63 1.99 1.61 127.13 309.73
homfam hom 12037 8 53.4951 98 35.3 95.3 95.2 69.6 85.1 544.0662 0:09:04 8020.05 103123.61 7562.50 7668.06 1.99 6.80 138.90 762.55
homfam biotin_lipoyl 11833 7 71.8928 112 28.9 94.6 93.0 75.3 81.0 627.6417 0:10:27 7958.64 101959.85 7569.37 7675.15 1.99 7.89 123.32 775.61
homfam cys 4316 13 198.11 284 40.5 95.3 94.6 73.1 83.2 1630.4218 0:27:10 8012.47 103252.01 7560.23 7677.50 1.99 5.92 146.12 2390.09
homfam ghf11 521 5 167.758 202 49.5 93.3 93.2 85.9 86.8 514.5108 0:08:34 7976.43 102919.09 7524.33 7630.15 1.99 1.18 147.61 760.96
homfam blmb 17200 6 192.465 344 20.6 69.9 72.7 42.2 53.7 4570.3944 1:16:10 8413.27 103133.44 7909.47 8143.47 1.98 18.89 171.27 7833.80
homfam aadh 3127 8 225.129 542 38.2 86.3 86.3 54.0 60.7 2225.1712 0:37:05 7947.56 103244.31 7563.38 7680.48 1.99 7.20 163.34 3635.03
homfam DEATH 1183 7 80.5689 159 19.6 86.6 86.5 60.5 67.5 340.0297 0:05:40 7975.16 99913.07 7524.80 7664.95 1.99 1.42 134.80 459.74
homfam Sulfotransfer 2489 5 235.798 381 26.2 76.4 76.9 50.7 59.9 2304.1309 0:38:24 7980.46 103124.30 7526.47 7632.23 1.99 3.99 166.27 3838.67
homfam serpin 3144 8 291.462 418 34.3 95.4 94.9 81.9 89.3 3391.5551 0:56:31 8014.30 102924.58 7560.11 7665.81 1.99 4.44 158.56 5385.07
homfam proteasome 5732 17 174.347 309 21.7 83.7 80.7 34.5 51.7 1329.7226 0:22:09 7988.04 101960.66 7532.40 7649.64 1.99 6.04 148.44 1982.37
homfam zf-CCHH 88345 15 23.2513 39 35.5 96.0 95.5 77.1 85.3 1169.6273 0:19:29 7942.32 97822.20 7808.20 7949.26 1.95 42.04 120.46 1410.50
homfam egf 7774 12 32.0765 71 31.1 78.2 77.1 36.8 41.9 338.0889 0:05:38 8077.08 99912.30 7583.73 7723.88 1.98 4.53 128.24 435.02
homfam annexin 3139 6 65.1902 323 57.2 99.6 99.8 99.4 99.4 690.2189 0:11:30 7981.32 101959.76 7525.13 7642.33 1.99 4.26 154.46 1067.58
homfam OTCace 4795 5 157.005 350 37.3 96.9 96.9 89.9 92.4 1128.1937 0:18:48 7998.02 103268.62 7542.84 7682.62 1.99 5.00 150.16 1695.70
homfam rnasemam 498 6 120.072 141 42.2 95.3 92.0 76.1 87.4 276.1034 0:04:36 7991.14 99909.38 7532.77 7673.73 1.99 0.98 129.37 358.73
homfam adh 21331 5 123.64 375 63.9 96.5 97.1 92.0 92.3 2231.6486 0:37:11 8068.18 103218.00 7851.43 7940.45 1.98 18.65 152.92 3420.27
homfam il8 1073 11 63.7623 81 34.5 95.6 94.5 74.0 83.4 271.9385 0:04:31 8001.83 99913.13 7495.84 7601.70 1.99 1.47 126.35 344.88
homfam hr 3707 5 65.1513 82 53.3 99.1 99.1 94.9 99.1 373.3013 0:06:13 7946.29 102966.71 7496.28 7613.15 1.99 2.52 133.12 498.10
homfam ChtBD 774 5 38.2713 45 59.3 99.3 99.0 95.3 97.1 206.7272 0:03:26 7951.04 102922.29 7559.50 7676.58 1.99 0.99 125.15 260.20
homfam gluts 10099 14 98.1117 235 39.4 87.1 87.5 62.7 66.0 2174.0905 0:36:14 7993.44 102939.20 7538.27 7678.10 1.98 7.89 162.99 3546.90
homfam ghf5 2717 6 260.466 470 17.8 68.0 68.1 38.6 53.5 3347.4806 0:55:47 8028.69 103027.29 7540.70 7646.46 1.99 4.20 166.36 5577.77
homfam ghf13 12607 10 264.452 626 26.8 65.5 64.9 30.1 40.5 6645.8629 1:50:45 8532.15 103314.77 8028.59 8193.60 1.99 16.75 170.57 11335.07
homfam PDZ 14950 6 80.8907 110 30.6 88.7 89.0 75.8 78.9 865.5454 0:14:25 7958.28 99913.69 7572.81 7678.30 1.98 10.66 143.77 1253.76
homfam az 1086 29 100.416 215 33.4 76.2 75.6 40.8 44.2 343.5717 0:05:43 8024.86 99430.26 7572.79 7678.48 1.99 1.45 133.74 464.96
homfam hla 13465 5 153.148 178 76.5 100.0 100.0 100.0 100.0 953.0654 0:15:53 8194.15 102989.09 7828.61 7995.51 1.99 18.56 143.79 1372.05
homfam slectin 932 5 133.052 142 33.3 94.4 94.4 86.1 90.3 649.2495 0:10:49 7943.71 99909.47 7493.69 7610.88 1.99 1.37 149.99 983.23
homfam GEL 2195 5 78.1157 150 23.7 69.8 68.7 40.4 56.0 440.5187 0:07:20 7996.22 99238.21 7539.96 7657.08 1.99 1.94 116.35 514.39
homfam kringle 1091 9 75.9138 100 43.3 96.4 95.4 83.1 87.3 276.1656 0:04:36 7983.71 99911.16 7527.17 7632.96 1.99 1.26 129.47 359.06
homfam p450 21013 12 331.506 512 20.8 76.6 76.7 39.5 49.4 9058.3200 2:30:58 10509.11 101998.00 10005.19 10239.23 5.97 32.62 160.55 14544.16
homfam gpdh 7691 8 129.082 360 55.1 96.7 96.5 89.4 92.2 1308.7303 0:21:48 8043.96 99915.32 7551.21 7691.04 1.99 7.82 149.63 1959.38
homfam int 7572 5 168.037 219 22.5 90.0 90.5 73.3 79.8 1865.8116 0:31:05 7979.16 103266.00 7521.37 7638.60 1.98 8.29 161.32 3018.37
homfam KAS 2070 6 174.528 404 31.7 86.5 86.1 70.0 74.6 1003.4326 0:16:43 7981.97 99913.12 7529.57 7646.76 1.99 2.74 153.21 1538.80
homfam trfl 837 7 242.315 702 61.9 93.3 94.1 84.5 83.0 1978.0621 0:32:58 8023.55 103167.43 7566.35 7683.30 1.99 1.88 161.53 3196.60
homfam TNF 556 5 119.903 176 32.0 85.8 85.5 68.2 72.7 309.9851 0:05:09 7942.93 99908.49 7493.12 7633.22 1.99 1.02 129.68 403.58
homfam scorptoxin 363 8 53.2562 74 46.3 91.0 90.1 71.2 79.6 186.6198 0:03:06 7993.91 102922.48 7674.46 7816.34 1.99 1.08 111.45 209.52
homfam aldosered 13277 7 268.547 386 41.6 87.3 90.3 68.6 75.6 5575.1758 1:32:55 8313.03 103175.04 7809.25 8043.26 1.98 18.11 162.11 9042.25
homfam rrm 27610 20 67.4587 157 22.9 86.3 84.6 17.1 22.7 943.8398 0:15:43 8066.05 103052.82 7718.39 7812.89 1.98 17.61 139.74 1320.91
