homfam ricin 747 7 198.708 281 37.5 77.4 88.1 63.7 68.9 791.3603 0:13:11 15194.18 105705.38 14785.84 14969.42 1.99 1.61 134.18 1063.28
homfam ghf10 1502 5 220.34 364 43.3 94.4 94.6 82.4 88.2 1419.8791 0:23:39 15250.14 105371.48 14797.62 14925.08 1.99 4.89 155.95 2215.75
homfam seatoxin 93 5 43.6344 54 42.6 67.4 64.8 8.2 9.3 303.8941 0:05:03 7637.78 97789.49 7132.91 7369.21 1.99 0.91 97.71 298.34
homfam mofe 2567 6 353.074 609 30.0 81.4 87.5 59.6 65.6 2585.8110 0:43:05 13760.61 103820.77 13185.82 13313.75 0.00 0.02 156.61 15.67
homfam cyt3 385 6 92.3065 130 40.3 80.1 81.0 60.2 67.4 353.6168 0:05:53 7945.53 103511.34 7395.55 7566.89 1.99 1.34 110.04 390.59
homfam ins 793 6 65.2825 74 44.9 91.8 92.6 65.2 87.8 575.6706 0:09:35 8070.50 98233.51 7647.86 7766.33 1.99 1.12 98.78 569.99
homfam Ald_Xan_dh_2 2589 6 109.304 885 31.8 9.7 10.6 0.7 0.1 3634.4140 1:00:34 9668.81 100126.05 9109.44 9225.21 53.99 2.89 164.31 5974.26
homfam tms 2118 5 264.245 357 45.9 69.8 92.5 29.5 29.8 1698.6644 0:28:18 15200.65 105322.57 14757.69 14873.25 1.99 3.66 150.76 2568.01
homfam phc 2957 12 98.4711 179 37.2 84.9 85.4 60.3 66.1 835.8309 0:13:55 15199.18 105322.74 14768.67 14884.80 1.99 3.91 119.56 1000.83
homfam cytb 3206 6 82.1454 100 35.6 85.4 85.9 60.9 66.4 1040.6251 0:17:20 8149.73 98258.55 7611.41 7776.30 53.99 2.97 133.46 1391.46
homfam mmp 1427 6 157.93 180 55.1 93.0 94.6 83.4 87.7 1053.7376 0:17:33 15208.61 105321.48 14774.43 14912.03 1.99 2.19 113.84 1200.94
homfam phoslip 946 18 113.33 137 48.9 94.9 94.4 72.8 82.7 519.9849 0:08:39 11379.37 101442.93 10758.71 10989.44 1.99 1.57 101.28 528.02
homfam HLH 6781 5 53.5453 92 28.1 87.1 94.1 67.9 77.4 774.6362 0:12:54 8245.49 98407.73 7740.07 7870.40 1.99 5.83 101.27 785.90
homfam myb_DNA-binding 10398 5 46.5583 61 40.7 96.8 95.6 83.9 90.0 780.2108 0:13:00 15205.15 105329.70 14794.23 14921.29 1.98 6.20 103.82 811.71
homfam msb 4884 8 106.037 158 26.6 39.4 73.0 0.7 0.0 797.9861 0:13:17 15161.45 105224.94 14763.34 14891.08 1.98 4.63 116.72 932.79
homfam ghf1 4358 8 403.813 562 38.4 75.9 94.3 19.3 20.2 4146.5696 1:09:06 11332.71 101461.14 10827.69 10945.96 1.99 8.22 154.80 6420.23
homfam rvp 93681 6 94.2886 132 36.6 80.0 79.3 49.5 55.8 3048.9371 0:50:48 10386.98 100461.96 9881.91 10039.43 2.00 58.86 128.20 3910.03
homfam lyase_1 7632 5 295.082 511 30.9 63.2 72.8 50.3 55.2 3623.2715 1:00:23 12159.76 102251.79 11590.03 11750.99 0.00 0.02 159.03 28.74
homfam ldh 7367 14 121.378 371 31.9 37.5 48.2 0.5 0.0 1773.9183 0:29:33 15206.04 105326.36 14772.34 14900.04 1.99 7.46 146.78 2605.13
homfam subt 7517 11 301.598 414 39.5 73.3 75.1 15.3 19.8 6980.7242 1:56:20 13278.73 103378.42 12716.29 12835.65 5.98 12.20 163.03 11389.04
homfam sodfe 4455 8 77.4471 219 42.3 44.6 49.1 23.0 23.9 1027.5532 0:17:07 15193.34 105324.91 14718.91 14835.10 1.99 3.59 119.07 1224.97
homfam LIM 6428 5 57.0143 86 52.8 97.3 97.3 86.6 94.2 643.3577 0:10:43 15200.86 105326.25 14790.78 14940.78 1.99 4.00 111.86 721.21
homfam blm 9105 8 300.727 274 39.1 41.6 45.1 23.6 24.6 5614.2490 1:33:34 10217.57 100136.10 10068.87 10125.90 24.00 0.02 137.54 41.16
homfam DMRL_synthase 2099 5 140.59 182 33.2 93.7 91.0 75.7 84.0 849.6725 0:14:09 8192.82 98491.96 7689.21 7845.98 1.99 2.59 121.41 1033.09
homfam tRNA-synt_2b 11293 5 177.564 467 18.7 19.1 25.6 0.6 0.1 2705.5318 0:45:05 10986.93 101413.09 10392.45 10522.97 1.99 12.32 152.54 4128.40
homfam Stap_Strp_toxin 640 6 87.3922 254 32.5 21.2 27.0 0.0 0.0 654.5969 0:10:54 15200.20 105320.38 14763.24 14890.91 1.99 1.59 132.86 870.99
homfam Acetyltransf 46285 6 82.9897 229 24.1 11.8 11.4 0.0 0.0 2702.0551 0:45:02 9327.62 99481.21 8775.60 8929.72 9.96 34.14 137.65 3720.67
homfam ghf22 760 12 107.567 131 51.4 94.0 94.0 79.2 82.8 517.5298 0:08:37 8024.58 98290.83 7470.18 7628.15 1.99 1.39 89.99 467.34
homfam sdr 50157 13 163.253 361 23.3 53.7 62.1 2.2 0.0 4712.7872 1:18:32 10796.76 100834.48 10273.70 10413.27 1.97 119.24 140.95 6643.83
homfam ltn 1068 12 204.148 282 49.9 92.9 93.5 68.0 76.9 1063.6360 0:17:43 13203.21 103244.31 12657.67 12784.93 1.99 2.07 143.10 1523.70
homfam hpr 3349 5 83.0427 89 44.4 99.3 99.3 97.7 98.5 567.5134 0:09:27 7876.43 103311.40 7371.60 7579.93 1.99 3.52 133.25 757.66
homfam bowman 499 5 26.1443 73 64.9 88.7 94.1 74.3 76.2 250.7277 0:04:10 15193.64 105320.35 14784.45 14937.61 1.99 1.02 90.64 228.74
homfam hip 167 5 66.2096 88 33.4 85.8 85.0 60.7 72.4 410.2017 0:06:50 7877.52 97992.38 7372.01 7502.39 0.00 0.02 84.23 4.09
homfam HMG_box 4779 5 66.0716 89 24.8 97.3 96.2 85.2 93.9 612.8661 0:10:12 7982.99 98078.35 7480.12 7637.83 1.99 3.29 110.01 675.56
homfam icd 5678 5 328.887 433 41.7 58.3 92.6 4.7 2.9 3698.1010 1:01:38 11057.80 101213.76 10512.28 10639.62 1.99 8.49 155.41 5755.67
homfam peroxidase 4514 5 256.626 383 37.3 34.5 55.2 0.3 0.2 2179.9107 0:36:19 10879.36 100920.54 10359.51 10486.87 0.00 0.02 152.98 15.30
homfam asp 3262 13 284.142 381 37.5 92.6 93.2 76.2 82.5 2634.9361 0:43:54 9423.66 104639.54 9042.11 9189.34 1.99 11.12 155.32 4092.79
homfam flav 4612 6 138.021 183 35.0 75.4 77.0 50.3 55.9 1165.4910 0:19:25 15229.03 105708.91 14689.07 14805.23 0.00 0.02 126.97 7.64
homfam cah 1379 5 212.706 279 38.7 88.9 88.7 68.6 76.3 1155.3169 0:19:15 15177.79 105221.51 14770.52 14897.73 45.99 2.10 133.39 1543.55
homfam ace 3989 6 427.824 601 37.3 61.0 85.1 9.9 9.5 5040.1759 1:24:00 14534.01 104574.86 13988.72 14138.94 1.98 8.38 156.65 7901.02
homfam sti 613 5 165.383 198 36.4 83.9 83.0 60.9 67.1 531.9944 0:08:51 8322.63 98849.34 7931.23 8063.71 0.00 0.02 114.89 5.18
homfam aat 25100 10 337.807 476 28.6 51.4 59.4 20.6 24.6 8521.4145 2:22:01 12103.04 103406.76 11598.02 11777.83 2.01 99.14 154.30 13152.66
homfam oxidored_q6 3348 5 123.044 285 56.7 52.4 58.3 26.7 27.2 1085.1733 0:18:05 15198.54 105739.79 14786.87 14937.59 1.99 3.41 134.68 1462.82
homfam hormone_rec 3509 5 188.562 308 21.5 30.8 56.2 1.1 0.3 1433.3401 0:23:53 8667.96 103408.90 8299.85 8447.34 1.99 3.80 151.03 2165.96
homfam rhv 17976 6 143.424 938 33.1 15.9 21.4 0.0 0.0 13492.4454 3:44:52 15210.84 105338.82 14747.00 14884.44 1.99 15.63 153.24 20676.58
homfam tgfb 1606 8 95.4645 118 43.8 83.8 84.3 38.5 44.0 544.6342 0:09:04 15249.98 105370.53 14815.13 14965.22 1.99 1.63 108.80 594.12
homfam cryst 1160 7 80.8078 192 44.4 92.7 92.4 71.8 75.4 649.4556 0:10:49 7995.59 98243.84 7714.33 7817.54 1.99 1.32 106.96 696.28
homfam cyclo 6288 6 159.069 203 44.1 88.9 91.3 75.7 77.6 1669.4612 0:27:49 8547.21 100366.20 7981.57 8099.97 1.99 7.28 136.54 2290.18
homfam kunitz 2266 10 53.752 64 37.9 98.2 98.2 91.7 91.1 496.1032 0:08:16 15155.85 105197.55 14635.54 14790.42 1.99 2.16 91.08 453.32
homfam Rhodanese 14049 6 102.277 216 22.7 18.0 24.2 2.1 0.2 2135.7036 0:35:35 10682.90 100565.24 10441.24 10494.88 0.00 0.02 128.05 15.96
homfam sodcu 2038 7 141.322 169 42.2 90.6 90.8 75.3 80.0 936.9386 0:15:36 15009.58 105121.50 14385.58 14513.04 1.99 2.71 118.63 1113.06
homfam profilin 687 5 123.371 144 39.7 95.7 95.7 89.1 89.7 520.2457 0:08:40 15202.10 105321.39 14784.24 14900.32 1.99 1.46 105.60 550.90
homfam glob 3983 41 100.684 174 31.7 75.8 86.9 43.5 45.9 768.3558 0:12:48 15223.30 105348.84 14812.56 14928.61 1.99 3.47 129.82 999.14
homfam tim 3904 10 205.645 260 47.5 98.2 98.1 93.1 96.0 1532.9520 0:25:32 15258.61 105374.83 14835.83 15013.44 1.99 8.02 136.56 2094.81
homfam uce 4558 13 134.701 184 34.0 92.6 91.1 57.8 66.1 881.2707 0:14:41 8424.15 101430.32 7848.27 8001.37 1.99 4.57 117.22 1034.75
homfam toxin 508 20 62.311 78 43.1 88.5 86.2 57.1 64.6 411.7967 0:06:51 7835.12 97984.35 7439.64 7549.81 1.99 0.93 81.07 335.24
homfam rub 1435 5 46.1575 54 62.1 98.4 98.4 92.6 93.5 413.9533 0:06:53 15283.59 105370.49 14873.46 14981.82 0.00 0.02 92.27 4.18
homfam hom 12037 8 53.4951 98 35.3 88.5 93.0 47.8 57.9 830.9766 0:13:50 11807.74 101904.36 11243.17 11411.87 1.99 6.78 105.27 876.37
homfam biotin_lipoyl 11833 7 71.8928 112 28.9 94.9 93.9 75.3 80.4 877.5826 0:14:37 8155.03 98744.92 7615.68 7753.04 1.99 7.81 118.52 1041.74
homfam cys 4316 13 198.11 284 40.5 85.4 92.2 24.6 31.1 1444.2062 0:24:04 14106.70 104148.77 13491.96 13619.78 1.99 6.68 145.51 2103.01
homfam ghf11 521 5 167.758 202 49.5 93.7 93.6 83.3 84.4 658.1824 0:10:58 15195.21 105320.34 14784.10 14935.01 1.99 1.46 120.09 791.89
homfam blmb 17200 6 192.465 344 20.6 29.2 43.3 0.0 0.0 3871.0365 1:04:31 9605.12 99711.15 9133.22 9285.35 1.98 18.30 156.44 6057.10
homfam aadh 3127 8 225.129 542 38.2 54.8 58.4 29.9 33.1 2098.9547 0:34:58 9075.19 98945.25 8570.42 8787.08 1.99 4.23 154.67 3248.05
homfam DEATH 1183 7 80.5689 159 19.6 60.8 65.8 0.0 0.0 508.9190 0:08:28 13586.49 103504.73 13345.24 13530.41 1.99 1.39 120.33 613.79
homfam Sulfotransfer 2489 5 235.798 381 26.2 29.9 57.1 2.4 0.9 1830.1467 0:30:30 15322.62 105447.64 14911.14 15038.85 1.99 3.92 149.65 2740.13
homfam serpin 3144 8 291.462 418 34.3 96.0 95.5 83.2 89.6 2786.8130 0:46:26 15216.36 105298.76 14800.96 14882.37 1.99 4.79 155.79 4342.81
homfam proteasome 5732 17 174.347 309 21.7 40.5 70.8 0.0 0.0 1566.5922 0:26:06 15227.84 105351.21 14760.73 14914.87 5.99 6.30 142.70 2236.75
homfam zf-CCHH 88345 15 23.2513 39 35.5 97.1 96.5 88.6 93.0 2069.8498 0:34:29 12162.12 104446.29 11666.58 11816.89 141.96 41.80 107.44 2226.41
homfam egf 7774 12 32.0765 71 31.1 52.1 58.2 0.0 0.0 521.2966 0:08:41 15256.36 105376.39 14831.81 14947.82 1.98 4.48 115.44 603.23
homfam annexin 3139 6 65.1902 323 57.2 67.0 73.0 1.6 1.1 1387.9105 0:23:07 8198.24 98291.07 7635.44 7765.05 1.99 2.72 145.81 2025.43
homfam OTCace 4795 5 157.005 350 37.3 62.9 65.7 48.7 46.5 1354.6943 0:22:34 8374.15 98491.56 7869.43 8086.04 1.99 7.84 155.67 2110.36
homfam rnasemam 498 6 120.072 141 42.2 93.0 89.8 69.4 79.5 401.9104 0:06:41 15197.59 105320.34 14874.04 14982.53 1.99 1.00 106.41 429.24
homfam adh 21331 5 123.64 375 63.9 49.7 54.3 29.9 30.1 2544.2296 0:42:24 15313.80 105441.18 14874.75 15002.41 1.98 18.50 140.18 3567.86
homfam il8 1073 11 63.7623 81 34.5 92.1 91.5 67.5 76.9 447.1094 0:07:27 7869.84 98009.41 7368.00 7548.84 1.99 1.68 93.14 417.96
homfam hr 3707 5 65.1513 82 53.3 100.0 100.0 100.0 100.0 738.7082 0:12:18 8125.64 98168.23 7768.80 7876.94 249.99 2.80 93.74 695.16
homfam ChtBD 774 5 38.2713 45 59.3 99.3 99.0 95.3 97.1 319.8509 0:05:19 7983.51 98183.07 7507.24 7641.99 0.00 0.02 98.25 3.34
homfam gluts 10099 14 98.1117 235 39.4 44.5 47.4 20.6 23.0 1747.9171 0:29:07 14790.26 105238.29 14242.85 14393.24 1.98 8.29 142.13 2485.95
homfam ghf5 2717 6 260.466 470 17.8 29.5 31.8 0.0 0.0 2999.3864 0:49:59 15211.02 105707.63 14785.34 14901.69 1.99 4.54 158.99 4769.71
homfam ghf13 12607 10 264.452 626 26.8 26.6 40.6 0.2 0.0 4796.6162 1:19:56 14692.98 105118.89 14073.10 14189.15 1.99 16.06 151.66 7282.73
homfam PDZ 14950 6 80.8907 110 30.6 85.2 86.1 66.7 67.6 1092.3907 0:18:12 12416.14 102456.61 11871.04 11998.27 1.98 11.14 126.82 1387.07
homfam az 1086 29 100.416 215 33.4 68.9 71.6 2.2 0.2 558.3959 0:09:18 15273.24 105396.41 14819.97 14947.19 1.99 1.39 109.75 614.29
homfam hla 13465 5 153.148 178 76.5 100.0 100.0 100.0 100.0 1479.6765 0:24:39 15233.08 105333.35 14698.91 14848.51 1.99 13.36 131.94 1954.15
homfam slectin 932 5 133.052 142 33.3 93.5 94.1 83.9 87.9 756.7904 0:12:36 15198.46 105320.42 14751.54 14906.21 1.99 1.32 124.48 943.59
homfam GEL 2195 5 78.1157 150 23.7 38.9 63.5 0.7 0.1 664.3338 0:11:04 8008.39 98258.36 7449.10 7621.46 1.99 1.94 119.07 792.84
homfam kringle 1091 9 75.9138 100 43.3 96.7 95.3 82.0 87.0 485.3975 0:08:05 7902.56 98120.07 7360.05 7534.74 1.99 1.54 94.70 460.95
homfam p450 21013 12 331.506 512 20.8 63.0 72.4 2.4 0.2 11475.2029 3:11:15 12833.56 102934.13 12327.89 12457.97 1.98 32.70 157.27 18047.35
homfam gpdh 7691 8 129.082 360 55.1 52.5 61.8 41.9 42.3 1831.5518 0:30:31 12766.83 102875.41 12239.43 12366.77 0.00 0.02 151.48 14.36
homfam int 7572 5 168.037 219 22.5 88.6 89.1 68.8 73.1 1923.3120 0:32:03 15210.30 105328.38 14791.26 14945.58 1.98 8.94 139.65 2687.54
homfam KAS 2070 6 174.528 404 31.7 53.0 57.4 43.0 43.0 1278.7006 0:21:18 15272.61 105397.55 14856.98 14972.87 1.99 2.64 139.94 1790.73
homfam trfl 837 7 242.315 702 61.9 93.6 93.8 85.2 84.6 2380.7692 0:39:40 9240.11 103310.25 8803.39 8950.44 1.99 1.59 156.47 3726.86
homfam TNF 556 5 119.903 176 32.0 33.7 72.0 3.2 0.4 545.8398 0:09:05 15197.71 105320.34 14727.42 14857.85 1.99 1.00 92.11 504.33
homfam scorptoxin 363 8 53.2562 74 46.3 87.6 87.2 63.0 73.9 324.0046 0:05:24 15234.24 105703.32 14822.91 14904.14 1.99 0.82 87.50 285.02
homfam aldosered 13277 7 268.547 386 41.6 87.4 91.5 65.8 73.3 5144.4610 1:25:44 15175.31 105309.23 14495.34 14625.95 113.98 17.77 153.73 7921.06
homfam rrm 27610 20 67.4587 157 22.9 74.7 78.0 3.6 0.0 1363.6319 0:22:43 15270.54 105812.56 14859.77 14975.57 25.98 17.88 112.65 1539.07
