homfam ricin 747 7 198.708 281 37.5 92.2 91.8 78.0 86.0 797.1796 0:13:17 15205.24 105320.30 14760.41 14876.59 1.99 1.68 114.51 921.29

homfam ghf10 1502 5 220.34 364 43.3 91.8 92.4 78.9 84.2 1519.8851 0:25:19 15201.21 105321.43 14775.89 14903.42 1.99 2.78 138.55 2115.30

homfam seatoxin 93 5 43.6344 54 42.6 63.7 83.3 14.3 9.7 387.4186 0:06:27 15251.61 105320.21 14784.68 14911.61 1.99 0.92 80.26 312.46

homfam mofe 2567 6 353.074 609 30.0 86.6 89.2 70.0 76.9 3020.6158 0:50:20 15057.50 105198.40 14513.23 14640.84 1.99 4.45 159.95 4842.32

homfam cyt3 385 6 92.3065 130 40.3 78.5 80.6 58.5 67.4 361.9846 0:06:01 13573.32 103479.52 13404.16 13609.40 1.99 0.88 98.17 357.06

homfam ins 793 6 65.2825 74 44.9 89.5 89.2 58.0 82.0 616.4294 0:10:16 7865.34 101842.83 7360.92 7509.35 1.99 1.09 124.38 773.11

homfam Ald_Xan_dh_2 2589 6 109.304 885 31.8 82.9 82.9 62.7 71.3 3685.4717 1:01:25 15186.17 105322.54 14687.52 14840.80 5.99 2.90 160.89 5938.72

homfam tms 2118 5 264.245 357 45.9 95.9 95.8 84.9 91.3 1933.3174 0:32:13 8793.14 100767.61 8291.20 8440.80 1.99 3.53 150.81 2923.62

homfam phc 2957 12 98.4711 179 37.2 74.0 95.9 35.8 38.8 1055.0384 0:17:35 15201.48 105322.65 14777.18 14893.24 1.99 2.97 135.21 1436.09

homfam cytb 3206 6 82.1454 100 35.6 91.3 91.8 70.7 78.4 1336.7538 0:22:16 15200.80 105323.71 14774.10 14901.27 201.99 3.06 143.73 1930.62

homfam mmp 1427 6 157.93 180 55.1 95.3 96.6 86.4 92.1 1069.6550 0:17:49 8171.21 100261.55 7668.18 7787.45 1.99 2.25 152.14 1636.78

homfam phoslip 946 18 113.33 137 48.9 96.6 96.4 77.9 87.9 516.9001 0:08:36 15219.57 105346.32 14809.65 14925.80 1.99 1.32 100.59 525.19

homfam HLH 6781 5 53.5453 92 28.1 89.3 93.3 69.0 77.5 852.4016 0:14:12 15201.49 105326.19 14736.81 14864.09 1.99 4.30 126.61 1087.54

homfam myb_DNA-binding 10398 5 46.5583 61 40.7 96.8 95.6 83.9 90.0 748.6731 0:12:28 8207.38 100229.03 8147.91 8174.53 1.98 6.21 107.67 812.57

homfam msb 4884 8 106.037 158 26.6 85.1 86.0 57.9 71.2 852.1637 0:14:12 15272.08 105708.86 14788.20 14938.16 1.98 4.80 108.31 931.23

homfam ghf1 4358 8 403.813 562 38.4 93.1 93.0 74.0 82.5 4481.7375 1:14:41 11640.84 102348.96 11248.33 11329.26 1.99 7.97 157.24 7056.99

homfam rvp 93681 6 94.2886 132 36.6 83.0 89.2 53.2 59.9 3574.6303 0:59:34 9737.20 101809.33 9352.95 9518.30 24.00 0.73 128.17 4592.97

homfam lyase_1 7632 5 295.082 511 30.9 85.8 85.7 69.4 74.3 3364.7078 0:56:04 15224.72 105712.33 14693.04 14846.45 1.99 11.09 150.70 5080.20

homfam ldh 7367 14 121.378 371 31.9 90.0 89.3 61.1 73.0 1802.0889 0:30:02 15205.20 105710.29 14738.89 14869.79 0.00 0.02 147.92 13.36

homfam subt 7517 11 301.598 414 39.5 79.5 81.7 34.2 43.3 11043.4997 3:04:03 9469.67 101557.54 8965.17 9107.03 1.98 12.48 173.84 19208.36

homfam sodfe 4455 8 77.4471 219 42.3 91.3 90.4 65.1 68.9 909.3122 0:15:09 14620.47 104747.19 14111.97 14228.22 1.99 3.72 141.35 1286.95

homfam LIM 6428 5 57.0143 86 52.8 97.3 97.3 86.6 94.2 608.4084 0:10:08 8045.46 98148.61 7540.50 7671.36 1.99 4.15 119.58 729.01

homfam blm 9105 8 300.727 274 39.1 96.9 96.6 87.3 89.0 7497.2210 2:04:57 12620.83 102728.17 12066.86 12182.58 1.98 13.15 171.89 12891.84

homfam DMRL_synthase 2099 5 140.59 182 33.2 93.3 90.4 74.6 83.3 721.3064 0:12:01 13504.64 103546.29 12959.40 13109.95 1.99 2.30 121.76 882.75

homfam tRNA-synt_2b 11293 5 177.564 467 18.7 54.8 53.7 27.6 38.9 3349.0774 0:55:49 12854.25 102905.22 12245.14 12404.54 1.99 12.34 162.65 5455.53

homfam Stap_Strp_toxin 640 6 87.3922 254 32.5 85.3 84.6 57.2 64.1 715.3689 0:11:55 15196.47 105320.28 14729.66 14845.07 1.99 1.17 113.65 814.53

homfam Acetyltransf 46285 6 82.9897 229 24.1 65.5 65.0 35.4 45.2 4874.4774 1:21:14 10170.75 100634.75 9676.59 9813.84 13.96 33.74 163.06 7953.69

homfam ghf22 760 12 107.567 131 51.4 93.9 94.0 80.8 84.4 427.7781 0:07:07 15202.75 105321.31 14765.47 14893.25 0.00 0.02 102.71 4.81

homfam sdr 50157 13 163.253 361 23.3 79.7 79.4 34.1 45.8 4484.4950 1:14:44 9636.17 102013.03 9163.13 9315.08 1.96 55.11 140.65 6317.93

homfam ltn 1068 12 204.148 282 49.9 94.4 94.8 70.8 79.9 1348.2251 0:22:28 9975.74 100039.33 9477.09 9593.31 1.99 2.10 133.96 1812.32

homfam hpr 3349 5 83.0427 89 44.4 99.3 99.3 97.7 98.5 659.5468 0:10:59 8182.81 98388.68 7679.33 7808.88 1.99 2.70 100.28 662.90

homfam bowman 499 5 26.1443 73 64.9 94.5 94.5 82.9 84.9 296.0519 0:04:56 15197.43 105319.26 14785.02 14901.17 1.99 0.75 93.86 279.39

homfam hip 167 5 66.2096 88 33.4 88.2 87.7 69.0 78.2 349.0158 0:05:49 15200.77 105320.20 14783.62 14944.64 0.00 0.02 96.34 4.08

homfam HMG_box 4779 5 66.0716 89 24.8 97.3 96.2 85.2 93.9 582.9920 0:09:42 8241.30 98340.48 7819.34 7996.00 1.99 3.35 112.13 655.17

homfam icd 5678 5 328.887 433 41.7 94.9 95.3 85.7 88.7 3631.2490 1:00:31 15201.29 105327.09 14784.43 14937.19 1.99 8.25 152.46 5546.05

homfam peroxidase 4514 5 256.626 383 37.3 78.7 80.8 47.0 51.6 3523.3697 0:58:43 11455.54 101496.74 10861.06 10976.83 1.99 6.79 164.08 5791.65

homfam asp 3262 13 284.142 381 37.5 90.9 91.5 72.5 79.0 2994.3411 0:49:54 15023.92 105073.65 14550.67 14659.19 1.99 5.66 161.26 4834.81

homfam flav 4612 6 138.021 183 35.0 84.2 85.0 57.7 60.3 1299.0584 0:21:39 15199.10 105324.82 14789.39 14916.44 1.99 7.09 139.03 1806.98

homfam cah 1379 5 212.706 279 38.7 88.1 88.6 68.6 74.7 1298.8370 0:21:38 10200.43 104708.49 9684.00 9833.62 249.99 2.15 137.93 1798.50

homfam ace 3989 6 427.824 601 37.3 84.7 86.1 65.6 72.6 6420.8966 1:47:00 11104.13 102927.39 10560.94 10688.29 1.98 9.08 163.62 10512.13

homfam sti 613 5 165.383 198 36.4 86.4 85.7 64.1 69.9 556.0733 0:09:16 10894.23 100775.71 10391.22 10583.52 1.99 1.26 102.27 570.18

homfam aat 25100 10 337.807 476 28.6 70.2 71.6 35.3 39.6 10255.6024 2:50:55 10655.46 102531.42 10289.08 10454.19 2.01 36.49 159.78 16384.20

homfam oxidored_q6 3348 5 123.044 285 56.7 94.3 94.3 88.3 90.0 1288.6683 0:21:28 8190.17 99875.68 7652.05 7860.22 1.99 3.20 151.43 1956.83

homfam hormone_rec 3509 5 188.562 308 21.5 73.0 75.6 50.9 64.9 1477.9463 0:24:37 15201.25 105323.71 14770.95 14921.51 1.99 4.07 142.86 2118.75

homfam rhv 17976 6 143.424 938 33.1 33.5 45.2 1.2 0.1 14067.9743 3:54:27 15211.88 105338.73 14773.23 14899.28 1.99 15.20 158.37 22279.89

homfam tgfb 1606 8 95.4645 118 43.8 79.5 82.0 29.1 33.9 517.5108 0:08:37 15197.75 105706.43 14722.64 14841.83 1.99 1.66 104.68 543.10

homfam cryst 1160 7 80.8078 192 44.4 92.1 92.0 71.8 74.9 519.1815 0:08:39 7962.76 104271.55 7590.52 7692.66 1.99 1.30 113.69 591.64

homfam cyclo 6288 6 159.069 203 44.1 90.6 91.3 80.4 82.7 1939.5018 0:32:19 8685.76 100418.42 8180.78 8298.98 1.99 7.49 152.65 2967.39

homfam kunitz 2266 10 53.752 64 37.9 98.9 98.9 95.0 94.7 453.2275 0:07:33 15195.69 105322.49 14736.43 14886.26 1.99 1.91 95.53 434.43

homfam Rhodanese 14049 6 102.277 216 22.7 76.4 79.8 58.9 65.8 2174.9955 0:36:14 10988.82 101447.23 10395.35 10522.11 1.98 11.97 151.02 3288.06

homfam sodcu 2038 7 141.322 169 42.2 89.8 90.4 76.5 79.9 804.0807 0:13:24 8069.78 99639.20 7532.16 7689.58 5.99 2.62 113.47 917.91

homfam profilin 687 5 123.371 144 39.7 92.4 92.5 83.6 84.3 529.9824 0:08:49 14840.87 105305.26 14771.57 14902.36 0.00 0.02 100.30 4.52

homfam glob 3983 41 100.684 174 31.7 96.2 95.8 72.9 75.4 839.7730 0:13:59 8267.36 100093.36 7762.51 7942.34 1.99 4.80 111.98 937.20

homfam tim 3904 10 205.645 260 47.5 98.7 98.8 93.1 96.0 1802.5431 0:30:02 15207.08 105323.75 14787.58 14964.99 1.99 5.18 136.82 2467.32

homfam uce 4558 13 134.701 184 34.0 90.2 91.5 62.0 69.5 1032.5842 0:17:12 8237.34 100141.78 7732.84 7885.79 1.99 4.54 135.04 1402.92

homfam toxin 508 20 62.311 78 43.1 91.2 89.8 61.0 68.3 290.4805 0:04:50 15240.40 105319.28 14684.39 14837.36 0.00 0.02 107.13 3.52

homfam rub 1435 5 46.1575 54 62.1 98.4 98.4 92.6 93.5 379.0253 0:06:19 15109.25 105171.26 14534.66 14650.83 0.00 0.02 83.81 3.61

homfam hom 12037 8 53.4951 98 35.3 91.6 91.1 60.9 75.7 722.0598 0:12:02 8107.78 101430.32 7603.01 7744.80 1.99 6.95 125.49 912.33

homfam biotin_lipoyl 11833 7 71.8928 112 28.9 96.1 96.3 83.5 84.2 983.6067 0:16:23 15283.44 105406.07 14851.89 14978.47 1.99 8.38 111.12 1094.41

homfam cys 4316 13 198.11 284 40.5 94.9 94.6 72.8 83.0 1585.1738 0:26:25 15269.09 105399.80 14808.74 14939.37 1.99 6.34 149.29 2373.17

homfam ghf11 521 5 167.758 202 49.5 95.9 95.9 88.5 89.9 576.7238 0:09:36 15199.73 105705.25 14771.57 14902.52 1.99 1.17 125.84 727.37

homfam blmb 17200 6 192.465 344 20.6 64.5 70.0 36.7 47.0 7800.5770 2:10:00 11217.48 101258.45 10622.43 10749.73 1.98 20.04 175.02 13661.62

homfam aadh 3127 8 225.129 542 38.2 89.1 89.1 60.5 67.6 2270.1238 0:37:50 15279.20 105397.69 15001.31 15082.57 1.99 4.62 153.03 3482.91

homfam DEATH 1183 7 80.5689 159 19.6 90.5 90.6 69.4 77.4 521.1992 0:08:41 15208.01 105321.35 14742.48 14893.00 1.99 1.60 99.74 521.28

homfam Sulfotransfer 2489 5 235.798 381 26.2 67.5 74.3 40.2 47.8 3062.6845 0:51:02 8921.91 100749.75 8555.52 8639.29 1.99 4.26 166.61 5105.40

homfam serpin 3144 8 291.462 418 34.3 95.4 95.1 83.2 89.3 2988.6999 0:49:48 15255.10 105373.67 14837.12 14987.74 0.00 0.02 156.37 23.00

homfam proteasome 5732 17 174.347 309 21.7 82.6 80.7 33.1 49.5 1445.1118 0:24:05 13132.98 103174.30 12726.29 12807.31 1.99 5.86 145.07 2106.22

homfam zf-CCHH 88345 15 23.2513 39 35.5 96.9 96.2 88.6 93.0 2193.0051 0:36:33 8254.38 104568.75 7734.58 7859.52 165.95 52.09 114.13 2505.56

homfam egf 7774 12 32.0765 71 31.1 77.9 78.2 33.8 41.8 635.8607 0:10:35 15205.00 105327.32 14790.48 14917.90 1.98 4.90 101.20 647.41

homfam annexin 3139 6 65.1902 323 57.2 100.0 100.0 100.0 100.0 1316.4748 0:21:56 8062.54 98195.41 7584.98 7764.73 1.99 2.75 141.75 1867.74

homfam OTCace 4795 5 157.005 350 37.3 96.3 96.3 88.4 91.5 1351.3529 0:22:31 15200.87 105324.85 14785.79 14901.71 1.99 7.66 146.81 1985.40

homfam rnasemam 498 6 120.072 141 42.2 93.6 90.3 70.9 81.7 464.0841 0:07:44 15252.88 105370.25 14965.77 15073.99 1.99 0.98 90.09 419.55

homfam adh 21331 5 123.64 375 63.9 96.5 97.1 91.7 92.0 2861.0920 0:47:41 15218.44 105725.10 14804.44 14920.71 1.98 18.66 156.29 4479.33

homfam il8 1073 11 63.7623 81 34.5 92.0 91.6 70.1 80.0 374.9817 0:06:14 7947.75 97890.30 7712.70 7744.23 1.99 1.11 100.21 377.14

homfam hr 3707 5 65.1513 82 53.3 99.1 99.1 94.9 99.1 654.4954 0:10:54 8101.77 98274.37 7735.75 7902.08 29.99 3.89 113.13 742.77

homfam ChtBD 774 5 38.2713 45 59.3 99.3 99.0 95.3 97.1 338.2884 0:05:38 7883.09 98036.11 7379.53 7509.03 1.99 1.25 83.43 283.77

homfam gluts 10099 14 98.1117 235 39.4 90.3 91.2 67.8 72.6 2823.0540 0:47:03 14151.24 104252.34 13592.02 13742.29 1.98 7.85 163.34 4619.97

homfam ghf5 2717 6 260.466 470 17.8 68.0 68.3 36.0 50.4 3319.9056 0:55:19 15253.60 105298.53 14781.34 14908.62 1.99 7.51 166.41 5523.76

homfam ghf13 12607 10 264.452 626 26.8 61.3 63.2 26.8 36.4 8635.3230 2:23:55 13050.54 103181.69 12674.33 12774.36 61.48 16.42 173.93 15019.01

homfam PDZ 14950 6 80.8907 110 30.6 87.0 87.4 74.7 77.0 1188.0689 0:19:48 15307.37 105384.42 14788.66 14999.28 1.98 11.10 139.11 1657.15

homfam az 1086 29 100.416 215 33.4 75.7 76.0 41.3 44.3 547.3788 0:09:07 7974.61 99325.94 7470.47 7641.79 1.99 1.41 111.15 609.16

homfam hla 13465 5 153.148 178 76.5 100.0 100.0 100.0 100.0 1551.4773 0:25:51 8824.01 98959.49 8586.19 8612.58 1.99 13.40 125.70 1952.07

homfam slectin 932 5 133.052 142 33.3 93.3 93.7 85.4 88.9 725.6494 0:12:05 15203.22 105320.33 14759.05 14886.74 1.99 1.35 125.88 923.54

homfam GEL 2195 5 78.1157 150 23.7 67.4 69.1 37.0 52.8 628.9432 0:10:28 9238.73 99292.43 8731.86 8906.83 1.99 1.96 126.61 798.13

homfam kringle 1091 9 75.9138 100 43.3 93.0 92.2 74.2 79.3 388.7787 0:06:28 15197.51 105321.31 14781.15 14908.19 1.99 1.52 107.95 421.19

homfam p450 21013 12 331.506 512 20.8 79.2 79.0 40.7 51.4 11611.3615 3:13:31 10900.74 102879.89 10397.46 10554.23 1.98 32.95 156.37 18164.09

homfam gpdh 7691 8 129.082 360 55.1 96.0 95.9 88.0 90.8 1832.6210 0:30:32 11182.91 101225.92 10662.63 10789.74 1.99 8.27 145.62 2668.28

homfam int 7572 5 168.037 219 22.5 82.6 84.0 61.4 66.9 2288.6031 0:38:08 15176.06 105303.32 14855.73 15016.83 1.98 8.33 147.68 3390.79

homfam KAS 2070 6 174.528 404 31.7 86.3 86.3 67.0 74.2 1242.0070 0:20:42 8623.24 100005.48 8119.07 8261.76 1.99 2.53 130.35 1622.79

homfam trfl 837 7 242.315 702 61.9 94.9 95.8 88.2 88.1 2171.1567 0:36:11 13328.05 103754.07 12733.13 12860.59 1.99 2.76 159.21 3458.30

homfam TNF 556 5 119.903 176 32.0 85.5 84.8 69.4 74.2 402.0531 0:06:42 7878.46 98169.98 7373.73 7492.04 1.99 1.26 106.58 430.14

homfam scorptoxin 363 8 53.2562 74 46.3 88.1 87.3 67.1 74.4 302.0212 0:05:02 7878.97 98064.25 7376.16 7525.68 1.99 0.75 86.86 263.98

homfam aldosered 13277 7 268.547 386 41.6 87.3 90.3 69.8 76.2 4796.6580 1:19:56 9440.66 101433.53 8937.05 9171.99 1.98 17.67 157.93 7575.48

homfam rrm 27610 20 67.4587 157 22.9 85.1 83.2 23.4 31.2 1391.1678 0:23:11 8439.46 99004.84 7936.20 8099.32 157.97 18.25 130.13 1811.76

