homfam ricin 747 7 198.708 281 37.5 89.8 90.6 75.5 83.0 338.7120 0:05:38 6864.03 99909.66 6498.98 6663.73 1.99 1.39 143.04 491.68
homfam ghf10 1502 5 220.34 364 43.3 88.9 90.2 73.7 78.8 549.4953 0:09:09 6881.48 101957.81 6516.11 6680.94 1.99 2.44 150.50 835.50
homfam seatoxin 93 5 43.6344 54 42.6 67.1 65.3 18.4 15.5 142.6323 0:02:22 6363.48 99912.05 6297.82 6326.66 1.99 0.66 130.68 187.88
homfam mofe 2567 6 353.074 609 30.0 84.0 85.8 66.2 73.3 1745.6211 0:29:05 7116.96 103182.04 6640.57 6860.95 5.99 4.24 163.01 2853.44
homfam cyt3 385 6 92.3065 130 40.3 81.5 81.2 61.9 70.4 158.9668 0:02:38 6539.50 99909.33 6214.87 6355.60 1.99 0.89 115.90 185.79
homfam ins 793 6 65.2825 74 44.9 77.9 92.1 29.0 40.4 335.9944 0:05:35 6797.80 102922.40 6447.29 6598.03 1.99 1.10 135.04 460.55
homfam Ald_Xan_dh_2 2589 6 109.304 885 31.8 83.1 83.1 62.9 71.6 1367.2474 0:22:47 6527.48 98060.69 6433.42 6462.17 1.99 2.67 167.76 2301.61
homfam tms 2118 5 264.245 357 45.9 95.6 95.5 84.6 91.5 902.2114 0:15:02 6967.00 103190.36 6491.33 6711.61 1.99 3.35 157.32 1426.72
homfam phc 2957 12 98.4711 179 37.2 93.3 93.7 68.7 74.6 361.8898 0:06:01 6808.37 99912.14 6443.05 6608.35 1.99 2.68 152.21 558.02
homfam cytb 3206 6 82.1454 100 35.6 89.6 89.4 66.3 71.5 580.9470 0:09:40 6589.96 103055.50 6224.24 6389.05 1.99 2.70 159.30 930.47
homfam mmp 1427 6 157.93 180 55.1 95.5 96.3 87.0 92.1 494.9171 0:08:14 6759.81 102919.55 6394.40 6559.29 1.99 2.00 153.55 767.53
homfam phoslip 946 18 113.33 137 48.9 94.3 94.3 72.8 82.7 192.8065 0:03:12 6749.31 99845.42 6432.59 6549.35 1.99 1.27 120.92 234.68
homfam HLH 6781 5 53.5453 92 28.1 88.9 92.4 65.5 77.1 442.5424 0:07:22 6662.70 102921.63 6297.31 6462.27 1.99 4.06 144.10 645.23
homfam myb_DNA-binding 10398 5 46.5583 61 40.7 94.4 93.3 78.6 84.0 237.8444 0:03:57 6624.42 101959.34 6259.20 6424.24 1.98 5.98 140.82 342.71
homfam msb 4884 8 106.037 158 26.6 84.4 86.3 60.0 73.4 316.3701 0:05:16 6612.30 99910.02 6296.50 6436.87 1.98 4.41 131.12 420.30
homfam ghf1 4358 8 403.813 562 38.4 92.3 92.7 71.8 79.9 1909.1835 0:31:49 7432.88 103104.80 7067.23 7157.30 1.99 7.98 160.18 3054.11
homfam rvp 93681 6 94.2886 132 36.6 81.1 81.0 53.2 59.9 634.4633 0:10:34 7874.37 103501.80 7508.84 7592.45 1.99 58.93 144.22 915.15
homfam lyase_1 7632 5 295.082 511 30.9 85.3 85.2 70.4 74.5 1029.4712 0:17:09 7105.30 103301.91 6739.39 6904.79 1.99 10.24 154.94 1600.80
homfam ldh 7367 14 121.378 371 31.9 88.7 88.5 58.9 70.9 688.7922 0:11:28 6848.00 102057.51 6482.51 6647.44 1.99 7.14 158.38 1098.84
homfam subt 7517 11 301.598 414 39.5 78.6 80.0 34.9 45.2 5001.7810 1:23:21 7280.29 103023.18 7208.19 7237.12 1.98 12.05 181.02 9053.58
homfam sodfe 4455 8 77.4471 219 42.3 91.4 90.3 65.1 69.3 399.9581 0:06:39 6644.23 103034.33 6579.84 6608.25 2.00 3.32 148.94 597.13
homfam LIM 6428 5 57.0143 86 52.8 97.9 97.9 87.8 95.8 197.5013 0:03:17 6536.56 102924.61 6171.59 6336.47 1.99 3.80 117.84 234.31
homfam blm 9105 8 300.727 274 39.1 71.6 74.3 47.2 49.1 2341.5098 0:39:01 7369.00 103286.86 7249.86 7278.75 1.98 12.88 164.54 3858.51
homfam DMRL_synthase 2099 5 140.59 182 33.2 92.5 89.7 74.6 83.3 242.6865 0:04:02 6920.81 100232.70 6555.40 6720.40 1.99 2.23 135.36 329.99
homfam tRNA-synt_2b 11293 5 177.564 467 18.7 52.0 50.1 23.8 33.2 1696.2428 0:28:16 7156.94 103202.48 6986.21 7015.10 1.99 11.79 181.18 3081.88
homfam Stap_Strp_toxin 640 6 87.3922 254 32.5 78.7 77.9 46.9 53.5 260.0538 0:04:20 6677.64 99077.02 6253.77 6432.21 1.99 1.18 150.08 391.27
homfam Acetyltransf 46285 6 82.9897 229 24.1 59.0 67.3 30.2 38.9 2535.2995 0:42:15 7219.95 98649.87 6856.14 6951.33 8.00 41.18 181.86 4610.76
homfam ghf22 760 12 107.567 131 51.4 94.0 94.2 81.5 85.2 179.4275 0:02:59 6585.95 96203.14 6494.61 6523.38 1.99 1.12 129.45 233.74
homfam sdr 50157 13 163.253 361 23.3 74.3 74.3 32.2 43.6 1887.7097 0:31:27 7459.30 103207.30 6983.19 7203.38 1.97 55.86 165.15 3115.67
homfam ltn 1068 12 204.148 282 49.9 92.7 93.4 68.8 77.8 429.9316 0:07:09 6720.09 102987.42 6654.59 6683.35 1.99 1.90 142.04 612.13
homfam hpr 3349 5 83.0427 89 44.4 99.3 99.3 97.7 98.5 192.7322 0:03:12 6550.86 102919.00 6185.70 6350.91 1.99 2.62 121.36 235.45
homfam bowman 499 5 26.1443 73 64.9 94.2 94.2 82.9 84.9 126.4022 0:02:06 6453.27 102921.95 6088.44 6253.64 1.99 0.78 103.97 132.92
homfam hip 167 5 66.2096 88 33.4 86.4 85.6 61.9 73.9 153.8758 0:02:33 6398.68 102928.61 6327.24 6356.07 1.99 0.70 121.13 187.86
homfam HMG_box 4779 5 66.0716 89 24.8 93.9 93.4 77.8 85.4 177.6402 0:02:57 6574.55 99910.82 6379.57 6408.40 1.99 3.23 132.21 236.51
homfam icd 5678 5 328.887 433 41.7 93.8 94.1 82.9 86.1 1652.2136 0:27:32 7293.93 103159.09 6928.60 7024.76 1.99 8.64 153.31 2540.95
homfam peroxidase 4514 5 256.626 383 37.3 80.1 81.0 51.3 55.7 1906.0945 0:31:46 7076.62 103217.97 6711.34 6798.52 1.99 14.38 179.35 3416.03
homfam asp 3262 13 284.142 381 37.5 91.3 91.8 74.3 80.4 1353.6522 0:22:33 7104.70 103117.51 6739.19 6904.21 1.99 7.18 165.05 2235.37
homfam flav 4612 6 138.021 183 35.0 83.4 83.6 57.1 58.3 605.1968 0:10:05 6666.70 99721.67 6559.12 6587.90 1.99 6.10 166.38 1014.10
homfam cah 1379 5 212.706 279 38.7 86.9 87.5 66.1 73.9 446.4592 0:07:26 6805.30 99913.17 6439.52 6604.44 1.99 2.12 147.39 663.15
homfam ace 3989 6 427.824 601 37.3 78.7 81.5 57.3 64.2 2526.2094 0:42:06 7517.03 103230.04 7041.14 7152.35 1.98 8.30 164.08 4143.77
homfam sti 613 5 165.383 198 36.4 85.6 84.8 63.0 70.1 220.0711 0:03:40 6708.71 99910.44 6232.93 6453.16 1.99 1.11 127.59 281.74
homfam aat 25100 10 337.807 476 28.6 77.7 78.0 34.8 39.4 3428.6109 0:57:08 7920.49 103210.20 7555.21 7721.04 1.98 36.10 162.64 5572.71
homfam oxidored_q6 3348 5 123.044 285 56.7 90.5 92.1 82.3 84.1 670.3413 0:11:10 6651.31 102989.43 6287.43 6452.04 2.55 3.22 152.75 1032.35
homfam hormone_rec 3509 5 188.562 308 21.5 71.6 73.4 48.0 61.7 700.8975 0:11:40 6849.00 103175.91 6483.78 6648.67 1.99 3.85 155.21 1092.41
homfam rhv 17976 6 143.424 938 33.1 54.3 59.6 25.0 31.9 5516.4421 1:31:56 6960.83 102058.98 6594.76 6707.58 1.99 15.53 168.41 9297.63
homfam tgfb 1606 8 95.4645 118 43.8 81.2 85.2 30.8 38.2 179.8921 0:02:59 6623.66 102920.93 6257.98 6423.30 1.99 3.47 129.29 234.11
homfam cryst 1160 7 80.8078 192 44.4 92.1 92.0 71.3 74.6 201.1537 0:03:21 6747.98 101957.58 6382.44 6547.73 1.99 1.30 140.88 284.75
homfam cyclo 6288 6 159.069 203 44.1 86.3 87.2 69.3 75.5 927.2946 0:15:27 6848.82 103189.76 6483.52 6648.43 1.99 7.25 174.11 1622.40
homfam kunitz 2266 10 53.752 64 37.9 97.5 97.5 88.3 87.5 144.1164 0:02:24 6419.98 99909.52 6054.82 6220.04 1.99 1.89 127.43 185.15
homfam Rhodanese 14049 6 102.277 216 22.7 71.3 80.4 49.5 51.5 828.0688 0:13:48 6872.33 103248.50 6506.89 6590.56 1.98 12.04 163.18 1359.23
homfam sodcu 2038 7 141.322 169 42.2 88.4 89.1 71.7 76.5 273.1464 0:04:33 6880.05 102920.12 6512.07 6624.43 1.99 2.34 139.04 386.89
homfam profilin 687 5 123.371 144 39.7 93.0 93.0 83.6 85.1 217.8397 0:03:37 6648.52 99912.14 6283.41 6448.27 1.99 1.18 130.61 293.14
homfam glob 3983 41 100.684 174 31.7 95.7 95.5 69.4 72.6 297.6616 0:04:57 6810.95 99912.15 6501.84 6610.63 1.99 3.43 147.75 448.76
homfam tim 3904 10 205.645 260 47.5 98.2 98.1 93.8 96.8 686.7949 0:11:26 6780.93 103244.32 6348.70 6547.17 1.99 5.04 157.64 1087.56
homfam uce 4558 13 134.701 184 34.0 90.5 91.5 53.0 61.1 431.1777 0:07:11 6974.90 99911.07 6657.83 6798.61 1.99 7.73 142.53 613.57
homfam toxin 508 20 62.311 78 43.1 88.4 87.0 54.5 61.3 135.1852 0:02:15 6473.27 102921.64 6108.41 6273.19 1.99 0.85 95.08 129.96
homfam rub 1435 5 46.1575 54 62.1 98.4 98.4 92.6 93.5 127.8756 0:02:07 6535.78 102926.33 6170.39 6335.32 1.99 1.30 103.14 133.40
homfam hom 12037 8 53.4951 98 35.3 93.2 92.8 66.7 81.5 262.0841 0:04:22 6601.60 101959.65 6236.54 6401.35 1.99 6.59 146.74 386.01
homfam biotin_lipoyl 11833 7 71.8928 112 28.9 94.6 93.0 75.3 81.0 226.1589 0:03:46 6581.53 99912.18 6515.43 6544.34 1.99 7.73 125.93 286.12
homfam cys 4316 13 198.11 284 40.5 94.0 93.4 71.3 82.0 886.3928 0:14:46 6953.31 98419.50 6589.68 6753.84 0.00 0.47 157.83 1399.01
homfam ghf11 521 5 167.758 202 49.5 94.0 93.7 85.4 86.9 246.0173 0:04:06 6684.96 99911.17 6401.04 6429.82 1.99 1.16 136.16 336.39
homfam blmb 17200 6 192.465 344 20.6 65.2 70.5 38.2 49.4 2888.1182 0:48:08 7348.58 103567.45 6871.81 6992.35 1.98 19.30 183.97 5320.72
homfam aadh 3127 8 225.129 542 38.2 85.4 88.6 50.1 56.1 894.3137 0:14:54 6831.26 103269.33 6681.96 6710.78 2.00 4.30 162.01 1454.80
homfam DEATH 1183 7 80.5689 159 19.6 75.6 75.9 52.4 56.5 181.0648 0:03:01 6588.03 103230.17 6222.84 6387.82 1.99 1.35 128.45 234.13
homfam Sulfotransfer 2489 5 235.798 381 26.2 71.6 73.0 42.6 51.6 1140.2222 0:19:00 6894.61 103246.38 6828.78 6857.65 1.99 3.97 168.70 1930.67
homfam serpin 3144 8 291.462 418 34.3 95.8 95.3 83.2 90.1 1046.3700 0:17:26 7205.12 98714.44 6839.48 7004.43 1.99 4.52 158.13 1663.68
homfam proteasome 5732 17 174.347 309 21.7 84.1 82.2 32.8 48.6 625.6933 0:10:25 6922.80 103007.72 6557.23 6722.22 1.99 5.77 142.96 901.99
homfam zf-CCHH 88345 15 23.2513 39 35.5 97.1 96.5 88.6 93.0 337.4453 0:05:37 6993.70 102926.09 6518.48 6738.27 1.95 41.83 129.87 439.83
homfam egf 7774 12 32.0765 71 31.1 77.9 81.8 35.3 39.3 169.1079 0:02:49 6428.47 103142.63 6094.25 6235.00 1.98 7.69 136.21 231.81
homfam annexin 3139 6 65.1902 323 57.2 99.6 99.8 99.4 99.4 424.8189 0:07:04 6681.76 101959.73 6205.81 6426.05 1.99 2.38 153.76 654.65
homfam OTCace 4795 5 157.005 350 37.3 96.4 96.4 88.4 91.3 560.1299 0:09:20 6857.46 102990.92 6491.93 6656.84 1.99 5.03 151.03 846.87
homfam rnasemam 498 6 120.072 141 42.2 93.9 91.0 70.1 81.4 175.1827 0:02:55 6627.25 99910.47 6262.69 6427.43 1.99 0.96 134.06 236.34
homfam adh 21331 5 123.64 375 63.9 96.4 97.0 91.2 91.5 1170.0429 0:19:30 6920.11 102992.20 6554.31 6719.25 1.98 18.80 163.81 1922.60
homfam il8 1073 11 63.7623 81 34.5 88.2 87.9 57.1 65.8 119.7735 0:01:59 6436.21 95961.04 6119.53 6260.15 1.99 1.10 120.41 145.28
homfam hr 3707 5 65.1513 82 53.3 99.1 99.1 94.9 99.1 215.0402 0:03:35 6534.41 99398.49 6366.10 6394.41 1.99 4.43 133.82 295.59
homfam ChtBD 774 5 38.2713 45 59.3 98.3 98.1 93.0 94.7 122.9282 0:02:02 6443.25 102919.96 6126.33 6267.00 1.99 0.96 107.69 133.87
homfam gluts 10099 14 98.1117 235 39.4 88.0 88.8 59.7 63.2 1172.0941 0:19:32 6758.55 102442.60 6393.00 6557.96 1.98 8.03 166.61 1960.31
homfam ghf5 2717 6 260.466 470 17.8 66.9 68.0 35.0 49.0 1656.0861 0:27:36 6915.11 102713.90 6549.45 6714.35 1.99 4.20 165.76 2753.09
homfam ghf13 12607 10 264.452 626 26.8 60.4 62.2 25.3 34.1 4585.2362 1:16:25 7375.61 103268.95 7009.23 7174.67 1.99 16.48 183.10 8399.41
homfam PDZ 14950 6 80.8907 110 30.6 88.9 88.8 76.8 80.0 467.2863 0:07:47 6863.45 102931.02 6497.82 6662.77 1.98 10.63 157.00 736.99
homfam az 1086 29 100.416 215 33.4 74.7 75.2 36.4 34.7 237.1117 0:03:57 6756.94 102952.97 6543.71 6572.48 1.99 1.38 123.76 299.88
homfam hla 13465 5 153.148 178 76.5 100.0 100.0 100.0 100.0 439.6094 0:07:19 7075.14 102924.66 6709.94 6874.77 0.00 0.02 149.31 4.55
homfam slectin 932 5 133.052 142 33.3 94.5 94.9 86.1 89.7 350.6528 0:05:50 6654.92 99908.47 6417.54 6474.24 1.99 3.35 142.29 507.72
homfam GEL 2195 5 78.1157 150 23.7 71.0 71.1 40.4 56.0 248.0563 0:04:08 6678.21 103063.75 6312.96 6478.17 1.99 2.04 115.39 292.42
homfam kringle 1091 9 75.9138 100 43.3 95.3 94.3 77.5 81.8 154.1127 0:02:34 6587.43 102919.65 6222.02 6387.30 1.99 1.24 119.00 184.86
homfam p450 21013 12 331.506 512 20.8 69.7 70.8 34.1 43.4 3170.2116 0:52:50 7905.41 103246.33 7540.20 7704.79 1.98 32.55 169.60 5372.83
homfam gpdh 7691 8 129.082 360 55.1 95.5 95.5 85.5 88.6 546.1601 0:09:06 6837.63 103249.29 6472.20 6637.21 1.99 7.64 148.98 823.16
homfam int 7572 5 168.037 219 22.5 84.7 86.3 62.9 69.0 957.8107 0:15:57 6924.45 103237.11 6750.71 6779.66 1.98 8.01 166.49 1602.10
homfam KAS 2070 6 174.528 404 31.7 86.9 85.6 69.0 75.4 512.7164 0:08:32 7028.77 102922.21 6663.24 6828.27 1.99 2.68 152.14 783.63
homfam trfl 837 7 242.315 702 61.9 92.7 93.9 84.9 85.2 1109.6336 0:18:29 7107.13 102922.43 6741.88 6906.87 1.99 1.61 153.74 1710.03
homfam TNF 556 5 119.903 176 32.0 80.6 81.0 65.0 70.5 189.8570 0:03:09 6723.79 96293.86 6247.98 6468.14 1.99 0.99 123.24 235.51
homfam scorptoxin 363 8 53.2562 74 46.3 92.0 90.8 78.1 84.0 124.0961 0:02:04 6437.94 99908.36 6073.25 6237.92 1.99 0.75 107.27 134.06
homfam aldosered 13277 7 268.547 386 41.6 86.6 89.1 68.9 76.1 1712.1921 0:28:32 7284.96 103702.27 6808.78 6947.57 1.98 18.88 167.03 2859.31
homfam rrm 27610 20 67.4587 157 22.9 82.2 82.0 19.8 29.3 325.2444 0:05:25 6734.25 103059.93 6416.68 6488.54 1.98 18.02 143.82 470.29
