homfam ricin 747 7 198.708 281 37.5 90.6 90.8 75.8 82.8 377.7580 0:06:17 7942.23 99912.12 7561.17 7769.96 1.99 1.39 132.41 505.02
homfam ghf10 1502 5 220.34 364 43.3 93.3 93.8 81.1 87.7 806.5935 0:13:26 8007.23 103246.06 7527.75 7736.99 1.99 2.48 154.96 1257.15
homfam seatoxin 93 5 43.6344 54 42.6 66.9 64.8 10.2 10.6 177.3144 0:02:57 7943.89 99909.21 7694.10 7834.43 1.99 0.65 119.93 214.22
homfam mofe 2567 6 353.074 609 30.0 85.8 87.0 68.5 76.4 1778.3364 0:29:38 7977.70 103258.37 7667.81 7808.20 1.99 4.23 157.65 2811.65
homfam cyt3 385 6 92.3065 130 40.3 80.7 80.9 61.0 69.3 213.9603 0:03:33 7946.32 102936.63 7625.99 7766.33 1.99 0.92 122.61 271.69
homfam ins 793 6 65.2825 74 44.9 92.2 93.0 66.7 89.9 354.7293 0:05:54 8026.29 102920.92 7574.75 7783.69 1.99 1.43 156.25 553.94
homfam Ald_Xan_dh_2 2589 6 109.304 885 31.8 83.9 84.0 65.1 73.0 1366.2844 0:22:46 7944.89 99909.69 7560.80 7770.07 1.99 2.61 164.04 2249.40
homfam tms 2118 5 264.245 357 45.9 96.2 96.0 84.9 91.6 1153.7944 0:19:13 7944.38 103223.12 7494.41 7703.72 1.99 3.34 150.91 1745.92
homfam phc 2957 12 98.4711 179 37.2 91.4 92.8 68.2 75.2 405.5306 0:06:45 7979.92 102922.44 7595.92 7805.40 1.99 2.64 151.13 615.73
homfam cytb 3206 6 82.1454 100 35.6 90.3 91.0 72.8 81.0 596.8447 0:09:56 7996.73 102925.33 7540.84 7750.12 1.99 4.27 163.10 970.39
homfam mmp 1427 6 157.93 180 55.1 95.1 96.3 85.2 90.8 617.3558 0:10:17 7984.21 102988.27 7494.45 7703.67 1.99 2.01 144.83 901.46
homfam phoslip 946 18 113.33 137 48.9 95.4 95.1 76.5 86.1 242.8406 0:04:02 8035.23 98236.95 7540.98 7749.72 1.99 1.30 125.31 312.75
homfam HLH 6781 5 53.5453 92 28.1 88.9 94.0 65.5 77.1 499.3244 0:08:19 7945.79 99909.01 7562.63 7771.45 1.99 3.89 146.08 736.56
homfam myb_DNA-binding 10398 5 46.5583 61 40.7 95.2 94.1 80.4 86.0 314.8431 0:05:14 8029.45 103183.53 7530.07 7739.26 1.98 5.89 126.01 401.39
homfam msb 4884 8 106.037 158 26.6 86.4 88.5 63.4 76.2 340.1953 0:05:40 7977.59 99911.27 7731.45 7871.82 1.98 4.40 137.19 473.69
homfam ghf1 4358 8 403.813 562 38.4 92.6 92.6 74.4 82.5 2022.6091 0:33:42 7977.63 103268.48 7529.54 7646.88 1.99 8.04 155.45 3147.52
homfam rvp 93681 6 94.2886 132 36.6 23.1 86.6 0.0 0.0 1872.1220 0:31:12 8014.93 99490.29 7626.46 7731.89 76.00 0.76 143.40 2685.59
homfam lyase_1 7632 5 295.082 511 30.9 83.4 83.4 65.2 70.4 1551.5142 0:25:51 7956.84 103127.53 7564.77 7773.98 1.99 10.11 151.81 2361.01
homfam ldh 7367 14 121.378 371 31.9 90.7 90.3 63.2 74.7 736.5180 0:12:16 7999.56 99912.93 7610.89 7728.19 1.99 7.65 145.28 1078.13
homfam subt 7517 11 301.598 414 39.5 80.5 81.7 32.7 45.9 5730.4353 1:35:30 8002.84 103123.46 7545.58 7685.47 1.98 12.37 181.86 10429.79
homfam sodfe 4455 8 77.4471 219 42.3 91.9 90.7 65.6 70.4 450.1861 0:07:30 7949.00 99913.70 7699.59 7839.62 4.02 3.43 147.58 671.83
homfam LIM 6428 5 57.0143 86 52.8 97.9 97.9 87.8 95.8 280.8642 0:04:40 8028.07 103245.78 7571.97 7781.25 1.99 3.85 118.26 333.62
homfam blm 9105 8 300.727 274 39.1 80.8 97.1 28.8 29.0 4410.9664 1:13:30 7950.89 103012.73 7566.98 7707.08 1.98 13.25 176.31 7782.95
homfam DMRL_synthase 2099 5 140.59 182 33.2 92.8 90.2 73.4 81.9 288.3369 0:04:48 8016.50 99912.05 7638.43 7847.71 1.99 2.25 120.03 347.58
homfam tRNA-synt_2b 11293 5 177.564 467 18.7 48.3 46.5 24.7 33.1 1650.6384 0:27:30 7987.69 103183.02 7530.39 7670.10 1.99 11.76 172.17 2847.74
homfam Stap_Strp_toxin 640 6 87.3922 254 32.5 83.6 83.0 53.5 60.5 297.7986 0:04:57 7988.63 99912.03 7556.68 7766.31 1.99 0.98 139.90 421.03
homfam Acetyltransf 46285 6 82.9897 229 24.1 58.9 64.7 30.7 41.6 3065.9896 0:51:05 8001.22 99156.05 7545.02 7661.78 16.00 0.79 171.82 5276.31
homfam ghf22 760 12 107.567 131 51.4 93.8 94.0 81.5 85.2 225.7641 0:03:45 7944.59 102922.56 7882.52 7911.54 1.99 1.12 113.61 257.94
homfam sdr 50157 13 163.253 361 23.3 77.6 77.9 35.6 46.4 2151.5497 0:35:51 8175.18 103034.73 7671.02 7789.40 1.97 55.78 151.43 3257.04
homfam ltn 1068 12 204.148 282 49.9 92.3 92.8 69.6 78.7 491.0293 0:08:11 7988.86 99910.58 7629.71 7770.06 1.99 1.88 143.65 712.35
homfam hpr 3349 5 83.0427 89 44.4 99.3 99.3 97.7 98.5 315.9164 0:05:15 8034.04 101288.95 7544.55 7753.51 1.99 2.62 110.77 351.51
homfam bowman 499 5 26.1443 73 64.9 94.5 94.5 82.9 84.9 160.6532 0:02:40 7951.47 102923.21 7701.38 7841.67 1.99 0.76 98.86 160.27
homfam hip 167 5 66.2096 88 33.4 84.9 84.4 59.5 70.8 190.9753 0:03:10 8007.06 102922.43 7559.69 7768.79 1.99 0.69 109.92 211.36
homfam HMG_box 4779 5 66.0716 89 24.8 95.9 94.8 82.7 91.6 236.1395 0:03:56 8028.91 98171.75 7570.92 7780.07 1.99 5.12 127.89 308.84
homfam icd 5678 5 328.887 433 41.7 93.5 94.1 82.4 86.3 2120.9823 0:35:20 8013.45 102940.67 7564.06 7703.85 1.99 8.18 161.44 3430.14
homfam peroxidase 4514 5 256.626 383 37.3 81.5 84.0 53.9 58.4 2455.5632 0:40:55 8018.82 103253.85 7532.17 7741.43 1.99 6.39 175.49 4318.11
homfam asp 3262 13 284.142 381 37.5 91.4 91.3 75.7 82.2 1373.5649 0:22:53 7997.79 103159.71 7565.87 7683.09 1.99 5.66 160.86 2213.06
homfam flav 4612 6 138.021 183 35.0 90.2 90.4 70.9 73.7 604.9621 0:10:04 7948.30 102925.63 7702.03 7842.44 1.99 4.28 157.27 957.26
homfam cah 1379 5 212.706 279 38.7 89.0 89.3 69.7 76.8 575.0967 0:09:35 7999.18 101154.76 7543.11 7752.35 1.99 4.11 142.26 824.93
homfam ace 3989 6 427.824 601 37.3 80.1 85.7 57.8 63.4 2990.1197 0:49:50 7942.77 103327.75 7483.65 7600.47 5.98 8.80 161.90 4848.10
homfam sti 613 5 165.383 198 36.4 86.4 85.8 65.2 71.7 273.6190 0:04:33 7983.92 101958.55 7492.92 7701.69 1.99 1.09 129.01 353.98
homfam aat 25100 10 337.807 476 28.6 82.5 84.0 54.3 60.0 3534.3583 0:58:54 8078.29 103313.08 7574.38 7704.03 1.98 36.77 149.93 5305.90
homfam oxidored_q6 3348 5 123.044 285 56.7 91.9 93.1 83.5 84.8 636.3242 0:10:36 7990.07 102928.17 7607.68 7816.92 2.16 3.36 158.02 1013.90
homfam hormone_rec 3509 5 188.562 308 21.5 73.6 75.8 51.2 65.4 703.5996 0:11:43 7983.76 103127.23 7665.57 7805.89 1.99 3.76 152.08 1079.30
homfam rhv 17976 6 143.424 938 33.1 68.7 75.4 37.6 47.4 5715.8876 1:35:15 7925.31 102926.75 7470.41 7679.20 1.99 15.55 162.43 9285.80
homfam tgfb 1606 8 95.4645 118 43.8 81.8 87.0 30.8 38.2 224.3511 0:03:44 8009.84 97837.79 7558.39 7767.68 1.99 1.61 113.07 254.69
homfam cryst 1160 7 80.8078 192 44.4 92.4 92.1 72.4 74.9 237.9592 0:03:57 7990.00 97839.07 7531.96 7741.27 1.99 3.17 129.66 310.05
homfam cyclo 6288 6 159.069 203 44.1 88.2 89.6 73.0 78.0 983.0392 0:16:23 7998.27 103282.40 7611.85 7717.61 1.99 7.38 161.45 1589.14
homfam kunitz 2266 10 53.752 64 37.9 97.9 97.9 90.0 89.3 196.6577 0:03:16 7991.88 101958.63 7536.00 7745.60 1.99 1.87 104.89 207.74
homfam Rhodanese 14049 6 102.277 216 22.7 76.0 84.6 59.9 64.7 986.9370 0:16:26 7954.29 102928.40 7570.39 7687.69 1.98 11.88 165.14 1639.56
homfam sodcu 2038 7 141.322 169 42.2 91.9 92.4 77.1 84.6 314.7710 0:05:14 7995.39 102938.67 7538.70 7748.00 1.99 2.32 120.90 387.17
homfam profilin 687 5 123.371 144 39.7 92.6 92.6 82.8 84.6 254.2292 0:04:14 7979.98 99913.21 7916.04 7945.00 1.99 1.13 120.86 308.26
homfam glob 3983 41 100.684 174 31.7 95.8 95.6 62.4 69.7 397.2831 0:06:37 8010.05 99912.14 7554.61 7763.47 1.99 3.34 114.45 462.07
homfam tim 3904 10 205.645 260 47.5 97.2 97.4 90.3 94.6 868.3423 0:14:28 8014.65 103181.26 7562.50 7771.39 1.99 5.09 151.93 1327.98
homfam uce 4558 13 134.701 184 34.0 90.6 92.0 65.1 73.1 615.5762 0:10:15 8010.21 103205.12 7560.92 7769.73 1.99 4.25 161.11 993.92
homfam toxin 508 20 62.311 78 43.1 92.1 90.5 53.2 68.6 170.7085 0:02:50 7949.75 102918.53 7498.01 7706.81 1.99 0.94 122.25 210.11
homfam rub 1435 5 46.1575 54 62.1 97.6 97.6 88.9 90.2 165.1855 0:02:45 7975.02 99432.96 7656.82 7797.12 1.99 1.30 94.47 157.55
homfam hom 12037 8 53.4951 98 35.3 96.9 96.4 75.4 91.0 338.7283 0:05:38 8018.87 103144.86 7560.96 7666.81 1.99 6.89 117.42 399.19
homfam biotin_lipoyl 11833 7 71.8928 112 28.9 93.0 91.8 69.4 77.3 291.9975 0:04:51 8003.30 102921.84 7546.91 7664.08 1.99 8.25 129.22 378.33
homfam cys 4316 13 198.11 284 40.5 94.3 93.7 66.0 79.3 802.8633 0:13:22 8010.09 103245.89 7526.63 7632.49 1.99 13.25 160.74 1289.75
homfam ghf11 521 5 167.758 202 49.5 93.6 93.4 83.9 85.2 284.9361 0:04:44 8004.60 101959.52 7774.15 7914.46 1.99 3.08 125.34 358.58
homfam blmb 17200 6 192.465 344 20.6 69.1 74.6 42.5 54.6 3178.6284 0:52:58 7948.32 103108.85 7698.61 7727.60 1.98 18.37 177.32 5643.54
homfam aadh 3127 8 225.129 542 38.2 84.4 87.6 51.7 57.3 1278.8068 0:21:18 8023.71 103304.38 7566.25 7775.23 1.99 6.10 164.98 2117.10
homfam DEATH 1183 7 80.5689 159 19.6 84.5 85.8 53.2 72.1 224.9317 0:03:44 7991.77 101959.57 7929.49 7958.55 1.99 1.31 114.22 258.36
homfam Sulfotransfer 2489 5 235.798 381 26.2 72.3 72.3 43.2 51.9 1231.8165 0:20:31 8010.38 99912.79 7555.57 7764.24 1.99 3.92 164.21 2029.76
homfam serpin 3144 8 291.462 418 34.3 95.6 95.2 83.9 89.8 1383.2801 0:23:03 7987.62 103244.30 7614.26 7719.91 1.99 4.84 156.16 2168.70
homfam proteasome 5732 17 174.347 309 21.7 84.1 82.3 41.4 60.9 593.2893 0:09:53 7995.47 101723.29 7546.04 7651.79 1.99 6.05 143.16 855.06
homfam zf-CCHH 88345 15 23.2513 39 35.5 95.5 94.8 77.1 85.3 498.1546 0:08:18 8022.43 103202.50 7636.95 7742.53 1.96 41.90 116.74 583.09
homfam egf 7774 12 32.0765 71 31.1 80.7 85.1 44.1 48.5 217.0049 0:03:37 8018.51 99593.11 7709.17 7849.51 1.98 4.47 116.26 253.80
homfam annexin 3139 6 65.1902 323 57.2 93.6 94.6 85.2 85.6 527.5446 0:08:47 7941.46 99914.30 7558.87 7768.02 1.99 2.38 136.33 720.62
homfam OTCace 4795 5 157.005 350 37.3 94.9 96.3 86.1 88.4 532.7482 0:08:52 7978.42 99913.20 7529.27 7738.20 1.99 7.56 148.05 790.25
homfam rnasemam 498 6 120.072 141 42.2 93.4 90.6 72.4 83.0 215.3385 0:03:35 8011.48 99909.47 7559.46 7769.05 1.99 0.97 119.88 259.78
homfam adh 21331 5 123.64 375 63.9 98.9 98.9 97.6 97.9 1442.1662 0:24:02 7957.20 103160.22 7577.84 7717.79 1.98 19.32 159.10 2302.16
homfam il8 1073 11 63.7623 81 34.5 91.4 91.0 66.2 75.3 183.8706 0:03:03 7943.30 103125.17 7694.93 7835.34 1.99 1.09 112.91 209.11
homfam hr 3707 5 65.1513 82 53.3 99.1 99.1 94.9 99.1 256.0033 0:04:16 7998.08 99909.72 7540.70 7749.55 1.99 2.55 118.26 304.18
homfam ChtBD 774 5 38.2713 45 59.3 99.3 99.0 95.3 97.1 159.9741 0:02:39 7945.11 99909.36 7493.57 7702.48 1.99 0.95 99.07 160.00
homfam gluts 10099 14 98.1117 235 39.4 91.4 91.4 69.5 73.3 1267.4711 0:21:07 7972.60 98889.32 7653.51 7794.86 28.00 0.81 168.80 2146.97
homfam ghf5 2717 6 260.466 470 17.8 67.9 69.5 38.0 53.3 1352.8714 0:22:32 8008.10 103281.82 7689.78 7830.20 1.99 4.12 163.50 2219.31
homfam ghf13 12607 10 264.452 626 26.8 61.0 62.9 25.8 36.1 4410.2429 1:13:30 8012.47 103164.06 7692.17 7832.48 1.99 16.51 179.71 7922.33
homfam PDZ 14950 6 80.8907 110 30.6 88.4 89.1 73.7 76.6 639.2410 0:10:39 7999.46 103538.14 7543.71 7661.01 1.98 11.06 131.47 846.56
homfam az 1086 29 100.416 215 33.4 77.1 77.2 42.9 48.4 251.5005 0:04:11 7978.54 101321.91 7492.99 7702.18 1.99 1.39 121.01 308.72
homfam hla 13465 5 153.148 178 76.5 100.0 100.0 100.0 100.0 605.8670 0:10:05 7995.14 99914.96 7542.84 7752.05 1.99 13.51 113.43 694.08
homfam slectin 932 5 133.052 142 33.3 93.8 94.2 84.7 89.4 391.2787 0:06:31 7973.16 99910.48 7540.97 7750.17 0.00 0.02 152.75 4.97
homfam GEL 2195 5 78.1157 150 23.7 67.2 74.1 38.4 53.9 291.1497 0:04:51 8004.77 100713.71 7547.46 7756.31 1.99 1.92 107.28 316.33
homfam kringle 1091 9 75.9138 100 43.3 96.0 94.9 80.9 86.5 194.7845 0:03:14 7993.14 102918.96 7759.20 7899.55 1.99 1.23 106.50 208.88
homfam p450 21013 12 331.506 512 20.8 73.0 73.7 34.9 42.6 4108.5935 1:08:28 8312.79 100114.87 7810.86 8043.99 0.00 0.44 147.95 6079.75
homfam gpdh 7691 8 129.082 360 55.1 96.1 96.0 88.0 90.9 688.8313 0:11:28 7991.01 103182.23 7534.40 7640.30 1.99 8.12 146.12 1013.83
homfam int 7572 5 168.037 219 22.5 88.6 90.4 71.3 79.1 1082.8201 0:18:02 7949.86 103064.59 7563.83 7669.70 1.98 8.34 165.19 1795.90
homfam KAS 2070 6 174.528 404 31.7 85.5 84.5 69.0 74.7 480.8102 0:08:00 8013.55 102923.35 7695.34 7835.64 1.99 2.66 143.15 695.96
homfam trfl 837 7 242.315 702 61.9 94.1 95.1 87.7 87.7 1035.6194 0:17:15 7978.89 98577.12 7658.96 7799.27 1.99 1.62 150.75 1563.83
homfam TNF 556 5 119.903 176 32.0 79.6 80.9 63.7 70.1 236.9558 0:03:56 8030.74 99908.48 7557.02 7766.31 1.99 1.01 130.27 316.44
homfam scorptoxin 363 8 53.2562 74 46.3 88.8 88.1 69.9 76.8 159.8635 0:02:39 8004.67 102920.40 7547.43 7756.32 1.99 0.74 98.87 159.50
homfam aldosered 13277 7 268.547 386 41.6 87.7 89.6 69.8 76.1 2243.7616 0:37:23 7941.69 103280.05 7572.26 7712.23 1.98 18.73 153.83 3452.45
homfam rrm 27610 20 67.4587 157 22.9 85.6 86.0 22.5 30.7 393.9197 0:06:33 7995.06 99500.34 7538.93 7679.06 1.98 17.84 119.57 475.97
