homfam ricin 747 7 198.708 281 37.5 90.9 91.1 76.2 84.3 862.8416 0:14:22 8416.57 100333.72 7930.83 8083.27 1.99 1.70 122.86 1067.79

homfam ghf10 1502 5 220.34 364 43.3 93.4 93.6 80.8 85.8 1585.8102 0:26:25 9134.57 100890.31 8630.58 8783.00 1.99 2.56 152.89 2432.04

homfam seatoxin 93 5 43.6344 54 42.6 86.6 87.0 63.3 63.0 409.9585 0:06:49 7956.35 98018.11 7495.95 7659.81 0.00 0.02 83.51 3.80

homfam mofe 2567 6 353.074 609 30.0 84.3 85.6 63.8 73.4 3376.2135 0:56:16 10192.95 101738.83 9699.42 9842.07 1.99 4.48 160.57 5432.73

homfam cyt3 385 6 92.3065 130 40.3 79.4 79.5 58.5 65.8 370.2909 0:06:10 8419.72 98302.49 7916.97 8072.19 1.99 0.88 97.99 364.27

homfam ins 793 6 65.2825 74 44.9 87.5 91.7 59.4 84.0 601.5994 0:10:01 8062.30 100032.59 7559.30 7739.21 1.99 1.41 111.72 679.86

homfam Ald_Xan_dh_2 2589 6 109.304 885 31.8 83.4 83.4 64.2 72.2 3840.6960 1:04:00 8186.26 103124.09 7682.91 7862.51 77.99 2.93 163.75 6299.41

homfam tms 2118 5 264.245 357 45.9 96.6 96.4 87.4 92.9 2102.8196 0:35:02 9278.20 101363.45 8773.41 8891.97 1.99 5.52 159.62 3358.09

homfam phc 2957 12 98.4711 179 37.2 77.5 91.1 33.5 36.7 920.1057 0:15:20 8056.45 99947.33 7551.74 7704.60 1.99 2.71 143.58 1325.38

homfam cytb 3206 6 82.1454 100 35.6 92.9 93.0 72.8 80.2 1138.1459 0:18:58 8190.25 103124.00 7686.14 7804.04 281.99 2.70 141.40 1620.24

homfam mmp 1427 6 157.93 180 55.1 96.0 96.2 87.0 92.1 1066.2929 0:17:46 8150.97 103129.32 7646.54 7764.90 1.99 2.32 158.46 1698.82

homfam phoslip 946 18 113.33 137 48.9 95.3 95.0 74.3 84.4 477.9993 0:07:57 8129.56 99919.43 7660.10 7833.94 1.99 1.33 112.07 539.17

homfam HLH 6781 5 53.5453 92 28.1 89.0 93.5 65.5 77.1 942.3180 0:15:42 8138.15 99913.61 7634.41 7786.79 1.99 4.23 121.52 1152.28

homfam myb_DNA-binding 10398 5 46.5583 61 40.7 96.8 95.6 83.9 90.0 691.8585 0:11:31 8232.02 98301.45 7727.46 7846.32 1.98 8.82 123.18 853.68

homfam msb 4884 8 106.037 158 26.6 85.8 86.8 60.0 73.9 787.6840 0:13:07 8252.21 99601.80 7747.35 7900.36 1.98 4.49 124.02 985.53

homfam ghf1 4358 8 403.813 562 38.4 92.2 92.4 71.8 80.1 5012.9597 1:23:32 10139.36 101903.87 9773.04 9856.42 49.99 8.41 159.37 8000.02

homfam rvp 93681 6 94.2886 132 36.6 83.9 83.8 55.9 62.9 2305.8440 0:38:25 10171.10 101528.10 9666.65 9819.22 9.99 58.42 130.84 3023.40

homfam lyase_1 7632 5 295.082 511 30.9 84.0 83.9 67.2 71.5 3439.5259 0:57:19 9791.62 99922.95 9425.50 9591.95 1.99 18.23 158.59 5455.77

homfam ldh 7367 14 121.378 371 31.9 89.2 88.6 58.4 70.1 1743.1084 0:29:03 8296.96 98420.79 7792.19 7922.06 0.00 0.02 148.98 13.21

homfam subt 7517 11 301.598 414 39.5 75.9 78.6 23.7 34.2 9503.3435 2:38:23 9595.18 101558.92 9090.37 9270.73 1.98 12.44 172.58 16411.55

homfam sodfe 4455 8 77.4471 219 42.3 90.9 90.0 65.1 68.9 917.9623 0:15:17 8463.23 98658.75 7958.84 8111.67 1.99 3.63 131.87 1211.78

homfam LIM 6428 5 57.0143 86 52.8 97.3 97.3 86.6 94.2 559.5674 0:09:19 8091.67 98154.81 7588.27 7740.62 1.99 4.07 119.87 672.35

homfam blm 9105 8 300.727 274 39.1 95.0 95.3 81.6 84.9 7256.0789 2:00:56 10207.75 101872.91 9702.94 9821.12 17.98 13.47 172.13 12498.37

homfam DMRL_synthase 2099 5 140.59 182 33.2 93.4 90.5 75.1 84.0 734.9744 0:12:14 8127.88 98345.64 7657.04 7809.27 1.99 2.56 122.05 898.35

homfam tRNA-synt_2b 11293 5 177.564 467 18.7 54.0 52.4 27.6 37.8 3106.5762 0:51:46 8740.57 100345.45 8236.96 8471.00 0.00 0.02 173.67 17.87

homfam Stap_Strp_toxin 640 6 87.3922 254 32.5 78.7 78.3 42.0 47.1 662.3290 0:11:02 8394.52 99641.09 7891.32 8108.06 1.99 1.02 126.34 839.57

homfam Acetyltransf 46285 6 82.9897 229 24.1 38.3 50.2 2.6 1.6 4060.1526 1:07:40 9150.85 100934.06 8647.07 8799.18 0.00 0.02 168.31 18.98

homfam ghf22 760 12 107.567 131 51.4 95.0 95.1 81.5 84.9 452.0528 0:07:32 8121.04 98205.03 7616.87 7735.35 1.99 1.12 100.77 457.06

homfam sdr 50157 13 163.253 361 23.3 68.4 74.0 34.1 43.5 3928.4667 1:05:28 10664.37 101532.95 10159.77 10289.38 1.96 54.59 153.04 6023.05

homfam ltn 1068 12 204.148 282 49.9 94.5 94.6 71.5 80.2 1094.3850 0:18:14 8567.27 98658.10 8063.10 8213.73 1.99 2.11 141.54 1550.58

homfam hpr 3349 5 83.0427 89 44.4 99.3 99.3 97.7 98.5 556.6681 0:09:16 8270.92 98338.73 7766.77 7939.62 1.99 2.91 112.21 626.12

homfam bowman 499 5 26.1443 73 64.9 94.5 94.5 82.9 84.9 321.8460 0:05:21 7952.13 98120.90 7461.19 7593.94 1.99 0.84 90.87 293.91

homfam hip 167 5 66.2096 88 33.4 83.8 83.1 57.1 67.8 418.0013 0:06:58 7972.74 98058.96 7468.51 7587.01 1.99 0.98 83.77 351.58

homfam HMG_box 4779 5 66.0716 89 24.8 97.3 96.2 85.2 93.9 569.7852 0:09:29 8205.69 99552.42 7702.16 7820.08 1.99 3.26 120.58 688.46

homfam icd 5678 5 328.887 433 41.7 92.6 92.9 80.7 84.3 3701.4327 1:01:41 10126.75 101686.84 9622.38 9800.30 1.99 8.55 154.59 5732.12

homfam peroxidase 4514 5 256.626 383 37.3 79.7 81.7 51.9 57.4 3607.4281 1:00:07 9330.92 101263.57 8826.34 8956.67 1.99 6.55 174.04 6279.24

homfam asp 3262 13 284.142 381 37.5 91.1 91.4 73.3 79.6 2747.5677 0:45:47 9526.14 101367.33 9021.23 9212.40 1.99 5.32 158.22 4354.88

homfam flav 4612 6 138.021 183 35.0 85.6 85.9 61.1 62.4 1320.3915 0:22:00 8766.33 100483.61 8262.71 8442.69 1.99 4.25 141.09 1871.64

homfam cah 1379 5 212.706 279 38.7 91.1 91.2 74.2 80.4 1286.4603 0:21:26 8719.67 98872.02 8215.86 8395.82 9.99 2.40 138.92 1788.62

homfam ace 3989 6 427.824 601 37.3 86.3 87.6 66.8 73.9 5775.6154 1:36:15 10724.19 102518.29 10220.47 10400.35 1.98 8.75 164.78 9515.29

homfam sti 613 5 165.383 198 36.4 85.3 84.4 63.0 69.2 540.5036 0:09:00 8114.25 98369.38 7616.45 7850.54 1.99 1.13 100.92 546.96

homfam aat 25100 10 337.807 476 28.6 70.9 71.5 35.3 39.6 9371.3429 2:36:11 10904.35 102707.10 10563.03 10589.46 1.98 36.43 163.89 15366.08

homfam oxidored_q6 3348 5 123.044 285 56.7 92.9 93.1 86.5 88.3 1249.6116 0:20:49 8183.69 100081.84 7679.36 7809.30 1.99 3.59 144.53 1807.86

homfam hormone_rec 3509 5 188.562 308 21.5 73.7 76.4 49.8 63.5 1543.3549 0:25:43 8897.00 100405.22 8392.89 8522.52 1.99 4.10 151.36 2345.84

homfam rhv 17976 6 143.424 938 33.1 36.6 47.4 1.6 0.2 13558.4749 3:45:58 8524.84 100568.05 8175.79 8301.37 4.93 15.38 166.68 22599.89

homfam tgfb 1606 8 95.4645 118 43.8 81.9 84.6 30.8 38.5 608.1420 0:10:08 8460.42 98510.96 7956.08 8086.00 1.99 2.02 94.37 575.37

homfam cryst 1160 7 80.8078 192 44.4 93.3 93.1 74.0 77.4 577.1785 0:09:37 8052.96 98256.75 7549.07 7678.97 1.99 1.65 106.72 617.37

homfam cyclo 6288 6 159.069 203 44.1 87.5 88.7 74.6 77.4 1834.7828 0:30:34 8773.39 100699.84 8281.03 8422.42 1.99 7.53 158.98 2917.62

homfam kunitz 2266 10 53.752 64 37.9 98.9 98.9 95.0 94.7 426.2442 0:07:06 7999.03 98073.10 7539.61 7672.14 1.99 2.15 105.85 452.58

homfam Rhodanese 14049 6 102.277 216 22.7 74.1 78.7 55.2 59.0 2092.4059 0:34:52 8716.38 100401.69 8211.80 8333.95 1.98 11.53 148.82 3124.22

homfam sodcu 2038 7 141.322 169 42.2 90.3 90.2 75.9 80.8 745.5422 0:12:25 8254.09 98385.98 7768.61 7940.16 13.99 3.65 121.34 906.22

homfam profilin 687 5 123.371 144 39.7 95.4 95.4 89.1 89.4 525.5499 0:08:45 8166.62 98252.75 7634.15 7752.58 1.99 1.45 96.48 508.70

homfam glob 3983 41 100.684 174 31.7 96.5 96.0 74.7 77.6 729.9370 0:12:09 8284.02 99829.43 7779.63 7909.67 1.99 3.64 125.90 928.12

homfam tim 3904 10 205.645 260 47.5 98.1 98.2 91.1 94.1 1776.5017 0:29:36 8714.61 100647.29 8210.06 8328.38 1.99 5.04 141.39 2518.88

homfam uce 4558 13 134.701 184 34.0 89.9 90.6 62.7 70.4 861.4718 0:14:21 8156.67 99922.45 7651.70 7867.68 1.99 4.16 137.37 1188.20

homfam toxin 508 20 62.311 78 43.1 89.5 88.0 53.2 61.7 288.9144 0:04:48 8019.42 98131.32 7652.79 7736.54 0.00 0.02 111.79 4.45

homfam rub 1435 5 46.1575 54 62.1 97.6 97.6 88.9 90.2 389.2602 0:06:29 8013.61 98035.33 7553.24 7670.42 1.99 1.54 82.28 321.80

homfam hom 12037 8 53.4951 98 35.3 94.1 94.0 65.2 81.1 794.5462 0:13:14 8485.28 98493.20 7980.62 8098.82 1.99 6.87 120.98 962.63

homfam biotin_lipoyl 11833 7 71.8928 112 28.9 94.4 94.9 78.8 80.8 777.8633 0:12:57 8379.77 98586.67 7875.44 8005.14 5.99 10.62 127.24 991.45

homfam cys 4316 13 198.11 284 40.5 94.1 93.6 63.1 77.3 1579.9687 0:26:19 8903.56 100885.16 8399.39 8552.30 1.99 6.02 153.23 2420.36

homfam ghf11 521 5 167.758 202 49.5 96.1 95.8 89.6 90.6 546.1586 0:09:06 8652.96 99916.86 8148.80 8297.21 1.99 1.16 135.96 744.10

homfam blmb 17200 6 192.465 344 20.6 68.0 73.0 41.5 53.0 6879.7916 1:54:39 9103.59 100645.68 8677.56 8834.86 5.98 55.12 180.09 12393.58

homfam aadh 3127 8 225.129 542 38.2 85.1 85.3 51.7 57.5 2351.5637 0:39:11 8925.17 100810.25 8420.48 8565.33 1.99 4.48 162.10 3818.56

homfam DEATH 1183 7 80.5689 159 19.6 73.1 74.6 44.4 45.5 510.7130 0:08:30 8032.72 98210.03 7528.21 7658.10 1.99 1.67 107.07 548.29

homfam Sulfotransfer 2489 5 235.798 381 26.2 66.3 72.0 33.4 41.2 2880.9719 0:48:00 9159.73 100815.56 8654.89 8773.27 1.99 3.99 168.24 4854.63

homfam serpin 3144 8 291.462 418 34.3 95.6 95.0 82.9 89.5 3145.3883 0:52:25 9578.91 101529.19 9075.15 9204.56 1.99 4.52 161.64 5086.10

homfam proteasome 5732 17 174.347 309 21.7 83.7 82.2 31.0 46.1 1372.8726 0:22:52 9079.12 99995.90 8575.14 8727.33 1.99 6.18 140.86 1942.55

homfam zf-CCHH 88345 15 23.2513 39 35.5 97.1 96.5 88.6 93.0 1432.1047 0:23:52 8221.86 98257.90 7717.78 7847.77 9.94 42.16 119.43 1713.04

homfam egf 7774 12 32.0765 71 31.1 77.3 77.1 33.8 41.8 569.7837 0:09:29 8018.12 99756.11 7512.52 7678.15 1.98 4.86 104.91 603.35

homfam annexin 3139 6 65.1902 323 57.2 100.0 100.0 100.0 100.0 1453.3290 0:24:13 7917.45 98034.07 7414.58 7543.59 1.99 2.64 139.22 2024.83

homfam OTCace 4795 5 157.005 350 37.3 96.3 96.3 87.8 90.9 1486.9339 0:24:46 8933.49 99880.56 8429.43 8578.48 1.99 5.00 154.36 2299.57

homfam rnasemam 498 6 120.072 141 42.2 91.0 88.3 63.4 75.4 425.3919 0:07:05 8128.84 98070.52 7830.60 7870.37 1.99 1.09 100.08 427.28

homfam adh 21331 5 123.64 375 63.9 62.4 80.5 12.3 12.0 2672.8327 0:44:32 8886.78 100468.04 8367.52 8546.86 6.06 18.89 153.62 4112.46

homfam il8 1073 11 63.7623 81 34.5 92.0 91.5 71.4 81.2 437.8164 0:07:17 8096.04 98254.38 7591.84 7721.64 1.99 1.38 88.61 389.42

homfam hr 3707 5 65.1513 82 53.3 98.6 98.6 93.7 97.7 636.1709 0:10:36 8219.89 99695.61 7715.95 7845.95 153.99 2.89 110.02 710.99

homfam ChtBD 774 5 38.2713 45 59.3 98.3 98.1 93.0 94.7 287.7356 0:04:47 7943.84 103826.34 7527.54 7659.68 1.99 0.97 105.10 303.95

homfam gluts 10099 14 98.1117 235 39.4 88.8 90.0 65.7 70.2 2596.3530 0:43:16 8753.60 100362.24 8249.33 8367.23 1.98 8.40 157.15 4079.76

homfam ghf5 2717 6 260.466 470 17.8 67.9 68.3 37.8 52.7 2979.0225 0:49:39 9303.61 101060.27 8798.87 8917.44 1.99 4.39 164.25 4901.79

homfam ghf13 12607 10 264.452 626 26.8 64.2 64.2 26.3 36.3 6970.0016 1:56:10 10353.55 101728.76 9848.48 9978.25 1.99 16.48 173.86 12117.62

homfam PDZ 14950 6 80.8907 110 30.6 83.0 83.8 68.7 70.8 1029.6934 0:17:09 9323.47 99862.61 8818.75 8948.49 1.98 17.87 125.33 1294.72

homfam az 1086 29 100.416 215 33.4 76.5 75.7 38.6 40.8 549.5647 0:09:09 8136.03 99916.80 7695.16 7797.33 1.99 1.41 106.13 588.71

homfam hla 13465 5 153.148 178 76.5 100.0 100.0 100.0 100.0 1355.9952 0:22:35 9258.55 99489.03 8754.60 8989.83 1.99 13.70 137.16 1863.82

homfam slectin 932 5 133.052 142 33.3 93.7 93.5 83.2 87.5 822.4290 0:13:42 8715.01 100427.43 8211.34 8368.83 1.99 1.65 113.91 945.46

homfam GEL 2195 5 78.1157 150 23.7 67.3 69.7 38.4 53.9 743.1998 0:12:23 8204.95 99423.53 7701.06 7830.49 1.99 2.29 104.01 780.05

homfam kringle 1091 9 75.9138 100 43.3 96.3 95.2 79.8 84.7 456.3456 0:07:36 8200.50 98320.49 7769.71 7888.64 1.99 1.52 93.56 428.36

homfam p450 21013 12 331.506 512 20.8 76.3 77.4 35.3 44.4 10684.9178 2:58:04 11294.63 103134.95 10787.76 10952.91 1.98 32.95 164.20 17547.67

homfam gpdh 7691 8 129.082 360 55.1 96.1 96.0 87.7 90.6 1673.4526 0:27:53 8576.59 100442.82 8073.29 8206.98 1.99 8.06 151.13 2539.92

homfam int 7572 5 168.037 219 22.5 89.5 90.9 72.8 78.8 1823.0577 0:30:23 8792.77 100687.36 8426.55 8509.93 1.98 8.36 153.43 2809.89

homfam KAS 2070 6 174.528 404 31.7 84.4 84.1 65.8 71.7 1065.7807 0:17:45 8604.89 98616.13 8100.15 8218.48 1.99 2.57 135.58 1446.56

homfam trfl 837 7 242.315 702 61.9 95.7 96.5 89.9 90.0 2109.8647 0:35:09 8990.65 100846.35 8445.49 8597.78 1.99 1.58 161.92 3423.99

homfam TNF 556 5 119.903 176 32.0 86.6 85.5 75.2 78.3 426.5126 0:07:06 7986.36 98201.95 7512.81 7699.34 1.99 1.27 105.68 452.15

homfam scorptoxin 363 8 53.2562 74 46.3 89.9 89.1 72.6 79.8 287.3107 0:04:47 8001.16 97969.77 7562.06 7694.03 1.99 0.74 89.96 260.04

homfam aldosered 13277 7 268.547 386 41.6 87.6 89.6 70.2 76.2 4685.1311 1:18:05 9910.95 101599.70 9535.06 9699.50 1.98 18.53 168.95 7915.43

homfam rrm 27610 20 67.4587 157 22.9 88.8 87.0 33.3 41.4 1076.7105 0:17:56 8791.94 99001.01 8287.32 8416.81 132.00 0.02 137.03 11.11

