homfam ricin 747 7 198.708 281 37.5 88.7 92.8 70.0 75.1 830.4850 0:13:50 8444.73 100381.50 7941.38 8119.67 1.99 1.37 123.14 1028.19

homfam ghf10 1502 5 220.34 364 43.3 94.1 94.0 83.0 87.3 1452.7552 0:24:12 8923.68 100642.56 8419.04 8549.02 1.99 2.47 154.12 2248.00

homfam seatoxin 93 5 43.6344 54 42.6 79.6 79.3 42.9 44.9 390.0969 0:06:30 8053.15 98143.55 7552.57 7668.49 1.99 0.65 84.31 330.37

homfam mofe 2567 6 353.074 609 30.0 37.2 69.9 0.4 0.1 2564.2631 0:42:44 10269.06 100293.80 9903.55 10070.23 1.99 9.07 159.87 4101.01

homfam cyt3 385 6 92.3065 130 40.3 78.1 78.2 58.5 66.1 417.6116 0:06:57 8234.20 98280.59 7731.10 7860.50 1.99 1.17 86.67 363.40

homfam ins 793 6 65.2825 74 44.9 91.1 90.2 60.9 81.6 543.9747 0:09:03 8029.54 98570.52 7525.62 7655.34 1.99 1.33 93.80 511.77

homfam Ald_Xan_dh_2 2589 6 109.304 885 31.8 17.0 22.0 0.8 0.1 3524.6197 0:58:44 8311.84 103476.94 7807.50 7936.94 89.99 2.86 161.78 5705.07

homfam tms 2118 5 264.245 357 45.9 96.3 96.0 86.0 91.8 1916.7381 0:31:56 9244.76 101160.52 8741.57 8921.41 1.99 3.61 148.42 2853.43

homfam phc 2957 12 98.4711 179 37.2 80.2 83.0 49.7 55.3 789.5242 0:13:09 8236.88 100626.89 7732.60 7864.31 1.99 2.98 129.00 1026.76

homfam cytb 3206 6 82.1454 100 35.6 94.8 94.6 79.3 85.3 880.2940 0:14:40 8306.33 99698.56 7802.17 7982.19 5.99 2.98 136.67 1212.74

homfam mmp 1427 6 157.93 180 55.1 96.8 97.7 91.7 94.2 898.7438 0:14:58 8180.45 98373.14 7677.00 7806.57 1.99 3.43 143.48 1290.84

homfam phoslip 946 18 113.33 137 48.9 94.1 94.0 74.3 83.5 534.6263 0:08:54 8118.43 98197.34 7575.94 7719.86 1.99 1.84 97.43 522.45

homfam HLH 6781 5 53.5453 92 28.1 89.0 94.0 65.5 77.1 751.3477 0:12:31 8340.86 99816.09 7837.40 8045.16 1.99 3.98 108.89 820.89

homfam myb_DNA-binding 10398 5 46.5583 61 40.7 94.4 93.3 78.6 85.4 642.1913 0:10:42 8295.21 104438.03 7792.03 7941.02 1.98 5.95 112.76 725.76

homfam msb 4884 8 106.037 158 26.6 42.2 73.3 2.1 1.0 813.1378 0:13:33 8255.36 98428.39 7751.40 7923.62 1.98 4.32 97.79 796.65

homfam ghf1 4358 8 403.813 562 38.4 92.8 92.8 73.8 82.5 4921.3261 1:22:01 10872.43 102440.04 10368.42 10501.85 1.99 8.30 160.74 7914.48

homfam rvp 93681 6 94.2886 132 36.6 83.5 83.0 55.0 61.9 2296.1149 0:38:16 9801.30 99800.25 9297.73 9484.75 2.11 58.57 133.67 3070.66

homfam lyase_1 7632 5 295.082 511 30.9 72.2 74.6 53.1 57.6 3418.9149 0:56:58 9739.18 99905.51 9235.89 9415.64 1.99 10.38 161.18 5511.82

homfam ldh 7367 14 121.378 371 31.9 58.5 62.1 28.4 33.6 1585.6844 0:26:25 8540.58 98622.55 8037.14 8189.73 1.99 7.08 141.95 2252.30

homfam subt 7517 11 301.598 414 39.5 80.0 82.0 32.7 42.4 6503.3568 1:48:23 9814.90 102124.97 9310.31 9467.64 1.98 12.96 164.69 10711.19

homfam sodfe 4455 8 77.4471 219 42.3 53.6 76.3 24.9 26.2 891.2860 0:14:51 8522.59 98734.64 8017.75 8147.91 1.99 5.12 143.90 1284.04

homfam LIM 6428 5 57.0143 86 52.8 97.3 97.3 86.6 94.2 541.5832 0:09:01 8128.48 98284.59 7624.79 7820.79 1.99 4.13 110.90 602.05

homfam blm 9105 8 300.727 274 39.1 73.6 77.7 41.2 42.7 5312.2862 1:28:32 9776.59 101683.55 9298.34 9477.95 105.98 12.98 160.43 8526.46

homfam DMRL_synthase 2099 5 140.59 182 33.2 92.7 90.1 74.6 83.3 789.8669 0:13:09 8125.32 98363.98 7760.02 7843.30 1.99 2.29 102.35 809.97

homfam tRNA-synt_2b 11293 5 177.564 467 18.7 20.5 26.2 0.9 0.1 2550.5170 0:42:30 9113.06 100880.25 8609.23 8738.37 1.99 11.65 154.87 3960.49

homfam Stap_Strp_toxin 640 6 87.3922 254 32.5 39.7 52.6 21.4 22.3 703.2276 0:11:43 8400.47 98460.19 7895.91 8025.80 1.99 1.26 117.32 826.54

homfam Acetyltransf 46285 6 82.9897 229 24.1 55.0 60.7 29.6 41.5 1788.8935 0:29:48 8978.43 98902.23 8910.51 8939.52 8.00 0.02 138.60 18.36

homfam ghf22 760 12 107.567 131 51.4 93.8 93.8 77.7 81.3 429.9331 0:07:09 8140.14 98227.37 7635.82 7754.19 1.99 1.16 104.56 451.00

homfam sdr 50157 13 163.253 361 23.3 62.6 68.0 11.4 13.1 3466.4485 0:57:46 10732.80 104768.46 10229.85 10385.95 1.96 57.66 144.15 5008.19

homfam ltn 1068 12 204.148 282 49.9 94.1 94.0 73.5 81.7 1132.8131 0:18:52 8744.66 98863.16 8240.95 8358.77 5.98 2.11 140.60 1595.21

homfam hpr 3349 5 83.0427 89 44.4 99.3 99.3 97.7 98.5 593.3810 0:09:53 8541.79 98772.02 8038.95 8191.19 0.00 0.02 110.03 5.87

homfam bowman 499 5 26.1443 73 64.9 94.2 94.2 82.9 84.9 318.4319 0:05:18 8132.16 98399.07 7632.25 7800.53 0.00 0.02 95.76 3.78

homfam hip 167 5 66.2096 88 33.4 87.0 86.0 66.7 75.2 400.0412 0:06:40 8120.56 98009.63 7620.82 7789.04 1.99 0.72 89.71 360.36

homfam HMG_box 4779 5 66.0716 89 24.8 97.3 96.2 85.2 93.9 502.0810 0:08:22 8325.41 98521.77 7821.43 7951.28 0.00 0.02 117.72 5.09

homfam icd 5678 5 328.887 433 41.7 94.9 94.9 86.0 88.7 3566.1770 0:59:26 9927.18 101782.72 9422.61 9587.72 1.99 8.73 159.16 5686.63

homfam peroxidase 4514 5 256.626 383 37.3 70.4 76.5 48.7 53.7 3119.0328 0:51:59 9468.85 101531.98 8964.37 9144.40 1.99 6.73 163.04 5093.32

homfam asp 3262 13 284.142 381 37.5 92.6 92.7 74.9 82.0 2474.7956 0:41:14 9611.57 101517.27 9108.30 9241.64 1.99 5.55 153.74 3807.34

homfam flav 4612 6 138.021 183 35.0 83.5 83.8 58.3 60.4 1232.0433 0:20:32 8641.32 98867.91 8136.60 8266.47 1.99 4.28 127.87 1578.25

homfam cah 1379 5 212.706 279 38.7 89.9 90.4 71.2 78.2 1228.1292 0:20:28 8539.83 99001.70 8127.69 8230.63 8.00 0.02 139.46 10.90

homfam ace 3989 6 427.824 601 37.3 87.1 87.5 66.4 73.6 7322.7200 2:02:02 10542.07 102332.67 10038.46 10164.19 0.00 0.02 167.11 59.64

homfam sti 613 5 165.383 198 36.4 83.6 82.6 59.2 64.5 565.6684 0:09:25 8116.84 98722.59 7641.75 7785.19 1.99 1.66 98.51 558.53

homfam aat 25100 10 337.807 476 28.6 42.7 76.8 2.7 1.3 7213.6062 2:00:13 11029.86 102669.49 10526.59 10682.71 1.98 36.81 161.75 11668.25

homfam oxidored_q6 3348 5 123.044 285 56.7 73.6 77.9 57.9 59.5 1054.4807 0:17:34 8469.98 99483.66 8178.22 8244.02 1.99 3.14 138.88 1475.76

homfam hormone_rec 3509 5 188.562 308 21.5 45.5 62.8 0.0 0.0 1561.6528 0:26:01 8873.36 100637.71 8369.81 8499.27 1.99 4.11 141.12 2213.01

homfam rhv 17976 6 143.424 938 33.1 33.9 46.6 4.4 5.5 13049.6157 3:37:29 8550.12 100587.86 8046.02 8203.16 5.99 15.48 164.44 21465.65

homfam tgfb 1606 8 95.4645 118 43.8 86.9 86.4 49.6 57.1 525.2276 0:08:45 8568.81 98624.20 8064.57 8194.56 1.99 1.89 102.34 539.03

homfam cryst 1160 7 80.8078 192 44.4 92.3 92.1 72.4 74.0 578.2482 0:09:38 8060.55 98199.83 7556.64 7674.82 1.99 1.58 106.81 619.20

homfam cyclo 6288 6 159.069 203 44.1 90.6 91.1 76.2 79.3 1324.3287 0:22:04 8781.64 101196.70 8277.23 8406.89 1.99 7.85 149.38 1988.80

homfam kunitz 2266 10 53.752 64 37.9 97.5 97.5 88.3 87.5 476.6583 0:07:56 8139.59 98184.11 7635.74 7805.32 1.99 2.21 98.75 472.17

homfam Rhodanese 14049 6 102.277 216 22.7 37.7 56.0 8.9 0.9 1632.6991 0:27:12 8426.60 98511.19 7923.36 8073.18 1.98 11.41 140.08 2293.14

homfam sodcu 2038 7 141.322 169 42.2 91.7 92.0 74.7 79.4 829.8718 0:13:49 8232.26 98391.41 7866.08 7975.78 1.99 2.73 121.82 1012.45

homfam profilin 687 5 123.371 144 39.7 92.1 92.1 79.7 81.1 519.3572 0:08:39 8142.94 98137.46 7656.83 7810.74 1.99 1.45 101.41 527.86

homfam glob 3983 41 100.684 174 31.7 79.2 80.6 54.7 59.3 687.2828 0:11:27 8078.87 98577.80 7585.70 7703.89 1.99 5.15 119.16 820.62

homfam tim 3904 10 205.645 260 47.5 98.3 98.5 92.7 95.6 1424.0943 0:23:44 8732.73 99154.40 8228.62 8464.67 1.99 4.98 148.02 2109.56

homfam uce 4558 13 134.701 184 34.0 90.0 88.9 48.8 56.2 787.4610 0:13:07 8137.31 99572.81 7632.97 7762.78 1.99 4.66 119.75 948.30

homfam toxin 508 20 62.311 78 43.1 92.1 90.1 55.8 64.5 329.2416 0:05:29 8183.91 98314.04 7714.05 7833.41 1.99 1.13 97.50 322.34

homfam rub 1435 5 46.1575 54 62.1 98.4 98.4 92.6 93.5 424.9105 0:07:04 8069.22 98177.92 7568.68 7688.89 1.99 1.59 87.83 374.58

homfam hom 12037 8 53.4951 98 35.3 96.9 96.5 75.4 91.2 664.9472 0:11:04 8243.71 99941.22 7739.25 7891.96 1.99 6.84 125.46 841.58

homfam biotin_lipoyl 11833 7 71.8928 112 28.9 95.4 95.6 83.5 85.1 740.8875 0:12:20 8273.46 98382.49 7769.22 7899.43 1.99 7.82 125.19 929.14

homfam cys 4316 13 198.11 284 40.5 93.8 93.4 68.3 79.7 1422.2703 0:23:42 8790.06 100105.18 8285.39 8407.75 1.99 6.20 145.80 2079.83

homfam ghf11 521 5 167.758 202 49.5 93.1 92.9 82.3 83.1 655.1775 0:10:55 8411.06 98455.36 7907.75 8088.06 1.99 1.70 117.58 771.76

homfam blmb 17200 6 192.465 344 20.6 33.4 57.8 0.4 0.1 2856.9903 0:47:36 9282.19 100844.08 8777.57 8907.49 1.98 18.60 155.96 4457.47

homfam aadh 3127 8 225.129 542 38.2 54.5 60.7 29.7 33.2 1904.6850 0:31:44 8857.19 100649.91 8353.30 8483.03 1.99 4.63 156.42 2985.38

homfam DEATH 1183 7 80.5689 159 19.6 70.1 80.1 20.2 13.0 559.8463 0:09:19 8041.88 98548.16 7542.36 7695.52 0.00 0.02 98.51 5.01

homfam Sulfotransfer 2489 5 235.798 381 26.2 44.3 69.4 0.3 0.3 2106.1935 0:35:06 8871.57 100880.37 8366.84 8493.73 1.99 3.95 154.05 3252.06

homfam serpin 3144 8 291.462 418 34.3 96.8 96.0 83.9 90.6 2753.5763 0:45:53 9735.87 100831.78 9231.38 9361.25 0.00 0.02 156.55 22.34

homfam proteasome 5732 17 174.347 309 21.7 57.5 77.8 0.0 0.0 1410.2460 0:23:30 8962.07 98876.96 8654.50 8762.84 0.00 0.02 151.08 12.75

homfam zf-CCHH 88345 15 23.2513 39 35.5 96.8 96.2 88.6 93.0 1450.3097 0:24:10 8266.97 98313.65 7762.54 7892.04 85.94 42.14 120.62 1751.93

homfam egf 7774 12 32.0765 71 31.1 77.8 77.7 35.3 39.3 489.9571 0:08:09 8152.34 98273.97 7648.64 7778.34 1.98 4.79 113.28 556.50

homfam annexin 3139 6 65.1902 323 57.2 100.0 100.0 100.0 100.0 1332.2280 0:22:12 8058.39 98161.24 7543.02 7692.61 1.99 2.67 142.32 1897.51

homfam OTCace 4795 5 157.005 350 37.3 85.0 87.9 70.9 72.0 1214.1760 0:20:14 8349.83 98414.49 7845.50 7975.37 1.99 5.13 143.25 1740.82

homfam rnasemam 498 6 120.072 141 42.2 93.0 89.9 70.1 82.6 454.8271 0:07:34 8111.26 101430.33 7611.05 7730.23 1.99 1.23 94.64 431.89

homfam adh 21331 5 123.64 375 63.9 45.7 60.1 5.9 5.9 1954.8467 0:32:34 9038.93 99223.09 8534.46 8652.90 37.98 18.88 150.00 2933.64

homfam il8 1073 11 63.7623 81 34.5 91.5 90.9 70.1 80.0 377.5619 0:06:17 8109.57 104455.84 7605.20 7735.28 1.99 1.11 106.41 403.25

homfam hr 3707 5 65.1513 82 53.3 100.0 100.0 100.0 100.0 639.5527 0:10:39 8145.55 98316.74 7641.52 7784.20 25.99 3.93 107.25 688.56

homfam ChtBD 774 5 38.2713 45 59.3 98.3 98.1 93.0 94.7 332.9486 0:05:32 8072.00 98174.55 7643.32 7788.68 1.99 0.96 90.75 303.64

homfam gluts 10099 14 98.1117 235 39.4 66.8 74.3 33.9 37.2 1760.3086 0:29:20 8697.74 100343.64 8193.59 8323.25 1.98 8.13 149.60 2642.22

homfam ghf5 2717 6 260.466 470 17.8 45.3 64.0 0.8 0.4 2045.8382 0:34:05 9316.64 101236.88 8811.92 8941.84 1.99 4.48 155.59 3188.85

homfam ghf13 12607 10 264.452 626 26.8 29.2 44.3 0.2 0.0 6629.7081 1:50:29 10065.15 101845.55 9699.43 9810.66 5.99 16.41 168.40 11174.62

homfam PDZ 14950 6 80.8907 110 30.6 85.6 86.9 67.7 68.7 1074.4896 0:17:54 8976.72 98974.14 8546.90 8657.99 4.00 0.02 118.98 8.72

homfam az 1086 29 100.416 215 33.4 66.4 72.1 17.9 0.7 539.9983 0:08:59 8115.95 98035.68 7711.98 7859.95 1.99 1.38 103.81 562.06

homfam hla 13465 5 153.148 178 76.5 100.0 100.0 100.0 100.0 1333.3507 0:22:13 8750.75 99241.14 8246.70 8364.86 1.99 13.50 130.72 1744.75

homfam slectin 932 5 133.052 142 33.3 92.7 92.6 81.8 85.9 778.3825 0:12:58 8593.85 100152.87 8089.26 8246.99 1.99 1.65 114.58 894.37

homfam GEL 2195 5 78.1157 150 23.7 32.7 51.6 5.5 5.3 588.4504 0:09:48 8438.37 104491.90 7934.66 8082.45 1.99 1.91 121.63 717.52

homfam kringle 1091 9 75.9138 100 43.3 95.3 94.0 78.7 84.4 418.1230 0:06:58 8474.92 98709.96 8108.58 8275.57 1.99 1.53 104.76 439.60

homfam p450 21013 12 331.506 512 20.8 83.0 82.3 47.5 59.8 10001.2288 2:46:41 11036.67 103155.54 10532.27 10712.59 1.98 111.40 160.90 16093.31

homfam gpdh 7691 8 129.082 360 55.1 71.9 75.7 55.9 55.8 1622.9045 0:27:02 8537.88 98651.15 8033.39 8151.53 0.00 0.02 143.98 12.91

homfam int 7572 5 168.037 219 22.5 90.8 90.8 74.8 81.0 1728.3129 0:28:48 9119.89 100139.64 8615.34 8744.83 1.98 8.25 147.43 2548.20

homfam KAS 2070 6 174.528 404 31.7 69.4 76.2 50.8 51.2 1148.3268 0:19:08 8587.73 98591.59 8093.99 8223.85 1.99 2.77 136.53 1569.17

homfam trfl 837 7 242.315 702 61.9 94.1 94.6 86.4 84.4 2165.6919 0:36:05 8908.53 98980.16 8390.11 8519.83 0.00 0.02 156.77 14.97

homfam TNF 556 5 119.903 176 32.0 52.5 77.1 3.2 0.4 419.2906 0:06:59 8071.89 98227.48 7573.96 7726.45 1.99 1.02 109.52 460.80

homfam scorptoxin 363 8 53.2562 74 46.3 90.9 90.3 76.7 83.3 331.9666 0:05:31 8114.86 98281.06 7617.10 7757.63 1.99 0.81 89.37 298.20

homfam aldosered 13277 7 268.547 386 41.6 92.3 92.5 74.5 80.3 4988.3392 1:23:08 9971.52 102164.35 9466.78 9596.33 57.98 18.30 161.42 8062.87

homfam rrm 27610 20 67.4587 157 22.9 80.2 83.4 3.6 0.0 1204.1243 0:20:04 8778.94 99059.79 8275.53 8428.17 5.98 30.16 133.46 1608.60

