homfam ricin 747 7 198.708 281 37.5 89.1 90.0 72.2 79.8 636.8970 0:10:36 7991.17 102919.05 7557.31 7721.10 1.99 1.35 149.47 956.72
homfam ghf10 1502 5 220.34 364 43.3 93.4 93.2 80.8 86.9 1929.9121 0:32:09 7980.74 103187.59 7662.41 7756.74 1.99 2.43 156.07 3021.32
homfam seatoxin 93 5 43.6344 54 42.6 66.7 64.1 8.2 9.3 174.5245 0:02:54 7995.04 101958.44 7541.80 7705.36 1.99 0.64 122.40 215.15
homfam mofe 2567 6 353.074 609 30.0 83.5 85.2 66.0 71.6 4308.5689 1:11:48 8003.00 103274.23 7560.25 7769.04 2.20 4.24 163.05 7030.11
homfam cyt3 385 6 92.3065 130 40.3 77.5 79.6 58.5 66.4 245.6647 0:04:05 7944.22 99912.12 7556.82 7696.63 1.99 1.21 124.30 306.88
homfam ins 793 6 65.2825 74 44.9 93.9 94.6 69.6 92.1 433.4676 0:07:13 7977.28 102919.58 7542.01 7658.96 1.99 1.14 142.02 623.19
homfam Ald_Xan_dh_2 2589 6 109.304 885 31.8 83.2 83.4 64.1 72.0 2312.5677 0:38:32 7948.26 99913.18 7560.89 7677.92 1.99 2.65 162.27 3760.04
homfam tms 2118 5 264.245 357 45.9 96.4 95.9 85.6 92.2 2060.1869 0:34:20 7946.50 103176.59 7558.30 7664.11 1.99 3.60 159.28 3289.76
homfam phc 2957 12 98.4711 179 37.2 91.0 92.2 67.0 73.2 594.2217 0:09:54 8061.75 102919.18 7713.11 7807.26 1.99 2.66 147.17 884.34
homfam cytb 3206 6 82.1454 100 35.6 86.7 86.5 65.2 70.3 807.6261 0:13:27 7983.36 103191.18 7606.61 7746.89 1.99 2.68 158.01 1286.21
homfam mmp 1427 6 157.93 180 55.1 95.2 96.1 85.8 90.8 1030.7380 0:17:10 8031.48 99912.16 7579.61 7719.78 1.99 1.97 159.59 1650.52
homfam phoslip 946 18 113.33 137 48.9 94.1 93.7 72.8 82.7 361.3464 0:06:01 7862.94 102997.60 7588.81 7706.05 1.99 1.37 135.02 489.25
homfam HLH 6781 5 53.5453 92 28.1 88.9 92.9 65.5 77.1 692.2330 0:11:32 7993.97 103055.89 7630.40 7770.57 1.99 3.95 157.19 1088.21
homfam myb_DNA-binding 10398 5 46.5583 61 40.7 95.2 94.1 80.4 86.0 541.7127 0:09:01 8033.22 98415.55 7719.30 7859.56 1.98 5.95 132.14 725.49
homfam msb 4884 8 106.037 158 26.6 86.8 86.2 64.8 78.0 508.5952 0:08:28 7980.78 101959.14 7523.07 7686.02 1.98 4.45 134.06 689.88
homfam ghf1 4358 8 403.813 562 38.4 92.4 92.4 72.4 81.2 6248.9096 1:44:08 8138.71 103260.52 7681.84 7805.57 1.99 7.87 160.83 10057.06
homfam rvp 93681 6 94.2886 132 36.6 81.4 81.2 53.2 59.9 2010.3387 0:33:30 9402.88 100794.33 9213.30 9242.31 4.00 0.02 124.08 9.97
homfam lyase_1 7632 5 295.082 511 30.9 80.1 80.1 59.4 63.9 3528.2050 0:58:48 8052.57 103245.93 7766.31 7795.20 1.99 10.21 159.41 5625.35
homfam ldh 7367 14 121.378 371 31.9 90.7 90.2 60.5 72.4 1457.1805 0:24:17 7951.94 102920.30 7493.61 7610.89 1.99 7.42 155.51 2273.03
homfam subt 7517 11 301.598 414 39.5 79.6 80.8 33.7 45.5 9779.7638 2:42:59 8317.17 103252.65 7813.29 7931.57 5.98 12.23 170.36 16665.62
homfam sodfe 4455 8 77.4471 219 42.3 91.5 90.4 66.0 69.5 759.8267 0:12:39 8018.82 99910.24 7527.66 7736.47 1.99 3.32 151.73 1154.34
homfam LIM 6428 5 57.0143 86 52.8 97.9 97.9 87.8 95.8 374.4031 0:06:14 7989.50 102057.45 7499.39 7679.33 1.99 3.91 131.22 492.83
homfam blm 9105 8 300.727 274 39.1 74.3 77.3 41.9 43.6 5084.0436 1:24:44 8406.21 103151.32 7907.86 8067.55 1.98 13.21 161.98 8238.77
homfam DMRL_synthase 2099 5 140.59 182 33.2 92.6 89.9 74.6 83.3 461.8351 0:07:41 8009.28 101959.78 7573.80 7784.83 1.99 2.59 136.10 629.93
homfam tRNA-synt_2b 11293 5 177.564 467 18.7 52.9 51.5 25.3 35.6 3066.6940 0:51:06 8032.44 103226.92 7639.75 7710.98 1.99 11.75 165.48 5081.54
homfam Stap_Strp_toxin 640 6 87.3922 254 32.5 79.3 78.7 47.7 53.6 577.0341 0:09:37 7994.50 101962.51 7538.08 7643.86 1.99 0.98 153.56 887.52
homfam Acetyltransf 46285 6 82.9897 229 24.1 63.8 62.6 31.7 43.1 3428.4483 0:57:08 8601.71 103203.11 8097.71 8331.72 1.96 34.02 172.23 5913.81
homfam ghf22 760 12 107.567 131 51.4 94.4 94.6 83.8 87.2 316.4543 0:05:16 8011.15 102607.02 7558.12 7675.28 1.99 1.47 127.41 404.69
homfam sdr 50157 13 163.253 361 23.3 76.5 77.1 35.3 45.8 4231.4658 1:10:31 9569.05 103288.02 9132.82 9302.32 5.32 54.23 150.27 6349.40
homfam ltn 1068 12 204.148 282 49.9 91.9 92.4 68.0 76.9 957.1254 0:15:57 7947.74 99913.15 7491.32 7596.91 1.99 2.55 158.96 1522.86
homfam hpr 3349 5 83.0427 89 44.4 99.3 99.3 97.7 98.5 358.3425 0:05:58 8026.99 102918.20 7541.97 7704.84 1.99 2.59 137.91 495.64
homfam bowman 499 5 26.1443 73 64.9 92.2 92.2 77.1 75.6 202.6857 0:03:22 7984.55 102922.21 7540.82 7657.97 1.99 0.79 128.68 262.28
homfam hip 167 5 66.2096 88 33.4 87.0 86.0 64.3 76.3 193.0236 0:03:13 7993.01 102920.75 7536.92 7654.07 1.99 0.98 106.75 207.53
homfam HMG_box 4779 5 66.0716 89 24.8 97.3 96.2 85.2 93.9 383.0603 0:06:23 7980.29 103325.41 7592.16 7755.36 1.99 3.30 128.76 494.76
homfam icd 5678 5 328.887 433 41.7 92.8 93.4 80.7 84.3 4290.5323 1:11:30 7954.17 103140.12 7588.36 7686.41 1.99 8.61 157.45 6761.82
homfam peroxidase 4514 5 256.626 383 37.3 78.6 82.8 50.1 53.5 3610.9203 1:00:10 8067.87 103297.00 7576.65 7716.73 1.99 6.77 166.41 6008.34
homfam asp 3262 13 284.142 381 37.5 91.2 91.5 74.1 81.0 2806.3921 0:46:46 7999.29 103163.69 7697.29 7837.51 1.99 5.29 162.89 4577.94
homfam flav 4612 6 138.021 183 35.0 85.1 85.4 61.7 64.3 1042.0359 0:17:22 8012.67 102926.96 7557.37 7766.17 1.99 4.34 150.72 1579.47
homfam cah 1379 5 212.706 279 38.7 89.5 90.0 70.8 78.8 1031.0094 0:17:11 7998.24 101957.76 7558.23 7721.35 1.99 2.11 154.10 1591.50
homfam ace 3989 6 427.824 601 37.3 89.4 89.9 72.0 78.6 7617.6823 2:06:57 8482.83 103267.79 7978.97 8108.72 1.98 8.65 164.56 12536.69
homfam sti 613 5 165.383 198 36.4 88.5 87.9 70.1 77.4 372.9780 0:06:12 7996.03 102919.66 7542.88 7682.97 1.99 1.45 131.65 492.51
homfam aat 25100 10 337.807 476 28.6 82.5 83.0 48.1 53.3 8859.9740 2:27:39 9710.83 103169.47 9207.04 9346.03 1.98 36.23 156.35 13852.94
homfam oxidored_q6 3348 5 123.044 285 56.7 91.7 93.3 83.5 85.2 1049.8801 0:17:29 8011.95 102920.46 7555.93 7765.08 1.99 3.26 160.78 1696.83
homfam hormone_rec 3509 5 188.562 308 21.5 74.1 74.2 49.5 63.5 1357.5672 0:22:37 7954.18 99559.98 7565.02 7774.20 1.99 5.68 150.61 2052.45
homfam rhv 17976 6 143.424 938 33.1 40.5 48.9 0.0 0.0 15574.7777 4:19:34 7954.81 99741.47 7450.94 7580.64 5.99 15.55 157.89 24590.71
homfam tgfb 1606 8 95.4645 118 43.8 83.7 87.8 37.6 45.3 315.8146 0:05:15 7941.76 102922.17 7483.73 7646.98 1.99 1.55 126.51 401.08
homfam cryst 1160 7 80.8078 192 44.4 92.3 92.0 70.7 73.7 379.9738 0:06:19 7979.59 98916.21 7523.27 7628.86 1.99 1.30 134.09 510.96
homfam cyclo 6288 6 159.069 203 44.1 87.1 88.0 72.0 76.4 1584.0721 0:26:24 8063.52 103276.10 7702.53 7773.75 1.99 7.36 162.05 2575.42
homfam kunitz 2266 10 53.752 64 37.9 96.8 96.8 85.0 84.0 299.2924 0:04:59 7992.05 102938.80 7536.38 7680.43 1.99 2.26 119.54 359.23
homfam Rhodanese 14049 6 102.277 216 22.7 76.6 81.3 59.4 61.4 1576.9999 0:26:16 8008.82 101961.56 7570.04 7687.32 1.98 11.62 153.59 2430.29
homfam sodcu 2038 7 141.322 169 42.2 89.1 89.5 74.1 79.1 443.5595 0:07:23 7982.18 100574.00 7526.87 7737.49 1.99 2.67 144.82 645.14
homfam profilin 687 5 123.371 144 39.7 94.7 94.7 86.7 87.6 345.9091 0:05:45 8005.43 102923.43 7573.01 7713.18 1.99 1.21 131.92 457.84
homfam glob 3983 41 100.684 174 31.7 95.0 94.8 69.4 72.6 564.7116 0:09:24 7999.42 99912.11 7631.46 7725.89 1.99 3.39 128.64 735.63
homfam tim 3904 10 205.645 260 47.5 98.2 98.1 93.8 96.8 1814.3645 0:30:14 7949.69 103108.18 7559.99 7769.18 1.99 5.05 155.31 2819.26
homfam uce 4558 13 134.701 184 34.0 89.9 88.8 56.0 64.9 618.3644 0:10:18 7946.23 103217.65 7561.03 7769.84 1.99 4.27 144.36 899.96
homfam toxin 508 20 62.311 78 43.1 87.6 85.9 49.4 55.8 209.7444 0:03:29 7997.29 99910.42 7607.97 7724.93 1.99 1.17 123.60 260.69
homfam rub 1435 5 46.1575 54 62.1 98.4 98.4 92.6 93.5 247.2954 0:04:07 7994.15 103063.79 7548.91 7665.82 1.99 1.59 123.29 306.38
homfam hom 12037 8 53.4951 98 35.3 96.9 96.4 75.4 91.0 511.8303 0:08:31 8017.92 103160.74 7568.90 7777.75 1.99 6.54 134.01 693.07
homfam biotin_lipoyl 11833 7 71.8928 112 28.9 94.6 93.0 75.3 81.0 506.4520 0:08:26 7957.84 103053.39 7570.52 7779.44 1.99 7.79 138.26 704.51
homfam cys 4316 13 198.11 284 40.5 94.9 94.3 73.1 82.8 1506.4512 0:25:06 8011.95 103145.29 7554.53 7763.39 1.99 5.81 154.86 2335.33
homfam ghf11 521 5 167.758 202 49.5 92.2 92.1 79.7 81.0 487.2839 0:08:07 8070.48 102921.31 7571.42 7688.75 1.99 1.16 144.63 705.72
homfam blmb 17200 6 192.465 344 20.6 69.1 73.7 44.4 53.6 3749.7282 1:02:29 8275.41 103059.26 8002.82 8031.89 1.98 18.30 168.51 6324.84
homfam aadh 3127 8 225.129 542 38.2 86.4 87.9 53.5 59.2 2010.6397 0:33:30 7988.44 103159.16 7672.18 7812.45 1.99 4.32 154.40 3109.06
homfam DEATH 1183 7 80.5689 159 19.6 86.0 85.9 61.3 68.3 303.7001 0:05:03 7948.34 101958.55 7495.45 7659.10 1.99 1.66 134.37 409.47
homfam Sulfotransfer 2489 5 235.798 381 26.2 73.6 74.1 43.2 52.1 2737.6150 0:45:37 8014.83 99915.96 7524.79 7733.85 1.99 3.89 166.57 4568.46
homfam serpin 3144 8 291.462 418 34.3 95.2 94.4 81.2 88.4 2937.6141 0:48:57 8046.09 99912.35 7623.32 7786.41 1.99 4.81 159.33 4685.27
homfam proteasome 5732 17 174.347 309 21.7 82.4 80.5 33.1 49.5 1100.8452 0:18:20 7945.88 103202.47 7498.06 7708.85 1.99 6.01 149.84 1657.05
homfam zf-CCHH 88345 15 23.2513 39 35.5 97.5 96.8 88.6 93.0 1245.4867 0:20:45 8041.10 102093.20 7617.26 7826.46 1.96 41.90 123.06 1534.13
homfam egf 7774 12 32.0765 71 31.1 80.1 80.0 35.3 39.3 318.3479 0:05:18 7989.05 103118.70 7562.49 7702.90 1.98 4.40 121.82 389.37
homfam annexin 3139 6 65.1902 323 57.2 99.6 99.8 99.4 99.4 768.3228 0:12:48 8062.82 103033.64 7710.80 7805.12 1.99 2.35 154.34 1187.31
homfam OTCace 4795 5 157.005 350 37.3 95.2 95.4 84.6 88.0 1094.7859 0:18:14 8031.96 103204.84 7576.62 7785.53 1.99 6.88 150.14 1645.27
homfam rnasemam 498 6 120.072 141 42.2 93.3 90.5 70.1 82.4 280.1621 0:04:40 8021.93 97948.13 7676.47 7817.41 1.99 1.02 127.07 357.13
homfam adh 21331 5 123.64 375 63.9 96.4 97.0 90.7 91.1 2389.0985 0:39:49 7984.84 102425.34 7619.08 7784.00 41.98 18.77 154.76 3700.87
homfam il8 1073 11 63.7623 81 34.5 96.5 95.4 76.6 85.9 252.3960 0:04:12 8046.49 97900.20 7555.39 7661.16 1.99 1.42 121.63 308.66
homfam hr 3707 5 65.1513 82 53.3 99.1 99.1 94.9 99.1 362.8051 0:06:02 8027.64 98354.30 7525.02 7642.31 1.99 2.54 134.33 495.26
homfam ChtBD 774 5 38.2713 45 59.3 99.3 99.0 95.3 97.1 208.1607 0:03:28 8008.47 102920.07 7556.68 7703.61 1.99 1.30 124.18 260.07
homfam gluts 10099 14 98.1117 235 39.4 90.0 89.9 65.7 69.3 2138.9823 0:35:38 8019.90 99911.71 7561.69 7667.39 1.98 8.24 166.31 3564.47
homfam ghf5 2717 6 260.466 470 17.8 67.8 66.9 37.0 52.5 3036.0364 0:50:36 7951.68 103290.54 7496.32 7705.49 1.99 3.97 163.36 4968.27
homfam ghf13 12607 10 264.452 626 26.8 63.6 63.5 25.1 34.6 6498.1500 1:48:18 8619.03 100375.71 8116.30 8245.67 1.99 16.20 167.26 10877.37
homfam PDZ 14950 6 80.8907 110 30.6 89.7 89.4 77.8 80.3 921.7198 0:15:21 8022.20 99914.69 7723.72 7864.16 1.98 10.80 145.02 1345.09
homfam az 1086 29 100.416 215 33.4 76.7 76.8 44.0 48.6 407.2468 0:06:47 7992.04 101992.17 7533.82 7651.04 1.99 1.44 116.23 474.90
homfam hla 13465 5 153.148 178 76.5 100.0 100.0 100.0 100.0 976.8478 0:16:16 8071.22 103162.93 7568.26 7697.58 1.99 13.77 138.96 1358.87
homfam slectin 932 5 133.052 142 33.3 94.4 94.4 86.1 90.3 667.8916 0:11:07 7989.48 99913.13 7573.26 7713.41 1.99 1.34 150.87 1006.82
homfam GEL 2195 5 78.1157 150 23.7 68.6 69.4 40.4 56.0 431.0796 0:07:11 7991.80 99910.55 7673.63 7767.89 1.99 1.93 120.57 523.39
homfam kringle 1091 9 75.9138 100 43.3 92.4 91.2 74.2 80.1 288.4026 0:04:48 7944.37 99908.33 7558.80 7664.37 1.99 1.57 124.11 359.41
homfam p450 21013 12 331.506 512 20.8 74.5 74.4 37.3 46.3 9816.4805 2:43:36 10139.82 103253.88 9636.14 9765.94 1.98 32.91 158.56 15556.82
homfam gpdh 7691 8 129.082 360 55.1 96.5 96.3 88.5 91.7 1589.5473 0:26:29 8050.43 102989.66 7553.11 7658.95 1.99 8.00 149.41 2382.18
homfam int 7572 5 168.037 219 22.5 87.7 88.4 69.3 76.8 1635.0981 0:27:15 8033.65 102938.55 7555.65 7764.52 1.98 17.58 162.79 2661.41
homfam KAS 2070 6 174.528 404 31.7 79.1 83.7 53.5 61.6 898.7920 0:14:58 7950.83 102919.53 7494.16 7657.35 1.99 2.52 152.60 1377.07
homfam trfl 837 7 242.315 702 61.9 94.3 94.6 86.4 84.1 2348.3534 0:39:08 8010.26 102918.87 7555.29 7695.38 1.99 1.61 161.41 3796.58
homfam TNF 556 5 119.903 176 32.0 85.4 85.1 66.9 73.0 314.5239 0:05:14 7946.50 97777.92 7562.33 7702.54 1.99 1.03 127.76 403.36
homfam scorptoxin 363 8 53.2562 74 46.3 92.1 91.2 75.3 82.2 181.6103 0:03:01 8019.38 102997.56 7560.91 7666.59 1.99 1.07 116.45 213.16
homfam aldosered 13277 7 268.547 386 41.6 87.5 90.0 68.9 76.0 5154.3572 1:25:54 8441.48 103192.45 7936.59 8066.83 1.98 18.31 160.62 8278.96
homfam rrm 27610 20 67.4587 157 22.9 85.6 85.4 15.3 22.6 910.7915 0:15:10 8045.10 97877.57 7587.24 7704.29 1.98 17.91 138.04 1258.74
