homfam ricin 747 7 198.708 281 37.5 91.7 91.5 79.1 85.8 837.7614 0:13:57 8500.27 99891.48 7997.12 8115.75 1.99 1.62 118.86 998.59
homfam ghf10 1502 5 220.34 364 43.3 93.7 93.4 81.7 87.3 2038.2111 0:33:58 8439.43 103430.10 7922.21 8051.74 1.99 2.44 160.81 3285.84
homfam seatoxin 93 5 43.6344 54 42.6 85.9 87.1 61.2 63.0 383.0172 0:06:23 7954.03 97971.68 7493.69 7599.57 1.99 0.94 88.04 338.64
homfam mofe 2567 6 353.074 609 30.0 84.2 85.6 64.0 72.9 3235.6862 0:53:55 9707.76 101444.18 9204.95 9420.59 1.99 4.29 158.68 5143.58
homfam cyt3 385 6 92.3065 130 40.3 79.3 78.9 56.8 63.8 371.2869 0:06:11 7978.05 99393.45 7519.86 7637.08 1.99 0.90 102.27 388.45
homfam ins 793 6 65.2825 74 44.9 88.6 88.9 60.9 86.1 559.7785 0:09:19 7987.51 99837.60 7621.82 7736.04 1.99 1.36 122.62 697.00
homfam Ald_Xan_dh_2 2589 6 109.304 885 31.8 83.8 83.9 64.9 72.8 3074.1625 0:51:14 7956.27 100022.25 7893.20 7919.84 1.99 2.56 166.97 5141.75
homfam tms 2118 5 264.245 357 45.9 96.1 96.2 86.3 91.8 1996.7925 0:33:16 8957.41 101030.33 8454.52 8632.54 1.99 3.28 151.81 3041.37
homfam phc 2957 12 98.4711 179 37.2 93.0 93.3 75.4 80.6 1493.9487 0:24:53 8147.60 100149.73 7644.51 7796.69 1.99 3.00 162.83 2440.77
homfam cytb 3206 6 82.1454 100 35.6 89.3 89.3 69.6 78.4 1205.1360 0:20:05 8006.79 99923.83 7549.92 7698.40 49.99 2.97 136.00 1649.80
homfam mmp 1427 6 157.93 180 55.1 95.8 97.1 87.0 92.1 1048.5748 0:17:28 8243.79 100224.77 7739.98 7869.79 1.99 2.20 147.04 1552.59
homfam phoslip 946 18 113.33 137 48.9 95.4 95.1 76.5 86.1 531.8152 0:08:51 8034.59 98152.82 7532.85 7669.27 0.00 0.02 99.26 4.56
homfam HLH 6781 5 53.5453 92 28.1 87.4 92.5 65.5 77.1 782.5010 0:13:02 8110.22 99936.59 8050.94 8077.60 1.99 4.31 147.73 1163.55
homfam myb_DNA-binding 10398 5 46.5583 61 40.7 96.8 95.6 83.9 90.0 701.5340 0:11:41 7963.10 99424.71 7597.51 7681.04 1.98 6.21 117.13 828.97
homfam msb 4884 8 106.037 158 26.6 87.6 89.2 60.0 73.2 713.7983 0:11:53 8204.95 100129.64 7701.29 7830.99 1.98 4.63 120.07 864.80
homfam ghf1 4358 8 403.813 562 38.4 91.9 92.0 70.8 79.2 5072.7803 1:24:32 9828.42 101792.86 9324.22 9442.19 1.99 7.73 162.79 8259.81
homfam rvp 93681 6 94.2886 132 36.6 87.6 87.0 66.7 75.1 2710.9181 0:45:10 9157.76 99149.95 8655.61 8812.15 16.00 0.72 143.46 3891.00
homfam lyase_1 7632 5 295.082 511 30.9 82.4 82.6 64.2 68.7 3574.1493 0:59:34 9301.82 100603.16 8798.05 8915.99 1.99 10.32 158.28 5666.00
homfam ldh 7367 14 121.378 371 31.9 88.9 88.4 58.4 69.8 1624.9015 0:27:04 8445.91 98503.01 7942.76 8071.85 1.99 11.33 147.15 2392.26
homfam subt 7517 11 301.598 414 39.5 76.2 82.7 27.3 36.5 10551.4814 2:55:51 9195.95 101107.16 9108.16 9134.56 0.00 0.02 176.94 72.10
homfam sodfe 4455 8 77.4471 219 42.3 90.5 89.6 66.0 69.5 925.0675 0:15:25 8016.25 98101.70 7512.17 7641.87 0.00 0.02 132.22 7.33
homfam LIM 6428 5 57.0143 86 52.8 97.3 97.3 86.6 94.2 606.5228 0:10:06 7983.15 98024.91 7522.61 7640.04 1.99 3.84 109.14 663.50
homfam blm 9105 8 300.727 274 39.1 81.4 91.7 39.3 40.8 6914.1066 1:55:14 9597.05 101558.61 9117.63 9272.55 9.98 13.17 171.19 11848.52
homfam DMRL_synthase 2099 5 140.59 182 33.2 91.9 89.1 73.4 82.5 721.5449 0:12:01 8347.20 99911.61 7841.22 7990.80 1.99 2.57 112.83 820.71
homfam tRNA-synt_2b 11293 5 177.564 467 18.7 49.1 49.0 23.5 32.9 3187.9177 0:53:07 8735.68 100597.19 8232.72 8384.55 1.99 12.04 165.50 5288.13
homfam Stap_Strp_toxin 640 6 87.3922 254 32.5 87.6 86.9 58.8 66.1 631.5019 0:10:31 8086.45 102157.61 7720.45 7803.93 1.99 0.87 125.89 799.54
homfam Acetyltransf 46285 6 82.9897 229 24.1 65.2 64.4 34.9 44.1 4213.9959 1:10:13 9186.70 100926.02 8821.40 8932.13 9.97 33.93 171.78 7248.51
homfam ghf22 760 12 107.567 131 51.4 93.7 93.9 80.8 84.4 387.5650 0:06:27 8091.73 98107.77 7726.46 7828.29 1.99 1.14 113.40 440.96
homfam sdr 50157 13 163.253 361 23.3 79.6 78.5 34.4 45.0 4060.1705 1:07:40 9172.75 101042.74 8668.91 8897.82 1.96 55.24 154.69 6286.12
homfam ltn 1068 12 204.148 282 49.9 93.9 94.3 70.8 79.6 1152.3431 0:19:12 8479.65 100543.16 7975.97 8137.71 1.99 2.14 142.32 1645.99
homfam hpr 3349 5 83.0427 89 44.4 99.3 99.3 97.7 98.5 510.8302 0:08:30 8051.89 98099.98 7686.85 7853.32 1.99 2.95 119.21 610.52
homfam bowman 499 5 26.1443 73 64.9 94.2 94.2 82.9 84.9 376.6888 0:06:16 7977.43 98001.90 7518.96 7636.21 1.99 1.00 78.66 297.73
homfam hip 167 5 66.2096 88 33.4 84.7 83.7 57.1 67.8 396.9599 0:06:36 7951.14 98017.24 7491.04 7608.32 1.99 0.93 88.16 351.44
homfam HMG_box 4779 5 66.0716 89 24.8 97.3 96.2 85.2 93.9 600.2375 0:10:00 7970.93 99344.62 7511.11 7628.37 1.99 3.58 106.91 648.41
homfam icd 5678 5 328.887 433 41.7 94.5 94.9 85.1 88.4 3502.6331 0:58:22 9396.62 101343.78 8893.56 9055.08 1.99 14.19 159.67 5590.91
homfam peroxidase 4514 5 256.626 383 37.3 80.9 81.7 55.0 59.5 3487.5650 0:58:07 8938.43 100965.85 8433.95 8563.40 1.99 14.10 168.80 5887.85
homfam asp 3262 13 284.142 381 37.5 91.0 91.2 71.7 78.7 2580.8760 0:43:00 9209.01 101156.00 8705.11 8850.24 1.99 5.73 157.82 4082.24
homfam flav 4612 6 138.021 183 35.0 86.4 86.7 62.3 63.7 1231.3494 0:20:31 8136.59 100007.96 7632.26 7750.65 1.99 4.62 134.60 1666.79
homfam cah 1379 5 212.706 279 38.7 90.8 91.0 74.9 80.0 1153.5785 0:19:13 8580.19 100077.82 8076.37 8194.07 117.99 2.38 143.47 1665.12
homfam ace 3989 6 427.824 601 37.3 83.7 85.0 64.2 70.4 8169.3121 2:16:09 10530.03 102304.16 10026.01 10155.48 1.98 8.59 170.77 13957.40
homfam sti 613 5 165.383 198 36.4 88.7 88.3 70.7 77.4 601.5029 0:10:01 8495.90 98616.23 7991.64 8122.15 1.99 1.34 84.68 510.96
homfam aat 25100 10 337.807 476 28.6 70.4 71.0 28.6 33.0 8787.8918 2:26:27 9916.21 101944.25 9413.38 9592.81 1.98 36.02 164.70 14476.02
homfam oxidored_q6 3348 5 123.044 285 56.7 94.3 94.3 89.1 90.6 1225.2544 0:20:25 8265.34 100232.53 7761.32 7891.09 1.99 3.20 143.18 1757.59
homfam hormone_rec 3509 5 188.562 308 21.5 72.3 74.4 49.5 63.5 1530.9625 0:25:30 8602.54 100621.17 8098.84 8228.35 1.99 4.05 153.69 2361.90
homfam rhv 17976 6 143.424 938 33.1 38.4 54.3 3.3 2.7 13931.8654 3:52:11 8366.76 100418.12 7864.30 8082.77 1.99 15.52 165.73 23098.06
homfam tgfb 1606 8 95.4645 118 43.8 85.4 87.9 43.6 47.1 537.7589 0:08:57 8030.78 98074.31 7546.54 7688.10 1.99 1.85 106.62 577.09
homfam cryst 1160 7 80.8078 192 44.4 94.1 93.8 77.3 80.3 574.7236 0:09:34 8074.29 98210.01 7571.87 7733.48 1.99 1.62 99.24 571.75
homfam cyclo 6288 6 159.069 203 44.1 87.5 88.5 73.0 77.8 1827.2141 0:30:27 8497.04 100443.31 7993.43 8145.78 1.99 7.84 160.62 2938.19
homfam kunitz 2266 10 53.752 64 37.9 98.9 98.9 95.0 94.7 441.3245 0:07:21 7935.19 97970.15 7476.67 7593.89 0.00 0.02 108.12 4.06
homfam Rhodanese 14049 6 102.277 216 22.7 60.0 65.8 34.4 33.9 2146.6836 0:35:46 8258.30 100181.99 7754.20 7885.22 1.98 11.20 153.23 3302.00
homfam sodcu 2038 7 141.322 169 42.2 91.0 91.4 77.1 81.0 753.8865 0:12:33 8317.73 99647.57 7813.66 7960.81 1.99 2.32 121.52 918.11
homfam profilin 687 5 123.371 144 39.7 94.6 94.7 88.3 89.2 560.0793 0:09:20 8148.11 98242.11 7644.05 7762.16 1.99 1.38 86.16 484.02
homfam glob 3983 41 100.684 174 31.7 96.0 95.7 70.6 73.6 750.6292 0:12:30 8230.13 100074.08 7725.90 7844.25 1.99 3.94 112.22 849.42
homfam tim 3904 10 205.645 260 47.5 97.7 97.8 91.5 94.6 1957.6487 0:32:37 8562.44 100478.50 8197.69 8308.68 1.99 5.33 142.25 2793.48
homfam uce 4558 13 134.701 184 34.0 89.3 90.3 62.0 70.2 1284.2103 0:21:24 8381.83 100299.52 7915.02 8036.61 1.99 4.70 148.79 1920.58
homfam toxin 508 20 62.311 78 43.1 93.0 91.1 63.6 73.2 345.3116 0:05:45 8022.74 98101.48 7560.16 7701.07 1.99 1.11 81.67 283.58
homfam rub 1435 5 46.1575 54 62.1 99.2 99.2 96.3 96.7 340.1662 0:05:40 7939.88 97970.92 7479.83 7585.51 1.99 1.52 90.06 307.87
homfam hom 12037 8 53.4951 98 35.3 94.1 94.0 65.2 81.1 692.9563 0:11:32 7947.28 99444.72 7560.78 7663.77 1.99 6.89 124.41 870.09
homfam biotin_lipoyl 11833 7 71.8928 112 28.9 95.4 95.7 81.2 82.5 857.1201 0:14:17 8154.01 98214.75 7650.16 7790.04 1.99 8.09 117.33 1007.08
homfam cys 4316 13 198.11 284 40.5 94.3 93.7 66.0 78.8 1687.8847 0:28:07 8841.70 100594.79 8337.59 8490.22 1.99 6.37 155.18 2625.07
homfam ghf11 521 5 167.758 202 49.5 96.1 95.9 89.6 90.6 638.4349 0:10:38 8410.56 98570.06 7907.35 8079.11 1.99 1.45 117.62 752.37
homfam blmb 17200 6 192.465 344 20.6 66.9 71.6 38.2 48.9 6020.9411 1:40:20 8821.20 100735.04 8455.77 8566.32 1.98 19.21 177.79 10714.31
homfam aadh 3127 8 225.129 542 38.2 85.7 88.1 50.3 56.4 2008.0313 0:33:28 8691.86 100553.54 8187.94 8306.32 1.99 4.50 150.34 3027.17
homfam DEATH 1183 7 80.5689 159 19.6 72.8 74.1 36.3 49.3 518.7146 0:08:38 8012.90 98050.45 7508.09 7625.25 1.99 1.59 98.91 514.57
homfam Sulfotransfer 2489 5 235.798 381 26.2 63.2 75.8 37.2 43.3 3142.2224 0:52:22 8723.47 100657.05 8219.59 8388.13 1.99 4.14 168.30 5298.55
homfam serpin 3144 8 291.462 418 34.3 96.0 95.2 83.9 90.3 2878.3466 0:47:58 9626.36 101384.35 9122.64 9240.61 0.00 0.02 161.76 18.96
homfam proteasome 5732 17 174.347 309 21.7 83.2 82.8 31.0 46.5 1404.3434 0:23:24 8426.89 99896.70 7922.99 8124.23 1.99 5.66 147.30 2077.40
homfam zf-CCHH 88345 15 23.2513 39 35.5 96.5 95.9 88.6 93.0 1511.3855 0:25:11 8083.07 98114.53 7836.59 7870.87 29.94 42.41 127.29 1926.44
homfam egf 7774 12 32.0765 71 31.1 76.6 77.0 33.8 41.8 617.4890 0:10:17 7848.99 97870.27 7429.89 7547.06 1.98 4.51 102.52 634.62
homfam annexin 3139 6 65.1902 323 57.2 100.0 100.0 100.0 100.0 1165.5925 0:19:25 8263.43 98269.34 7856.33 8022.09 0.00 0.02 135.49 8.73
homfam OTCace 4795 5 157.005 350 37.3 96.9 97.0 90.8 93.3 1224.5840 0:20:24 8401.48 99646.98 7897.29 8054.79 1.99 5.21 139.19 1709.56
homfam rnasemam 498 6 120.072 141 42.2 92.3 89.8 70.1 81.7 439.5348 0:07:19 7962.03 98018.11 7667.88 7739.04 0.00 0.02 95.24 4.21
homfam adh 21331 5 123.64 375 63.9 95.2 95.6 89.3 89.6 3299.9755 0:54:59 8340.35 100243.79 7836.21 7966.08 1.98 40.06 170.61 5631.59
homfam il8 1073 11 63.7623 81 34.5 92.2 91.7 70.1 80.0 362.7987 0:06:02 7985.91 98081.18 7525.95 7643.15 1.99 1.34 105.26 383.33
homfam hr 3707 5 65.1513 82 53.3 99.1 99.1 94.9 99.1 645.6666 0:10:45 8008.57 99944.90 7504.93 7634.32 25.99 2.85 109.58 715.47
homfam ChtBD 774 5 38.2713 45 59.3 99.3 99.0 95.3 97.1 333.2615 0:05:33 7925.07 97968.95 7464.62 7581.90 1.99 1.23 90.72 303.86
homfam gluts 10099 14 98.1117 235 39.4 90.3 91.0 65.7 70.2 2638.8004 0:43:58 8279.12 100214.16 7775.09 7927.33 1.98 8.29 164.35 4347.05
homfam ghf5 2717 6 260.466 470 17.8 63.5 64.4 33.2 46.5 3133.1410 0:52:13 8886.42 100797.30 8826.97 8853.63 13.99 4.10 168.48 5288.36
homfam ghf13 12607 10 264.452 626 26.8 64.3 65.4 28.0 37.4 7787.9766 2:09:47 9597.05 101454.61 9093.13 9211.35 5.99 15.84 176.11 13723.61
homfam PDZ 14950 6 80.8907 110 30.6 81.6 83.6 67.7 69.7 1276.4404 0:21:16 8239.16 100212.89 7856.80 7967.69 1.98 13.01 146.24 1875.72
homfam az 1086 29 100.416 215 33.4 76.9 77.4 39.7 45.0 552.5603 0:09:12 8016.09 99491.21 7513.44 7670.34 1.99 1.35 98.98 553.20
homfam hla 13465 5 153.148 178 76.5 100.0 100.0 100.0 100.0 1288.7269 0:21:28 8762.40 98821.91 8258.79 8415.92 0.00 0.02 132.55 10.42
homfam slectin 932 5 133.052 142 33.3 94.4 94.2 85.4 89.2 817.9171 0:13:37 8158.99 100083.96 7656.04 7773.79 1.99 1.38 109.84 906.76
homfam GEL 2195 5 78.1157 150 23.7 69.8 70.2 41.1 56.1 637.3188 0:10:37 8062.03 99487.80 7559.14 7738.69 1.99 2.23 119.75 774.91
homfam kringle 1091 9 75.9138 100 43.3 96.1 95.1 80.9 85.7 411.8046 0:06:51 8005.79 98033.95 7544.07 7684.03 0.00 0.02 103.58 4.40
homfam p450 21013 12 331.506 512 20.8 75.7 76.8 36.3 45.0 11439.0631 3:10:39 10320.02 102237.08 9816.02 9945.77 5.98 32.88 164.05 18773.76
homfam gpdh 7691 8 129.082 360 55.1 96.2 96.1 86.3 91.0 1691.2529 0:28:11 8570.88 100331.73 8066.86 8184.85 1.99 8.17 146.19 2461.08
homfam int 7572 5 168.037 219 22.5 82.5 84.2 59.9 66.0 2297.8701 0:38:17 8606.02 100379.13 8102.30 8231.51 1.98 8.35 158.75 3658.26
homfam KAS 2070 6 174.528 404 31.7 84.2 84.2 66.5 72.5 1113.3733 0:18:33 8716.18 98950.47 8212.39 8361.81 1.99 2.53 142.26 1585.53
homfam trfl 837 7 242.315 702 61.9 94.3 94.8 87.0 86.9 2000.0717 0:33:20 8936.99 100654.41 8491.86 8630.52 1.99 1.55 155.64 3121.62
homfam TNF 556 5 119.903 176 32.0 84.2 83.4 69.4 73.3 394.2638 0:06:34 8088.58 98227.66 7667.92 7793.63 1.99 1.23 106.34 420.75
homfam scorptoxin 363 8 53.2562 74 46.3 87.2 86.5 65.8 71.4 344.3043 0:05:44 7909.05 98033.88 7449.92 7613.35 1.99 0.98 80.64 279.14
homfam aldosered 13277 7 268.547 386 41.6 87.8 89.9 71.1 77.5 4616.0121 1:16:56 9249.62 103448.25 8746.11 8863.60 317.98 18.18 164.59 7606.21
homfam rrm 27610 20 67.4587 157 22.9 84.0 81.9 17.1 22.7 1200.7595 0:20:00 8204.68 98274.07 7700.42 7822.23 149.98 28.92 142.78 1717.09
