homfam ricin 747 7 198.708 281 37.5 87.2 88.1 68.9 76.8 368.2576 0:06:08 15183.91 105105.49 14774.68 14983.63 1.99 1.38 137.54 514.51
homfam ghf10 1502 5 220.34 364 43.3 92.1 92.0 79.6 85.4 619.6467 0:10:19 15158.08 105045.55 14762.80 14903.33 1.99 2.52 137.50 855.96
homfam seatoxin 93 5 43.6344 54 42.6 67.1 65.3 18.4 15.5 159.5947 0:02:39 15168.82 105081.39 14933.55 15077.51 1.99 0.64 108.72 175.01
homfam mofe 2567 6 353.074 609 30.0 82.4 83.1 62.6 70.7 2150.9782 0:35:50 15050.42 104948.62 14636.03 14742.36 1.99 4.54 157.47 3394.73
homfam cyt3 385 6 92.3065 130 40.3 80.0 81.0 59.3 67.4 178.9948 0:02:58 15078.50 104906.42 14744.36 14954.38 1.99 0.88 122.37 220.49
homfam ins 793 6 65.2825 74 44.9 86.8 89.0 60.9 84.2 294.0698 0:04:54 15075.42 105020.54 14767.07 14907.49 1.99 1.07 136.85 411.71
homfam Ald_Xan_dh_2 2589 6 109.304 885 31.8 81.8 81.9 61.1 69.2 1481.7383 0:24:41 14564.76 104409.33 14167.43 14308.04 1.99 2.67 162.51 2417.06
homfam tms 2118 5 264.245 357 45.9 96.6 96.2 86.0 92.6 890.9782 0:14:50 15154.24 105032.60 14653.64 14863.38 1.99 3.32 155.24 1384.51
homfam phc 2957 12 98.4711 179 37.2 94.0 95.2 78.2 79.6 362.7854 0:06:02 15121.27 104984.73 14772.11 14912.52 1.99 4.50 125.81 464.29
homfam cytb 3206 6 82.1454 100 35.6 91.2 91.5 72.8 81.0 576.4262 0:09:36 15059.05 104883.74 14794.71 14935.08 1.99 2.67 159.31 925.24
homfam mmp 1427 6 157.93 180 55.1 95.8 96.4 86.4 92.1 578.3799 0:09:38 15057.90 104882.54 14634.71 14844.38 1.99 1.99 147.56 857.06
homfam phoslip 946 18 113.33 137 48.9 93.6 93.3 70.6 80.1 219.7915 0:03:39 14080.99 103969.55 13602.99 13811.72 1.99 1.26 116.64 257.89
homfam HLH 6781 5 53.5453 92 28.1 89.0 91.2 70.2 77.7 437.3725 0:07:17 15074.82 104987.11 14707.45 14917.20 1.99 3.95 144.68 640.95
homfam myb_DNA-binding 10398 5 46.5583 61 40.7 94.6 94.2 80.4 86.0 330.7646 0:05:30 15078.78 104990.33 14710.48 14920.11 1.98 5.88 126.77 427.02
homfam msb 4884 8 106.037 158 26.6 85.4 87.7 60.0 72.5 377.1464 0:06:17 15122.81 105034.83 14746.36 14956.09 1.98 4.39 107.29 411.26
homfam ghf1 4358 8 403.813 562 38.4 92.8 92.9 73.0 80.7 1989.1260 0:33:09 12559.63 103304.46 12218.34 12312.78 1.99 7.93 146.24 2911.28
homfam rvp 93681 6 94.2886 132 36.6 83.3 82.4 55.9 62.9 1637.1294 0:27:17 7705.25 103705.40 7200.83 7334.57 1.99 58.71 92.19 1508.18
homfam lyase_1 7632 5 295.082 511 30.9 85.8 85.7 70.0 74.7 1601.0791 0:26:41 7417.28 103223.19 7339.21 7368.23 1.99 10.30 138.67 2222.35
homfam ldh 7367 14 121.378 371 31.9 89.2 89.0 60.8 70.5 724.2054 0:12:04 15063.16 104888.14 14639.32 14756.96 1.99 7.39 137.71 1002.98
homfam subt 7517 11 301.598 414 39.5 79.9 81.7 35.5 46.7 5401.3946 1:30:01 13699.44 103539.36 13209.02 13326.58 1.98 12.48 175.22 9470.79
homfam sodfe 4455 8 77.4471 219 42.3 91.1 90.5 65.6 69.1 471.6169 0:07:51 15074.04 104985.84 14673.36 14882.98 1.99 4.67 147.78 698.45
homfam LIM 6428 5 57.0143 86 52.8 98.5 98.5 90.2 98.4 248.4592 0:04:08 14514.29 104410.38 14170.45 14310.68 1.99 3.95 114.41 285.72
homfam blm 9105 8 300.727 274 39.1 74.1 77.1 42.3 44.0 2539.1668 0:42:19 13419.06 103314.64 13051.43 13191.88 1.98 13.12 152.65 3882.05
homfam DMRL_synthase 2099 5 140.59 182 33.2 92.0 89.6 74.6 83.3 285.6898 0:04:45 15075.04 104983.61 14842.45 14982.80 1.99 2.22 117.73 337.80
homfam tRNA-synt_2b 11293 5 177.564 467 18.7 50.7 48.8 25.0 35.2 1886.0675 0:31:26 13141.05 103248.01 12662.85 12871.78 1.99 11.62 164.07 3102.08
homfam Stap_Strp_toxin 640 6 87.3922 254 32.5 83.6 83.1 52.7 60.1 282.4768 0:04:42 15185.91 105106.47 14908.92 15049.40 1.99 0.95 132.16 374.85
homfam Acetyltransf 46285 6 82.9897 229 24.1 64.9 63.4 34.4 44.0 3033.6056 0:50:33 15107.46 105086.70 14722.68 14840.14 20.00 0.81 152.46 4625.57
homfam ghf22 760 12 107.567 131 51.4 94.0 94.4 80.8 84.4 203.3194 0:03:23 15129.16 104982.49 14824.64 14965.00 1.99 1.11 128.45 262.63
homfam sdr 50157 13 163.253 361 23.3 74.5 77.2 28.1 38.0 2474.3003 0:41:14 8231.72 103296.60 7726.94 7961.17 1.96 55.54 126.75 3126.25
homfam ltn 1068 12 204.148 282 49.9 92.6 93.2 71.1 79.4 438.5223 0:07:18 15092.82 105006.50 14727.52 14937.14 1.99 1.81 135.64 596.22
homfam hpr 3349 5 83.0427 89 44.4 99.3 99.3 97.7 98.5 245.3061 0:04:05 15070.83 104983.75 14693.33 14902.26 1.99 2.55 120.01 295.76
homfam bowman 499 5 26.1443 73 64.9 94.5 94.5 82.9 84.9 141.6763 0:02:21 14989.50 104832.40 14591.66 14732.28 1.99 0.77 120.77 172.55
homfam hip 167 5 66.2096 88 33.4 82.8 81.8 54.8 64.8 171.0231 0:02:51 14914.75 104755.23 14374.20 14583.29 1.99 0.73 130.28 224.24
homfam HMG_box 4779 5 66.0716 89 24.8 93.9 93.9 77.8 85.4 239.2716 0:03:59 15064.12 104910.84 14656.54 14866.62 1.99 3.31 117.15 281.74
homfam icd 5678 5 328.887 433 41.7 94.2 94.5 84.8 87.9 1713.0301 0:28:33 14553.18 104436.53 14196.40 14267.58 1.99 8.38 143.77 2468.35
homfam peroxidase 4514 5 256.626 383 37.3 80.6 83.0 56.4 59.6 2323.5234 0:38:43 14492.48 104385.39 13982.46 14099.48 1.99 8.53 171.04 3980.70
homfam asp 3262 13 284.142 381 37.5 91.8 91.9 75.1 81.6 1430.5337 0:23:50 12658.23 103198.99 12180.55 12389.21 1.99 5.42 152.16 2184.45
homfam flav 4612 6 138.021 183 35.0 82.5 82.7 48.6 56.1 589.9221 0:09:49 15074.51 104984.85 15040.74 15069.73 1.99 4.28 138.46 824.36
homfam cah 1379 5 212.706 279 38.7 87.7 88.3 67.5 75.9 493.2017 0:08:13 15033.65 104882.57 14815.88 14956.27 1.99 4.09 137.81 680.70
homfam ace 3989 6 427.824 601 37.3 83.8 85.9 63.1 69.4 3046.4525 0:50:46 14760.48 104586.82 14419.50 14490.77 1.98 8.49 153.67 4686.59
homfam sti 613 5 165.383 198 36.4 87.7 87.6 66.3 74.1 242.5566 0:04:02 15092.47 105006.46 14708.15 14917.17 1.99 1.11 126.00 307.17
homfam aat 25100 10 337.807 476 28.6 86.3 86.5 58.1 65.4 4318.2491 1:11:58 10006.85 103023.33 9503.07 9642.92 1.98 35.72 134.29 5801.17
homfam oxidored_q6 3348 5 123.044 285 56.7 89.9 92.4 81.2 82.9 647.6045 0:10:47 15073.74 104984.77 14815.74 14956.13 1.99 3.27 153.16 999.87
homfam hormone_rec 3509 5 188.562 308 21.5 75.4 76.2 52.3 66.7 740.1998 0:12:20 15059.80 104883.77 14797.30 14937.63 1.99 3.76 136.77 1017.36
homfam rhv 17976 6 143.424 938 33.1 69.4 68.2 39.9 49.9 6393.3309 1:46:33 15084.46 104998.14 14679.52 14888.45 1.99 15.27 153.96 9848.61
homfam tgfb 1606 8 95.4645 118 43.8 82.7 86.3 34.2 43.0 205.0271 0:03:25 15087.46 105006.56 14820.09 14960.44 1.99 1.54 123.39 254.40
homfam cryst 1160 7 80.8078 192 44.4 91.6 91.5 71.3 73.7 226.0121 0:03:46 15069.09 105045.53 14841.06 14981.88 1.99 1.24 116.25 263.83
homfam cyclo 6288 6 159.069 203 44.1 88.0 88.7 73.5 77.1 1097.6551 0:18:17 7058.98 103117.95 6919.77 6946.91 1.99 7.89 155.96 1720.80
homfam kunitz 2266 10 53.752 64 37.9 98.9 98.9 95.0 94.7 185.3203 0:03:05 15221.36 105196.58 15231.91 15260.95 1.99 1.88 113.37 211.55
homfam Rhodanese 14049 6 102.277 216 22.7 69.4 77.2 44.3 49.4 1039.7656 0:17:19 7275.75 99913.20 6772.77 6919.49 1.98 11.55 150.53 1569.85
homfam sodcu 2038 7 141.322 169 42.2 89.5 90.1 75.3 79.2 319.6257 0:05:19 15070.91 104981.61 14705.03 14914.29 0.00 0.02 125.22 4.85
homfam profilin 687 5 123.371 144 39.7 92.7 92.7 83.6 84.3 239.7641 0:03:59 15093.18 105006.47 14865.93 15006.61 1.99 1.22 131.14 323.08
homfam glob 3983 41 100.684 174 31.7 95.2 95.0 64.7 67.6 328.4415 0:05:28 15088.43 104983.82 14743.68 14884.06 1.99 3.31 113.72 380.10
homfam tim 3904 10 205.645 260 47.5 96.9 97.0 89.6 93.7 833.4684 0:13:53 15087.09 104998.77 14674.21 14883.18 1.99 6.84 143.72 1205.82
homfam uce 4558 13 134.701 184 34.0 90.7 90.4 56.6 64.9 526.3741 0:08:46 15062.25 104983.84 14666.74 14875.54 1.99 7.82 132.17 694.40
homfam toxin 508 20 62.311 78 43.1 91.7 90.5 58.4 66.3 150.7407 0:02:30 15143.31 105055.46 14768.35 14977.35 1.99 0.83 113.91 173.19
homfam rub 1435 5 46.1575 54 62.1 96.7 96.7 87.0 88.2 152.5736 0:02:32 15094.68 105070.55 14729.50 14938.79 1.99 1.26 108.09 166.42
homfam hom 12037 8 53.4951 98 35.3 92.4 93.1 66.7 82.9 327.5977 0:05:27 15080.36 104990.73 14713.00 14922.71 1.99 8.20 121.97 405.57
homfam biotin_lipoyl 11833 7 71.8928 112 28.9 95.0 93.4 76.5 82.3 346.9736 0:05:46 15068.14 104992.75 14712.23 14921.95 1.99 7.77 111.41 388.06
homfam cys 4316 13 198.11 284 40.5 94.2 93.6 69.8 79.8 832.3702 0:13:52 15125.55 105036.79 14757.17 14966.17 1.99 7.97 139.96 1171.75
homfam ghf11 521 5 167.758 202 49.5 93.2 93.0 82.3 83.6 276.1618 0:04:36 15096.31 105006.44 14752.52 14961.41 1.99 1.13 131.33 364.17
homfam blmb 17200 6 192.465 344 20.6 69.4 74.7 39.6 50.3 2817.8326 0:46:57 12620.75 102992.77 12142.47 12351.39 1.98 18.80 164.17 4634.08
homfam aadh 3127 8 225.129 542 38.2 85.5 88.5 51.0 56.7 1078.5617 0:17:58 15034.47 104884.76 14681.12 14890.09 1.99 4.20 152.34 1651.85
homfam DEATH 1183 7 80.5689 159 19.6 81.4 83.1 60.5 67.5 207.3613 0:03:27 15082.32 104905.50 14657.02 14866.35 1.99 1.32 126.40 263.76
homfam Sulfotransfer 2489 5 235.798 381 26.2 78.5 79.7 53.4 62.9 1294.6366 0:21:34 12489.87 102920.22 12003.45 12212.16 1.99 3.92 154.50 2009.81
homfam serpin 3144 8 291.462 418 34.3 95.8 95.4 83.4 90.1 1446.2550 0:24:06 15048.86 104958.81 14744.65 14885.08 1.99 4.54 150.10 2179.79
homfam proteasome 5732 17 174.347 309 21.7 84.9 83.3 40.0 59.9 741.0704 0:12:21 15156.86 105052.04 14880.66 15021.09 1.99 5.71 131.40 981.12
homfam zf-CCHH 88345 15 23.2513 39 35.5 95.7 95.8 85.7 89.3 718.7727 0:11:58 9878.65 103247.95 9374.11 9583.76 5.93 42.22 114.68 825.81
homfam egf 7774 12 32.0765 71 31.1 76.7 81.6 35.3 44.3 220.3414 0:03:40 15073.78 104987.17 14815.84 14956.72 1.98 4.43 111.40 246.94
homfam annexin 3139 6 65.1902 323 57.2 99.4 99.8 99.1 99.0 510.2758 0:08:30 15045.66 104959.73 14669.26 14878.17 1.99 2.38 152.11 777.53
homfam OTCace 4795 5 157.005 350 37.3 95.8 96.5 88.1 90.8 666.7297 0:11:06 13534.70 103359.98 13030.23 13239.83 1.99 5.15 142.02 953.96
homfam rnasemam 498 6 120.072 141 42.2 93.9 90.8 70.9 82.3 194.7161 0:03:14 15067.70 104981.45 14701.92 14911.57 1.99 2.89 110.61 216.86
homfam adh 21331 5 123.64 375 63.9 98.6 98.6 95.7 96.2 1311.9984 0:21:51 12749.24 102998.07 12270.81 12387.84 1.98 18.65 137.05 1801.56
homfam il8 1073 11 63.7623 81 34.5 89.3 88.8 59.7 71.5 166.9533 0:02:46 15068.37 104981.50 15082.87 15111.84 1.99 1.08 98.18 165.94
homfam hr 3707 5 65.1513 82 53.3 97.9 98.6 92.4 97.4 258.0040 0:04:18 15072.88 104984.76 14843.13 14983.59 1.99 2.48 116.00 300.33
homfam ChtBD 774 5 38.2713 45 59.3 98.3 98.1 90.7 93.2 158.7422 0:02:38 15119.20 105031.48 14890.80 15031.56 1.99 0.97 106.25 170.07
homfam gluts 10099 14 98.1117 235 39.4 91.4 91.6 62.2 65.2 1203.6471 0:20:03 15077.32 104990.33 14670.99 14788.47 1.98 8.22 162.53 1961.64
homfam ghf5 2717 6 260.466 470 17.8 65.9 65.7 34.4 49.0 1327.4518 0:22:07 15060.16 104883.62 14639.70 14848.52 1.99 4.24 159.04 2118.48
homfam ghf13 12607 10 264.452 626 26.8 64.9 65.0 27.0 37.8 4326.5052 1:12:06 11417.89 103285.70 10939.32 11148.29 1.99 16.33 165.73 7175.10
homfam PDZ 14950 6 80.8907 110 30.6 86.7 86.6 68.7 70.4 659.8553 0:10:59 12992.84 102817.45 12488.39 12594.57 1.98 11.02 131.61 874.36
homfam az 1086 29 100.416 215 33.4 76.1 76.3 40.8 43.2 269.1179 0:04:29 15107.38 104956.47 14891.35 15031.63 1.99 1.36 118.38 324.63
homfam hla 13465 5 153.148 178 76.5 99.8 100.0 99.4 99.4 706.8876 0:11:46 13167.23 102991.48 12712.28 12921.91 1.99 13.57 106.62 755.21
homfam slectin 932 5 133.052 142 33.3 91.8 92.7 82.5 85.8 409.2302 0:06:49 15068.50 105046.48 14688.48 14898.42 1.99 1.39 121.98 506.57
homfam GEL 2195 5 78.1157 150 23.7 65.0 69.0 37.0 52.8 250.7369 0:04:10 15148.38 105122.59 14916.96 15057.46 1.99 1.91 121.60 314.90
homfam kringle 1091 9 75.9138 100 43.3 94.5 93.9 76.4 80.6 181.0948 0:03:01 15070.25 104981.52 15051.46 15080.52 1.99 1.23 117.96 215.15
homfam p450 21013 12 331.506 512 20.8 74.8 74.3 39.3 48.0 4954.1049 1:22:34 13110.64 103005.04 12658.93 12867.19 1.98 32.66 135.25 6701.34
homfam gpdh 7691 8 129.082 360 55.1 93.9 93.9 82.4 86.2 832.9444 0:13:52 15062.89 104888.14 14947.62 14976.63 1.99 12.69 148.56 1238.17
homfam int 7572 5 168.037 219 22.5 84.8 86.1 64.4 69.8 1094.5671 0:18:14 14412.87 104238.83 13934.91 14143.82 1.98 8.03 150.43 1654.37
homfam KAS 2070 6 174.528 404 31.7 86.8 86.5 70.0 75.2 650.5085 0:10:50 15082.88 104907.59 14703.60 14913.50 0.00 0.02 133.45 5.41
homfam trfl 837 7 242.315 702 61.9 93.2 94.3 81.7 85.2 1130.7863 0:18:50 15117.88 105095.47 14844.42 14984.80 1.99 1.62 159.40 1809.81
homfam TNF 556 5 119.903 176 32.0 80.9 82.0 65.0 71.2 213.9700 0:03:33 15114.30 105046.44 14701.99 14911.70 1.99 1.00 123.34 264.83
homfam scorptoxin 363 8 53.2562 74 46.3 91.1 90.2 72.6 79.8 142.5933 0:02:22 15068.50 105044.44 14701.64 14911.37 1.99 0.76 119.72 172.16
homfam aldosered 13277 7 268.547 386 41.6 86.7 89.2 68.3 75.4 2200.2827 0:36:40 11307.62 103223.18 10813.52 11023.11 1.98 17.76 143.38 3161.16
homfam rrm 27610 20 67.4587 157 22.9 85.6 84.7 21.6 30.6 560.8240 0:09:20 12761.26 102655.20 12252.39 12392.80 1.98 30.47 114.74 644.87
