homfam ricin 747 7 198.708 281 37.5 91.8 91.6 77.3 84.8 961.5339 0:16:01 8771.58 99915.19 8302.77 8454.70 1.99 1.35 127.84 1232.05
homfam ghf10 1502 5 220.34 364 43.3 93.6 93.2 80.8 86.8 2096.6736 0:34:56 9232.18 102855.63 8773.21 8883.72 1.99 2.79 153.00 3218.48
homfam seatoxin 93 5 43.6344 54 42.6 66.9 64.8 14.3 13.4 369.5641 0:06:09 8037.22 98134.50 7532.99 7652.15 1.99 0.92 92.33 342.69
homfam mofe 2567 6 353.074 609 30.0 84.9 87.4 69.2 75.5 3267.3561 0:54:27 10657.10 102188.83 10173.23 10345.55 1.99 4.11 168.49 5511.44
homfam cyt3 385 6 92.3065 130 40.3 79.4 78.7 55.1 63.4 415.3286 0:06:55 8293.49 98539.19 7789.04 7922.43 1.99 1.06 115.46 481.72
homfam ins 793 6 65.2825 74 44.9 92.9 93.6 68.1 92.0 717.7587 0:11:57 8494.79 100060.22 8162.30 8314.82 1.99 1.45 127.02 919.50
homfam Ald_Xan_dh_2 2589 6 109.304 885 31.8 82.2 82.2 62.4 70.1 3788.0476 1:03:08 8733.66 99776.66 8230.11 8409.91 12.00 3.08 162.21 6152.18
homfam tms 2118 5 264.245 357 45.9 95.4 95.2 83.2 89.7 2245.6315 0:37:25 9224.77 101013.79 8738.61 8856.91 1.99 3.56 162.55 3659.04
homfam phc 2957 12 98.4711 179 37.2 71.5 93.1 41.9 45.4 1206.4803 0:20:06 8662.99 100092.34 8226.24 8406.92 1.99 2.97 150.33 1821.23
homfam cytb 3206 6 82.1454 100 35.6 86.9 86.7 62.0 67.7 1348.0374 0:22:28 8246.47 100008.16 7714.55 7844.04 37.99 2.97 152.38 2065.90
homfam mmp 1427 6 157.93 180 55.1 95.8 96.2 87.0 92.1 1530.5571 0:25:30 8821.48 100331.53 8650.31 8676.97 1.99 2.30 147.28 2260.87
homfam phoslip 946 18 113.33 137 48.9 94.5 94.1 72.8 82.7 569.6603 0:09:29 8413.94 98762.23 8018.38 8137.09 1.99 1.37 121.73 697.89
homfam HLH 6781 5 53.5453 92 28.1 89.0 92.9 65.5 77.1 1131.8550 0:18:51 8450.85 100045.00 7861.08 8025.02 1.99 4.03 137.03 1558.01
homfam myb_DNA-binding 10398 5 46.5583 61 40.7 96.8 95.6 83.9 90.0 977.2007 0:16:17 8290.31 100072.18 7734.16 7852.79 1.98 5.92 120.30 1183.14
homfam msb 4884 8 106.037 158 26.6 85.6 88.5 58.6 71.4 905.3798 0:15:05 8676.40 99730.18 8171.03 8342.98 1.98 4.43 139.38 1270.66
homfam ghf1 4358 8 403.813 562 38.4 91.8 92.0 69.6 79.4 4732.5230 1:18:52 11453.32 102986.82 10956.05 11085.47 0.00 0.02 165.19 35.55
homfam rvp 93681 6 94.2886 132 36.6 77.5 78.2 48.6 54.8 2915.1849 0:48:35 12643.20 102831.16 12206.01 12335.17 1.99 60.86 148.57 4333.57
homfam lyase_1 7632 5 295.082 511 30.9 84.9 85.1 68.2 72.5 4145.0644 1:09:05 10379.78 101524.18 10231.99 10258.37 1.99 10.67 164.49 6826.40
homfam ldh 7367 14 121.378 371 31.9 89.5 89.1 60.0 72.0 1899.4723 0:31:39 9122.24 100500.00 8491.82 8672.48 1.99 7.39 156.82 2983.29
homfam subt 7517 11 301.598 414 39.5 73.5 82.9 25.8 30.6 10850.2270 3:00:50 11005.20 103152.90 10516.86 10750.96 4.00 0.02 180.78 71.08
homfam sodfe 4455 8 77.4471 219 42.3 90.4 89.9 65.1 68.7 1125.7173 0:18:45 8507.85 98637.51 8484.18 8510.81 1.99 3.81 131.46 1481.34
homfam LIM 6428 5 57.0143 86 52.8 96.6 96.6 85.4 92.6 781.8284 0:13:01 8145.87 98338.11 7641.90 7813.86 1.99 4.23 110.93 868.78
homfam blm 9105 8 300.727 274 39.1 92.3 94.0 79.4 82.3 7403.5325 2:03:23 11093.26 102770.12 10602.93 10732.09 1.98 13.30 176.96 13110.35
homfam DMRL_synthase 2099 5 140.59 182 33.2 93.4 90.5 74.6 83.3 942.9970 0:15:42 8822.48 99116.57 8477.32 8560.74 1.99 2.31 127.62 1205.24
homfam tRNA-synt_2b 11293 5 177.564 467 18.7 53.3 52.2 27.3 38.5 3985.6387 1:06:25 9868.55 101257.57 9327.94 9480.00 1.99 11.92 171.81 6858.25
homfam Stap_Strp_toxin 640 6 87.3922 254 32.5 81.7 81.0 48.6 54.1 828.7087 0:13:48 8274.36 98516.83 7862.94 8012.89 1.99 1.26 125.77 1043.69
homfam Acetyltransf 46285 6 82.9897 229 24.1 67.0 65.1 33.3 43.9 5040.1078 1:24:00 11045.46 102469.16 10507.94 10637.17 13.97 34.24 174.89 8823.64
homfam ghf22 760 12 107.567 131 51.4 94.6 94.7 83.8 87.2 515.8519 0:08:35 8468.43 101965.86 7976.48 8147.71 1.99 1.17 113.47 586.89
homfam sdr 50157 13 163.253 361 23.3 82.0 80.3 38.2 50.5 5148.1144 1:25:48 13042.02 104624.60 12769.95 12796.33 1.96 55.70 159.80 8234.94
homfam ltn 1068 12 204.148 282 49.9 94.5 94.5 70.4 79.4 1251.7432 0:20:51 8783.12 100066.17 8249.77 8375.24 1.99 2.23 146.17 1837.82
homfam hpr 3349 5 83.0427 89 44.4 99.3 99.3 97.7 98.5 763.5097 0:12:43 8233.59 98528.96 7745.22 7909.44 1.99 2.67 118.17 903.73
homfam bowman 499 5 26.1443 73 64.9 94.5 94.5 82.9 84.9 370.3292 0:06:10 8013.21 98104.25 7553.53 7739.63 1.99 0.77 86.79 323.04
homfam hip 167 5 66.2096 88 33.4 84.7 84.0 59.5 70.8 460.1765 0:07:40 7963.85 98135.42 7598.39 7693.36 1.99 0.97 79.15 365.72
homfam HMG_box 4779 5 66.0716 89 24.8 97.3 96.2 85.2 93.9 726.9689 0:12:06 8116.77 98409.34 7664.41 7794.40 1.99 3.62 122.49 891.95
homfam icd 5678 5 328.887 433 41.7 93.6 94.2 82.6 86.3 3961.0546 1:06:01 10670.76 102241.03 10233.43 10363.09 1.99 8.70 166.17 6590.90
homfam peroxidase 4514 5 256.626 383 37.3 78.2 83.2 46.7 50.9 3980.2871 1:06:20 9790.72 101456.92 9580.81 9607.21 1.99 6.48 173.19 6894.00
homfam asp 3262 13 284.142 381 37.5 91.9 91.9 77.5 83.8 2932.1041 0:48:52 10126.54 101879.35 9605.68 9735.69 1.99 5.07 159.21 4676.56
homfam flav 4612 6 138.021 183 35.0 87.0 87.3 64.6 66.8 1627.4836 0:27:07 8613.59 100172.63 8285.75 8327.09 1.99 4.25 158.75 2587.88
homfam cah 1379 5 212.706 279 38.7 89.8 90.4 72.7 79.5 1674.0339 0:27:54 8871.98 100731.53 8373.71 8502.95 709.99 2.39 146.96 2468.39
homfam ace 3989 6 427.824 601 37.3 86.1 87.3 65.7 72.8 7516.8422 2:05:16 12182.38 103778.68 11720.73 11839.13 0.00 0.02 170.28 51.32
homfam sti 613 5 165.383 198 36.4 89.7 89.2 72.8 79.2 706.8381 0:11:46 8797.66 99178.29 8275.95 8405.53 1.99 1.16 105.44 746.87
homfam aat 25100 10 337.807 476 28.6 67.4 67.8 29.7 35.3 10338.7417 2:52:18 14359.43 105694.41 13886.82 14016.75 1.98 36.50 170.03 17583.64
homfam oxidored_q6 3348 5 123.044 285 56.7 92.2 92.6 85.3 87.2 1674.9471 0:27:54 8558.04 99994.98 8279.00 8344.63 1.99 3.15 159.49 2681.21
homfam hormone_rec 3509 5 188.562 308 21.5 73.3 77.0 51.2 65.8 1978.1184 0:32:58 9137.10 100687.76 8785.61 8952.38 1.99 4.07 160.95 3192.09
homfam rhv 17976 6 143.424 938 33.1 38.8 49.0 5.1 4.4 13344.4340 3:42:24 9833.62 101835.25 9374.78 9543.63 30.32 15.78 165.42 22087.02
homfam tgfb 1606 8 95.4645 118 43.8 82.1 85.0 28.2 36.3 616.7161 0:10:16 8395.57 98625.02 7983.94 8134.19 1.99 1.62 121.03 747.81
homfam cryst 1160 7 80.8078 192 44.4 92.9 92.6 72.9 74.9 680.1423 0:11:20 8652.85 98964.50 8220.88 8362.70 1.99 1.30 122.46 834.39
homfam cyclo 6288 6 159.069 203 44.1 87.7 89.4 72.5 77.6 2152.2666 0:35:52 8901.81 100650.97 8606.66 8690.26 1.99 8.48 164.42 3550.05
homfam kunitz 2266 10 53.752 64 37.9 98.9 98.9 95.0 94.7 561.2810 0:09:21 7999.71 98153.10 7537.82 7654.87 0.00 0.02 106.48 5.59
homfam Rhodanese 14049 6 102.277 216 22.7 60.0 63.6 33.9 33.1 2595.4737 0:43:15 8888.04 100737.10 8409.12 8539.66 0.00 0.02 162.02 18.32
homfam sodcu 2038 7 141.322 169 42.2 91.4 91.6 79.5 83.6 997.9160 0:16:37 8923.75 99317.15 8555.14 8740.33 5.99 2.33 136.92 1374.80
homfam profilin 687 5 123.371 144 39.7 95.4 95.4 89.1 89.4 554.8994 0:09:14 8493.80 99610.02 8105.83 8316.64 1.99 1.49 121.67 681.42
homfam glob 3983 41 100.684 174 31.7 96.1 95.8 71.8 75.4 874.8522 0:14:34 8579.48 100109.43 8084.39 8240.16 1.99 3.60 131.35 1157.73
homfam tim 3904 10 205.645 260 47.5 98.4 98.5 91.9 94.9 1759.9441 0:29:19 9335.96 101160.69 8831.79 8984.79 1.99 5.27 154.67 2728.57
homfam uce 4558 13 134.701 184 34.0 89.6 90.5 61.4 69.7 1277.7702 0:21:17 8988.41 100329.27 8490.70 8643.56 0.00 0.02 158.39 9.03
homfam toxin 508 20 62.311 78 43.1 94.4 92.8 64.9 74.3 408.2285 0:06:48 8023.09 98325.49 7638.73 7772.45 1.99 1.15 95.43 390.96
homfam rub 1435 5 46.1575 54 62.1 97.6 97.6 88.9 90.2 487.5979 0:08:07 8074.32 98288.27 7667.71 7812.57 1.99 1.32 88.04 430.81
homfam hom 12037 8 53.4951 98 35.3 96.9 96.5 75.4 91.2 827.6828 0:13:47 8436.29 98464.16 8400.43 8427.05 1.99 6.50 131.48 1089.69
homfam biotin_lipoyl 11833 7 71.8928 112 28.9 95.6 95.8 83.5 85.1 1072.0000 0:17:51 8528.93 98868.58 8031.04 8182.73 1.99 8.54 151.97 1630.65
homfam cys 4316 13 198.11 284 40.5 95.2 94.6 67.2 81.7 1821.4143 0:30:21 9420.22 100924.36 9052.10 9182.16 1.99 6.27 160.02 2916.47
homfam ghf11 521 5 167.758 202 49.5 93.8 93.6 84.4 85.4 851.6291 0:14:11 8441.29 98806.44 7923.71 8100.94 1.99 1.22 115.05 981.27
homfam blmb 17200 6 192.465 344 20.6 67.1 70.6 39.3 48.6 5589.0950 1:33:09 10771.71 102179.14 10240.04 10405.67 1.98 45.93 178.19 9960.76
homfam aadh 3127 8 225.129 542 38.2 89.7 89.9 65.1 71.8 2320.7860 0:38:40 9153.34 100890.00 8667.04 8797.71 1.99 4.53 159.55 3708.48
homfam DEATH 1183 7 80.5689 159 19.6 70.6 72.3 29.0 39.5 681.9751 0:11:21 8425.29 98794.04 7900.27 8018.75 0.00 0.02 108.45 5.82
homfam Sulfotransfer 2489 5 235.798 381 26.2 66.4 78.6 43.2 50.8 3520.1498 0:58:40 9330.01 101015.12 8825.94 8978.46 1.99 4.29 173.04 6099.03
homfam serpin 3144 8 291.462 418 34.3 95.4 94.6 82.4 89.4 3416.6850 0:56:56 10245.19 101567.24 9956.43 10016.23 1.99 4.53 166.03 5672.80
homfam proteasome 5732 17 174.347 309 21.7 82.6 80.5 31.7 47.5 1771.1895 0:29:31 8956.39 100246.02 8561.02 8685.89 1.99 6.07 154.18 2741.53
homfam zf-CCHH 88345 15 23.2513 39 35.5 96.9 96.2 88.6 93.0 1580.1912 0:26:20 9684.87 99863.01 9181.24 9337.71 9.94 41.68 115.13 1821.61
homfam egf 7774 12 32.0765 71 31.1 78.2 78.5 33.8 41.8 619.9923 0:10:19 8227.44 98289.86 7861.29 7945.12 1.98 4.98 120.76 750.31
homfam annexin 3139 6 65.1902 323 57.2 100.0 100.0 100.0 100.0 1457.9191 0:24:17 8538.49 98725.76 8204.59 8254.16 13.99 2.73 160.16 2336.68
homfam OTCace 4795 5 157.005 350 37.3 96.1 96.1 88.4 90.7 1548.6061 0:25:48 8993.36 99249.61 8450.03 8568.57 1.99 5.24 153.52 2378.85
homfam rnasemam 498 6 120.072 141 42.2 93.4 90.1 70.1 82.3 552.4211 0:09:12 8405.58 98758.91 8005.23 8123.73 1.99 0.90 100.22 554.92
homfam adh 21331 5 123.64 375 63.9 98.3 98.5 95.2 95.5 3025.7037 0:50:25 9914.11 101386.48 9583.88 9703.22 1.98 18.59 164.84 4990.39
homfam il8 1073 11 63.7623 81 34.5 91.7 91.1 68.8 78.4 516.0242 0:08:36 8066.29 98346.19 7591.31 7723.37 1.99 1.42 96.33 498.57
homfam hr 3707 5 65.1513 82 53.3 99.1 99.1 94.9 99.1 724.4178 0:12:04 8138.53 99275.08 7905.66 7938.40 1.99 2.59 113.78 834.10
homfam ChtBD 774 5 38.2713 45 59.3 99.3 99.0 95.3 97.1 449.7712 0:07:29 8008.61 98052.93 7548.64 7712.59 1.99 1.36 78.02 352.37
homfam gluts 10099 14 98.1117 235 39.4 90.7 91.3 67.8 72.6 3046.8486 0:50:46 8871.79 100521.09 8374.57 8503.79 1.98 7.91 167.86 5122.94
homfam ghf5 2717 6 260.466 470 17.8 66.9 67.5 36.5 50.9 2974.4917 0:49:34 9609.88 101235.67 9061.85 9185.87 1.99 4.45 163.24 4862.73
homfam ghf13 12607 10 264.452 626 26.8 64.5 65.9 29.2 38.2 7963.6093 2:12:43 11550.60 102983.20 11041.47 11171.33 1.99 16.89 180.50 14375.60
homfam PDZ 14950 6 80.8907 110 30.6 88.5 88.2 74.7 77.7 1660.1135 0:27:40 8947.42 100600.96 8476.43 8594.58 5.98 11.02 146.19 2428.88
homfam az 1086 29 100.416 215 33.4 73.8 74.1 39.1 40.9 621.2857 0:10:21 8609.61 100100.23 8226.27 8337.79 1.99 1.43 122.55 767.51
homfam hla 13465 5 153.148 178 76.5 100.0 100.0 100.0 100.0 1614.7200 0:26:54 9973.96 100264.02 9484.14 9705.53 1.99 13.82 145.20 2345.95
homfam slectin 932 5 133.052 142 33.3 95.1 95.0 87.6 91.3 909.9911 0:15:09 8335.79 99985.21 7883.62 8076.91 1.99 1.36 130.63 1198.57
homfam GEL 2195 5 78.1157 150 23.7 68.7 69.8 39.7 55.9 902.5130 0:15:02 8246.48 98555.00 7936.01 8036.42 1.99 1.98 125.39 1133.84
homfam kringle 1091 9 75.9138 100 43.3 96.4 95.4 82.0 87.0 578.7543 0:09:38 8238.37 98529.48 7704.49 7832.50 1.99 1.29 96.56 560.28
homfam p450 21013 12 331.506 512 20.8 76.8 76.4 39.1 48.4 11683.8831 3:14:43 14679.94 105779.81 14148.19 14277.34 1.97 32.47 167.72 19602.34
homfam gpdh 7691 8 129.082 360 55.1 96.3 96.1 88.5 91.4 1937.2405 0:32:17 9357.46 100627.14 9036.54 9084.73 1.99 8.22 156.15 3035.68
homfam int 7572 5 168.037 219 22.5 85.3 85.7 63.4 68.2 2533.9901 0:42:13 9275.29 100896.98 8712.48 8841.73 1.98 8.42 159.08 4041.68
homfam KAS 2070 6 174.528 404 31.7 86.9 86.3 71.0 76.2 1325.7021 0:22:05 9146.93 99462.74 8626.12 8798.45 1.99 2.57 156.97 2084.12
homfam trfl 837 7 242.315 702 61.9 95.7 96.2 90.2 90.0 2384.3775 0:39:44 9627.35 99739.36 9121.24 9238.87 1.99 2.74 169.45 4042.06
homfam TNF 556 5 119.903 176 32.0 85.5 85.0 68.8 72.7 575.4216 0:09:35 8485.99 98726.05 7982.29 8217.48 1.99 1.07 103.34 596.11
homfam scorptoxin 363 8 53.2562 74 46.3 89.9 89.1 72.6 79.8 338.6178 0:05:38 7981.89 98077.38 7639.87 7786.57 1.99 0.76 98.07 333.61
homfam aldosered 13277 7 268.547 386 41.6 87.8 90.3 69.8 77.1 6002.8350 1:40:02 11148.88 102597.10 10672.32 10907.25 1.98 18.72 171.21 10287.21
homfam rrm 27610 20 67.4587 157 22.9 82.3 80.3 17.1 22.7 1686.9129 0:28:06 9108.85 99352.76 8890.49 8941.33 1.97 29.36 143.47 2421.95
