homfam ricin 747 7 198.708 281 37.5 90.9 91.3 75.8 84.6 804.5765 0:13:24 8200.57 99168.86 7799.04 7909.10 1.99 1.36 132.54 1074.11

homfam ghf10 1502 5 220.34 364 43.3 91.8 92.2 78.6 84.3 1725.4188 0:28:45 8758.56 100184.34 8282.57 8449.33 1.99 2.73 154.72 2679.31

homfam seatoxin 93 5 43.6344 54 42.6 67.8 79.2 24.5 25.0 299.3772 0:04:59 7476.22 97234.50 7417.78 7444.23 1.99 0.63 99.27 298.68

homfam mofe 2567 6 353.074 609 30.0 83.9 86.4 67.2 73.6 2545.9701 0:42:25 9883.58 101158.80 9423.68 9543.99 1.99 4.37 162.26 4141.61

homfam cyt3 385 6 92.3065 130 40.3 73.9 75.4 53.4 60.5 431.8657 0:07:11 7649.95 97510.29 7283.91 7393.58 1.99 1.34 94.90 411.38

homfam ins 793 6 65.2825 74 44.9 88.9 89.8 56.5 79.9 677.3466 0:11:17 7942.26 99365.46 7499.87 7621.67 0.00 0.02 119.85 5.97

homfam Ald_Xan_dh_2 2589 6 109.304 885 31.8 82.7 82.7 62.9 71.1 3723.2716 1:02:03 7906.88 99433.66 7540.91 7624.42 1.99 2.98 165.91 6186.31

homfam tms 2118 5 264.245 357 45.9 97.2 96.8 87.7 94.2 2266.9599 0:37:46 8844.64 100191.14 8368.39 8507.15 1.99 3.28 161.34 3666.98

homfam phc 2957 12 98.4711 179 37.2 71.9 93.7 40.2 43.9 1101.4927 0:18:21 8060.72 99348.14 7652.40 7756.22 1.99 2.68 149.63 1651.84

homfam cytb 3206 6 82.1454 100 35.6 82.0 83.2 57.6 64.7 1441.5726 0:24:01 7907.31 99401.17 7431.69 7597.81 60.00 2.28 145.64 2100.30

homfam mmp 1427 6 157.93 180 55.1 97.0 97.4 88.8 93.8 1345.4346 0:22:25 8281.02 99681.69 7760.71 7895.53 1.99 1.97 146.55 1979.89

homfam phoslip 946 18 113.33 137 48.9 96.2 96.1 75.7 86.1 486.4522 0:08:06 7732.08 98730.38 7256.00 7398.67 1.99 1.32 107.74 529.05

homfam HLH 6781 5 53.5453 92 28.1 89.7 94.5 69.0 77.5 869.0921 0:14:29 8034.12 99498.77 7668.44 7752.04 1.99 4.42 136.80 1198.63

homfam myb_DNA-binding 10398 5 46.5583 61 40.7 96.8 95.6 83.9 90.0 733.0995 0:12:13 8023.36 99555.19 7547.64 7686.46 1.98 6.10 118.41 875.99

homfam msb 4884 8 106.037 158 26.6 85.6 86.9 57.2 70.3 873.7155 0:14:33 7822.79 98947.50 7345.68 7509.10 1.98 4.49 126.81 1114.89

homfam ghf1 4358 8 403.813 562 38.4 91.5 92.1 69.8 78.2 4813.6757 1:20:13 10373.15 101908.19 10007.56 10173.64 301.99 16.25 165.73 7979.89

homfam rvp 93681 6 94.2886 132 36.6 85.7 85.3 61.3 69.0 2094.4378 0:34:54 10210.89 99883.18 10153.50 10179.68 33.99 58.62 146.02 3066.49

homfam lyase_1 7632 5 295.082 511 30.9 81.4 81.5 63.4 66.7 3276.2194 0:54:36 9363.34 99114.95 9262.71 9289.69 2.00 10.39 162.98 5340.86

homfam ldh 7367 14 121.378 371 31.9 90.8 90.2 63.0 73.9 1747.8726 0:29:07 8416.15 98223.27 7915.12 8053.75 1.99 11.42 161.21 2819.02

homfam subt 7517 11 301.598 414 39.5 77.0 83.6 31.1 40.8 8852.2690 2:27:32 9999.47 101401.80 9633.86 9717.07 1.98 12.07 178.67 15822.90

homfam sodfe 4455 8 77.4471 219 42.3 91.1 90.3 65.1 68.9 1010.5213 0:16:50 7985.56 97746.53 7495.81 7638.49 1.99 3.61 118.64 1200.39

homfam LIM 6428 5 57.0143 86 52.8 97.3 97.3 86.6 94.2 613.6382 0:10:13 8158.68 97902.13 7682.63 7821.48 1.99 4.11 97.99 602.92

homfam blm 9105 8 300.727 274 39.1 64.8 88.3 34.8 36.1 6461.4805 1:47:41 10109.83 101349.54 9632.95 9771.71 1.98 12.94 175.17 11326.95

homfam DMRL_synthase 2099 5 140.59 182 33.2 93.7 90.7 74.0 83.2 853.6273 0:14:13 7970.05 97826.15 7507.96 7591.21 1.99 2.29 113.56 971.12

homfam tRNA-synt_2b 11293 5 177.564 467 18.7 48.4 48.2 27.9 39.3 3513.3118 0:58:33 8753.94 100120.86 8225.94 8345.87 2.07 12.05 169.49 5964.63

homfam Stap_Strp_toxin 640 6 87.3922 254 32.5 80.5 80.4 46.9 53.4 677.8699 0:11:17 7680.14 97456.64 7314.14 7442.29 1.99 0.98 122.13 829.34

homfam Acetyltransf 46285 6 82.9897 229 24.1 64.2 64.5 35.4 45.2 4411.2269 1:13:31 9310.03 100669.77 8882.41 9020.77 29.95 62.88 178.08 7856.78

homfam ghf22 760 12 107.567 131 51.4 92.8 93.0 77.7 81.3 428.7049 0:07:08 7779.09 101959.01 7413.54 7515.49 1.99 1.11 102.86 442.41

homfam sdr 50157 13 163.253 361 23.3 71.4 72.5 33.1 44.4 3978.6361 1:06:18 10558.05 101917.48 10192.41 10275.64 1.96 116.86 160.77 6397.36

homfam ltn 1068 12 204.148 282 49.9 92.9 93.4 71.1 79.7 1163.5762 0:19:23 8760.42 99157.03 8285.16 8423.45 53.99 1.86 149.16 1746.11

homfam hpr 3349 5 83.0427 89 44.4 99.3 99.3 97.7 98.5 505.0374 0:08:25 7666.60 97529.20 7267.19 7370.26 1.99 3.35 134.97 683.14

homfam bowman 499 5 26.1443 73 64.9 93.9 93.9 82.9 84.9 310.1375 0:05:10 7426.34 97230.46 7061.09 7203.08 1.99 1.02 89.53 279.09

homfam hip 167 5 66.2096 88 33.4 88.1 87.0 64.3 72.2 347.2733 0:05:47 7736.20 97502.23 7260.58 7457.67 1.99 0.95 85.59 298.82

homfam HMG_box 4779 5 66.0716 89 24.8 97.3 96.2 85.2 93.9 551.8060 0:09:11 7804.00 97539.17 7438.95 7523.08 1.99 3.57 117.38 649.12

homfam icd 5678 5 328.887 433 41.7 93.5 94.1 84.0 87.3 3546.5887 0:59:06 9690.98 101075.32 9192.96 9324.36 13.99 8.61 162.11 5759.00

homfam peroxidase 4514 5 256.626 383 37.3 72.6 74.7 46.1 50.9 3354.9936 0:55:54 9019.38 100336.97 8653.74 8741.08 1.99 6.75 173.25 5820.37

homfam asp 3262 13 284.142 381 37.5 91.6 92.3 74.1 79.9 2357.6022 0:39:17 9168.90 100694.80 8693.78 8832.30 1.99 5.49 164.38 3884.88

homfam flav 4612 6 138.021 183 35.0 83.7 84.4 60.6 63.9 1283.6596 0:21:23 7988.14 99513.82 7607.95 7695.48 1.99 4.25 138.55 1788.04

homfam cah 1379 5 212.706 279 38.7 89.6 89.8 71.6 77.8 1331.9455 0:22:11 8748.94 99464.09 8383.34 8466.56 5.99 2.45 137.70 1843.01

homfam ace 3989 6 427.824 601 37.3 84.8 86.0 64.5 71.4 6408.9105 1:46:48 10835.42 102127.66 10359.30 10525.47 4.00 0.02 169.89 50.19

homfam sti 613 5 165.383 198 36.4 88.7 88.5 70.1 77.4 502.8187 0:08:22 8020.21 97882.47 7698.10 7781.62 1.99 1.39 121.73 613.45

homfam aat 25100 10 337.807 476 28.6 65.2 68.5 27.1 30.8 9376.4269 2:36:16 11378.51 102734.86 11345.87 11372.04 1.98 36.52 171.41 16081.57

homfam oxidored_q6 3348 5 123.044 285 56.7 93.4 93.5 86.8 88.3 1296.1233 0:21:36 8234.28 99654.06 7855.08 7938.65 1.99 5.25 143.86 1863.06

homfam hormone_rec 3509 5 188.562 308 21.5 73.1 74.9 47.0 60.3 1774.6672 0:29:34 8422.23 99816.45 7920.62 8059.40 1.99 4.07 156.00 2776.45

homfam rhv 17976 6 143.424 938 33.1 37.6 47.6 5.5 4.4 12063.1166 3:21:03 8721.57 100339.63 8356.03 8439.58 1.99 15.29 172.14 20773.14

homfam tgfb 1606 8 95.4645 118 43.8 78.6 80.9 29.1 33.9 551.6835 0:09:11 7649.25 97502.54 7283.95 7395.12 1.99 2.06 108.24 598.82

homfam cryst 1160 7 80.8078 192 44.4 90.6 90.8 69.6 72.5 536.9519 0:08:56 7743.20 97660.64 7322.95 7461.75 1.99 1.71 123.04 662.25

homfam cyclo 6288 6 159.069 203 44.1 88.5 90.5 74.6 79.1 1980.7351 0:33:00 8277.01 99743.94 7744.04 7906.25 0.00 0.02 157.11 16.29

homfam kunitz 2266 10 53.752 64 37.9 98.2 98.2 91.7 91.1 457.6977 0:07:37 7656.96 97202.33 7181.87 7382.57 1.99 1.85 102.68 471.44

homfam Rhodanese 14049 6 102.277 216 22.7 67.9 72.1 49.0 47.6 2069.1726 0:34:29 8423.72 99857.81 8054.84 8162.61 0.00 0.75 160.32 3321.46

homfam sodcu 2038 7 141.322 169 42.2 90.6 90.8 76.5 81.0 834.7071 0:13:54 8119.84 98894.57 7744.14 7856.27 1.99 2.74 132.42 1115.02

homfam profilin 687 5 123.371 144 39.7 95.4 95.4 89.1 89.4 496.4099 0:08:16 7774.29 97710.25 7456.32 7560.73 1.99 1.17 105.89 527.10

homfam glob 3983 41 100.684 174 31.7 95.0 94.6 72.4 75.1 735.1712 0:12:15 7803.52 99334.97 7796.87 7823.28 1.99 3.68 138.36 1026.22

homfam tim 3904 10 205.645 260 47.5 97.7 97.8 91.5 94.6 1719.0396 0:28:39 8866.53 100135.75 8424.36 8563.16 1.99 5.36 152.06 2621.76

homfam uce 4558 13 134.701 184 34.0 89.4 91.1 62.7 70.2 1309.8511 0:21:49 8138.01 99519.20 7629.54 7790.92 1.99 8.16 150.50 1971.58

homfam toxin 508 20 62.311 78 43.1 93.2 91.3 66.2 74.6 344.4551 0:05:44 7496.83 97308.13 7131.25 7234.24 1.99 0.85 88.49 306.29

homfam rub 1435 5 46.1575 54 62.1 98.4 98.4 92.6 93.5 305.0669 0:05:05 7752.27 97534.98 7386.41 7474.04 1.99 1.27 89.96 275.90

homfam hom 12037 8 53.4951 98 35.3 94.1 94.0 65.2 81.1 735.0183 0:12:15 7956.71 97702.42 7480.91 7619.56 1.99 6.63 113.09 832.73

homfam biotin_lipoyl 11833 7 71.8928 112 28.9 95.9 94.3 81.2 84.2 743.2161 0:12:23 7900.68 97737.17 7522.53 7605.81 0.00 0.02 134.32 6.32

homfam cys 4316 13 198.11 284 40.5 93.6 93.1 63.4 77.8 1669.9324 0:27:49 8553.80 100045.37 8097.29 8217.61 1.99 6.24 155.78 2602.13

homfam ghf11 521 5 167.758 202 49.5 94.7 94.4 86.5 87.6 637.8860 0:10:37 7916.97 97755.42 7441.14 7608.72 1.99 1.43 123.08 786.57

homfam blmb 17200 6 192.465 344 20.6 63.7 69.0 36.0 43.5 8734.4521 2:25:34 9447.39 100820.45 8971.29 9137.04 1.98 19.35 185.52 16206.13

homfam aadh 3127 8 225.129 542 38.2 85.2 87.6 52.2 57.3 2382.4476 0:39:42 9118.02 99992.76 8641.89 8793.34 1.99 4.55 166.42 3972.84

homfam DEATH 1183 7 80.5689 159 19.6 68.7 69.8 28.2 38.4 495.1526 0:08:15 7645.57 97501.41 7169.59 7336.18 1.99 1.36 116.62 579.11

homfam Sulfotransfer 2489 5 235.798 381 26.2 65.2 76.6 38.9 45.2 3432.8107 0:57:12 9149.97 100489.50 8784.51 8867.88 1.99 4.40 172.39 5925.53

homfam serpin 3144 8 291.462 418 34.3 95.4 94.7 82.7 89.4 2754.1169 0:45:54 9518.80 100907.70 9153.14 9237.39 1.99 4.81 159.91 4414.54

homfam proteasome 5732 17 174.347 309 21.7 84.4 82.2 32.4 48.0 1372.6489 0:22:52 8380.63 99335.54 8015.47 8098.66 1.99 6.02 145.70 2006.83

homfam zf-CCHH 88345 15 23.2513 39 35.5 96.5 95.9 88.6 93.0 1281.6174 0:21:21 8513.59 98269.20 8148.00 8231.97 1.94 42.26 136.38 1749.40

homfam egf 7774 12 32.0765 71 31.1 77.0 77.4 33.8 41.8 495.1339 0:08:15 7887.54 97669.12 7522.56 7641.68 1.98 4.95 112.03 556.15

homfam annexin 3139 6 65.1902 323 57.2 100.0 100.0 100.0 100.0 1340.6328 0:22:20 7949.52 97624.70 7406.24 7544.51 1.99 2.63 141.79 1902.26

homfam OTCace 4795 5 157.005 350 37.3 96.0 96.0 86.9 89.5 1398.7795 0:23:18 8073.30 97988.26 7636.69 7776.23 1.99 5.26 149.92 2098.40

homfam rnasemam 498 6 120.072 141 42.2 94.0 90.7 73.9 83.7 407.7295 0:06:47 7765.38 97625.27 7330.19 7413.76 1.99 1.25 102.34 418.67

homfam adh 21331 5 123.64 375 63.9 97.9 98.3 94.7 95.0 3451.3244 0:57:31 8877.79 100106.04 8512.17 8622.90 50.11 18.94 172.03 5941.85

homfam il8 1073 11 63.7623 81 34.5 91.2 90.7 67.5 76.9 410.2874 0:06:50 7518.87 97326.04 7042.67 7207.04 0.00 0.02 97.12 3.95

homfam hr 3707 5 65.1513 82 53.3 99.1 99.1 94.9 99.1 702.7465 0:11:42 7665.74 98643.68 7294.79 7378.10 249.99 2.63 110.22 784.85

homfam ChtBD 774 5 38.2713 45 59.3 99.3 99.0 95.3 97.1 325.1213 0:05:25 7579.38 97308.98 7214.36 7330.40 1.99 1.34 87.25 285.14

homfam gluts 10099 14 98.1117 235 39.4 87.3 88.5 67.4 72.1 2691.0600 0:44:51 8277.36 99741.75 7800.96 7939.42 1.98 8.20 162.85 4390.70

homfam ghf5 2717 6 260.466 470 17.8 65.9 66.7 36.2 50.6 2714.0665 0:45:14 9392.03 100688.41 8915.71 9054.55 1.99 4.48 170.53 4635.98

homfam ghf13 12607 10 264.452 626 26.8 65.0 65.7 26.3 35.2 7991.4867 2:13:11 10048.84 101527.54 9683.19 9794.54 1.99 16.36 180.90 14454.95

homfam PDZ 14950 6 80.8907 110 30.6 89.4 89.4 75.8 78.9 1146.8264 0:19:06 8224.20 99635.16 7858.86 7970.30 1.98 10.96 151.23 1744.80

homfam az 1086 29 100.416 215 33.4 76.3 76.2 42.9 47.4 564.0150 0:09:24 7876.00 99437.32 7399.96 7520.22 1.99 1.44 107.03 608.21

homfam hla 13465 5 153.148 178 76.5 100.0 100.0 100.0 100.0 1253.4860 0:20:53 8872.58 98589.39 8489.92 8573.14 1.99 13.38 143.08 1795.15

homfam slectin 932 5 133.052 142 33.3 94.4 94.5 86.1 89.7 821.9553 0:13:41 8011.68 100109.39 7511.02 7659.24 1.99 1.62 114.90 953.48

homfam GEL 2195 5 78.1157 150 23.7 69.6 70.1 39.7 56.8 651.4128 0:10:51 7674.84 97930.85 7265.65 7348.91 1.99 2.31 122.70 805.92

homfam kringle 1091 9 75.9138 100 43.3 91.4 90.7 74.2 78.3 384.2860 0:06:24 7555.79 97380.14 7079.60 7237.98 1.99 1.83 112.00 431.85

homfam p450 21013 12 331.506 512 20.8 77.1 78.0 37.3 46.4 10771.9748 2:59:31 12044.45 103346.02 11568.63 11788.22 1.98 32.80 167.98 18090.07

homfam gpdh 7691 8 129.082 360 55.1 96.4 96.2 88.8 91.7 1765.1114 0:29:25 8353.78 99649.00 7877.67 8016.22 1.99 8.01 155.62 2756.11

homfam int 7572 5 168.037 219 22.5 84.6 85.8 61.4 67.9 2255.0389 0:37:35 8506.81 99933.42 8030.37 8150.53 1.98 15.92 169.14 3815.65

homfam KAS 2070 6 174.528 404 31.7 79.8 84.7 55.0 61.6 1239.1279 0:20:39 8514.47 99308.82 8007.72 8127.96 1.99 2.84 158.50 1971.32

homfam trfl 837 7 242.315 702 61.9 95.6 96.5 90.0 91.4 2145.7173 0:35:45 8776.02 98603.50 8266.77 8377.57 1.99 1.54 166.50 3578.26

homfam TNF 556 5 119.903 176 32.0 83.5 83.0 67.5 72.8 440.5419 0:07:20 7842.67 103134.73 7406.55 7516.38 0.00 0.02 108.02 4.38

homfam scorptoxin 363 8 53.2562 74 46.3 90.4 89.5 74.0 79.0 302.9858 0:05:02 8269.20 97961.34 7793.20 7959.69 1.99 1.04 83.30 253.88

homfam aldosered 13277 7 268.547 386 41.6 86.7 89.3 68.9 75.2 5153.9075 1:25:53 10117.27 101399.34 9751.56 9834.78 1.98 18.34 171.85 8868.13

homfam rrm 27610 20 67.4587 157 22.9 83.5 81.5 17.1 22.7 1247.8461 0:20:47 8573.62 98332.89 8096.96 8262.71 21.98 18.02 124.20 1552.39

