homfam ricin 747 7 198.708 281 37.5 92.0 92.0 77.7 85.9 378.6332 0:06:18 15171.00 105081.36 14802.08 14908.33 1.99 1.53 133.25 515.78
homfam ghf10 1502 5 220.34 364 43.3 93.8 93.8 81.4 86.6 738.8059 0:12:18 15094.67 105008.43 14707.45 14848.17 1.99 4.36 138.90 1035.88
homfam seatoxin 93 5 43.6344 54 42.6 66.2 64.1 8.2 9.3 162.1586 0:02:42 12553.39 102921.01 12096.30 12202.34 1.99 0.64 105.50 172.56
homfam mofe 2567 6 353.074 609 30.0 83.5 84.4 65.1 72.0 2087.0230 0:34:47 15072.04 104983.51 14704.23 14821.61 1.99 4.57 152.05 3182.05
homfam cyt3 385 6 92.3065 130 40.3 80.8 80.6 61.0 69.4 192.5137 0:03:12 12929.63 102817.57 12449.94 12567.30 1.99 0.89 111.79 216.70
homfam ins 793 6 65.2825 74 44.9 92.6 92.9 72.5 90.4 319.1493 0:05:19 15068.34 104981.36 14780.45 14875.36 1.99 1.42 146.90 477.49
homfam Ald_Xan_dh_2 2589 6 109.304 885 31.8 82.9 83.1 62.6 71.3 1376.7189 0:22:56 15063.12 104983.54 14651.99 14814.85 1.99 2.64 152.94 2113.83
homfam tms 2118 5 264.245 357 45.9 96.9 96.7 88.4 92.8 1068.3744 0:17:48 15058.65 104983.49 14665.56 14874.45 1.99 3.27 145.41 1562.48
homfam phc 2957 12 98.4711 179 37.2 91.7 92.5 70.4 77.3 416.2895 0:06:56 15072.33 104983.58 14679.86 14842.74 1.99 2.64 144.87 612.95
homfam cytb 3206 6 82.1454 100 35.6 90.4 90.7 71.7 79.8 601.6208 0:10:01 15163.34 105083.62 14780.86 14943.77 1.99 2.70 154.21 938.15
homfam mmp 1427 6 157.93 180 55.1 96.5 96.8 88.8 94.0 627.6485 0:10:27 14256.87 104082.94 13777.24 13987.40 1.99 2.10 152.56 966.14
homfam phoslip 946 18 113.33 137 48.9 95.4 95.2 75.7 86.5 241.0484 0:04:01 6808.63 102922.10 6304.66 6434.65 1.99 1.32 125.59 311.56
homfam HLH 6781 5 53.5453 92 28.1 87.6 92.6 63.1 73.8 467.2547 0:07:47 15153.41 105062.99 14758.29 14922.03 1.99 4.03 141.52 671.66
homfam myb_DNA-binding 10398 5 46.5583 61 40.7 94.6 94.2 80.4 86.0 362.5599 0:06:02 15039.87 104865.05 14486.58 14695.45 1.98 5.96 110.85 410.91
homfam msb 4884 8 106.037 158 26.6 86.4 90.7 61.4 74.3 341.0411 0:05:41 15085.62 104909.73 14844.32 14984.73 1.98 4.31 126.32 436.64
homfam ghf1 4358 8 403.813 562 38.4 92.7 92.9 73.0 81.5 2253.3269 0:37:33 9584.32 99712.18 9130.32 9247.33 1.99 7.79 136.36 3080.49
homfam rvp 93681 6 94.2886 132 36.6 84.9 84.3 58.6 66.0 1615.3267 0:26:55 8215.18 103133.61 7707.61 7848.16 1.99 58.62 95.84 1553.04
homfam lyase_1 7632 5 295.082 511 30.9 83.6 83.6 67.8 71.1 1502.0523 0:25:02 14689.42 104513.71 14134.64 14344.33 1.99 9.97 140.33 2108.64
homfam ldh 7367 14 121.378 371 31.9 90.4 90.1 63.0 72.2 853.3604 0:14:13 15076.40 104987.03 14708.44 14814.45 1.99 7.58 132.92 1136.50
homfam subt 7517 11 301.598 414 39.5 79.6 80.7 32.1 46.6 5940.7627 1:39:00 13763.74 103588.45 13259.66 13365.41 1.98 12.70 178.16 10582.76
homfam sodfe 4455 8 77.4471 219 42.3 91.4 90.5 65.6 69.6 402.4464 0:06:42 15153.45 105058.70 14748.66 14866.27 1.99 3.61 136.95 552.52
homfam LIM 6428 5 57.0143 86 52.8 98.5 98.5 90.2 98.4 246.2713 0:04:06 15062.51 104910.94 14655.21 14864.82 1.99 3.87 115.49 285.93
homfam blm 9105 8 300.727 274 39.1 66.3 89.7 19.9 20.1 4047.6112 1:07:27 7547.00 103069.07 7180.99 7346.04 1.98 12.86 167.51 6787.67
homfam DMRL_synthase 2099 5 140.59 182 33.2 91.8 89.5 74.6 83.3 282.2959 0:04:42 15096.41 105008.47 14728.15 14868.76 1.99 2.22 117.87 334.20
homfam tRNA-synt_2b 11293 5 177.564 467 18.7 50.1 49.4 24.4 33.7 1950.2843 0:32:30 14038.87 104005.72 13464.51 13581.42 1.99 12.14 162.91 3184.72
homfam Stap_Strp_toxin 640 6 87.3922 254 32.5 81.2 80.6 49.4 56.3 278.2170 0:04:38 15110.02 105046.33 14697.68 14837.49 1.99 1.24 134.77 376.58
homfam Acetyltransf 46285 6 82.9897 229 24.1 61.8 62.3 34.4 42.6 3306.3951 0:55:06 12143.73 102940.82 11641.19 11747.11 1.97 34.03 168.75 5584.37
homfam ghf22 760 12 107.567 131 51.4 93.2 93.6 79.2 82.9 207.0543 0:03:27 15067.99 104981.36 14703.38 14820.29 1.99 1.41 125.31 260.83
homfam sdr 50157 13 163.253 361 23.3 72.8 76.6 23.7 30.7 2543.4762 0:42:23 8975.68 103118.48 8421.05 8538.63 1.97 55.88 123.85 3155.77
homfam ltn 1068 12 204.148 282 49.9 92.9 93.2 69.2 78.2 435.3707 0:07:15 15107.52 104982.36 14701.10 14864.03 1.99 1.86 135.69 598.81
homfam hpr 3349 5 83.0427 89 44.4 99.3 99.3 97.7 98.5 239.8948 0:03:59 15127.90 105034.62 14750.66 14962.10 1.99 2.90 122.69 295.77
homfam bowman 499 5 26.1443 73 64.9 89.5 89.5 75.7 71.5 143.9976 0:02:23 14330.95 104218.88 13876.44 13982.63 1.99 1.08 117.26 170.38
homfam hip 167 5 66.2096 88 33.4 87.6 86.6 67.9 76.7 168.6125 0:02:48 15115.57 105031.29 14751.18 14891.19 1.99 0.67 102.66 174.67
homfam HMG_box 4779 5 66.0716 89 24.8 94.5 94.5 79.0 86.8 228.6114 0:03:48 15078.64 104984.72 14705.69 14846.25 1.99 3.16 105.45 242.57
homfam icd 5678 5 328.887 433 41.7 94.7 95.3 85.4 88.4 2070.1485 0:34:30 15143.07 105126.95 14634.36 14751.37 1.99 8.23 148.34 3079.89
homfam peroxidase 4514 5 256.626 383 37.3 84.0 85.0 59.3 63.2 2283.3075 0:38:03 15074.98 104986.72 14706.18 14823.78 1.99 6.56 173.14 3960.40
homfam asp 3262 13 284.142 381 37.5 91.3 91.4 75.7 80.6 1285.7811 0:21:25 15074.02 105048.62 14843.47 14983.73 1.99 5.33 148.38 1916.33
homfam flav 4612 6 138.021 183 35.0 81.8 82.7 53.7 56.9 653.5888 0:10:53 15049.57 104959.69 14788.91 14929.27 1.99 6.14 148.39 978.21
homfam cah 1379 5 212.706 279 38.7 88.2 88.9 68.3 75.5 576.2410 0:09:36 15069.33 105046.42 14702.72 14843.41 1.99 2.16 129.90 756.72
homfam ace 3989 6 427.824 601 37.3 78.8 87.4 53.3 59.4 2838.8412 0:47:18 12827.14 103032.08 12280.42 12420.26 1.98 8.62 152.53 4335.48
homfam sti 613 5 165.383 198 36.4 88.4 88.4 69.0 76.4 253.4922 0:04:13 12178.46 103070.24 11661.84 11779.29 1.99 1.09 120.16 305.73
homfam aat 25100 10 337.807 476 28.6 83.9 85.0 55.4 61.6 4422.9542 1:13:42 15199.33 105112.16 14804.25 15013.18 1.98 36.15 136.29 6022.41
homfam oxidored_q6 3348 5 123.044 285 56.7 92.1 92.3 83.5 84.9 662.2529 0:11:02 15072.66 104983.63 14671.28 14811.80 1.99 3.50 135.32 905.85
homfam hormone_rec 3509 5 188.562 308 21.5 73.1 75.9 49.8 63.1 818.7112 0:13:38 15071.76 104983.65 14823.77 14964.10 1.99 3.77 136.04 1120.01
homfam rhv 17976 6 143.424 938 33.1 62.7 69.6 32.0 39.8 7301.6961 2:01:41 7386.04 102923.77 6881.51 6999.71 1.99 15.59 156.49 11428.89
homfam tgfb 1606 8 95.4645 118 43.8 85.7 90.1 47.0 51.9 209.7310 0:03:29 15207.55 105032.45 15178.71 15208.96 1.99 1.59 120.57 254.31
homfam cryst 1160 7 80.8078 192 44.4 91.7 91.6 72.4 74.9 225.7075 0:03:45 11895.14 102937.36 11424.69 11542.41 1.99 1.23 114.47 259.92
homfam cyclo 6288 6 159.069 203 44.1 85.4 87.9 68.8 73.4 1122.7548 0:18:42 15075.98 104985.95 14659.61 14868.56 1.99 7.51 160.97 1814.64
homfam kunitz 2266 10 53.752 64 37.9 98.9 98.9 95.0 94.7 183.5171 0:03:03 15170.06 105083.50 14805.08 15014.55 1.99 3.80 110.73 204.26
homfam Rhodanese 14049 6 102.277 216 22.7 71.7 81.8 55.7 56.0 1167.1100 0:19:27 14169.53 103992.97 13664.70 13874.25 1.98 11.61 148.84 1742.64
homfam sodcu 2038 7 141.322 169 42.2 90.0 90.6 72.9 79.3 321.0972 0:05:21 15090.32 105007.47 14809.67 14903.88 1.99 2.38 115.21 378.42
homfam profilin 687 5 123.371 144 39.7 93.5 93.5 84.4 85.9 239.9119 0:03:59 15069.44 104981.36 14686.99 14850.54 1.99 1.16 131.18 324.39
homfam glob 3983 41 100.684 174 31.7 94.3 94.2 63.5 66.9 342.5252 0:05:42 15122.00 104984.66 14704.97 14845.06 1.99 3.37 117.27 410.22
homfam tim 3904 10 205.645 260 47.5 97.0 97.0 89.6 93.7 794.9681 0:13:14 15045.56 104960.65 14818.86 14959.25 1.99 4.98 145.04 1163.31
homfam uce 4558 13 134.701 184 34.0 89.5 91.6 63.9 71.0 931.5136 0:15:31 15118.27 105034.70 14839.34 14979.90 1.99 4.19 161.83 1517.50
homfam toxin 508 20 62.311 78 43.1 93.7 91.8 63.6 73.2 155.4702 0:02:35 15157.68 105046.32 14731.02 14837.01 1.99 0.83 106.85 167.72
homfam rub 1435 5 46.1575 54 62.1 97.6 97.6 88.9 90.2 147.2989 0:02:27 15169.66 105082.43 14766.16 14929.08 1.99 1.26 114.06 169.52
homfam hom 12037 8 53.4951 98 35.3 93.0 93.6 68.1 84.7 308.4479 0:05:08 14994.38 104842.64 14553.58 14693.82 1.99 6.55 112.96 349.84
homfam biotin_lipoyl 11833 7 71.8928 112 28.9 95.0 93.4 76.5 82.3 325.8902 0:05:25 15062.17 104891.61 14562.12 14771.82 1.99 7.79 115.75 381.35
homfam cys 4316 13 198.11 284 40.5 94.6 94.2 71.6 82.2 832.0578 0:13:52 15151.27 105060.70 14737.30 14946.20 1.99 6.20 150.53 1260.44
homfam ghf11 521 5 167.758 202 49.5 94.6 94.4 84.9 86.8 277.2146 0:04:37 11464.06 102991.11 10950.49 11067.50 1.99 1.15 128.58 358.07
homfam blmb 17200 6 192.465 344 20.6 68.6 72.9 38.5 49.7 3154.4816 0:52:34 12946.29 103019.38 12392.95 12532.87 1.98 18.73 167.49 5281.64
homfam aadh 3127 8 225.129 542 38.2 81.7 85.0 49.7 55.9 1172.1730 0:19:32 14978.99 104808.52 14481.04 14689.88 1.99 4.38 156.93 1849.51
homfam DEATH 1183 7 80.5689 159 19.6 91.4 91.5 68.5 75.7 212.0494 0:03:32 11006.45 100853.05 10475.18 10615.07 1.99 1.31 121.63 259.01
homfam Sulfotransfer 2489 5 235.798 381 26.2 79.5 80.1 53.0 62.0 1356.0858 0:22:36 15199.29 105109.50 14817.72 14958.37 1.99 4.02 162.37 2209.35
homfam serpin 3144 8 291.462 418 34.3 95.8 95.1 83.9 90.1 1393.2813 0:23:13 14759.19 104583.27 14255.80 14372.73 1.99 6.79 150.15 2097.85
homfam proteasome 5732 17 174.347 309 21.7 83.6 84.1 30.7 45.6 874.8372 0:14:34 7135.98 99012.07 6632.77 6762.55 84.00 0.78 107.38 940.86
homfam zf-CCHH 88345 15 23.2513 39 35.5 95.7 95.8 85.7 89.3 725.5255 0:12:05 11605.10 102939.76 11050.37 11156.35 1.95 42.07 114.75 834.13
homfam egf 7774 12 32.0765 71 31.1 71.2 73.7 27.9 31.6 240.7133 0:04:00 15079.20 104988.05 14694.27 14904.78 1.98 4.78 121.82 298.69
homfam annexin 3139 6 65.1902 323 57.2 99.3 99.8 98.7 98.7 471.7079 0:07:51 15070.63 104984.63 14705.43 14868.37 1.99 3.70 151.99 718.48
homfam OTCace 4795 5 157.005 350 37.3 95.8 96.4 86.9 89.3 614.7468 0:10:14 15086.82 105009.73 14707.51 14916.46 1.99 4.95 126.60 779.75
homfam rnasemam 498 6 120.072 141 42.2 93.0 90.0 69.4 83.0 188.9717 0:03:08 15091.55 104982.34 14661.52 14824.49 1.99 0.96 114.03 216.97
homfam adh 21331 5 123.64 375 63.9 98.9 98.9 97.6 97.9 1619.7151 0:26:59 15101.32 104952.23 14663.25 14769.15 1.98 19.04 145.25 2351.97
homfam il8 1073 11 63.7623 81 34.5 91.4 90.7 62.3 73.3 168.5400 0:02:48 15132.12 105057.37 14839.83 14911.09 1.99 1.09 97.07 165.61
homfam hr 3707 5 65.1513 82 53.3 97.9 98.6 92.4 97.4 253.4295 0:04:13 15076.69 104983.67 14707.02 14846.98 1.99 2.52 116.93 305.59
homfam ChtBD 774 5 38.2713 45 59.3 99.3 99.0 95.3 97.1 143.1200 0:02:23 15068.71 104980.36 14703.53 14913.08 1.99 2.90 118.87 171.65
homfam gluts 10099 14 98.1117 235 39.4 91.9 91.9 68.2 71.5 1394.8839 0:23:14 15083.61 104990.20 14711.32 14829.00 1.98 8.21 157.92 2210.11
homfam ghf5 2717 6 260.466 470 17.8 65.6 69.2 35.7 50.7 1477.6804 0:24:37 13832.92 103658.62 13517.09 13657.32 1.99 8.06 159.71 2361.31
homfam ghf13 12607 10 264.452 626 26.8 59.8 62.0 25.1 33.4 5366.4444 1:29:26 12618.79 103319.41 12266.13 12337.26 1.99 45.32 170.89 9170.27
homfam PDZ 14950 6 80.8907 110 30.6 88.2 88.4 74.7 77.7 683.5686 0:11:23 15055.98 104969.78 14589.91 14707.50 1.98 11.11 126.98 874.17
homfam az 1086 29 100.416 215 33.4 74.6 75.5 40.2 43.1 236.0606 0:03:56 15094.72 105006.37 14741.17 14835.45 1.99 1.39 133.05 322.45
homfam hla 13465 5 153.148 178 76.5 99.7 100.0 99.4 99.4 693.6048 0:11:33 12829.06 102919.86 12452.22 12592.65 1.99 13.46 108.98 763.53
homfam slectin 932 5 133.052 142 33.3 93.7 95.1 85.4 88.9 334.1361 0:05:34 15119.28 105032.36 15137.53 15164.62 1.99 2.21 150.86 504.95
homfam GEL 2195 5 78.1157 150 23.7 71.8 72.3 41.1 57.9 277.9090 0:04:37 15064.53 104983.48 14703.17 14843.83 1.99 3.82 108.26 307.95
homfam kringle 1091 9 75.9138 100 43.3 93.7 93.3 75.3 79.3 179.5915 0:02:59 14731.83 104557.02 14276.80 14418.21 1.99 1.21 118.13 213.26
homfam p450 21013 12 331.506 512 20.8 82.7 83.0 44.1 54.9 5561.4174 1:32:41 8572.91 103261.21 8068.47 8302.65 5.98 32.56 141.52 7867.02
homfam gpdh 7691 8 129.082 360 55.1 96.4 96.5 89.7 92.0 797.3133 0:13:17 14914.06 104737.96 14434.74 14644.38 1.99 7.73 132.67 1067.09
homfam int 7572 5 168.037 219 22.5 84.6 86.8 64.4 70.8 1268.1099 0:21:08 14013.81 103837.93 13510.08 13649.97 1.98 8.35 153.00 1947.92
homfam KAS 2070 6 174.528 404 31.7 79.5 82.8 53.8 61.3 556.9027 0:09:16 14551.07 104382.98 14054.21 14217.12 2.24 2.57 125.60 700.54
homfam trfl 837 7 242.315 702 61.9 94.4 94.8 88.6 88.3 1089.1493 0:18:09 14281.16 104105.58 13776.43 13882.25 1.99 1.56 147.85 1618.43
homfam TNF 556 5 119.903 176 32.0 86.8 86.1 70.7 74.7 212.1179 0:03:32 13116.49 103167.16 12627.11 12744.04 1.99 1.87 123.37 263.30
homfam scorptoxin 363 8 53.2562 74 46.3 89.4 89.4 71.2 77.0 141.8290 0:02:21 15068.15 105046.33 14671.44 14835.62 1.99 1.05 119.25 170.57
homfam aldosered 13277 7 268.547 386 41.6 86.2 89.2 67.1 74.9 2682.0717 0:44:42 11492.77 103271.59 11076.16 11216.50 1.98 18.39 144.10 3860.07
homfam rrm 27610 20 67.4587 157 22.9 82.4 81.4 20.7 30.6 639.6691 0:10:39 14255.12 104080.39 13775.80 13985.43 1.98 17.83 111.02 711.75
