homfam ricin 747 7 198.708 281 37.5 91.8 91.6 77.3 85.2 831.7275 0:13:51 8331.05 100138.64 7853.02 8023.66 1.99 1.38 125.33 1050.45

homfam ghf10 1502 5 220.34 364 43.3 93.7 93.9 81.7 86.9 1770.7238 0:29:30 8755.58 100756.60 8250.67 8390.01 1.99 2.77 143.28 2546.36

homfam seatoxin 93 5 43.6344 54 42.6 80.3 80.0 40.8 43.5 357.0942 0:05:57 7627.96 97791.84 7262.38 7429.12 1.99 0.64 88.21 316.49

homfam mofe 2567 6 353.074 609 30.0 85.6 88.3 68.3 74.7 2632.2014 0:43:52 14882.95 105023.48 14361.44 14489.06 1.99 4.47 159.09 4198.32

homfam cyt3 385 6 92.3065 130 40.3 77.8 79.4 55.1 63.4 371.3664 0:06:11 8176.19 98093.94 7673.08 7843.70 1.99 0.89 94.54 352.65

homfam ins 793 6 65.2825 74 44.9 82.9 86.5 52.2 73.6 591.9086 0:09:51 15206.57 105320.31 14765.65 14911.27 1.99 1.40 110.88 666.78

homfam Ald_Xan_dh_2 2589 6 109.304 885 31.8 83.5 83.5 64.3 72.5 3709.5532 1:01:49 15272.25 105396.55 14825.45 14975.34 9.99 5.23 163.99 6089.66

homfam tms 2118 5 264.245 357 45.9 95.3 95.3 84.2 89.2 2031.6193 0:33:51 9064.06 101211.74 8560.82 8679.39 1.99 3.56 143.94 2931.28

homfam phc 2957 12 98.4711 179 37.2 72.5 94.2 40.8 39.4 965.4969 0:16:05 15251.96 105371.63 14837.55 15006.29 1.99 3.02 146.45 1415.77

homfam cytb 3206 6 82.1454 100 35.6 86.9 86.9 64.1 72.2 1206.1803 0:20:06 8228.87 100120.36 7725.19 7877.13 45.99 2.71 142.22 1728.16

homfam mmp 1427 6 157.93 180 55.1 95.5 96.4 85.2 90.8 1397.9848 0:23:17 12003.64 102044.14 11483.86 11620.82 5.99 4.24 146.22 2049.75

homfam phoslip 946 18 113.33 137 48.9 96.3 96.2 76.5 87.0 540.5934 0:09:00 15196.76 105321.34 14736.86 14852.90 1.99 1.32 98.80 540.57

homfam HLH 6781 5 53.5453 92 28.1 87.4 92.5 65.5 77.1 1045.0327 0:17:25 15313.27 105376.22 14740.49 14856.63 1.99 4.34 117.61 1238.18

homfam myb_DNA-binding 10398 5 46.5583 61 40.7 96.8 95.6 83.9 90.0 768.8379 0:12:48 14387.37 104429.00 13834.51 13950.38 1.98 6.18 118.76 919.68

homfam msb 4884 8 106.037 158 26.6 84.3 86.2 57.9 70.5 731.7984 0:12:11 15209.00 105349.85 14788.29 14938.85 1.98 4.36 118.92 879.44

homfam ghf1 4358 8 403.813 562 38.4 91.0 91.4 68.2 76.5 5308.5616 1:28:28 10319.30 102120.82 9815.18 10049.23 829.99 7.87 155.72 8270.53

homfam rvp 93681 6 94.2886 132 36.6 78.4 78.3 51.4 57.8 2921.8134 0:48:41 10100.43 101686.94 9595.77 9830.22 10.09 58.54 114.16 3344.99

homfam lyase_1 7632 5 295.082 511 30.9 85.4 85.5 69.0 72.9 3391.8139 0:56:31 9845.27 101191.10 9341.45 9470.67 1.99 10.13 148.13 5032.51

homfam ldh 7367 14 121.378 371 31.9 90.3 89.7 61.1 73.0 1734.1165 0:28:54 8431.98 99914.46 8371.70 8398.80 1.99 7.54 143.76 2500.67

homfam subt 7517 11 301.598 414 39.5 76.8 79.6 28.1 36.1 10681.7126 2:58:01 9558.12 101901.38 9054.61 9183.72 1.98 12.09 174.27 18614.20

homfam sodfe 4455 8 77.4471 219 42.3 91.2 90.3 65.1 68.9 892.1823 0:14:52 15244.16 105373.82 14779.93 14907.66 1.99 3.36 134.34 1199.98

homfam LIM 6428 5 57.0143 86 52.8 97.3 97.3 86.6 94.2 550.3353 0:09:10 15204.35 105326.17 15224.42 15251.08 1.99 4.14 117.83 649.93

homfam blm 9105 8 300.727 274 39.1 76.7 82.2 58.1 60.3 5835.3578 1:37:15 12205.25 102278.40 11647.46 11876.35 13.91 13.46 166.49 9720.61

homfam DMRL_synthase 2099 5 140.59 182 33.2 92.8 89.9 74.6 83.3 719.9171 0:11:59 8033.61 98220.85 7563.09 7715.82 1.99 2.30 120.61 872.33

homfam tRNA-synt_2b 11293 5 177.564 467 18.7 48.4 49.3 27.6 38.5 3300.5091 0:55:00 8714.34 100924.38 8209.46 8339.22 1.99 23.40 165.29 5455.02

homfam Stap_Strp_toxin 640 6 87.3922 254 32.5 79.4 78.9 48.6 54.1 636.8329 0:10:36 8255.72 98190.43 7871.77 7991.13 1.99 1.00 124.55 794.62

homfam Acetyltransf 46285 6 82.9897 229 24.1 65.5 65.1 35.4 45.5 4601.8806 1:16:41 9050.04 100683.65 8544.87 8697.56 25.95 34.06 165.75 7638.42

homfam ghf22 760 12 107.567 131 51.4 93.5 93.7 80.8 84.4 404.0111 0:06:44 15202.69 105321.31 14727.50 14878.08 1.99 1.39 107.37 435.26

homfam sdr 50157 13 163.253 361 23.3 79.8 79.1 34.7 45.0 4833.2409 1:20:33 9652.42 101726.89 9319.74 9486.08 1.96 55.54 143.36 6940.67

homfam ltn 1068 12 204.148 282 49.9 94.3 94.4 69.6 78.7 1131.0040 0:18:51 8651.48 99917.26 8147.47 8318.25 13.99 1.81 137.76 1566.77

homfam hpr 3349 5 83.0427 89 44.4 99.3 99.3 97.7 98.5 522.5992 0:08:42 15199.67 105323.70 14758.76 14913.29 1.99 2.94 120.12 629.25

homfam bowman 499 5 26.1443 73 64.9 94.5 94.5 82.9 84.9 316.6811 0:05:16 15210.23 105320.28 14735.43 14862.28 1.99 1.02 81.01 258.16

homfam hip 167 5 66.2096 88 33.4 85.2 84.2 61.9 69.8 415.8827 0:06:55 7761.36 97945.31 7258.05 7379.73 1.99 0.98 81.37 339.86

homfam HMG_box 4779 5 66.0716 89 24.8 97.3 96.2 85.2 93.9 588.8474 0:09:48 14081.50 104508.55 13564.00 13714.03 1.99 3.54 115.23 679.84

homfam icd 5678 5 328.887 433 41.7 93.4 93.8 81.8 85.7 4047.5005 1:07:27 14260.84 104301.51 13854.71 13962.53 1.99 8.76 153.39 6218.16

homfam peroxidase 4514 5 256.626 383 37.3 82.3 84.9 57.9 62.0 3687.6174 1:01:27 8882.84 100944.89 8482.85 8593.87 1.99 6.68 164.56 6078.29

homfam asp 3262 13 284.142 381 37.5 91.8 92.1 75.1 79.8 2610.5169 0:43:30 15198.59 105323.68 14787.34 14914.75 1.99 5.24 158.80 4144.29

homfam flav 4612 6 138.021 183 35.0 82.9 83.8 56.0 63.6 1374.0613 0:22:54 15245.57 105739.86 14689.38 14839.33 1.99 4.53 122.32 1690.02

homfam cah 1379 5 212.706 279 38.7 88.3 88.5 68.3 75.2 1144.5218 0:19:04 14929.80 104971.10 14384.51 14511.80 29.99 2.46 150.08 1720.98

homfam ace 3989 6 427.824 601 37.3 86.4 87.4 67.6 75.0 6932.8595 1:55:32 10626.07 102470.12 10259.39 10342.82 1.98 8.57 161.81 11224.10

homfam sti 613 5 165.383 198 36.4 88.2 87.2 67.9 75.5 577.5239 0:09:37 15221.89 105345.27 14751.45 14878.50 1.99 1.40 92.75 537.06

homfam aat 25100 10 337.807 476 28.6 69.0 70.5 29.9 35.6 8214.6492 2:16:54 10816.28 102651.09 10312.64 10441.79 1.98 36.46 154.11 12667.20

homfam oxidored_q6 3348 5 123.044 285 56.7 94.1 94.1 88.7 90.0 1221.6959 0:20:21 15181.77 105223.70 14728.43 14882.50 1.99 3.47 147.53 1811.79

homfam hormone_rec 3509 5 188.562 308 21.5 73.5 75.8 48.8 62.6 1686.8719 0:28:06 8836.27 100690.96 8470.11 8617.36 1.99 3.79 153.18 2592.44

homfam rhv 17976 6 143.424 938 33.1 37.4 47.9 1.3 0.1 13228.1240 3:40:28 15216.59 105338.71 14801.67 14917.93 1.99 15.35 155.63 20588.89

homfam tgfb 1606 8 95.4645 118 43.8 86.5 89.3 46.2 52.3 495.1285 0:08:15 15190.10 105538.84 14780.89 14948.91 1.99 1.57 106.74 529.48

homfam cryst 1160 7 80.8078 192 44.4 92.8 92.6 74.6 77.3 570.6606 0:09:30 15194.85 105704.36 14728.71 14911.90 1.99 1.31 103.29 590.93

homfam cyclo 6288 6 159.069 203 44.1 90.0 91.0 79.4 81.7 1937.8118 0:32:17 14659.84 104700.70 14115.43 14242.85 1.99 7.43 155.69 3027.97

homfam kunitz 2266 10 53.752 64 37.9 98.9 98.9 95.0 94.7 454.0951 0:07:34 9862.35 99802.50 9300.59 9469.34 1.99 1.89 103.53 471.59

homfam Rhodanese 14049 6 102.277 216 22.7 63.6 69.9 38.5 36.5 2356.7475 0:39:16 15216.87 105258.30 14743.39 14873.38 1.98 11.67 147.52 3477.85

homfam sodcu 2038 7 141.322 169 42.2 90.5 90.7 77.1 81.1 773.2330 0:12:53 14776.96 104872.34 14235.37 14362.78 1.99 2.71 123.69 959.56

homfam profilin 687 5 123.371 144 39.7 94.8 94.9 87.5 89.3 519.3974 0:08:39 15197.78 105320.29 14754.48 14882.11 1.99 1.20 94.98 494.75

homfam glob 3983 41 100.684 174 31.7 95.1 94.9 70.0 71.8 759.8317 0:12:39 8201.49 100314.23 7699.39 7817.40 1.99 3.71 117.22 896.73

homfam tim 3904 10 205.645 260 47.5 98.2 98.2 92.3 95.2 1958.0201 0:32:38 15215.98 105348.76 14907.20 14988.56 1.99 5.27 141.36 2771.43

homfam uce 4558 13 134.701 184 34.0 89.6 91.4 62.7 70.2 1213.7390 0:20:13 15248.78 105374.83 14887.97 15038.64 1.99 4.28 140.16 1703.76

homfam toxin 508 20 62.311 78 43.1 94.0 92.1 64.9 75.0 366.1032 0:06:06 7856.75 98021.03 7353.45 7513.92 1.99 0.96 83.32 306.62

homfam rub 1435 5 46.1575 54 62.1 98.4 98.4 92.6 93.5 311.5967 0:05:11 15235.25 105762.42 14746.60 14874.05 1.99 1.55 90.22 282.68

homfam hom 12037 8 53.4951 98 35.3 94.1 94.0 65.2 81.1 796.9527 0:13:16 15248.95 105332.05 14694.85 14822.26 1.99 6.98 112.31 896.58

homfam biotin_lipoyl 11833 7 71.8928 112 28.9 95.9 94.3 81.2 84.2 969.6480 0:16:09 13113.04 103153.42 12532.66 12648.71 1.99 7.80 119.00 1155.34

homfam cys 4316 13 198.11 284 40.5 94.9 94.4 73.1 82.5 1918.2665 0:31:58 8572.32 100304.50 8271.76 8329.40 1.98 11.86 155.71 2986.20

homfam ghf11 521 5 167.758 202 49.5 93.9 93.8 82.8 84.2 656.7658 0:10:56 8458.20 98605.82 8093.11 8176.45 0.00 0.02 107.98 5.24

homfam blmb 17200 6 192.465 344 20.6 63.8 68.1 35.3 44.9 7810.0564 2:10:10 15213.98 105337.64 14764.89 14925.84 29.98 19.46 178.13 13922.23

homfam aadh 3127 8 225.129 542 38.2 86.0 86.3 53.1 58.8 2233.2732 0:37:13 14807.57 104898.41 14236.77 14387.22 1.99 4.57 155.70 3486.58

homfam DEATH 1183 7 80.5689 159 19.6 70.8 72.3 30.6 41.4 581.1209 0:09:41 15275.70 105396.34 14811.40 14927.54 1.99 1.34 90.61 528.11

homfam Sulfotransfer 2489 5 235.798 381 26.2 66.4 77.8 40.5 47.5 3180.6829 0:53:00 15255.80 105297.54 14811.02 14926.90 1.99 4.15 167.79 5346.33

homfam serpin 3144 8 291.462 418 34.3 95.9 95.2 84.2 90.3 2850.0302 0:47:30 15198.74 105323.68 14761.43 14892.35 1.99 4.59 151.44 4324.82

homfam proteasome 5732 17 174.347 309 21.7 85.1 82.9 36.2 54.3 1382.4118 0:23:02 15197.38 105326.08 14789.59 14916.90 1.98 6.05 141.11 1957.25

homfam zf-CCHH 88345 15 23.2513 39 35.5 96.9 96.2 88.6 93.0 2226.9548 0:37:06 15379.11 105500.95 14942.56 15069.86 65.95 42.11 114.79 2558.83

homfam egf 7774 12 32.0765 71 31.1 73.5 74.1 27.9 31.6 601.7075 0:10:01 14720.86 104775.88 14140.12 14256.16 1.98 4.87 104.90 635.26

homfam annexin 3139 6 65.1902 323 57.2 100.0 100.0 100.0 100.0 1429.1571 0:23:49 15203.08 105323.66 14746.90 14874.08 1.99 2.64 136.45 1951.62

homfam OTCace 4795 5 157.005 350 37.3 95.2 95.2 84.6 87.5 1365.0030 0:22:45 15331.40 105399.87 14764.79 14880.30 1.99 5.33 139.94 1911.45

homfam rnasemam 498 6 120.072 141 42.2 93.1 89.9 69.4 80.2 408.3897 0:06:48 15204.39 105320.24 14729.59 14857.36 1.99 1.22 97.17 398.37

homfam adh 21331 5 123.64 375 63.9 95.4 96.0 88.5 88.8 3250.3340 0:54:10 8697.34 100606.86 8192.61 8373.47 0.00 0.02 156.21 17.18

homfam il8 1073 11 63.7623 81 34.5 91.4 91.1 68.8 78.4 387.2705 0:06:27 15301.25 105787.34 14734.61 14862.18 1.99 1.40 98.41 382.60

homfam hr 3707 5 65.1513 82 53.3 99.1 99.1 94.9 99.1 649.4225 0:10:49 12180.89 103475.98 11622.20 11776.40 173.99 2.88 105.21 686.17

homfam ChtBD 774 5 38.2713 45 59.3 99.3 99.0 95.3 97.1 349.0474 0:05:49 15269.94 105346.29 14709.94 14826.01 0.00 0.02 87.00 4.17

homfam gluts 10099 14 98.1117 235 39.4 87.6 89.2 64.8 69.6 2525.1567 0:42:05 8502.55 100284.68 7998.82 8150.94 1.98 10.10 160.17 4055.77

homfam ghf5 2717 6 260.466 470 17.8 65.8 66.5 35.0 48.9 3561.0887 0:59:21 15190.31 105323.56 14799.28 14926.74 1.99 8.34 164.46 5854.99

homfam ghf13 12607 10 264.452 626 26.8 64.5 65.0 27.0 35.6 8226.5011 2:17:06 10411.29 101496.12 9894.71 10071.61 1.99 16.53 173.99 14322.98

homfam PDZ 14950 6 80.8907 110 30.6 85.6 85.6 71.7 74.3 1308.1081 0:21:48 11814.59 101856.86 11408.84 11516.66 1.98 11.05 139.44 1832.05

homfam az 1086 29 100.416 215 33.4 77.2 77.4 43.5 47.5 535.3430 0:08:55 7972.14 97925.75 7606.54 7745.05 1.99 1.77 112.04 601.34

homfam hla 13465 5 153.148 178 76.5 100.0 100.0 100.0 100.0 1552.3355 0:25:52 12940.64 102981.71 12422.48 12537.61 1.99 13.96 121.68 1896.34

homfam slectin 932 5 133.052 142 33.3 95.1 94.9 86.9 90.5 810.6800 0:13:30 15246.84 105320.32 14685.63 14860.97 1.99 1.66 110.45 906.22

homfam GEL 2195 5 78.1157 150 23.7 74.4 73.5 39.0 55.8 697.1974 0:11:37 8289.80 99499.77 7785.11 7937.92 1.99 1.97 114.08 808.13

homfam kringle 1091 9 75.9138 100 43.3 94.1 93.5 78.7 82.2 426.7354 0:07:06 15223.70 105346.34 14809.54 14937.18 1.99 1.33 95.04 407.02

homfam p450 21013 12 331.506 512 20.8 80.7 79.8 42.9 53.6 11686.8198 3:14:46 11128.30 103177.01 10654.24 10772.02 1.98 32.75 157.41 18405.16

homfam gpdh 7691 8 129.082 360 55.1 96.4 96.3 88.8 91.7 1957.8640 0:32:37 15203.80 105328.30 14780.16 14921.21 1.99 8.07 135.27 2660.06

homfam int 7572 5 168.037 219 22.5 86.4 87.4 67.3 74.1 2316.4391 0:38:36 15318.60 105787.29 14807.91 15017.95 1.98 8.29 154.87 3597.95

homfam KAS 2070 6 174.528 404 31.7 86.3 86.3 68.5 74.8 1123.4032 0:18:43 15201.56 105321.49 14785.74 14901.86 1.99 2.85 141.83 1594.75

homfam trfl 837 7 242.315 702 61.9 94.6 95.8 88.7 87.8 2045.8429 0:34:05 14572.06 104695.02 14035.33 14165.29 1.99 2.46 163.26 3341.84

homfam TNF 556 5 119.903 176 32.0 85.8 85.1 70.1 75.0 479.5489 0:07:59 15202.88 105320.28 14745.83 14862.04 1.99 1.28 94.72 455.80

homfam scorptoxin 363 8 53.2562 74 46.3 89.3 88.4 69.9 76.4 313.7532 0:05:13 12952.15 102993.71 12457.05 12634.56 1.99 0.74 85.18 268.78

homfam aldosered 13277 7 268.547 386 41.6 86.7 89.8 68.0 75.6 4917.9908 1:21:57 11695.40 102142.50 11138.18 11264.83 1.98 18.25 153.99 7583.84

homfam rrm 27610 20 67.4587 157 22.9 86.2 84.6 22.5 30.7 1249.5202 0:20:49 15221.17 105346.47 14809.75 14925.44 33.98 17.86 127.16 1591.60

