homfam ricin 747 7 198.708 281 37.5 91.5 91.3 77.3 84.4 887.4642 0:14:47 8452.10 99938.36 7908.29 8029.66 1.99 1.67 125.85 1124.02
homfam ghf10 1502 5 220.34 364 43.3 92.5 92.6 79.6 85.0 1709.3829 0:28:29 8940.32 100770.81 8390.03 8519.74 1.99 2.80 147.74 2533.96
homfam seatoxin 93 5 43.6344 54 42.6 85.2 85.6 59.2 60.0 336.8122 0:05:36 7980.03 98023.61 7488.25 7594.02 1.99 0.64 92.53 313.13
homfam mofe 2567 6 353.074 609 30.0 86.2 88.8 69.1 75.9 3003.5776 0:50:03 9806.54 101492.67 9302.44 9481.23 1.99 4.38 163.34 4914.51
homfam cyt3 385 6 92.3065 130 40.3 81.8 81.3 61.0 69.3 440.1159 0:07:20 8038.38 98281.00 7534.46 7663.95 0.00 0.02 92.00 4.54
homfam ins 793 6 65.2825 74 44.9 87.9 88.7 59.4 84.0 648.3031 0:10:48 8225.32 100038.59 7795.32 7925.40 1.99 1.45 122.18 798.24
homfam Ald_Xan_dh_2 2589 6 109.304 885 31.8 83.6 83.8 63.9 72.5 3663.0568 1:01:03 8308.68 100174.47 7804.18 7956.71 5.99 5.29 163.12 5975.52
homfam tms 2118 5 264.245 357 45.9 95.4 95.0 84.6 89.8 2243.4587 0:37:23 9036.43 101054.16 8531.80 8650.12 0.00 0.02 160.90 15.12
homfam phc 2957 12 98.4711 179 37.2 73.9 91.9 38.0 42.0 958.3951 0:15:58 8245.57 99984.04 7758.33 7939.00 1.99 2.96 150.03 1445.11
homfam cytb 3206 6 82.1454 100 35.6 92.0 92.2 72.8 80.2 1225.9894 0:20:25 8091.94 100118.79 7725.37 7808.74 13.99 2.98 150.20 1851.83
homfam mmp 1427 6 157.93 180 55.1 97.7 97.6 89.9 95.0 1403.5101 0:23:23 8473.00 100272.16 8015.06 8164.42 1.99 2.26 134.89 1899.88
homfam phoslip 946 18 113.33 137 48.9 94.6 94.4 72.1 81.8 551.9583 0:09:11 8080.30 99489.37 7632.94 7757.41 1.99 1.30 101.96 567.66
homfam HLH 6781 5 53.5453 92 28.1 88.9 93.7 66.7 77.2 936.9681 0:15:36 8332.89 100242.32 7828.38 7958.33 1.99 3.98 129.16 1217.99
homfam myb_DNA-binding 10398 5 46.5583 61 40.7 96.8 95.6 83.9 90.0 754.3058 0:12:34 8169.45 99488.21 7664.78 7845.44 1.98 6.34 116.44 886.01
homfam msb 4884 8 106.037 158 26.6 86.3 87.3 57.9 71.2 801.3599 0:13:21 8143.70 98250.73 7595.41 7803.20 1.98 4.43 118.63 952.51
homfam ghf1 4358 8 403.813 562 38.4 91.5 91.7 69.8 77.9 4856.8513 1:20:56 11220.28 102449.93 10715.22 10844.62 1.99 7.99 163.73 7961.81
homfam rvp 93681 6 94.2886 132 36.6 88.7 88.1 67.6 74.2 2658.3693 0:44:18 10369.73 101735.39 10003.14 10169.11 0.00 75.69 134.55 3577.06
homfam lyase_1 7632 5 295.082 511 30.9 83.7 83.8 66.2 70.3 3333.4845 0:55:33 9649.05 101035.98 9163.38 9292.80 1.99 10.60 162.84 5437.00
homfam ldh 7367 14 121.378 371 31.9 89.9 89.2 60.3 72.3 1869.5405 0:31:09 8616.74 98694.85 8112.79 8242.58 1.99 11.10 155.49 2908.36
homfam subt 7517 11 301.598 414 39.5 76.4 77.5 28.8 37.0 10629.5056 2:57:09 9962.95 101760.87 9623.92 9675.73 7.06 12.43 175.02 18612.35
homfam sodfe 4455 8 77.4471 219 42.3 91.2 90.1 65.1 68.9 1121.5357 0:18:41 8251.80 98347.61 7797.77 7916.05 1.99 3.37 119.18 1338.19
homfam LIM 6428 5 57.0143 86 52.8 97.3 97.3 86.6 94.2 654.2460 0:10:54 8040.26 98128.01 7539.59 7698.28 1.99 5.79 107.76 706.51
homfam blm 9105 8 300.727 274 39.1 81.4 87.7 56.9 59.1 6442.9244 1:47:22 10637.55 102058.48 10132.78 10285.06 53.98 13.23 170.32 10981.31
homfam DMRL_synthase 2099 5 140.59 182 33.2 93.0 90.1 74.0 83.2 867.2373 0:14:27 8310.88 98548.51 7849.40 8037.27 1.99 3.25 120.76 1049.02
homfam tRNA-synt_2b 11293 5 177.564 467 18.7 53.9 52.0 27.0 37.7 3292.9872 0:54:52 8888.01 100693.46 8325.54 8454.95 1.99 12.15 164.55 5431.47
homfam Stap_Strp_toxin 640 6 87.3922 254 32.5 86.2 85.8 55.6 63.5 677.8341 0:11:17 8242.88 98333.62 7738.21 7916.17 1.99 0.98 128.07 869.71
homfam Acetyltransf 46285 6 82.9897 229 24.1 58.2 64.3 33.9 43.0 2146.6256 0:35:46 9551.05 101285.73 8997.83 9139.54 33.96 33.28 151.46 3254.53
homfam ghf22 760 12 107.567 131 51.4 95.1 95.1 81.5 84.9 489.7309 0:08:09 8118.20 98360.19 7614.57 7770.76 1.99 1.40 99.26 487.58
homfam sdr 50157 13 163.253 361 23.3 67.5 71.3 34.1 44.5 4224.1708 1:10:24 11015.93 102563.20 10512.65 10747.39 1.97 54.94 155.01 6557.76
homfam ltn 1068 12 204.148 282 49.9 94.2 94.2 70.8 80.0 1040.1921 0:17:20 8585.80 99926.69 8082.11 8262.38 1.99 2.11 132.21 1376.91
homfam hpr 3349 5 83.0427 89 44.4 99.3 99.3 97.7 98.5 615.9598 0:10:15 7896.66 98145.00 7565.61 7705.75 1.99 3.00 111.83 690.37
homfam bowman 499 5 26.1443 73 64.9 94.5 94.5 82.9 84.9 343.6580 0:05:43 7856.95 97924.13 7531.26 7672.29 1.99 1.03 84.72 292.60
homfam hip 167 5 66.2096 88 33.4 86.3 85.5 60.7 72.4 431.3513 0:07:11 8054.14 98232.07 7688.34 7791.62 1.99 0.70 83.10 359.92
homfam HMG_box 4779 5 66.0716 89 24.8 97.3 96.2 85.2 93.9 615.1292 0:10:15 7978.60 98102.02 7516.46 7646.41 1.99 3.52 115.10 709.42
homfam icd 5678 5 328.887 433 41.7 94.5 94.6 83.7 87.4 3926.9381 1:05:26 10202.95 101730.25 9698.94 9816.64 5.99 8.38 158.10 6216.67
homfam peroxidase 4514 5 256.626 383 37.3 78.5 79.7 47.0 51.1 3862.8171 1:04:22 9356.32 101018.95 8851.48 9003.93 1.99 6.63 169.04 6530.55
homfam asp 3262 13 284.142 381 37.5 91.9 92.0 75.9 81.2 2928.8802 0:48:48 9610.23 101391.99 9550.48 9577.09 1.99 5.69 162.62 4770.81
homfam flav 4612 6 138.021 183 35.0 85.8 86.1 65.7 67.7 1465.9984 0:24:25 8305.66 100165.74 7779.67 7935.65 1.99 4.57 138.86 2043.62
homfam cah 1379 5 212.706 279 38.7 92.4 92.6 78.2 84.3 1477.6767 0:24:37 9171.32 100103.52 9006.91 9033.29 324.00 0.46 144.76 2144.92
homfam ace 3989 6 427.824 601 37.3 88.8 89.8 70.9 77.4 5757.3024 1:35:57 11140.70 102618.89 10635.95 10754.24 1.98 8.26 165.12 9506.88
homfam sti 613 5 165.383 198 36.4 87.7 87.5 69.0 75.8 556.9598 0:09:16 8332.32 98572.56 7828.62 8000.42 1.99 1.43 109.97 614.13
homfam aat 25100 10 337.807 476 28.6 79.0 79.5 40.8 45.6 8406.7649 2:20:06 11925.34 103798.39 11465.05 11617.26 1.98 36.28 164.31 13820.89
homfam oxidored_q6 3348 5 123.044 285 56.7 93.1 93.4 86.8 88.7 1268.9287 0:21:08 8442.29 100211.44 7937.73 8095.25 0.00 0.02 155.38 9.49
homfam hormone_rec 3509 5 188.562 308 21.5 70.8 71.9 42.3 54.0 1707.1894 0:28:27 8669.59 100495.63 8334.73 8418.57 1.99 6.25 154.75 2640.70
homfam rhv 17976 6 143.424 938 33.1 37.8 48.8 4.2 3.4 12602.4867 3:30:02 9058.96 100976.85 8559.43 8738.50 2.03 15.55 165.59 20874.50
homfam tgfb 1606 8 95.4645 118 43.8 85.7 88.3 44.4 47.5 551.0231 0:09:11 8080.46 98320.16 7577.86 7735.54 1.99 1.92 112.82 623.21
homfam cryst 1160 7 80.8078 192 44.4 91.9 91.7 68.5 71.8 602.1604 0:10:02 8248.02 98325.34 8090.94 8147.01 1.99 1.31 116.72 704.28
homfam cyclo 6288 6 159.069 203 44.1 88.8 89.6 73.0 80.1 2070.9809 0:34:30 8551.45 100370.47 8017.41 8174.30 1.99 8.77 160.77 3335.77
homfam kunitz 2266 10 53.752 64 37.9 98.9 98.9 95.0 94.7 522.1732 0:08:42 7944.62 98085.60 7484.28 7607.94 1.99 2.18 93.51 489.75
homfam Rhodanese 14049 6 102.277 216 22.7 71.7 77.4 55.2 57.5 2129.2484 0:35:29 8682.02 100574.07 8206.49 8340.49 1.98 11.76 147.96 3155.85
homfam sodcu 2038 7 141.322 169 42.2 90.7 90.6 77.1 81.6 889.6484 0:14:49 8472.44 100226.15 8053.18 8203.33 1.99 2.69 128.10 1144.14
homfam profilin 687 5 123.371 144 39.7 95.4 95.4 89.1 89.4 560.9856 0:09:20 8173.83 100117.06 7671.33 7823.47 0.00 0.02 109.58 5.97
homfam glob 3983 41 100.684 174 31.7 95.9 95.6 71.8 74.7 880.8443 0:14:40 8077.54 99519.61 7712.02 7878.97 1.99 4.73 131.80 1168.22
homfam tim 3904 10 205.645 260 47.5 98.7 98.8 93.1 96.0 1633.2856 0:27:13 9073.60 100694.61 8569.15 8698.96 1.99 4.99 149.23 2445.25
homfam uce 4558 13 134.701 184 34.0 89.8 90.8 63.3 70.5 1262.5710 0:21:02 8392.67 100159.45 7851.46 7981.34 1.99 4.68 156.50 1979.90
homfam toxin 508 20 62.311 78 43.1 92.5 91.0 64.9 73.5 414.0641 0:06:54 7945.40 98158.10 7562.98 7680.27 1.99 1.25 83.92 349.00
homfam rub 1435 5 46.1575 54 62.1 97.6 97.6 88.9 90.2 402.2190 0:06:42 8659.36 98783.00 8155.06 8277.32 1.99 1.57 86.61 349.77
homfam hom 12037 8 53.4951 98 35.3 94.1 94.0 65.2 81.1 835.8841 0:13:55 8214.58 98301.34 7710.40 7833.45 1.99 9.26 116.62 976.25
homfam biotin_lipoyl 11833 7 71.8928 112 28.9 96.1 96.3 83.5 84.2 971.5630 0:16:11 8068.10 98281.29 7553.26 7673.29 1.99 7.92 117.23 1140.41
homfam cys 4316 13 198.11 284 40.5 93.2 92.6 65.7 78.3 1873.6826 0:31:13 9000.20 100702.71 8495.38 8648.31 1.99 5.88 158.72 2980.34
homfam ghf11 521 5 167.758 202 49.5 96.0 95.7 89.6 90.5 680.5819 0:11:20 8213.16 98445.81 7707.79 7892.60 1.99 1.21 119.39 813.97
homfam blmb 17200 6 192.465 344 20.6 65.9 70.4 40.0 48.4 8111.1350 2:15:11 9657.64 101390.71 9186.54 9338.91 1.98 19.12 184.24 14951.14
homfam aadh 3127 8 225.129 542 38.2 84.5 87.6 50.3 56.0 2089.7601 0:34:49 8853.44 100680.48 8349.10 8483.08 1.99 4.24 152.79 3201.71
homfam DEATH 1183 7 80.5689 159 19.6 70.4 72.6 31.5 42.5 559.7904 0:09:19 8106.85 98348.62 7622.21 7761.01 1.99 1.41 111.23 624.10
homfam Sulfotransfer 2489 5 235.798 381 26.2 66.4 78.1 45.3 53.2 3258.7402 0:54:18 9405.55 100909.42 8900.82 9053.66 1.99 4.20 171.12 5585.44
homfam serpin 3144 8 291.462 418 34.3 95.1 94.4 81.4 88.3 3045.8794 0:50:45 9890.95 101756.33 9429.46 9586.18 1.99 4.77 160.28 4883.93
homfam proteasome 5732 17 174.347 309 21.7 82.6 81.2 32.1 47.9 1507.5321 0:25:07 8685.20 100040.91 8624.59 8651.46 1.99 6.29 148.40 2246.54
homfam zf-CCHH 88345 15 23.2513 39 35.5 96.9 96.2 88.6 93.0 1529.1142 0:25:29 8631.70 98717.67 8127.21 8279.09 32.00 0.02 121.01 13.33
homfam egf 7774 12 32.0765 71 31.1 78.2 78.5 33.8 41.8 598.3770 0:09:58 8311.69 98381.14 7808.07 7937.57 1.98 4.55 104.86 631.37
homfam annexin 3139 6 65.1902 323 57.2 100.0 100.0 100.0 100.0 1512.4396 0:25:12 8179.83 98027.43 7676.91 7885.20 5.99 2.53 150.54 2278.32
homfam OTCace 4795 5 157.005 350 37.3 96.4 96.4 89.3 91.7 1363.7562 0:22:43 8349.92 99794.07 7845.18 8025.68 1.99 5.04 161.45 2206.33
homfam rnasemam 498 6 120.072 141 42.2 92.2 89.4 67.9 79.8 383.8585 0:06:23 8083.02 103142.58 7579.30 7743.87 1.99 1.38 118.71 457.04
homfam adh 21331 5 123.64 375 63.9 96.3 96.7 92.8 93.1 2853.8927 0:47:33 9235.43 100814.84 8730.69 8854.58 1.98 18.60 156.45 4473.62
homfam il8 1073 11 63.7623 81 34.5 92.1 91.6 68.8 76.9 417.9223 0:06:57 7998.94 98190.04 7495.76 7645.32 1.99 1.11 103.75 435.19
homfam hr 3707 5 65.1513 82 53.3 99.1 99.1 94.9 99.1 673.0868 0:11:13 7971.41 103196.98 7522.08 7641.20 17.99 2.89 120.02 809.41
homfam ChtBD 774 5 38.2713 45 59.3 98.3 98.1 93.0 94.7 292.0488 0:04:52 8307.19 98251.60 7941.27 8089.47 1.99 1.08 109.78 322.06
homfam gluts 10099 14 98.1117 235 39.4 87.6 88.7 63.5 67.8 2678.7462 0:44:38 8486.89 100188.24 7982.29 8134.73 1.98 8.15 165.02 4429.86
homfam ghf5 2717 6 260.466 470 17.8 68.0 68.3 38.3 53.3 3208.7402 0:53:28 9220.41 101030.62 8696.14 8829.77 1.99 4.40 163.50 5257.16
homfam ghf13 12607 10 264.452 626 26.8 61.7 62.5 28.2 38.7 7694.2880 2:08:14 10282.24 101982.58 9777.05 9907.09 1.99 16.56 175.21 13488.89
homfam PDZ 14950 6 80.8907 110 30.6 82.1 82.9 66.7 68.5 1317.1233 0:21:57 8433.70 100255.23 7904.82 8062.90 1.98 11.09 147.48 1952.90
homfam az 1086 29 100.416 215 33.4 74.1 74.5 41.8 46.3 579.7164 0:09:39 8175.56 98923.73 7619.89 7773.45 1.99 1.79 111.13 650.68
homfam hla 13465 5 153.148 178 76.5 100.0 100.0 100.0 100.0 1360.2395 0:22:40 9149.95 100307.80 8734.56 8969.79 1.99 13.60 141.64 1932.49
homfam slectin 932 5 133.052 142 33.3 95.1 95.0 87.6 91.3 793.1378 0:13:13 8254.14 100119.29 7710.48 7863.36 1.99 1.64 121.95 975.76
homfam GEL 2195 5 78.1157 150 23.7 67.4 68.3 37.7 54.7 726.5791 0:12:06 7959.51 99123.83 7502.45 7633.92 1.99 2.02 123.65 911.80
homfam kringle 1091 9 75.9138 100 43.3 96.3 95.3 82.0 87.0 445.8561 0:07:25 8003.16 98228.64 7523.48 7628.98 1.99 1.32 105.49 471.82
homfam p450 21013 12 331.506 512 20.8 79.3 78.7 38.1 47.4 10365.7477 2:52:45 12515.58 103815.11 12041.36 12220.29 0.00 0.02 163.48 97.31
homfam gpdh 7691 8 129.082 360 55.1 96.0 95.8 87.4 90.2 1948.4935 0:32:28 8674.43 100362.61 8118.45 8248.02 1.99 8.18 153.81 3007.72
homfam int 7572 5 168.037 219 22.5 87.6 88.4 67.8 74.7 2385.4867 0:39:45 8872.94 100667.21 8369.32 8499.03 1.98 8.35 159.62 3820.98
homfam KAS 2070 6 174.528 404 31.7 87.1 87.1 69.0 74.6 1280.7933 0:21:20 8714.42 98864.94 8213.23 8349.03 1.99 3.65 133.79 1719.74
homfam trfl 837 7 242.315 702 61.9 95.3 95.8 90.2 90.0 2661.0760 0:44:21 9114.69 99230.44 8575.82 8705.40 1.99 1.62 162.39 4326.74
homfam TNF 556 5 119.903 176 32.0 86.9 86.0 72.6 76.3 527.9777 0:08:47 8137.26 98375.73 7673.00 7791.11 1.99 1.25 95.69 506.68
homfam scorptoxin 363 8 53.2562 74 46.3 89.7 89.0 72.6 81.1 375.6328 0:06:15 8205.47 98213.38 7701.82 7858.60 1.99 0.74 79.31 299.32
homfam aldosered 13277 7 268.547 386 41.6 88.1 90.4 71.1 77.9 4675.9816 1:17:55 10107.61 103507.94 9640.17 9769.75 21.98 18.91 165.55 7740.72
homfam rrm 27610 20 67.4587 157 22.9 84.4 82.5 22.5 30.7 1653.2661 0:27:33 8786.86 98659.83 8637.94 8695.03 193.97 29.21 118.03 1954.06
