homfam ricin 747 7 198.708 281 37.5 89.9 90.3 72.5 80.5 656.6152 0:10:56 15140.30 105031.51 14653.76 14863.30 1.99 1.35 139.73 923.98
homfam ghf10 1502 5 220.34 364 43.3 91.8 92.0 78.3 84.4 1327.1346 0:22:07 15071.82 105046.57 14703.01 14820.72 1.99 2.44 155.93 2077.52
homfam seatoxin 93 5 43.6344 54 42.6 66.7 64.1 8.2 9.3 163.1028 0:02:43 15094.29 104981.42 14702.49 14820.06 1.99 0.93 104.96 172.55
homfam mofe 2567 6 353.074 609 30.0 83.5 86.6 66.0 72.2 4641.6213 1:17:21 13648.33 103532.74 13338.36 13455.68 1.99 4.41 163.03 7577.15
homfam cyt3 385 6 92.3065 130 40.3 77.6 79.1 57.6 65.8 237.9492 0:03:57 12313.55 102972.30 11799.91 11905.76 1.99 0.91 132.04 315.29
homfam ins 793 6 65.2825 74 44.9 93.3 94.8 66.7 89.9 424.6600 0:07:04 15067.90 104982.50 14676.75 14794.11 1.99 1.46 150.17 644.73
homfam Ald_Xan_dh_2 2589 6 109.304 885 31.8 83.0 83.1 63.5 71.6 2672.6524 0:44:32 15126.42 105096.62 14864.22 15006.46 1.99 3.15 160.48 4296.16
homfam tms 2118 5 264.245 357 45.9 95.9 95.7 85.3 90.7 1800.5935 0:30:00 15107.23 104983.61 14605.21 14745.13 1.99 3.59 157.16 2837.81
homfam phc 2957 12 98.4711 179 37.2 89.6 91.2 66.5 72.3 625.8457 0:10:25 15184.63 105008.73 14804.31 14922.07 1.99 2.65 141.59 894.71
homfam cytb 3206 6 82.1454 100 35.6 92.1 92.7 75.0 81.5 855.4692 0:14:15 15059.25 104883.76 14648.64 14788.55 1.99 2.80 155.59 1338.98
homfam mmp 1427 6 157.93 180 55.1 94.9 96.0 85.8 90.8 1021.4672 0:17:01 15068.27 104981.54 14703.02 14843.42 1.99 1.97 151.57 1553.02
homfam phoslip 946 18 113.33 137 48.9 94.6 94.2 73.5 82.8 407.2043 0:06:47 13969.78 103881.18 13517.33 13634.18 4.00 0.79 105.97 438.16
homfam HLH 6781 5 53.5453 92 28.1 87.4 90.6 65.5 77.1 693.4434 0:11:33 14686.71 104536.57 14270.37 14410.55 1.99 4.04 144.17 1007.71
homfam myb_DNA-binding 10398 5 46.5583 61 40.7 92.4 92.4 78.6 84.0 569.9206 0:09:29 15070.99 104990.34 14809.10 14949.61 1.98 5.89 133.90 771.90
homfam msb 4884 8 106.037 158 26.6 88.2 89.7 60.7 73.3 570.8920 0:09:30 15074.76 104984.85 14663.07 14780.49 1.98 4.74 132.19 761.19
homfam ghf1 4358 8 403.813 562 38.4 91.9 91.9 71.6 78.7 6299.6989 1:44:59 8778.75 100019.72 8276.02 8393.37 1.99 7.62 159.21 10038.89
homfam rvp 93681 6 94.2886 132 36.6 81.1 81.3 52.3 58.9 2730.4434 0:45:30 9484.96 100737.77 8983.02 9216.37 1.99 58.06 122.72 3358.43
homfam lyase_1 7632 5 295.082 511 30.9 82.0 82.1 64.4 68.9 3601.0229 1:00:01 15040.01 104889.27 14549.20 14666.53 1.99 10.48 154.58 5572.24
homfam ldh 7367 14 121.378 371 31.9 89.6 89.2 60.0 69.3 1403.0083 0:23:23 15113.27 104938.15 14871.84 15012.43 1.99 7.23 148.36 2088.86
homfam subt 7517 11 301.598 414 39.5 78.8 80.5 33.2 46.9 10928.5975 3:02:08 8369.76 103343.58 8297.70 8326.72 1.98 12.76 167.08 18260.03
homfam sodfe 4455 8 77.4471 219 42.3 90.3 89.7 64.1 68.4 846.1488 0:14:06 15105.24 105009.84 14702.83 14843.62 1.99 3.32 148.95 1261.93
homfam LIM 6428 5 57.0143 86 52.8 96.3 96.6 85.4 93.1 435.2975 0:07:15 12685.81 103161.24 12518.86 12548.04 1.99 3.83 127.86 558.08
homfam blm 9105 8 300.727 274 39.1 75.7 77.5 48.7 50.7 5519.6134 1:31:59 13265.85 103191.35 12710.75 12828.42 1.98 13.20 158.86 8774.02
homfam DMRL_synthase 2099 5 140.59 182 33.2 92.4 89.8 74.6 83.3 455.3139 0:07:35 15119.41 105072.62 14629.38 14769.84 1.99 2.28 138.42 631.76
homfam tRNA-synt_2b 11293 5 177.564 467 18.7 49.4 48.4 23.3 32.8 3658.3254 1:00:58 13980.04 103816.71 13411.87 13529.53 1.99 11.99 158.30 5795.60
homfam Stap_Strp_toxin 640 6 87.3922 254 32.5 81.1 80.7 47.7 53.6 605.3324 0:10:05 15121.62 105031.47 14752.17 14892.59 1.99 1.30 154.82 938.74
homfam Acetyltransf 46285 6 82.9897 229 24.1 68.4 65.7 35.4 45.5 4059.8450 1:07:39 13873.86 103723.23 13420.33 13629.21 1.97 33.49 165.27 6714.31
homfam ghf22 760 12 107.567 131 51.4 93.3 93.7 80.8 84.4 290.9423 0:04:50 15117.58 105032.48 14712.95 14853.40 1.99 1.36 139.25 406.58
homfam sdr 50157 13 163.253 361 23.3 76.9 77.3 30.9 41.9 4803.3366 1:20:03 9639.77 103001.43 9135.36 9253.64 1.96 55.51 138.57 6656.63
homfam ltn 1068 12 204.148 282 49.9 92.8 93.1 68.4 77.5 995.1686 0:16:35 15071.48 104982.50 14701.84 14808.08 1.99 1.88 148.34 1481.77
homfam hpr 3349 5 83.0427 89 44.4 99.3 99.3 97.7 98.5 400.0444 0:06:40 15049.89 104959.79 14555.84 14672.98 1.99 2.65 135.54 543.80
homfam bowman 499 5 26.1443 73 64.9 94.5 94.5 82.9 84.9 175.2202 0:02:55 15219.96 105130.48 14852.00 15062.27 1.99 0.78 126.10 222.44
homfam hip 167 5 66.2096 88 33.4 86.4 85.4 63.1 74.8 177.0656 0:02:57 15106.55 105030.41 14726.99 14844.47 1.99 1.00 125.08 222.93
homfam HMG_box 4779 5 66.0716 89 24.8 94.5 94.5 79.0 86.8 391.4720 0:06:31 15099.42 105009.84 14667.65 14831.86 1.99 3.56 134.31 527.19
homfam icd 5678 5 328.887 433 41.7 93.7 94.2 83.2 86.7 4096.2593 1:08:16 14437.24 104262.51 13934.21 14074.03 1.99 8.33 151.48 6212.07
homfam peroxidase 4514 5 256.626 383 37.3 79.6 83.7 53.0 55.1 3971.4201 1:06:11 15061.09 104886.83 14606.86 14712.71 1.99 6.76 169.80 6749.12
homfam asp 3262 13 284.142 381 37.5 90.8 91.3 71.9 78.3 2974.7518 0:49:34 15061.00 104984.77 15041.35 15070.50 1.99 5.35 160.04 4771.48
homfam flav 4612 6 138.021 183 35.0 79.6 80.2 52.0 54.1 1148.2570 0:19:08 15088.27 104935.83 14794.76 14935.03 0.00 0.02 157.19 8.36
homfam cah 1379 5 212.706 279 38.7 87.8 88.8 66.4 75.9 1087.2459 0:18:07 15132.50 104983.56 14702.65 14866.21 1.99 4.07 152.14 1661.28
homfam ace 3989 6 427.824 601 37.3 90.3 91.1 72.0 79.0 6716.2445 1:51:56 15088.78 104936.13 14700.33 14817.36 1.98 21.35 162.35 10903.53
homfam sti 613 5 165.383 198 36.4 88.3 87.6 68.5 75.7 365.8061 0:06:05 12379.36 102204.00 11899.52 12016.91 1.99 1.16 135.34 496.09
homfam aat 25100 10 337.807 476 28.6 84.2 84.5 54.1 62.3 9904.4928 2:45:04 9918.97 103274.20 9414.39 9533.15 1.98 36.57 150.90 14948.75
homfam oxidored_q6 3348 5 123.044 285 56.7 91.4 92.4 83.1 84.8 972.4479 0:16:12 14234.37 104059.10 13679.92 13797.60 1.99 3.48 141.72 1386.01
homfam hormone_rec 3509 5 188.562 308 21.5 71.5 72.4 46.3 59.4 1401.5139 0:23:21 15068.31 104985.77 14669.32 14878.25 1.99 6.03 157.00 2199.61
homfam rhv 17976 6 143.424 938 33.1 69.4 73.1 40.0 49.9 20568.2529 5:42:48 7682.71 99670.77 7317.11 7482.23 21.99 38.42 144.52 29723.90
homfam tgfb 1606 8 95.4645 118 43.8 81.4 85.5 32.5 39.7 337.7211 0:05:37 14074.80 103983.05 13602.21 13708.04 1.99 1.89 127.81 432.99
homfam cryst 1160 7 80.8078 192 44.4 91.4 91.5 70.7 73.3 382.6142 0:06:22 14907.63 104732.24 14353.73 14462.67 1.99 2.08 147.08 564.31
homfam cyclo 6288 6 159.069 203 44.1 85.9 87.5 71.4 74.6 1951.2841 0:32:31 11411.85 103267.23 10855.25 10961.13 1.99 7.96 152.37 2979.30
homfam kunitz 2266 10 53.752 64 37.9 97.5 97.5 88.3 87.5 271.8002 0:04:31 15070.78 104982.62 14678.91 14796.39 1.99 2.18 129.49 353.44
homfam Rhodanese 14049 6 102.277 216 22.7 74.0 81.1 56.8 56.7 2083.0674 0:34:43 14019.23 103844.54 13463.32 13603.15 1.98 11.87 152.14 3178.68
homfam sodcu 2038 7 141.322 169 42.2 90.2 90.8 75.9 79.8 501.9872 0:08:21 15066.88 104982.62 14703.57 14844.26 1.99 3.42 130.45 656.44
homfam profilin 687 5 123.371 144 39.7 93.2 93.2 84.4 85.9 370.9622 0:06:10 15069.27 104982.48 14649.98 14755.92 1.99 1.48 113.27 421.75
homfam glob 3983 41 100.684 174 31.7 92.8 92.7 64.7 68.3 632.8719 0:10:32 15071.03 104983.80 14690.99 14854.60 1.99 3.39 133.25 853.50
homfam tim 3904 10 205.645 260 47.5 97.7 97.5 92.7 95.8 2048.4717 0:34:08 15173.30 105034.78 14683.83 14893.57 1.99 5.03 153.32 3146.45
homfam uce 4558 13 134.701 184 34.0 90.8 90.4 57.2 65.7 626.5530 0:10:26 14554.95 104385.63 14057.00 14265.87 1.99 4.16 140.34 883.16
homfam toxin 508 20 62.311 78 43.1 87.9 86.5 54.5 62.0 197.1683 0:03:17 15066.74 104982.47 14678.07 14841.67 1.99 1.16 109.41 217.45
homfam rub 1435 5 46.1575 54 62.1 96.1 96.9 87.0 88.2 263.9443 0:04:23 15053.82 104946.57 14577.79 14695.43 1.99 1.60 115.36 306.00
homfam hom 12037 8 53.4951 98 35.3 92.6 93.0 68.1 84.7 723.4838 0:12:03 15092.31 105056.72 14816.99 14957.52 1.99 6.54 110.38 806.45
homfam biotin_lipoyl 11833 7 71.8928 112 28.9 94.6 93.0 75.3 81.0 599.9708 0:09:59 15117.20 105041.74 14711.28 14921.01 1.99 7.96 126.73 761.93
homfam cys 4316 13 198.11 284 40.5 94.3 93.6 71.6 82.1 1502.3216 0:25:02 14694.30 104585.48 14206.48 14416.11 1.99 5.80 153.79 2318.76
homfam ghf11 521 5 167.758 202 49.5 88.8 88.6 73.4 74.5 546.6351 0:09:06 15057.74 104944.47 14639.61 14779.36 1.99 1.49 145.97 799.47
homfam blmb 17200 6 192.465 344 20.6 68.2 70.3 42.9 51.6 5191.2359 1:26:31 12769.87 102983.48 12268.23 12477.23 1.98 18.35 167.00 8675.13
homfam aadh 3127 8 225.129 542 38.2 85.5 88.6 51.2 56.6 2296.2672 0:38:16 15071.54 104984.74 14679.32 14888.97 1.99 4.16 152.74 3516.50
homfam DEATH 1183 7 80.5689 159 19.6 81.7 82.8 59.7 66.4 360.1367 0:06:00 14107.11 103932.16 13651.86 13769.42 1.99 1.69 123.95 447.87
homfam Sulfotransfer 2489 5 235.798 381 26.2 78.3 79.3 53.4 62.8 2618.2731 0:43:38 15070.38 105048.62 14704.20 14867.87 1.99 4.13 163.18 4281.73
homfam serpin 3144 8 291.462 418 34.3 95.6 94.9 82.9 89.2 3393.6080 0:56:33 15087.25 104934.76 14704.91 14914.38 1.99 6.46 161.08 5466.87
homfam proteasome 5732 17 174.347 309 21.7 85.3 83.9 43.4 64.9 1575.2698 0:26:15 15061.69 104886.05 14810.68 14951.12 1.99 5.75 149.68 2366.86
homfam zf-CCHH 88345 15 23.2513 39 35.5 95.4 96.0 82.9 86.5 2050.6381 0:34:10 10683.14 102926.32 10200.98 10318.02 1.96 42.13 114.67 2353.27
homfam egf 7774 12 32.0765 71 31.1 76.7 77.9 33.8 41.8 384.4019 0:06:24 15101.82 104988.19 14747.08 14887.39 1.98 4.46 129.00 499.47
homfam annexin 3139 6 65.1902 323 57.2 99.6 99.8 99.4 99.4 806.3664 0:13:26 15071.39 104984.76 14658.73 14776.19 1.99 2.38 152.69 1232.59
homfam OTCace 4795 5 157.005 350 37.3 95.5 95.7 85.8 88.7 1192.3030 0:19:52 14335.10 104224.02 13782.16 13991.00 1.99 4.95 149.54 1784.55
homfam rnasemam 498 6 120.072 141 42.2 92.2 89.5 67.9 81.2 265.9634 0:04:25 15065.70 105021.45 14578.48 14695.45 2.12 1.31 135.72 362.47
homfam adh 21331 5 123.64 375 63.9 96.6 97.1 91.5 91.8 2568.8488 0:42:48 7795.82 99580.08 7292.90 7410.74 13.98 19.27 139.70 3599.05
homfam il8 1073 11 63.7623 81 34.5 91.6 91.1 70.1 77.2 266.4454 0:04:26 15071.44 104982.50 14702.19 14808.20 1.99 1.45 127.45 341.05
homfam hr 3707 5 65.1513 82 53.3 98.3 98.7 93.7 98.3 406.8053 0:06:46 15064.89 104958.82 14579.76 14720.44 1.99 2.51 109.03 444.92
homfam ChtBD 774 5 38.2713 45 59.3 99.3 99.0 95.3 97.1 192.6298 0:03:12 15072.95 104981.48 14662.99 14780.41 1.99 1.29 112.97 219.11
homfam gluts 10099 14 98.1117 235 39.4 86.5 86.8 64.8 68.0 2392.4534 0:39:52 15081.64 104991.33 14701.13 14910.14 1.98 7.87 162.26 3886.23
homfam ghf5 2717 6 260.466 470 17.8 66.6 68.7 33.7 47.9 2729.1320 0:45:29 15060.54 104983.66 14664.73 14874.44 1.99 4.20 163.67 4476.50
homfam ghf13 12607 10 264.452 626 26.8 65.7 65.4 26.8 36.9 7301.7853 2:01:41 12931.88 103280.42 12414.98 12623.97 1.99 16.61 164.47 12009.04
homfam PDZ 14950 6 80.8907 110 30.6 89.7 89.6 75.8 78.9 942.3852 0:15:42 14795.28 104619.60 14290.95 14396.63 1.99 11.29 139.84 1324.43
homfam az 1086 29 100.416 215 33.4 74.7 74.9 41.8 45.3 345.4747 0:05:45 15145.13 105032.50 14652.43 14758.45 1.99 1.43 132.14 457.55
homfam hla 13465 5 153.148 178 76.5 100.0 100.0 100.0 100.0 1057.9122 0:17:37 13845.40 103757.89 13363.80 13469.69 1.99 13.68 128.99 1371.32
homfam slectin 932 5 133.052 142 33.3 94.0 94.9 86.9 89.2 664.6795 0:11:04 15071.09 104982.49 14661.06 14778.76 1.99 1.78 148.85 986.45
homfam GEL 2195 5 78.1157 150 23.7 69.7 71.6 39.0 54.0 435.7041 0:07:15 15096.35 105008.62 14729.83 14940.86 2.00 2.28 119.87 527.05
homfam kringle 1091 9 75.9138 100 43.3 94.1 93.7 76.4 79.6 340.4400 0:05:40 15084.27 105071.51 14748.77 14866.43 1.99 1.57 114.59 391.55
homfam p450 21013 12 331.506 512 20.8 79.4 79.1 38.1 46.6 13582.2329 3:46:22 11253.84 103319.92 10773.50 10890.46 41.98 93.14 151.85 20624.52
homfam gpdh 7691 8 129.082 360 55.1 96.1 96.3 88.3 90.8 1555.8143 0:25:55 15064.68 104988.19 14685.35 14894.34 1.99 7.72 149.65 2335.58
homfam int 7572 5 168.037 219 22.5 84.2 85.6 62.4 67.1 2101.3666 0:35:01 15152.77 105064.16 14783.84 14993.52 1.99 7.86 156.63 3300.09
homfam KAS 2070 6 174.528 404 31.7 75.9 79.6 52.8 61.1 998.0342 0:16:38 15115.84 105031.62 14694.90 14835.28 1.99 2.54 145.38 1452.41
homfam trfl 837 7 242.315 702 61.9 93.4 94.3 86.4 86.1 1866.6270 0:31:06 14756.81 104581.38 14172.56 14278.38 1.99 1.57 162.13 3033.49
homfam TNF 556 5 119.903 176 32.0 83.4 83.3 65.0 71.5 288.6625 0:04:48 15069.61 104981.44 14703.43 14866.41 1.99 1.02 125.04 362.41
homfam scorptoxin 363 8 53.2562 74 46.3 91.3 90.5 75.3 80.7 169.8642 0:02:49 15070.10 104982.45 14698.91 14838.83 1.99 0.85 128.41 219.55
homfam aldosered 13277 7 268.547 386 41.6 86.1 89.0 67.1 74.2 4774.4300 1:19:34 12469.44 103635.54 11962.41 12172.12 1.98 42.44 157.75 7528.80
homfam rrm 27610 20 67.4587 157 22.9 83.7 83.1 20.7 30.6 1110.0456 0:18:30 12533.53 103563.80 11999.61 12209.26 1.97 17.61 130.96 1454.65
