homfam ricin 747 7 198.708 281 37.5 91.2 91.3 76.2 82.6 780.5771 0:13:00 8469.46 100720.42 8104.25 8250.96 1.99 1.35 123.00 965.13
homfam ghf10 1502 5 220.34 364 43.3 94.8 94.8 82.7 88.3 1624.8756 0:27:04 9284.00 101206.05 8780.05 8912.37 1.99 2.78 153.83 2508.98
homfam seatoxin 93 5 43.6344 54 42.6 62.0 60.4 12.2 12.0 396.2546 0:06:36 7963.92 98431.21 7479.42 7629.52 1.99 0.92 86.19 342.98
homfam mofe 2567 6 353.074 609 30.0 82.9 85.7 65.7 71.4 2829.3682 0:47:09 10148.09 102209.29 9643.03 9773.33 1.99 4.50 161.53 4579.34
homfam cyt3 385 6 92.3065 130 40.3 83.5 82.9 63.6 71.4 447.4186 0:07:27 8273.47 98354.68 7769.36 7887.56 1.99 0.89 83.36 374.57
homfam ins 793 6 65.2825 74 44.9 91.4 95.4 63.8 85.7 664.4673 0:11:04 8041.25 100101.98 7566.10 7709.35 1.99 1.07 109.37 731.24
homfam Ald_Xan_dh_2 2589 6 109.304 885 31.8 82.9 82.9 63.1 71.3 3725.0055 1:02:05 8356.40 100123.24 7852.93 7982.25 413.99 2.95 164.74 6146.14
homfam tms 2118 5 264.245 357 45.9 96.4 96.3 85.6 92.2 1881.8224 0:31:21 9203.99 100964.93 8702.23 8820.24 1.99 3.61 145.80 2752.54
homfam phc 2957 12 98.4711 179 37.2 89.2 90.0 68.2 74.1 737.6103 0:12:17 8412.91 100569.02 7909.34 8061.73 1.99 2.74 137.35 1022.27
homfam cytb 3206 6 82.1454 100 35.6 92.4 92.8 75.0 81.0 1122.0508 0:18:42 8437.72 100140.89 7934.01 8051.97 17.99 2.98 155.59 1754.06
homfam mmp 1427 6 157.93 180 55.1 95.0 96.5 85.8 91.2 1139.1078 0:18:59 8307.79 100436.98 7803.91 7922.07 1.99 2.31 147.39 1686.11
homfam phoslip 946 18 113.33 137 48.9 93.9 93.6 69.1 78.4 498.3749 0:08:18 8133.34 98290.74 7629.23 7758.97 1.99 1.57 102.53 512.47
homfam HLH 6781 5 53.5453 92 28.1 89.0 90.9 65.5 77.1 901.2029 0:15:01 8132.18 99903.96 7669.45 7798.86 1.99 4.12 129.34 1174.43
homfam myb_DNA-binding 10398 5 46.5583 61 40.7 96.8 95.6 83.9 90.0 705.5655 0:11:45 8443.08 100394.77 8076.80 8160.51 1.98 6.25 117.08 833.31
homfam msb 4884 8 106.037 158 26.6 85.4 85.9 57.9 71.9 790.0583 0:13:10 8271.28 98341.08 7905.82 7992.95 1.98 4.76 115.90 917.25
homfam ghf1 4358 8 403.813 562 38.4 92.7 92.9 73.6 82.4 5319.9739 1:28:39 10133.34 101646.07 10035.29 10061.73 1.99 7.85 165.39 8800.44
homfam rvp 93681 6 94.2886 132 36.6 83.6 83.8 61.3 67.1 2368.7720 0:39:28 9769.75 99834.95 9267.07 9500.51 14.10 58.88 131.67 3120.67
homfam lyase_1 7632 5 295.082 511 30.9 85.3 85.1 69.8 73.0 3565.9596 0:59:25 9824.07 100107.84 9305.00 9423.05 1.99 10.34 157.91 5632.24
homfam ldh 7367 14 121.378 371 31.9 82.8 87.7 28.9 34.0 1734.1974 0:28:54 8428.05 99758.92 7935.30 8122.41 1.99 7.08 146.79 2552.82
homfam subt 7517 11 301.598 414 39.5 78.7 80.2 33.2 45.4 9367.4572 2:36:07 9548.45 101535.74 9109.43 9274.97 1.98 12.49 174.34 16339.76
homfam sodfe 4455 8 77.4471 219 42.3 92.3 91.1 67.5 71.5 886.2833 0:14:46 8482.93 99013.95 7978.62 8109.12 1.99 3.70 141.89 1258.92
homfam LIM 6428 5 57.0143 86 52.8 97.3 97.3 86.6 94.2 610.6677 0:10:10 8141.45 98160.67 7638.00 7791.36 1.99 4.12 105.00 642.66
homfam blm 9105 8 300.727 274 39.1 36.9 46.8 9.7 10.1 5250.4045 1:27:30 10005.59 101791.96 9501.44 9680.95 13.98 13.40 162.91 8564.60
homfam DMRL_synthase 2099 5 140.59 182 33.2 92.5 89.6 74.0 82.6 750.4435 0:12:30 8106.57 98343.54 7740.32 7851.41 1.99 2.34 115.22 868.39
homfam tRNA-synt_2b 11293 5 177.564 467 18.7 30.3 36.9 0.0 0.0 3136.7925 0:52:16 8847.78 100447.42 8343.91 8500.60 1.99 11.61 168.80 5308.03
homfam Stap_Strp_toxin 640 6 87.3922 254 32.5 59.7 71.5 16.0 15.3 731.7956 0:12:11 8422.42 98459.21 8056.00 8159.23 1.99 1.27 112.88 827.42
homfam Acetyltransf 46285 6 82.9897 229 24.1 65.2 67.6 36.0 45.5 3417.6608 0:56:57 9311.89 101320.57 8808.69 8937.78 6.00 33.82 167.97 5736.16
homfam ghf22 760 12 107.567 131 51.4 95.2 95.2 81.5 84.9 397.1764 0:06:37 8076.32 98223.28 7574.74 7690.47 1.99 1.11 114.96 458.29
homfam sdr 50157 13 163.253 361 23.3 68.4 71.9 33.1 41.8 3760.9421 1:02:40 9951.49 101220.25 9449.89 9685.06 1.96 55.68 149.12 5619.35
homfam ltn 1068 12 204.148 282 49.9 94.3 94.1 70.4 78.3 1215.2028 0:20:15 8613.24 98713.57 8109.65 8238.84 1.99 2.14 143.30 1743.07
homfam hpr 3349 5 83.0427 89 44.4 99.3 99.3 97.7 98.5 584.6982 0:09:44 8374.15 98516.27 7918.16 7992.02 1.99 2.94 109.95 644.36
homfam bowman 499 5 26.1443 73 64.9 90.7 90.7 74.3 70.9 325.4179 0:05:25 8116.94 98183.59 7617.33 7763.10 1.99 0.77 91.30 298.61
homfam hip 167 5 66.2096 88 33.4 82.0 81.3 54.8 64.8 386.5195 0:06:26 8056.48 98503.34 7556.79 7772.30 1.99 0.63 91.02 353.25
homfam HMG_box 4779 5 66.0716 89 24.8 94.5 93.9 79.0 86.8 561.8754 0:09:21 8356.98 99028.55 7852.81 8005.64 0.00 0.02 110.68 5.28
homfam icd 5678 5 328.887 433 41.7 94.0 94.4 84.3 87.4 3736.3009 1:02:16 9711.48 101641.84 9208.50 9388.21 9.99 8.73 161.65 6048.12
homfam peroxidase 4514 5 256.626 383 37.3 79.5 80.4 49.0 54.2 3554.7755 0:59:14 9306.30 101325.23 8801.89 8919.98 0.00 0.02 168.68 23.16
homfam asp 3262 13 284.142 381 37.5 91.6 91.7 77.0 82.8 2499.0660 0:41:39 9472.22 101252.95 8967.86 9187.29 1.99 5.30 158.89 3973.34
homfam flav 4612 6 138.021 183 35.0 86.3 86.7 64.0 66.5 1248.3542 0:20:48 8569.48 100182.97 8066.23 8301.62 1.99 4.56 125.93 1580.01
homfam cah 1379 5 212.706 279 38.7 92.5 92.8 77.9 84.1 1110.6238 0:18:30 8856.63 99004.73 8352.70 8482.99 13.99 3.26 147.71 1641.87
homfam ace 3989 6 427.824 601 37.3 88.8 89.6 69.7 77.1 7025.8717 1:57:05 10599.61 102458.49 10095.42 10213.30 0.00 0.02 164.20 45.12
homfam sti 613 5 165.383 198 36.4 89.7 88.9 72.3 79.2 533.9832 0:08:53 8174.39 98241.13 7622.65 7770.36 1.99 1.36 103.05 551.73
homfam aat 25100 10 337.807 476 28.6 81.8 82.1 51.7 58.3 8498.6149 2:21:38 11080.81 102898.82 10577.41 10788.52 1.98 36.61 162.62 13819.72
homfam oxidored_q6 3348 5 123.044 285 56.7 97.1 97.1 90.6 92.3 1240.3643 0:20:40 8336.12 100442.36 7831.73 7961.60 1.99 5.43 142.57 1774.99
homfam hormone_rec 3509 5 188.562 308 21.5 72.8 72.9 49.8 63.8 1459.5714 0:24:19 8610.36 100414.14 8192.41 8285.62 1.99 4.09 147.36 2158.66
homfam rhv 17976 6 143.424 938 33.1 66.9 72.0 37.9 44.6 11268.9015 3:07:48 8550.75 100934.71 8046.90 8199.63 1.99 15.43 162.21 18280.66
homfam tgfb 1606 8 95.4645 118 43.8 80.4 82.2 28.2 36.3 522.4533 0:08:42 8488.49 101264.77 7985.11 8201.88 1.99 1.59 105.80 554.17
homfam cryst 1160 7 80.8078 192 44.4 91.0 90.9 68.0 70.7 517.3227 0:08:37 8147.20 98300.52 7609.27 7790.04 1.99 1.32 117.83 611.14
homfam cyclo 6288 6 159.069 203 44.1 87.7 88.4 74.1 77.1 1755.3374 0:29:15 8784.18 104533.09 8453.91 8496.32 1.99 7.58 160.46 2825.61
homfam kunitz 2266 10 53.752 64 37.9 98.6 98.6 93.3 92.9 435.6606 0:07:15 8176.23 98636.87 7671.88 7868.38 1.99 2.66 109.08 476.69
homfam Rhodanese 14049 6 102.277 216 22.7 76.1 79.2 55.2 60.7 1971.0138 0:32:51 8795.41 100796.95 8291.01 8425.83 1.98 11.72 151.74 3000.97
homfam sodcu 2038 7 141.322 169 42.2 91.3 91.5 78.9 81.8 760.4744 0:12:40 8161.57 99611.10 7710.92 7872.37 1.99 2.68 124.81 952.13
homfam profilin 687 5 123.371 144 39.7 95.2 95.2 88.3 89.2 553.8640 0:09:13 8127.45 100048.68 7627.50 7788.12 1.99 1.46 95.08 532.03
homfam glob 3983 41 100.684 174 31.7 96.2 96.0 71.2 74.4 773.5980 0:12:53 8105.46 100016.00 7605.38 7720.99 1.99 3.79 118.24 922.63
homfam tim 3904 10 205.645 260 47.5 97.4 97.5 90.0 92.9 1764.4514 0:29:24 8839.98 98928.37 8431.94 8534.97 1.99 5.53 139.15 2456.73
homfam uce 4558 13 134.701 184 34.0 90.4 89.2 57.8 65.9 853.0453 0:14:13 8234.52 99984.88 7730.95 7899.06 1.99 4.64 116.35 1001.52
homfam toxin 508 20 62.311 78 43.1 92.1 90.2 64.9 75.0 362.4201 0:06:02 8246.19 98702.57 7880.07 7983.40 1.99 0.84 89.09 324.35
homfam rub 1435 5 46.1575 54 62.1 98.4 98.4 92.6 93.5 335.4049 0:05:35 8006.65 98048.88 7641.12 7817.89 1.99 1.61 94.84 319.64
homfam hom 12037 8 53.4951 98 35.3 94.6 94.8 66.7 82.9 721.8695 0:12:01 8173.45 99443.08 7807.27 7890.99 1.99 6.94 116.17 845.84
homfam biotin_lipoyl 11833 7 71.8928 112 28.9 94.8 95.3 80.0 82.1 784.7608 0:13:04 8405.57 98943.15 7902.08 8137.24 1.99 8.09 129.57 1018.12
homfam cys 4316 13 198.11 284 40.5 93.9 93.6 64.2 78.4 1701.1598 0:28:21 8842.59 100583.34 8783.23 8809.90 1.99 6.09 149.65 2554.79
homfam ghf11 521 5 167.758 202 49.5 94.0 93.8 84.4 85.9 590.7552 0:09:50 8680.24 98865.25 8176.33 8305.88 0.00 0.02 128.85 5.27
homfam blmb 17200 6 192.465 344 20.6 68.4 71.2 38.2 49.6 3855.0596 1:04:15 9229.53 100850.59 8726.55 8883.59 1.98 46.59 166.98 6438.79
homfam aadh 3127 8 225.129 542 38.2 86.4 86.3 53.7 60.1 2143.0176 0:35:43 8950.85 100571.76 8446.26 8576.41 1.99 4.55 156.52 3361.64
homfam DEATH 1183 7 80.5689 159 19.6 84.8 84.8 60.5 67.5 588.6474 0:09:48 8076.32 98175.81 7576.02 7706.48 1.99 1.64 91.32 539.01
homfam Sulfotransfer 2489 5 235.798 381 26.2 70.5 71.9 39.5 48.7 2630.7641 0:43:50 9003.75 100902.51 8499.05 8651.73 1.99 4.33 162.20 4268.56
homfam serpin 3144 8 291.462 418 34.3 94.6 93.9 81.4 88.9 3295.2619 0:54:55 9819.92 101316.32 9315.55 9445.36 1.99 4.57 157.71 5204.16
homfam proteasome 5732 17 174.347 309 21.7 84.0 82.7 38.6 57.7 1590.9021 0:26:30 9038.71 100724.91 8535.40 8685.76 1.99 6.05 135.91 2167.50
homfam zf-CCHH 88345 15 23.2513 39 35.5 97.1 96.5 88.6 93.0 1429.4348 0:23:49 8259.99 98305.55 7755.79 7885.33 5.95 42.34 116.05 1660.54
homfam egf 7774 12 32.0765 71 31.1 76.1 76.0 33.8 41.8 518.2203 0:08:38 8103.46 98182.35 7603.22 7730.55 1.98 4.75 112.89 586.47
homfam annexin 3139 6 65.1902 323 57.2 100.0 100.0 100.0 100.0 1472.2759 0:24:32 8173.01 98240.68 7639.46 7789.36 1.99 3.71 148.59 2189.18
homfam OTCace 4795 5 157.005 350 37.3 95.5 95.5 86.6 89.6 1430.2718 0:23:50 8806.85 99304.32 8349.48 8467.65 1.99 5.05 149.84 2144.56
homfam rnasemam 498 6 120.072 141 42.2 94.1 90.8 72.4 84.2 444.5080 0:07:24 8103.13 98203.60 7603.08 7730.37 1.99 1.41 99.15 442.09
homfam adh 21331 5 123.64 375 63.9 67.0 72.3 37.6 37.9 2040.9732 0:34:00 8898.41 100677.00 8393.83 8512.11 1.98 18.81 152.42 3111.47
homfam il8 1073 11 63.7623 81 34.5 87.8 87.8 59.7 67.4 439.2756 0:07:19 8175.54 98633.39 7671.86 7824.17 1.99 1.12 92.54 407.99
homfam hr 3707 5 65.1513 82 53.3 99.1 99.1 94.9 99.1 621.2630 0:10:21 8336.88 98581.99 7832.16 7989.46 16.00 0.03 107.45 7.81
homfam ChtBD 774 5 38.2713 45 59.3 98.3 98.1 93.0 94.7 322.8573 0:05:22 8063.60 98526.34 7561.80 7730.37 1.99 1.38 96.57 313.22
homfam gluts 10099 14 98.1117 235 39.4 87.1 88.1 61.4 65.4 2490.0144 0:41:30 8632.82 100733.43 8128.81 8246.66 1.98 8.32 158.70 3963.92
homfam ghf5 2717 6 260.466 470 17.8 66.7 67.3 36.0 51.1 2676.7411 0:44:36 8969.84 100852.66 8448.58 8600.96 1.99 4.49 168.25 4510.96
homfam ghf13 12607 10 264.452 626 26.8 60.7 66.4 27.2 37.4 6034.1080 1:40:34 10070.10 102018.85 9565.23 9694.86 1.99 16.03 173.34 10468.95
homfam PDZ 14950 6 80.8907 110 30.6 85.7 85.8 68.7 70.8 1211.9212 0:20:11 8565.68 100376.06 8061.83 8241.68 1.98 19.04 153.46 1861.07
homfam az 1086 29 100.416 215 33.4 74.8 74.4 38.0 40.8 587.7073 0:09:47 8164.45 99820.84 7617.51 7796.68 1.99 1.70 101.64 605.11
homfam hla 13465 5 153.148 178 76.5 100.0 100.0 100.0 100.0 1409.4236 0:23:29 8804.26 98879.67 8303.55 8538.41 0.00 0.02 134.95 10.53
homfam slectin 932 5 133.052 142 33.3 94.2 94.1 84.7 88.5 765.2959 0:12:45 8618.02 100302.22 8251.92 8335.71 0.00 0.02 132.05 6.56
homfam GEL 2195 5 78.1157 150 23.7 68.7 69.4 39.7 55.9 693.0830 0:11:33 8667.03 98730.16 8162.74 8292.30 1.99 2.38 118.61 829.87
homfam kringle 1091 9 75.9138 100 43.3 96.6 95.5 80.9 86.0 397.1008 0:06:37 8289.87 98447.55 7924.64 8035.81 1.99 1.50 103.74 413.46
homfam p450 21013 12 331.506 512 20.8 81.4 80.7 46.3 58.0 10776.7805 2:59:36 10996.23 102746.28 10490.92 10648.91 1.97 33.00 163.31 17599.65
homfam gpdh 7691 8 129.082 360 55.1 96.2 96.1 88.3 91.1 1640.8905 0:27:20 8510.35 99647.46 8007.05 8136.13 1.99 8.03 144.74 2384.16
homfam int 7572 5 168.037 219 22.5 90.6 92.2 73.8 80.6 2417.2005 0:40:17 9174.02 100841.76 8669.71 8787.83 1.98 8.09 150.17 3641.78
homfam KAS 2070 6 174.528 404 31.7 63.2 85.6 45.5 43.7 1075.7989 0:17:55 8718.22 98747.69 8214.64 8381.80 0.00 0.02 135.65 7.99
homfam trfl 837 7 242.315 702 61.9 96.4 96.8 91.4 91.4 2249.1265 0:37:29 9055.09 99134.48 8550.51 8680.04 1.99 1.86 154.99 3487.71
homfam TNF 556 5 119.903 176 32.0 87.6 86.7 70.7 74.4 389.9491 0:06:29 8110.82 98492.90 7611.78 7756.99 1.99 1.00 118.51 463.55
homfam scorptoxin 363 8 53.2562 74 46.3 88.3 87.5 67.1 77.2 379.6274 0:06:19 8149.09 98364.19 7712.40 7859.52 0.00 0.02 79.74 3.86
homfam aldosered 13277 7 268.547 386 41.6 88.2 90.3 72.0 78.3 4774.1676 1:19:34 9696.55 101483.89 9636.59 9662.99 1.98 18.81 166.16 7934.53
homfam rrm 27610 20 67.4587 157 22.9 87.3 85.2 26.1 30.5 1092.9253 0:18:12 8616.31 98786.53 8111.75 8268.36 1.97 17.98 136.13 1489.34
