homfam ricin 747 7 198.708 281 37.5 91.4 91.4 76.6 85.1 958.8706 0:15:58 8563.05 99365.77 8091.80 8250.54 1.99 1.71 137.09 1323.32

homfam ghf10 1502 5 220.34 364 43.3 92.9 92.9 79.3 85.2 1733.6546 0:28:53 9157.70 100371.91 9099.02 9125.42 1.99 4.31 160.92 2789.27

homfam seatoxin 93 5 43.6344 54 42.6 67.6 67.6 20.4 21.3 427.9832 0:07:07 7564.11 97337.04 7198.04 7352.05 1.99 0.61 77.10 331.32

homfam mofe 2567 6 353.074 609 30.0 82.7 83.7 59.2 69.4 3292.5391 0:54:52 10368.36 101527.21 10004.35 10088.18 1.99 4.45 167.51 5523.08

homfam cyt3 385 6 92.3065 130 40.3 76.4 77.3 56.8 63.5 512.1418 0:08:32 8087.37 98053.08 7691.81 7795.03 1.99 1.07 99.84 512.76

homfam ins 793 6 65.2825 74 44.9 88.8 89.3 66.7 86.7 777.6677 0:12:57 8260.83 99286.43 7835.25 7938.53 0.00 0.02 127.71 5.53

homfam Ald_Xan_dh_2 2589 6 109.304 885 31.8 83.0 82.8 62.5 70.7 3930.0327 1:05:30 8351.54 99656.45 8065.20 8148.84 5.99 2.94 170.60 6714.13

homfam tms 2118 5 264.245 357 45.9 97.3 96.7 87.7 93.6 2168.5763 0:36:08 9065.73 100385.02 8654.27 8765.86 1.99 3.61 159.69 3473.06

homfam phc 2957 12 98.4711 179 37.2 69.6 93.4 39.7 43.7 1178.9299 0:19:38 8483.50 99504.97 8040.45 8160.93 0.00 0.02 164.98 7.92

homfam cytb 3206 6 82.1454 100 35.6 86.0 85.9 62.0 67.7 1418.2050 0:23:38 8030.18 99449.26 7648.57 7759.62 41.97 2.75 141.83 2024.33

homfam mmp 1427 6 157.93 180 55.1 97.2 97.3 89.3 94.4 1363.6061 0:22:43 8553.95 99708.60 8010.62 8143.96 1.99 1.95 150.92 2062.52

homfam phoslip 946 18 113.33 137 48.9 91.4 90.9 65.4 75.0 554.4885 0:09:14 8140.11 98035.46 7683.59 7842.49 1.99 1.36 120.78 671.42

homfam HLH 6781 5 53.5453 92 28.1 89.3 94.2 67.9 77.4 1041.7131 0:17:21 8202.18 99485.71 7788.01 7926.97 1.99 4.34 135.82 1422.46

homfam myb_DNA-binding 10398 5 46.5583 61 40.7 96.8 95.6 83.9 90.0 870.6191 0:14:30 8131.91 99102.77 7746.68 7913.26 1.98 6.24 133.86 1174.85

homfam msb 4884 8 106.037 158 26.6 86.5 88.8 57.9 71.3 951.8227 0:15:51 8438.26 99606.91 7965.81 8104.73 1.98 4.73 139.54 1337.66

homfam ghf1 4358 8 403.813 562 38.4 91.6 91.6 69.8 78.5 5041.5115 1:24:01 10767.56 102107.93 10358.22 10506.20 1.99 8.05 166.66 8404.90

homfam rvp 93681 6 94.2886 132 36.6 76.7 77.0 43.2 48.7 2677.9403 0:44:37 12578.65 103279.16 12174.12 12339.88 0.00 0.02 152.19 16.08

homfam lyase_1 7632 5 295.082 511 30.9 77.3 77.1 57.3 60.3 3648.9849 1:00:48 9903.21 99707.61 9413.54 9579.92 1.99 18.35 166.82 6088.60

homfam ldh 7367 14 121.378 371 31.9 89.6 89.3 61.4 73.2 2023.5509 0:33:43 8878.10 99470.12 8453.54 8544.56 1.99 7.39 154.61 3134.91

homfam subt 7517 11 301.598 414 39.5 74.5 80.5 25.3 33.6 11091.2994 3:04:51 10626.18 101917.65 10260.22 10343.60 0.00 0.02 179.35 67.39

homfam sodfe 4455 8 77.4471 219 42.3 91.2 90.4 65.1 68.9 1120.9841 0:18:40 8166.86 97983.74 7721.45 7811.30 1.99 3.79 136.71 1533.99

homfam LIM 6428 5 57.0143 86 52.8 97.3 97.3 86.6 94.2 720.3571 0:12:00 7888.90 97602.61 7486.71 7690.44 1.99 5.66 123.24 889.38

homfam blm 9105 8 300.727 274 39.1 70.3 76.5 44.6 46.4 6734.3104 1:52:14 10885.62 102146.03 10494.54 10615.87 1.98 13.57 176.67 11907.88

homfam DMRL_synthase 2099 5 140.59 182 33.2 93.2 90.6 74.6 82.7 899.0873 0:14:59 8469.74 98344.67 8101.94 8185.35 1.99 3.24 137.71 1239.69

homfam tRNA-synt_2b 11293 5 177.564 467 18.7 53.0 51.7 27.6 38.5 3812.5508 1:03:32 9666.94 100735.00 9212.42 9351.05 1.99 12.30 168.72 6440.86

homfam Stap_Strp_toxin 640 6 87.3922 254 32.5 85.3 84.5 56.0 63.0 825.4766 0:13:45 8033.47 97907.34 7673.90 7812.84 1.99 1.28 126.47 1045.53

homfam Acetyltransf 46285 6 82.9897 229 24.1 42.1 49.9 2.6 1.6 4585.3452 1:16:25 10947.85 102090.66 10661.39 10744.94 5.96 33.77 173.28 7945.48

homfam ghf22 760 12 107.567 131 51.4 94.0 94.0 79.2 82.8 561.4663 0:09:21 8127.97 98001.51 7731.08 7814.89 0.00 0.02 104.95 5.11

homfam sdr 50157 13 163.253 361 23.3 81.6 80.1 35.0 46.0 4748.9909 1:19:08 12909.52 104074.54 12472.54 12638.14 45.96 55.05 164.49 7812.08

homfam ltn 1068 12 204.148 282 49.9 94.0 94.4 71.9 80.7 1219.2755 0:20:19 8530.56 99307.97 8053.80 8201.85 1.99 3.83 139.46 1711.86

homfam hpr 3349 5 83.0427 89 44.4 99.3 99.3 97.7 98.5 763.7535 0:12:43 7934.55 97805.49 7662.13 7746.39 1.99 2.91 116.28 889.56

homfam bowman 499 5 26.1443 73 64.9 91.0 91.0 77.1 74.4 368.2820 0:06:08 7662.71 97322.19 7224.29 7326.26 1.99 0.78 90.60 335.21

homfam hip 167 5 66.2096 88 33.4 86.0 84.9 60.7 67.7 446.0242 0:07:26 7463.09 97330.67 7096.47 7208.15 1.99 0.71 84.24 377.24

homfam HMG_box 4779 5 66.0716 89 24.8 97.3 96.2 85.2 93.9 713.5867 0:11:53 7919.32 97791.88 7440.29 7583.55 1.99 4.41 124.63 890.89

homfam icd 5678 5 328.887 433 41.7 93.8 94.2 83.5 87.0 4308.9853 1:11:48 10283.48 101530.17 9917.65 10028.54 1.99 8.66 171.51 7402.64

homfam peroxidase 4514 5 256.626 383 37.3 77.1 80.0 49.3 52.8 3826.7407 1:03:46 9612.57 100722.18 9135.60 9255.98 1.99 14.34 173.42 6637.96

homfam asp 3262 13 284.142 381 37.5 92.0 92.2 77.5 82.2 2895.9356 0:48:15 9921.57 101108.55 9506.35 9591.08 1.99 5.51 166.36 4824.41

homfam flav 4612 6 138.021 183 35.0 89.0 90.0 70.9 73.7 1396.4327 0:23:16 8381.56 99763.04 7916.99 8055.95 1.99 4.51 151.13 2121.64

homfam cah 1379 5 212.706 279 38.7 90.6 91.5 73.1 81.1 1303.0792 0:21:43 8696.06 99455.52 8220.09 8386.33 25.99 2.41 148.44 1943.71

homfam ace 3989 6 427.824 601 37.3 85.7 86.8 67.5 74.4 7115.1310 1:58:35 11343.55 102437.41 10816.75 10955.32 1.98 8.74 172.37 12263.00

homfam sti 613 5 165.383 198 36.4 87.4 86.5 67.4 73.5 648.2133 0:10:48 8698.47 98565.05 8298.08 8438.92 1.99 1.45 112.57 731.25

homfam aat 25100 10 337.807 476 28.6 70.2 71.2 36.4 40.7 10433.5752 2:53:53 14159.04 105127.32 13792.68 13903.17 2.00 84.20 173.96 18155.30

homfam oxidored_q6 3348 5 123.044 285 56.7 93.7 93.8 87.6 89.2 1293.8587 0:21:33 8363.32 99582.54 7903.16 8042.21 1.99 3.47 164.47 2134.54

homfam hormone_rec 3509 5 188.562 308 21.5 72.0 73.6 46.6 59.4 2080.2304 0:34:40 8870.32 99902.38 8639.30 8718.09 1.99 3.82 163.91 3421.05

homfam rhv 17976 6 143.424 938 33.1 37.9 48.4 4.1 3.5 11993.9585 3:19:53 9649.73 101291.26 9194.50 9360.02 1.99 15.43 170.35 20431.01

homfam tgfb 1606 8 95.4645 118 43.8 82.3 84.9 32.5 37.5 630.9725 0:10:30 8073.87 98729.38 7636.88 7720.66 1.99 1.98 121.87 774.83

homfam cryst 1160 7 80.8078 192 44.4 93.3 93.2 75.1 78.6 650.1942 0:10:50 8283.70 98167.61 7774.85 7917.72 1.99 1.38 126.92 826.67

homfam cyclo 6288 6 159.069 203 44.1 88.6 90.6 75.7 79.8 2121.3597 0:35:21 8743.93 100074.47 8209.85 8330.08 1.99 14.60 158.74 3375.17

homfam kunitz 2266 10 53.752 64 37.9 94.1 95.0 71.7 70.7 477.3030 0:07:57 7763.62 97452.01 7224.60 7425.20 1.99 1.95 113.15 541.64

homfam Rhodanese 14049 6 102.277 216 22.7 67.1 71.8 41.1 43.1 2186.6227 0:36:26 8902.36 100303.21 8477.58 8561.03 1.98 11.80 160.07 3512.09

homfam sodcu 2038 7 141.322 169 42.2 90.2 90.7 77.1 81.7 966.9459 0:16:06 8639.74 99086.30 8316.63 8427.60 13.99 2.66 137.01 1336.34

homfam profilin 687 5 123.371 144 39.7 93.5 93.5 84.4 85.3 571.4434 0:09:31 8348.38 99075.02 7948.34 8087.21 1.99 1.26 121.51 701.29

homfam glob 3983 41 100.684 174 31.7 95.8 95.5 71.8 74.4 975.0786 0:16:15 8345.20 99099.28 8052.43 8137.06 1.99 3.48 135.60 1331.33

homfam tim 3904 10 205.645 260 47.5 98.4 98.5 91.9 94.9 1703.6015 0:28:23 8980.74 100397.76 8928.65 8955.06 1.99 7.58 157.53 2684.87

homfam uce 4558 13 134.701 184 34.0 90.2 91.2 62.0 69.7 1227.8062 0:20:27 8818.73 99759.62 8332.25 8471.19 0.00 0.02 162.38 8.43

homfam toxin 508 20 62.311 78 43.1 92.8 90.9 67.5 76.9 373.0158 0:06:13 7645.05 97422.11 7262.87 7409.72 1.99 0.87 103.17 386.41

homfam rub 1435 5 46.1575 54 62.1 98.4 98.4 92.6 93.5 358.6456 0:05:58 7606.91 97465.46 7093.75 7253.18 1.99 1.57 99.98 360.06

homfam hom 12037 8 53.4951 98 35.3 93.0 92.4 65.2 81.1 836.3791 0:13:56 8323.38 98036.39 7803.11 7924.54 1.98 9.30 135.93 1138.28

homfam biotin_lipoyl 11833 7 71.8928 112 28.9 96.1 96.3 83.5 84.2 1006.9498 0:16:46 8355.84 98084.16 7930.63 8077.50 1.99 7.91 138.49 1395.97

homfam cys 4316 13 198.11 284 40.5 94.8 94.2 70.9 80.4 2033.7855 0:33:53 9276.11 100285.64 8790.09 8935.00 1.99 6.02 156.82 3190.10

homfam ghf11 521 5 167.758 202 49.5 94.8 94.7 83.9 88.5 813.2856 0:13:33 8249.49 98188.54 7852.32 7936.10 1.99 1.20 119.03 969.60

homfam blmb 17200 6 192.465 344 20.6 66.0 70.5 37.5 47.7 6011.8624 1:40:11 10648.04 101699.68 10287.37 10370.88 1.98 19.08 180.62 10859.16

homfam aadh 3127 8 225.129 542 38.2 86.4 86.6 53.1 59.0 2328.3858 0:38:48 8878.31 100225.96 8508.32 8591.99 1.99 4.60 162.95 3804.00

homfam DEATH 1183 7 80.5689 159 19.6 73.0 74.0 44.4 45.5 659.0466 0:10:59 8057.01 98024.16 7675.68 7814.62 1.99 1.70 110.77 731.49

homfam Sulfotransfer 2489 5 235.798 381 26.2 70.4 75.2 38.2 46.2 3148.2810 0:52:28 8978.15 100388.99 8637.81 8749.35 1.99 4.39 168.93 5326.71

homfam serpin 3144 8 291.462 418 34.3 95.9 95.1 83.9 90.3 3063.2432 0:51:03 10266.92 101467.38 9793.44 9932.27 1.99 4.79 167.71 5146.43

homfam proteasome 5732 17 174.347 309 21.7 83.7 82.7 34.8 52.2 1723.3918 0:28:43 8704.96 100107.34 8275.83 8396.28 1.99 5.73 154.83 2678.49

homfam zf-CCHH 88345 15 23.2513 39 35.5 96.5 95.9 88.6 93.0 1458.2977 0:24:18 9147.71 103515.47 8700.14 8821.17 5.95 42.84 122.12 1783.87

homfam egf 7774 12 32.0765 71 31.1 74.5 77.8 33.8 41.8 637.6973 0:10:37 7919.75 97613.41 7553.28 7637.16 1.98 4.77 108.91 696.07

homfam annexin 3139 6 65.1902 323 57.2 100.0 100.0 100.0 100.0 1634.1113 0:27:14 8345.62 98074.41 7923.83 8011.01 1.99 2.41 157.63 2577.48

homfam OTCace 4795 5 157.005 350 37.3 95.9 95.9 86.6 89.6 1625.5488 0:27:05 8715.18 98631.85 8416.24 8500.13 1.99 5.09 149.71 2435.69

homfam rnasemam 498 6 120.072 141 42.2 93.6 90.4 72.4 83.1 519.4393 0:08:39 8211.79 98157.83 7672.29 7823.63 1.99 0.93 102.95 536.34

homfam adh 21331 5 123.64 375 63.9 95.6 96.1 88.8 89.1 2867.1099 0:47:47 9706.28 100857.25 9405.98 9518.36 1.98 19.34 170.27 4880.80

homfam il8 1073 11 63.7623 81 34.5 89.6 89.3 61.0 69.0 520.7994 0:08:40 7669.14 97607.97 7390.52 7530.20 1.99 1.45 96.88 506.03

homfam hr 3707 5 65.1513 82 53.3 99.1 99.1 94.9 99.1 688.9666 0:11:28 7826.33 101460.02 7408.59 7547.24 73.99 2.88 140.03 967.50

homfam ChtBD 774 5 38.2713 45 59.3 99.3 99.0 95.3 97.1 368.6749 0:06:08 7448.33 97326.36 7136.47 7223.43 1.99 1.27 87.17 322.92

homfam gluts 10099 14 98.1117 235 39.4 88.0 89.5 63.5 67.8 2919.2415 0:48:39 8739.38 99996.20 8301.97 8440.62 0.00 0.02 170.08 19.90

homfam ghf5 2717 6 260.466 470 17.8 68.4 68.1 36.2 51.0 3392.4488 0:56:32 9414.00 103311.93 9056.42 9203.28 1.99 4.14 170.59 5796.67

homfam ghf13 12607 10 264.452 626 26.8 63.5 64.8 27.2 35.6 8261.0319 2:17:41 11598.68 102490.29 11168.18 11334.26 26.28 16.40 181.26 14985.79

homfam PDZ 14950 6 80.8907 110 30.6 86.6 87.4 73.7 76.6 1595.0610 0:26:35 8917.22 100170.41 8499.00 8586.12 1.98 12.77 147.10 2356.35

homfam az 1086 29 100.416 215 33.4 74.7 74.5 42.9 47.3 627.0437 0:10:27 8223.11 97933.09 7715.85 7873.25 1.99 1.81 123.37 775.06

homfam hla 13465 5 153.148 178 76.5 100.0 100.0 100.0 100.0 1489.7594 0:24:49 9829.90 100332.16 9342.26 9462.30 1.99 13.87 151.30 2263.24

homfam slectin 932 5 133.052 142 33.3 94.8 94.7 86.1 90.0 859.2439 0:14:19 8018.69 99440.03 7746.48 7859.48 0.00 0.02 146.34 7.04

homfam GEL 2195 5 78.1157 150 23.7 70.7 72.6 41.1 57.0 891.0647 0:14:51 8049.41 98801.70 7699.62 7810.62 1.99 2.27 117.95 1061.60

homfam kringle 1091 9 75.9138 100 43.3 95.9 94.9 79.8 83.5 559.1537 0:09:19 7768.38 97732.02 7399.87 7565.18 1.99 1.74 98.92 554.47

homfam p450 21013 12 331.506 512 20.8 76.4 77.5 35.3 43.9 11130.3949 3:05:30 14783.58 105992.75 14393.64 14481.11 0.00 0.02 168.63 67.22

homfam gpdh 7691 8 129.082 360 55.1 95.9 95.8 87.7 90.5 1955.3556 0:32:35 8909.92 99981.64 8492.30 8631.01 1.99 8.20 157.27 3084.70

homfam int 7572 5 168.037 219 22.5 79.5 81.7 55.0 59.5 2714.2875 0:45:14 9033.54 100320.74 8539.34 8659.76 1.98 8.07 164.25 4470.24

homfam KAS 2070 6 174.528 404 31.7 86.5 86.1 69.2 75.5 1350.3541 0:22:30 8835.98 98844.88 8507.56 8650.71 0.00 0.02 145.75 9.54

homfam trfl 837 7 242.315 702 61.9 93.5 94.1 85.9 85.4 2871.3033 0:47:51 9344.07 99159.96 8952.18 9035.64 1.99 2.79 169.47 4867.54

homfam TNF 556 5 119.903 176 32.0 85.0 84.1 68.2 73.5 554.1281 0:09:14 8369.64 98304.99 7939.70 8023.37 1.99 1.05 104.27 579.32

homfam scorptoxin 363 8 53.2562 74 46.3 90.4 89.5 74.0 79.0 359.7917 0:05:59 7549.02 97427.71 7183.50 7325.66 1.99 1.06 89.33 322.84

homfam aldosered 13277 7 268.547 386 41.6 86.8 89.4 68.3 74.5 5561.9378 1:32:41 10846.57 102109.53 10480.43 10591.53 13.98 42.34 173.84 9669.30

homfam rrm 27610 20 67.4587 157 22.9 82.7 80.9 22.5 30.7 1429.0973 0:23:49 8899.46 98764.12 8371.06 8509.92 85.98 18.31 138.92 1988.24

