homfam ricin 747 7 198.708 281 37.5 91.2 92.4 77.7 84.2 435.8536 0:07:15 6921.89 102918.33 6445.97 6584.75 1.99 1.37 141.11 619.21
homfam ghf10 1502 5 220.34 364 43.3 90.1 90.5 74.0 80.2 1035.8531 0:17:15 6879.66 103244.62 6513.71 6624.41 1.99 2.42 160.30 1666.27
homfam seatoxin 93 5 43.6344 54 42.6 66.7 64.1 8.2 9.3 141.9847 0:02:21 6385.75 102923.12 6020.48 6131.66 1.99 0.96 129.68 185.50
homfam mofe 2567 6 353.074 609 30.0 83.6 85.4 64.3 71.8 2756.0248 0:45:56 7345.75 103297.74 7279.54 7308.42 1.99 4.18 163.82 4524.47
homfam cyt3 385 6 92.3065 130 40.3 82.3 82.5 62.7 71.4 162.1260 0:02:42 6682.17 102922.11 6316.79 6400.29 1.99 1.20 110.53 180.65
homfam ins 793 6 65.2825 74 44.9 87.7 89.3 63.8 82.5 316.3618 0:05:16 6773.54 99911.89 6297.34 6436.15 1.99 1.40 155.34 489.99
homfam Ald_Xan_dh_2 2589 6 109.304 885 31.8 83.6 83.7 64.7 72.7 1617.7784 0:26:57 6539.57 99910.30 6173.46 6296.99 1.99 2.62 160.60 2605.10
homfam tms 2118 5 264.245 357 45.9 96.9 96.7 87.0 92.5 1170.0975 0:19:30 7035.83 103156.79 6559.55 6698.43 1.99 3.67 165.92 1945.81
homfam phc 2957 12 98.4711 179 37.2 93.2 94.0 74.9 78.7 387.8811 0:06:27 6796.05 99911.88 6430.30 6541.71 1.99 2.67 151.20 596.20
homfam cytb 3206 6 82.1454 100 35.6 93.3 93.3 76.1 82.8 675.5836 0:11:15 6617.94 103359.31 6141.76 6280.55 1.99 2.72 158.82 1082.38
homfam mmp 1427 6 157.93 180 55.1 94.8 96.5 86.4 90.3 645.1176 0:10:45 6833.38 103186.07 6357.47 6523.38 1.99 2.14 158.26 1031.19
homfam phoslip 946 18 113.33 137 48.9 95.4 95.1 75.0 85.2 230.4846 0:03:50 6681.16 96237.92 6315.57 6426.20 1.99 1.62 132.67 307.35
homfam HLH 6781 5 53.5453 92 28.1 88.9 93.9 65.5 77.1 478.8068 0:07:58 6758.89 99910.77 6282.67 6402.99 1.99 4.32 148.89 720.90
homfam myb_DNA-binding 10398 5 46.5583 61 40.7 94.4 93.3 78.6 84.0 320.6298 0:05:20 6699.05 99912.44 6382.02 6522.80 1.98 5.86 121.52 391.14
homfam msb 4884 8 106.037 158 26.6 85.3 87.2 62.8 75.7 323.8390 0:05:23 6775.95 101959.89 6410.18 6520.95 1.98 4.44 132.23 436.97
homfam ghf1 4358 8 403.813 562 38.4 92.4 92.4 72.6 80.6 3523.2582 0:58:43 7688.33 103155.02 7212.45 7351.26 1.99 8.09 160.04 5640.23
homfam rvp 93681 6 94.2886 132 36.6 78.1 77.6 49.5 55.8 1174.5945 0:19:34 8411.49 101998.05 8046.41 8141.98 1.99 59.04 151.75 1783.20
homfam lyase_1 7632 5 295.082 511 30.9 81.1 81.0 62.2 66.7 2131.4337 0:35:31 7436.77 102940.22 7071.14 7154.62 1.99 10.50 157.02 3347.98
homfam ldh 7367 14 121.378 371 31.9 89.4 89.1 59.5 71.1 845.8929 0:14:05 6942.01 103000.41 6466.04 6631.68 1.99 7.51 152.67 1299.15
homfam subt 7517 11 301.598 414 39.5 79.1 80.8 34.7 46.9 6495.5122 1:48:15 7700.06 103314.79 7481.85 7572.47 1.98 12.24 178.32 11588.81
homfam sodfe 4455 8 77.4471 219 42.3 91.2 90.4 66.0 69.5 497.6176 0:08:17 6623.78 99912.82 6258.27 6423.06 1.99 3.33 145.83 726.73
homfam LIM 6428 5 57.0143 86 52.8 97.9 97.9 87.8 95.8 231.2489 0:03:51 6584.87 102057.30 6219.39 6355.40 1.99 5.47 142.47 330.95
homfam blm 9105 8 300.727 274 39.1 63.1 67.0 28.1 29.2 3586.3769 0:59:46 7562.17 103026.30 7087.05 7225.83 1.98 13.45 164.22 5896.82
homfam DMRL_synthase 2099 5 140.59 182 33.2 92.6 90.0 74.6 83.3 328.9419 0:05:28 6803.91 99013.04 6327.92 6475.41 1.99 2.37 146.15 489.62
homfam tRNA-synt_2b 11293 5 177.564 467 18.7 53.8 52.1 31.1 43.8 2269.1793 0:37:49 7324.02 103184.64 6958.80 7042.38 1.99 11.88 173.28 3934.65
homfam Stap_Strp_toxin 640 6 87.3922 254 32.5 78.9 78.2 46.5 53.5 400.9205 0:06:40 6629.58 102923.15 6153.30 6304.40 1.99 1.31 150.00 602.85
homfam Acetyltransf 46285 6 82.9897 229 24.1 64.4 63.9 35.4 45.5 2873.0577 0:47:53 7908.32 102932.24 7542.86 7626.43 1.96 33.93 181.92 5226.90
homfam ghf22 760 12 107.567 131 51.4 93.2 93.4 79.2 82.9 193.5594 0:03:13 6602.98 99910.16 6126.39 6265.32 1.99 1.41 118.71 231.46
homfam sdr 50157 13 163.253 361 23.3 79.4 77.9 32.2 42.8 2158.0181 0:35:58 8199.06 103204.07 7723.78 7834.78 1.98 54.89 156.16 3361.90
homfam ltn 1068 12 204.148 282 49.9 92.2 92.8 68.4 77.3 641.8574 0:10:41 6763.82 103120.34 6438.64 6550.99 1.99 1.92 146.23 944.41
homfam hpr 3349 5 83.0427 89 44.4 99.3 99.3 97.7 98.5 255.9713 0:04:15 6688.87 103103.42 6323.36 6433.97 1.99 2.64 124.60 320.37
homfam bowman 499 5 26.1443 73 64.9 94.5 94.5 82.9 84.9 132.0495 0:02:12 6440.32 99908.08 6074.73 6193.96 1.99 1.06 98.77 132.06
homfam hip 167 5 66.2096 88 33.4 86.4 85.4 66.7 75.2 154.5130 0:02:34 6464.14 96069.84 6098.55 6217.95 1.99 0.99 119.71 186.26
homfam HMG_box 4779 5 66.0716 89 24.8 93.9 93.4 77.8 85.4 250.1513 0:04:10 6607.26 102993.70 6241.83 6407.16 1.99 3.19 121.45 305.36
homfam icd 5678 5 328.887 433 41.7 95.0 95.0 85.7 88.6 2697.4702 0:44:57 7561.60 103255.45 7091.26 7224.12 1.99 8.25 163.51 4410.68
homfam peroxidase 4514 5 256.626 383 37.3 78.6 79.3 45.6 49.3 2689.6688 0:44:49 7246.23 103245.51 6880.85 6964.45 1.99 6.62 175.94 4740.87
homfam asp 3262 13 284.142 381 37.5 90.9 91.3 73.3 79.1 1804.4956 0:30:04 7192.03 103270.23 6826.39 6991.43 1.99 5.36 164.75 2976.28
homfam flav 4612 6 138.021 183 35.0 78.3 78.8 52.0 52.9 887.1050 0:14:47 6799.44 103066.46 6434.04 6598.86 1.99 4.28 161.16 1438.83
homfam cah 1379 5 212.706 279 38.7 86.9 87.4 64.9 72.8 686.1078 0:11:26 6814.18 103058.33 6449.09 6566.21 1.99 2.08 158.12 1088.66
homfam ace 3989 6 427.824 601 37.3 80.8 82.1 58.7 65.2 3666.9487 1:01:06 7737.09 103156.98 7372.40 7470.08 1.98 9.77 166.56 6112.89
homfam sti 613 5 165.383 198 36.4 87.5 86.9 68.5 75.8 230.7423 0:03:50 6785.59 103167.39 6420.35 6508.00 1.99 1.84 139.38 323.12
homfam aat 25100 10 337.807 476 28.6 72.9 73.9 30.4 35.1 5545.0132 1:32:25 8403.19 103257.56 7928.07 8048.46 1.98 36.61 159.47 8843.59
homfam oxidored_q6 3348 5 123.044 285 56.7 90.0 92.5 82.7 84.0 652.1064 0:10:52 6823.32 99912.00 6347.04 6513.00 1.99 3.16 156.44 1029.94
homfam hormone_rec 3509 5 188.562 308 21.5 72.6 72.5 48.4 61.7 1003.6139 0:16:43 6992.71 99911.91 6739.28 6768.16 1.99 3.81 164.45 1657.86
homfam rhv 17976 6 143.424 938 33.1 55.7 61.3 25.6 31.9 8298.2693 2:18:18 7122.29 99316.38 6805.57 6946.44 5.99 15.29 171.62 14246.12
homfam tgfb 1606 8 95.4645 118 43.8 82.4 85.5 32.5 39.4 242.0662 0:04:02 6659.82 102919.51 6184.00 6304.25 1.99 1.57 138.58 336.97
homfam cryst 1160 7 80.8078 192 44.4 90.5 90.8 68.5 71.3 250.9010 0:04:10 6696.35 101958.29 6220.80 6386.61 1.99 1.27 135.19 340.22
homfam cyclo 6288 6 159.069 203 44.1 87.7 88.7 72.0 76.6 1294.2235 0:21:34 6934.57 103206.22 6458.72 6601.10 1.99 7.64 159.47 2073.71
homfam kunitz 2266 10 53.752 64 37.9 97.5 97.5 88.3 87.5 175.5099 0:02:55 6535.77 103136.89 6060.16 6198.90 1.99 2.19 132.03 233.13
homfam Rhodanese 14049 6 102.277 216 22.7 78.8 86.9 64.6 67.7 1056.3672 0:17:36 6824.57 103498.06 6733.39 6760.81 1.98 11.21 170.40 1805.34
homfam sodcu 2038 7 141.322 169 42.2 89.1 89.5 73.5 77.3 365.1311 0:06:05 6910.07 103151.70 6433.70 6584.14 1.99 2.62 144.24 532.70
homfam profilin 687 5 123.371 144 39.7 94.5 95.0 87.5 87.6 230.5789 0:03:50 6853.02 99911.86 6377.39 6550.93 1.99 1.76 144.65 334.80
homfam glob 3983 41 100.684 174 31.7 95.8 95.5 68.8 71.9 330.8334 0:05:30 6769.86 99909.96 6436.80 6569.45 1.99 3.37 130.68 440.61
homfam tim 3904 10 205.645 260 47.5 97.9 97.7 92.7 95.8 1030.6367 0:17:10 6995.27 103244.56 6587.35 6762.81 1.99 5.01 158.53 1640.13
homfam uce 4558 13 134.701 184 34.0 90.3 89.8 56.0 64.6 444.2381 0:07:24 6911.67 103195.24 6732.45 6761.20 1.99 4.24 146.72 657.48
homfam toxin 508 20 62.311 78 43.1 88.7 87.2 54.5 61.3 133.5791 0:02:13 6489.86 99912.99 6014.38 6180.10 1.99 0.84 99.27 134.12
homfam rub 1435 5 46.1575 54 62.1 98.4 98.4 92.6 93.5 156.4646 0:02:36 6406.19 101958.28 5963.08 6095.95 1.99 1.59 116.40 183.63
homfam hom 12037 8 53.4951 98 35.3 93.5 93.4 66.7 81.5 302.6206 0:05:02 6680.66 99912.90 6363.75 6504.58 1.99 6.61 141.38 434.50
homfam biotin_lipoyl 11833 7 71.8928 112 28.9 94.6 93.0 75.3 81.0 330.1908 0:05:30 6768.61 102930.99 6292.83 6431.62 1.99 8.10 144.19 477.12
homfam cys 4316 13 198.11 284 40.5 93.5 93.1 68.7 79.3 1040.4096 0:17:20 7046.20 103060.29 6680.81 6845.74 1.99 5.93 166.46 1733.42
homfam ghf11 521 5 167.758 202 49.5 91.9 91.7 80.2 81.8 358.2397 0:05:58 6722.08 99910.90 6356.46 6445.16 1.99 1.49 149.60 537.43
homfam blmb 17200 6 192.465 344 20.6 69.1 71.1 41.1 53.0 3601.3876 1:00:01 7622.06 103121.67 7146.92 7289.67 1.98 18.92 176.20 6353.17
homfam aadh 3127 8 225.129 542 38.2 85.1 85.5 47.8 54.1 1523.9843 0:25:23 6978.46 103235.42 6803.55 6832.15 1.99 4.28 157.43 2409.09
homfam DEATH 1183 7 80.5689 159 19.6 78.4 79.3 44.4 60.3 221.5100 0:03:41 6625.95 99911.86 6150.07 6296.57 1.99 1.35 128.50 286.10
homfam Sulfotransfer 2489 5 235.798 381 26.2 75.5 76.3 46.6 54.7 1733.0264 0:28:53 7094.52 99911.32 6729.14 6893.97 1.99 3.84 166.83 2900.50
homfam serpin 3144 8 291.462 418 34.3 95.6 95.1 83.7 89.8 1542.9200 0:25:42 7149.66 103213.85 7091.11 7117.55 1.99 4.89 156.83 2427.33
homfam proteasome 5732 17 174.347 309 21.7 84.3 82.8 35.5 52.7 797.2627 0:13:17 6887.22 103349.71 6549.74 6690.54 1.99 5.72 153.93 1234.39
homfam zf-CCHH 88345 15 23.2513 39 35.5 97.1 96.5 88.6 93.0 461.7403 0:07:41 7170.68 103129.74 6694.66 6823.78 1.95 42.28 127.20 588.90
homfam egf 7774 12 32.0765 71 31.1 79.2 79.7 33.8 36.8 196.9538 0:03:16 6521.68 102186.29 6155.92 6266.66 1.98 4.43 119.94 237.79
homfam annexin 3139 6 65.1902 323 57.2 99.6 99.8 99.4 99.4 492.1818 0:08:12 6670.88 99909.50 6610.91 6637.78 1.99 2.64 154.44 761.66
homfam OTCace 4795 5 157.005 350 37.3 96.0 96.1 88.1 90.9 632.1364 0:10:32 6849.79 103003.34 6551.32 6649.48 1.99 4.93 156.04 994.63
homfam rnasemam 498 6 120.072 141 42.2 93.4 90.3 70.9 83.2 184.5942 0:03:04 6678.68 100712.36 6202.91 6352.65 1.99 0.97 126.07 233.40
homfam adh 21331 5 123.64 375 63.9 59.4 77.5 10.1 10.1 1403.2817 0:23:23 7015.61 103034.34 6677.06 6817.86 17.92 18.72 149.63 2109.07
homfam il8 1073 11 63.7623 81 34.5 95.8 94.7 74.0 84.6 166.4797 0:02:46 6587.59 102929.07 6111.55 6250.35 1.99 1.10 109.37 183.62
homfam hr 3707 5 65.1513 82 53.3 99.1 99.1 94.9 99.1 241.9385 0:04:01 6545.33 99910.89 6229.26 6371.10 1.99 2.89 138.18 341.75
homfam ChtBD 774 5 38.2713 45 59.3 98.3 98.1 93.0 94.7 132.5758 0:02:12 6434.53 96051.79 6068.98 6155.89 1.99 1.25 97.61 131.02
homfam gluts 10099 14 98.1117 235 39.4 36.5 49.8 5.2 5.7 1508.8261 0:25:08 6893.29 103117.35 6540.80 6637.48 1.98 7.85 174.17 2630.77
homfam ghf5 2717 6 260.466 470 17.8 64.3 64.3 32.1 46.0 1741.3107 0:29:01 7185.69 103293.47 6820.20 6985.03 1.99 3.95 164.23 2868.21
homfam ghf13 12607 10 264.452 626 26.8 61.6 63.2 29.4 39.5 5344.3462 1:29:04 7829.14 103151.26 7376.42 7473.18 1.99 16.40 176.24 9424.05
homfam PDZ 14950 6 80.8907 110 30.6 89.1 89.4 75.8 78.9 644.4060 0:10:44 7032.54 101960.21 6555.89 6698.88 1.98 11.24 154.93 1008.06
homfam az 1086 29 100.416 215 33.4 75.5 75.3 40.2 43.1 249.3428 0:04:09 6790.91 101959.20 6314.65 6480.61 1.99 1.40 133.83 338.65
homfam hla 13465 5 153.148 178 76.5 100.0 100.0 100.0 100.0 614.9598 0:10:14 7419.08 102923.38 6943.20 7163.35 1.99 13.55 131.61 810.82
homfam slectin 932 5 133.052 142 33.3 95.1 95.0 87.6 91.3 433.4078 0:07:13 6750.24 99910.35 6384.52 6495.16 1.99 1.37 149.57 659.19
homfam GEL 2195 5 78.1157 150 23.7 66.5 66.1 34.2 48.0 268.9337 0:04:28 6759.54 99910.30 6355.22 6466.52 1.99 2.01 146.13 398.96
homfam kringle 1091 9 75.9138 100 43.3 94.4 93.5 76.4 80.6 180.8278 0:03:00 6570.15 102919.43 6205.23 6291.92 1.99 1.59 129.41 235.59
homfam p450 21013 12 331.506 512 20.8 65.0 67.3 29.3 36.0 6714.1101 1:51:54 8946.50 100146.88 8469.94 8690.62 1.98 32.73 160.86 10801.17
homfam gpdh 7691 8 129.082 360 55.1 96.3 96.2 88.8 91.5 731.3082 0:12:11 6874.59 103314.51 6398.59 6553.58 1.99 8.04 153.55 1129.93
homfam int 7572 5 168.037 219 22.5 85.7 87.5 65.3 70.9 1315.5643 0:21:55 7039.74 103283.18 6562.32 6701.64 1.98 8.25 171.00 2250.89
homfam KAS 2070 6 174.528 404 31.7 86.3 86.1 68.0 74.1 741.6082 0:12:21 6919.43 102928.23 6553.43 6672.23 1.99 2.60 146.36 1086.81
homfam trfl 837 7 242.315 702 61.9 93.8 94.4 87.0 86.6 1191.8493 0:19:51 7069.89 96658.44 7011.07 7037.47 1.99 1.88 160.60 1915.37
homfam TNF 556 5 119.903 176 32.0 80.7 81.5 65.0 71.5 200.4083 0:03:20 6685.21 102922.07 6209.61 6351.91 1.99 1.18 139.09 280.22
homfam scorptoxin 363 8 53.2562 74 46.3 89.7 88.7 71.2 80.9 128.2649 0:02:08 6513.20 99950.12 6148.03 6250.41 1.99 0.78 102.34 132.85
homfam aldosered 13277 7 268.547 386 41.6 86.0 89.0 66.8 74.6 2797.4838 0:46:37 7503.88 103142.72 7138.19 7303.03 1.98 18.12 165.04 4623.58
homfam rrm 27610 20 67.4587 157 22.9 84.6 83.8 17.1 22.7 467.6367 0:07:47 6919.38 99915.26 6852.00 6880.88 1.98 17.97 141.69 664.10
