homfam ricin 747 7 198.708 281 37.5 88.4 90.3 71.8 77.4 9.6579 0:00:09 130.45 6997.89 122.21 123.47 0.00 0.02 1391.68 143.29
homfam ghf10 1502 5 220.34 364 43.3 89.6 94.2 76.8 80.7 32.2169 0:00:32 150.25 7021.56 116.59 122.41 0.00 0.02 478.59 169.40
homfam seatoxin 93 5 43.6344 54 42.6 82.6 81.3 57.1 56.7 0.1629 0:00:00 107.86 4602.93 105.50 105.71 0.00 0.02 0.00 4.45
homfam mofe 2567 6 353.074 609 30.0 79.8 84.4 62.1 66.2 98.2541 0:01:38 169.59 7010.26 136.03 139.57 0.00 0.02 582.56 594.79
homfam cyt3 385 6 92.3065 130 40.3 85.4 86.6 62.7 70.7 3.1742 0:00:03 123.55 6992.55 89.69 102.82 0.00 0.02 1965.31 68.66
homfam ins 793 6 65.2825 74 44.9 95.0 95.1 66.7 88.6 3.7540 0:00:03 125.35 6995.43 93.46 103.05 0.00 0.02 1936.47 78.46
homfam Ald_Xan_dh_2 2589 6 109.304 885 31.8 84.5 85.0 67.3 71.6 21.3497 0:00:21 171.20 7030.05 137.28 141.51 0.00 0.02 917.65 209.38
homfam tms 2118 5 264.245 357 45.9 92.3 96.6 78.9 82.7 43.7049 0:00:43 138.23 6995.99 110.48 114.60 0.00 0.02 51.10 43.90
homfam phc 2957 12 98.4711 179 37.2 95.7 96.4 78.8 82.7 16.8964 0:00:16 146.84 7027.14 113.41 122.84 0.00 0.02 908.95 168.85
homfam cytb 3206 6 82.1454 100 35.6 76.9 90.4 54.3 59.0 27.9034 0:00:27 149.61 7031.21 115.91 120.14 0.00 0.02 917.45 268.77
homfam mmp 1427 6 157.93 180 55.1 97.4 98.3 92.9 94.4 27.7434 0:00:27 144.81 7005.29 111.43 125.29 0.00 0.02 946.44 274.09
homfam phoslip 946 18 113.33 137 48.9 93.0 94.5 65.4 75.0 5.4961 0:00:05 128.11 6998.51 114.84 117.88 0.00 0.02 1248.84 76.10
homfam HLH 6781 5 53.5453 92 28.1 90.5 94.8 86.9 87.2 20.6134 0:00:20 167.05 7061.86 138.49 142.60 0.00 0.02 903.36 201.01
homfam myb_DNA-binding 10398 5 46.5583 61 40.7 73.5 90.2 51.8 53.9 28.5424 0:00:28 222.68 7111.34 191.00 195.16 0.00 0.02 198.27 74.72
homfam msb 4884 8 106.037 158 26.6 67.8 85.4 33.8 39.5 67.1263 0:01:07 182.02 7039.04 151.19 155.30 0.00 0.02 1191.60 819.27
homfam ghf1 4358 8 403.813 562 38.4 87.9 94.4 67.4 75.8 182.4868 0:03:02 214.10 7039.30 180.45 185.47 0.00 0.02 837.35 1547.51
homfam rvp 93681 6 94.2886 132 36.6 63.5 72.0 36.9 40.0 881.1579 0:14:41 1481.36 8349.01 1447.91 1451.50 0.00 0.02 467.42 4123.96
homfam lyase_1 7632 5 295.082 511 30.9 81.5 84.6 63.8 66.8 221.3003 0:03:41 232.63 7034.33 198.81 202.45 0.00 0.02 512.20 1150.88
homfam ldh 7367 14 121.378 371 31.9 87.3 88.7 58.1 66.4 78.8034 0:01:18 188.89 7033.80 155.20 158.85 0.00 0.02 548.03 451.40
homfam subt 7517 11 301.598 414 39.5 68.1 85.9 23.5 22.0 597.9383 0:09:57 362.91 7155.90 329.15 332.85 0.00 0.02 1455.70 8722.61
homfam sodfe 4455 8 77.4471 219 42.3 84.5 87.2 58.9 60.8 17.6375 0:00:17 158.64 7061.04 124.89 134.37 0.00 0.02 1147.97 216.14
homfam LIM 6428 5 57.0143 86 52.8 94.7 97.8 82.9 88.7 25.0689 0:00:25 177.86 7057.88 148.12 155.29 0.00 0.02 784.70 211.07
homfam blm 9105 8 300.727 274 39.1 66.8 84.1 24.3 24.8 607.6541 0:10:07 355.57 7135.89 321.97 325.62 0.00 0.02 1225.77 7465.96
homfam DMRL_synthase 2099 5 140.59 182 33.2 92.6 92.3 74.0 83.3 17.1704 0:00:17 140.94 7012.66 109.44 114.17 0.00 0.02 944.35 176.56
homfam tRNA-synt_2b 11293 5 177.564 467 18.7 33.0 46.2 11.0 15.2 172.9625 0:02:52 311.98 7113.71 278.54 282.22 0.00 0.02 825.94 1447.17
homfam Stap_Strp_toxin 640 6 87.3922 254 32.5 74.7 74.8 49.4 51.4 1.8978 0:00:01 114.40 6995.02 113.11 114.31 0.00 0.02 1018.60 25.53
homfam Acetyltransf 46285 6 82.9897 229 24.1 41.2 67.0 12.2 13.8 900.2844 0:15:00 838.50 7713.24 804.98 808.59 0.00 0.02 1045.94 9425.32
homfam ghf22 760 12 107.567 131 51.4 97.4 97.4 87.7 90.6 3.8651 0:00:03 126.40 6994.21 118.97 120.21 0.00 0.02 1176.33 52.02
homfam sdr 50157 13 163.253 361 23.3 43.6 68.9 7.9 10.3 1492.6222 0:24:52 2264.03 21006.48 2230.45 2234.66 0.00 0.02 1211.44 18087.51
homfam ltn 1068 12 204.148 282 49.9 89.5 93.5 60.5 66.7 21.7901 0:00:21 136.31 7004.50 102.50 112.04 0.00 0.02 1207.65 275.41
homfam hpr 3349 5 83.0427 89 44.4 100.0 100.0 100.0 100.0 14.3208 0:00:14 144.95 7040.12 111.21 117.75 0.00 0.02 1198.46 184.27
homfam bowman 499 5 26.1443 73 64.9 92.7 92.2 75.7 78.8 0.4164 0:00:00 107.97 4602.93 105.48 105.70 0.00 0.02 0.00 4.45
homfam hip 167 5 66.2096 88 33.4 86.9 87.3 65.5 72.4 0.5211 0:00:00 107.95 4602.91 105.51 105.74 0.00 0.02 0.00 4.44
homfam HMG_box 4779 5 66.0716 89 24.8 79.3 88.2 56.8 64.0 18.7353 0:00:18 154.61 7041.72 121.19 126.87 0.00 0.02 1165.28 231.96
homfam icd 5678 5 328.887 433 41.7 92.3 95.8 81.5 83.3 181.2869 0:03:01 208.66 7019.38 174.89 178.50 0.00 0.02 619.38 1141.99
homfam peroxidase 4514 5 256.626 383 37.3 87.2 89.6 61.3 65.9 121.4183 0:02:01 176.97 7007.88 143.16 146.83 0.00 0.02 781.79 969.23
homfam asp 3262 13 284.142 381 37.5 80.1 91.4 51.6 54.9 141.9947 0:02:21 196.10 7041.32 162.24 166.50 0.00 0.02 1598.96 2290.81
homfam flav 4612 6 138.021 183 35.0 74.5 82.5 47.4 49.5 50.6741 0:00:50 167.38 7014.19 133.80 138.65 0.00 0.02 1030.29 543.26
homfam cah 1379 5 212.706 279 38.7 90.3 94.1 76.8 81.1 30.4669 0:00:30 137.53 7006.26 104.23 111.44 0.00 0.02 637.98 207.72
homfam ace 3989 6 427.824 601 37.3 80.3 87.8 59.2 63.8 375.7791 0:06:15 244.18 7056.47 210.71 217.77 0.00 0.02 1528.42 5762.46
homfam sti 613 5 165.383 198 36.4 82.1 84.5 57.1 62.5 6.5977 0:00:06 124.54 6994.38 91.05 104.77 0.00 0.02 1498.92 106.14
homfam aat 25100 10 337.807 476 28.6 64.4 81.4 23.3 24.5 1255.4761 0:20:55 827.95 7424.41 794.45 798.54 0.00 0.02 986.39 12393.16
homfam oxidored_q6 3348 5 123.044 285 56.7 98.4 98.5 94.4 95.9 21.8902 0:00:21 152.28 7026.32 118.72 125.00 0.00 0.02 593.83 146.44
homfam hormone_rec 3509 5 188.562 308 21.5 49.9 64.9 23.5 29.7 106.9779 0:01:46 162.97 7009.59 129.21 134.00 0.00 0.02 888.08 970.96
homfam rhv 17976 6 143.424 938 33.1 81.7 83.6 54.2 64.6 173.3288 0:02:53 287.05 7085.86 253.68 257.75 0.00 0.02 636.44 1119.46
homfam tgfb 1606 8 95.4645 118 43.8 88.0 89.7 58.1 67.6 6.9445 0:00:06 133.09 7008.23 99.32 109.22 0.00 0.02 1348.79 101.92
homfam cryst 1160 7 80.8078 192 44.4 49.2 66.2 1.7 0.8 5.9345 0:00:05 130.04 6997.34 122.95 124.20 0.00 0.02 1550.51 98.89
homfam cyclo 6288 6 159.069 203 44.1 76.6 94.0 58.7 56.3 81.8104 0:01:21 191.46 7025.98 157.92 162.12 0.00 0.02 1200.33 1002.19
homfam kunitz 2266 10 53.752 64 37.9 96.8 98.9 85.0 84.0 7.4719 0:00:07 133.45 7016.82 100.42 114.28 0.00 0.02 1713.78 135.86
homfam Rhodanese 14049 6 102.277 216 22.7 50.3 65.3 36.5 28.6 149.1241 0:02:29 250.27 7165.98 217.10 221.22 0.00 0.02 1331.04 2003.64
homfam sodcu 2038 7 141.322 169 42.2 88.2 93.7 74.7 77.0 20.7880 0:00:20 139.64 7019.12 106.05 110.13 0.00 0.02 888.10 198.93
homfam profilin 687 5 123.371 144 39.7 83.8 89.4 68.8 70.8 5.6894 0:00:05 128.07 6996.73 94.23 108.33 0.00 0.02 1718.47 104.63
homfam glob 3983 41 100.684 174 31.7 93.2 95.6 51.2 50.4 24.2640 0:00:24 157.63 7047.94 123.77 129.62 0.00 0.02 463.11 129.49
homfam tim 3904 10 205.645 260 47.5 95.7 97.1 84.9 87.6 63.6162 0:01:03 158.09 7002.27 125.43 130.21 0.00 0.02 416.84 285.54
homfam uce 4558 13 134.701 184 34.0 83.1 92.4 41.6 45.3 42.7865 0:00:42 178.21 7035.28 149.91 153.53 0.00 0.02 51.00 43.28
homfam toxin 508 20 62.311 78 43.1 87.7 89.9 48.1 51.9 1.4352 0:00:01 114.62 6990.49 98.29 105.61 0.00 0.02 1073.47 22.77
homfam rub 1435 5 46.1575 54 62.1 100.0 100.0 100.0 100.0 2.7713 0:00:02 123.52 7000.36 89.98 103.97 0.00 0.02 918.65 32.47
homfam hom 12037 8 53.4951 98 35.3 89.6 94.4 62.3 73.7 33.1973 0:00:33 191.99 7048.25 160.40 165.17 0.00 0.02 64.67 42.39
homfam biotin_lipoyl 11833 7 71.8928 112 28.9 93.2 94.6 75.3 77.6 62.5393 0:01:02 192.70 7034.48 159.89 164.54 0.00 0.02 274.09 191.52
homfam cys 4316 13 198.11 284 40.5 78.1 92.4 42.9 47.8 94.4592 0:01:34 182.26 7051.44 148.55 154.34 0.00 0.02 1177.81 1133.07
homfam ghf11 521 5 167.758 202 49.5 93.4 95.0 84.4 85.9 5.5109 0:00:05 124.21 6995.63 113.48 114.71 0.00 0.02 1264.80 76.58
homfam blmb 17200 6 192.465 344 20.6 35.8 56.6 12.4 16.6 671.3797 0:11:11 443.00 7199.11 409.09 412.80 0.00 0.02 1151.40 7746.07
homfam aadh 3127 8 225.129 542 38.2 84.6 89.2 56.7 61.9 61.2840 0:01:01 155.36 7009.30 121.96 125.58 0.00 0.02 477.42 313.53
homfam DEATH 1183 7 80.5689 159 19.6 74.8 82.8 47.6 52.0 11.4530 0:00:11 129.63 7001.97 112.00 115.25 0.00 0.02 2283.56 269.10
homfam Sulfotransfer 2489 5 235.798 381 26.2 64.9 78.6 35.5 39.8 152.3548 0:02:32 166.96 7027.44 133.05 140.20 0.00 0.02 1523.04 2341.95
homfam serpin 3144 8 291.462 418 34.3 88.9 94.2 71.9 76.6 166.2328 0:02:46 233.41 7655.87 199.49 205.30 0.00 0.02 1413.46 2369.71
homfam proteasome 5732 17 174.347 309 21.7 81.6 85.1 36.6 46.4 74.8718 0:01:14 173.73 7013.79 140.48 147.62 0.00 0.02 233.05 194.68
homfam zf-CCHH 88345 15 23.2513 39 35.5 56.8 73.4 8.6 11.2 270.6382 0:04:30 746.44 8511.50 713.24 716.84 0.00 0.02 629.44 1714.53
homfam egf 7774 12 32.0765 71 31.1 66.2 71.8 33.8 28.1 17.7675 0:00:17 188.61 7074.86 162.41 171.45 0.00 0.02 1201.51 226.95
homfam annexin 3139 6 65.1902 323 57.2 100.0 100.0 100.0 100.0 11.3001 0:00:11 140.84 7017.36 107.38 112.09 0.00 0.02 1366.30 164.69
homfam OTCace 4795 5 157.005 350 37.3 94.3 96.3 85.8 86.7 49.2658 0:00:49 167.09 7012.33 133.48 137.78 0.00 0.02 887.40 458.69
homfam rnasemam 498 6 120.072 141 42.2 93.7 92.2 73.1 83.1 2.7461 0:00:02 115.82 6991.68 114.37 115.58 0.00 0.02 939.49 32.07
homfam adh 21331 5 123.64 375 63.9 98.6 98.8 96.8 97.1 297.5698 0:04:57 306.28 7078.07 272.36 276.72 0.00 0.02 1268.22 3789.90
homfam il8 1073 11 63.7623 81 34.5 81.1 84.4 48.1 53.5 3.7769 0:00:03 121.82 6996.43 118.06 119.30 0.00 0.02 1604.98 66.99
homfam hr 3707 5 65.1513 82 53.3 88.3 96.7 82.3 80.0 12.8020 0:00:12 149.77 7030.58 116.29 123.49 0.00 0.02 1326.82 181.20
homfam ChtBD 774 5 38.2713 45 59.3 94.0 95.1 83.7 85.0 1.3812 0:00:01 115.57 6992.45 111.88 113.01 0.00 0.02 982.10 21.04
homfam gluts 10099 14 98.1117 235 39.4 87.2 92.0 68.2 72.6 138.2081 0:02:18 257.26 7086.86 223.40 230.53 0.00 0.02 1396.05 1949.37
homfam ghf5 2717 6 260.466 470 17.8 62.2 70.0 33.7 46.9 139.4625 0:02:19 177.46 7029.33 143.98 148.51 0.00 0.02 1798.05 2528.71
homfam ghf13 12607 10 264.452 626 26.8 58.8 69.2 23.8 31.5 482.7090 0:08:02 406.80 7164.74 373.25 376.89 0.00 0.02 1005.88 4871.80
homfam PDZ 14950 6 80.8907 110 30.6 89.2 93.0 73.7 76.6 122.4407 0:02:02 228.49 7057.07 195.32 204.62 0.00 0.02 1106.76 1373.76
homfam az 1086 29 100.416 215 33.4 69.6 73.2 31.0 28.0 7.5224 0:00:07 131.57 7000.48 97.89 111.97 0.00 0.02 1713.26 137.05
homfam hla 13465 5 153.148 178 76.5 100.0 100.0 100.0 100.0 143.0049 0:02:23 305.63 8926.23 271.71 275.34 0.00 0.02 665.95 970.68
homfam slectin 932 5 133.052 142 33.3 86.4 94.3 73.0 76.3 10.2489 0:00:10 132.27 6999.88 123.24 124.50 0.00 0.02 1833.35 195.83
homfam GEL 2195 5 78.1157 150 23.7 59.6 61.2 28.8 39.8 9.9311 0:00:09 138.73 7017.48 105.20 110.98 0.00 0.02 1529.87 161.32
homfam kringle 1091 9 75.9138 100 43.3 88.5 91.8 74.2 78.2 4.8646 0:00:04 122.51 7000.96 89.22 102.37 0.00 0.02 1734.71 91.12
homfam p450 21013 12 331.506 512 20.8 51.9 71.6 9.0 11.7 1620.9385 0:27:00 1656.96 12895.24 1622.98 1626.64 0.00 0.02 1357.03 22007.98
homfam gpdh 7691 8 129.082 360 55.1 92.8 95.3 83.0 84.6 67.6523 0:01:07 184.09 7019.03 151.12 155.24 0.00 0.02 403.55 293.21
homfam int 7572 5 168.037 219 22.5 56.6 79.1 24.3 25.6 215.9217 0:03:35 222.98 7053.95 189.27 192.98 0.00 0.02 1625.83 3530.15
homfam KAS 2070 6 174.528 404 31.7 86.5 86.9 70.2 74.6 23.5481 0:00:23 144.42 7002.75 111.13 115.24 0.00 0.02 311.35 91.27
homfam trfl 837 7 242.315 702 61.9 97.6 97.8 94.2 94.5 16.0293 0:00:16 142.18 7003.80 108.42 117.16 0.00 0.02 1323.95 222.34
homfam TNF 556 5 119.903 176 32.0 87.6 90.5 68.2 74.5 4.6740 0:00:04 126.38 6994.21 119.26 120.50 0.00 0.02 1610.87 81.75
homfam scorptoxin 363 8 53.2562 74 46.3 91.3 90.7 75.3 83.1 0.9317 0:00:00 114.38 6919.27 110.37 111.59 0.00 0.02 0.00 12.34
homfam aldosered 13277 7 268.547 386 41.6 76.6 90.5 33.2 35.7 501.2726 0:08:21 521.04 8916.41 487.70 491.31 0.00 0.02 1120.04 5629.13
homfam rrm 27610 20 67.4587 157 22.9 48.6 77.7 5.4 8.0 199.1079 0:03:19 419.23 7212.19 385.60 389.73 0.00 0.02 1350.27 2704.92
