ext_homfam_large CH 44833 4 101.255 143 22.6 86.9 87.3 75.9 77.9 8.8049 0:00:08 344.58 7494.02 311.69 315.22 0.00 0.02 2002.71 5.31
ext_homfam_large fkbp 98017 4 91.5776 126 47.3 96.0 97.3 89.4 92.8 42.9720 0:00:42 173.07 7119.01 140.62 144.15 0.00 0.02 1298.10 573.89
ext_homfam_large cyclin 52844 3 108.15 288 16.3 42.4 41.8 31.5 34.4 16.0360 0:00:16 434.56 7723.35 401.39 404.92 0.00 34.04 1775.26 303.21
ext_homfam_large DUF170 58645 3 71.4808 89 21.8 76.8 75.3 68.2 71.1 13.3528 0:00:13 367.04 7138.94 338.04 341.59 0.00 0.02 1491.83 218.23
ext_homfam_large citrate_synt 69185 3 306.645 452 30.2 82.6 82.7 70.9 74.5 74.2982 0:01:14 173.96 7129.29 141.40 144.93 0.00 0.02 2051.07 1536.01
ext_homfam_large ACPS 58467 3 91.2324 122 16.7 60.2 63.1 44.5 47.7 21.9619 0:00:21 479.21 7435.13 451.21 455.25 0.00 0.02 1266.69 297.03
ext_homfam_large cbp 47126 8 26.6756 200 38.3 88.9 88.4 70.7 74.4 3.8379 0:00:03 223.77 7108.10 195.00 199.04 0.00 0.02 1649.15 84.51
ext_homfam_large rnh 76222 3 122.222 161 34.3 72.4 72.6 53.1 55.5 31.2547 0:00:31 155.36 7113.39 123.12 126.65 0.00 0.02 1775.14 571.94
ext_homfam_large Fapy_DNA_glyco 41627 4 111.499 279 40.3 81.0 84.3 62.0 64.1 11.4982 0:00:11 399.09 7566.09 366.25 370.30 0.00 0.02 1559.60 198.53
ext_homfam_large DAHP_synth_1 64082 3 259.458 375 25.6 63.4 60.9 41.7 44.1 45.5208 0:00:45 158.91 7111.24 126.24 129.77 0.00 0.02 1219.78 570.05
ext_homfam_large Glyco_hydro_18_D2 70609 4 284.482 91 23.5 44.4 58.1 13.3 14.1 77.1440 0:01:17 179.67 7129.34 147.17 150.70 0.00 0.02 1973.99 1534.40
ext_homfam_large dutpase 45714 3 116.124 138 28.6 88.3 87.8 80.0 82.3 11.7497 0:00:11 367.54 7144.73 338.20 342.24 0.00 0.02 1960.18 249.47
ext_homfam_large DHOdehase 70950 4 232.402 396 26.1 82.3 83.8 66.9 72.0 98.3054 0:01:38 744.20 7642.56 711.02 714.58 0.00 0.02 1910.04 1882.96
ext_homfam_large Glyco_hydro_18_D1 70609 4 284.497 444 28.1 69.3 72.0 53.5 62.3 76.6790 0:01:16 180.08 7129.36 147.34 151.36 0.00 0.02 1984.41 1532.26
ext_homfam_large Asp_Glu_race_D 76399 4 200.362 123 17.8 17.2 52.0 0.0 0.0 45.4211 0:00:45 160.47 7114.35 127.78 131.31 0.00 0.02 1203.94 560.11
ext_homfam_large Bacterial_PQQ 64175 3 31.747 635 44.1 89.0 87.6 78.1 81.7 7.3796 0:00:07 364.20 7126.36 331.38 334.90 0.00 0.02 1737.29 146.83
ext_homfam_large GAL4 82674 3 34.7695 49 48.9 87.4 85.7 78.4 82.5 14.9895 0:00:14 413.11 7267.38 380.31 384.33 0.00 20.97 1383.05 227.17
ext_homfam_large PEP-utilizers 59219 3 73.0971 154 36.6 86.5 86.2 78.6 78.4 10.6388 0:00:10 310.50 7141.86 282.49 286.51 0.00 0.02 2153.88 248.86
ext_homfam_large RuBisCO_large 80140 7 241.993 342 50.4 89.3 88.9 61.9 65.6 82.1322 0:01:22 2059.74 7365.56 2026.95 2030.97 0.00 0.02 2275.71 1881.32
ext_homfam_large Bac_DNA_binding 54315 4 86.796 101 33.0 97.0 97.6 93.7 93.3 13.2688 0:00:13 371.02 7140.69 337.83 341.38 0.00 0.02 1832.53 262.28
ext_homfam_large ung 82384 3 152.042 235 48.3 98.2 98.5 96.9 97.1 37.1045 0:00:37 159.53 7115.05 127.02 131.04 0.00 0.02 1484.62 566.31
ext_homfam_large myb_DNA-binding 72066 5 45.6103 61 40.7 90.0 89.6 67.9 73.3 13.5455 0:00:13 352.80 7393.01 319.99 324.03 0.00 76.76 1407.68 209.72
ext_homfam_large msb 69329 8 103.238 158 26.6 89.6 88.5 69.0 78.1 34.8722 0:00:34 610.38 7598.39 577.70 581.23 0.00 0.02 1262.28 456.68
ext_homfam_large ARM 41154 3 37.9796 486 28.5 33.6 32.3 0.0 0.0 3.9135 0:00:03 215.82 7237.45 182.95 186.48 0.00 6.93 1491.63 78.44
ext_homfam_large tRNA_bind 60715 3 96.4105 128 22.8 75.4 72.7 58.9 62.5 12.6776 0:00:12 372.34 7407.79 339.34 342.89 0.00 17.93 2287.39 308.07
ext_homfam_large sodfe 69746 8 89.9976 219 42.3 89.0 88.3 60.3 64.2 16.4415 0:00:16 411.46 7304.90 382.19 386.22 0.00 0.02 2186.95 377.90
ext_homfam_large Glyco_hydro_2 54968 3 98.0938 129 10.6 15.4 15.2 1.8 0.7 29.7335 0:00:29 597.16 7361.06 568.96 572.49 0.00 0.02 872.88 278.36
ext_homfam_large Orn_DAP_Arg_deC 67331 3 234.09 179 77.6 95.5 96.0 92.8 92.8 50.8074 0:00:50 767.68 7803.97 734.91 738.45 0.00 0.02 2647.81 1358.30
ext_homfam_large LIM 46552 5 54.4262 86 52.8 97.9 97.9 89.0 96.8 6.9122 0:00:06 261.95 7118.17 232.65 236.17 0.00 0.02 1348.80 113.55
ext_homfam_large TIG 45878 6 77.2108 88 55.4 91.3 91.7 80.5 80.1 22.7374 0:00:22 533.89 7272.63 504.22 508.25 0.00 0.02 753.15 183.35
ext_homfam_large Lum_binding 56467 4 84.6084 114 27.1 91.6 92.2 83.6 83.8 14.6359 0:00:14 389.11 7286.86 360.06 363.60 0.00 0.02 1663.91 262.58
ext_homfam_large DHH 60101 3 146.145 189 66.5 93.1 93.3 89.2 89.5 22.1255 0:00:22 432.73 7181.75 403.32 406.85 0.00 0.02 2480.02 565.09
ext_homfam_large EGF_Lam 75793 3 45.7537 61 33.9 74.5 75.0 52.6 62.1 12.4652 0:00:12 343.60 7267.98 310.84 314.86 0.00 39.02 1612.99 219.55
ext_homfam_large Adenylsucc_synt 44036 3 378.745 441 56.1 98.1 98.0 96.5 96.9 54.3129 0:00:54 759.67 7538.41 730.41 733.95 0.00 0.02 2570.37 1410.73
ext_homfam_large KISc 60991 4 282.977 412 45.1 84.0 84.0 68.7 72.8 93.7904 0:01:33 1355.59 8559.18 1322.88 1326.43 0.00 0.02 2066.32 1951.93
ext_homfam_large ferritin 65240 4 132.879 173 60.4 88.3 87.9 66.9 70.7 19.9312 0:00:19 358.71 7184.89 329.22 332.76 0.00 0.02 2726.21 559.62
ext_homfam_large RNase_HII 44930 3 178.359 228 40.1 79.9 82.7 72.4 73.6 23.1598 0:00:23 546.12 7380.59 516.80 520.83 0.00 0.02 1654.18 397.86
ext_homfam_large peroxidase 68141 5 261.962 383 37.3 79.5 81.0 50.1 51.8 61.2046 0:01:01 168.31 7112.37 135.73 139.76 0.00 0.02 2483.88 1530.17
ext_homfam_large asp 47635 13 273.267 381 37.5 84.3 85.5 52.4 57.5 58.0524 0:00:58 1079.68 8268.48 1047.01 1051.06 0.00 0.02 1901.23 1118.00
ext_homfam_large flav 59460 6 126.005 183 35.0 82.7 83.5 54.3 61.1 16.1627 0:00:16 402.32 7456.32 373.67 377.20 0.00 0.02 2535.51 5.99
ext_homfam_large ptpase 46221 3 166.676 311 39.2 92.9 93.0 87.2 89.1 28.1121 0:00:28 602.30 7785.09 569.52 573.07 0.00 0.02 1484.75 431.07
ext_homfam_large PK 83424 4 231.495 524 47.5 95.3 95.0 87.8 92.3 75.9480 0:01:15 190.19 7132.65 157.57 161.09 0.00 0.02 2002.80 1532.62
ext_homfam_large ghf18 70610 5 284.494 349 19.9 38.3 41.8 9.2 9.2 79.9072 0:01:19 1207.56 8546.28 1174.69 1178.23 0.00 0.02 2810.21 2256.85
ext_homfam_large cat3 87444 4 213.469 256 24.8 79.0 78.6 52.7 56.5 68.6313 0:01:08 176.41 7133.55 143.63 147.65 0.00 0.02 2219.16 1534.73
ext_homfam_large sh3 64226 20 45.6022 115 31.9 87.2 86.8 26.4 41.2 9.4742 0:00:09 302.68 7257.67 270.20 273.72 0.00 36.38 1687.24 179.26
ext_homfam_large Pro_CA 43482 4 143.131 268 39.2 88.4 86.7 74.5 78.5 14.1180 0:00:14 393.67 7535.92 360.72 364.26 0.00 91.42 2024.88 304.16
ext_homfam_large CUB 61058 3 102.6 114 41.7 96.3 96.0 93.6 94.2 25.5027 0:00:25 514.30 7370.41 485.62 489.17 0.00 0.02 1264.29 340.26
ext_homfam_large cyclo 94131 6 150.667 203 44.1 87.9 88.1 73.5 74.6 59.4460 0:00:59 814.00 7691.04 780.98 784.53 0.00 0.02 2172.25 1304.17
ext_homfam_large Methyltransf_1 83642 3 76.3578 184 28.8 50.8 48.3 38.0 41.0 25.1142 0:00:25 484.41 7170.17 455.41 458.96 0.00 0.02 1788.33 466.87
ext_homfam_large tim 51027 10 220.35 260 47.5 97.2 97.3 89.2 92.6 33.4957 0:00:33 146.30 7091.56 113.61 117.13 0.00 0.02 1635.80 564.45
ext_homfam_large PH 81662 13 97.5814 228 16.6 54.4 52.8 4.1 8.5 30.6897 0:00:30 301.98 7179.02 273.58 277.10 0.00 0.02 1770.38 559.19
ext_homfam_large uce 47029 13 120.381 184 34.0 91.7 90.9 58.4 65.9 13.7577 0:00:13 400.21 7660.10 367.44 370.97 0.00 7.70 2003.26 293.96
ext_homfam_large igps 76266 3 215.593 276 19.3 30.5 29.5 0.0 0.0 50.3889 0:00:50 767.38 7679.94 734.88 738.92 0.00 0.02 2728.80 1387.89
ext_homfam_large hom 48083 8 52.118 98 35.3 91.3 90.6 58.0 68.3 6.4440 0:00:06 266.08 7118.53 238.37 243.07 0.00 0.02 1458.30 114.38
ext_homfam_large ligase-CoA 45322 3 119.659 183 29.2 65.1 62.6 41.1 44.1 8.3422 0:00:08 320.46 7396.21 287.43 291.46 0.00 40.71 2472.18 224.89
ext_homfam_large aadh 92451 8 164.389 542 38.2 66.4 67.7 16.3 17.6 49.9476 0:00:49 638.43 7547.91 609.55 613.11 0.00 0.02 2748.26 1385.97
ext_homfam_large Sulfotransfer 56833 5 211.235 381 26.2 73.2 73.1 34.5 42.4 48.4662 0:00:48 934.83 8163.74 902.04 905.58 0.00 257.17 2045.11 1006.71
ext_homfam_large Ribosomal_L6_D 53998 4 72.9764 103 17.8 57.5 54.9 30.9 34.0 9.9502 0:00:09 359.10 7136.30 329.71 333.24 0.00 0.02 2033.19 221.91
ext_homfam_large S_100 51521 6 27.8658 103 34.3 36.9 47.9 0.0 0.0 4.6525 0:00:04 229.09 7111.40 200.49 204.03 0.00 0.02 1795.17 104.18
ext_homfam_large LDLa 74332 4 36.1029 48 45.6 95.2 95.2 86.0 92.5 11.2013 0:00:11 392.36 7135.00 359.69 363.71 0.00 21.40 1685.05 208.05
ext_homfam_large proteasome 59434 17 167.998 309 21.7 81.4 77.8 29.7 36.1 22.3321 0:00:22 149.12 7093.05 116.85 120.87 0.00 0.02 2488.67 572.96
ext_homfam_large Cu_nir 56602 3 123.831 337 72.9 100.0 100.0 100.0 100.0 14.3211 0:00:14 420.23 7739.38 387.33 390.87 0.00 178.33 2681.73 401.86
ext_homfam_large egf 93003 12 30.3664 71 31.1 66.5 67.1 14.7 25.5 15.2558 0:00:15 456.35 7250.88 427.66 431.19 0.00 0.37 1657.08 271.48
ext_homfam_large csp 69967 3 61.2304 70 67.2 98.0 98.0 97.0 97.0 13.4450 0:00:13 389.44 7144.27 360.82 364.84 0.00 0.02 1688.14 245.88
ext_homfam_large cat 51685 3 333.558 730 44.4 94.5 94.4 89.5 92.4 49.5866 0:00:49 656.28 7551.23 623.94 627.97 0.00 0.02 2894.39 1449.29
ext_homfam_large porin 49455 4 262.201 361 24.6 47.0 48.3 19.3 20.2 37.2962 0:00:37 151.93 7107.34 119.25 123.27 0.00 0.02 1492.49 572.98
ext_homfam_large parv 47125 7 26.6651 109 55.6 100.0 100.0 100.0 100.0 3.6493 0:00:03 230.03 7236.07 197.07 200.62 0.00 3.39 1688.03 82.27
ext_homfam_large FAD-oxidase_C 93603 4 227.568 367 10.8 18.0 19.8 5.9 6.1 84.6318 0:01:24 894.57 7809.86 861.61 865.64 0.00 0.02 2673.08 2272.31
ext_homfam_large EFTU_C 47040 3 85.1735 107 53.8 100.0 100.0 100.0 100.0 8.6602 0:00:08 358.00 7131.57 329.86 333.88 0.00 0.02 1814.62 176.88
ext_homfam_large ghf5 62230 6 234.799 470 17.8 59.5 57.8 32.6 45.6 45.6140 0:00:45 164.80 7110.63 132.26 135.78 0.00 0.02 1219.09 570.37
ext_homfam_large Glyco_hydro_18 70609 4 284.501 534 27.6 77.2 77.3 59.2 68.4 77.1856 0:01:17 179.94 7129.36 147.43 150.98 0.00 0.02 1968.00 1531.04
ext_homfam_large MoCF_biosynth 99836 4 143.205 203 28.2 67.6 67.4 33.3 40.0 53.3387 0:00:53 693.60 7625.64 661.18 665.20 0.00 0.02 2666.59 1434.77
ext_homfam_large phs 46393 3 513.488 890 45.3 94.6 94.6 90.2 91.8 87.2145 0:01:27 845.92 7320.81 813.53 817.05 0.00 0.02 2841.93 2491.51
ext_homfam_large cpa 58140 4 202.33 333 46.2 88.0 87.9 73.8 75.5 33.8103 0:00:33 161.89 7109.23 129.20 132.74 0.00 0.02 1655.60 575.92
ext_homfam_large EF_TS 47306 3 145.243 217 29.0 42.9 33.3 4.3 2.2 15.9012 0:00:15 411.20 7540.24 378.32 382.35 0.00 90.72 2134.50 357.55
ext_homfam_large ccH 87847 4 53.8964 65 34.7 87.5 91.2 78.0 78.1 19.9975 0:00:19 438.50 7154.22 410.32 413.86 0.00 0.02 1502.89 318.11
ext_homfam_large LMWPc 76645 3 129.111 161 54.3 94.0 95.2 90.4 90.8 35.9656 0:00:35 155.25 7113.50 122.70 126.72 0.00 0.02 1513.12 560.37
ext_homfam_large COX3 67464 3 195.409 278 31.5 83.4 83.3 77.0 74.9 37.1775 0:00:37 155.03 7111.63 122.24 126.27 0.00 0.02 1498.47 572.93
ext_homfam_large KAS 47886 6 138.716 404 31.7 75.8 75.2 52.8 62.4 13.2775 0:00:13 373.86 7475.36 341.02 345.06 0.00 12.05 2346.66 330.04
ext_homfam_large DNA_pol3_beta 97572 3 113.738 138 11.6 82.6 81.2 72.1 76.6 38.2504 0:00:38 162.18 7118.90 129.57 133.58 0.00 0.02 1453.60 571.10
ext_homfam_large laminin_G 43331 4 123.858 213 18.3 61.2 59.0 37.9 44.8 13.1279 0:00:13 389.05 7655.79 355.95 359.49 0.00 13.66 1836.88 259.60
ext_homfam_large MM_CoA_mutase 72484 4 104.911 193 32.4 82.5 82.7 62.9 68.0 24.4635 0:00:24 439.64 7170.92 410.71 414.25 0.00 0.02 2123.93 535.93
ext_homfam_large pgk 46729 4 347.047 435 51.4 94.4 94.6 88.6 90.2 53.4758 0:00:53 806.81 7611.25 774.07 777.61 0.00 0.02 2334.95 1263.38
ext_homfam_xlarge Peptidase_M24 172250 4 215.363 363 22.1 69.3 66.9 48.9 55.4 255.7962 0:04:15 238.16 7172.46 205.57 209.12 0.00 0.02 2847.07 7288.31
ext_homfam_xlarge xia 209226 6 231.707 398 69.1 98.0 97.8 93.4 94.0 403.1576 0:06:43 273.26 7221.27 241.39 244.92 0.00 0.02 3001.41 12105.49
ext_homfam_xlarge TPR 125824 6 32.084 237 17.0 14.2 14.9 0.0 0.0 20.9512 0:00:20 777.33 7167.59 747.89 751.42 0.00 0.02 2115.60 459.96
ext_homfam_xlarge HMA 121128 3 57.6601 72 28.4 100.0 100.0 100.0 100.0 27.5508 0:00:27 423.20 7184.11 393.58 397.12 0.00 0.02 1836.60 521.94
ext_homfam_xlarge Ald_Xan_dh_2 200468 6 271.37 885 31.8 78.9 78.5 57.3 63.1 493.8073 0:08:13 1502.32 7698.96 1470.40 1473.93 0.00 0.02 3031.63 14975.41
ext_homfam_xlarge CPSase_L_chain 105928 4 104.716 143 23.0 55.5 54.7 33.3 35.1 34.9972 0:00:34 165.89 7120.99 133.33 136.87 0.00 0.02 1598.60 574.36
ext_homfam_xlarge ATP-synt 197504 4 146.75 535 36.5 66.2 65.7 45.7 49.0 181.3948 0:03:01 339.67 7281.37 307.21 310.77 0.00 0.02 2959.63 5374.07
ext_homfam_xlarge Ald_Xan_dh_1 227053 6 66.8665 205 43.4 41.3 52.6 13.6 1.1 93.1262 0:01:33 253.04 7190.32 218.59 222.61 0.00 0.02 2662.41 2485.98
ext_homfam_xlarge LRR 124140 3 21.1644 485 38.1 41.8 40.5 22.4 9.3 24.9502 0:00:24 253.27 7157.70 224.48 228.00 0.00 0.02 2151.91 553.03
ext_homfam_xlarge ghf1 107507 8 381.152 562 38.4 84.6 85.8 53.3 59.8 272.6253 0:04:32 1619.35 8159.90 1586.18 1590.22 0.00 0.02 2862.88 7810.53
ext_homfam_xlarge rvp 198002 6 90.8504 132 36.6 72.1 74.4 45.9 51.8 151.6232 0:02:31 5821.98 11492.10 5789.17 5792.70 0.00 0.02 2013.38 3058.50
ext_homfam_xlarge lyase_1 140178 5 285.639 511 30.9 76.7 76.5 56.5 58.1 269.6003 0:04:29 1387.13 7755.51 1355.52 1359.06 0.00 0.02 2996.68 8084.36
ext_homfam_xlarge ldh 192821 14 145.613 371 31.9 61.1 62.1 16.8 16.6 207.5763 0:03:27 1231.52 7852.61 1198.04 1201.62 0.00 0.02 2761.10 5732.19
ext_homfam_xlarge subt 169430 11 276.407 414 39.5 49.5 53.6 7.9 10.2 492.5099 0:08:12 3095.91 9544.28 3062.93 3066.49 0.00 0.02 2785.08 13721.93
ext_homfam_xlarge inositol_P 101015 3 234.461 448 19.9 32.2 32.8 17.4 21.2 111.8575 0:01:51 1098.38 8132.45 1065.40 1068.93 0.00 0.02 2755.37 3088.47
ext_homfam_xlarge Toprim 117099 3 104.453 139 19.1 49.4 52.1 25.2 28.4 41.1107 0:00:41 177.49 7123.95 144.84 148.88 0.00 0.02 1358.73 570.75
ext_homfam_xlarge blm 234666 8 288.271 274 39.1 96.4 96.4 86.5 88.1 804.0344 0:13:24 2938.64 9386.83 2906.06 2909.58 0.00 0.02 3041.81 24462.33
ext_homfam_xlarge cox 206585 4 191.297 661 32.2 57.8 55.8 29.6 31.4 302.9394 0:05:02 1775.92 8354.18 1742.94 1746.48 0.00 0.02 2905.26 8806.19
ext_homfam_xlarge tRNA-synt_2b 158768 5 222.601 467 18.7 47.7 46.1 14.8 20.5 211.4768 0:03:31 258.49 7200.47 226.54 230.09 0.00 0.02 2994.71 6339.41
ext_homfam_xlarge UPF0076 125187 3 113.476 129 45.4 96.2 97.3 94.4 94.3 55.7606 0:00:55 645.73 7406.88 617.15 620.69 0.00 0.02 2456.02 1381.08
ext_homfam_xlarge Nitroreductase 151688 3 145.346 273 21.4 74.1 74.1 65.5 68.4 115.2330 0:01:55 952.63 7766.76 919.40 923.43 0.00 0.02 2722.35 3142.94
ext_homfam_xlarge S4 131028 3 44.4202 48 44.2 98.6 98.6 95.8 97.2 22.9186 0:00:22 248.75 7183.05 218.00 222.02 0.00 0.02 2398.67 565.44
ext_homfam_xlarge icd 101244 5 327.38 433 41.7 91.1 91.2 78.5 80.4 171.2998 0:02:51 1136.03 7943.68 1102.86 1106.41 0.00 0.02 3063.60 5253.04
ext_homfam_xlarge galpha 148827 3 160.363 337 52.5 96.3 96.5 93.9 94.2 144.7946 0:02:24 1552.65 8685.59 1519.88 1523.41 0.00 0.02 2734.60 3965.49
ext_homfam_xlarge NTP_transferase 234612 4 220.704 311 32.3 89.0 88.3 78.9 81.3 523.5965 0:08:43 2237.62 8378.26 2203.26 2208.88 0.00 0.02 2907.47 15230.55
ext_homfam_xlarge fer2 166512 13 64.0801 119 45.3 81.1 78.4 45.7 55.5 53.4485 0:00:53 560.60 7243.20 532.51 536.54 0.00 0.02 2589.87 1395.55
ext_homfam_xlarge transketolase_C 135540 3 112.745 164 25.7 66.1 64.4 43.8 45.5 60.5248 0:01:00 182.22 7138.78 149.61 153.13 0.00 0.02 2514.78 1532.98
ext_homfam_xlarge ace 146203 6 256.61 601 37.3 73.0 74.4 46.4 52.1 334.4951 0:05:34 2601.72 9292.46 2568.73 2572.28 0.00 0.02 2685.19 8986.46
ext_homfam_xlarge PGAM 200162 3 150.289 261 44.3 79.4 80.1 67.0 69.7 243.9185 0:04:03 1446.02 7994.84 1413.18 1417.20 0.00 0.02 2729.33 6662.40
ext_homfam_xlarge fer4 167880 14 21.0592 179 33.3 36.1 41.3 1.1 0.1 27.9732 0:00:27 183.70 7136.98 151.38 154.92 0.00 0.02 1998.81 574.28
ext_homfam_xlarge mle 198305 3 159.65 379 28.2 77.4 76.1 60.4 63.5 201.0639 0:03:21 1126.41 7936.12 1093.73 1097.27 0.00 0.02 3058.70 6155.77
ext_homfam_xlarge serbact 214135 5 181.194 205 52.5 85.1 85.6 65.4 68.2 395.9703 0:06:35 2426.96 8711.10 2394.13 2398.17 0.00 0.02 2634.18 10435.66
ext_homfam_xlarge COX2 113644 3 91.1234 293 30.5 77.5 78.8 61.9 68.1 35.1147 0:00:35 174.63 7123.05 142.01 146.03 0.00 0.02 1558.26 562.39
ext_homfam_xlarge Mur_ligase_C 128718 3 77.2071 149 17.5 42.3 42.5 26.9 30.7 40.9725 0:00:40 176.09 7126.97 143.49 147.03 0.00 0.02 1350.78 566.75
ext_homfam_xlarge GAF 244682 3 129.555 201 16.3 65.4 68.0 53.5 57.1 366.0097 0:06:06 2066.32 8425.16 2033.52 2037.05 0.00 0.02 2629.27 9628.43
ext_homfam_xlarge adk 113057 9 146.734 301 32.6 82.9 77.8 23.2 27.8 67.3430 0:01:07 184.70 7138.85 151.99 155.54 0.00 0.02 2258.59 1533.56
ext_homfam_xlarge Rhodanese 240100 6 96.8885 216 22.7 61.2 60.9 31.2 31.3 183.5272 0:03:03 1158.36 7820.34 1125.55 1129.10 0.00 0.02 2666.30 4898.16
ext_homfam_xlarge alpha-amylase 226460 23 220.82 780 23.2 47.8 46.2 0.1 0.0 524.0383 0:08:44 1767.38 8393.41 1734.65 1738.69 0.00 0.02 3009.43 15776.03
ext_homfam_xlarge transket_pyr 146288 3 168.402 236 26.5 78.1 76.8 60.7 65.6 111.2324 0:01:51 731.08 7368.93 699.47 703.50 0.00 0.02 3080.21 3431.65
ext_homfam_xlarge reductases 229913 7 97.3646 358 22.1 45.4 44.1 14.9 20.4 147.9465 0:02:27 1005.36 7920.18 972.30 976.34 0.00 0.02 2805.48 4156.02
ext_homfam_xlarge RuBisCO_large_NC 115109 7 201.689 496 50.2 83.0 82.3 45.9 49.5 114.3656 0:01:54 2420.85 8001.69 2387.81 2391.83 0.00 0.02 2501.67 2870.01
ext_homfam_xlarge cytc 195303 11 88.0563 138 44.5 92.1 92.3 66.7 77.0 117.6356 0:01:57 921.76 7686.51 888.62 892.68 0.00 0.02 2569.61 3028.71
ext_homfam_xlarge chorismate_bind 138684 3 210.116 521 46.8 81.4 81.2 61.9 66.8 157.6416 0:02:37 238.84 7178.81 206.25 209.78 0.00 0.02 2795.45 4412.20
ext_homfam_xlarge biotin_lipoyl 161409 7 67.2255 112 28.9 96.1 94.5 80.0 82.8 49.0095 0:00:49 567.52 7358.52 534.55 538.09 0.00 7.11 2644.80 1305.66
ext_homfam_xlarge C2 122466 3 95.8403 143 25.5 69.3 69.9 58.9 62.5 55.6551 0:00:55 716.24 7770.68 683.44 686.97 0.00 0.02 2182.49 1227.72
ext_homfam_xlarge actin 226896 4 332.58 457 39.7 61.9 63.6 18.4 17.6 920.2447 0:15:20 3551.50 10436.75 3518.65 3522.18 0.00 0.02 2961.45 27256.20
ext_homfam_xlarge dCMP_cyt_deam 129481 3 99.138 136 24.2 73.0 75.4 64.1 64.6 59.2789 0:00:59 707.98 7238.39 678.68 682.21 0.00 0.02 2472.42 1477.60
ext_homfam_xlarge RING 109955 3 41.9605 64 25.9 68.5 67.7 48.4 55.6 30.2010 0:00:30 487.02 7308.26 457.85 461.40 0.00 0.02 1207.16 381.71
ext_homfam_xlarge OTCace 130785 5 145.658 350 37.3 60.3 73.5 6.2 2.2 83.4879 0:01:23 718.79 7320.19 689.30 692.86 0.00 0.02 2947.68 2470.37
ext_homfam_xlarge cdh 227063 3 89.2674 117 34.5 80.7 80.7 69.6 70.0 157.3073 0:02:37 1133.55 7715.29 1100.52 1104.06 0.00 0.02 2525.51 3978.00
ext_homfam_xlarge EFTU_2 115028 4 69.089 125 39.7 92.8 92.6 82.0 84.8 27.4202 0:00:27 169.97 7123.42 137.34 141.36 0.00 0.02 2010.96 566.11
ext_homfam_xlarge NADHdh_2 152703 3 142.109 273 60.3 100.0 100.0 100.0 100.0 114.6903 0:01:54 822.33 7632.20 792.84 796.87 0.00 0.02 2910.81 3344.81
ext_homfam_xlarge PDZ 193638 6 67.4089 110 30.6 77.7 80.3 48.5 47.6 100.4185 0:01:40 1072.95 7508.24 1040.04 1043.59 0.00 0.02 1937.84 1954.47
ext_homfam_xlarge CPS 245767 3 174.884 278 25.4 89.1 90.5 83.3 83.7 372.0101 0:06:12 1245.61 7589.71 1214.36 1217.90 0.00 0.02 2988.16 11121.12
ext_homfam_xlarge AP_endonuc_2 209223 3 231.703 308 17.0 68.0 66.7 54.4 58.0 398.7108 0:06:38 1119.96 7623.31 1088.00 1092.03 0.00 0.02 3029.94 12089.00
ext_homfam_xlarge cyt5 195298 6 88.0548 93 50.2 81.1 80.9 42.9 43.5 117.1213 0:01:57 927.07 7742.51 894.14 898.18 0.00 0.02 2561.07 3005.44
ext_homfam_xlarge gpdh 113214 8 125.638 360 55.1 90.8 90.6 76.8 79.4 51.4192 0:00:51 670.82 7263.96 638.05 641.58 0.00 0.02 2764.71 1430.37
ext_homfam_xlarge dpo1 114725 4 253.361 726 32.6 64.5 63.5 44.2 47.8 151.5956 0:02:31 1247.69 8126.33 1215.09 1218.63 0.00 0.02 2779.88 4220.10
ext_homfam_xlarge lacI 147279 3 44.7033 65 41.8 92.3 90.0 83.9 87.8 26.6647 0:00:26 166.77 7115.69 134.20 137.73 0.00 0.02 2085.06 570.22
ext_homfam_xlarge int 140686 5 158.705 219 22.5 89.6 90.3 74.3 81.1 123.9677 0:02:03 1203.49 8083.74 1170.78 1174.81 0.00 0.02 2456.38 3051.90
ext_homfam_xlarge asprs 233293 3 217.228 542 28.3 53.7 52.9 44.4 46.8 592.4704 0:09:52 2104.68 8524.55 2071.46 2075.00 0.00 0.02 3068.92 18187.91
ext_homfam_xlarge HGTP_anticodon 117450 6 87.6784 127 22.1 93.4 93.9 80.0 83.6 40.6511 0:00:40 170.74 7124.02 138.20 142.23 0.00 0.02 1377.50 573.77
ext_homfam_xlarge pnp 113917 3 211.723 293 38.1 64.8 65.3 44.6 43.6 110.5197 0:01:50 1035.96 8076.64 1003.06 1006.59 0.00 0.02 2939.65 3256.44
ext_homfam_xlarge prt 224881 3 116.205 226 24.0 55.9 55.0 34.9 33.6 208.4558 0:03:28 1166.52 7698.98 1135.75 1139.28 0.00 0.02 2844.23 5934.80
ext_homfam_xlarge rrm 230657 20 63.9034 157 22.9 81.4 79.0 17.1 22.7 114.9383 0:01:54 964.67 7539.64 936.35 939.88 0.00 0.02 2388.73 2751.36
ext_homfam_xlarge FAD_binding_4 194444 4 130.97 314 17.8 58.6 57.2 34.1 32.9 180.5448 0:03:00 993.57 7712.88 964.88 968.44 0.00 0.02 2922.53 5281.07
ext_homfam_xlarge sermam 214157 27 181.2 309 37.5 89.6 89.0 44.3 56.2 401.8173 0:06:41 2425.23 8599.14 2392.48 2396.50 0.00 0.02 2631.06 10576.25
ext_homfam_small cytprime 8229 4 112.012 136 26.7 85.5 86.1 70.5 72.2 1.2308 0:00:01 168.21 7016.52 135.59 139.12 0.00 0.02 70.11 18.38
ext_homfam_small MIF 4369 3 104.545 118 51.8 100.0 100.0 100.0 100.0 0.5303 0:00:00 108.00 4602.93 105.49 105.72 0.00 0.02 0.00 4.45
ext_homfam_small ricin 2156 7 169.377 281 37.5 85.9 85.8 69.6 76.0 1.0748 0:00:01 161.53 7153.79 132.37 137.07 0.00 0.02 0.00 8.65
ext_homfam_small PSI_PsaE 940 3 59.3223 78 74.0 99.0 99.0 98.6 98.4 0.2299 0:00:00 107.93 4602.93 78.57 92.21 0.00 0.02 0.00 4.46
ext_homfam_small rnase 7246 3 80.1155 108 61.4 99.3 99.3 98.1 98.7 0.7018 0:00:00 146.00 7013.90 117.62 123.21 0.00 0.02 0.00 14.24
ext_homfam_small B 778 3 45.7172 56 78.1 100.0 100.0 100.0 100.0 0.1986 0:00:00 107.89 4602.93 105.48 105.68 0.00 0.02 0.00 4.43
ext_homfam_small Yers_vir_YopE 269 3 66.5985 136 26.4 64.3 65.0 50.0 54.0 0.1223 0:00:00 107.88 4602.91 78.53 92.17 0.00 0.02 0.00 4.44
ext_homfam_small cyt3 5521 6 77.3802 130 40.3 64.1 64.1 28.0 32.2 1.0289 0:00:01 151.52 7011.77 122.74 126.78 0.00 0.02 0.00 11.12
ext_homfam_small cyto 613 3 141.687 159 82.3 100.0 100.0 100.0 100.0 0.3353 0:00:00 105.93 4602.94 76.63 90.14 0.00 0.02 0.00 4.43
ext_homfam_small ins 3677 6 83.6742 74 44.9 62.6 79.0 2.9 1.7 0.8099 0:00:00 153.57 7153.94 151.54 152.77 0.00 0.02 0.00 9.02
ext_homfam_small pot 1950 4 60.5754 70 38.7 99.2 99.2 98.5 98.4 0.2000 0:00:00 107.92 4602.91 78.54 85.36 0.00 0.02 0.00 4.44
ext_homfam_small Levi_coat 207 4 100.246 135 46.9 91.0 91.0 79.2 81.7 0.1601 0:00:00 105.96 4602.92 76.62 88.82 0.00 0.02 0.00 4.43
ext_homfam_small DNA_PPF 949 4 112.256 131 32.5 51.3 49.7 27.5 23.7 0.3118 0:00:00 107.87 4602.93 78.56 92.09 0.00 0.02 0.00 4.45
ext_homfam_small phc 9471 12 122.04 179 37.2 94.9 95.3 77.7 82.9 0.8579 0:00:00 145.38 7020.04 115.85 122.62 0.00 0.02 0.00 20.33
ext_homfam_small mycin 586 4 93.6075 116 39.8 87.8 88.5 73.5 75.2 0.2994 0:00:00 105.96 4602.94 77.05 90.50 0.00 0.02 0.00 4.46
ext_homfam_small lta 1239 3 160.941 193 70.1 99.3 98.9 98.4 98.7 0.6475 0:00:00 153.12 6927.88 120.02 123.75 0.00 1.04 0.00 6.95
ext_homfam_small FN1 2335 3 37.3859 53 28.7 91.7 93.1 83.3 86.4 0.1645 0:00:00 107.96 4602.94 78.57 87.28 0.00 0.02 0.00 4.45
ext_homfam_small DISIN 8237 3 73.6888 74 57.1 100.0 100.0 100.0 100.0 0.8430 0:00:00 143.88 7014.73 115.46 119.49 0.00 0.02 0.00 14.79
ext_homfam_small phoslip 4820 18 100.297 137 48.9 91.0 90.4 61.8 71.6 0.8014 0:00:00 147.95 7011.79 119.52 123.04 0.00 0.02 0.00 10.87
ext_homfam_small NO_synthase 5614 3 326.529 428 67.4 91.5 90.0 80.5 84.2 2.1050 0:00:02 236.62 7096.13 207.31 210.84 0.00 0.02 691.53 36.14
ext_homfam_small ngf 2408 4 90.5465 120 56.7 93.8 95.4 88.9 89.2 0.2715 0:00:00 107.97 4602.93 78.57 83.99 0.00 0.02 0.00 4.45
ext_homfam_small THAUMATIN 9013 3 189.313 217 57.4 94.0 94.7 89.8 90.9 3.3356 0:00:03 256.78 7383.92 227.82 231.37 0.00 0.02 479.12 37.69
ext_homfam_small GATA 8389 3 33.5682 71 48.4 97.3 95.4 89.1 95.3 0.5550 0:00:00 105.95 4602.93 76.64 83.44 0.00 0.02 0.00 4.45
ext_homfam_small TMV_coat 683 4 139.098 160 45.7 99.1 99.1 96.8 97.7 0.3356 0:00:00 107.87 4602.91 105.46 105.66 0.00 0.02 0.00 4.44
ext_homfam_small MCR_beta 377 3 237.613 256 68.7 99.7 99.7 99.6 99.6 0.2536 0:00:00 107.92 4602.93 78.57 85.25 0.00 0.02 0.00 4.47
ext_homfam_small EF1BD 4175 3 81.8137 91 30.1 88.8 90.2 83.3 83.2 0.6081 0:00:00 107.86 4602.91 78.55 83.08 0.00 0.02 0.00 4.46
ext_homfam_small Stap_Strp_toxin 3060 6 76.4301 254 32.5 73.4 72.3 36.2 39.3 0.2181 0:00:00 107.92 4602.91 78.55 84.00 0.00 0.02 0.00 4.46
ext_homfam_small ghf22 4009 12 108.649 131 51.4 98.3 98.3 90.8 93.4 0.5616 0:00:00 105.86 4602.93 76.64 80.07 0.00 0.02 0.00 4.46
ext_homfam_small MCR_beta_NC 751 3 206.819 443 61.8 99.8 99.8 99.8 99.8 0.4977 0:00:00 107.95 4602.91 105.46 105.68 0.00 0.02 0.00 4.45
ext_homfam_small ghf14 4290 3 304.267 529 44.3 91.1 90.1 81.7 85.0 1.5721 0:00:01 242.71 7234.56 213.61 218.30 0.00 0.02 92.78 22.72
ext_homfam_small BIR 8229 4 66.494 165 36.2 83.9 85.5 61.9 73.2 1.5100 0:00:01 161.15 7086.39 132.68 136.71 0.00 0.02 59.67 15.00
ext_homfam_small ENTH 7524 3 108.643 280 34.3 76.3 77.0 65.6 62.0 0.9128 0:00:00 157.73 7015.51 129.20 132.74 0.00 0.02 0.00 15.55
ext_homfam_small Colicin 1246 3 152.028 202 34.9 90.2 90.1 81.4 83.8 0.1554 0:00:00 107.98 4602.93 78.59 83.15 0.00 0.02 0.00 4.46
ext_homfam_small bowman 521 5 23.5509 73 64.9 88.7 88.7 71.4 74.4 0.1323 0:00:00 107.95 4602.93 78.54 92.06 0.00 0.02 0.00 4.43
ext_homfam_small hip 2423 5 59.9674 88 33.4 72.8 73.4 41.7 48.2 0.2058 0:00:00 105.93 4602.93 76.63 90.28 0.00 0.02 0.00 4.44
ext_homfam_small mthinb 1143 3 57.9519 31 83.3 97.8 97.8 96.7 96.7 0.1539 0:00:00 107.92 4602.91 78.54 85.33 0.00 0.02 0.00 4.46
ext_homfam_small leukocidin 1384 3 233.638 323 42.9 93.2 89.5 84.1 87.5 0.3616 0:00:00 107.97 4602.91 78.54 87.55 0.00 0.02 0.00 4.45
ext_homfam_small ghf7 7650 4 235.468 452 47.4 91.5 92.1 81.8 84.7 3.0697 0:00:03 263.64 7312.08 234.33 237.93 0.00 0.02 491.30 36.82
ext_homfam_small ghf6 8342 3 272.548 373 39.3 74.0 73.7 53.8 57.4 2.2292 0:00:02 236.50 7317.22 207.84 212.53 0.00 0.02 1049.78 44.84
ext_homfam_small cks 1954 3 67.1433 102 65.2 98.6 98.1 95.9 97.6 0.1917 0:00:00 107.95 4602.91 78.54 83.07 0.00 0.02 0.00 4.47
ext_homfam_small sti 3191 5 157.281 198 36.4 81.0 82.7 57.1 62.2 0.9814 0:00:00 160.45 7011.45 132.19 136.22 0.00 0.02 0.00 10.00
ext_homfam_small NTP_transf_2_2 3285 3 105.676 179 53.9 69.7 75.7 46.5 49.7 0.6221 0:00:00 106.80 4677.77 76.99 80.42 0.00 0.02 0.00 4.52
ext_homfam_small pp 570 3 33.5 36 48.1 100.0 100.0 100.0 100.0 0.1151 0:00:00 107.94 4602.93 96.96 101.42 0.00 0.02 0.00 4.44
ext_homfam_small tgfb 9741 8 93.9962 118 43.8 85.1 86.0 48.7 55.4 1.4535 0:00:01 173.28 7089.58 144.60 150.22 0.00 0.02 53.23 19.00
ext_homfam_small intb 9453 6 104.183 162 29.8 56.9 58.1 23.3 25.3 1.1046 0:00:01 156.66 7017.89 127.43 130.96 0.00 0.02 0.00 18.98
ext_homfam_small tbpc 7905 4 77.3722 193 60.7 99.3 99.2 97.3 98.0 1.2456 0:00:01 167.61 7070.46 134.65 141.62 0.00 0.02 69.36 16.74
ext_homfam_small cbm12 2252 3 24.5524 67 28.4 76.6 76.6 62.0 68.0 0.1813 0:00:00 107.98 4602.91 78.51 92.03 0.00 0.02 0.00 4.44
ext_homfam_small Bcl-2 3912 3 89.5153 201 36.1 96.1 95.7 90.1 94.0 0.4545 0:00:00 106.00 4602.95 76.65 80.55 0.00 0.02 0.00 4.46
ext_homfam_small CBM_20 9185 8 83.7415 120 51.8 89.4 89.7 62.0 65.0 1.7852 0:00:01 180.96 7216.39 148.01 151.54 0.00 3.04 115.74 19.26
ext_homfam_small MCR_alpha_N 1536 3 112.758 283 63.3 93.1 92.8 88.8 89.7 0.1866 0:00:00 107.95 4602.93 78.56 84.00 0.00 0.02 0.00 4.46
ext_homfam_small bv 1255 7 171.164 256 12.7 23.8 22.8 0.0 0.0 0.2243 0:00:00 107.96 4602.91 78.54 83.10 0.00 0.02 0.00 4.60
ext_homfam_small SAP 8609 3 32.5649 54 24.4 90.0 90.0 79.5 84.5 0.6836 0:00:00 146.23 6804.00 113.62 120.37 0.00 0.02 0.00 14.94
ext_homfam_small RuBisCO_small 5655 7 88.1202 166 46.2 91.2 90.8 75.0 75.5 0.3828 0:00:00 107.86 4602.94 78.56 84.00 0.00 0.02 0.00 4.46
ext_homfam_small Peptidase_S21 478 3 270.439 227 36.6 90.7 91.9 82.6 87.1 0.6107 0:00:00 107.96 4602.93 78.57 85.38 0.00 0.02 0.00 4.44
ext_homfam_small adeno_fiber 374 3 157.821 201 51.7 92.4 91.9 86.1 88.6 0.2464 0:00:00 105.82 4602.91 103.53 103.75 0.00 0.02 0.00 4.45
ext_homfam_small profilin 4934 5 121.89 144 39.7 94.4 94.5 85.9 87.6 1.1730 0:00:01 168.17 7013.13 139.91 149.16 0.00 0.02 0.00 11.66
ext_homfam_small Binary_toxA 3993 3 150.797 228 26.6 74.2 72.6 58.0 63.5 1.8135 0:00:01 182.17 7228.66 154.25 157.78 0.00 0.02 128.09 14.02
ext_homfam_small P 4043 3 41.371 62 45.5 88.7 87.5 85.7 86.7 0.3931 0:00:00 108.01 4602.93 78.56 92.09 0.00 0.02 0.00 4.45
ext_homfam_small toxin 1618 20 70.8257 78 43.1 83.0 81.6 49.4 54.9 0.1441 0:00:00 105.98 4602.93 76.63 89.57 0.00 0.02 0.00 4.45
ext_homfam_small LuxS 9397 4 142.792 162 42.5 90.5 90.5 79.7 84.0 0.9758 0:00:00 117.26 7008.27 87.11 90.63 0.00 0.02 0.00 21.64
ext_homfam_small ghf11 4398 5 168.894 202 49.5 92.3 92.6 79.2 80.7 1.3226 0:00:01 182.89 7085.96 154.08 158.78 0.00 0.02 59.78 12.78
ext_homfam_small MMOB 1790 3 83.6235 99 35.5 90.6 88.2 77.9 83.0 0.1422 0:00:00 107.85 4602.91 78.53 85.31 0.00 0.02 0.00 4.43
ext_homfam_small toxin_2 210 21 31.3619 48 41.3 89.6 87.9 31.1 35.1 0.1058 0:00:00 107.98 4602.93 105.51 105.76 0.00 0.02 0.00 4.45
ext_homfam_small rnasemam 2891 6 111.153 141 42.2 91.0 88.6 64.9 75.4 0.3761 0:00:00 105.95 4602.92 76.64 80.04 0.00 0.02 0.00 4.45
ext_homfam_small planttoxin 2018 3 46.1749 49 55.3 87.8 89.1 80.9 80.9 0.1875 0:00:00 107.86 4602.93 78.56 85.20 0.00 0.02 0.00 4.45
ext_homfam_small ets 4318 4 75.8333 112 48.5 95.7 95.7 91.5 91.6 0.4107 0:00:00 105.96 4602.94 76.64 82.09 0.00 0.02 0.00 4.45
ext_homfam_small MCR_beta_N 377 3 174.379 187 52.4 100.0 100.0 100.0 100.0 0.2085 0:00:00 107.91 4602.93 78.54 92.04 0.00 0.02 0.00 4.44
ext_homfam_small ALBUMIN 3177 3 162.429 201 21.6 80.6 81.3 70.9 73.7 0.3712 0:00:00 107.89 4602.93 78.56 82.70 0.00 0.02 0.00 4.54
ext_homfam_small ChtBD 5651 5 36.4148 45 59.3 80.2 84.3 60.5 61.8 0.5417 0:00:00 107.90 4602.91 78.55 81.96 0.00 0.02 0.00 4.45
ext_homfam_small Huristasin 2039 3 26.5738 56 38.3 65.8 64.9 46.2 47.9 0.1729 0:00:00 107.85 4602.93 105.50 105.73 0.00 0.02 0.00 4.45
ext_homfam_small Cyclotide 393 3 28.0738 39 55.3 83.1 83.1 79.3 83.1 0.1256 0:00:00 105.92 4602.94 76.63 90.28 0.00 0.02 0.00 4.46
ext_homfam_small ghf33 5352 4 11.2973 573 22.9 26.7 24.5 3.6 4.3 0.3356 0:00:00 107.91 4602.91 78.54 87.62 0.00 0.02 0.00 4.46
ext_homfam_small Cys-protease-3C 3922 3 153.845 219 28.2 77.3 76.1 63.9 65.0 0.6820 0:00:00 193.52 7012.67 164.57 171.71 0.00 0.02 0.00 10.91
ext_homfam_small thionin 287 3 44.3031 48 53.3 95.6 95.6 93.3 93.3 0.1110 0:00:00 107.99 4602.91 78.52 92.19 0.00 0.02 0.00 4.44
ext_homfam_small UcrQ 1661 3 71.7074 94 44.3 91.9 91.1 86.4 89.4 0.1450 0:00:00 105.93 4602.94 76.63 83.42 0.00 0.02 0.00 4.45
ext_homfam_small MCR_gamma 387 3 236.183 252 59.8 98.6 98.6 96.4 97.4 0.2591 0:00:00 107.91 4602.93 78.57 85.36 0.00 0.02 0.00 4.50
ext_homfam_small Propep_M14 4977 4 69.9908 98 49.4 96.1 96.1 89.4 90.5 0.5569 0:00:00 107.91 4602.91 78.55 82.43 0.00 0.02 0.00 4.45
ext_homfam_small mthina 1143 3 57.9536 32 93.5 100.0 100.0 100.0 100.0 0.1289 0:00:00 107.84 4602.91 78.52 92.18 0.00 0.02 0.00 4.44
ext_homfam_small CBD_3 3655 3 78.925 170 31.4 76.2 76.4 59.4 63.1 0.3298 0:00:00 105.91 4602.94 103.59 103.80 0.00 0.02 0.00 4.45
ext_homfam_small UCR_TM 1702 3 56.3255 76 47.4 84.9 84.5 73.0 77.1 0.1473 0:00:00 105.93 4602.94 103.57 103.80 0.00 0.02 0.00 4.45
ext_homfam_small squash 207 4 32.8309 36 47.8 85.1 85.1 72.4 73.2 0.0967 0:00:00 107.95 4602.93 78.53 92.05 0.00 0.02 0.00 4.46
ext_homfam_small trfl 6092 7 260.067 702 61.9 45.4 55.0 1.3 0.1 2.2228 0:00:02 240.65 7382.35 212.77 217.34 0.00 0.02 478.32 32.36
ext_homfam_small TNF 4958 5 118.155 176 32.0 81.1 82.0 60.5 68.1 0.8185 0:00:00 153.15 7012.92 125.04 132.02 0.00 0.02 0.00 11.53
ext_homfam_small E2_C 1119 3 76.0679 87 44.4 96.0 96.0 90.1 94.6 0.1434 0:00:00 105.86 4602.94 76.66 85.73 0.00 0.02 0.00 4.45
ext_homfam_small scorptoxin 894 8 49.4664 74 46.3 89.9 90.4 71.2 79.7 0.2782 0:00:00 107.98 4602.93 78.54 92.20 0.00 0.02 0.00 4.43
ext_homfam_small Colicin_Pyocin 3144 3 75.0945 87 58.2 93.2 92.8 89.7 91.6 0.2902 0:00:00 105.90 4602.94 76.64 82.08 0.00 0.02 0.00 4.47
ext_homfam_medium fibrinogen_C 21250 3 169.391 265 45.1 80.1 85.9 76.3 74.1 9.2641 0:00:09 346.30 7564.75 313.45 317.47 0.00 44.45 1121.37 123.86
ext_homfam_medium chromo 22016 3 49.6303 90 23.0 76.8 72.3 60.9 66.7 3.4523 0:00:03 212.24 7096.29 183.35 187.72 0.00 0.02 515.68 39.46
ext_homfam_medium TIL 18392 4 55.1856 87 36.0 77.3 79.3 58.5 64.1 2.7324 0:00:02 190.51 7094.08 161.41 164.94 0.00 0.02 427.72 33.90
ext_homfam_medium gpr 30147 3 120.939 159 41.5 93.1 93.3 88.5 89.3 5.9243 0:00:05 293.05 7118.80 263.81 267.35 0.00 0.02 1506.19 110.02
ext_homfam_medium lamb 15484 3 336.803 465 43.5 78.8 78.4 64.8 67.8 6.8995 0:00:06 407.11 7424.07 377.32 381.99 0.00 0.02 2253.42 175.68
ext_homfam_medium MHC_II_N 31069 13 68.7297 96 30.8 55.8 58.5 13.7 12.0 3.4669 0:00:03 215.54 7109.91 186.85 191.54 0.00 0.02 1554.25 75.26
ext_homfam_medium aldose 13310 3 262.93 365 61.0 98.3 98.6 97.2 97.3 5.7135 0:00:05 316.27 7257.95 287.52 291.07 0.00 0.02 1261.90 93.46
ext_homfam_medium ghf10 20775 5 271.047 364 43.3 90.4 91.1 75.5 80.8 10.9507 0:00:10 437.22 7577.10 404.48 408.01 0.00 0.02 1853.14 222.21
ext_homfam_medium mofe 24946 6 365.099 609 30.0 82.9 82.3 61.3 69.2 16.3069 0:00:16 484.21 7740.23 451.46 456.15 0.00 32.39 2788.77 472.70
ext_homfam_medium tln 32038 4 144.922 340 43.5 41.2 54.9 2.5 0.6 9.8568 0:00:09 331.04 7419.85 301.54 305.08 0.00 0.02 1658.55 182.83
ext_homfam_medium NiFeSe_Hases 26637 3 247.003 544 66.5 98.8 98.8 98.1 98.2 12.7291 0:00:12 574.57 7436.43 545.20 549.24 0.00 0.02 2132.53 290.79
ext_homfam_medium RGS 19502 4 116.285 148 33.3 96.1 96.1 91.2 92.7 4.5976 0:00:04 274.02 7536.86 241.27 245.29 0.00 0.02 1033.53 6.30
ext_homfam_medium kazal 17772 6 41.3777 61 40.8 93.9 92.9 77.6 81.8 2.1188 0:00:02 188.82 7091.82 160.25 165.72 0.00 0.02 378.77 30.06
ext_homfam_medium rnr 31114 3 262.586 346 21.5 82.6 83.1 74.1 79.3 14.5047 0:00:14 425.65 7382.36 396.77 400.80 0.00 0.02 2730.12 414.68
ext_homfam_medium tms 37100 5 256.89 357 45.9 92.8 92.5 79.6 85.1 27.2653 0:00:27 378.29 7182.04 349.39 353.41 0.00 0.02 2028.78 571.39
ext_homfam_medium fbpase 16163 4 171.943 356 67.9 97.4 97.1 93.8 94.1 4.0241 0:00:04 246.48 7252.05 218.11 221.64 0.00 0.02 1111.48 65.41
ext_homfam_medium cytb 31119 6 69.9154 100 35.6 81.7 82.7 55.4 60.2 4.8009 0:00:04 247.59 7366.19 214.76 218.80 0.00 12.39 1283.92 82.29
ext_homfam_medium mmp 21481 6 134.919 180 55.1 98.1 97.9 92.3 94.0 9.7139 0:00:09 360.75 7472.43 327.71 331.26 0.00 0.02 850.71 102.94
ext_homfam_medium ghf34 32170 3 321.333 402 36.9 87.7 87.2 80.2 81.2 23.0850 0:00:23 1023.72 7182.61 995.51 1000.20 0.00 0.02 2375.56 566.51
ext_homfam_medium Band_41_M 17525 3 126.838 115 50.1 94.2 93.7 87.4 89.8 2.9650 0:00:02 293.31 7679.88 260.33 263.88 0.00 50.46 1276.78 58.37
ext_homfam_medium RRF 29754 4 159.391 192 40.2 89.7 88.7 76.3 78.0 7.6319 0:00:07 305.80 7131.74 276.38 279.91 0.00 0.02 2027.85 174.36
ext_homfam_medium sh2 30882 11 75.1949 128 35.0 83.1 82.0 51.6 57.9 6.1795 0:00:06 248.49 7255.24 219.84 223.87 0.00 0.02 1066.34 86.03
ext_homfam_medium Ribosomal_L1 33223 3 184.744 236 43.9 84.0 83.5 71.8 74.2 10.5236 0:00:10 364.10 7359.65 336.01 339.55 0.00 0.02 2103.77 240.01
ext_homfam_medium glnasn 33687 4 179.685 334 51.7 94.5 94.4 88.4 90.0 10.0671 0:00:10 380.27 7527.55 347.44 351.47 0.00 63.86 2192.42 239.17
ext_homfam_medium HLH 38900 5 52.2475 92 28.1 85.5 87.9 70.2 77.7 5.5681 0:00:05 249.30 7399.61 216.24 219.78 0.00 0.02 1196.25 87.32
ext_homfam_medium Filamin 25072 3 87.7086 122 36.0 78.8 78.5 60.8 64.7 6.2664 0:00:06 268.55 7403.32 240.04 243.56 0.00 0.02 953.11 80.49
ext_homfam_medium recombinase 23584 3 39.2079 57 14.2 75.2 72.9 61.2 69.8 2.1964 0:00:02 191.49 7095.89 163.15 166.68 0.00 0.02 703.29 37.21
ext_homfam_medium dsrm 38153 3 63.8069 100 25.6 94.4 90.6 88.8 91.1 7.4947 0:00:07 286.02 7116.41 257.14 260.67 0.00 0.02 1168.59 107.53
ext_homfam_medium Ribosomal_L7Ae 20160 3 84.4274 126 21.8 85.8 85.8 79.0 82.5 2.4286 0:00:02 194.18 7229.09 161.54 166.22 0.00 5.66 1405.60 49.78
ext_homfam_medium bromodomain 32387 4 75.9541 145 34.3 91.2 91.1 78.7 84.2 7.0969 0:00:07 273.38 7369.05 240.32 243.86 0.00 28.08 1212.56 107.00
ext_homfam_medium Cu_bind_like 10512 3 79.2035 111 40.7 84.1 85.0 74.0 77.2 1.3768 0:00:01 164.43 7089.57 136.24 139.77 0.00 0.02 120.20 21.16
ext_homfam_medium DMRL_synthase 29673 5 134.887 182 33.2 89.7 87.5 68.6 78.9 6.5232 0:00:06 291.86 7127.24 263.13 266.67 0.00 0.02 1874.69 5.10
ext_homfam_medium pec_lyase 14383 4 174.991 470 29.5 52.6 49.5 25.9 32.5 2.4437 0:00:02 244.22 7489.09 211.29 214.83 0.00 11.34 1529.63 57.81
ext_homfam_medium Band_41_N 17525 3 126.834 90 46.1 46.6 53.6 20.2 18.9 3.1161 0:00:03 283.66 7599.88 250.97 254.50 0.00 0.02 1227.38 58.74
ext_homfam_medium ltn 12156 12 211.455 282 49.9 89.6 90.1 58.9 65.0 4.3396 0:00:04 304.53 7535.84 271.57 275.13 0.00 0.02 1020.01 65.29
ext_homfam_medium hpr 35890 5 77.3519 89 44.4 100.0 100.0 100.0 100.0 5.3667 0:00:05 256.66 7245.84 223.95 227.97 0.00 11.36 1711.35 112.64
ext_homfam_medium svmp 17105 3 173.137 201 57.6 100.0 100.0 100.0 100.0 4.8815 0:00:04 263.62 7326.07 234.75 238.27 0.00 0.02 1264.96 81.62
ext_homfam_medium HMG_box 26550 5 64.2612 89 24.8 97.3 96.2 85.2 93.9 4.8468 0:00:04 249.36 7232.54 216.52 220.08 0.00 0.95 834.28 61.87
ext_homfam_medium Cu_amine_oxid 27974 4 224.687 685 28.2 79.9 79.3 64.6 67.5 9.9287 0:00:09 392.41 7558.08 359.82 363.36 0.00 0.02 2431.46 259.98
ext_homfam_medium hexokinase 20736 3 203.323 459 46.7 96.7 96.9 94.0 94.8 7.2085 0:00:07 381.04 7689.78 347.96 351.49 0.00 0.02 1708.90 142.83
ext_homfam_medium ATP-gua_Ptrans 14968 3 151.565 385 49.2 93.6 93.2 89.6 91.0 3.3444 0:00:03 269.39 7103.34 240.70 244.23 0.00 0.02 1043.49 56.67
ext_homfam_medium fabp 21816 17 125.7 147 35.5 92.7 92.7 63.4 68.7 4.0797 0:00:04 238.88 7255.54 210.20 213.74 0.00 0.02 1498.75 81.67
ext_homfam_medium cah 24119 5 209.772 279 38.7 86.8 87.7 66.1 71.5 11.5621 0:00:11 428.01 7626.70 394.97 398.50 0.00 0.02 1547.98 198.30
ext_homfam_medium ADF 12965 3 113.292 176 37.5 83.0 83.9 73.7 76.7 2.0889 0:00:02 200.29 7311.14 171.23 174.75 0.00 0.02 465.93 31.86
ext_homfam_medium SRF-TF 13590 3 43.8623 85 43.9 100.0 100.0 100.0 100.0 1.2147 0:00:01 163.87 7216.60 131.26 134.80 0.00 1.01 217.38 23.20
ext_homfam_medium oxidored_q6 30094 5 121.008 285 56.7 96.9 97.1 91.0 92.5 5.0751 0:00:05 265.25 7265.41 236.59 240.14 0.00 0.02 1953.98 119.33
ext_homfam_medium hormone_rec 23626 5 161.554 308 21.5 72.6 69.0 47.3 60.8 6.5452 0:00:06 344.81 7696.30 311.79 315.32 0.00 29.30 1733.71 133.47
ext_homfam_medium pilin 17981 3 103.818 179 24.7 44.4 42.4 20.1 23.5 6.2489 0:00:06 297.67 7389.04 269.07 273.16 0.00 0.02 559.05 56.51
ext_homfam_medium rhv 35978 6 119.891 938 33.1 36.3 56.3 2.0 0.4 6.4566 0:00:06 270.91 7130.81 242.16 245.65 0.00 0.02 2266.58 167.34
ext_homfam_medium kex 38255 3 318.645 498 26.5 73.5 75.0 65.5 69.3 42.0195 0:00:42 152.59 7104.53 120.00 123.52 0.00 0.02 1326.67 573.99
ext_homfam_medium cryst 18916 7 78.4265 192 44.4 64.6 76.1 1.7 0.8 2.4808 0:00:02 189.74 7098.98 160.29 163.83 0.00 0.02 870.17 42.48
ext_homfam_medium Sm 22137 4 65.4283 93 19.5 82.6 84.9 64.9 72.5 3.0951 0:00:03 206.46 7420.23 173.56 177.09 0.00 9.87 915.74 50.09
ext_homfam_medium YgbB 27469 3 150.749 158 52.3 94.9 94.9 91.0 92.0 7.0364 0:00:07 343.34 7126.31 314.56 318.10 0.00 0.02 1635.36 134.95
ext_homfam_medium Band_41_NME 20180 3 139.281 304 48.9 70.8 69.7 53.1 55.1 3.6008 0:00:03 325.97 7749.73 293.00 296.54 0.00 35.40 1606.24 78.02
ext_homfam_medium plantltp 14018 5 84.6242 96 48.8 78.9 79.4 40.7 40.8 1.4572 0:00:01 174.76 7094.14 146.43 151.14 0.00 0.02 589.21 30.11
ext_homfam_medium kunitz 20157 10 51.0009 64 37.9 93.3 95.1 73.3 72.5 2.8722 0:00:02 209.94 7092.77 180.75 184.29 0.00 0.02 407.10 33.76
ext_homfam_medium alpha-amylase_C 31745 21 90.654 122 21.0 41.4 43.9 0.8 0.0 6.5495 0:00:06 285.60 7371.20 252.64 256.17 0.00 13.17 1271.94 103.49
ext_homfam_medium sodcu 21583 7 130.263 169 42.2 90.5 90.6 78.3 82.3 5.7489 0:00:05 274.08 7328.61 245.45 249.48 0.00 0.02 1094.50 83.10
ext_homfam_medium lipase 32051 5 160.786 452 73.7 99.6 99.6 98.7 99.2 11.7875 0:00:11 431.56 7711.54 398.77 402.80 0.00 49.26 1727.41 222.87
ext_homfam_medium cystatin 10622 3 79.5615 123 30.9 80.3 74.6 62.2 66.3 1.2699 0:00:01 163.25 7089.62 135.11 138.65 0.00 0.02 125.48 20.77
ext_homfam_medium WW 17958 4 29.162 51 29.0 97.5 96.0 89.1 93.9 1.4329 0:00:01 163.09 7089.84 133.20 136.72 0.00 0.02 376.93 26.47
ext_homfam_medium ppase 24211 4 151.222 288 38.9 89.9 90.1 78.9 80.3 4.4552 0:00:04 256.15 7264.41 227.86 231.40 0.00 0.02 2045.63 111.71
ext_homfam_medium Lipase_3 32943 3 114.918 280 40.5 76.2 76.7 62.0 63.6 13.4782 0:00:13 428.40 7693.70 395.33 398.88 0.00 0.02 1196.51 178.84
ext_homfam_medium UBQ 38050 3 65.1746 76 67.8 100.0 100.0 100.0 100.0 10.5278 0:00:10 362.87 7116.52 334.55 338.59 0.00 0.02 881.77 5.72
ext_homfam_medium glob 25307 41 96.2105 174 31.7 93.8 94.3 51.8 51.9 3.4571 0:00:03 211.81 7108.61 183.65 187.19 0.00 0.02 1463.72 71.05
ext_homfam_medium PTB 12979 3 118.877 182 20.8 54.6 56.3 37.2 43.5 1.6604 0:00:01 190.12 7312.63 162.83 166.34 0.00 0.02 682.01 33.18
ext_homfam_medium tryp_alpha_amyl 14016 3 84.6294 128 42.6 82.3 82.0 68.1 73.1 1.6474 0:00:01 174.70 7094.15 146.13 149.64 0.00 0.02 718.31 34.01
ext_homfam_medium DHHA2 10451 3 126.467 122 63.0 100.0 99.4 99.2 99.7 1.5887 0:00:01 191.78 7236.99 162.54 166.56 0.00 0.02 273.06 26.73
ext_homfam_medium rub 14189 5 45.7718 54 62.1 96.7 96.7 85.2 86.9 1.2080 0:00:01 174.04 7217.32 141.39 145.43 0.00 0.85 227.39 22.60
ext_homfam_medium cys 39235 13 177.714 284 40.5 87.2 87.0 50.4 59.1 29.0091 0:00:29 613.28 7584.16 580.30 583.83 0.00 0.02 1200.17 365.79
ext_homfam_medium B_lectin 18019 3 94.1621 110 59.9 97.5 97.5 96.3 96.3 3.8260 0:00:03 219.20 7243.71 189.95 195.56 0.00 0.02 653.01 45.91
ext_homfam_medium DEATH 11663 7 74.8489 159 19.6 69.6 69.9 38.7 37.9 1.9426 0:00:01 170.35 7090.59 141.82 148.81 0.00 0.02 242.52 26.29
ext_homfam_medium Bac_rhodopsin 10018 3 160.955 241 30.4 93.0 94.2 87.2 89.3 1.5505 0:00:01 196.84 7239.33 167.68 172.37 0.00 0.02 591.76 30.84
ext_homfam_medium C1 14349 3 49.8858 66 41.9 99.3 99.3 98.2 99.3 1.2465 0:00:01 156.97 7217.74 124.40 129.08 0.00 3.17 309.56 25.33
ext_homfam_medium serpin 35134 8 299.611 418 34.3 94.2 93.8 79.9 85.3 37.3438 0:00:37 380.95 7183.25 352.15 355.69 0.00 0.02 1474.66 567.14
ext_homfam_medium acid_phosphat 26060 3 297.97 458 40.6 63.8 63.4 41.5 43.4 19.0171 0:00:19 783.03 8341.69 750.14 754.18 0.00 0.02 2197.64 436.25
ext_homfam_medium hemopexin 18955 4 42.6516 226 32.1 79.6 77.5 57.9 59.4 1.7099 0:00:01 165.56 7092.98 137.05 141.08 0.00 0.02 531.92 31.20
ext_homfam_medium annexin 29440 6 62.2414 323 57.2 100.0 100.0 100.0 100.0 3.9172 0:00:03 218.22 7106.81 189.75 193.76 0.00 0.02 1285.74 71.43
ext_homfam_medium RuBisCO_large_N 34975 6 109.301 154 45.7 90.2 90.1 66.9 75.0 16.7354 0:00:16 837.50 7411.18 804.20 807.74 0.00 0.02 773.27 149.70
ext_homfam_medium il8 10004 11 56.1178 81 34.5 90.1 89.6 54.5 61.3 0.7336 0:00:00 140.81 7014.59 111.53 118.51 0.00 0.02 0.00 15.69
ext_homfam_medium TRANSTHYRETIN 16266 3 109.291 120 82.2 100.0 100.0 100.0 100.0 3.4734 0:00:03 224.99 7242.84 196.66 200.19 0.00 0.02 593.74 41.43
ext_homfam_medium hr 12048 5 61.3182 82 53.3 99.3 99.3 94.9 99.1 1.6028 0:00:01 164.20 7089.70 136.41 139.94 0.00 0.02 103.27 20.71
ext_homfam_medium dhfr 39355 4 149.518 189 36.0 89.1 88.6 75.8 81.6 17.8479 0:00:17 452.59 7466.45 419.73 423.27 0.00 47.02 1448.88 277.35
ext_homfam_medium az 25326 29 93.8285 215 33.4 61.9 61.7 24.5 15.3 5.9160 0:00:05 266.29 7364.70 233.40 236.95 0.00 12.66 986.23 78.56
ext_homfam_medium hla 39898 5 139.74 178 76.5 100.0 100.0 100.0 100.0 11.3642 0:00:11 374.61 7142.77 341.45 345.48 0.00 0.02 1822.84 225.08
ext_homfam_medium slectin 10595 5 127.962 142 33.3 89.5 90.6 75.9 79.0 2.3177 0:00:02 206.67 7310.04 177.96 182.64 0.00 0.02 279.48 28.62
ext_homfam_medium MCR_alpha 16404 3 117.091 287 71.0 99.0 99.0 98.6 98.5 1.6368 0:00:01 157.46 7101.25 128.39 131.95 0.00 0.02 1122.76 37.86
ext_homfam_medium GEL 24752 5 71.3498 150 23.7 59.6 55.2 30.8 43.9 3.2832 0:00:03 204.61 7104.02 175.96 180.01 0.00 0.02 1244.68 62.06
ext_homfam_medium kringle 10191 9 76.5912 100 43.3 92.3 91.7 77.5 82.6 1.3067 0:00:01 161.96 7089.15 133.50 139.04 0.00 0.02 69.29 19.23
ext_homfam_medium MCR_alpha_NC 17937 3 116.74 570 67.2 96.5 96.4 94.3 94.8 1.9632 0:00:01 208.96 7082.39 175.82 179.85 0.00 0.02 1591.05 52.59
ext_homfam_medium lipocalin 21814 15 125.72 210 20.0 71.7 71.5 21.7 27.0 3.7113 0:00:03 241.43 7255.53 211.84 215.38 0.00 0.02 1485.92 75.37
ext_homfam_medium Fork_head 12082 3 78.088 101 51.5 93.0 93.0 88.3 88.8 1.9491 0:00:01 177.83 7091.16 149.22 152.77 0.00 0.02 221.60 26.09
ext_homfam_medium histone 34300 4 93.7347 96 17.4 50.0 54.3 27.3 29.6 11.7762 0:00:11 518.25 7504.07 485.29 489.32 0.00 17.89 943.27 131.51
ext_homfam_medium ndk 37011 4 126.38 152 55.9 98.9 98.9 96.0 98.2 10.3695 0:00:10 343.64 7281.30 315.04 318.58 0.00 0.02 1665.14 192.27
ext_homfam_medium Invasin 14713 3 62.3379 108 23.5 79.5 78.6 68.0 71.1 2.4156 0:00:02 207.22 7220.28 174.29 181.26 0.00 1.27 334.06 29.57
homfam ricin 747 7 198.708 281 37.5 89.2 89.0 75.8 81.8 0.7622 0:00:00 156.39 6788.62 123.69 132.15 0.00 0.02 0.00 5.94
homfam ghf10 1502 5 220.34 364 43.3 93.1 93.2 79.6 85.2 0.9086 0:00:00 167.67 7153.30 139.34 143.83 0.00 0.02 0.00 12.70
homfam seatoxin 93 5 43.6344 54 42.6 81.2 79.6 46.9 47.0 0.0737 0:00:00 107.76 4602.94 105.50 105.72 0.00 0.02 0.00 4.44
homfam mofe 2567 6 353.074 609 30.0 86.1 86.1 69.6 76.1 0.8848 0:00:00 197.40 7230.42 168.65 172.20 0.00 0.02 0.00 14.40
homfam cyt3 385 6 92.3065 130 40.3 74.5 73.8 43.2 49.3 0.2948 0:00:00 105.83 4602.94 76.62 83.42 0.00 0.02 0.00 4.49
homfam ins 793 6 65.2825 74 44.9 62.8 72.4 0.0 0.0 0.4531 0:00:00 108.00 4602.93 78.57 92.08 0.00 0.02 0.00 4.45
homfam Ald_Xan_dh_2 2589 6 109.304 885 31.8 86.7 85.7 70.6 75.2 0.3383 0:00:00 107.89 4602.91 78.54 83.98 0.00 0.02 0.00 4.62
homfam tms 2118 5 264.245 357 45.9 90.2 89.9 73.0 77.9 0.7215 0:00:00 176.79 7011.72 147.81 151.34 0.00 0.02 0.00 8.33
homfam phc 2957 12 98.4711 179 37.2 94.2 94.3 74.3 79.7 0.1980 0:00:00 107.93 4602.93 78.57 85.36 0.00 0.02 0.00 4.54
homfam cytb 3206 6 82.1454 100 35.6 82.1 82.1 55.4 60.2 0.4007 0:00:00 105.91 4602.94 76.63 85.65 0.00 0.02 0.00 4.44
homfam mmp 1427 6 157.93 180 55.1 95.8 96.1 87.0 90.1 0.7802 0:00:00 152.45 7008.38 124.17 130.55 0.00 0.02 0.00 6.68
homfam phoslip 946 18 113.33 137 48.9 92.0 91.5 64.0 73.9 0.3640 0:00:00 107.90 4602.91 78.53 85.33 0.00 0.02 0.00 4.50
homfam HLH 6781 5 53.5453 92 28.1 91.6 92.8 85.7 87.1 0.3953 0:00:00 105.94 4602.94 76.63 85.65 0.00 0.02 0.00 4.44
homfam myb_DNA-binding 10398 5 46.5583 61 40.7 94.0 92.9 76.8 83.4 0.7665 0:00:00 143.31 7013.83 115.43 128.88 0.00 0.02 0.00 11.81
homfam msb 4884 8 106.037 158 26.6 88.4 87.9 64.1 70.9 1.7413 0:00:01 170.05 7083.92 141.98 145.51 0.00 0.02 45.33 10.27
homfam ghf1 4358 8 403.813 562 38.4 89.9 90.9 66.4 72.6 2.3335 0:00:02 269.05 7309.77 239.95 243.49 0.00 0.02 256.20 27.46
homfam rvp 93681 6 94.2886 132 36.6 80.0 81.2 51.4 57.8 27.2210 0:00:27 2082.92 7252.21 2054.34 2057.89 0.00 0.02 1270.79 362.84
homfam lyase_1 7632 5 295.082 511 30.9 82.7 82.6 65.2 68.2 1.5991 0:00:01 220.18 7101.13 191.79 195.81 0.00 0.02 770.54 34.28
homfam ldh 7367 14 121.378 371 31.9 84.8 83.8 45.4 52.0 0.5105 0:00:00 107.93 4602.91 78.56 81.98 0.00 0.02 0.00 4.53
homfam subt 7517 11 301.598 414 39.5 67.5 68.3 12.5 16.4 5.8897 0:00:05 469.69 7908.73 436.64 440.68 0.00 0.02 849.17 71.18
homfam sodfe 4455 8 77.4471 219 42.3 89.3 89.0 64.1 66.8 0.2482 0:00:00 107.92 4602.93 78.56 81.96 0.00 0.02 0.00 4.45
homfam LIM 6428 5 57.0143 86 52.8 94.0 94.0 81.7 87.1 0.3710 0:00:00 107.94 4602.93 78.57 83.97 0.00 0.02 0.00 4.81
homfam blm 9105 8 300.727 274 39.1 97.8 97.5 90.3 91.8 4.8555 0:00:04 348.68 7601.18 315.88 319.43 0.00 0.02 828.31 62.36
homfam DMRL_synthase 2099 5 140.59 182 33.2 91.9 89.2 72.2 82.4 0.2041 0:00:00 107.88 4602.93 78.60 82.49 0.00 0.02 0.00 4.58
homfam tRNA-synt_2b 11293 5 177.564 467 18.7 49.1 46.7 19.5 27.1 1.0676 0:00:01 173.55 7027.30 144.13 149.73 0.00 0.02 0.00 20.56
homfam Stap_Strp_toxin 640 6 87.3922 254 32.5 81.2 80.3 47.7 54.9 0.1571 0:00:00 107.94 4602.91 105.47 105.72 0.00 0.02 0.00 4.44
homfam Acetyltransf 46285 6 82.9897 229 24.1 53.3 50.0 18.5 25.3 13.6506 0:00:13 396.07 7273.21 367.25 370.78 0.00 0.02 689.63 113.98
homfam ghf22 760 12 107.567 131 51.4 96.4 96.5 86.2 89.5 0.2608 0:00:00 107.90 4602.93 78.56 87.61 0.00 0.02 0.00 4.49
homfam sdr 50157 13 163.253 361 23.3 70.7 68.6 19.9 25.4 24.2057 0:00:24 596.20 7529.29 562.90 566.45 0.00 0.02 1214.20 311.64
homfam ltn 1068 12 204.148 282 49.9 91.2 91.3 62.8 68.9 1.6436 0:00:01 179.26 6994.22 146.49 150.96 0.00 0.02 38.13 7.28
homfam hpr 3349 5 83.0427 89 44.4 100.0 100.0 100.0 100.0 0.2111 0:00:00 107.92 4602.93 78.57 82.46 0.00 0.02 0.00 4.49
homfam bowman 499 5 26.1443 73 64.9 91.0 91.0 71.4 74.4 0.1006 0:00:00 107.92 4602.93 105.50 105.70 0.00 0.02 0.00 4.44
homfam hip 167 5 66.2096 88 33.4 86.7 85.5 61.9 72.7 0.1051 0:00:00 105.98 4602.94 103.57 103.79 0.00 0.02 0.00 4.37
homfam HMG_box 4779 5 66.0716 89 24.8 96.0 95.5 84.0 92.5 0.3517 0:00:00 107.87 4602.91 78.55 82.45 0.00 0.02 0.00 4.45
homfam icd 5678 5 328.887 433 41.7 92.9 92.9 81.8 84.0 1.3690 0:00:01 234.57 7240.14 205.96 209.49 0.00 0.02 230.82 24.87
homfam peroxidase 4514 5 256.626 383 37.3 81.6 83.8 53.6 55.7 1.1538 0:00:01 213.15 7017.47 185.36 188.90 0.00 0.02 0.00 14.87
homfam asp 3262 13 284.142 381 37.5 88.4 88.8 61.2 66.1 2.5420 0:00:02 264.75 7519.31 232.23 236.22 0.00 0.02 257.30 20.80
homfam flav 4612 6 138.021 183 35.0 79.1 80.6 45.1 50.5 0.5749 0:00:00 107.88 4602.93 78.61 82.02 0.00 0.02 0.00 4.45
homfam cah 1379 5 212.706 279 38.7 88.0 88.1 70.5 74.8 0.6702 0:00:00 155.30 7008.89 126.56 133.53 0.00 0.02 0.00 7.07
homfam ace 3989 6 427.824 601 37.3 81.7 82.9 59.9 65.1 4.6872 0:00:04 376.34 7606.82 343.33 347.38 0.00 0.02 612.36 49.20
homfam sti 613 5 165.383 198 36.4 76.9 78.2 47.8 52.0 0.5093 0:00:00 107.93 4602.91 78.55 87.63 0.00 0.02 0.00 4.43
homfam aat 25100 10 337.807 476 28.6 85.0 84.3 54.1 60.8 11.4260 0:00:11 535.97 7713.91 503.19 506.73 0.00 0.02 2307.73 282.26
homfam oxidored_q6 3348 5 123.044 285 56.7 96.2 96.3 89.1 91.0 0.2355 0:00:00 107.92 4602.91 78.54 83.98 0.00 0.02 0.00 4.44
homfam hormone_rec 3509 5 188.562 308 21.5 72.2 68.9 48.0 61.7 0.8652 0:00:00 166.95 7156.74 137.37 140.90 0.00 0.02 0.00 10.66
homfam rhv 17976 6 143.424 938 33.1 52.2 61.1 21.2 24.6 1.1497 0:00:01 133.89 7010.06 105.66 109.68 0.00 0.02 0.00 21.26
homfam tgfb 1606 8 95.4645 118 43.8 88.1 88.5 49.6 58.3 0.1594 0:00:00 107.95 4602.93 78.58 90.72 0.00 0.02 0.00 4.52
homfam cryst 1160 7 80.8078 192 44.4 37.6 51.7 0.0 0.0 0.3772 0:00:00 107.96 4602.91 78.52 87.67 0.00 0.02 0.00 4.48
homfam cyclo 6288 6 159.069 203 44.1 88.4 89.3 74.6 75.5 2.3137 0:00:02 208.89 7305.14 180.44 185.11 0.00 0.02 106.59 16.12
homfam kunitz 2266 10 53.752 64 37.9 95.7 97.1 80.0 78.6 0.2041 0:00:00 107.97 4602.91 78.53 85.37 0.00 0.02 0.00 4.54
homfam Rhodanese 14049 6 102.277 216 22.7 66.3 65.2 39.6 39.0 2.9559 0:00:02 220.83 7354.94 187.95 191.49 0.00 2.81 148.56 23.29
homfam sodcu 2038 7 141.322 169 42.2 90.8 91.2 75.9 80.2 0.3879 0:00:00 108.00 4602.93 78.60 82.01 0.00 0.02 0.00 4.55
homfam profilin 687 5 123.371 144 39.7 92.1 92.5 78.9 80.3 0.3585 0:00:00 107.99 4602.91 78.53 92.19 0.00 0.02 0.00 4.45
homfam glob 3983 41 100.684 174 31.7 90.7 91.0 48.2 46.8 0.2560 0:00:00 105.88 4602.94 76.64 83.46 0.00 0.02 0.00 4.45
homfam tim 3904 10 205.645 260 47.5 94.9 95.0 85.7 89.0 0.9125 0:00:00 177.76 7013.73 149.53 155.12 0.00 0.02 0.00 10.92
homfam uce 4558 13 134.701 184 34.0 92.8 92.2 56.6 64.1 0.8680 0:00:00 162.81 7157.20 134.28 138.96 0.00 0.02 0.00 10.69
homfam toxin 508 20 62.311 78 43.1 89.7 89.0 46.8 53.0 0.1744 0:00:00 107.90 4602.91 105.47 105.72 0.00 0.02 0.00 4.40
homfam rub 1435 5 46.1575 54 62.1 99.2 99.2 96.3 96.7 0.2190 0:00:00 107.99 4602.91 105.48 105.70 0.00 0.02 0.00 4.44
homfam hom 12037 8 53.4951 98 35.3 93.6 92.8 65.2 77.3 0.5701 0:00:00 107.97 4602.91 78.56 82.45 0.00 0.02 0.00 4.47
homfam biotin_lipoyl 11833 7 71.8928 112 28.9 95.5 94.1 80.0 81.9 0.6536 0:00:00 154.76 7149.88 122.16 126.17 0.00 1.22 0.00 14.37
homfam cys 4316 13 198.11 284 40.5 87.5 87.0 50.0 61.0 2.3559 0:00:02 219.41 7302.57 187.42 191.44 0.00 0.02 157.50 16.60
homfam ghf11 521 5 167.758 202 49.5 91.8 91.8 79.7 80.8 0.4214 0:00:00 107.83 4602.91 105.46 105.68 0.00 0.02 0.00 4.44
homfam blmb 17200 6 192.465 344 20.6 69.8 68.9 39.6 48.8 5.2795 0:00:05 341.69 7694.97 308.66 314.26 0.00 24.82 984.32 72.83
homfam aadh 3127 8 225.129 542 38.2 78.8 78.4 43.5 48.7 0.6912 0:00:00 170.31 7156.71 142.38 145.93 0.00 0.02 0.00 9.98
homfam DEATH 1183 7 80.5689 159 19.6 73.3 73.9 49.2 52.1 0.3525 0:00:00 107.97 4602.91 78.52 87.59 0.00 0.02 0.00 4.52
homfam Sulfotransfer 2489 5 235.798 381 26.2 71.1 70.9 32.8 40.5 1.5142 0:00:01 205.16 7371.88 175.83 185.07 0.00 0.02 140.53 12.88
homfam serpin 3144 8 291.462 418 34.3 94.3 93.8 80.4 86.4 2.4227 0:00:02 232.89 7374.81 204.20 209.09 0.00 0.02 179.96 18.45
homfam proteasome 5732 17 174.347 309 21.7 82.2 79.0 31.4 38.9 0.7718 0:00:00 168.71 7016.51 139.74 145.37 0.00 0.02 0.00 12.96
homfam zf-CCHH 88345 15 23.2513 39 35.5 88.3 87.2 68.6 75.8 5.5210 0:00:05 365.00 7275.45 332.26 335.80 0.00 8.05 1271.07 89.39
homfam egf 7774 12 32.0765 71 31.1 76.8 75.8 25.0 38.3 0.5358 0:00:00 107.96 4602.93 78.61 85.36 0.00 0.02 0.00 4.51
homfam annexin 3139 6 65.1902 323 57.2 100.0 100.0 100.0 100.0 0.2404 0:00:00 107.89 4602.91 78.54 85.34 0.00 0.02 0.00 4.50
homfam OTCace 4795 5 157.005 350 37.3 95.3 95.8 86.6 88.9 0.4934 0:00:00 107.83 4602.91 78.52 83.96 0.00 0.02 0.00 4.46
homfam rnasemam 498 6 120.072 141 42.2 92.3 89.9 67.2 79.1 0.2050 0:00:00 108.00 4602.93 78.55 87.70 0.00 0.02 0.00 4.54
homfam adh 21331 5 123.64 375 63.9 98.8 98.8 97.3 97.7 4.4842 0:00:04 242.81 7253.66 214.34 217.89 0.00 0.02 656.33 50.91
homfam il8 1073 11 63.7623 81 34.5 90.6 89.8 59.7 67.5 0.2790 0:00:00 107.87 4602.93 78.55 92.20 0.00 0.02 0.00 4.50
homfam hr 3707 5 65.1513 82 53.3 99.4 99.4 98.7 98.6 0.2672 0:00:00 107.93 4602.93 78.57 85.34 0.00 0.02 0.00 4.46
homfam ChtBD 774 5 38.2713 45 59.3 95.4 95.2 86.0 87.4 0.1371 0:00:00 107.87 4602.93 78.54 92.19 0.00 0.02 0.00 4.47
homfam gluts 10099 14 98.1117 235 39.4 91.6 91.3 71.2 76.1 2.0173 0:00:02 184.96 7089.93 156.95 161.66 0.00 0.02 80.20 17.73
homfam ghf5 2717 6 260.466 470 17.8 60.2 59.2 30.1 42.8 1.0174 0:00:01 188.99 7301.11 160.66 164.60 0.00 0.02 0.00 12.10
homfam ghf13 12607 10 264.452 626 26.8 61.8 61.5 25.0 33.6 3.1677 0:00:03 316.64 7527.97 284.11 288.21 0.00 0.02 1311.57 61.96
homfam PDZ 14950 6 80.8907 110 30.6 76.5 77.4 40.4 40.3 2.4696 0:00:02 196.41 7094.23 167.60 173.22 0.00 0.02 119.09 21.69
homfam az 1086 29 100.416 215 33.4 73.1 71.8 32.1 29.0 0.4585 0:00:00 107.98 4602.93 78.54 85.34 0.00 0.02 0.00 4.44
homfam hla 13465 5 153.148 178 76.5 100.0 100.0 100.0 100.0 1.2732 0:00:01 208.18 7235.32 175.62 179.16 0.00 1.62 392.85 26.78
homfam slectin 932 5 133.052 142 33.3 93.4 93.8 87.6 89.3 0.5788 0:00:00 107.89 4602.91 78.54 86.83 0.00 0.02 0.00 4.47
homfam GEL 2195 5 78.1157 150 23.7 63.2 58.7 32.9 46.0 0.1533 0:00:00 105.94 4602.94 76.64 80.05 0.00 0.02 0.00 4.45
homfam kringle 1091 9 75.9138 100 43.3 91.0 90.5 75.3 79.3 0.3202 0:00:00 107.93 4602.93 78.56 87.69 0.00 0.02 0.00 4.51
homfam p450 21013 12 331.506 512 20.8 71.6 71.7 29.5 37.3 20.3579 0:00:20 726.88 7967.98 693.85 697.40 0.00 0.02 1629.42 350.40
homfam gpdh 7691 8 129.082 360 55.1 94.9 95.0 85.5 88.7 1.0229 0:00:01 172.74 7017.59 143.65 147.67 0.00 0.02 0.00 12.51
homfam int 7572 5 168.037 219 22.5 86.4 87.3 66.3 71.8 3.1966 0:00:03 229.47 7379.67 201.17 204.70 0.00 0.02 215.33 25.13
homfam KAS 2070 6 174.528 404 31.7 82.7 81.9 61.0 67.4 0.4894 0:00:00 107.98 4602.93 78.57 83.10 0.00 0.02 0.00 4.46
homfam trfl 837 7 242.315 702 61.9 44.8 54.6 1.4 0.1 1.1986 0:00:01 204.23 7015.02 171.61 176.29 0.00 0.02 53.11 7.55
homfam TNF 556 5 119.903 176 32.0 82.3 82.1 59.2 64.7 0.2976 0:00:00 107.84 4602.91 78.55 92.08 0.00 0.02 0.00 4.44
homfam scorptoxin 363 8 53.2562 74 46.3 91.2 91.6 75.3 80.4 0.1320 0:00:00 107.88 4602.91 105.46 105.66 0.00 0.02 0.00 4.42
homfam aldosered 13277 7 268.547 386 41.6 90.3 90.0 65.2 70.9 4.8777 0:00:04 353.38 7554.87 320.52 324.54 0.00 0.02 1145.90 76.67
homfam rrm 27610 20 67.4587 157 22.9 79.8 77.7 16.2 21.4 4.2100 0:00:04 242.16 7240.55 209.02 212.72 0.00 6.59 481.96 41.90
ext_homfam_huge HATPase_c 1105608 6 109.536 263 24.5 35.0 36.4 9.7 7.4 4755.8020 1:19:15 8016.68 14345.22 7983.30 7988.02 0.00 3865.95 2944.51 140039.26
ext_homfam_huge PAS 459813 3 98.5763 146 31.3 68.5 69.6 50.4 54.1 827.9870 0:13:47 3780.63 10102.38 3747.79 3751.83 0.00 0.02 2554.99 21159.70
ext_homfam_huge igC1 257516 5 76.9806 102 43.5 65.5 65.7 39.2 41.8 193.8202 0:03:13 1209.70 7883.23 1176.71 1180.25 0.00 0.02 2543.87 4936.34
ext_homfam_huge sugbp 348308 4 228.259 329 23.8 71.7 73.1 51.2 55.8 1057.8862 0:17:37 2829.43 8844.60 2796.61 2800.15 0.00 0.02 3052.61 32298.43
ext_homfam_huge helicase_NC 932215 3 131.03 598 31.8 41.6 54.7 21.7 9.4 3978.6800 1:06:18 4993.12 12441.21 4959.82 4964.03 0.00 1577.16 3126.17 124385.09
ext_homfam_huge alpha-amylase_NC 258184 23 204.834 891 22.5 41.1 38.5 0.3 0.0 580.1653 0:09:40 1981.11 8718.19 1948.23 1951.78 0.00 0.02 3013.37 17488.22
ext_homfam_huge Extradiol_dioxy 376670 3 118.082 319 35.3 40.4 44.1 10.2 10.3 566.0793 0:09:26 1764.83 8391.62 1731.48 1735.17 0.00 0.02 3023.42 17119.67
ext_homfam_huge kinase 949994 15 222.775 488 25.9 76.9 74.9 24.0 39.5 8366.7399 2:19:26 10316.48 16739.06 10283.13 10286.89 0.00 27680.65 3076.91 257440.43
ext_homfam_huge ANK 380510 3 30.0863 137 26.4 20.3 22.9 0.0 0.0 237.7686 0:03:57 1998.88 7359.79 1965.84 1969.38 0.00 0.02 2243.72 5337.17
ext_homfam_huge mdd 871924 3 116.956 394 37.9 96.8 97.1 94.8 95.1 2733.4831 0:45:33 3483.61 9427.32 3450.39 3453.93 0.00 1645.67 3145.78 85992.66
ext_homfam_huge gtp 638901 8 165.964 211 33.4 84.8 86.3 42.6 43.7 2501.1934 0:41:41 3954.68 10499.07 3921.99 3925.51 0.00 0.02 3124.20 78148.52
ext_homfam_huge igvar-l 257537 26 76.9838 122 56.9 88.3 88.6 57.4 62.5 206.0578 0:03:26 1231.53 7883.25 1198.55 1202.08 0.00 0.02 2620.68 5405.65
ext_homfam_huge pdc 444172 4 142.273 599 20.4 21.7 32.2 0.7 0.4 1041.9556 0:17:21 2080.63 8663.34 2047.80 2052.52 20.00 1967.66 3148.78 32815.47
ext_homfam_huge GATase_2 257776 3 149.639 508 31.1 40.6 42.0 6.8 3.4 345.1533 0:05:45 526.60 7261.77 493.10 496.81 0.00 0.02 2946.51 10173.79
ext_homfam_huge HTH_AraC 307748 4 37.1935 71 27.2 72.7 71.8 61.8 57.5 140.0935 0:02:20 1104.06 7336.10 1075.45 1079.48 0.00 0.02 2911.81 4084.30
ext_homfam_huge ABC_tran 2966699 6 169.241 354 24.8 47.1 49.2 7.6 10.6 62579.4117 17:22:59 24208.38 30147.50 24175.91 24185.15 0.00 140578.16 3153.44 1973407.67
ext_homfam_huge MHC_II_C 257519 8 76.9809 105 38.8 89.4 91.2 63.4 62.7 189.4897 0:03:09 1223.44 7883.24 1190.24 1193.77 0.00 0.02 2562.09 4860.37
ext_homfam_huge Cyclodex_gly_tran 313216 6 182.583 707 63.0 96.6 96.6 89.8 90.7 2758.3411 0:45:58 2436.41 9172.00 2403.27 2406.82 0.00 3395.36 2087.83 57591.62
ext_homfam_huge tRNA-synt_1 255011 3 337.107 769 24.5 26.3 33.1 23.5 24.0 1122.2593 0:18:42 3501.69 9849.28 3468.63 3472.18 84.00 0.02 3092.41 34712.01
ext_homfam_huge hexapep 339297 3 33.3383 220 13.2 1.1 1.3 0.0 0.0 114.6985 0:01:54 1035.09 7348.69 1002.37 1005.91 0.00 0.02 2733.42 3140.59
ext_homfam_huge response_reg 1310484 13 109.384 156 25.3 87.3 85.8 50.0 59.7 5756.0154 1:35:56 8082.35 13858.40 8049.48 8053.01 0.00 0.02 3037.53 174845.00
ext_homfam_huge Acetyltransf 952228 6 92.5945 229 24.1 51.1 48.1 16.9 23.7 2988.4790 0:49:48 4816.75 11288.53 4783.75 4789.27 0.00 0.02 3022.79 90339.95
ext_homfam_huge oat 280732 4 366.716 498 23.9 79.6 79.6 62.0 68.0 1551.8530 0:25:51 2879.78 8835.35 2847.20 2850.89 0.00 0.02 3127.49 48538.69
ext_homfam_huge sdr 1369993 13 177.362 361 23.3 72.6 70.9 30.9 40.5 11689.6929 3:14:49 9685.95 16139.68 9652.26 9659.37 0.00 0.02 3132.32 366162.96
ext_homfam_huge MHC_II_beta_NC 284430 4 76.1279 217 45.7 48.2 66.4 3.2 1.1 228.3295 0:03:48 1262.02 7864.30 1229.37 1232.91 0.00 0.02 2627.51 6004.22
ext_homfam_huge igI 258816 9 77.029 141 15.5 50.8 50.8 6.7 5.8 200.7534 0:03:20 1237.27 7884.69 1204.52 1208.06 0.00 0.02 2616.26 5257.67
ext_homfam_huge aldedh 570501 4 399.711 524 38.5 93.9 93.6 83.7 88.7 7173.7494 1:59:33 6357.48 12610.55 6324.57 6328.11 8.00 0.02 3162.96 226907.13
ext_homfam_huge SBP_bacterial_1 420155 3 253.065 380 34.0 57.6 57.4 34.3 35.1 1862.9604 0:31:02 3556.97 9700.27 3523.82 3530.69 0.00 0.02 3109.04 57925.64
ext_homfam_huge transketolase_PC 281825 3 141.636 398 26.4 57.4 54.4 31.9 34.9 356.1430 0:05:56 1262.51 7790.55 1230.64 1234.17 0.00 0.02 3105.48 11064.52
ext_homfam_huge aat 818802 10 279.696 476 28.6 76.2 75.2 37.0 41.9 7992.3514 2:13:12 6967.00 13776.86 6934.21 6941.16 0.00 0.02 3173.01 253601.33
ext_homfam_huge thiored 294457 6 75.9243 132 20.6 56.0 54.0 24.3 21.9 195.6158 0:03:15 1239.36 7558.62 1207.01 1210.54 0.00 0.02 2555.83 5004.37
ext_homfam_huge Haloperoxidase 740746 9 167.102 372 24.9 66.1 65.0 32.1 40.2 3675.6143 1:01:15 5942.89 12688.98 5910.20 5919.43 0.00 0.02 3073.24 112964.96
ext_homfam_huge helicase_C 473124 5 105.284 218 27.5 55.6 54.7 20.4 21.4 893.9986 0:14:53 2113.81 8825.62 2080.62 2084.17 96.00 2172.86 2760.83 24685.61
ext_homfam_huge bac_luciferase 261894 4 278.575 336 30.1 33.7 34.0 4.8 1.1 808.0763 0:13:28 2305.10 8821.98 2272.09 2277.72 0.00 0.02 3122.61 25237.66
ext_homfam_huge igvar-h 257532 21 76.984 137 52.1 84.9 85.1 66.7 75.7 203.2303 0:03:23 1228.06 7883.27 1195.19 1198.72 0.00 0.02 2614.21 5317.65
ext_homfam_huge Epimerase 1360465 4 178.021 410 22.4 65.1 64.5 37.4 43.4 11790.4583 3:16:30 9851.59 16662.85 9818.78 9825.75 0.00 20235.84 3134.58 369585.28
ext_homfam_huge igcon 257523 12 76.9812 114 33.0 60.2 62.0 12.1 14.0 192.6959 0:03:12 1213.29 7859.24 1180.61 1184.15 0.00 0.02 2554.65 4927.44
ext_homfam_huge GATase 265204 3 172.422 251 22.8 80.1 80.0 70.6 73.7 440.0219 0:07:20 1940.00 8653.65 1906.77 1910.46 0.00 1505.46 3010.68 13251.84
ext_homfam_huge AhpC-TSA 296300 3 113.069 229 45.2 77.0 77.7 61.0 67.0 322.9237 0:05:22 1692.16 7958.19 1659.47 1663.01 0.00 0.02 2739.36 8850.51
ext_homfam_huge TyrKc 941307 7 224.419 311 45.0 88.2 88.5 61.2 72.3 8336.4384 2:18:56 10308.98 16702.35 10275.90 10279.93 0.00 31615.21 3078.46 256638.89
ext_homfam_huge CBS 419518 4 51.3699 67 31.1 59.1 59.1 26.2 35.0 321.8044 0:05:21 1591.04 7597.91 1557.96 1561.52 0.00 0.02 2635.12 8485.73
ext_homfam_huge apbact 466626 3 256.984 335 20.4 35.5 45.0 19.3 19.3 2531.3650 0:42:11 4526.01 12044.70 4492.88 4498.50 0.00 0.02 3130.17 79242.39
ext_homfam_huge ech 330971 3 219.552 280 26.6 87.5 87.8 79.7 84.2 885.9521 0:14:45 2495.06 8457.04 2488.53 2489.75 0.00 0.02 3039.61 26936.41
ext_homfam_huge blmb 401802 6 158.083 344 20.6 65.7 65.7 36.0 44.7 1055.3152 0:17:35 2914.14 9275.97 2881.17 2885.88 0.00 0.02 2972.60 31374.89
ext_homfam_huge zf-CCHH 682260 15 22.8962 39 35.5 84.7 84.4 28.6 27.0 793.2546 0:13:13 3152.39 9598.05 3119.55 3123.08 0.00 0.02 3006.36 23853.11
ext_homfam_huge adh 406421 5 114.761 375 63.9 98.8 98.8 97.3 97.7 707.5732 0:11:47 1820.87 8129.14 1788.28 1791.84 16.00 0.02 3022.62 21394.96
ext_homfam_huge AAA 585357 4 120.092 430 28.4 49.4 48.1 24.6 27.0 1569.5349 0:26:09 3087.56 9214.94 3054.36 3058.39 0.00 0.02 3047.07 47831.24
ext_homfam_huge MHC_II_alpha_NC 261656 4 76.9301 187 44.8 87.7 88.7 75.3 75.2 195.3116 0:03:15 1224.82 7865.57 1192.11 1195.65 0.00 0.02 2554.01 4993.52
ext_homfam_huge rep 423102 4 50.1786 88 30.3 73.1 73.7 45.3 51.8 329.7790 0:05:29 1689.98 7453.66 1657.26 1660.80 0.00 0.02 2796.75 9228.25
ext_homfam_huge fn3 254325 14 80.1208 149 15.9 51.6 50.1 0.0 0.0 194.8748 0:03:14 1296.55 7741.80 1263.43 1266.99 0.00 0.02 2467.27 4813.45
ext_homfam_huge gluts 291502 14 71.8456 235 39.4 78.3 78.6 54.1 56.8 205.5257 0:03:25 1073.46 7716.53 1043.56 1047.11 0.00 0.02 2905.86 5976.59
ext_homfam_huge FAD-oxidase_NC 288043 4 162.362 672 14.6 2.8 4.0 0.0 0.0 491.1319 0:08:11 1127.80 7656.38 1099.27 1102.80 0.00 0.02 3043.21 14952.69
ext_homfam_huge PA_phosphatase 371442 3 188.436 353 39.9 62.4 62.6 41.4 40.9 1101.7998 0:18:21 3347.54 9748.66 3314.30 3317.86 4.00 7736.90 3043.17 33536.52
ext_homfam_huge DEAD 459097 4 157.561 442 29.6 54.8 57.4 42.6 30.9 1273.0609 0:21:13 3121.03 9803.69 3088.37 3092.40 0.00 0.02 3051.03 38846.29
ext_homfam_huge igV 257520 9 76.9813 137 18.2 45.0 46.9 6.8 9.5 193.0734 0:03:13 1214.50 7859.21 1181.40 1184.94 0.00 0.02 2553.02 4933.95
ext_homfam_huge Cys_Met_Meta_PP 289963 3 240.41 407 30.5 92.0 92.1 86.2 88.0 793.0900 0:13:13 2146.21 8275.49 2113.93 2120.93 4.00 0.02 3085.22 24474.72
ext_homfam_huge molybdopterin 347815 4 254.332 836 39.3 78.0 77.0 49.6 53.5 1306.9647 0:21:46 2714.90 9299.32 2682.10 2685.65 0.00 0.02 3114.52 40710.70
ext_homfam_huge Phage_integrase 380607 4 155.938 241 15.5 52.3 49.9 23.2 29.0 924.7712 0:15:24 3241.18 10175.47 3208.38 3213.06 0.00 0.02 2862.13 26473.08
ext_homfam_huge grs 433471 11 77.6264 558 30.3 78.6 76.7 33.5 37.3 509.2263 0:08:29 1650.48 7823.07 1617.47 1621.50 0.00 0.02 2955.80 15056.35
ext_homfam_huge p450 386670 12 301.863 512 20.8 58.6 59.1 22.2 28.3 2342.8711 0:39:02 5873.00 12450.82 5840.00 5844.68 0.00 0.02 3053.60 71546.21
ext_homfam_huge aabp 319835 3 206.726 241 42.8 94.7 94.7 88.7 90.7 905.1534 0:15:05 2560.04 8949.64 2527.07 2530.61 32.00 0.02 3023.58 27374.56
ext_homfam_huge aldosered 345677 7 259.927 386 41.6 91.5 90.7 69.8 76.7 1374.4246 0:22:54 3320.45 9686.80 3287.46 3291.01 0.00 2701.05 3090.96 42487.30
homstrad ricin 7 7 254.714 281 37.5 91.8 91.4 77.3 84.9 0.0727 0:00:00 107.68 2426.93 78.21 91.80 0.00 0.02 0.00 2.92
homstrad ghf10 5 5 316 364 43.3 91.5 90.6 75.9 80.7 0.1892 0:00:00 107.81 2426.93 78.23 89.85 0.00 0.02 0.00 2.84
homstrad seatoxin 5 5 47 54 42.6 81.0 79.5 46.9 47.0 0.0435 0:00:00 107.25 2426.94 78.20 87.31 0.00 0.02 0.00 2.92
homstrad mofe 6 6 489.5 609 30.0 81.9 81.3 61.9 69.0 0.0858 0:00:00 107.66 2426.93 78.16 91.80 0.00 0.02 0.00 2.92
homstrad cyt3 6 6 110 130 40.3 78.6 77.8 48.3 54.0 0.0458 0:00:00 107.55 2426.94 78.21 89.14 0.00 0.02 0.00 2.93
homstrad ins 6 6 55.8333 74 44.9 96.3 95.2 76.8 92.8 0.0485 0:00:00 107.77 2426.93 78.21 85.86 0.00 0.02 0.00 2.98
homstrad Ald_Xan_dh_2 6 6 763.5 885 31.8 86.2 85.9 69.1 75.0 0.1276 0:00:00 107.30 2426.94 105.10 105.33 0.00 0.02 0.00 2.84
homstrad tms 5 5 285 357 45.9 96.3 95.7 85.6 91.5 0.0648 0:00:00 107.75 2426.93 78.25 91.88 0.00 0.02 0.00 2.92
homstrad phc 12 12 166.417 179 37.2 93.9 93.9 82.7 85.2 0.0625 0:00:00 107.51 2426.92 78.18 91.80 0.00 0.02 0.00 2.90
homstrad cytb 6 6 86 100 35.6 90.8 90.5 70.7 77.7 0.1209 0:00:00 107.69 2426.94 78.22 87.31 0.00 0.02 0.00 2.84
homstrad mmp 6 6 164 180 55.1 98.4 98.2 92.9 94.8 0.0496 0:00:00 107.77 2426.91 78.19 87.31 0.00 0.02 0.00 2.90
homstrad phoslip 18 18 121.667 137 48.9 93.1 92.7 66.2 74.6 0.0720 0:00:00 107.38 2426.93 78.20 87.39 0.00 0.02 0.00 2.97
homstrad HLH 5 5 71.2 92 28.1 91.6 91.6 84.5 85.5 0.0523 0:00:00 107.65 2426.93 78.21 91.81 0.00 0.02 0.00 2.90
homstrad myb_DNA-binding 5 5 53.6 61 40.7 96.8 95.6 83.9 90.0 0.0445 0:00:00 107.48 2426.92 105.05 105.31 0.00 0.02 0.00 2.85
homstrad msb 8 8 126 158 26.6 88.4 87.0 60.7 73.1 0.0970 0:00:00 107.09 2426.92 78.13 87.29 0.00 0.02 0.00 2.95
homstrad ghf1 8 8 445.125 562 38.4 92.6 92.6 75.5 84.1 0.1967 0:00:00 107.46 2426.92 78.18 91.79 0.00 0.02 0.00 2.92
homstrad rvp 6 6 106.333 132 36.6 83.4 83.0 55.9 62.9 0.0500 0:00:00 107.44 2426.93 78.24 87.40 0.00 0.02 0.00 2.96
homstrad lyase_1 5 5 444.6 511 30.9 77.5 77.9 59.4 59.9 0.0781 0:00:00 107.62 2426.93 78.18 91.79 0.00 0.02 0.00 2.94
homstrad ldh 14 14 319.071 371 31.9 89.2 88.1 60.3 68.6 0.1739 0:00:00 107.73 2426.93 78.12 91.78 0.00 0.02 0.00 2.90
homstrad subt 11 11 294.364 414 39.5 75.7 74.2 25.0 34.5 0.1641 0:00:00 107.67 2426.93 78.21 91.84 0.00 0.02 0.00 2.90
homstrad sodfe 8 8 198.5 219 42.3 91.1 89.9 63.2 67.3 0.1070 0:00:00 107.50 2426.91 78.11 87.25 0.00 0.02 0.00 2.99
homstrad LIM 5 5 69.8 86 52.8 97.9 97.9 89.0 96.8 0.0434 0:00:00 107.39 2426.94 78.20 91.79 0.00 0.02 0.00 2.88
homstrad blm 8 8 261.375 274 39.1 96.7 96.4 87.3 89.0 0.1231 0:00:00 107.73 2426.94 78.21 91.84 0.00 0.02 0.00 2.92
homstrad DMRL_synthase 5 5 158 182 33.2 91.1 88.4 71.6 82.0 0.0479 0:00:00 107.70 2426.93 78.21 87.29 0.00 0.02 0.00 2.90
homstrad tRNA-synt_2b 5 5 307.8 467 18.7 44.3 40.6 14.5 16.7 0.0820 0:00:00 107.48 2426.92 78.14 91.76 0.00 0.02 0.00 2.84
homstrad Stap_Strp_toxin 6 6 220.333 254 32.5 73.7 72.9 36.2 41.5 0.1132 0:00:00 107.48 2426.91 105.05 105.28 0.00 0.02 0.00 2.89
homstrad Acetyltransf 6 6 161.5 229 24.1 71.6 69.0 30.7 40.0 0.0876 0:00:00 107.77 2426.92 78.12 84.99 0.00 0.02 0.00 2.16
homstrad ghf22 12 12 126.5 131 51.4 97.3 97.3 87.7 90.1 0.0695 0:00:00 107.44 2426.92 78.20 87.46 0.00 0.02 0.00 2.92
homstrad sdr 13 13 259.462 361 23.3 76.3 74.7 27.4 35.7 0.1627 0:00:00 107.47 2426.93 105.09 105.33 0.00 0.02 0.00 2.90
homstrad ltn 12 12 234.417 282 49.9 94.3 93.7 72.7 80.2 0.1259 0:00:00 107.43 2426.93 78.20 87.29 0.00 0.02 0.00 2.92
homstrad hpr 5 5 87 89 44.4 100.0 100.0 100.0 100.0 0.0452 0:00:00 107.35 2426.94 78.15 87.25 0.00 0.02 0.00 2.91
homstrad bowman 5 5 50 73 64.9 97.7 97.1 92.9 95.3 0.0471 0:00:00 107.46 2426.92 78.19 87.29 0.00 0.02 0.00 2.85
homstrad hip 5 5 74.2 88 33.4 82.8 81.8 59.5 69.5 0.0481 0:00:00 107.79 2426.94 78.21 87.32 0.00 0.02 0.00 2.90
homstrad HMG_box 5 5 76.4 89 24.8 97.3 96.2 85.2 93.9 0.0465 0:00:00 107.29 2426.92 78.19 87.29 0.00 0.02 0.00 2.93
homstrad icd 5 5 367 433 41.7 92.6 92.7 80.7 83.0 0.0881 0:00:00 107.43 2426.94 78.23 87.34 0.00 0.02 0.00 2.91
homstrad peroxidase 5 5 334.4 383 37.3 87.0 85.9 59.0 63.8 0.1387 0:00:00 107.69 2426.93 78.23 87.31 0.00 0.02 0.00 2.96
homstrad asp 13 13 332.077 381 37.5 89.0 88.8 65.8 71.5 0.3151 0:00:00 107.79 2426.93 105.11 105.37 0.00 0.02 0.00 2.82
homstrad flav 6 6 161.667 183 35.0 86.9 87.4 66.9 70.0 0.0596 0:00:00 107.28 2426.94 78.21 86.59 0.00 0.02 0.00 2.89
homstrad cah 5 5 249.2 279 38.7 86.1 85.0 64.6 71.0 0.0588 0:00:00 107.74 2426.93 78.21 87.33 0.00 0.02 0.00 2.93
homstrad ace 6 6 533.833 601 37.3 80.3 79.9 60.7 66.4 0.0990 0:00:00 107.51 2426.93 78.55 92.01 0.00 0.02 0.00 2.85
homstrad sti 5 5 173.6 198 36.4 78.2 76.7 46.7 51.8 0.0649 0:00:00 107.78 2426.93 78.22 87.32 0.00 0.02 0.00 2.96
homstrad aat 10 10 403.6 476 28.6 74.9 73.6 21.1 24.3 0.1608 0:00:00 107.39 2426.93 78.08 87.17 0.00 0.02 0.00 2.82
homstrad oxidored_q6 5 5 265.2 285 56.7 97.3 97.3 92.1 93.7 0.0559 0:00:00 107.67 2426.93 78.21 87.33 0.00 0.02 0.00 2.90
homstrad hormone_rec 5 5 248.6 308 21.5 77.1 73.6 50.5 64.5 0.1417 0:00:00 107.62 2426.91 78.18 87.28 0.00 0.02 0.00 2.86
homstrad rhv 6 6 780.833 938 33.1 78.6 77.5 50.4 61.8 0.3033 0:00:00 107.70 2426.94 78.14 87.32 0.00 0.02 0.00 2.90
homstrad tgfb 8 8 97.625 118 43.8 90.0 89.3 55.6 64.0 0.0512 0:00:00 107.76 2426.93 78.17 87.28 0.00 0.02 0.00 2.93
homstrad cryst 7 7 174.714 192 44.4 63.8 74.5 1.7 0.8 0.1262 0:00:00 107.82 2426.93 78.23 90.32 0.00 0.02 0.00 2.95
homstrad cyclo 6 6 171.833 203 44.1 86.4 86.3 73.5 72.7 0.0497 0:00:00 107.67 2426.93 78.22 87.32 0.00 0.02 0.00 2.91
homstrad kunitz 10 10 57.7 64 37.9 96.1 96.8 81.7 80.4 0.0448 0:00:00 107.27 2426.92 78.18 91.80 0.00 0.02 0.00 2.93
homstrad Rhodanese 6 6 150 216 22.7 61.1 57.1 30.7 34.3 0.0640 0:00:00 105.61 2426.91 76.27 85.37 0.00 0.02 0.00 2.90
homstrad sodcu 7 7 152.571 169 42.2 91.0 90.8 77.7 82.9 0.0501 0:00:00 107.65 2426.93 78.21 87.31 0.00 0.02 0.00 2.90
homstrad profilin 5 5 128.6 144 39.7 93.1 93.1 85.9 86.9 0.1246 0:00:00 107.75 2426.91 78.18 87.28 0.00 0.02 0.00 2.85
homstrad glob 41 41 146.098 174 31.7 96.6 96.3 63.5 65.7 0.1491 0:00:00 107.57 2426.94 78.15 87.30 928.00 0.02 0.00 5.13
homstrad tim 10 10 249.5 260 47.5 98.5 98.3 92.7 95.7 0.0788 0:00:00 107.32 2426.93 78.13 87.29 0.00 0.02 0.00 2.89
homstrad uce 13 13 149.385 184 34.0 88.0 87.7 59.0 68.0 0.1055 0:00:00 107.66 2426.94 78.22 87.32 0.00 0.02 0.00 2.96
homstrad toxin 20 20 63.5 78 43.1 89.3 87.6 61.0 69.8 0.0696 0:00:00 107.69 2426.93 78.22 91.81 0.00 0.02 0.00 2.92
homstrad rub 5 5 51.2 54 62.1 99.2 99.2 96.3 96.7 0.0446 0:00:00 107.48 2426.93 78.20 87.33 0.00 0.02 0.00 2.96
homstrad hom 8 8 63.5 98 35.3 98.1 97.3 79.7 95.3 0.0454 0:00:00 107.36 2426.93 78.17 91.78 0.00 0.02 0.00 2.89
homstrad biotin_lipoyl 7 7 83.4286 112 28.9 95.3 94.0 81.2 84.2 0.0637 0:00:00 107.35 2426.93 78.16 87.26 0.00 0.02 0.00 2.93
homstrad cys 13 13 223.692 284 40.5 89.8 89.2 54.9 66.8 0.1118 0:00:00 107.67 2426.93 105.08 105.33 0.00 0.02 0.00 2.91
homstrad ghf11 5 5 185.4 202 49.5 94.8 94.7 87.0 88.6 0.0493 0:00:00 107.42 2426.93 78.21 87.33 0.00 0.02 0.00 2.81
homstrad blmb 6 6 241.667 344 20.6 42.1 41.9 9.1 10.9 0.1592 0:00:00 107.53 2426.93 78.20 91.82 0.00 0.02 0.00 2.76
homstrad aadh 8 8 415.125 542 38.2 85.2 85.3 54.2 60.4 0.1076 0:00:00 107.46 2426.91 78.21 87.32 0.00 0.02 0.00 2.87
homstrad DEATH 7 7 107.143 159 19.6 59.2 60.7 23.4 28.7 0.0710 0:00:00 107.16 2426.94 78.20 87.40 0.00 0.02 0.00 2.92
homstrad Sulfotransfer 5 5 281.8 381 26.2 71.0 70.2 31.1 37.0 0.0841 0:00:00 107.79 2426.93 78.25 91.87 0.00 0.02 0.00 2.91
homstrad serpin 8 8 376.25 418 34.3 93.3 92.5 74.4 79.5 0.1357 0:00:00 107.67 2426.93 78.23 91.83 0.00 0.02 0.00 2.92
homstrad proteasome 17 17 223.353 309 21.7 83.2 79.6 29.7 39.0 0.1483 0:00:00 105.38 2426.94 76.21 85.23 0.00 0.02 0.00 2.91
homstrad zf-CCHH 15 15 29.0667 39 35.5 91.0 89.9 65.7 75.7 0.0538 0:00:00 107.64 2426.92 78.13 91.76 0.00 0.02 0.00 2.92
homstrad egf 12 12 47.75 71 31.1 75.3 75.1 51.5 47.9 0.0563 0:00:00 107.73 2426.93 78.22 87.36 0.00 0.02 0.00 2.90
homstrad annexin 6 6 317.167 323 57.2 100.0 100.0 100.0 100.0 0.0529 0:00:00 107.39 2426.94 78.20 91.80 0.00 0.02 0.00 2.92
homstrad OTCace 5 5 318 350 37.3 93.9 93.9 81.6 84.4 0.0565 0:00:00 107.67 2426.94 78.23 87.32 0.00 0.02 0.00 2.25
homstrad rnasemam 6 6 121.5 141 42.2 94.7 91.4 72.4 84.1 0.0787 0:00:00 107.73 2426.93 78.21 87.30 0.00 0.02 0.00 2.86
homstrad adh 5 5 373.6 375 63.9 98.8 98.8 96.8 97.0 0.1181 0:00:00 107.40 2426.91 78.18 91.49 0.00 0.02 0.00 2.85
homstrad il8 11 11 68.8182 81 34.5 93.2 91.9 63.6 72.2 0.0534 0:00:00 107.52 2426.93 78.17 87.27 0.00 0.02 0.00 2.89
homstrad hr 5 5 74 82 53.3 100.0 100.0 100.0 100.0 0.1066 0:00:00 107.39 2426.93 78.21 87.31 0.00 0.02 0.00 2.87
homstrad ChtBD 5 5 42.6 45 59.3 93.2 91.5 79.1 80.2 0.0418 0:00:00 107.15 2426.92 78.20 91.81 0.00 0.02 0.00 2.87
homstrad gluts 14 14 215.643 235 39.4 93.5 93.3 76.8 81.4 0.0625 0:00:00 107.75 2426.93 78.22 91.85 0.00 0.02 0.00 2.90
homstrad ghf5 6 6 327.167 470 17.8 54.8 53.2 23.9 33.9 0.1929 0:00:00 107.65 2426.93 78.20 87.31 0.00 0.02 0.00 2.93
homstrad ghf13 10 10 469.8 626 26.8 66.9 65.0 27.7 36.0 0.2343 0:00:00 107.50 2426.92 78.13 87.29 772.00 0.02 0.00 4.15
homstrad PDZ 6 6 93 110 30.6 77.3 76.3 58.6 61.1 0.0491 0:00:00 107.58 2426.92 78.16 85.06 0.00 0.02 0.00 2.85
homstrad az 29 29 113.069 215 33.4 71.8 69.9 36.4 39.6 0.0940 0:00:00 107.70 2426.91 78.20 87.31 0.00 0.02 0.00 2.94
homstrad hla 5 5 178 178 76.5 100.0 100.0 100.0 100.0 0.0571 0:00:00 107.58 2426.93 78.21 91.84 0.00 0.02 0.00 2.91
homstrad slectin 5 5 133.4 142 33.3 93.0 93.3 83.9 87.9 0.1083 0:00:00 107.71 2426.92 78.16 87.26 0.00 0.02 0.00 2.95
homstrad GEL 5 5 118.6 150 23.7 62.5 59.7 26.0 37.8 0.0560 0:00:00 107.72 2426.91 78.20 91.60 0.00 0.02 0.00 2.92
homstrad kringle 9 9 82.8889 100 43.3 93.8 92.4 77.5 82.2 0.0481 0:00:00 107.40 2426.93 78.20 87.29 0.00 0.02 0.00 2.90
homstrad p450 12 12 408 512 20.8 68.3 66.6 28.3 35.9 0.2654 0:00:00 107.68 2426.92 78.06 87.23 0.00 0.02 0.00 2.92
homstrad gpdh 8 8 338.75 360 55.1 95.4 95.2 87.4 89.9 0.0736 0:00:00 107.43 2426.94 78.21 91.83 0.00 0.02 0.00 2.76
homstrad int 5 5 192 219 22.5 90.9 90.7 75.2 82.0 0.0942 0:00:00 107.67 2426.93 103.27 104.40 0.00 0.02 0.00 2.87
homstrad KAS 6 6 344.667 404 31.7 88.2 86.7 72.2 77.0 0.0763 0:00:00 107.20 2426.94 78.24 91.21 0.00 0.02 0.00 2.95
homstrad trfl 7 7 526.286 702 61.9 96.5 96.4 91.9 92.7 0.1428 0:00:00 107.54 2426.93 101.19 103.34 0.00 0.02 0.00 2.95
homstrad TNF 5 5 149.6 176 32.0 85.9 85.8 65.6 70.9 0.0543 0:00:00 107.27 2426.94 78.22 87.59 0.00 0.02 0.00 2.94
homstrad scorptoxin 8 8 64.75 74 46.3 95.0 95.0 83.6 88.2 0.0490 0:00:00 105.38 2426.94 76.28 85.38 0.00 0.02 0.00 2.92
homstrad aldosered 7 7 310.857 386 41.6 93.4 92.4 74.5 79.7 0.0751 0:00:00 107.36 2426.91 78.09 87.22 0.00 0.02 0.00 2.86
homstrad rrm 20 20 86.65 157 22.9 83.5 80.7 23.4 34.6 0.0833 0:00:00 107.59 2426.91 78.14 87.25 0.00 0.02 0.00 2.87
