ext_homfam_large CH 44833 4 101.255 143 22.6 84.0 85.9 65.5 73.1 1024.2301 0:17:04 11594.02 125743.86 11354.95 11420.96 1.90 48.98 209.43 2144.79
ext_homfam_large fkbp 98017 4 91.5776 126 47.3 83.1 92.8 77.0 80.3 2191.0548 0:36:31 12814.52 125759.26 12589.27 12692.76 1.77 104.07 755.31 16558.64
ext_homfam_large cyclin 52844 3 108.15 288 16.3 64.7 72.4 53.0 57.9 1493.8667 0:24:53 12054.86 125746.37 11816.29 11926.90 1.82 59.28 598.54 8940.26
ext_homfam_large DUF170 58645 3 71.4808 89 21.8 76.8 88.5 68.2 71.1 840.5869 0:14:00 10381.16 125746.62 10141.83 10199.04 1.74 55.32 145.11 1224.19
ext_homfam_large citrate_synt 69185 3 306.645 452 30.2 89.6 91.6 81.9 86.4 5226.5030 1:27:06 20271.94 128379.27 20029.45 20086.31 0.00 0.00 181.04 0.00
ext_homfam_large ACPS 58467 3 91.2324 122 16.7 60.5 61.3 40.9 43.1 1296.5121 0:21:36 10845.56 125747.66 10605.60 10661.82 1.72 63.73 226.01 2928.98
ext_homfam_large cbp 47126 8 26.6756 200 38.3 26.8 54.1 0.5 0.0 3478.5653 0:57:58 6579.98 125744.07 6485.75 6499.14 0.00 0.00 19.97 0.00
ext_homfam_large rnh 76222 3 122.222 161 34.3 89.0 89.7 81.4 83.1 1675.9681 0:27:55 13408.21 125758.25 13166.61 13223.46 1.80 183.39 161.22 2706.33
ext_homfam_large Fapy_DNA_glyco 41627 4 111.499 279 40.3 66.0 71.1 33.5 33.8 1212.4921 0:20:12 11181.78 125747.38 10943.34 11017.26 1.89 52.55 248.13 3014.92
ext_homfam_large DAHP_synth_1 64082 3 259.458 375 25.6 57.5 58.9 34.3 36.4 3835.3186 1:03:55 13987.55 125761.40 13887.67 13928.60 1.98 109.68 171.01 6562.84
ext_homfam_large Glyco_hydro_18_D2 70609 4 284.482 91 23.5 64.9 70.1 50.7 58.5 5534.4578 1:32:14 25795.55 134658.21 25554.31 25614.11 1.80 468.86 342.84 18976.64
ext_homfam_large dutpase 45714 3 116.124 138 28.6 83.4 88.5 77.5 79.7 1000.8071 0:16:40 11937.10 125752.76 11697.65 11755.54 1.93 58.88 368.05 3683.61
ext_homfam_large DHOdehase 70950 4 232.402 396 26.1 87.2 88.8 71.5 78.6 4379.5868 1:12:59 18305.13 127793.88 18063.64 18120.22 1.89 115.45 335.81 14704.40
ext_homfam_large Glyco_hydro_18_D1 70609 4 284.497 444 28.1 78.6 83.9 62.4 70.6 6570.2170 1:49:30 28819.11 136903.50 28579.24 28690.18 1.78 404.36 308.83 20288.45
ext_homfam_large Asp_Glu_race_D 76399 4 200.362 123 17.8 23.2 69.6 0.0 0.0 2537.5379 0:42:17 14930.67 125759.63 14690.19 14746.43 1.84 111.70 183.71 4663.61
ext_homfam_large Bacterial_PQQ 64175 3 31.747 635 44.1 90.5 90.6 82.5 84.5 676.9644 0:11:16 7297.51 125744.84 7263.95 7280.95 1.72 49.92 119.23 811.36
ext_homfam_large GAL4 82674 3 34.7695 49 48.9 91.3 94.0 83.8 88.3 3774.3473 1:02:54 7869.48 125744.29 7630.05 7707.02 1.73 85.29 29.64 1123.48
ext_homfam_large PEP-utilizers 59219 3 73.0971 154 36.6 85.0 88.7 80.2 81.4 864.7582 0:14:24 8802.89 125751.67 8564.34 8630.51 1.92 80.55 124.57 1081.60
ext_homfam_large RuBisCO_large 80140 7 241.993 342 50.4 86.9 90.2 65.3 68.9 5328.6258 1:28:48 19955.44 128686.36 19713.07 19777.50 1.98 390.71 275.92 14708.06
ext_homfam_large Bac_DNA_binding 54315 4 86.796 101 33.0 95.3 97.1 90.5 92.9 888.9452 0:14:48 9636.31 125753.56 9397.13 9453.40 1.87 59.41 129.90 1158.65
ext_homfam_large ung 82384 3 152.042 235 48.3 88.1 95.5 85.7 86.2 2141.0465 0:35:41 12614.25 125767.29 12375.16 12431.34 1.88 111.12 217.54 4656.95
ext_homfam_large myb_DNA-binding 72066 5 45.6103 61 40.7 90.6 91.1 73.2 80.8 787.2415 0:13:07 8983.01 125744.53 8743.56 8818.24 1.78 55.86 171.89 1360.72
ext_homfam_large msb 69329 8 103.238 158 26.6 90.8 92.9 73.8 81.5 1196.6285 0:19:56 13015.34 125751.54 12775.48 12831.81 1.67 156.12 187.34 2247.66
ext_homfam_large ARM 41154 3 37.9796 486 28.5 39.8 68.2 17.5 15.8 546.7618 0:09:06 7619.32 125741.86 7366.66 7422.94 1.87 33.20 119.65 658.14
ext_homfam_large tRNA_bind 60715 3 96.4105 128 22.8 75.1 74.1 59.8 63.5 1028.6200 0:17:08 10422.64 125756.84 10182.93 10240.38 1.93 69.27 122.09 1260.10
ext_homfam_large sodfe 69746 8 89.9976 219 42.3 86.4 87.1 58.4 63.9 1576.1798 0:26:16 10635.45 125758.59 10395.40 10461.64 1.94 74.64 172.48 2727.25
ext_homfam_large Glyco_hydro_2 54968 3 98.0938 129 10.6 20.9 26.6 1.8 0.7 1078.9447 0:17:58 12907.23 125746.34 12668.20 12724.13 1.67 113.36 190.84 2058.47
ext_homfam_large Orn_DAP_Arg_deC 67331 3 234.09 179 77.6 90.8 93.4 86.3 86.4 3176.7856 0:52:56 24300.14 132559.54 24059.96 24116.38 1.90 184.12 293.28 9312.41
ext_homfam_large LIM 46552 5 54.4262 86 52.8 89.8 91.3 69.5 84.7 629.5414 0:10:29 8166.62 125741.75 7921.52 7978.12 1.83 40.21 118.85 752.43
ext_homfam_large TIG 45878 6 77.2108 88 55.4 90.7 94.0 81.6 83.8 823.1092 0:13:43 10864.13 125743.88 10626.50 10690.35 1.69 51.95 155.80 1288.82
ext_homfam_large Lum_binding 56467 4 84.6084 114 27.1 88.4 93.0 73.6 83.7 972.4719 0:16:12 9312.64 125750.38 9074.51 9140.40 1.84 61.85 145.13 1417.37
ext_homfam_large DHH 60101 3 146.145 189 66.5 89.8 90.6 82.8 84.0 2034.3664 0:33:54 14754.04 125756.71 14514.23 14570.50 1.82 81.46 402.49 8192.81
ext_homfam_large EGF_Lam 75793 3 45.7537 61 33.9 71.0 79.2 54.4 58.6 883.8987 0:14:43 9173.04 125745.30 8934.29 8991.50 1.74 59.25 108.40 962.40
ext_homfam_large Adenylsucc_synt 44036 3 378.745 441 56.1 96.9 97.1 94.9 95.9 5382.4075 1:29:42 15188.96 125756.28 14947.60 15004.00 1.96 256.14 203.76 10974.49
ext_homfam_large KISc 60991 4 282.977 412 45.1 91.2 92.3 81.6 85.4 5326.8054 1:28:46 25016.08 133016.32 24775.80 24843.37 1.85 289.91 334.12 17799.29
ext_homfam_large ferritin 65240 4 132.879 173 60.4 94.4 94.4 90.1 90.6 1162.4695 0:19:22 11411.72 125808.09 11198.78 11309.38 1.92 118.82 135.39 1577.40
ext_homfam_large RNase_HII 44930 3 178.359 228 40.1 86.6 87.4 80.5 82.1 1559.3481 0:25:59 11389.58 125753.53 11136.90 11196.70 1.90 87.58 197.82 3087.98
ext_homfam_large peroxidase 68141 5 261.962 383 37.3 82.4 83.4 49.6 54.1 5287.8860 1:28:07 18407.70 127599.37 18165.41 18221.93 1.95 122.32 714.53 37788.30
ext_homfam_large asp 47635 13 273.267 381 37.5 90.6 91.0 73.5 79.7 3922.4248 1:05:22 20433.24 129124.65 20194.00 20250.02 1.76 279.66 302.39 11866.70
ext_homfam_large flav 59460 6 126.005 183 35.0 85.0 85.9 57.1 59.5 1656.0863 0:27:36 13633.53 125750.16 13393.62 13450.19 1.88 146.04 376.76 6245.96
ext_homfam_large ptpase 46221 3 166.676 311 39.2 82.5 85.1 77.6 79.5 2747.2870 0:45:47 17851.51 127181.48 17704.17 17768.26 1.84 199.95 381.38 10480.38
ext_homfam_large PK 83424 4 231.495 524 47.5 93.3 96.8 87.2 90.1 4647.4397 1:17:27 18048.34 126720.53 17807.12 17863.58 1.86 140.25 214.57 9978.35
ext_homfam_large ghf18 70610 5 284.494 349 19.9 48.8 61.8 20.6 25.9 5195.8927 1:26:35 27227.47 135854.59 26986.65 27042.81 1.80 457.52 406.03 21101.27
ext_homfam_large cat3 87444 4 213.469 256 24.8 87.9 87.7 71.6 74.1 2814.9341 0:46:54 14442.04 125767.80 14202.57 14312.81 1.89 133.94 168.32 4742.26
ext_homfam_large sh3 64226 20 45.6022 115 31.9 91.4 90.6 49.4 71.7 720.0175 0:12:00 8065.12 125747.31 7825.69 7882.04 1.79 49.86 130.49 943.76
ext_homfam_large Pro_CA 43482 4 143.131 268 39.2 75.1 81.2 59.3 70.5 1413.8242 0:23:33 11940.42 125748.91 11701.58 11757.78 1.93 58.73 293.78 4156.14
ext_homfam_large CUB 61058 3 102.6 114 41.7 84.0 85.1 78.2 79.1 1087.0163 0:18:07 12181.44 125746.49 11943.38 12007.33 1.70 65.96 137.78 1502.06
ext_homfam_large cyclo 94131 6 150.667 203 44.1 86.2 93.4 74.6 78.5 2674.9681 0:44:34 15767.52 125775.38 15527.23 15583.45 1.84 135.01 501.22 13410.95
ext_homfam_large Methyltransf_1 83642 3 76.3578 184 28.8 24.9 40.4 1.8 0.7 1046.7006 0:17:26 10801.53 125759.35 10562.41 10620.01 1.81 106.54 154.19 1617.87
ext_homfam_large tim 51027 10 220.35 260 47.5 96.6 96.7 88.4 92.1 2552.3742 0:42:32 13630.28 125757.62 13390.35 13454.41 1.89 170.29 172.87 4417.31
ext_homfam_large PH 81662 13 97.5814 228 16.6 66.3 69.3 8.3 16.9 1903.9889 0:31:43 12061.84 125748.23 11813.58 11892.70 1.76 82.52 487.14 9281.69
ext_homfam_large uce 47029 13 120.381 184 34.0 88.8 89.6 59.0 66.1 1437.2862 0:23:57 12263.88 125751.20 12024.55 12082.33 1.92 121.46 314.60 4524.47
ext_homfam_large igps 76266 3 215.593 276 19.3 38.4 43.8 14.6 13.6 4389.1178 1:13:09 15536.61 125780.87 15311.48 15383.04 1.81 121.42 928.78 40769.41
ext_homfam_large hom 48083 8 52.118 98 35.3 96.9 96.4 75.4 91.0 681.9188 0:11:21 8506.60 125745.86 8266.38 8322.81 1.88 54.74 135.19 926.21
ext_homfam_large ligase-CoA 45322 3 119.659 183 29.2 79.2 76.4 65.8 69.8 982.5484 0:16:22 11320.41 125753.94 11081.05 11147.41 0.00 0.00 142.75 0.00
ext_homfam_large aadh 92451 8 164.389 542 38.2 61.1 77.2 2.9 3.4 5204.1163 1:26:44 19800.27 127714.23 19558.54 19616.50 1.93 136.20 1619.51 84285.64
ext_homfam_large Sulfotransfer 56833 5 211.235 381 26.2 66.4 76.2 38.2 46.9 4221.4510 1:10:21 20046.64 129616.30 19805.36 19861.78 1.71 246.49 706.41 29824.68
ext_homfam_large Ribosomal_L6_D 53998 4 72.9764 103 17.8 77.4 88.1 52.1 62.6 768.9238 0:12:48 8670.02 125750.56 8430.93 8487.29 1.86 54.99 141.04 1089.38
ext_homfam_large S_100 51521 6 27.8658 103 34.3 50.4 71.1 26.5 25.1 2391.7125 0:39:51 6886.39 125741.73 6647.55 6723.55 1.82 38.19 181.30 4342.73
ext_homfam_large LDLa 74332 4 36.1029 48 45.6 89.9 90.3 76.7 81.1 676.0348 0:11:16 7440.79 125744.98 7202.21 7313.48 1.77 52.99 116.87 793.65
ext_homfam_large proteasome 59434 17 167.998 309 21.7 84.6 84.8 44.8 63.8 1732.2829 0:28:52 12848.29 125752.74 12596.44 12652.89 1.93 79.95 145.38 2522.25
ext_homfam_large Cu_nir 56602 3 123.831 337 72.9 89.0 100.0 83.5 83.5 2221.0479 0:37:01 14551.40 125750.98 14405.32 14438.04 1.91 173.34 1062.39 23593.87
ext_homfam_large egf 93003 12 30.3664 71 31.1 63.7 72.1 35.3 39.3 759.7884 0:12:39 7446.18 125751.48 7207.09 7263.23 1.72 62.33 128.69 980.94
ext_homfam_large csp 69967 3 61.2304 70 67.2 94.9 95.4 92.4 92.4 899.3348 0:14:59 9065.83 125751.70 8919.57 8952.37 1.86 63.34 140.19 1265.03
ext_homfam_large cat 51685 3 333.558 730 44.4 32.4 62.2 10.1 9.7 6948.9738 1:55:48 15684.73 125757.71 15444.41 15517.43 1.98 207.56 190.36 13231.88
ext_homfam_large porin 49455 4 262.201 361 24.6 75.7 77.0 54.0 62.1 3900.2515 1:05:00 20368.18 128916.99 20127.18 20184.73 1.91 85.48 205.79 8032.68
ext_homfam_large parv 47125 7 26.6651 109 55.6 70.4 86.2 39.4 38.4 549.9167 0:09:09 6448.29 125744.03 6419.68 6433.10 1.84 35.83 124.47 688.79
ext_homfam_large FAD-oxidase_C 93603 4 227.568 367 10.8 19.5 23.9 1.0 0.6 3921.3255 1:05:21 16624.32 125832.27 16383.42 16439.63 1.84 184.21 253.42 9938.41
ext_homfam_large EFTU_C 47040 3 85.1735 107 53.8 97.8 98.6 96.8 96.8 834.5698 0:13:54 12230.05 125746.45 11992.58 12103.14 1.97 85.46 142.07 1189.40
ext_homfam_large ghf5 62230 6 234.799 470 17.8 66.4 66.0 37.0 52.5 4009.8364 1:06:49 22378.32 131505.75 22137.54 22194.59 1.82 97.25 392.63 15753.30
ext_homfam_large Glyco_hydro_18 70609 4 284.501 534 27.6 83.1 84.2 66.9 75.5 6469.4220 1:47:49 26552.10 134767.57 26310.89 26367.20 1.80 448.94 326.93 21151.92
ext_homfam_large MoCF_biosynth 99836 4 143.205 203 28.2 73.2 79.6 46.6 54.2 2277.1398 0:37:57 12697.64 125766.80 12458.79 12514.78 1.82 127.41 348.55 7935.41
ext_homfam_large phs 46393 3 513.488 890 45.3 87.6 88.4 79.6 81.5 23534.6404 6:32:14 22890.38 131478.63 22859.68 22873.10 1.97 300.31 210.54 49550.40
ext_homfam_large cpa 58140 4 202.33 333 46.2 82.5 84.9 70.9 72.7 3505.0791 0:58:25 24649.57 133497.79 24409.02 24465.22 1.84 86.94 630.31 22097.23
ext_homfam_large EF_TS 47306 3 145.243 217 29.0 42.1 95.0 39.0 20.1 1687.6468 0:28:07 13603.58 125750.60 13365.30 13422.66 1.87 64.37 337.20 5698.57
ext_homfam_large ccH 87847 4 53.8964 65 34.7 94.8 94.8 88.1 90.1 852.0045 0:14:12 9256.56 125747.83 9018.13 9084.46 1.69 71.43 118.93 1016.76
ext_homfam_large LMWPc 76645 3 129.111 161 54.3 98.3 98.3 96.8 97.2 1435.5628 0:23:55 14512.14 125759.81 14271.62 14329.01 1.81 154.88 203.26 2925.11
ext_homfam_large COX3 67464 3 195.409 278 31.5 82.8 84.5 77.0 74.9 3035.1297 0:50:35 18659.46 127876.07 18417.32 18474.08 1.94 106.13 935.52 28395.35
ext_homfam_large KAS 47886 6 138.716 404 31.7 83.4 88.3 62.2 67.7 1865.8632 0:31:05 14846.60 125752.60 14607.55 14673.56 1.94 62.35 769.71 14362.78
ext_homfam_large DNA_pol3_beta 97572 3 113.738 138 11.6 81.7 80.3 67.2 73.1 1465.0977 0:24:25 11780.50 125758.94 11540.05 11604.22 1.74 178.96 135.92 1995.55
ext_homfam_large laminin_G 43331 4 123.858 213 18.3 63.3 69.4 47.2 56.2 1211.2122 0:20:11 11504.61 125747.76 11266.70 11322.94 1.83 51.28 243.59 2956.59
ext_homfam_large MM_CoA_mutase 72484 4 104.911 193 32.4 72.7 79.1 56.6 61.2 1315.5543 0:21:55 12145.62 125756.92 11905.72 11961.94 0.00 0.00 312.28 0.00
ext_homfam_large pgk 46729 4 347.047 435 51.4 95.9 97.0 91.6 93.3 3923.3810 1:05:23 15800.71 125758.72 15560.38 15616.59 1.93 102.68 185.12 7260.26
ext_homfam_xlarge Peptidase_M24 172250 4 215.363 363 22.1 76.8 81.8 57.1 67.3 6155.9889 1:42:35 22522.56 130471.54 22279.78 22337.67 1.75 587.64 310.89 19139.13
ext_homfam_xlarge xia 209226 6 231.707 398 69.1 81.7 89.5 61.7 63.1 7578.4450 2:06:18 25331.04 132474.93 25162.05 25240.68 27.23 754.89 265.57 20130.25
ext_homfam_xlarge TPR 125824 6 32.084 237 17.0 24.3 36.5 0.0 0.0 820.8788 0:13:40 6953.45 125756.30 6713.16 6824.75 1.59 93.99 130.86 1077.28
ext_homfam_xlarge HMA 121128 3 57.6601 72 28.4 100.0 100.0 100.0 100.0 953.3260 0:15:53 8873.77 125755.12 8634.01 8698.07 1.70 134.46 136.02 1298.86
ext_homfam_xlarge Ald_Xan_dh_2 200468 6 271.37 885 31.8 78.8 81.2 59.3 64.3 14347.7195 3:59:07 39415.42 146957.21 39188.82 39241.38 1.73 1590.02 347.21 49806.45
ext_homfam_xlarge CPSase_L_chain 105928 4 104.716 143 23.0 32.8 70.0 21.7 13.1 1308.9360 0:21:48 11065.23 125786.09 10825.37 10891.71 1.94 128.39 160.25 2100.30
ext_homfam_xlarge ATP-synt 197504 4 146.75 535 36.5 61.8 76.8 37.8 42.2 8883.7757 2:28:03 23122.29 131020.36 22880.73 22937.06 45.88 1198.11 1743.65 154908.35
ext_homfam_xlarge Ald_Xan_dh_1 227053 6 66.8665 205 43.4 58.9 81.7 31.7 24.1 1633.8335 0:27:13 13370.77 125801.91 13144.07 13248.54 1.77 273.30 163.32 2666.93
ext_homfam_xlarge LRR 124140 3 21.1644 485 38.1 25.6 35.3 6.1 2.6 749.3907 0:12:29 6786.73 125749.70 6547.95 6659.29 1.66 102.05 147.55 1109.90
ext_homfam_xlarge ghf1 107507 8 381.152 562 38.4 91.7 93.3 71.4 79.8 10795.2410 2:59:55 30359.66 137748.09 30118.13 30175.62 9.88 595.78 217.74 23504.29
ext_homfam_xlarge rvp 198002 6 90.8504 132 36.6 82.8 82.8 60.4 62.7 1627.3479 0:27:07 11298.77 125755.02 11056.99 11113.75 1.94 249.89 134.47 2194.42
ext_homfam_xlarge lyase_1 140178 5 285.639 511 30.9 79.7 79.5 61.8 64.5 6126.4682 1:42:06 21203.30 128639.07 20962.25 21019.68 9.94 416.62 159.03 9746.76
ext_homfam_xlarge ldh 192821 14 145.613 371 31.9 78.3 80.8 31.1 36.2 4215.7313 1:10:15 19524.93 128625.67 19283.00 19340.92 1.76 647.15 919.11 38754.10
ext_homfam_xlarge subt 169430 11 276.407 414 39.5 74.9 86.9 29.1 37.2 14892.3091 4:08:12 47108.43 154436.32 46867.88 46925.02 0.00 0.00 746.79 0.00
ext_homfam_xlarge inositol_P 101015 3 234.461 448 19.9 66.1 70.2 45.5 55.2 4463.0760 1:14:23 20749.47 129992.24 20508.94 20570.69 1.76 159.22 312.18 13929.49
ext_homfam_xlarge Toprim 117099 3 104.453 139 19.1 69.7 78.8 60.0 60.9 1986.6820 0:33:06 14702.27 125789.46 14464.37 14524.28 1.89 266.59 350.72 6969.27
ext_homfam_xlarge blm 234666 8 288.271 274 39.1 84.6 90.3 64.8 67.2 11912.3950 3:18:32 39228.04 144673.26 38857.85 38915.94 1.61 1815.38 540.47 64384.77
ext_homfam_xlarge cox 206585 4 191.297 661 32.2 33.5 58.3 25.0 10.5 8598.5734 2:23:18 28444.01 136169.18 28219.32 28322.78 23.45 1354.19 937.78 80642.92
ext_homfam_xlarge tRNA-synt_2b 158768 5 222.601 467 18.7 41.2 42.2 16.9 22.9 7891.5567 2:11:31 28086.08 134888.30 27844.98 27901.31 1.90 846.41 825.48 65141.18
ext_homfam_xlarge UPF0076 125187 3 113.476 129 45.4 92.4 92.9 87.9 88.4 1636.4764 0:27:16 14285.87 125790.02 14036.69 14100.75 1.80 144.08 165.59 2714.20
ext_homfam_xlarge Nitroreductase 151688 3 145.346 273 21.4 75.4 75.8 67.5 72.4 3712.6206 1:01:52 17932.59 126483.46 17692.68 17749.17 1.73 392.65 892.39 33138.96
ext_homfam_xlarge S4 131028 3 44.4202 48 44.2 100.0 100.0 100.0 100.0 917.7784 0:15:17 8176.41 125754.95 7937.55 8048.80 1.78 86.51 134.23 1234.92
ext_homfam_xlarge icd 101244 5 327.38 433 41.7 92.9 93.6 81.5 84.4 6975.0871 1:56:15 22508.41 131131.49 22268.30 22379.33 2.14 461.29 329.07 22956.98
ext_homfam_xlarge galpha 148827 3 160.363 337 52.5 91.1 91.6 84.3 86.0 4668.4719 1:17:48 26868.36 134391.48 26626.83 26687.04 0.00 0.00 748.86 0.00
ext_homfam_xlarge NTP_transferase 234612 4 220.704 311 32.3 84.7 87.3 63.8 73.1 8027.1708 2:13:47 28714.68 136607.04 28474.48 28530.67 1.68 898.41 531.32 42638.18
ext_homfam_xlarge fer2 166512 13 64.0801 119 45.3 80.5 78.8 42.2 51.1 1269.6739 0:21:09 10515.51 125764.32 10275.57 10332.03 1.79 134.88 149.08 1894.97
ext_homfam_xlarge transketolase_C 135540 3 112.745 164 25.7 75.3 85.0 62.8 64.5 1637.2921 0:27:17 13189.73 125780.41 12949.81 13006.07 1.80 163.42 195.21 3188.41
ext_homfam_xlarge ace 146203 6 256.61 601 37.3 82.0 86.9 61.4 68.2 9339.5738 2:35:39 42287.36 149541.96 42046.92 42158.28 66.21 1585.07 536.20 50084.86
ext_homfam_xlarge PGAM 200162 3 150.289 261 44.3 81.0 85.3 68.5 72.0 3687.1599 1:01:27 22261.48 130878.36 22020.18 22076.85 5.62 420.45 252.99 9331.68
ext_homfam_xlarge fer4 167880 14 21.0592 179 33.3 39.9 48.4 0.0 0.0 842.5698 0:14:02 6810.04 125753.34 6569.60 6625.89 1.67 96.20 139.59 1178.98
ext_homfam_xlarge mle 198305 3 159.65 379 28.2 88.5 90.6 79.1 81.4 4622.6754 1:17:02 21054.68 130136.38 20814.85 20871.25 1.76 660.59 757.27 35002.94
ext_homfam_xlarge serbact 214135 5 181.194 205 52.5 70.8 83.0 50.3 52.7 6461.2301 1:47:41 25531.40 133063.81 25289.93 25348.02 1.57 849.81 298.92 19318.93
ext_homfam_xlarge COX2 113644 3 91.1234 293 30.5 39.8 44.5 12.1 6.1 1945.7003 0:32:25 13925.67 125768.97 13688.66 13745.53 1.91 119.27 284.02 5526.76
ext_homfam_xlarge Mur_ligase_C 128718 3 77.2071 149 17.5 35.1 42.0 23.1 25.0 1229.2525 0:20:29 10936.60 125763.67 10697.84 10755.18 1.75 173.70 139.30 1716.69
ext_homfam_xlarge GAF 244682 3 129.555 201 16.3 77.8 82.1 64.1 65.9 4164.5030 1:09:24 19559.68 127363.89 19319.01 19375.00 1.42 891.16 587.30 24454.37
ext_homfam_xlarge adk 113057 9 146.734 301 32.6 74.9 76.5 28.0 36.3 2614.1270 0:43:34 15639.68 125775.28 15387.48 15443.75 1.75 147.56 370.88 9697.87
ext_homfam_xlarge Rhodanese 240100 6 96.8885 216 22.7 66.9 75.5 42.7 49.2 2358.1932 0:39:18 15560.45 125824.60 15319.37 15375.77 1.65 540.27 434.82 10246.75
ext_homfam_xlarge alpha-amylase 226460 23 220.82 780 23.2 62.5 63.8 15.3 32.6 9557.8566 2:39:17 34096.48 141290.90 33853.96 33910.65 1.80 1327.77 664.64 63523.01
ext_homfam_xlarge transket_pyr 146288 3 168.402 236 26.5 68.0 69.1 48.2 53.1 2793.5101 0:46:33 15848.53 125822.00 15595.61 15653.38 1.95 206.64 212.05 5929.54
ext_homfam_xlarge reductases 229913 7 97.3646 358 22.1 36.0 48.6 3.4 0.6 3083.9452 0:51:23 14495.11 125793.39 14301.72 14413.00 1.63 495.40 577.81 17814.65
ext_homfam_xlarge RuBisCO_large_NC 115109 7 201.689 496 50.2 68.7 82.7 8.9 7.2 4382.1587 1:13:02 26370.77 133723.61 26130.64 26241.93 1.99 669.51 1017.60 44596.33
ext_homfam_xlarge cytc 195303 11 88.0563 138 44.5 81.9 85.0 49.2 56.1 3354.0425 0:55:54 15701.11 125798.87 15449.39 15507.10 1.62 419.71 987.06 33101.40
ext_homfam_xlarge chorismate_bind 138684 3 210.116 521 46.8 87.5 87.8 77.5 80.0 5476.8544 1:31:16 21384.88 129153.12 21142.30 21199.37 21.76 445.76 293.01 16054.78
ext_homfam_xlarge biotin_lipoyl 161409 7 67.2255 112 28.9 87.3 89.5 62.4 68.7 1313.8119 0:21:53 9875.56 125787.05 9630.30 9696.83 1.78 204.79 155.93 2051.46
ext_homfam_xlarge C2 122466 3 95.8403 143 25.5 79.2 82.8 65.9 69.3 1551.3103 0:25:51 15675.73 125768.55 15451.12 15555.45 1.70 227.63 439.02 6817.19
ext_homfam_xlarge actin 226896 4 332.58 457 39.7 86.1 86.1 66.5 68.9 37480.1796 10:24:40 61652.73 168966.01 61443.66 61501.64 1.75 2710.26 230.66 86447.83
ext_homfam_xlarge dCMP_cyt_deam 129481 3 99.138 136 24.2 55.8 56.9 34.4 42.3 2229.1481 0:37:09 13467.14 125779.43 13227.88 13285.17 0.00 0.00 409.83 0.00
ext_homfam_xlarge RING 109955 3 41.9605 64 25.9 76.5 73.4 58.1 64.2 973.5208 0:16:13 9293.16 125750.43 9054.52 9110.66 1.62 81.07 278.30 2716.55
ext_homfam_xlarge OTCace 130785 5 145.658 350 37.3 89.9 92.1 78.3 81.0 2233.7341 0:37:13 13243.76 125781.32 13005.07 13116.43 1.90 312.24 172.82 3860.98
ext_homfam_xlarge cdh 227063 3 89.2674 117 34.5 80.3 83.2 74.5 76.6 1812.8350 0:30:12 13937.55 125788.38 13696.69 13753.34 1.61 295.08 180.78 3269.26
ext_homfam_xlarge EFTU_2 115028 4 69.089 125 39.7 78.6 80.7 68.0 70.7 1059.4686 0:17:39 9738.28 125757.39 9497.77 9561.81 1.89 99.98 206.31 2189.24
ext_homfam_xlarge NADHdh_2 152703 3 142.109 273 60.3 84.4 89.2 76.2 78.3 2973.9517 0:49:33 19279.64 128052.31 19039.64 19099.84 1.75 288.96 184.52 5490.05
ext_homfam_xlarge PDZ 193638 6 67.4089 110 30.6 76.7 78.7 54.5 62.2 1448.4814 0:24:08 10972.85 125788.69 10761.45 10865.88 1.57 235.08 146.12 2115.31
ext_homfam_xlarge CPS 245767 3 174.884 278 25.4 89.2 92.9 83.7 84.2 4535.0104 1:15:35 23088.27 130927.81 22848.14 22904.33 1.75 700.80 179.86 8164.31
ext_homfam_xlarge AP_endonuc_2 209223 3 231.703 308 17.0 72.5 75.8 59.6 64.2 7432.8723 2:03:52 24752.52 132287.58 24512.49 24572.14 1.70 542.26 284.82 21168.11
ext_homfam_xlarge cyt5 195298 6 88.0548 93 50.2 85.5 89.2 53.6 55.8 3346.1767 0:55:46 15725.45 125777.61 15477.07 15529.64 1.62 336.24 907.61 30367.57
ext_homfam_xlarge gpdh 113214 8 125.638 360 55.1 92.8 95.6 77.4 81.4 2090.4166 0:34:50 13915.29 125793.62 13689.83 13794.04 1.96 291.75 291.24 6091.12
ext_homfam_xlarge dpo1 114725 4 253.361 726 32.6 67.6 76.0 51.9 54.4 7249.4488 2:00:49 26383.10 134386.76 26140.40 26198.39 1.78 887.60 439.66 31874.64
ext_homfam_xlarge lacI 147279 3 44.7033 65 41.8 89.7 89.2 82.1 84.6 941.1055 0:15:41 9295.34 125774.36 9049.44 9106.04 1.84 103.82 127.62 1205.31
ext_homfam_xlarge int 140686 5 158.705 219 22.5 85.7 90.4 67.3 75.1 3308.4188 0:55:08 17716.61 126564.47 17524.33 17588.86 1.66 380.82 375.23 12419.52
ext_homfam_xlarge asprs 233293 3 217.228 542 28.3 76.7 82.4 66.4 70.4 10582.8040 2:56:22 30710.63 138161.68 30467.54 30524.28 1.71 1651.40 644.63 68215.14
ext_homfam_xlarge HGTP_anticodon 117450 6 87.6784 127 22.1 89.8 90.3 67.8 80.4 1314.9388 0:21:54 11658.51 125774.97 11432.77 11491.83 1.71 190.84 166.58 2190.24
ext_homfam_xlarge pnp 113917 3 211.723 293 38.1 74.6 78.7 59.9 59.7 4974.5407 1:22:54 22738.50 131082.27 22498.58 22609.85 1.81 477.03 385.31 19177.68
ext_homfam_xlarge prt 224881 3 116.205 226 24.0 65.6 71.6 45.8 52.6 3648.1765 1:00:48 20018.96 127349.76 19769.04 19828.93 1.71 603.98 635.83 23194.97
ext_homfam_xlarge rrm 230657 20 63.9034 157 22.9 80.4 82.5 21.6 30.6 1494.5717 0:24:54 11772.19 125776.59 11532.01 11589.76 1.57 308.10 128.67 1920.27
ext_homfam_xlarge FAD_binding_4 194444 4 130.97 314 17.8 45.8 51.9 26.9 33.2 2707.4013 0:45:07 14907.41 125798.84 14667.34 14723.69 1.75 433.64 161.50 4379.41
ext_homfam_xlarge sermam 214157 27 181.2 309 37.5 93.6 93.1 51.9 64.3 6082.3206 1:41:22 25154.62 132834.86 24912.62 24969.46 1.54 956.38 293.06 17823.76
ext_homfam_small cytprime 8229 4 112.012 136 26.7 93.4 94.7 84.5 87.2 435.8448 0:07:15 8885.38 125738.16 8647.25 8704.17 1.94 16.55 128.94 566.29
ext_homfam_small MIF 4369 3 104.545 118 51.8 98.8 99.4 98.2 98.2 337.2801 0:05:37 7896.84 125735.45 7658.07 7715.55 1.98 12.43 121.97 415.59
ext_homfam_small ricin 2156 7 169.377 281 37.5 87.1 87.4 70.0 77.8 433.4587 0:07:13 8475.25 125736.18 8236.82 8293.01 1.97 11.13 140.04 611.23
ext_homfam_small PSI_PsaE 940 3 59.3223 78 74.0 97.4 98.4 94.2 95.8 206.0228 0:03:26 6083.77 125735.99 5846.93 5910.84 1.99 6.13 120.05 251.56
ext_homfam_small rnase 7246 3 80.1155 108 61.4 74.2 89.7 62.3 62.7 345.2757 0:05:45 7343.12 125736.30 7105.05 7160.95 1.98 13.22 121.51 423.79
ext_homfam_small B 778 3 45.7172 56 78.1 97.0 97.0 92.6 94.0 198.0199 0:03:18 5607.82 125738.52 5387.34 5489.34 1.99 5.40 95.08 192.47
ext_homfam_small Yers_vir_YopE 269 3 66.5985 136 26.4 50.3 49.3 27.4 33.3 228.8051 0:03:48 5639.53 125738.48 5578.43 5629.63 1.99 5.31 153.08 354.58
ext_homfam_small cyt3 5521 6 77.3802 130 40.3 82.2 81.9 59.3 65.9 398.7133 0:06:38 8499.36 125736.81 8261.05 8372.38 1.94 14.46 109.62 441.38
ext_homfam_small cyto 613 3 141.687 159 82.3 95.5 95.5 91.1 92.4 301.0658 0:05:01 6829.91 126716.43 6591.24 6651.87 1.99 6.56 146.59 445.51
ext_homfam_small ins 3677 6 83.6742 74 44.9 78.9 83.8 52.2 73.6 471.0944 0:07:51 7613.60 125736.64 7374.80 7432.52 1.97 15.16 286.41 1353.29
ext_homfam_small pot 1950 4 60.5754 70 38.7 96.3 97.6 88.2 94.7 245.4891 0:04:05 6779.35 125736.09 6551.45 6658.07 1.98 9.48 104.08 259.75
ext_homfam_small Levi_coat 207 4 100.246 135 46.9 77.1 76.6 51.5 53.0 239.0159 0:03:59 5716.14 125735.00 5491.57 5548.99 1.99 5.21 139.91 338.02
ext_homfam_small DNA_PPF 949 4 112.256 131 32.5 37.0 57.0 13.7 2.9 239.8171 0:03:59 6874.03 125734.97 6635.08 6692.96 1.99 6.36 127.65 310.33
ext_homfam_small phc 9471 12 122.04 179 37.2 94.2 94.4 76.0 82.5 542.2646 0:09:02 10338.21 125735.88 10098.56 10154.55 1.98 16.17 185.37 1011.56
ext_homfam_small mycin 586 4 93.6075 116 39.8 93.4 94.7 85.8 88.3 314.0974 0:05:14 6118.34 125736.67 5880.38 5938.00 1.99 6.97 94.58 301.32
ext_homfam_small lta 1239 3 160.941 193 70.1 96.0 96.9 93.0 93.7 433.3303 0:07:13 7445.10 125736.79 7206.26 7264.20 1.98 9.19 150.44 656.08
ext_homfam_small FN1 2335 3 37.3859 53 28.7 96.2 96.2 91.7 93.9 219.3240 0:03:39 6075.45 125734.11 5830.75 5886.79 1.99 7.51 101.55 226.78
ext_homfam_small DISIN 8237 3 73.6888 74 57.1 97.4 98.7 97.1 96.2 359.1662 0:05:59 7630.30 125737.04 7392.46 7503.83 1.98 15.53 124.38 450.90
ext_homfam_small phoslip 4820 18 100.297 137 48.9 90.0 90.0 68.4 78.0 405.6291 0:06:45 8281.55 125739.25 8042.39 8098.52 1.98 12.92 98.90 405.50
ext_homfam_small NO_synthase 5614 3 326.529 428 67.4 75.8 97.8 67.4 63.2 1396.2566 0:23:16 9501.26 125736.62 9261.59 9350.04 1.99 17.37 170.18 2380.56
ext_homfam_small ngf 2408 4 90.5465 120 56.7 96.7 96.7 92.6 93.0 309.2275 0:05:09 7765.51 125735.30 7527.02 7584.83 1.99 8.91 126.62 395.82
ext_homfam_small THAUMATIN 9013 3 189.313 217 57.4 91.5 93.1 86.8 87.9 973.9979 0:16:13 10802.69 125738.36 10563.89 10621.20 1.97 22.11 197.38 1930.82
ext_homfam_small GATA 8389 3 33.5682 71 48.4 97.3 95.4 89.1 95.3 291.4554 0:04:51 6294.54 125739.43 6055.42 6114.12 1.98 12.59 125.16 369.01
ext_homfam_small TMV_coat 683 4 139.098 160 45.7 95.2 95.6 88.6 90.3 259.0037 0:04:19 7154.57 125736.11 6916.80 6972.95 1.99 6.33 140.21 367.39
ext_homfam_small MCR_beta 377 3 237.613 256 68.7 99.5 99.5 99.2 99.2 363.6964 0:06:03 6180.00 125738.52 5941.45 6008.39 1.99 5.61 161.65 592.09
ext_homfam_small EF1BD 4175 3 81.8137 91 30.1 84.3 85.0 78.9 79.5 351.1493 0:05:51 7599.60 125735.56 7361.61 7429.80 1.98 11.58 179.03 632.91
ext_homfam_small Stap_Strp_toxin 3060 6 76.4301 254 32.5 44.2 50.6 1.2 0.6 459.7862 0:07:39 8002.21 125738.80 7763.41 7822.35 1.99 8.51 168.33 778.22
ext_homfam_small ghf22 4009 12 108.649 131 51.4 95.7 96.6 83.8 87.3 369.6973 0:06:09 8324.42 125735.55 8085.41 8143.29 1.98 11.88 111.77 417.53
ext_homfam_small MCR_beta_NC 751 3 206.819 443 61.8 98.9 98.9 98.4 98.4 475.5331 0:07:55 7978.24 125737.63 7832.30 7897.07 1.99 6.84 227.15 1087.21
ext_homfam_small ghf14 4290 3 304.267 529 44.3 86.6 85.8 76.5 80.2 1301.6964 0:21:41 10245.35 125735.11 10004.73 10062.40 1.98 14.87 165.79 2163.11
ext_homfam_small BIR 8229 4 66.494 165 36.2 74.1 82.6 57.1 67.5 393.6415 0:06:33 7680.02 125738.02 7441.56 7497.86 1.95 15.48 110.98 441.18
ext_homfam_small ENTH 7524 3 108.643 280 34.3 83.6 86.9 76.0 74.6 597.6107 0:09:57 8416.96 125739.90 8177.36 8233.76 1.98 15.05 169.48 1017.57
ext_homfam_small Colicin 1246 3 152.028 202 34.9 90.4 91.2 85.4 88.1 360.4512 0:06:00 7468.59 125738.64 7230.06 7286.13 1.99 7.37 151.67 550.98
ext_homfam_small bowman 521 5 23.5509 73 64.9 94.5 95.0 84.3 86.6 202.5513 0:03:22 5650.27 125733.93 5425.93 5477.15 1.99 6.63 120.79 248.68
ext_homfam_small hip 2423 5 59.9674 88 33.4 77.5 78.8 48.8 58.9 259.3543 0:04:19 6713.45 125736.20 6474.74 6530.94 1.98 10.47 126.57 332.28
ext_homfam_small mthinb 1143 3 57.9519 31 83.3 95.6 95.6 93.3 93.3 217.5022 0:03:37 6094.11 126717.47 5949.23 6014.33 1.99 6.54 104.62 231.72
ext_homfam_small leukocidin 1384 3 233.638 323 42.9 51.0 59.8 33.4 33.6 787.9242 0:13:07 7907.29 125734.04 7669.36 7730.01 1.99 9.00 154.32 1220.09
ext_homfam_small ghf7 7650 4 235.468 452 47.4 90.1 94.6 82.3 84.7 906.9884 0:15:06 10486.37 125738.29 10247.30 10358.69 1.99 20.72 171.91 1563.97
ext_homfam_small ghf6 8342 3 272.548 373 39.3 78.8 85.3 66.6 67.3 1364.5228 0:22:44 11049.07 125738.66 10809.27 10865.79 1.98 21.81 289.69 3963.12
ext_homfam_small cks 1954 3 67.1433 102 65.2 97.2 98.6 94.6 96.2 363.8770 0:06:03 7219.21 125734.07 6989.38 7050.41 1.99 7.87 87.87 324.06
ext_homfam_small sti 3191 5 157.281 198 36.4 88.8 89.1 71.7 79.2 504.1856 0:08:24 8113.29 125736.32 7875.09 7986.31 2.43 12.58 156.30 792.56
ext_homfam_small NTP_transf_2_2 3285 3 105.676 179 53.9 67.0 94.7 52.8 50.5 517.1634 0:08:37 8661.44 125735.30 8497.80 8562.62 1.98 11.62 360.90 1870.14
ext_homfam_small pp 570 3 33.5 36 48.1 100.0 100.0 100.0 100.0 190.5788 0:03:10 5643.28 126716.40 5377.25 5479.37 1.99 5.53 93.08 181.63
ext_homfam_small tgfb 9741 8 93.9962 118 43.8 81.4 87.4 40.2 45.4 441.7726 0:07:21 8332.17 125737.36 8094.60 8205.80 1.97 22.55 148.60 660.50
ext_homfam_small intb 9453 6 104.183 162 29.8 54.5 62.1 24.5 25.2 475.7662 0:07:55 9351.11 125737.30 9113.15 9169.37 1.97 16.50 169.06 810.21
ext_homfam_small tbpc 7905 4 77.3722 193 60.7 93.4 93.8 86.4 89.2 409.2085 0:06:49 8477.05 125738.02 8238.82 8296.54 1.97 20.05 175.89 723.88
ext_homfam_small cbm12 2252 3 24.5524 67 28.4 73.4 79.0 58.0 63.3 232.4984 0:03:52 5712.89 125737.15 5464.62 5566.35 1.99 8.55 115.77 273.35
ext_homfam_small Bcl-2 3912 3 89.5153 201 36.1 87.1 90.9 76.4 83.4 333.8921 0:05:33 8961.49 125736.36 8722.45 8780.92 1.98 11.44 126.78 427.48
ext_homfam_small CBM_20 9185 8 83.7415 120 51.8 81.6 85.3 49.1 52.2 523.9975 0:08:43 8310.29 125738.34 8072.13 8151.37 1.93 17.46 96.15 508.04
ext_homfam_small MCR_alpha_N 1536 3 112.758 283 63.3 91.6 91.6 86.5 87.4 443.4157 0:07:23 7768.83 125735.15 7529.96 7587.68 1.99 7.36 253.95 1133.90
ext_homfam_small bv 1255 7 171.164 256 12.7 18.6 39.5 1.4 0.6 369.0117 0:06:09 7255.76 125737.72 7017.09 7073.29 1.98 8.38 144.42 537.09
ext_homfam_small SAP 8609 3 32.5649 54 24.4 90.0 90.0 72.7 87.3 294.5013 0:04:54 5919.00 125736.86 5773.64 5838.45 1.96 13.30 119.48 356.03
ext_homfam_small RuBisCO_small 5655 7 88.1202 166 46.2 87.0 87.3 70.3 73.1 381.4122 0:06:21 8747.58 125739.59 8509.14 8575.36 1.99 12.15 149.92 576.10
ext_homfam_small Peptidase_S21 478 3 270.439 227 36.6 63.5 62.7 44.7 49.4 547.1018 0:09:07 7737.25 125735.93 7498.18 7554.23 1.99 6.32 177.69 976.32
ext_homfam_small adeno_fiber 374 3 157.821 201 51.7 92.4 91.9 87.2 89.7 250.4413 0:04:10 6411.91 125735.91 6173.19 6230.33 1.99 5.82 126.51 321.09
ext_homfam_small profilin 4934 5 121.89 144 39.7 97.7 97.7 94.5 95.1 472.2897 0:07:52 7297.02 125735.73 7057.79 7121.70 1.98 13.50 184.43 875.44
ext_homfam_small Binary_toxA 3993 3 150.797 228 26.6 67.7 71.8 52.7 58.3 518.6135 0:08:38 8153.84 125736.98 7916.30 7982.93 1.96 14.12 167.16 872.54
ext_homfam_small P 4043 3 41.371 62 45.5 94.0 93.4 89.3 90.7 274.1344 0:04:34 6592.11 125737.89 6352.72 6409.83 1.96 11.60 109.10 303.32
ext_homfam_small toxin 1618 20 70.8257 78 43.1 91.2 90.3 53.2 60.5 229.1408 0:03:49 6384.73 125737.81 6137.32 6193.52 1.98 7.95 123.59 287.43
ext_homfam_small LuxS 9397 4 142.792 162 42.5 78.4 77.9 59.5 65.3 476.6863 0:07:56 8927.11 125739.74 8688.56 8745.75 1.99 16.95 149.67 718.23
ext_homfam_small ghf11 4398 5 168.894 202 49.5 91.1 91.3 76.0 79.1 520.6935 0:08:40 8283.81 125736.17 8045.56 8103.23 1.99 13.17 151.31 792.19
ext_homfam_small MMOB 1790 3 83.6235 99 35.5 88.7 87.0 75.8 80.8 350.2161 0:05:50 6288.15 125735.00 6049.89 6116.96 0.00 0.00 88.87 0.00
ext_homfam_small toxin_2 210 21 31.3619 48 41.3 89.6 89.1 26.7 34.6 192.9041 0:03:12 5721.64 125737.57 5495.45 5597.32 1.99 5.27 99.47 196.14
ext_homfam_small rnasemam 2891 6 111.153 141 42.2 91.2 89.0 68.7 79.9 318.3344 0:05:18 7922.15 125737.88 7683.57 7795.00 1.98 10.89 112.77 363.32
ext_homfam_small planttoxin 2018 3 46.1749 49 55.3 92.4 92.4 83.0 86.3 300.6321 0:05:00 6069.38 125738.81 5830.08 5887.16 1.98 8.51 81.65 249.78
ext_homfam_small ets 4318 4 75.8333 112 48.5 96.9 97.5 93.6 94.0 311.0871 0:05:11 7003.28 125738.01 6765.20 6829.07 1.99 10.50 122.04 383.86
ext_homfam_small MCR_beta_N 377 3 174.379 187 52.4 100.0 100.0 100.0 100.0 253.1291 0:04:13 6349.04 125734.87 6110.82 6170.76 1.99 5.84 123.12 315.71
ext_homfam_small ALBUMIN 3177 3 162.429 201 21.6 84.8 85.3 75.0 76.9 402.1058 0:06:42 8277.39 125736.39 8039.14 8102.80 1.99 10.80 135.46 548.99
ext_homfam_small ChtBD 5651 5 36.4148 45 59.3 94.0 95.1 81.4 84.5 293.6382 0:04:53 7169.13 125736.53 6928.45 6992.31 1.97 12.02 116.76 347.13
ext_homfam_small Huristasin 2039 3 26.5738 56 38.3 93.2 95.8 86.5 88.4 221.1158 0:03:41 5740.41 125737.81 5515.94 5567.22 1.97 8.79 91.59 206.74
ext_homfam_small Cyclotide 393 3 28.0738 39 55.3 87.3 89.9 75.9 84.5 266.2396 0:04:26 5577.06 125735.01 5352.85 5404.17 1.99 5.88 72.01 196.05
ext_homfam_small ghf33 5352 4 11.2973 573 22.9 35.3 42.9 15.5 17.8 243.6703 0:04:03 5710.05 125736.29 5485.79 5537.05 1.95 11.56 101.32 251.17
ext_homfam_small Cys-protease-3C 3922 3 153.845 219 28.2 71.6 71.3 57.8 59.1 423.9958 0:07:03 7481.41 125735.36 7242.95 7299.12 1.98 11.41 144.55 617.23
ext_homfam_small thionin 287 3 44.3031 48 53.3 92.6 92.6 88.9 88.9 168.1862 0:02:48 5685.00 125737.48 5460.83 5562.70 0.00 0.00 124.00 0.00
ext_homfam_small UcrQ 1661 3 71.7074 94 44.3 88.5 89.7 82.7 84.7 228.2434 0:03:48 6252.91 125736.10 6005.16 6070.47 0.00 0.00 122.66 0.00
ext_homfam_small MCR_gamma 387 3 236.183 252 59.8 98.9 98.9 96.8 97.8 366.0099 0:06:06 6383.64 125735.97 6144.52 6209.31 1.99 5.68 161.94 596.88
ext_homfam_small Propep_M14 4977 4 69.9908 98 49.4 96.6 96.6 91.5 92.2 323.8581 0:05:23 7267.64 125738.01 7028.75 7086.88 1.95 12.80 124.57 407.68
ext_homfam_small mthina 1143 3 57.9536 32 93.5 100.0 100.0 100.0 100.0 213.5663 0:03:33 6101.43 125733.97 5863.72 5919.82 1.99 6.47 111.34 241.86
ext_homfam_small CBD_3 3655 3 78.925 170 31.4 76.9 76.4 60.0 64.2 331.8171 0:05:31 7480.53 125738.96 7242.95 7299.11 1.98 11.50 129.84 435.04
ext_homfam_small UCR_TM 1702 3 56.3255 76 47.4 87.0 88.4 79.7 81.8 218.8651 0:03:38 6256.75 125735.14 6019.07 6083.01 1.99 7.34 101.64 226.53
ext_homfam_small squash 207 4 32.8309 36 47.8 86.9 88.0 72.4 75.0 198.0503 0:03:18 5724.93 125737.59 5500.21 5551.68 1.99 5.67 138.41 278.24
ext_homfam_small trfl 6092 7 260.067 702 61.9 95.6 96.5 91.2 91.2 1282.2741 0:21:22 10356.39 125741.43 10117.40 10177.26 1.98 17.14 178.26 2290.04
ext_homfam_small TNF 4958 5 118.155 176 32.0 79.4 85.6 63.7 70.1 463.4586 0:07:43 8496.20 125737.98 8257.88 8315.45 1.97 14.07 107.39 502.02
ext_homfam_small E2_C 1119 3 76.0679 87 44.4 87.9 90.7 79.0 82.5 205.1912 0:03:25 6280.01 125738.81 6062.06 6164.17 1.99 7.62 116.38 242.75
ext_homfam_small scorptoxin 894 8 49.4664 74 46.3 88.4 88.9 65.8 71.4 213.6890 0:03:33 5998.58 125735.95 5761.78 5836.15 1.99 6.81 104.74 227.88
ext_homfam_small Colicin_Pyocin 3144 3 75.0945 87 58.2 98.0 97.6 95.4 96.8 378.2081 0:06:18 7270.13 125735.27 7031.55 7089.17 0.00 0.00 101.93 0.00
ext_homfam_medium fibrinogen_C 21250 3 169.391 265 45.1 92.1 93.4 88.6 89.9 1212.5579 0:20:12 13237.60 125743.12 12997.30 13053.72 1.92 35.47 187.89 2286.91
ext_homfam_medium chromo 22016 3 49.6303 90 23.0 78.0 71.5 60.9 71.2 491.6579 0:08:11 8363.77 125740.11 8125.03 8181.40 1.84 25.00 146.65 726.31
ext_homfam_medium TIL 18392 4 55.1856 87 36.0 79.3 80.7 61.5 67.6 431.7152 0:07:11 7136.19 125737.63 6898.09 7009.33 1.87 22.96 122.66 533.85
ext_homfam_medium gpr 30147 3 120.939 159 41.5 82.4 84.1 78.2 81.3 643.7652 0:10:43 9000.26 125748.52 8761.78 8819.07 1.96 43.07 128.55 831.83
ext_homfam_medium lamb 15484 3 336.803 465 43.5 82.9 82.9 71.9 76.4 2051.5611 0:34:11 13426.47 125740.43 13201.65 13305.87 1.98 35.00 199.21 4091.32
ext_homfam_medium MHC_II_N 31069 13 68.7297 96 30.8 67.0 70.5 32.6 39.5 549.5456 0:09:09 8412.79 125742.16 8173.45 8229.71 1.98 31.44 131.91 729.12
ext_homfam_medium aldose 13310 3 262.93 365 61.0 96.4 97.0 93.1 94.3 1840.8286 0:30:40 11617.43 125740.67 11376.38 11433.05 1.98 57.68 588.66 10839.89
ext_homfam_medium ghf10 20775 5 271.047 364 43.3 93.3 93.8 80.8 86.1 2028.0768 0:33:48 14450.57 125739.97 14210.51 14268.26 1.93 42.28 263.42 5341.06
ext_homfam_medium mofe 24946 6 365.099 609 30.0 81.7 84.5 65.5 73.1 3735.0133 1:02:15 16668.55 125743.12 16428.92 16486.54 1.96 116.30 235.60 8803.69
ext_homfam_medium tln 32038 4 144.922 340 43.5 85.8 91.2 69.0 72.0 1108.9959 0:18:28 11517.37 125744.77 11266.02 11325.51 1.93 86.75 255.55 2839.03
ext_homfam_medium NiFeSe_Hases 26637 3 247.003 544 66.5 91.8 94.4 88.6 88.8 3068.4830 0:51:08 15255.86 125741.80 15016.52 15072.79 1.96 46.39 466.98 14334.10
ext_homfam_medium RGS 19502 4 116.285 148 33.3 86.1 86.1 75.0 78.1 977.7437 0:16:17 10666.48 125741.92 10427.29 10483.90 1.91 28.39 327.89 3218.76
ext_homfam_medium kazal 17772 6 41.3777 61 40.8 89.3 89.3 82.8 87.3 399.5528 0:06:39 8179.90 125738.01 7935.29 7998.91 1.88 19.97 113.38 457.33
ext_homfam_medium rnr 31114 3 262.586 346 21.5 87.3 90.4 77.7 83.7 2397.7456 0:39:57 11813.70 125748.21 11572.52 11629.06 1.98 54.43 265.01 6361.23
ext_homfam_medium tms 37100 5 256.89 357 45.9 95.6 95.6 84.6 91.2 3400.4066 0:56:40 13924.95 125752.91 13683.93 13741.81 1.96 72.24 362.46 12329.57
ext_homfam_medium fbpase 16163 4 171.943 356 67.9 97.4 96.9 93.5 95.5 1000.2883 0:16:40 10443.66 125742.27 10206.34 10317.32 1.98 28.85 161.09 1615.50
ext_homfam_medium cytb 31119 6 69.9154 100 35.6 88.8 89.1 71.7 79.4 640.9488 0:10:40 9752.09 125739.37 9512.81 9570.18 1.91 33.18 373.14 2399.94
ext_homfam_medium mmp 21481 6 134.919 180 55.1 95.4 96.0 86.4 91.5 1246.5838 0:20:46 13241.69 125739.53 13002.24 13058.34 1.86 33.37 347.75 4344.07
ext_homfam_medium ghf34 32170 3 321.333 402 36.9 64.0 65.4 46.4 46.9 3129.3994 0:52:09 10098.12 125743.46 9857.71 9914.15 1.99 52.64 184.12 5765.70
ext_homfam_medium Band_41_M 17525 3 126.838 115 50.1 92.3 92.9 84.7 86.9 1114.4987 0:18:34 11480.75 125739.79 11242.59 11306.42 1.96 26.27 380.20 4242.29
ext_homfam_medium RRF 29754 4 159.391 192 40.2 89.0 88.6 76.9 78.3 775.1007 0:12:55 9860.71 125749.42 9621.50 9678.77 1.96 48.53 153.99 1197.79
ext_homfam_medium sh2 30882 11 75.1949 128 35.0 79.3 88.0 57.3 65.2 677.9891 0:11:17 10727.98 125738.63 10488.98 10555.12 1.90 32.87 135.04 919.59
ext_homfam_medium Ribosomal_L1 33223 3 184.744 236 43.9 88.6 92.5 79.3 81.4 1369.9982 0:22:49 11961.93 125748.52 11722.69 11779.04 1.96 54.18 190.99 2625.18
ext_homfam_medium glnasn 33687 4 179.685 334 51.7 97.7 97.9 93.3 94.4 1623.6259 0:27:03 13250.88 125745.67 12987.33 13043.46 1.94 76.00 245.65 3994.56
ext_homfam_medium HLH 38900 5 52.2475 92 28.1 84.5 90.3 64.3 75.4 743.0699 0:12:23 10375.24 125740.25 10136.97 10192.98 1.89 34.75 411.83 3066.27
ext_homfam_medium Filamin 25072 3 87.7086 122 36.0 82.0 93.8 77.5 77.3 1046.4512 0:17:26 10259.36 125738.85 10021.91 10078.08 1.89 69.57 265.70 2783.49
ext_homfam_medium recombinase 23584 3 39.2079 57 14.2 79.8 75.7 61.2 69.8 442.8052 0:07:22 7623.73 125739.95 7385.59 7496.71 1.84 26.78 128.79 574.52
ext_homfam_medium dsrm 38153 3 63.8069 100 25.6 83.6 82.9 68.8 77.1 562.3061 0:09:22 8607.48 125743.70 8368.79 8426.06 1.81 53.94 148.55 839.59
ext_homfam_medium Ribosomal_L7Ae 20160 3 84.4274 126 21.8 76.6 85.0 66.4 72.9 560.6941 0:09:20 8631.77 125741.84 8461.04 8568.01 2.01 34.03 156.56 882.06
ext_homfam_medium bromodomain 32387 4 75.9541 145 34.3 82.0 87.4 67.2 71.3 628.3341 0:10:28 9914.62 125744.07 9674.57 9730.95 1.86 35.49 246.93 1555.47
ext_homfam_medium Cu_bind_like 10512 3 79.2035 111 40.7 77.2 78.0 64.6 66.7 414.6845 0:06:54 7899.71 125736.30 7661.07 7721.89 1.96 17.82 137.52 575.17
ext_homfam_medium DMRL_synthase 29673 5 134.887 182 33.2 87.0 86.1 68.6 77.3 1072.9314 0:17:52 9743.30 125745.81 9483.94 9541.43 0.00 0.00 263.16 0.00
ext_homfam_medium pec_lyase 14383 4 174.991 470 29.5 59.4 58.7 36.7 43.7 946.8494 0:15:46 11059.89 125739.03 10822.11 10932.94 1.98 26.27 262.44 2487.35
ext_homfam_medium Band_41_N 17525 3 126.834 90 46.1 21.0 35.7 0.0 0.0 1043.7237 0:17:23 11953.20 125737.68 11714.42 11770.59 1.96 26.42 359.12 3753.61
ext_homfam_medium ltn 12156 12 211.455 282 49.9 92.0 92.4 71.1 80.0 1322.6862 0:22:02 10642.50 125740.38 10402.23 10458.68 1.94 26.55 161.79 2144.30
ext_homfam_medium hpr 35890 5 77.3519 89 44.4 93.9 95.3 87.5 89.7 645.1759 0:10:45 8567.59 125742.30 8328.35 8385.63 1.91 38.35 133.05 862.64
ext_homfam_medium svmp 17105 3 173.137 201 57.6 98.5 99.2 98.0 98.3 840.2401 0:14:00 11134.27 125739.36 10881.21 10940.62 1.94 29.33 169.78 1430.85
ext_homfam_medium HMG_box 26550 5 64.2612 89 24.8 93.5 93.4 76.5 87.3 566.5507 0:09:26 8364.94 125742.01 8126.60 8183.38 1.83 29.44 142.89 813.83
ext_homfam_medium Cu_amine_oxid 27974 4 224.687 685 28.2 82.3 85.3 68.5 73.3 2366.5007 0:39:26 12750.39 125740.97 12510.91 12568.07 1.94 45.30 261.14 6181.59
ext_homfam_medium hexokinase 20736 3 203.323 459 46.7 92.9 93.9 89.6 90.5 1667.8331 0:27:47 13885.85 125739.95 13646.75 13712.72 1.94 36.57 273.50 4572.20
ext_homfam_medium ATP-gua_Ptrans 14968 3 151.565 385 49.2 89.2 90.1 83.5 84.3 798.4250 0:13:18 10928.04 125742.72 10687.85 10744.10 1.97 26.14 143.88 1153.06
ext_homfam_medium fabp 21816 17 125.7 147 35.5 88.3 91.5 51.4 56.0 790.4038 0:13:10 11265.60 125740.59 11026.96 11090.82 1.94 31.70 636.76 5038.71
ext_homfam_medium cah 24119 5 209.772 279 38.7 90.2 90.5 73.8 80.3 1779.4314 0:29:39 12864.76 125744.59 12625.45 12681.95 1.90 42.01 193.60 3449.12
ext_homfam_medium ADF 12965 3 113.292 176 37.5 83.0 90.1 75.2 78.2 572.2483 0:09:32 9730.73 125742.48 9492.79 9604.19 1.95 22.04 140.70 809.33
ext_homfam_medium SRF-TF 13590 3 43.8623 85 43.9 85.0 85.0 77.4 76.5 459.8118 0:07:39 6955.84 125740.64 6717.71 6778.50 1.97 17.05 97.18 451.20
ext_homfam_medium oxidored_q6 30094 5 121.008 285 56.7 86.8 89.9 75.6 76.8 1138.6136 0:18:58 11059.98 125744.29 10835.90 10940.12 1.96 73.56 380.76 4332.82
ext_homfam_medium hormone_rec 23626 5 161.554 308 21.5 68.5 69.1 42.3 54.0 1257.4238 0:20:57 11736.91 125739.29 11497.57 11558.03 1.93 68.53 236.80 2980.33
ext_homfam_medium pilin 17981 3 103.818 179 24.7 52.1 50.2 25.9 33.0 621.4053 0:10:21 11508.35 125742.34 11269.43 11326.95 1.88 44.70 180.03 1122.86
ext_homfam_medium rhv 35978 6 119.891 938 33.1 48.0 57.4 0.2 0.0 1536.0461 0:25:36 14442.79 125746.66 14203.99 14260.54 1.97 41.75 782.12 12011.58
ext_homfam_medium kex 38255 3 318.645 498 26.5 80.8 82.6 70.9 74.5 3921.8820 1:05:21 21685.55 130252.17 21444.75 21501.27 1.90 77.95 354.48 13907.53
ext_homfam_medium cryst 18916 7 78.4265 192 44.4 88.8 89.9 68.5 72.7 512.8238 0:08:32 9958.53 125738.96 9719.59 9776.89 1.95 23.70 138.32 713.63
ext_homfam_medium Sm 22137 4 65.4283 93 19.5 81.2 86.4 64.9 71.7 536.4737 0:08:56 9382.39 125741.75 9144.11 9210.12 1.93 25.03 235.45 1272.83
ext_homfam_medium YgbB 27469 3 150.749 158 52.3 93.5 93.1 87.2 89.3 1018.6244 0:16:58 7550.10 125745.57 7311.49 7368.79 1.98 44.22 174.62 1782.59
ext_homfam_medium Band_41_NME 20180 3 139.281 304 48.9 74.4 74.5 58.5 60.9 1306.1462 0:21:46 12745.88 125739.45 12506.48 12562.57 1.95 30.11 576.16 7530.09
ext_homfam_medium plantltp 14018 5 84.6242 96 48.8 82.7 81.5 50.5 50.2 789.7384 0:13:09 8719.24 125738.19 8494.88 8599.07 1.95 20.97 339.58 2682.90
ext_homfam_medium kunitz 20157 10 51.0009 64 37.9 95.6 96.9 81.7 80.8 436.5618 0:07:16 7214.11 125737.66 6976.00 7032.02 1.88 24.79 121.74 535.70
ext_homfam_medium alpha-amylase_C 31745 21 90.654 122 21.0 60.4 74.4 1.7 0.1 643.5649 0:10:43 10113.62 125742.09 9870.52 9981.50 1.88 38.88 130.07 841.44
ext_homfam_medium sodcu 21583 7 130.263 169 42.2 91.3 91.5 80.1 83.3 917.2662 0:15:17 9636.55 125741.79 9398.18 9509.29 1.94 33.06 157.67 1450.22
ext_homfam_medium lipase 32051 5 160.786 452 73.7 85.9 91.9 72.7 73.4 2341.5540 0:39:01 17515.82 126341.93 17276.27 17387.74 1.86 45.88 1051.76 24628.74
ext_homfam_medium cystatin 10622 3 79.5615 123 30.9 81.1 87.7 73.5 71.2 450.0875 0:07:30 8382.95 125741.01 8145.42 8209.33 1.94 17.81 128.47 582.56
ext_homfam_medium WW 17958 4 29.162 51 29.0 84.3 86.5 65.2 79.8 370.5827 0:06:10 6114.25 125736.79 5874.61 5930.66 1.90 18.86 122.12 456.64
ext_homfam_medium ppase 24211 4 151.222 288 38.9 86.9 91.3 80.6 82.9 860.9129 0:14:20 9523.60 125740.94 9285.41 9341.42 0.00 0.00 175.52 0.00
ext_homfam_medium Lipase_3 32943 3 114.918 280 40.5 61.7 68.6 48.1 48.7 1337.3651 0:22:17 13921.19 125742.67 13682.16 13738.16 1.80 43.59 537.86 7195.11
ext_homfam_medium UBQ 38050 3 65.1746 76 67.8 98.6 99.1 97.3 98.2 580.2768 0:09:40 8758.79 125739.87 8520.21 8631.55 1.79 37.54 121.68 710.29
ext_homfam_medium glob 25307 41 96.2105 174 31.7 92.3 92.8 58.8 66.9 715.5444 0:11:55 9417.05 125739.96 9178.71 9236.14 1.94 39.70 141.95 1019.86
ext_homfam_medium PTB 12979 3 118.877 182 20.8 82.2 82.4 65.5 75.9 811.2500 0:13:31 9988.32 125736.29 9750.17 9806.24 1.98 20.31 236.97 1931.78
ext_homfam_medium tryp_alpha_amyl 14016 3 84.6294 128 42.6 52.2 72.4 42.2 44.0 787.6085 0:13:07 8660.33 125737.76 8422.17 8489.55 1.95 20.88 275.13 2173.84
ext_homfam_medium DHHA2 10451 3 126.467 122 63.0 97.2 97.2 94.2 95.2 699.4799 0:11:39 8579.51 125740.38 8339.55 8403.52 1.96 20.45 173.32 1217.87
ext_homfam_medium rub 14189 5 45.7718 54 62.1 99.2 99.2 96.3 96.7 349.6271 0:05:49 6711.40 125738.34 6472.19 6528.90 1.98 19.96 129.81 458.17
ext_homfam_medium cys 39235 13 177.714 284 40.5 92.2 93.3 65.7 74.6 1868.2859 0:31:08 15595.53 125748.83 15441.46 15506.34 1.82 163.12 286.99 5364.04
ext_homfam_medium B_lectin 18019 3 94.1621 110 59.9 38.3 55.9 19.4 19.4 524.6167 0:08:44 9344.93 125740.35 9106.05 9162.45 1.94 27.66 125.37 661.78
ext_homfam_medium DEATH 11663 7 74.8489 159 19.6 74.0 78.4 41.9 57.0 533.0639 0:08:53 8154.27 125740.98 7916.31 7972.39 1.92 22.66 128.88 691.34
ext_homfam_medium Bac_rhodopsin 10018 3 160.955 241 30.4 91.0 92.0 86.3 88.1 894.4229 0:14:54 10575.96 125738.06 10336.41 10393.84 1.98 30.91 249.37 2229.63
ext_homfam_medium C1 14349 3 49.8858 66 41.9 99.3 99.3 98.2 99.3 382.0031 0:06:22 6876.57 125737.02 6637.96 6697.59 1.95 17.94 139.24 536.05
ext_homfam_medium serpin 35134 8 299.611 418 34.3 94.4 93.9 80.9 87.8 3936.7520 1:05:36 18630.96 127530.52 18381.39 18492.92 1.82 127.65 258.95 10194.87
ext_homfam_medium acid_phosphat 26060 3 297.97 458 40.6 77.9 78.0 64.0 65.7 5814.5781 1:36:54 20411.93 128489.92 20170.63 20229.36 1.89 200.37 357.85 20812.61
ext_homfam_medium hemopexin 18955 4 42.6516 226 32.1 19.1 34.6 0.0 0.0 404.3184 0:06:44 7500.05 125738.42 7261.18 7317.38 1.92 20.73 122.11 497.78
ext_homfam_medium annexin 29440 6 62.2414 323 57.2 87.6 90.6 78.6 79.3 588.9446 0:09:48 8852.91 125739.75 8707.32 8772.12 1.92 30.90 136.59 808.34
ext_homfam_medium RuBisCO_large_N 34975 6 109.301 154 45.7 87.7 88.5 61.3 69.5 774.4986 0:12:54 11125.94 125742.15 10887.11 10998.40 1.99 62.75 159.82 1241.93
ext_homfam_medium il8 10004 11 56.1178 81 34.5 88.7 88.9 55.8 65.6 345.5514 0:05:45 7280.52 125739.57 7041.71 7098.01 1.95 15.90 112.21 392.05
ext_homfam_medium TRANSTHYRETIN 16266 3 109.291 120 82.2 94.7 95.3 92.1 92.1 763.2086 0:12:43 8603.18 125740.34 8365.16 8421.56 1.96 26.58 158.83 1216.61
ext_homfam_medium hr 12048 5 61.3182 82 53.3 95.1 96.4 87.3 93.4 441.0482 0:07:21 7965.29 125736.87 7727.29 7784.53 0.00 0.00 121.12 0.00
ext_homfam_medium dhfr 39355 4 149.518 189 36.0 87.6 88.1 75.8 81.3 1278.0772 0:21:18 11227.32 125750.32 10988.44 11045.82 1.85 58.55 166.94 2138.86
ext_homfam_medium az 25326 29 93.8285 215 33.4 72.6 75.8 38.6 40.8 679.4984 0:11:19 11664.34 125743.18 11425.41 11481.66 1.87 32.75 235.11 1608.93
ext_homfam_medium hla 39898 5 139.74 178 76.5 99.3 99.7 98.9 98.9 982.1174 0:16:22 12313.58 125751.16 12056.61 12160.76 1.97 54.49 137.20 1351.77
ext_homfam_medium slectin 10595 5 127.962 142 33.3 91.4 93.3 83.2 87.9 806.5035 0:13:26 9337.94 125738.70 9099.55 9156.77 1.96 19.00 353.44 2853.98
ext_homfam_medium MCR_alpha 16404 3 117.091 287 71.0 95.6 95.6 93.1 93.3 775.0255 0:12:55 8947.82 125742.13 8708.65 8820.18 1.99 30.04 175.01 1360.63
ext_homfam_medium GEL 24752 5 71.3498 150 23.7 63.5 74.9 39.7 55.0 562.3790 0:09:22 8940.02 125741.25 8715.15 8819.61 2.05 42.41 239.15 1349.20
ext_homfam_medium kringle 10191 9 76.5912 100 43.3 95.0 94.0 77.5 83.6 387.2586 0:06:27 7593.45 125737.20 7355.20 7411.63 1.96 17.18 125.27 489.33
ext_homfam_medium MCR_alpha_NC 17937 3 116.74 570 67.2 95.9 95.7 93.2 93.8 1021.3793 0:17:01 9736.70 125739.93 9499.17 9563.05 1.99 23.65 284.00 2905.80
ext_homfam_medium lipocalin 21814 15 125.72 210 20.0 72.3 74.5 28.1 37.3 812.9640 0:13:32 11345.49 125739.56 11107.15 11163.97 1.93 31.68 640.38 5206.45
ext_homfam_medium Fork_head 12082 3 78.088 101 51.5 91.9 94.8 88.3 88.8 430.8032 0:07:10 8572.36 125738.39 8334.34 8401.21 1.97 18.10 124.45 540.27
ext_homfam_medium histone 34300 4 93.7347 96 17.4 69.3 74.8 54.5 62.9 866.3007 0:14:26 12586.45 125742.12 12347.71 12407.32 0.00 0.00 488.07 0.00
ext_homfam_medium ndk 37011 4 126.38 152 55.9 96.9 97.3 93.4 95.8 863.4549 0:14:23 11488.41 125749.26 11212.52 11268.75 1.95 88.92 183.04 1584.81
ext_homfam_medium Invasin 14713 3 62.3379 108 23.5 76.2 75.9 61.9 64.5 408.5973 0:06:48 7652.86 125741.09 7414.16 7473.81 0.00 0.00 132.53 0.00
homfam ricin 747 7 198.708 281 37.5 90.6 90.7 76.2 83.0 368.9158 0:06:08 7673.52 125737.57 7436.00 7496.58 1.99 6.45 146.71 545.37
homfam ghf10 1502 5 220.34 364 43.3 93.6 94.2 80.8 86.7 714.2933 0:11:54 7539.29 125734.05 7357.41 7422.45 2.44 9.60 198.14 1421.04
homfam seatoxin 93 5 43.6344 54 42.6 74.8 72.6 38.8 38.4 216.6774 0:03:36 5653.20 125733.91 5428.86 5480.10 1.99 4.74 122.37 269.37
homfam mofe 2567 6 353.074 609 30.0 87.4 89.1 66.8 74.5 1248.4589 0:20:48 8996.83 125735.31 8757.91 8821.81 1.98 12.09 185.45 2290.56
homfam cyt3 385 6 92.3065 130 40.3 81.4 81.3 58.5 66.7 237.9846 0:03:57 5794.27 125735.90 5591.04 5684.54 1.99 6.84 122.44 297.70
homfam ins 793 6 65.2825 74 44.9 87.4 93.6 63.8 85.7 360.9355 0:06:00 7368.62 125734.13 7130.18 7197.15 1.99 6.79 97.62 356.63
homfam Ald_Xan_dh_2 2589 6 109.304 885 31.8 83.1 83.7 63.5 71.3 532.2534 0:08:52 8467.07 125736.23 8229.04 8340.65 1.98 13.18 183.42 980.63
homfam tms 2118 5 264.245 357 45.9 95.6 95.4 84.9 91.6 757.0042 0:12:37 8537.06 125737.01 8296.82 8360.74 1.99 10.36 172.39 1309.31
homfam phc 2957 12 98.4711 179 37.2 93.5 94.4 74.3 81.6 393.7178 0:06:33 7746.63 125738.03 7508.04 7565.46 1.99 8.45 118.85 472.28
homfam cytb 3206 6 82.1454 100 35.6 88.3 89.0 68.5 77.2 410.0561 0:06:50 6975.16 125736.25 6736.34 6797.27 1.97 12.60 241.07 992.75
homfam mmp 1427 6 157.93 180 55.1 96.2 96.6 88.8 94.0 454.6825 0:07:34 8436.20 125737.84 8197.25 8253.43 1.98 9.27 153.45 701.89
homfam phoslip 946 18 113.33 137 48.9 95.6 95.4 77.2 87.0 249.9264 0:04:09 7003.02 125738.56 6764.87 6822.65 1.99 7.24 116.37 295.10
homfam HLH 6781 5 53.5453 92 28.1 88.9 93.9 65.5 77.1 352.3033 0:05:52 7810.22 125735.86 7571.82 7635.59 1.98 11.85 209.57 745.31
homfam myb_DNA-binding 10398 5 46.5583 61 40.7 94.4 93.3 78.6 84.0 364.8239 0:06:04 7356.52 125737.12 7127.41 7234.39 1.95 14.88 125.07 460.65
homfam msb 4884 8 106.037 158 26.6 85.7 88.1 62.8 75.3 374.0311 0:06:14 8103.79 125737.97 7880.38 7984.76 1.94 13.57 119.21 450.23
homfam ghf1 4358 8 403.813 562 38.4 92.8 92.6 74.4 82.5 1756.9698 0:29:16 10900.83 125738.30 10662.47 10726.23 1.98 16.24 187.82 3304.32
homfam rvp 93681 6 94.2886 132 36.6 85.3 84.5 60.4 68.0 1000.1086 0:16:40 9648.85 125748.19 9408.89 9466.21 1.98 64.65 144.31 1447.52
homfam lyase_1 7632 5 295.082 511 30.9 82.9 82.9 65.0 69.7 1387.0981 0:23:07 9056.19 125742.37 8816.36 8872.35 1.98 17.73 172.02 2390.43
homfam ldh 7367 14 121.378 371 31.9 89.8 89.1 60.5 71.2 688.0317 0:11:28 9719.57 125739.49 9483.33 9594.69 2.11 14.43 168.73 1164.97
homfam subt 7517 11 301.598 414 39.5 78.5 83.6 30.6 42.0 2663.8697 0:44:23 12122.88 125743.07 11881.78 11939.43 1.92 20.81 360.55 9612.73
homfam sodfe 4455 8 77.4471 219 42.3 91.5 90.4 64.6 69.3 445.5492 0:07:25 7250.48 125736.71 7011.59 7077.99 1.99 10.78 158.97 712.47
homfam LIM 6428 5 57.0143 86 52.8 97.3 97.3 86.6 94.2 380.3898 0:06:20 6663.79 125738.05 6424.84 6495.75 1.96 14.23 111.08 397.10
homfam blm 9105 8 300.727 274 39.1 55.5 95.0 26.2 26.6 1981.1023 0:33:01 12069.31 125743.26 11828.68 11888.81 1.91 22.14 320.61 6362.93
homfam DMRL_synthase 2099 5 140.59 182 33.2 93.4 90.5 75.1 84.0 309.5233 0:05:09 8545.73 125735.20 8307.16 8371.03 1.99 8.98 126.38 395.42
homfam tRNA-synt_2b 11293 5 177.564 467 18.7 54.0 53.0 27.0 38.1 956.8482 0:15:56 10038.05 125741.24 9840.02 9918.24 1.98 32.60 326.63 3130.11
homfam Stap_Strp_toxin 640 6 87.3922 254 32.5 82.3 81.9 48.6 55.9 287.6317 0:04:47 6653.73 125735.90 6414.45 6470.62 1.99 5.30 142.07 412.86
homfam Acetyltransf 46285 6 82.9897 229 24.1 59.9 62.3 30.7 41.8 1089.6132 0:18:09 12219.08 125739.47 11981.60 12039.04 1.68 43.32 415.12 4521.31
homfam ghf22 760 12 107.567 131 51.4 93.9 94.1 81.5 85.2 243.0819 0:04:03 6583.18 126717.45 6346.32 6458.00 1.99 6.41 123.26 303.71
homfam sdr 50157 13 163.253 361 23.3 73.2 73.1 34.7 45.3 1601.4472 0:26:41 11840.91 125747.22 11601.07 11712.47 1.73 63.31 200.34 3212.66
homfam ltn 1068 12 204.148 282 49.9 92.8 93.2 70.0 79.2 528.1437 0:08:48 7113.17 125737.74 6882.68 6994.05 1.98 8.89 165.71 879.40
homfam hpr 3349 5 83.0427 89 44.4 99.3 99.3 97.7 98.5 293.2036 0:04:53 6764.77 125736.29 6526.37 6592.51 1.98 10.50 126.25 374.40
homfam bowman 499 5 26.1443 73 64.9 94.5 94.5 82.9 84.9 193.7212 0:03:13 5667.26 125734.86 5428.75 5479.97 1.99 5.56 94.03 186.34
homfam hip 167 5 66.2096 88 33.4 85.8 85.0 60.7 72.4 216.4656 0:03:36 5770.09 126716.41 5496.65 5547.92 1.99 5.16 121.67 267.61
homfam HMG_box 4779 5 66.0716 89 24.8 97.3 96.2 85.2 93.9 295.3676 0:04:55 6785.26 125738.98 6546.93 6604.53 1.97 11.46 121.04 361.56
homfam icd 5678 5 328.887 433 41.7 94.5 95.1 85.4 88.6 1640.4825 0:27:20 9729.82 125737.45 9490.74 9549.82 1.99 15.84 195.73 3216.59
homfam peroxidase 4514 5 256.626 383 37.3 78.9 80.9 49.9 54.7 1002.1933 0:16:42 9337.26 125738.65 9097.34 9208.77 1.98 14.34 306.06 3075.12
homfam asp 3262 13 284.142 381 37.5 91.1 91.2 74.6 82.2 1032.5239 0:17:12 9488.67 125741.06 9249.25 9308.40 1.96 14.47 178.37 1846.50
homfam flav 4612 6 138.021 183 35.0 85.2 85.5 54.3 61.8 509.6199 0:08:29 7901.02 125736.54 7661.41 7718.48 1.98 12.62 161.17 798.61
homfam cah 1379 5 212.706 279 38.7 89.6 89.9 70.8 78.3 490.9584 0:08:10 7373.41 125737.74 7133.76 7197.70 1.98 8.79 160.32 791.24
homfam ace 3989 6 427.824 601 37.3 88.2 89.1 68.3 75.4 2223.9950 0:37:03 11141.17 125738.61 10900.27 10956.46 1.95 17.33 217.12 4839.33
homfam sti 613 5 165.383 198 36.4 85.6 85.4 63.6 71.7 277.3983 0:04:37 7133.09 125734.91 6894.29 6950.34 1.99 6.58 129.29 362.76
homfam aat 25100 10 337.807 476 28.6 83.3 84.1 52.1 58.3 3391.1074 0:56:31 14225.52 125740.22 13985.84 14043.13 1.87 44.14 194.34 6597.77
homfam oxidored_q6 3348 5 123.044 285 56.7 91.2 92.5 83.1 84.5 503.2125 0:08:23 7535.30 125739.09 7296.31 7362.60 1.99 10.57 208.67 1056.45
homfam hormone_rec 3509 5 188.562 308 21.5 74.6 76.9 51.6 65.8 626.3120 0:10:26 9220.62 125735.30 8982.09 9039.00 1.98 11.44 193.63 1218.42
homfam rhv 17976 6 143.424 938 33.1 65.1 67.2 36.8 47.2 1212.0988 0:20:12 12534.54 125737.86 12385.45 12424.03 1.99 21.27 281.39 3419.08
homfam tgfb 1606 8 95.4645 118 43.8 81.9 87.4 33.3 39.5 255.4023 0:04:15 7861.12 125738.64 7617.91 7725.15 1.99 7.39 107.50 278.77
homfam cryst 1160 7 80.8078 192 44.4 92.5 92.3 70.2 73.2 317.0515 0:05:17 7379.42 125736.64 7141.82 7199.42 0.00 0.00 120.03 0.00
homfam cyclo 6288 6 159.069 203 44.1 85.9 86.9 70.9 75.1 612.5669 0:10:12 8287.88 125737.47 8049.32 8160.76 1.97 15.88 184.32 1135.63
homfam kunitz 2266 10 53.752 64 37.9 98.2 98.2 91.7 91.1 242.1734 0:04:02 6493.54 125740.39 6255.10 6312.78 1.97 9.66 105.56 259.84
homfam Rhodanese 14049 6 102.277 216 22.7 75.8 83.5 54.2 60.0 754.0619 0:12:34 8796.77 125738.33 8558.77 8669.86 1.88 20.73 222.27 1685.62
homfam sodcu 2038 7 141.322 169 42.2 90.8 91.6 74.7 78.5 320.5434 0:05:20 8389.89 125735.17 8151.30 8218.34 1.98 9.37 152.30 492.44
homfam profilin 687 5 123.371 144 39.7 94.2 94.2 86.7 87.7 255.9355 0:04:15 7081.26 125734.90 6844.65 6955.83 1.99 6.30 118.67 307.88
homfam glob 3983 41 100.684 174 31.7 96.3 96.1 60.6 67.6 322.3707 0:05:22 7928.83 125734.51 7690.75 7748.05 1.98 10.73 140.42 457.55
homfam tim 3904 10 205.645 260 47.5 97.4 97.4 90.3 94.6 742.9395 0:12:22 8099.44 125739.47 7859.31 7923.27 1.98 15.21 190.42 1418.77
homfam uce 4558 13 134.701 184 34.0 91.6 91.8 60.8 69.4 410.0241 0:06:50 9469.94 125739.21 9241.12 9347.56 1.98 16.04 205.61 847.15
homfam toxin 508 20 62.311 78 43.1 93.1 91.3 55.8 68.7 208.1628 0:03:28 5718.98 125734.84 5494.75 5562.29 1.99 6.26 112.31 237.93
homfam rub 1435 5 46.1575 54 62.1 97.6 97.6 88.9 90.2 209.0857 0:03:29 5972.07 125736.03 5734.14 5790.86 1.99 7.52 108.28 230.54
homfam hom 12037 8 53.4951 98 35.3 94.9 94.7 69.6 85.1 364.5723 0:06:04 7073.43 125740.01 6835.14 6892.72 1.98 14.23 125.01 459.97
homfam biotin_lipoyl 11833 7 71.8928 112 28.9 91.5 92.2 70.6 77.9 392.7876 0:06:32 6940.42 125738.53 6702.04 6759.64 1.96 16.49 131.81 521.92
homfam cys 4316 13 198.11 284 40.5 94.5 94.2 71.3 81.3 648.2123 0:10:48 10154.81 125741.27 9929.33 10033.91 2.29 14.86 147.92 963.04
homfam ghf11 521 5 167.758 202 49.5 93.4 93.2 83.9 85.2 305.0299 0:05:05 6694.26 125734.92 6456.00 6513.15 1.99 6.53 141.97 437.04
homfam blmb 17200 6 192.465 344 20.6 69.8 76.3 45.5 57.6 1261.8545 0:21:01 13003.56 125743.83 12764.61 12821.80 1.86 56.49 364.71 4602.15
homfam aadh 3127 8 225.129 542 38.2 84.2 87.3 52.6 58.3 1133.4585 0:18:53 8886.11 125736.62 8646.78 8710.72 0.00 0.00 181.66 0.00
homfam DEATH 1183 7 80.5689 159 19.6 83.4 83.7 53.2 66.0 260.1870 0:04:20 7066.55 125741.32 6828.04 6886.04 1.98 8.09 138.15 363.59
homfam Sulfotransfer 2489 5 235.798 381 26.2 74.9 76.4 48.6 56.2 789.6784 0:13:09 8240.88 125737.02 8009.87 8113.73 2.35 12.79 225.36 1788.24
homfam serpin 3144 8 291.462 418 34.3 95.1 94.5 82.2 88.6 1248.5103 0:20:48 9908.73 125735.26 9670.40 9749.39 1.97 13.07 179.37 2243.63
homfam proteasome 5732 17 174.347 309 21.7 84.0 82.9 40.7 59.5 608.6313 0:10:08 8011.82 125736.47 7773.02 7839.14 1.98 14.18 138.68 848.33
homfam zf-CCHH 88345 15 23.2513 39 35.5 96.4 95.8 77.1 85.3 582.2611 0:09:42 6660.79 125745.07 6421.47 6477.48 1.69 52.74 125.20 732.82
homfam egf 7774 12 32.0765 71 31.1 78.7 81.9 36.8 41.9 383.1310 0:06:23 6464.49 125736.86 6226.48 6282.49 1.93 13.22 100.48 389.57
homfam annexin 3139 6 65.1902 323 57.2 96.2 96.7 91.5 91.9 321.8373 0:05:21 7787.46 125734.24 7550.54 7661.74 1.98 10.44 137.57 447.11
homfam OTCace 4795 5 157.005 350 37.3 95.8 96.4 88.7 90.5 592.0168 0:09:52 8431.39 125736.91 8207.52 8311.76 1.98 14.75 172.99 1028.32
homfam rnasemam 498 6 120.072 141 42.2 93.7 90.9 70.1 81.7 312.6865 0:05:12 6173.79 125735.00 5935.65 5993.34 1.99 6.14 87.64 278.32
homfam adh 21331 5 123.64 375 63.9 97.9 98.4 94.9 95.2 936.4340 0:15:36 9826.70 125742.15 9587.33 9643.50 1.88 27.91 250.46 2357.07
homfam il8 1073 11 63.7623 81 34.5 92.0 91.0 61.0 70.5 321.7855 0:05:21 5651.05 125318.57 5412.52 5470.32 1.99 7.11 88.96 290.60
homfam hr 3707 5 65.1513 82 53.3 99.1 99.1 94.9 99.1 280.6125 0:04:40 6692.46 125736.36 6454.36 6510.84 1.99 9.41 119.00 338.13
homfam ChtBD 774 5 38.2713 45 59.3 99.3 99.0 95.3 97.1 199.3326 0:03:19 5768.46 125734.96 5527.98 5579.25 1.99 6.32 119.58 242.55
homfam gluts 10099 14 98.1117 235 39.4 91.0 91.5 64.8 68.4 833.3511 0:13:53 8708.84 125741.33 8471.12 8527.27 1.92 21.87 264.83 2211.04
homfam ghf5 2717 6 260.466 470 17.8 66.9 68.4 36.2 51.4 1015.8114 0:16:55 9036.04 125737.91 8795.99 8853.27 1.97 16.56 217.22 2210.36
homfam ghf13 12607 10 264.452 626 26.8 63.8 65.7 29.2 39.7 1864.5740 0:31:04 12911.43 125739.18 12672.97 12784.20 1.96 24.42 382.14 7130.10
homfam PDZ 14950 6 80.8907 110 30.6 89.8 89.7 76.8 80.0 493.6905 0:08:13 9231.98 125736.76 8993.27 9049.25 1.87 20.39 127.74 634.85
homfam az 1086 29 100.416 215 33.4 74.6 74.5 39.7 45.1 267.3571 0:04:27 6995.80 125737.70 6740.21 6851.57 1.98 7.91 128.88 348.87
homfam hla 13465 5 153.148 178 76.5 100.0 100.0 100.0 100.0 595.1233 0:09:55 9551.32 125739.89 9311.45 9367.56 1.99 19.70 151.80 907.88
homfam slectin 932 5 133.052 142 33.3 94.0 94.3 85.4 89.5 484.4952 0:08:04 6914.07 125736.02 6675.78 6733.47 1.99 7.15 111.16 542.89
homfam GEL 2195 5 78.1157 150 23.7 72.8 77.5 39.0 54.0 387.6138 0:06:27 7057.57 125736.14 6820.28 6876.30 0.00 0.00 110.59 0.00
homfam kringle 1091 9 75.9138 100 43.3 95.7 94.7 79.8 85.3 324.7155 0:05:24 6411.39 125734.00 6173.49 6241.78 0.00 0.00 96.61 0.00
homfam p450 21013 12 331.506 512 20.8 83.2 82.6 43.1 54.8 5289.8554 1:28:09 16556.16 125739.48 16305.66 16372.08 1.82 40.66 209.67 11100.24
homfam gpdh 7691 8 129.082 360 55.1 95.7 95.5 87.2 90.0 674.8449 0:11:14 9107.90 125740.12 8882.43 8987.11 1.99 15.30 159.21 1078.73
homfam int 7572 5 168.037 219 22.5 87.5 88.7 68.8 76.5 901.6223 0:15:01 8880.52 125738.39 8641.77 8697.74 1.92 17.72 216.62 1963.02
homfam KAS 2070 6 174.528 404 31.7 82.2 85.5 58.2 66.0 611.0666 0:10:11 8708.89 125735.02 8470.50 8528.25 1.99 8.46 140.36 861.98
homfam trfl 837 7 242.315 702 61.9 94.2 95.2 87.7 87.7 957.7923 0:15:57 8920.16 125735.98 8681.30 8745.00 1.99 7.70 192.21 1845.07
homfam TNF 556 5 119.903 176 32.0 79.7 80.6 65.6 72.2 253.5762 0:04:13 6550.05 125737.49 6322.20 6428.57 1.99 6.21 118.93 305.85
homfam scorptoxin 363 8 53.2562 74 46.3 91.4 90.3 75.3 83.3 193.1971 0:03:13 5715.03 125738.51 5490.79 5543.56 1.99 5.75 95.11 187.84
homfam aldosered 13277 7 268.547 386 41.6 86.6 89.2 68.6 75.7 1765.2756 0:29:25 11872.84 125741.66 11633.25 11692.75 1.93 26.19 189.25 3347.65
homfam rrm 27610 20 67.4587 157 22.9 84.3 85.8 20.7 30.4 588.5066 0:09:48 8532.04 125740.08 8292.75 8352.45 1.82 27.46 135.11 799.42
ext_homfam_huge HATPase_c 1105608 6 109.536 263 24.5 40.3 63.4 13.2 13.1 12319.3627 3:25:19 29717.10 136364.67 29475.02 29531.62 0.52 6558.55 1062.51 130902.91
ext_homfam_huge PAS 459813 3 98.5763 146 31.3 75.2 82.6 59.7 64.5 3038.1893 0:50:38 17966.22 125892.65 17725.46 17785.24 0.79 931.77 146.92 4439.32
ext_homfam_huge igC1 257516 5 76.9806 102 43.5 66.2 70.9 46.1 50.2 2011.3932 0:33:31 13812.26 125803.57 13571.00 13627.54 1.52 469.07 240.13 4823.76
ext_homfam_huge sugbp 348308 4 228.259 329 23.8 82.6 85.9 68.8 74.0 8692.8711 2:24:52 28493.59 135366.04 28229.43 28289.17 46.83 1142.71 173.86 15120.02
ext_homfam_huge helicase_NC 932215 3 131.03 598 31.8 51.1 66.2 36.2 27.9 11232.3221 3:07:12 37682.07 145827.94 37040.40 37099.93 0.00 0.00 492.29 0.00
ext_homfam_huge alpha-amylase_NC 258184 23 204.834 891 22.5 52.2 63.3 10.4 19.5 8637.6692 2:23:57 35286.94 142250.18 35045.84 35102.10 1.75 1786.33 439.74 37977.47
ext_homfam_huge Extradiol_dioxy 376670 3 118.082 319 35.3 78.3 82.1 66.9 67.6 5080.5078 1:24:40 23835.57 131563.90 23595.70 23653.60 1.58 1265.78 381.72 19376.85
ext_homfam_huge kinase 949994 15 222.775 488 25.9 77.8 82.0 30.0 49.5 23766.2606 6:36:06 54233.21 161765.37 53943.59 54003.65 1.00 9928.57 642.97 152811.56
ext_homfam_huge ANK 380510 3 30.0863 137 26.4 19.2 43.8 0.0 0.0 1550.0219 0:25:50 10600.80 125801.43 10360.28 10416.47 1.25 414.79 280.47 4345.73
ext_homfam_huge mdd 871924 3 116.956 394 37.9 94.0 95.8 90.3 91.1 7222.7168 2:00:22 26266.74 134681.45 26108.57 26179.57 10.91 2569.93 222.54 16074.14
ext_homfam_huge gtp 638901 8 165.964 211 33.4 88.6 90.1 61.6 66.7 54446.9681 15:07:26 41219.93 147593.03 40938.95 40998.83 49.67 4879.76 225.16 122598.43
ext_homfam_huge igvar-l 257537 26 76.9838 122 56.9 76.5 81.8 50.0 55.3 1968.9137 0:32:48 14557.42 125801.20 14317.01 14373.32 1.55 310.69 200.95 3954.17
ext_homfam_huge pdc 444172 4 142.273 599 20.4 72.2 76.4 58.2 63.6 5835.6236 1:37:15 24177.13 131048.73 23925.05 23981.81 1.69 1356.54 379.85 22131.49
ext_homfam_huge GATase_2 257776 3 149.639 508 31.1 39.2 78.4 38.2 19.2 7032.3578 1:57:12 28632.50 135041.00 28390.09 28448.17 1.69 1402.84 936.89 65872.02
ext_homfam_huge HTH_AraC 307748 4 37.1935 71 27.2 66.2 66.9 57.4 53.2 1317.8768 0:21:57 9020.55 125787.09 8781.91 8845.94 1.58 216.52 131.18 1725.32
ext_homfam_huge ABC_tran 2966699 6 169.241 354 24.8 41.6 75.6 12.4 9.6 59063.5587 16:24:23 155291.31 266225.07 157714.36 157778.75 8.70 73682.46 573.34 337370.40
ext_homfam_huge MHC_II_C 257519 8 76.9809 105 38.8 61.1 69.2 27.7 28.8 1951.5442 0:32:31 15067.71 125779.75 14821.74 14879.20 1.57 460.34 197.51 3847.56
ext_homfam_huge Cyclodex_gly_tran 313216 6 182.583 707 63.0 76.8 87.7 58.7 59.5 11471.7366 3:11:11 38546.03 144519.79 38214.02 38271.56 13.62 2357.39 643.38 73810.83
ext_homfam_huge tRNA-synt_1 255011 3 337.107 769 24.5 43.7 57.4 25.6 25.7 23987.9908 6:39:47 57667.04 164544.04 57426.14 57485.85 80.02 2790.71 387.24 92889.85
ext_homfam_huge hexapep 339297 3 33.3383 220 13.2 0.0 0.0 0.0 0.0 1373.9695 0:22:53 10728.92 125786.86 10485.94 10544.12 1.51 344.15 132.30 1817.03
ext_homfam_huge response_reg 1310484 13 109.384 156 25.3 87.7 87.5 46.4 56.8 7839.1064 2:10:39 26725.11 134151.38 26486.49 26543.79 2.01 3024.21 137.60 10790.16
ext_homfam_huge Acetyltransf 952228 6 92.5945 229 24.1 67.4 69.9 34.4 47.0 7126.2932 1:58:46 22387.54 130060.82 22147.12 22203.55 0.85 2122.94 462.57 32968.57
ext_homfam_huge oat 280732 4 366.716 498 23.9 83.0 85.1 67.5 73.7 14012.8751 3:53:32 39227.22 145568.98 38985.61 39049.87 1.81 1699.74 181.77 25474.22
ext_homfam_huge sdr 1369993 13 177.362 361 23.3 76.2 75.7 38.5 50.3 14565.7610 4:02:45 43443.20 147822.04 43108.34 43204.09 130.09 5725.00 170.79 24884.59
ext_homfam_huge MHC_II_beta_NC 284430 4 76.1279 217 45.7 44.6 89.4 2.1 0.7 3556.0641 0:59:16 13158.56 125786.43 12917.54 12974.94 1.56 492.14 1046.01 37199.65
ext_homfam_huge igI 258816 9 77.029 141 15.5 56.9 65.8 17.1 20.2 1910.1877 0:31:50 14561.03 125777.40 14335.34 14439.78 9.54 423.54 204.41 3901.27
ext_homfam_huge aldedh 570501 4 399.711 524 38.5 94.2 95.3 84.9 89.6 31143.9269 8:39:03 58296.66 163864.61 57929.59 58007.21 0.00 0.00 212.93 0.00
ext_homfam_huge SBP_bacterial_1 420155 3 253.065 380 34.0 67.6 73.2 52.4 52.6 55784.4443 15:29:44 37010.54 144501.60 36769.63 36826.98 0.00 0.00 66.60 0.00
ext_homfam_huge transketolase_PC 281825 3 141.636 398 26.4 63.2 66.5 47.4 49.9 4793.1304 1:19:53 21842.64 129873.68 21601.62 21659.14 1.77 1136.98 645.94 30952.50
ext_homfam_huge aat 818802 10 279.696 476 28.6 81.1 84.6 53.7 59.2 22056.0728 6:07:36 50301.60 157447.87 50043.61 50101.01 17.53 5609.58 195.29 43079.74
ext_homfam_huge thiored 294457 6 75.9243 132 20.6 66.2 72.0 33.0 35.6 2075.0216 0:34:35 15067.33 125825.70 14841.27 14945.46 0.00 0.00 220.64 0.00
ext_homfam_huge Haloperoxidase 740746 9 167.102 372 24.9 73.7 74.4 35.8 44.2 16522.2603 4:35:22 47805.95 154989.31 47397.36 47457.23 9.28 6558.00 649.43 107306.60
ext_homfam_huge helicase_C 473124 5 105.284 218 27.5 69.3 75.3 39.2 46.5 4781.5117 1:19:41 19635.19 127869.53 19395.54 19459.41 1.66 1532.35 427.73 20418.64
ext_homfam_huge bac_luciferase 261894 4 278.575 336 30.1 76.7 92.3 70.8 63.8 9783.7979 2:43:03 33096.62 139589.87 32855.61 32913.09 1.73 1065.91 191.11 18700.50
ext_homfam_huge igvar-h 257532 21 76.984 137 52.1 69.5 80.5 38.5 43.8 2024.4699 0:33:44 14724.18 125778.19 14484.20 14543.73 1.53 382.61 178.27 3615.44
ext_homfam_huge Epimerase 1360465 4 178.021 410 22.4 72.4 84.1 55.1 62.6 21129.4100 5:52:09 45652.30 151493.19 45407.62 45463.64 23.26 6389.90 331.54 70060.08
ext_homfam_huge igcon 257523 12 76.9812 114 33.0 61.6 68.6 25.2 29.1 1983.9179 0:33:03 14187.60 125806.02 13959.85 14026.55 1.53 447.42 177.15 3509.47
ext_homfam_huge GATase 265204 3 172.422 251 22.8 83.6 88.1 72.5 77.4 5353.5080 1:29:13 25674.68 132799.19 25423.77 25480.17 9.70 978.20 358.09 19173.12
ext_homfam_huge AhpC-TSA 296300 3 113.069 229 45.2 83.7 84.2 71.8 75.6 3470.2621 0:57:50 18174.31 125825.82 17934.43 18045.77 0.00 0.00 285.77 0.00
ext_homfam_huge TyrKc 941307 7 224.419 311 45.0 84.4 90.6 60.6 70.9 21891.3996 6:04:51 53424.73 160483.21 53183.80 53241.16 1.01 9743.11 534.82 117023.90
ext_homfam_huge CBS 419518 4 51.3699 67 31.1 74.3 81.3 50.8 62.3 1924.2112 0:32:04 11804.57 125804.36 11584.68 11691.43 1.41 518.48 163.74 3143.89
ext_homfam_huge apbact 466626 3 256.984 335 20.4 56.5 59.8 46.4 52.1 23115.4457 6:25:15 47113.62 153730.10 46872.59 46929.88 0.00 0.00 509.13 0.00
ext_homfam_huge ech 330971 3 219.552 280 26.6 93.3 95.8 87.5 91.1 7910.9503 2:11:50 27034.29 134987.62 26794.42 26850.71 1.68 1207.74 237.97 18832.27
ext_homfam_huge blmb 401802 6 158.083 344 20.6 74.2 81.0 45.5 57.0 6275.4246 1:44:35 27064.43 135239.80 26824.84 26884.45 17.52 1400.70 322.52 20247.41
ext_homfam_huge zf-CCHH 682260 15 22.8962 39 35.5 94.8 94.6 71.4 77.8 1721.8392 0:28:41 8891.49 125831.24 8650.89 8707.23 5.22 398.80 129.48 2233.40
ext_homfam_huge adh 406421 5 114.761 375 63.9 96.1 96.6 92.3 92.8 4108.2223 1:08:28 18632.54 126445.42 18382.70 18442.51 1.64 1100.61 263.22 10791.79
ext_homfam_huge AAA 585357 4 120.092 430 28.4 46.5 58.8 21.9 26.8 7402.5923 2:03:22 25694.47 132803.76 25403.92 25461.28 29.61 2916.44 728.28 53915.39
ext_homfam_huge MHC_II_alpha_NC 261656 4 76.9301 187 44.8 26.8 68.4 0.0 0.0 2126.2525 0:35:26 13905.67 125807.12 13665.00 13722.34 1.52 465.91 426.18 9055.22
ext_homfam_huge rep 423102 4 50.1786 88 30.3 75.1 75.9 52.0 59.4 1904.2849 0:31:44 12144.31 125835.52 11904.91 11968.81 1.20 373.26 130.82 2485.77
ext_homfam_huge fn3 254325 14 80.1208 149 15.9 59.0 68.9 4.5 7.0 2045.4165 0:34:05 13651.41 125779.96 13410.34 13467.99 0.00 0.00 313.04 0.00
ext_homfam_huge gluts 291502 14 71.8456 235 39.4 84.8 87.1 61.4 68.0 2651.8041 0:44:11 13859.00 125820.34 13617.80 13675.46 1.65 410.57 199.41 5286.00
ext_homfam_huge FAD-oxidase_NC 288043 4 162.362 672 14.6 32.5 34.6 14.2 17.2 5971.5073 1:39:31 24632.02 131811.04 24389.89 24447.90 1.70 1266.68 181.65 10832.02
ext_homfam_huge PA_phosphatase 371442 3 188.436 353 39.9 64.6 64.5 46.0 45.2 11054.2616 3:04:14 33121.21 140316.32 32879.19 32937.23 1.45 2318.16 614.82 67963.04
ext_homfam_huge DEAD 459097 4 157.561 442 29.6 47.2 57.0 24.6 30.3 8011.0431 2:13:31 32595.84 139245.11 32391.67 32487.79 205.19 3193.74 442.79 35475.77
ext_homfam_huge igV 257520 9 76.9813 137 18.2 60.4 61.6 21.8 29.3 1903.9367 0:31:43 14103.25 125777.07 13857.18 13968.29 1.59 390.75 200.23 3812.19
ext_homfam_huge Cys_Met_Meta_PP 289963 3 240.41 407 30.5 91.4 93.1 85.7 87.0 11356.8299 3:09:16 35972.34 143101.94 35731.87 35791.75 1.75 1534.60 524.81 59603.23
ext_homfam_huge molybdopterin 347815 4 254.332 836 39.3 40.8 65.2 9.9 5.5 24125.8976 6:42:05 55820.33 161700.61 55554.60 55632.28 13.07 4064.68 585.04 141146.29
ext_homfam_huge Phage_integrase 380607 4 155.938 241 15.5 75.5 73.2 48.0 60.4 5726.6875 1:35:26 25874.44 132519.65 25634.88 25694.80 9.43 1366.01 377.11 21599.39
ext_homfam_huge grs 433471 11 77.6264 558 30.3 34.6 52.6 0.2 0.0 7825.7974 2:10:25 16643.80 125878.80 16404.93 16516.29 1.68 1152.01 1923.41 150522.07
ext_homfam_huge p450 386670 12 301.863 512 20.8 73.7 75.9 38.1 46.8 66876.3679 18:34:36 50552.77 156949.62 50311.87 50379.63 25.48 3498.24 55.23 36936.19
ext_homfam_huge aabp 319835 3 206.726 241 42.8 94.1 94.3 89.5 90.4 9646.9683 2:40:46 33675.75 140650.49 33435.30 33492.45 1.55 1974.88 292.57 28230.65
ext_homfam_huge aldosered 345677 7 259.927 386 41.6 85.6 90.2 68.6 74.0 11234.7303 3:07:14 35557.36 141525.37 35316.66 35373.94 17.70 2044.32 257.60 28948.57
homstrad ricin 7 7 254.714 281 37.5 70.5 70.1 37.4 41.1 920.5073 0:15:20 5669.57 104473.45 5448.76 5500.00 0.00 0.00 205.19 0.00
homstrad ghf10 5 5 316 364 43.3 64.7 63.6 46.1 50.2 1159.0987 0:19:19 5715.48 104642.79 5493.12 5544.39 1.99 4.18 206.00 2392.08
homstrad seatoxin 5 5 47 54 42.6 70.6 80.9 20.4 22.2 383.5032 0:06:23 5729.10 125978.94 5576.84 5628.07 1.99 4.16 178.50 688.84
homstrad mofe 6 6 489.5 609 30.0 25.7 36.4 0.2 0.0 1776.0283 0:29:36 5995.75 125734.04 5757.00 5816.47 1.99 4.23 228.87 4069.18
homstrad cyt3 6 6 110 130 40.3 63.0 62.5 33.1 37.5 551.9591 0:09:11 5730.63 125734.98 5506.34 5557.61 1.99 4.17 190.50 1055.72
homstrad ins 6 6 55.8333 74 44.9 94.6 93.4 66.7 89.2 450.2270 0:07:30 5727.16 125734.99 5481.79 5532.92 1.99 4.20 183.94 832.43
homstrad Ald_Xan_dh_2 6 6 763.5 885 31.8 45.2 55.3 10.5 11.7 2528.1907 0:42:08 6797.20 126714.79 6648.83 6704.96 1.99 4.21 230.67 5836.43
homstrad tms 5 5 285 357 45.9 81.8 81.5 51.6 56.1 1147.4067 0:19:07 5732.49 104570.47 5510.00 5561.25 1.99 4.20 213.80 2457.48
homstrad phc 12 12 166.417 179 37.2 93.7 93.7 72.1 79.7 604.5970 0:10:04 5664.87 125733.98 5528.66 5579.99 1.99 4.27 199.16 1207.76
homstrad cytb 6 6 86 100 35.6 85.9 87.1 56.5 62.5 453.5197 0:07:33 5728.95 125733.97 5563.89 5665.78 1.99 4.15 186.27 848.98
homstrad mmp 6 6 164 180 55.1 87.7 87.7 59.8 63.7 782.1127 0:13:02 5742.64 125737.64 5518.04 5569.45 1.99 4.21 208.07 1631.42
homstrad phoslip 18 18 121.667 137 48.9 88.1 87.6 64.7 71.2 434.0492 0:07:14 5735.45 125736.56 5512.78 5564.04 1.99 4.33 177.04 772.57
homstrad HLH 5 5 71.2 92 28.1 75.0 74.5 51.2 40.9 477.3697 0:07:57 5741.72 125736.53 5531.68 5633.74 1.99 4.20 186.54 894.49
homstrad myb_DNA-binding 5 5 53.6 61 40.7 94.4 93.3 78.6 85.4 389.4817 0:06:29 5749.09 125737.56 5514.65 5566.11 1.99 4.16 175.77 688.93
homstrad msb 8 8 126 158 26.6 35.5 36.6 1.4 0.1 597.4579 0:09:57 5729.08 125733.00 5570.89 5628.33 1.99 4.23 199.82 1197.99
homstrad ghf1 8 8 445.125 562 38.4 46.2 64.8 5.8 5.5 1381.7048 0:23:01 5732.79 126713.78 5508.49 5576.16 1.99 4.23 225.11 3114.33
homstrad rvp 6 6 106.333 132 36.6 44.9 48.2 0.0 0.0 612.2869 0:10:12 5745.34 125734.98 5521.11 5623.21 1.99 4.20 195.50 1200.61
homstrad lyase_1 5 5 444.6 511 30.9 42.9 41.9 10.3 12.2 1443.3158 0:24:03 5857.37 125733.75 5617.81 5673.81 1.99 4.20 224.14 3239.45
homstrad ldh 14 14 319.071 371 31.9 80.5 79.8 37.8 45.6 849.9482 0:14:09 5726.08 125990.83 5481.04 5532.27 1.99 4.35 214.45 1826.54
homstrad subt 11 11 294.364 414 39.5 36.8 38.9 1.0 0.0 895.1398 0:14:55 5725.16 125733.98 5504.41 5555.72 1.99 4.27 218.74 1961.33
homstrad sodfe 8 8 198.5 219 42.3 80.8 80.2 48.8 53.0 739.2115 0:12:19 5777.08 125737.59 5574.45 5676.30 1.99 4.25 205.34 1521.67
homstrad LIM 5 5 69.8 86 52.8 97.9 97.9 89.0 96.8 442.4360 0:07:22 5695.56 125734.98 5480.88 5532.26 1.99 4.15 185.64 825.05
homstrad blm 8 8 261.375 274 39.1 94.7 94.5 80.5 82.4 777.8302 0:12:57 5697.08 125737.55 5482.94 5584.98 1.99 4.20 214.70 1673.91
homstrad DMRL_synthase 5 5 158 182 33.2 80.8 80.2 55.6 63.6 650.1220 0:10:50 5772.95 125982.58 5560.52 5611.84 1.99 4.25 207.77 1354.71
homstrad tRNA-synt_2b 5 5 307.8 467 18.7 14.9 13.8 0.0 0.0 1100.9181 0:18:20 5745.27 125736.06 5529.04 5580.26 1.99 4.27 227.82 2512.35
homstrad Stap_Strp_toxin 6 6 220.333 254 32.5 25.0 25.6 0.0 0.0 935.3731 0:15:35 5725.91 125736.57 5547.21 5598.41 1.99 4.23 214.21 2007.35
homstrad Acetyltransf 6 6 161.5 229 24.1 22.1 23.0 0.0 0.0 768.8001 0:12:48 5697.11 125737.50 5575.72 5627.12 1.99 4.21 203.92 1571.57
homstrad ghf22 12 12 126.5 131 51.4 80.9 80.8 54.6 57.2 462.1596 0:07:42 5709.02 125733.98 5528.82 5580.06 1.99 4.21 180.67 839.19
homstrad sdr 13 13 259.462 361 23.3 60.6 59.3 11.7 14.2 779.4462 0:12:59 5760.15 125734.98 5545.47 5596.69 1.99 4.35 213.12 1664.46
homstrad ltn 12 12 234.417 282 49.9 89.1 88.5 63.6 71.6 710.5436 0:11:50 5704.50 125735.01 5486.02 5537.35 1.99 4.34 208.67 1486.90
homstrad hpr 5 5 87 89 44.4 99.3 99.3 96.6 98.3 460.9769 0:07:40 5682.03 125735.05 5459.52 5510.76 1.99 4.15 180.94 838.39
homstrad bowman 5 5 50 73 64.9 90.4 93.1 74.3 79.1 433.5909 0:07:13 5734.03 125737.60 5547.86 5649.44 1.99 4.15 173.52 756.64
homstrad hip 5 5 74.2 88 33.4 55.1 54.2 19.0 21.5 498.6369 0:08:18 5741.33 125737.60 5518.81 5570.13 1.99 4.18 178.98 896.64
homstrad HMG_box 5 5 76.4 89 24.8 77.2 78.0 51.9 58.9 1149.8042 0:19:09 5683.00 106433.25 5458.48 5509.84 0.00 0.00 75.69 0.00
homstrad icd 5 5 367 433 41.7 54.3 72.1 0.6 0.3 1146.8315 0:19:06 5695.06 125735.05 5476.43 5527.75 1.99 4.16 221.26 2541.69
homstrad peroxidase 5 5 334.4 383 37.3 61.3 60.5 2.9 1.9 1008.6417 0:16:48 5717.63 125733.95 5495.33 5546.61 1.99 4.15 217.23 2194.98
homstrad asp 13 13 332.077 381 37.5 69.9 73.6 17.4 18.1 865.2031 0:14:25 5760.21 125737.55 5515.17 5617.13 1.99 4.35 221.70 1922.47
homstrad flav 6 6 161.667 183 35.0 73.5 74.3 38.9 42.8 731.8209 0:12:11 5709.55 125734.04 5487.45 5538.67 1.99 4.17 202.10 1483.08
homstrad cah 5 5 249.2 279 38.7 54.7 53.8 24.4 27.4 900.9493 0:15:00 5721.36 125734.02 5498.76 5549.99 1.99 4.20 218.27 1970.21
homstrad ace 6 6 533.833 601 37.3 40.2 39.7 6.2 7.1 1727.8688 0:28:47 5801.96 105179.51 5562.52 5634.26 1.99 4.17 218.88 3786.27
homstrad sti 5 5 173.6 198 36.4 67.7 65.9 35.9 40.9 746.6217 0:12:26 5746.43 125737.68 5594.80 5646.17 1.99 4.19 209.58 1568.76
homstrad aat 10 10 403.6 476 28.6 59.5 65.0 17.5 20.4 1146.6158 0:19:06 5671.46 104945.45 5448.86 5505.63 1.99 4.25 207.72 2385.96
homstrad oxidored_q6 5 5 265.2 285 56.7 89.8 89.6 72.6 74.8 959.2609 0:15:59 5729.23 125736.57 5510.92 5562.15 1.99 4.18 220.68 2120.95
homstrad hormone_rec 5 5 248.6 308 21.5 60.5 57.5 33.5 42.9 813.7676 0:13:33 5687.11 125737.58 5536.62 5638.77 1.99 4.16 219.37 1788.67
homstrad rhv 6 6 780.833 938 33.1 33.5 32.6 0.0 0.0 2484.8351 0:41:24 6661.87 125734.98 6421.47 6479.33 1.99 4.18 223.41 5555.38
homstrad tgfb 8 8 97.625 118 43.8 59.1 59.9 15.4 20.7 502.9006 0:08:22 5724.78 125733.92 5498.62 5600.41 1.99 4.23 195.72 988.03
homstrad cryst 7 7 174.714 192 44.4 44.4 50.7 0.0 0.0 583.8957 0:09:43 5779.19 125732.94 5507.22 5608.86 1.99 4.17 197.46 1156.47
homstrad cyclo 6 6 171.833 203 44.1 62.4 61.7 36.5 39.8 849.6951 0:14:09 5671.29 104297.20 5428.64 5479.91 1.99 4.20 189.31 1612.89
homstrad kunitz 10 10 57.7 64 37.9 92.5 93.2 65.0 62.6 374.9456 0:06:14 5725.54 125737.56 5593.68 5695.75 1.99 4.24 161.74 610.27
homstrad Rhodanese 6 6 150 216 22.7 15.8 14.8 1.0 0.1 765.1007 0:12:45 5693.03 125734.98 5470.79 5522.00 1.99 4.22 205.37 1575.55
homstrad sodcu 7 7 152.571 169 42.2 64.7 64.9 33.1 34.5 570.0498 0:09:30 5686.92 125732.95 5465.04 5516.16 1.99 4.21 199.49 1140.84
homstrad profilin 5 5 128.6 144 39.7 58.2 59.1 11.7 12.1 566.5730 0:09:26 5732.74 125733.92 5510.20 5561.42 1.99 4.16 196.24 1116.04
homstrad glob 41 41 146.098 174 31.7 93.2 92.7 66.5 70.1 360.4975 0:06:00 5573.15 125735.05 5480.34 5531.52 1.99 4.63 175.20 635.67
homstrad tim 10 10 249.5 260 47.5 95.8 95.6 85.7 89.2 725.2546 0:12:05 5697.07 125981.53 5482.72 5534.00 1.99 4.22 206.83 1504.68
homstrad uce 13 13 149.385 184 34.0 82.4 80.6 31.9 37.7 558.3699 0:09:18 5696.38 104256.68 5471.89 5529.34 0.00 0.00 181.97 0.00
homstrad toxin 20 20 63.5 78 43.1 82.0 79.5 48.1 55.7 323.5110 0:05:23 5717.47 125734.00 5529.40 5580.67 1.99 4.39 168.65 549.34
homstrad rub 5 5 51.2 54 62.1 99.2 99.2 96.3 96.7 374.7413 0:06:14 5747.04 125733.91 5563.19 5614.44 1.99 4.14 164.21 619.61
homstrad hom 8 8 63.5 98 35.3 75.0 73.4 29.0 34.7 553.8394 0:09:13 5718.13 106402.23 5466.11 5517.30 0.00 0.00 148.21 0.00
homstrad biotin_lipoyl 7 7 83.4286 112 28.9 67.9 67.3 36.5 40.6 601.6196 0:10:01 5654.85 104196.21 5432.71 5483.97 1.99 4.23 148.85 899.90
homstrad cys 13 13 223.692 284 40.5 71.5 70.8 32.8 40.7 689.7787 0:11:29 5739.37 125734.97 5514.90 5566.27 1.99 4.34 208.64 1443.53
homstrad ghf11 5 5 185.4 202 49.5 79.5 79.6 56.8 60.2 719.2473 0:11:59 5699.57 125990.79 5475.04 5526.36 1.99 4.18 210.36 1516.75
homstrad blmb 6 6 241.667 344 20.6 24.7 23.3 0.7 0.1 1053.5541 0:17:33 5701.27 125734.99 5476.88 5528.15 1.99 4.23 215.34 2272.93
homstrad aadh 8 8 415.125 542 38.2 27.3 28.8 0.0 0.0 1411.3181 0:23:31 5758.25 104964.34 5511.69 5562.95 2.00 4.22 213.51 3017.60
homstrad DEATH 7 7 107.143 159 19.6 22.8 23.9 3.2 0.2 601.1311 0:10:01 5769.70 125733.93 5526.71 5577.99 1.99 4.24 198.55 1197.85
homstrad Sulfotransfer 5 5 281.8 381 26.2 13.1 13.5 0.0 0.0 1124.7969 0:18:44 5698.96 125736.63 5474.78 5576.52 1.99 4.19 220.37 2483.01
homstrad serpin 8 8 376.25 418 32.5 51.9 54.1 25.4 29.6 1116.8399 0:18:36 5722.81 125733.93 5499.06 5600.65 1.99 4.24 222.93 2494.01
homstrad proteasome 17 17 223.353 309 21.7 77.9 73.7 29.3 38.5 602.1350 0:10:02 5777.04 125734.97 5529.30 5580.53 1.99 4.43 205.47 1241.62
homstrad zf-CCHH 15 15 29.0667 39 35.5 89.0 87.6 60.0 68.2 307.3369 0:05:07 5690.88 125734.94 5466.33 5533.89 1.99 4.36 150.40 466.42
homstrad egf 12 12 47.75 71 31.1 42.0 41.1 0.0 0.0 379.9779 0:06:19 5737.35 125734.01 5513.20 5564.44 1.99 4.40 176.86 675.68
homstrad annexin 6 6 317.167 323 57.2 99.8 99.8 99.4 99.6 1135.3509 0:18:55 5697.14 125733.94 5505.75 5607.35 1.99 4.24 226.57 2576.64
homstrad OTCace 5 5 318 350 37.3 56.7 57.9 12.2 13.5 1182.4964 0:19:42 5694.75 125733.94 5480.41 5582.53 1.99 4.20 220.59 2612.05
homstrad rnasemam 6 6 121.5 141 42.2 67.9 75.2 32.1 35.9 609.2459 0:10:09 5738.53 125733.93 5514.26 5565.54 1.99 4.18 197.91 1209.98
homstrad adh 5 5 373.6 375 63.9 97.6 97.6 94.1 94.6 1207.9498 0:20:07 5741.35 125733.96 5512.75 5564.04 1.99 4.17 224.92 2721.19
homstrad il8 11 11 68.8182 81 34.5 78.4 77.0 41.6 48.5 367.0301 0:06:07 5685.77 125735.04 5452.96 5555.08 1.99 4.23 166.21 614.15
homstrad hr 5 5 74 82 53.3 100.0 100.0 100.0 100.0 450.5648 0:07:30 5681.47 125734.98 5458.95 5510.21 1.99 4.17 184.17 833.92
homstrad ChtBD 5 5 42.6 45 59.3 98.3 98.1 93.0 94.7 1375.0581 0:22:55 5701.91 106413.99 5477.12 5545.67 0.00 0.00 49.70 0.00
homstrad gluts 14 14 215.643 235 39.4 86.2 86.2 63.1 67.8 633.9305 0:10:33 5684.95 125733.93 5462.86 5514.07 1.99 4.27 205.40 1306.30
homstrad ghf5 6 6 327.167 470 17.8 8.9 8.7 0.0 0.0 1353.8013 0:22:33 5660.34 104671.14 5435.71 5487.19 1.99 4.20 217.09 2943.36
homstrad ghf13 10 10 469.8 626 26.8 18.4 25.6 0.0 0.0 1345.8621 0:22:25 5942.11 125734.98 5705.38 5813.96 1.99 4.28 223.15 3006.93
homstrad PDZ 6 6 93 110 30.6 64.0 64.3 41.4 40.6 505.6807 0:08:25 5696.40 125734.96 5545.32 5596.52 1.99 4.18 196.37 997.29
homstrad az 29 29 113.069 215 33.4 54.3 53.3 23.4 16.3 390.2671 0:06:30 5744.00 125735.04 5593.43 5644.71 1.99 4.48 180.24 707.70
homstrad hla 5 5 178 178 76.5 100.0 100.0 100.0 100.0 753.6219 0:12:33 5742.26 104235.75 5517.75 5569.10 1.99 4.16 192.58 1455.67
homstrad slectin 5 5 133.4 142 33.3 81.5 82.3 61.3 65.0 621.4047 0:10:21 5726.68 125734.98 5502.35 5553.68 1.99 4.27 205.19 1278.87
homstrad GEL 5 5 118.6 150 23.7 33.6 31.4 7.5 10.9 559.6993 0:09:19 5714.60 125733.92 5512.30 5563.64 1.99 4.26 204.13 1146.90
homstrad kringle 9 9 82.8889 100 43.3 88.3 86.6 68.5 72.9 470.2426 0:07:50 5749.33 104199.19 5528.14 5579.48 0.00 0.00 168.17 0.00
homstrad p450 12 12 408 512 20.8 17.1 26.4 0.0 0.0 1229.2539 0:20:29 5725.27 107037.88 5500.87 5558.30 1.99 4.34 203.06 2500.45
homstrad gpdh 8 8 338.75 360 55.1 88.0 87.9 69.8 74.8 1136.3055 0:18:56 5697.07 125735.04 5474.49 5525.75 1.99 4.21 225.75 2569.40
homstrad int 5 5 192 219 22.5 62.1 61.4 36.6 39.8 820.9498 0:13:40 5678.09 104281.67 5481.27 5532.77 1.99 4.18 191.83 1579.16
homstrad KAS 6 6 344.667 404 31.7 43.5 57.4 7.0 0.9 1195.8964 0:19:55 5721.05 125733.94 5512.63 5563.87 1.99 4.17 226.91 2717.70
homstrad trfl 7 7 526.286 702 61.9 72.5 81.6 60.8 53.6 1950.3467 0:32:30 6673.02 125734.98 6513.39 6578.03 1.99 4.27 225.66 4405.32
homstrad TNF 5 5 149.6 176 32.0 47.3 46.5 17.2 19.4 700.5128 0:11:40 5720.52 125734.05 5573.60 5675.31 1.99 4.20 199.87 1403.25
homstrad scorptoxin 8 8 64.75 74 46.3 82.6 81.0 54.8 58.6 433.9888 0:07:13 5686.81 104119.58 5464.41 5515.70 1.99 4.19 150.73 658.46
homstrad aldosered 7 7 310.857 386 41.6 80.1 78.4 39.1 41.6 954.9474 0:15:54 5735.10 125733.93 5510.67 5561.89 1.99 4.20 218.26 2088.41
homstrad rrm 20 20 86.65 157 22.9 82.0 79.1 24.3 33.4 387.4454 0:06:27 5666.98 125734.97 5443.27 5545.13 1.99 4.46 178.09 693.95
