ext_homfam_large CH 44833 4 101.255 143 22.6 83.5 88.3 63.8 71.2 539.4858 0:08:59 6685.99 126002.89 6351.27 6451.52 1.83 50.41 402.85 2174.24
ext_homfam_large fkbp 98017 4 91.5776 126 47.3 91.1 91.6 79.6 83.1 1508.7240 0:25:08 8240.41 126009.12 7905.28 8011.72 1.69 113.12 1216.17 18351.17
ext_homfam_large cyclin 52844 3 108.15 288 16.3 61.4 64.3 42.6 46.6 838.4952 0:13:58 7181.28 116526.46 6845.95 6925.76 1.77 65.02 409.31 3436.40
ext_homfam_large DUF170 58645 3 71.4808 89 21.8 71.1 70.7 65.2 67.9 466.5756 0:07:46 6555.29 121866.11 6268.59 6403.67 1.68 62.47 168.28 789.52
ext_homfam_large citrate_synt 69185 3 306.645 452 30.2 89.5 91.1 81.4 86.0 2835.0551 0:47:15 9777.06 126017.75 9441.73 9541.08 1.78 138.13 259.50 7360.54
ext_homfam_large ACPS 58467 3 91.2324 122 16.7 44.7 46.7 29.1 31.6 778.6006 0:12:58 6952.35 125998.28 6617.44 6709.44 1.70 68.22 390.78 3045.00
ext_homfam_large cbp 47126 8 26.6756 200 38.3 35.6 52.4 0.0 0.0 360.3330 0:06:00 6208.85 118792.84 5874.35 6021.99 1.79 40.92 161.81 587.37
ext_homfam_large rnh 76222 3 122.222 161 34.3 83.1 86.4 71.7 73.5 920.1664 0:15:20 6836.84 126008.07 6503.04 6617.22 1.73 94.17 194.27 1783.54
ext_homfam_large Fapy_DNA_glyco 41627 4 111.499 279 40.3 75.2 77.1 53.8 54.3 722.1289 0:12:02 6887.09 119176.42 6552.31 6631.93 1.79 55.39 368.45 2662.95
ext_homfam_large DAHP_synth_1 64082 3 259.458 375 25.6 65.5 65.3 47.6 49.1 1764.0088 0:29:24 7849.73 126015.56 7514.80 7628.81 0.00 0.00 192.51 0.00
ext_homfam_large Glyco_hydro_18_D2 70609 4 284.482 91 23.5 82.8 84.3 66.7 74.1 3181.6896 0:53:01 11134.71 126017.73 10799.34 10891.02 1.71 138.73 510.00 16216.32
ext_homfam_large dutpase 45714 3 116.124 138 28.6 83.1 88.7 77.5 79.7 517.9399 0:08:37 6744.99 126005.62 6409.51 6493.38 1.79 61.28 170.98 889.87
ext_homfam_large DHOdehase 70950 4 232.402 396 26.1 78.6 84.4 57.9 62.7 2408.7236 0:40:08 8593.10 126015.05 8258.14 8338.00 1.77 127.44 430.61 10360.46
ext_homfam_large Glyco_hydro_18_D1 70609 4 284.497 444 28.1 78.9 82.4 61.5 69.9 3115.4767 0:51:55 10561.10 126017.50 10225.77 10305.57 1.71 138.98 482.13 15011.12
ext_homfam_large Asp_Glu_race_D 76399 4 200.362 123 17.8 21.4 63.0 0.0 0.0 1302.3732 0:21:42 7555.12 126014.10 7220.88 7326.73 1.71 123.00 259.90 3386.26
ext_homfam_large Bacterial_PQQ 64175 3 31.747 635 44.1 77.9 84.5 68.1 69.1 943.8501 0:15:43 6245.41 118792.95 5911.28 5994.92 1.67 58.36 170.19 1610.70
ext_homfam_large GAL4 82674 3 34.7695 49 48.9 93.2 94.1 86.5 91.3 417.6496 0:06:57 6328.35 126000.74 5993.81 6100.04 1.65 77.23 180.12 757.73
ext_homfam_large PEP-utilizers 59219 3 73.0971 154 36.6 85.3 85.3 76.3 78.1 447.8389 0:07:27 6516.33 118793.39 6181.96 6297.45 1.73 66.55 169.88 765.58
ext_homfam_large RuBisCO_large 80140 7 241.993 342 50.4 89.5 92.4 67.1 70.7 2289.6198 0:38:09 8528.69 126015.27 8193.64 8277.36 1.87 117.71 191.98 4400.06
ext_homfam_large Bac_DNA_binding 54315 4 86.796 101 33.0 95.5 96.3 89.5 90.9 487.1897 0:08:07 6532.02 126007.69 6196.38 6288.32 1.78 62.18 170.37 834.20
ext_homfam_large ung 82384 3 152.042 235 48.3 64.5 76.8 57.8 59.3 1160.3669 0:19:20 7685.46 126026.96 7398.27 7488.50 1.70 126.63 307.41 3571.32
ext_homfam_large myb_DNA-binding 72066 5 45.6103 61 40.7 90.6 91.1 73.2 80.8 471.6062 0:07:51 6559.45 126001.22 6521.79 6536.89 1.74 63.51 277.82 1314.35
ext_homfam_large msb 69329 8 103.238 158 26.6 85.0 88.1 56.6 69.3 574.3937 0:09:34 7119.18 126007.99 6784.05 6867.91 1.60 85.88 307.47 1766.63
ext_homfam_large ARM 41154 3 37.9796 486 28.5 13.4 29.8 1.0 0.3 509.6748 0:08:29 6373.79 125552.59 6038.73 6152.75 1.79 36.59 175.77 899.57
ext_homfam_large tRNA_bind 60715 3 96.4105 128 22.8 75.8 73.0 61.7 64.8 508.3149 0:08:28 6666.44 126003.73 6305.10 6418.30 1.77 74.55 174.07 889.40
ext_homfam_large sodfe 69746 8 89.9976 219 42.3 84.7 86.7 57.4 61.8 916.4939 0:15:16 6630.80 121866.60 6299.12 6405.33 1.75 81.45 195.85 1800.14
ext_homfam_large Glyco_hydro_2 54968 3 98.0938 129 10.6 13.9 18.2 1.8 0.7 517.6393 0:08:37 6601.35 116319.11 6268.15 6374.42 1.73 66.37 262.63 1366.69
ext_homfam_large Orn_DAP_Arg_deC 67331 3 234.09 179 77.6 76.7 83.5 62.1 70.7 2061.6609 0:34:21 9101.62 126014.03 8766.33 8846.07 1.71 121.59 449.54 9269.12
ext_homfam_large LIM 46552 5 54.4262 86 52.8 95.3 95.3 82.9 92.6 340.4379 0:05:40 6273.50 125998.39 5939.04 6045.15 1.77 41.21 144.18 495.16
ext_homfam_large TIG 45878 6 77.2108 88 55.4 88.7 91.2 73.6 77.3 486.2248 0:08:06 6426.72 126000.23 6094.04 6199.81 1.70 54.13 266.80 1304.88
ext_homfam_large Lum_binding 56467 4 84.6084 114 27.1 97.9 97.5 93.6 95.4 473.8627 0:07:53 6706.18 126006.05 6370.97 6477.15 1.75 67.09 204.76 974.63
ext_homfam_large DHH 60101 3 146.145 189 66.5 79.1 94.0 68.8 69.8 1275.2968 0:21:15 7314.68 126007.96 6979.64 7063.36 1.74 90.34 518.48 6616.49
ext_homfam_large EGF_Lam 75793 3 45.7537 61 33.9 68.3 78.6 50.9 55.9 431.1449 0:07:11 6421.74 107630.53 6086.98 6193.01 1.64 66.37 151.75 658.11
ext_homfam_large Adenylsucc_synt 44036 3 378.745 441 56.1 95.6 96.3 93.7 94.7 3883.6713 1:04:43 9055.51 126013.71 8720.36 8804.04 1.80 103.91 220.40 8561.77
ext_homfam_large KISc 60991 4 282.977 412 45.1 86.4 88.2 73.2 77.8 2749.0401 0:45:49 10578.65 126014.01 10243.05 10327.04 1.79 121.78 520.54 14315.18
ext_homfam_large ferritin 65240 4 132.879 173 60.4 88.3 87.9 67.4 71.1 648.3223 0:10:48 6742.15 126007.95 6407.05 6486.85 1.74 86.38 173.00 1125.52
ext_homfam_large RNase_HII 44930 3 178.359 228 40.1 74.9 81.2 63.3 66.1 821.2863 0:13:41 7027.52 126004.30 6692.35 6781.27 1.76 74.73 338.57 2786.44
ext_homfam_large peroxidase 68141 5 261.962 383 37.3 22.8 32.5 0.3 0.0 2652.3131 0:44:12 9060.44 126016.22 8725.34 8831.84 1.77 141.35 321.17 8522.70
ext_homfam_large asp 47635 13 273.267 381 37.5 90.3 91.3 67.9 72.9 2138.3010 0:35:38 9170.68 126010.83 8835.34 8919.03 1.75 98.75 344.39 7355.90
ext_homfam_large flav 59460 6 126.005 183 35.0 81.5 82.5 51.4 52.6 993.7192 0:16:33 7160.30 119688.40 6825.18 6908.91 1.78 76.14 482.31 4795.21
ext_homfam_large ptpase 46221 3 166.676 311 39.2 86.2 87.8 78.6 81.6 1550.8595 0:25:50 8244.37 126005.23 7909.07 8015.26 1.77 66.13 527.26 8177.75
ext_homfam_large PK 83424 4 231.495 524 47.5 87.9 92.2 78.6 81.5 2524.4191 0:42:04 9979.50 126017.12 9644.12 9727.49 1.72 144.01 262.49 6629.68
ext_homfam_large ghf18 70610 5 284.494 349 19.9 41.9 50.0 18.4 23.4 3207.5301 0:53:27 10284.94 126018.71 9949.88 10033.60 1.72 138.77 463.64 14879.94
ext_homfam_large cat3 87444 4 213.469 256 24.8 84.2 85.2 65.4 66.1 2134.0369 0:35:34 8390.54 126016.92 8055.23 8139.05 1.74 143.16 450.08 9593.06
ext_homfam_large sh3 64226 20 45.6022 115 31.9 88.3 87.9 40.2 62.5 380.6325 0:06:20 6363.49 125964.11 6028.41 6120.23 1.76 73.70 154.08 590.47
ext_homfam_large Pro_CA 43482 4 143.131 268 39.2 85.5 89.3 73.7 77.7 827.9620 0:13:47 6853.98 126002.84 6519.70 6634.69 1.71 63.29 260.12 2154.19
ext_homfam_large CUB 61058 3 102.6 114 41.7 91.1 90.8 86.4 86.8 529.1923 0:08:49 6706.36 126003.16 6371.39 6499.23 0.00 0.00 202.80 0.00
ext_homfam_large cyclo 94131 6 150.667 203 44.1 84.3 87.7 67.2 72.0 1486.8548 0:24:46 8570.21 126036.00 8460.46 8544.25 1.64 146.25 831.09 12350.49
ext_homfam_large Methyltransf_1 83642 3 76.3578 184 28.8 50.8 63.9 42.1 46.0 1194.5007 0:19:54 7244.29 125688.80 6909.07 7023.16 1.65 91.60 1832.19 21890.62
ext_homfam_large tim 51027 10 220.35 260 47.5 96.3 96.5 88.0 91.7 1301.0247 0:21:41 7410.54 126007.89 7075.21 7155.13 1.80 92.12 192.32 2506.35
ext_homfam_large PH 81662 13 97.5814 228 16.6 55.7 56.6 0.0 0.0 1199.0463 0:19:59 7399.10 118793.44 7063.72 7147.44 1.71 86.02 704.48 8451.96
ext_homfam_large uce 47029 13 120.381 184 34.0 88.8 89.9 61.4 69.4 705.5216 0:11:45 6733.46 116531.72 6400.24 6480.12 1.80 59.56 241.07 1708.35
ext_homfam_large igps 76266 3 215.593 276 19.3 31.4 31.2 3.9 3.2 1950.6473 0:32:30 8127.11 126014.02 7792.04 7898.26 5.75 130.88 204.89 4000.43
ext_homfam_large hom 48083 8 52.118 98 35.3 92.9 93.0 62.3 77.5 313.8761 0:05:13 6228.00 107625.81 5893.34 5999.65 1.77 41.62 156.79 496.50
ext_homfam_large ligase-CoA 45322 3 119.659 183 29.2 54.2 53.2 26.7 28.5 559.8881 0:09:19 6807.68 126002.85 6476.00 6576.66 1.83 58.53 522.19 2930.35
ext_homfam_large aadh 92451 8 164.389 542 38.2 71.3 77.9 32.0 35.3 1691.1917 0:28:11 8527.77 126015.70 8191.93 8271.80 1.73 143.60 818.88 13852.82
ext_homfam_large Sulfotransfer 56833 5 211.235 381 26.2 67.5 72.3 37.2 45.9 2722.9361 0:45:22 8742.21 126009.27 8407.07 8487.05 1.70 100.39 1285.38 34992.82
ext_homfam_large Ribosomal_L6_D 53998 4 72.9764 103 17.8 60.3 58.3 31.9 40.0 422.4776 0:07:02 6487.16 121865.90 6151.68 6231.73 1.71 60.98 162.13 689.26
ext_homfam_large S_100 51521 6 27.8658 103 34.3 38.7 53.8 12.2 7.4 358.0659 0:05:58 6287.23 118792.09 5952.93 6083.86 1.76 44.62 159.73 576.38
ext_homfam_large LDLa 74332 4 36.1029 48 45.6 89.9 90.3 76.7 81.1 366.0136 0:06:06 6232.11 121866.93 5928.33 6035.86 1.66 61.02 143.51 529.54
ext_homfam_large proteasome 59434 17 167.998 309 21.7 78.6 81.4 34.5 45.2 1019.0917 0:16:59 7398.42 126007.13 7062.97 7154.61 1.75 86.14 196.61 2007.63
ext_homfam_large Cu_nir 56602 3 123.831 337 72.9 66.5 94.7 52.9 53.0 1038.4374 0:17:18 7042.21 126007.25 6707.02 6813.21 1.80 75.52 751.78 7799.05
ext_homfam_large egf 93003 12 30.3664 71 31.1 63.9 68.7 26.5 24.0 436.6777 0:07:16 6317.41 125581.60 5983.21 6062.92 1.61 72.14 150.01 658.85
ext_homfam_large csp 69967 3 61.2304 70 67.2 96.0 96.4 93.9 93.9 448.0464 0:07:28 6363.64 118792.89 6027.96 6111.84 1.71 70.18 161.20 726.50
ext_homfam_large cat 51685 3 333.558 730 44.4 80.3 92.6 74.4 76.9 3886.2877 1:04:46 9077.13 126013.62 8740.94 8821.26 1.80 105.70 217.02 8443.71
ext_homfam_large porin 49455 4 262.201 361 24.6 38.8 39.6 6.3 5.4 1810.3837 0:30:10 8548.59 126009.18 8212.32 8303.60 1.85 85.38 268.49 4864.28
ext_homfam_large parv 47125 7 26.6651 109 55.6 93.6 94.1 89.0 88.8 353.5659 0:05:53 6193.23 125998.99 5858.40 5941.79 1.75 41.49 167.27 595.36
ext_homfam_large FAD-oxidase_C 93603 4 227.568 367 10.8 15.1 35.7 1.7 0.3 2072.2746 0:34:32 9020.54 126020.95 8685.38 8777.09 1.71 160.88 336.12 6968.59
ext_homfam_large EFTU_C 47040 3 85.1735 107 53.8 100.0 100.0 100.0 100.0 462.9199 0:07:42 6594.27 114248.63 6259.28 6339.08 1.82 49.72 169.11 787.15
ext_homfam_large ghf5 62230 6 234.799 470 17.8 62.9 65.7 34.2 47.9 2348.9871 0:39:08 8658.40 126012.23 8323.18 8429.41 1.76 345.96 628.85 14775.86
ext_homfam_large Glyco_hydro_18 70609 4 284.501 534 27.6 80.8 84.8 64.0 71.8 3047.5963 0:50:47 11015.49 126018.70 10679.62 10763.58 1.79 138.89 495.86 15116.71
ext_homfam_large MoCF_biosynth 99836 4 143.205 203 28.2 76.2 77.8 47.7 55.6 1171.9217 0:19:31 7689.49 126014.59 7354.57 7468.59 1.66 143.02 364.82 4279.00
ext_homfam_large phs 46393 3 513.488 890 45.3 88.5 88.4 84.3 85.8 9420.8062 2:37:00 10335.42 126019.56 10000.42 10106.86 1.80 391.39 269.41 25380.52
ext_homfam_large cpa 58140 4 202.33 333 46.2 84.1 85.7 75.7 76.7 2052.3607 0:34:12 9033.98 126010.45 8697.83 8793.96 1.77 99.87 1143.62 23474.00
ext_homfam_large EF_TS 47306 3 145.243 217 29.0 42.5 93.5 40.4 20.9 922.8401 0:15:22 7321.92 126003.66 6987.95 7102.06 1.76 69.85 445.34 4119.58
ext_homfam_large ccH 87847 4 53.8964 65 34.7 94.8 94.8 88.1 90.1 518.2726 0:08:38 6386.29 125997.73 6051.20 6137.79 1.69 80.96 166.72 868.35
ext_homfam_large LMWPc 76645 3 129.111 161 54.3 97.4 98.3 95.5 95.9 704.3656 0:11:44 7001.29 126009.65 6667.75 6747.55 1.74 104.41 292.64 2070.36
ext_homfam_large COX3 67464 3 195.409 278 31.5 40.4 63.1 5.0 2.4 1233.5522 0:20:33 8240.38 126011.38 7904.91 8011.49 1.78 110.00 310.97 3841.28
ext_homfam_large KAS 47886 6 138.716 404 31.7 74.8 85.5 48.8 55.1 1183.3777 0:19:43 7121.61 126004.85 6786.38 6900.43 1.79 67.39 977.01 11556.30
ext_homfam_large DNA_pol3_beta 97572 3 113.738 138 11.6 83.8 83.1 73.8 77.8 644.6657 0:10:44 6653.38 126010.54 6318.70 6425.10 1.68 115.08 162.73 1044.59
ext_homfam_large laminin_G 43331 4 123.858 213 18.3 65.0 66.8 45.6 54.5 642.7914 0:10:42 6754.37 126001.46 6420.58 6504.78 1.79 54.76 290.70 1878.35
ext_homfam_large MM_CoA_mutase 72484 4 104.911 193 32.4 73.2 81.8 60.1 63.5 613.5616 0:10:13 6738.38 126009.51 6403.71 6495.32 1.71 93.05 244.02 1492.12
ext_homfam_large pgk 46729 4 347.047 435 51.4 96.0 96.1 91.6 93.6 2111.4592 0:35:11 9038.95 126013.45 8703.50 8783.28 1.79 109.78 236.05 4984.25
ext_homfam_xlarge Peptidase_M24 172250 4 215.363 363 22.1 69.0 75.4 47.7 56.4 3773.8617 1:02:53 9855.26 126040.88 9519.86 9599.66 1.59 656.12 427.32 16104.90
ext_homfam_xlarge xia 209226 6 231.707 398 69.1 89.4 91.9 73.1 74.6 3676.5298 1:01:16 10084.27 126085.35 9748.84 9832.73 1.58 700.10 353.40 12910.84
ext_homfam_xlarge TPR 125824 6 32.084 237 17.0 21.9 29.7 0.0 0.0 523.1572 0:08:43 6403.53 126006.25 6068.77 6152.54 1.63 114.92 153.65 808.18
ext_homfam_xlarge HMA 121128 3 57.6601 72 28.4 94.7 95.6 91.7 92.3 569.6959 0:09:29 6560.59 126011.59 6225.58 6309.32 1.58 119.20 168.07 961.82
ext_homfam_xlarge Ald_Xan_dh_2 200468 6 271.37 885 31.8 76.4 84.9 59.1 65.1 10540.9683 2:55:40 15667.79 126058.57 15629.90 15644.99 1.52 1295.65 281.97 29724.13
ext_homfam_xlarge CPSase_L_chain 105928 4 104.716 143 23.0 28.0 46.0 5.8 6.8 705.5915 0:11:45 7120.30 126012.09 6785.45 6869.07 1.68 134.93 187.79 1329.30
ext_homfam_xlarge ATP-synt 197504 4 146.75 535 36.5 34.5 48.0 4.6 4.5 7434.1085 2:03:54 9889.24 126034.09 9554.16 9638.03 1.59 1055.26 654.30 48644.11
ext_homfam_xlarge Ald_Xan_dh_1 227053 6 66.8665 205 43.4 78.8 84.2 51.8 57.1 890.7377 0:14:50 7334.25 126024.91 6999.43 7105.71 1.48 463.95 284.26 2540.61
ext_homfam_xlarge LRR 124140 3 21.1644 485 38.1 9.5 15.5 3.5 1.5 686.5389 0:11:26 6734.34 126006.46 6399.18 6478.91 1.52 105.58 165.83 1142.23
ext_homfam_xlarge ghf1 107507 8 381.152 562 38.4 91.2 92.4 69.2 77.7 6088.0446 1:41:28 12088.49 126038.81 11753.99 11867.83 1.73 238.01 219.36 13346.91
ext_homfam_xlarge rvp 198002 6 90.8504 132 36.6 36.7 81.7 10.8 8.0 1065.4434 0:17:45 7065.64 126019.29 6730.29 6814.27 1.64 239.57 913.63 9725.69
ext_homfam_xlarge lyase_1 140178 5 285.639 511 30.9 75.2 75.5 53.5 56.3 3791.4945 1:03:11 9482.21 126045.01 9147.13 9230.96 1.63 462.96 193.77 7256.36
ext_homfam_xlarge ldh 192821 14 145.613 371 31.9 56.8 70.7 21.1 24.8 3593.1677 0:59:53 10813.78 126033.98 10478.52 10562.37 1.54 692.26 1596.36 57363.51
ext_homfam_xlarge subt 169430 11 276.407 414 39.5 73.3 79.5 27.3 34.5 15879.6763 4:24:39 20978.85 128624.37 20546.16 20660.33 1.45 1940.24 533.70 84692.52
ext_homfam_xlarge inositol_P 101015 3 234.461 448 19.9 58.8 59.6 40.1 47.9 2957.7380 0:49:17 8934.71 126023.95 8599.65 8683.40 1.67 177.93 437.82 12948.77
ext_homfam_xlarge Toprim 117099 3 104.453 139 19.1 72.3 75.7 55.7 62.0 1452.8757 0:24:12 8145.07 126013.56 7808.81 7889.07 1.70 140.99 769.33 11165.47
ext_homfam_xlarge blm 234666 8 288.271 274 39.1 74.7 81.2 44.6 46.3 5997.1191 1:39:57 13199.20 126071.26 12912.31 12979.89 1.41 1764.36 536.34 32153.44
ext_homfam_xlarge cox 206585 4 191.297 661 32.2 48.2 65.7 29.8 28.9 4285.1774 1:11:25 11498.57 126044.50 11163.20 11242.86 1.50 1277.59 526.54 22551.59
ext_homfam_xlarge tRNA-synt_2b 158768 5 222.601 467 18.7 43.0 49.8 15.4 20.8 4728.2109 1:18:48 11261.27 126044.15 10925.84 11005.65 1.69 829.94 888.38 42006.03
ext_homfam_xlarge UPF0076 125187 3 113.476 129 45.4 96.8 97.3 95.2 95.1 747.4017 0:12:27 7104.42 126016.53 6768.55 6848.68 1.57 242.37 225.16 1686.45
ext_homfam_xlarge Nitroreductase 151688 3 145.346 273 21.4 71.4 74.1 63.0 69.0 2450.5028 0:40:50 8911.17 126025.52 8576.16 8659.75 1.58 666.31 1417.74 34745.06
ext_homfam_xlarge S4 131028 3 44.4202 48 44.2 100.0 100.0 100.0 100.0 512.2897 0:08:32 6449.50 126003.02 6114.39 6201.51 1.58 110.93 147.83 761.63
ext_homfam_xlarge icd 101244 5 327.38 433 41.7 92.5 93.8 80.2 83.6 3497.8063 0:58:17 10297.89 126063.80 9962.65 10076.80 1.75 214.32 282.27 9870.18
ext_homfam_xlarge galpha 148827 3 160.363 337 52.5 90.2 95.3 83.1 84.7 7580.8891 2:06:20 11911.89 126054.81 11577.07 11668.70 1.64 977.48 579.50 43924.42
ext_homfam_xlarge NTP_transferase 234612 4 220.704 311 32.3 82.1 90.0 70.1 72.5 4155.6308 1:09:15 10865.45 118415.17 10530.42 10614.22 1.47 1129.66 486.65 20230.04
ext_homfam_xlarge fer2 166512 13 64.0801 119 45.3 78.5 77.3 35.3 44.5 650.2861 0:10:50 6778.08 126016.65 6493.03 6583.26 0.00 0.00 255.06 0.00
ext_homfam_xlarge transketolase_C 135540 3 112.745 164 25.7 70.2 73.4 54.7 53.9 759.2125 0:12:39 7097.89 126037.61 6762.80 6842.53 1.60 177.05 246.70 1864.04
ext_homfam_xlarge ace 146203 6 256.61 601 37.3 80.5 85.2 60.9 68.4 6634.9087 1:50:34 13139.20 126039.66 12803.20 12887.12 1.53 1055.62 312.36 20669.10
ext_homfam_xlarge PGAM 200162 3 150.289 261 44.3 87.7 89.9 81.0 84.2 2039.0761 0:33:59 8538.20 126034.48 8203.20 8286.92 1.48 600.31 438.75 8931.03
ext_homfam_xlarge fer4 167880 14 21.0592 179 33.3 31.0 48.2 0.0 0.0 531.5521 0:08:51 6461.17 119824.12 6125.17 6225.01 1.55 175.41 154.86 827.47
ext_homfam_xlarge mle 198305 3 159.65 379 28.2 85.5 90.0 78.3 79.6 2065.9573 0:34:25 9228.91 126037.61 8893.81 9007.95 1.53 520.08 452.69 9344.30
ext_homfam_xlarge serbact 214135 5 181.194 205 52.5 64.0 80.9 36.6 38.7 3670.4917 1:01:10 11545.66 126051.22 11210.41 11302.13 1.41 1342.26 423.77 15559.08
ext_homfam_xlarge COX2 113644 3 91.1234 293 30.5 38.5 44.9 10.8 5.5 1282.7843 0:21:22 6894.46 126011.65 6559.16 6638.87 1.68 127.16 791.67 10160.67
ext_homfam_xlarge Mur_ligase_C 128718 3 77.2071 149 17.5 33.0 38.4 20.8 24.1 677.1218 0:11:17 6737.36 126013.48 6402.13 6489.64 1.54 145.44 154.89 1052.61
ext_homfam_xlarge GAF 244682 3 129.555 201 16.3 65.9 67.6 48.6 52.3 2178.1298 0:36:18 8970.93 126059.80 8635.41 8727.25 1.16 946.73 793.88 17289.61
ext_homfam_xlarge adk 113057 9 146.734 301 32.6 78.4 75.2 22.0 23.9 1327.9192 0:22:07 8694.88 126020.06 8359.77 8443.44 1.72 159.11 533.52 7071.94
ext_homfam_xlarge Rhodanese 240100 6 96.8885 216 22.7 72.0 72.8 47.4 56.0 1327.5290 0:22:07 8406.11 126032.20 8071.50 8155.16 1.52 578.82 704.49 9341.13
ext_homfam_xlarge alpha-amylase 226460 23 220.82 780 23.2 47.1 70.4 0.0 0.0 6269.6239 1:44:29 14653.91 126058.20 14318.65 14402.44 1.57 1826.32 967.30 60562.31
ext_homfam_xlarge transket_pyr 146288 3 168.402 236 26.5 70.2 70.8 52.4 56.3 1510.6097 0:25:10 7667.08 126062.92 7331.45 7437.76 1.67 370.46 395.80 5966.40
ext_homfam_xlarge reductases 229913 7 97.3646 358 22.1 58.3 64.3 28.2 38.1 1518.8719 0:25:18 7940.71 126028.48 7605.54 7689.28 1.42 396.47 232.28 3521.81
ext_homfam_xlarge RuBisCO_large_NC 115109 7 201.689 496 50.2 67.6 77.4 4.7 3.1 1398.5378 0:23:18 8548.40 126019.61 8213.17 8296.97 1.82 150.55 372.44 5211.44
ext_homfam_xlarge cytc 195303 11 88.0563 138 44.5 86.4 89.0 50.0 59.1 2158.1794 0:35:58 8784.41 126024.37 8448.06 8532.33 5.53 462.42 1327.68 28656.35
ext_homfam_xlarge chorismate_bind 138684 3 210.116 521 46.8 84.2 89.8 78.9 77.8 4624.5771 1:17:04 11706.69 126030.73 11101.34 11215.55 1.64 613.10 1265.08 58511.62
ext_homfam_xlarge biotin_lipoyl 161409 7 67.2255 112 28.9 90.1 91.0 68.2 75.2 621.8658 0:10:21 6658.49 126016.34 6334.44 6424.59 1.68 231.86 161.70 1009.21
ext_homfam_xlarge C2 122466 3 95.8403 143 25.5 72.6 74.2 62.8 66.0 859.3296 0:14:19 7496.75 126012.71 7161.79 7253.50 1.62 130.17 742.77 6382.55
ext_homfam_xlarge actin 226896 4 332.58 457 39.7 53.7 97.0 16.9 9.5 18757.2291 5:12:37 28421.61 136189.33 28086.43 28170.18 1.61 5002.71 906.25 169778.16
ext_homfam_xlarge dCMP_cyt_deam 129481 3 99.138 136 24.2 63.0 69.8 48.9 58.3 1720.5490 0:28:40 8174.39 126016.64 7839.49 7931.10 1.56 160.18 957.23 16457.16
ext_homfam_xlarge RING 109955 3 41.9605 64 25.9 74.1 75.0 58.1 63.0 543.1429 0:09:03 6802.58 121867.85 6467.90 6559.49 1.55 95.55 443.95 2415.24
ext_homfam_xlarge OTCace 130785 5 145.658 350 37.3 88.5 90.0 70.9 73.9 1388.4480 0:23:08 7570.38 126047.30 7557.28 7671.33 1.64 353.80 219.61 3050.64
ext_homfam_xlarge cdh 227063 3 89.2674 117 34.5 77.9 80.7 64.7 67.6 871.1982 0:14:31 7548.96 126029.62 7212.98 7297.16 1.50 315.01 253.17 2191.68
ext_homfam_xlarge EFTU_2 115028 4 69.089 125 39.7 77.7 80.3 67.0 69.6 591.7612 0:09:51 6675.17 126001.12 6388.10 6478.30 1.66 180.94 308.07 1826.63
ext_homfam_xlarge NADHdh_2 152703 3 142.109 273 60.3 87.3 96.2 79.5 83.4 1283.6187 0:21:23 8254.58 126043.89 7919.27 8025.60 1.59 445.17 176.22 2255.54
ext_homfam_xlarge PDZ 193638 6 67.4089 110 30.6 90.6 91.4 78.8 79.0 693.9067 0:11:33 7211.31 126025.28 6876.09 6990.41 1.57 263.01 178.02 1239.42
ext_homfam_xlarge CPS 245767 3 174.884 278 25.4 87.3 90.9 80.9 81.8 1996.6571 0:33:16 9468.55 126112.52 9135.16 9240.83 9.45 894.02 405.88 8022.64
ext_homfam_xlarge AP_endonuc_2 209223 3 231.703 308 17.0 74.4 74.7 57.7 62.5 3689.1209 1:01:29 10117.78 126544.34 9890.33 9970.33 1.46 672.57 382.49 14028.43
ext_homfam_xlarge cyt5 195298 6 88.0548 93 50.2 79.8 83.5 36.9 38.1 2116.9323 0:35:16 8209.16 126024.37 7874.10 7957.91 1.57 438.71 1310.26 27744.88
ext_homfam_xlarge gpdh 113214 8 125.638 360 55.1 94.4 95.7 81.6 83.8 1269.6457 0:21:09 7699.40 126015.77 7364.39 7478.78 1.71 149.51 320.30 4075.55
ext_homfam_xlarge dpo1 114725 4 253.361 726 32.6 34.3 49.7 2.4 1.3 4597.1578 1:16:37 11225.95 126029.09 10890.38 10974.38 1.65 840.05 486.74 22313.85
ext_homfam_xlarge lacI 147279 3 44.7033 65 41.8 92.3 90.0 83.9 87.8 568.1497 0:09:28 6489.51 126013.66 6154.46 6234.27 1.48 124.18 153.63 877.15
ext_homfam_xlarge int 140686 5 158.705 219 22.5 81.2 84.0 57.9 63.0 1532.9618 0:25:32 8837.77 126038.51 8502.61 8586.27 1.61 463.53 509.69 7813.91
ext_homfam_xlarge asprs 233293 3 217.228 542 28.3 23.8 62.9 1.7 0.9 8800.9287 2:26:40 19978.54 127322.86 19643.13 19734.87 1.50 3078.17 1307.93 115098.69
ext_homfam_xlarge HGTP_anticodon 117450 6 87.6784 127 22.1 90.1 90.6 67.8 80.7 656.5987 0:10:56 7220.72 126012.22 6885.42 6965.07 1.63 137.36 205.98 1356.80
ext_homfam_xlarge pnp 113917 3 211.723 293 38.1 69.8 71.5 49.8 50.6 2860.6338 0:47:40 9495.34 126025.16 9208.11 9343.27 1.65 537.12 626.97 17938.98
ext_homfam_xlarge prt 224881 3 116.205 226 24.0 67.3 70.8 53.6 60.4 1920.8722 0:32:00 8617.28 126071.86 8282.09 8373.83 1.54 501.40 777.56 14932.00
ext_homfam_xlarge rrm 230657 20 63.9034 157 22.9 82.6 83.8 22.5 28.0 754.5974 0:12:34 7330.38 126005.86 6995.05 7078.89 1.31 279.66 146.23 1106.93
ext_homfam_xlarge FAD_binding_4 194444 4 130.97 314 17.8 17.7 47.2 1.5 0.3 1281.2109 0:21:21 8295.93 126033.34 7961.12 8052.63 1.47 418.73 183.65 2346.62
ext_homfam_xlarge sermam 214157 27 181.2 309 37.5 90.4 90.7 47.4 59.1 3394.5103 0:56:34 11598.71 126051.22 11311.61 11446.78 1.39 842.28 492.73 16730.68
ext_homfam_small cytprime 8229 4 112.012 136 26.7 95.5 96.3 88.4 91.2 270.8931 0:04:30 6564.72 125995.03 6229.89 6360.08 1.86 15.84 143.88 393.96
ext_homfam_small MIF 4369 3 104.545 118 51.8 98.8 98.8 98.2 98.2 234.4392 0:03:54 6444.21 107624.29 6109.36 6193.02 1.90 9.24 140.09 332.31
ext_homfam_small ricin 2156 7 169.377 281 37.5 86.9 88.0 70.7 77.5 326.6631 0:05:26 6875.44 107621.38 6541.25 6655.33 1.95 7.20 162.14 533.95
ext_homfam_small PSI_PsaE 940 3 59.3223 78 74.0 96.9 96.9 92.8 94.2 178.6757 0:02:58 6223.23 125989.55 5890.40 6007.18 1.98 4.10 117.37 214.04
ext_homfam_small rnase 7246 3 80.1155 108 61.4 95.4 96.7 90.6 92.2 245.6366 0:04:05 6373.52 107623.80 6038.73 6118.39 1.88 13.58 139.45 347.02
ext_homfam_small B 778 3 45.7172 56 78.1 98.5 98.5 96.3 97.0 174.0428 0:02:54 6158.42 109669.42 5824.90 5930.89 1.99 2.51 121.97 216.57
ext_homfam_small Yers_vir_YopE 269 3 66.5985 136 26.4 59.3 61.0 37.9 40.3 193.3438 0:03:13 6188.26 125990.39 5853.95 5960.19 1.99 0.88 111.07 219.08
ext_homfam_small cyt3 5521 6 77.3802 130 40.3 74.4 79.4 46.6 52.7 234.3224 0:03:54 6404.16 125993.79 6069.32 6153.09 1.93 11.99 142.80 338.96
ext_homfam_small cyto 613 3 141.687 159 82.3 92.8 95.4 87.3 88.4 229.9924 0:03:49 6648.76 114543.30 6313.92 6393.79 1.98 3.68 189.66 439.97
ext_homfam_small ins 3677 6 83.6742 74 44.9 85.2 88.2 52.2 73.6 287.1226 0:04:47 6426.36 125989.72 6092.55 6172.46 0.00 0.00 412.80 0.00
ext_homfam_small pot 1950 4 60.5754 70 38.7 97.4 98.4 95.6 95.3 191.9936 0:03:11 6202.40 107621.45 5867.81 5974.07 1.95 4.91 104.84 205.60
ext_homfam_small Levi_coat 207 4 100.246 135 46.9 84.3 83.9 68.5 68.5 211.8005 0:03:31 6342.43 125993.35 6009.12 6100.56 1.99 1.84 127.87 275.17
ext_homfam_small DNA_PPF 949 4 112.256 131 32.5 37.0 34.8 6.1 1.3 208.4645 0:03:28 6450.54 109670.50 6117.56 6223.40 1.99 2.34 127.57 270.29
ext_homfam_small phc 9471 12 122.04 179 37.2 92.1 93.9 73.2 78.0 319.0434 0:05:19 6811.50 125995.16 6477.54 6557.29 1.88 20.31 172.14 553.45
ext_homfam_small mycin 586 4 93.6075 116 39.8 84.5 86.4 68.1 70.4 197.1132 0:03:17 6312.20 107623.67 5977.72 6061.55 1.98 3.16 104.59 210.51
ext_homfam_small lta 1239 3 160.941 193 70.1 97.8 98.2 95.7 96.4 270.5258 0:04:30 6638.08 115892.38 6303.73 6383.47 1.96 4.53 147.82 404.57
ext_homfam_small FN1 2335 3 37.3859 53 28.7 97.7 97.7 93.8 96.2 176.6720 0:02:56 6126.40 106278.61 5793.62 5940.41 1.96 4.11 118.69 213.61
ext_homfam_small DISIN 8237 3 73.6888 74 57.1 96.2 96.2 94.3 94.9 241.8961 0:04:01 6319.28 125995.55 5984.48 6064.23 1.86 14.20 141.97 347.77
ext_homfam_small phoslip 4820 18 100.297 137 48.9 90.5 90.4 71.3 80.2 237.4104 0:03:57 6512.78 125989.79 6178.45 6262.16 1.90 11.23 138.17 332.33
ext_homfam_small NO_synthase 5614 3 326.529 428 67.4 90.0 93.0 82.1 83.4 635.9332 0:10:35 8099.39 118317.52 7812.95 7903.06 1.96 17.50 182.24 1163.25
ext_homfam_small ngf 2408 4 90.5465 120 56.7 94.8 96.0 90.7 91.9 221.4306 0:03:41 6429.67 107623.13 6095.09 6201.14 1.98 5.50 120.17 270.15
ext_homfam_small THAUMATIN 9013 3 189.313 217 57.4 92.5 94.1 87.8 88.9 523.2825 0:08:43 7077.64 125998.90 6745.60 6829.30 1.84 21.10 202.26 1063.69
ext_homfam_small GATA 8389 3 33.5682 71 48.4 97.3 95.4 89.1 95.3 213.9599 0:03:33 6166.84 107624.66 5833.57 5939.37 1.88 11.39 132.04 286.73
ext_homfam_small TMV_coat 683 4 139.098 160 45.7 95.2 95.3 88.6 90.3 223.1681 0:03:43 6543.08 125993.22 6209.39 6330.47 1.99 2.39 114.74 260.88
ext_homfam_small MCR_beta 377 3 237.613 256 68.7 99.2 99.2 98.4 98.7 267.7498 0:04:27 6814.12 125992.39 6479.66 6585.67 1.99 2.84 146.33 396.10
ext_homfam_small EF1BD 4175 3 81.8137 91 30.1 86.6 87.2 78.9 79.5 235.7908 0:03:55 6395.82 125996.09 6061.41 6153.19 1.91 9.86 141.88 338.84
ext_homfam_small Stap_Strp_toxin 3060 6 76.4301 254 32.5 67.3 68.4 24.3 28.3 306.1641 0:05:06 6302.59 125989.83 5968.20 6098.11 1.98 5.75 162.15 500.79
ext_homfam_small ghf22 4009 12 108.649 131 51.4 96.1 96.5 82.3 85.7 237.8181 0:03:57 6567.70 110856.30 6233.15 6316.75 1.96 10.01 136.43 328.79
ext_homfam_small MCR_beta_NC 751 3 206.819 443 61.8 98.6 98.8 97.5 97.8 288.5982 0:04:48 6804.86 105293.30 6470.64 6576.80 1.98 4.71 161.58 470.57
ext_homfam_small ghf14 4290 3 304.267 529 44.3 88.9 90.4 81.3 84.2 963.9652 0:16:03 8265.18 125996.20 7934.28 8014.10 1.93 14.57 206.59 1996.53
ext_homfam_small BIR 8229 4 66.494 165 36.2 74.7 78.2 58.1 68.7 244.3340 0:04:04 6350.39 107624.70 6015.71 6095.37 1.88 13.75 141.23 349.36
ext_homfam_small ENTH 7524 3 108.643 280 34.3 85.0 88.1 76.7 76.5 357.2768 0:05:57 6556.57 107624.68 6223.34 6381.70 1.89 13.95 169.72 610.73
ext_homfam_small Colicin 1246 3 152.028 202 34.9 87.7 88.4 79.4 81.0 253.6145 0:04:13 6561.60 126237.58 6227.65 6307.39 1.98 4.26 126.87 325.92
ext_homfam_small bowman 521 5 23.5509 73 64.9 94.5 95.0 84.3 86.6 169.0368 0:02:49 6052.94 124104.22 5719.00 5849.61 1.98 2.68 125.53 216.55
ext_homfam_small hip 2423 5 59.9674 88 33.4 83.8 83.5 60.7 68.3 195.0718 0:03:15 6214.54 107620.36 5880.39 5985.23 1.94 5.77 103.43 206.06
ext_homfam_small mthinb 1143 3 57.9519 31 83.3 97.8 97.8 96.7 96.7 180.7273 0:03:00 6222.05 104951.55 5888.68 5994.71 1.98 4.20 116.62 214.74
ext_homfam_small leukocidin 1384 3 233.638 323 42.9 32.6 40.2 4.4 1.6 451.5967 0:07:31 7581.14 108197.44 7246.80 7360.09 1.98 5.39 178.83 811.90
ext_homfam_small ghf7 7650 4 235.468 452 47.4 87.8 90.4 78.1 80.3 507.2475 0:08:27 6790.82 125997.75 6456.65 6536.25 1.91 20.19 248.00 1264.08
ext_homfam_small ghf6 8342 3 272.548 373 39.3 77.3 82.4 67.4 69.6 674.5917 0:11:14 7448.79 107910.85 7114.06 7197.84 1.87 21.91 181.06 1225.62
ext_homfam_small cks 1954 3 67.1433 102 65.2 96.7 97.2 94.6 95.3 206.7836 0:03:26 6330.73 107624.66 5997.48 6156.19 1.96 6.13 133.72 280.82
ext_homfam_small sti 3191 5 157.281 198 36.4 86.6 87.2 69.6 76.0 309.3362 0:05:09 6783.93 107655.81 6450.20 6529.88 1.93 9.99 154.36 481.76
ext_homfam_small NTP_transf_2_2 3285 3 105.676 179 53.9 87.8 91.0 79.6 80.8 362.8094 0:06:02 6436.60 116265.65 6110.17 6202.36 1.93 9.54 455.23 1658.23
ext_homfam_small pp 570 3 33.5 36 48.1 100.0 100.0 100.0 100.0 160.3026 0:02:40 6044.47 125989.43 5710.02 5861.43 1.99 2.05 98.12 161.61
ext_homfam_small tgfb 9741 8 93.9962 118 43.8 88.5 90.2 52.1 61.6 286.0939 0:04:46 6491.57 107625.16 6157.48 6237.17 1.88 15.00 144.47 417.61
ext_homfam_small intb 9453 6 104.183 162 29.8 60.2 71.0 32.1 36.1 315.7980 0:05:15 6618.02 125992.05 6283.80 6389.87 1.88 15.17 166.21 529.96
ext_homfam_small tbpc 7905 4 77.3722 193 60.7 95.3 95.6 90.2 92.9 276.5153 0:04:36 6429.56 109670.27 6095.57 6200.79 1.86 13.73 148.00 413.52
ext_homfam_small cbm12 2252 3 24.5524 67 28.4 57.8 69.8 34.0 39.8 174.6241 0:02:54 6093.99 125989.68 5760.16 5839.84 1.96 4.80 123.97 220.82
ext_homfam_small Bcl-2 3912 3 89.5153 201 36.1 89.7 90.3 80.7 88.3 240.0858 0:04:00 6492.23 105036.46 6157.55 6237.36 1.93 9.42 142.63 346.76
ext_homfam_small CBM_20 9185 8 83.7415 120 51.8 84.9 85.6 58.3 61.3 260.4151 0:04:20 6423.23 105054.79 6088.53 6168.39 1.83 20.92 151.73 399.61
ext_homfam_small MCR_alpha_N 1536 3 112.758 283 63.3 97.6 98.0 95.5 96.5 269.7699 0:04:29 6540.00 115748.52 6205.72 6285.54 1.99 4.82 205.05 558.85
ext_homfam_small bv 1255 7 171.164 256 12.7 21.2 27.1 0.0 0.0 271.9336 0:04:31 6664.78 107621.52 6330.23 6436.26 1.98 4.82 144.04 396.49
ext_homfam_small SAP 8609 3 32.5649 54 24.4 92.7 95.3 86.4 92.7 209.2112 0:03:29 6131.82 109670.23 5797.09 5888.88 1.90 12.02 133.59 283.82
ext_homfam_small RuBisCO_small 5655 7 88.1202 166 46.2 89.4 90.0 73.0 76.7 248.4694 0:04:08 6438.06 109670.13 6104.16 6187.84 1.90 11.71 136.26 342.88
ext_homfam_small Peptidase_S21 478 3 270.439 227 36.6 84.1 84.4 74.9 79.9 367.8497 0:06:07 7500.26 113512.00 7166.52 7296.80 1.99 2.51 161.79 599.50
ext_homfam_small adeno_fiber 374 3 157.821 201 51.7 94.5 93.6 88.2 90.8 225.5493 0:03:45 6678.56 107624.11 6344.09 6435.87 1.99 2.12 112.11 257.16
ext_homfam_small profilin 4934 5 121.89 144 39.7 94.7 95.4 87.5 88.4 322.4026 0:05:22 6548.16 125994.73 6213.63 6293.46 1.91 12.22 199.87 650.00
ext_homfam_small Binary_toxA 3993 3 150.797 228 26.6 71.5 70.4 54.6 60.4 326.4348 0:05:26 6703.72 117803.00 6370.71 6476.74 1.91 11.11 246.68 811.79
ext_homfam_small P 4043 3 41.371 62 45.5 94.0 93.4 89.3 90.7 194.5380 0:03:14 6153.18 107624.21 5818.89 5910.60 1.88 8.68 106.72 211.93
ext_homfam_small toxin 1618 20 70.8257 78 43.1 76.7 83.5 39.0 42.7 195.4150 0:03:15 6265.69 107623.92 5932.20 6038.35 1.96 4.75 103.67 206.80
ext_homfam_small LuxS 9397 4 142.792 162 42.5 90.8 90.7 79.7 85.3 294.4927 0:04:54 6690.86 107624.57 6357.10 6462.77 1.90 15.70 153.15 455.33
ext_homfam_small ghf11 4398 5 168.894 202 49.5 90.6 91.3 74.5 77.4 344.6470 0:05:44 6790.23 125996.60 6456.86 6536.50 1.93 13.26 156.10 541.75
ext_homfam_small MMOB 1790 3 83.6235 99 35.5 87.2 85.6 73.7 79.2 198.4999 0:03:18 6333.46 125994.56 5998.56 6104.63 1.96 5.50 133.46 269.22
ext_homfam_small toxin_2 210 21 31.3619 48 41.3 89.9 88.9 35.6 40.5 170.6779 0:02:50 6023.29 109768.09 5689.33 5795.33 1.99 1.14 126.64 220.48
ext_homfam_small rnasemam 2891 6 111.153 141 42.2 91.9 89.4 66.4 77.6 226.5944 0:03:46 6452.96 105121.73 6118.39 6198.49 1.93 8.41 110.45 254.61
ext_homfam_small planttoxin 2018 3 46.1749 49 55.3 87.8 87.8 74.5 78.6 178.6443 0:02:58 6155.75 104876.82 5822.22 5928.23 1.94 5.00 117.27 213.80
ext_homfam_small ets 4318 4 75.8333 112 48.5 91.0 91.7 77.7 84.8 211.9688 0:03:31 6338.41 125994.67 6004.12 6083.85 1.95 8.89 129.99 279.84
ext_homfam_small MCR_beta_N 377 3 174.379 187 52.4 100.0 100.0 100.0 100.0 222.9636 0:03:42 6688.10 107620.27 6353.95 6481.52 1.99 1.91 114.02 258.50
ext_homfam_small ALBUMIN 3177 3 162.429 201 21.6 80.2 81.1 68.4 71.0 267.6111 0:04:27 6818.68 109671.16 6484.06 6590.27 1.94 9.53 144.61 391.22
ext_homfam_small ChtBD 5651 5 36.4148 45 59.3 94.7 95.4 81.4 84.5 198.6550 0:03:18 6154.61 125993.80 5819.95 5899.88 1.88 11.66 132.31 267.14
ext_homfam_small Huristasin 2039 3 26.5738 56 38.3 94.5 94.5 88.5 90.4 168.9332 0:02:48 6087.75 125991.78 5878.21 5934.42 1.97 3.43 136.08 234.65
ext_homfam_small Cyclotide 393 3 28.0738 39 55.3 84.5 85.7 79.3 80.3 161.9049 0:02:41 6020.27 104818.36 5686.33 5792.97 1.98 2.39 97.79 162.54
ext_homfam_small ghf33 5352 4 11.2973 573 22.9 49.2 51.7 30.6 34.5 338.1288 0:05:38 6258.20 107620.57 5924.48 6004.18 1.84 7.94 178.57 608.06
ext_homfam_small Cys-protease-3C 3922 3 153.845 219 28.2 79.2 80.4 66.1 67.6 322.1616 0:05:22 6753.95 125994.36 6419.49 6533.86 1.97 8.28 181.02 587.81
ext_homfam_small thionin 287 3 44.3031 48 53.3 92.6 92.6 88.9 88.9 166.7205 0:02:46 6095.22 107623.11 5761.12 5867.10 1.98 1.62 97.69 167.14
ext_homfam_small UcrQ 1661 3 71.7074 94 44.3 90.2 91.8 82.7 84.7 190.1724 0:03:10 6285.59 107623.21 5951.07 6057.06 1.96 4.99 108.69 211.04
ext_homfam_small MCR_gamma 387 3 236.183 252 59.8 98.9 99.0 97.2 97.9 278.5620 0:04:38 7141.33 107620.36 6807.09 6907.80 1.99 2.30 135.69 382.32
ext_homfam_small Propep_M14 4977 4 69.9908 98 49.4 96.1 96.1 89.4 90.5 211.1809 0:03:31 6297.78 107624.59 5963.90 6094.08 1.86 11.33 130.09 278.98
ext_homfam_small mthina 1143 3 57.9536 32 93.5 100.0 100.0 100.0 100.0 184.7058 0:03:04 6199.42 125993.33 5865.92 5977.98 1.98 3.25 109.71 206.99
ext_homfam_small CBD_3 3655 3 78.925 170 31.4 76.9 76.4 59.4 64.0 225.3531 0:03:45 6380.82 107621.62 6046.25 6126.03 1.91 9.03 117.31 268.36
ext_homfam_small UCR_TM 1702 3 56.3255 76 47.4 88.0 92.3 79.7 83.9 192.6036 0:03:12 6216.54 125997.14 5881.75 6012.06 1.96 5.02 104.53 205.65
ext_homfam_small squash 207 4 32.8309 36 47.8 85.7 86.7 72.4 75.0 179.5126 0:02:59 6055.12 104852.81 5722.16 5828.54 1.99 2.05 118.39 216.75
ext_homfam_small trfl 6092 7 260.067 702 61.9 93.8 94.9 86.4 86.9 859.1748 0:14:19 7817.22 107624.77 7482.50 7566.17 1.89 17.37 200.41 1726.38
ext_homfam_small TNF 4958 5 118.155 176 32.0 77.5 79.4 59.2 66.0 256.9916 0:04:16 6577.90 109670.14 6244.17 6323.74 1.90 11.81 128.02 333.34
ext_homfam_small E2_C 1119 3 76.0679 87 44.4 88.3 91.2 80.2 83.9 195.4595 0:03:15 6227.07 107624.07 5892.50 5972.47 1.97 3.64 104.73 209.01
ext_homfam_small scorptoxin 894 8 49.4664 74 46.3 89.5 89.8 68.5 80.5 179.3361 0:02:59 6167.07 106761.21 5832.79 5925.08 1.98 3.48 115.80 212.01
ext_homfam_small Colicin_Pyocin 3144 3 75.0945 87 58.2 97.6 98.0 94.3 96.4 201.4246 0:03:21 6335.91 125993.46 6001.25 6081.03 1.95 7.26 133.32 273.02
ext_homfam_medium fibrinogen_C 21250 3 169.391 265 45.1 90.4 90.8 85.3 87.4 586.2314 0:09:46 7202.79 116896.54 6871.40 6951.21 1.83 36.23 211.06 1243.42
ext_homfam_medium chromo 22016 3 49.6303 90 23.0 88.7 81.3 76.8 85.3 299.5414 0:04:59 6297.46 116165.19 6066.00 6139.23 1.82 24.49 245.20 741.16
ext_homfam_medium TIL 18392 4 55.1856 87 36.0 73.2 75.1 50.8 55.4 264.6333 0:04:24 6287.99 107625.83 5953.18 6043.59 1.77 22.98 146.62 392.28
ext_homfam_medium gpr 30147 3 120.939 159 41.5 87.6 90.2 85.3 85.6 424.9428 0:07:04 6656.05 125999.25 6322.17 6405.90 1.81 40.25 167.63 716.13
ext_homfam_medium lamb 15484 3 336.803 465 43.5 82.2 82.5 70.0 74.1 1170.1991 0:19:30 8458.06 126000.01 8122.70 8206.49 1.92 32.77 225.32 2640.82
ext_homfam_medium MHC_II_N 31069 13 68.7297 96 30.8 38.9 71.2 0.0 0.0 508.3634 0:08:28 6479.50 116746.53 6144.12 6224.03 1.79 32.23 1102.03 5602.12
ext_homfam_medium aldose 13310 3 262.93 365 61.0 95.6 95.7 89.8 93.4 955.4146 0:15:55 7582.61 125999.53 7247.55 7331.56 1.81 30.58 206.88 1980.89
ext_homfam_medium ghf10 20775 5 271.047 364 43.3 93.7 93.9 81.4 86.8 1325.3511 0:22:05 7735.89 126000.89 7401.46 7481.39 1.80 45.70 299.86 3977.59
ext_homfam_medium mofe 24946 6 365.099 609 30.0 51.9 75.2 1.1 0.1 980.7976 0:16:20 8608.89 126005.34 8273.75 8379.86 1.78 60.85 1544.68 15155.83
ext_homfam_medium tln 32038 4 144.922 340 43.5 82.7 92.0 65.8 67.9 828.1034 0:13:48 6872.01 126000.53 6537.21 6628.94 1.84 47.94 507.45 4212.50
ext_homfam_medium NiFeSe_Hases 26637 3 247.003 544 66.5 94.4 95.9 91.8 92.0 1684.3209 0:28:04 7529.12 126004.24 7194.04 7300.09 1.82 162.84 690.01 11627.07
ext_homfam_medium RGS 19502 4 116.285 148 33.3 80.9 82.7 66.2 68.7 659.6471 0:10:59 6656.52 125997.48 6321.29 6401.08 1.83 28.11 509.09 3357.10
ext_homfam_medium kazal 17772 6 41.3777 61 40.8 89.1 93.0 72.4 76.4 257.3890 0:04:17 6223.51 125995.75 5889.66 5995.87 1.77 19.52 137.59 358.48
ext_homfam_medium rnr 31114 3 262.586 346 21.5 82.9 86.2 72.4 77.9 1330.6945 0:22:10 7632.84 117388.19 7297.07 7377.02 1.83 54.87 299.53 3987.05
ext_homfam_medium tms 37100 5 256.89 357 45.9 94.1 95.1 81.8 87.6 1946.8708 0:32:26 7696.33 126005.37 7361.76 7520.92 1.79 76.28 456.19 8882.72
ext_homfam_medium fbpase 16163 4 171.943 356 67.9 96.3 96.7 90.7 92.8 594.7473 0:09:54 6980.73 114671.63 6645.70 6751.77 1.84 28.43 217.26 1296.45
ext_homfam_medium cytb 31119 6 69.9154 100 35.6 84.5 85.7 60.9 67.3 429.2583 0:07:09 6509.66 125998.33 6177.73 6334.25 1.77 36.21 458.87 1976.23
ext_homfam_medium mmp 21481 6 134.919 180 55.1 96.8 96.8 88.2 93.1 819.0364 0:13:39 6937.33 116592.52 6604.96 6711.28 1.83 32.35 595.36 4884.97
ext_homfam_medium ghf34 32170 3 321.333 402 36.9 85.7 89.0 77.1 78.0 1659.8275 0:27:39 7979.09 125990.99 7644.60 7724.16 1.99 49.70 203.86 3388.10
ext_homfam_medium Band_41_M 17525 3 126.838 115 50.1 93.6 95.4 89.2 89.8 1055.4023 0:17:35 6775.09 125997.45 6441.08 6555.35 1.82 25.51 443.37 4689.17
ext_homfam_medium RRF 29754 4 159.391 192 40.2 78.9 84.8 64.5 66.0 496.5470 0:08:16 6883.68 126001.62 6548.89 6632.56 1.80 50.96 169.67 833.44
ext_homfam_medium sh2 30882 11 75.1949 128 35.0 79.7 84.3 56.5 64.1 372.3656 0:06:12 6470.59 125997.18 6136.32 6242.49 1.85 32.48 158.14 593.18
ext_homfam_medium Ribosomal_L1 33223 3 184.744 236 43.9 86.1 91.7 77.0 78.6 972.1187 0:16:12 7357.26 126002.32 7022.26 7106.10 1.84 56.30 660.70 6420.45
ext_homfam_medium glnasn 33687 4 179.685 334 51.7 95.9 97.5 90.9 92.6 802.8250 0:13:22 7100.96 116731.27 6772.40 6864.27 1.82 104.81 372.30 2990.07
ext_homfam_medium HLH 38900 5 52.2475 92 28.1 84.7 91.9 64.3 75.4 478.2605 0:07:58 6483.27 125994.73 6314.22 6394.19 1.80 36.14 711.39 3407.03
ext_homfam_medium Filamin 25072 3 87.7086 122 36.0 81.7 94.2 77.5 77.3 622.9678 0:10:22 6784.92 116361.24 6450.00 6564.06 1.82 29.71 425.24 2655.84
ext_homfam_medium recombinase 23584 3 39.2079 57 14.2 81.4 77.2 63.3 72.1 264.1712 0:04:24 6128.70 113991.57 6053.69 6069.31 1.75 23.09 146.03 390.09
ext_homfam_medium dsrm 38153 3 63.8069 100 25.6 90.7 89.0 81.2 86.4 334.4315 0:05:34 6418.27 107628.94 6084.38 6215.31 1.82 40.67 150.34 506.54
ext_homfam_medium Ribosomal_L7Ae 20160 3 84.4274 126 21.8 89.5 90.7 84.0 83.7 332.2136 0:05:32 6345.89 115593.00 6011.16 6094.92 1.80 25.04 157.30 526.88
ext_homfam_medium bromodomain 32387 4 75.9541 145 34.3 82.3 82.5 66.4 70.8 400.0711 0:06:40 6502.95 115878.98 6168.48 6249.41 1.78 36.87 184.63 743.37
ext_homfam_medium Cu_bind_like 10512 3 79.2035 111 40.7 85.1 84.8 75.0 78.3 255.1115 0:04:15 6401.15 125995.87 6066.77 6183.52 1.83 16.66 137.12 353.83
ext_homfam_medium DMRL_synthase 29673 5 134.887 182 33.2 90.8 90.0 72.8 80.7 680.0776 0:11:20 6757.33 126001.25 6423.75 6529.47 1.81 63.10 284.13 1936.71
ext_homfam_medium pec_lyase 14383 4 174.991 470 29.5 63.1 61.6 36.9 44.0 594.2467 0:09:54 7117.73 125997.60 6782.75 6882.99 1.82 26.07 390.46 2321.88
ext_homfam_medium Band_41_N 17525 3 126.834 90 46.1 0.0 0.0 0.0 0.0 1251.1165 0:20:51 6779.23 125998.46 6445.20 6537.34 1.85 25.84 376.24 4715.22
ext_homfam_medium ltn 12156 12 211.455 282 49.9 91.4 92.2 66.8 74.4 733.8320 0:12:13 7122.66 125997.66 6788.20 6867.88 1.84 26.89 188.48 1387.41
ext_homfam_medium hpr 35890 5 77.3519 89 44.4 95.6 96.9 87.5 89.7 382.9884 0:06:22 6482.76 120649.77 6147.53 6253.83 1.79 40.29 168.76 650.61
ext_homfam_medium svmp 17105 3 173.137 201 57.6 98.8 98.8 98.5 98.8 528.2784 0:08:48 6981.28 125994.45 6646.86 6761.01 1.82 28.39 171.24 908.88
ext_homfam_medium HMG_box 26550 5 64.2612 89 24.8 95.8 95.1 80.2 90.9 318.6540 0:05:18 6351.23 125996.86 6016.09 6095.82 1.78 39.84 158.61 509.72
ext_homfam_medium Cu_amine_oxid 27974 4 224.687 685 28.2 40.2 61.9 0.0 0.0 1601.9375 0:26:41 7250.11 126002.84 6914.88 6994.78 1.77 49.08 243.97 3913.02
ext_homfam_medium hexokinase 20736 3 203.323 459 46.7 95.4 95.7 92.9 93.9 854.4887 0:14:14 7270.40 116873.60 6937.00 7020.76 1.77 38.39 395.15 3386.30
ext_homfam_medium ATP-gua_Ptrans 14968 3 151.565 385 49.2 95.0 95.2 92.3 93.3 666.1401 0:11:06 7047.29 116797.74 6712.40 6792.10 1.86 25.59 681.87 4548.46
ext_homfam_medium fabp 21816 17 125.7 147 35.5 92.0 92.7 57.7 61.4 413.6638 0:06:53 6646.36 125999.45 6311.29 6395.15 1.85 31.59 175.40 729.91
ext_homfam_medium cah 24119 5 209.772 279 38.7 89.9 90.5 74.5 80.9 993.9302 0:16:33 7278.50 126001.25 6943.17 7023.00 1.84 42.88 233.48 2324.77
ext_homfam_medium ADF 12965 3 113.292 176 37.5 81.0 87.0 72.3 75.2 324.8739 0:05:24 6587.39 116389.06 6253.44 6345.51 1.86 20.82 174.43 571.26
ext_homfam_medium SRF-TF 13590 3 43.8623 85 43.9 100.0 100.0 100.0 100.0 241.4061 0:04:01 6226.57 107656.66 5892.01 5998.07 1.86 16.57 140.51 343.53
ext_homfam_medium oxidored_q6 30094 5 121.008 285 56.7 87.3 88.6 78.9 80.1 655.2014 0:10:55 6867.93 116470.44 6532.81 6616.61 1.80 41.29 534.46 3505.51
ext_homfam_medium hormone_rec 23626 5 161.554 308 21.5 73.2 73.9 50.2 64.0 767.8293 0:12:47 7020.81 125999.34 6686.18 6765.93 1.83 34.57 270.96 2088.44
ext_homfam_medium pilin 17981 3 103.818 179 24.7 53.0 51.2 29.5 34.6 373.2110 0:06:13 6544.12 125998.85 6209.68 6323.68 1.82 27.75 161.49 606.43
ext_homfam_medium rhv 35978 6 119.891 938 33.1 38.1 52.2 2.1 0.2 3686.3260 1:01:26 6852.07 125999.42 6516.83 6600.65 1.88 37.56 437.11 16116.14
ext_homfam_medium kex 38255 3 318.645 498 26.5 81.4 81.7 70.7 74.0 2574.4561 0:42:54 9762.65 126009.46 9427.55 9541.76 1.78 87.77 595.89 15339.78
ext_homfam_medium cryst 18916 7 78.4265 192 44.4 91.2 91.0 65.7 70.3 323.4973 0:05:23 6454.54 125996.60 6163.52 6273.28 1.84 22.41 175.99 573.86
ext_homfam_medium Sm 22137 4 65.4283 93 19.5 81.6 86.0 62.3 69.6 350.3917 0:05:50 6414.78 125997.25 6079.52 6185.91 1.84 37.84 362.86 1275.77
ext_homfam_medium YgbB 27469 3 150.749 158 52.3 93.3 93.7 87.8 89.1 600.0409 0:10:00 6797.80 126000.77 6461.55 6548.99 1.81 46.21 188.60 1123.06
ext_homfam_medium Band_41_NME 20180 3 139.281 304 48.9 47.1 52.0 36.1 36.5 1345.1462 0:22:25 6818.96 126000.20 6484.46 6564.50 1.84 29.45 646.91 8708.76
ext_homfam_medium plantltp 14018 5 84.6242 96 48.8 78.1 78.6 36.3 37.4 454.1570 0:07:34 6431.06 116277.16 6103.22 6236.17 1.87 19.87 391.02 1784.73
ext_homfam_medium kunitz 20157 10 51.0009 64 37.9 95.6 96.5 88.3 88.6 263.4948 0:04:23 6215.93 111622.62 5881.26 5964.67 1.85 24.89 145.46 387.64
ext_homfam_medium alpha-amylase_C 31745 21 90.654 122 21.0 39.4 42.6 0.0 0.0 425.0145 0:07:05 6570.95 126000.97 6240.44 6324.24 1.80 40.71 243.15 1039.96
ext_homfam_medium sodcu 21583 7 130.263 169 42.2 90.6 90.9 77.7 80.8 526.8329 0:08:46 6688.25 125994.02 6353.83 6437.43 1.80 33.24 171.53 908.00
ext_homfam_medium lipase 32051 5 160.786 452 73.7 83.5 93.8 67.2 67.8 1255.2142 0:20:55 7013.86 116561.62 6679.02 6770.68 1.81 48.88 1179.63 14806.03
ext_homfam_medium cystatin 10622 3 79.5615 123 30.9 78.0 72.5 58.2 62.5 273.0738 0:04:33 6409.42 107622.89 6075.00 6158.90 1.84 16.68 148.82 410.74
ext_homfam_medium WW 17958 4 29.162 51 29.0 85.9 88.1 65.2 79.8 233.8679 0:03:53 6144.63 112136.20 5810.37 5894.02 1.76 18.69 136.99 324.72
ext_homfam_medium ppase 24211 4 151.222 288 38.9 83.5 84.0 73.7 76.3 623.9124 0:10:23 6915.01 114650.29 6580.19 6671.75 1.79 36.68 206.68 1293.73
ext_homfam_medium Lipase_3 32943 3 114.918 280 40.5 75.6 77.6 66.2 67.6 784.8381 0:13:04 6980.80 121770.51 6646.59 6752.37 1.79 45.55 556.73 4368.71
ext_homfam_medium UBQ 38050 3 65.1746 76 67.8 100.0 100.0 100.0 100.0 342.2548 0:05:42 6415.82 126001.36 6081.01 6160.78 1.73 40.04 148.08 510.60
ext_homfam_medium glob 25307 41 96.2105 174 31.7 94.9 95.5 55.9 61.9 388.3164 0:06:28 6507.66 109672.84 6173.11 6252.81 1.85 31.30 171.76 671.34
ext_homfam_medium PTB 12979 3 118.877 182 20.8 72.4 72.4 54.1 63.8 458.1306 0:07:38 6645.72 115858.23 6311.09 6394.57 1.86 19.60 227.54 1048.77
ext_homfam_medium tryp_alpha_amyl 14016 3 84.6294 128 42.6 42.1 47.8 31.9 34.5 470.7056 0:07:50 6449.72 125996.02 6114.39 6194.18 1.83 30.03 409.38 1927.99
ext_homfam_medium DHHA2 10451 3 126.467 122 63.0 98.9 98.9 96.7 97.7 477.6793 0:07:57 6592.10 125996.35 6263.07 6407.67 1.88 19.11 301.85 1451.96
ext_homfam_medium rub 14189 5 45.7718 54 62.1 96.9 97.7 90.7 91.4 199.8092 0:03:19 6183.19 125996.12 5848.62 5928.53 1.82 19.74 150.30 303.86
ext_homfam_medium cys 39235 13 177.714 284 40.5 92.3 92.9 69.4 78.1 993.0998 0:16:33 7745.72 126003.80 7410.59 7516.77 1.77 65.28 430.19 4264.22
ext_homfam_medium B_lectin 18019 3 94.1621 110 59.9 33.6 45.2 0.9 0.9 320.8078 0:05:20 6477.07 125996.73 6142.04 6221.77 1.83 26.73 166.88 539.66
ext_homfam_medium DEATH 11663 7 74.8489 159 19.6 76.8 78.2 42.7 58.1 277.4078 0:04:37 6384.88 113608.68 6050.80 6156.67 1.85 16.64 152.36 426.92
ext_homfam_medium Bac_rhodopsin 10018 3 160.955 241 30.4 79.9 80.8 70.0 72.8 530.9838 0:08:50 6622.85 116444.11 6287.59 6367.46 1.86 29.12 379.77 2016.99
ext_homfam_medium C1 14349 3 49.8858 66 41.9 98.0 98.0 94.6 96.6 260.0525 0:04:20 6258.30 125994.21 5923.48 6003.22 1.82 21.14 163.66 429.96
ext_homfam_medium serpin 35134 8 299.611 418 34.3 94.2 93.8 79.9 86.7 2197.7706 0:36:37 9077.04 126006.54 8740.86 8825.14 1.76 75.48 331.49 7296.24
ext_homfam_medium acid_phosphat 26060 3 297.97 458 40.6 73.8 75.4 57.6 59.2 3596.5885 0:59:56 8935.76 126006.71 8600.50 8680.25 1.82 54.23 518.11 18627.19
ext_homfam_medium hemopexin 18955 4 42.6516 226 32.1 61.1 85.3 42.6 41.4 382.5804 0:06:22 6244.21 114139.50 5909.26 6023.61 1.86 21.31 184.00 708.31
ext_homfam_medium annexin 29440 6 62.2414 323 57.2 99.4 99.8 98.7 98.7 528.7275 0:08:48 6396.94 112456.07 6062.37 6142.13 1.78 31.35 178.81 949.71
ext_homfam_medium RuBisCO_large_N 34975 6 109.301 154 45.7 88.6 89.4 64.1 71.8 394.4653 0:06:34 6677.96 126001.42 6343.89 6457.39 1.86 35.83 158.28 628.68
ext_homfam_medium il8 10004 11 56.1178 81 34.5 86.9 87.3 57.1 66.9 234.1205 0:03:54 6250.67 125994.11 5915.87 6071.29 1.83 14.93 145.45 344.79
ext_homfam_medium TRANSTHYRETIN 16266 3 109.291 120 82.2 100.0 100.0 100.0 100.0 515.7895 0:08:35 6525.42 116372.55 6193.57 6273.32 1.86 24.65 213.99 1109.79
ext_homfam_medium hr 12048 5 61.3182 82 53.3 97.0 97.1 88.6 95.6 236.0743 0:03:56 6307.38 107624.79 5973.18 6087.15 1.86 15.67 136.71 327.04
ext_homfam_medium dhfr 39355 4 149.518 189 36.0 88.3 87.7 75.3 82.0 645.0805 0:10:45 6713.97 126001.54 6382.95 6466.97 1.80 58.94 196.66 1274.81
ext_homfam_medium az 25326 29 93.8285 215 33.4 73.3 74.0 28.3 21.8 404.0918 0:06:44 6541.27 125998.67 6207.49 6313.54 1.80 33.97 294.18 1197.01
ext_homfam_medium hla 39898 5 139.74 178 76.5 100.0 100.0 100.0 100.0 618.1402 0:10:18 6980.02 116708.44 6665.46 6773.22 1.86 52.48 193.89 1204.45
ext_homfam_medium slectin 10595 5 127.962 142 33.3 94.7 97.8 88.3 91.6 445.8761 0:07:25 6617.56 116465.60 6508.66 6548.46 1.89 19.00 478.54 2139.21
ext_homfam_medium MCR_alpha 16404 3 117.091 287 71.0 97.8 97.8 96.0 96.5 464.9571 0:07:44 6589.87 107629.57 6255.58 6335.24 1.97 20.41 173.79 812.40
ext_homfam_medium GEL 24752 5 71.3498 150 23.7 62.0 62.6 34.2 48.0 358.7890 0:05:58 6438.00 125999.87 6103.91 6183.56 1.79 28.26 178.86 646.22
ext_homfam_medium kringle 10191 9 76.5912 100 43.3 84.8 90.0 65.2 70.8 236.1352 0:03:56 6346.51 125996.11 6011.38 6166.70 1.90 15.47 138.95 332.36
ext_homfam_medium MCR_alpha_NC 17937 3 116.74 570 67.2 94.5 94.9 91.2 91.7 948.0497 0:15:48 6634.66 116416.02 6300.91 6380.66 1.96 21.98 318.86 3028.15
ext_homfam_medium lipocalin 21814 15 125.72 210 20.0 56.6 58.2 12.3 15.9 411.4526 0:06:51 6744.80 125991.89 6409.32 6489.29 1.85 31.41 176.81 731.79
ext_homfam_medium Fork_head 12082 3 78.088 101 51.5 91.1 94.0 84.0 85.7 265.0736 0:04:25 6396.16 105034.50 6061.53 6167.67 1.84 15.95 151.09 404.76
ext_homfam_medium histone 34300 4 93.7347 96 17.4 63.6 77.9 53.4 62.7 508.0157 0:08:28 6832.59 125999.67 6497.64 6604.01 1.83 40.80 759.63 3862.30
ext_homfam_medium ndk 37011 4 126.38 152 55.9 95.1 95.4 89.4 91.7 499.8902 0:08:19 6806.27 126001.60 6472.71 6564.54 1.77 53.41 307.90 1548.44
ext_homfam_medium Invasin 14713 3 62.3379 108 23.5 76.6 74.6 63.9 66.7 261.2108 0:04:21 6302.18 107910.38 5967.96 6074.06 1.82 18.34 149.12 393.82
homfam ricin 747 7 198.708 281 37.5 88.6 89.7 70.7 78.4 259.5720 0:04:19 7031.72 124954.33 6696.99 6856.00 1.99 3.72 168.17 440.30
homfam ghf10 1502 5 220.34 364 43.3 93.8 94.0 82.0 87.7 418.0520 0:06:58 7470.42 107623.20 7135.44 7215.40 1.95 5.75 174.56 734.21
homfam seatoxin 93 5 43.6344 54 42.6 66.2 64.1 12.2 12.0 192.4399 0:03:12 6066.56 109705.07 5733.40 5892.17 1.99 0.99 112.50 220.72
homfam mofe 2567 6 353.074 609 30.0 82.7 84.0 62.8 70.0 685.9415 0:11:25 8493.76 125997.37 8159.35 8265.24 1.94 11.16 226.35 1557.18
homfam cyt3 385 6 92.3065 130 40.3 76.2 77.7 54.2 60.6 196.2391 0:03:16 6332.09 107623.69 5997.47 6089.96 1.98 2.89 104.32 208.59
homfam ins 793 6 65.2825 74 44.9 88.5 89.1 63.8 79.9 207.9356 0:03:27 6284.75 125996.07 5951.31 6057.18 1.98 3.26 135.21 285.53
homfam Ald_Xan_dh_2 2589 6 109.304 885 31.8 83.2 83.4 63.6 72.1 937.9495 0:15:37 6473.38 107625.14 6139.20 6230.84 1.93 6.45 223.27 2098.36
homfam tms 2118 5 264.245 357 45.9 94.4 95.0 81.1 87.6 492.7301 0:08:12 7432.97 125995.36 7098.45 7204.00 1.96 8.77 178.72 885.16
homfam phc 2957 12 98.4711 179 37.2 92.0 93.4 67.0 74.1 234.7362 0:03:54 6431.17 125994.94 6100.49 6258.99 1.98 6.90 157.78 375.41
homfam cytb 3206 6 82.1454 100 35.6 84.3 85.4 60.9 67.3 268.6817 0:04:28 6317.68 125992.27 5983.27 6089.58 1.95 7.47 204.84 555.92
homfam mmp 1427 6 157.93 180 55.1 96.6 96.9 89.3 94.6 314.6947 0:05:14 6846.68 109616.54 6512.99 6592.60 1.96 5.52 150.48 477.76
homfam phoslip 946 18 113.33 137 48.9 93.7 93.3 70.6 79.7 214.3944 0:03:34 6495.45 107624.14 6161.32 6291.69 1.98 4.00 123.04 268.08
homfam HLH 6781 5 53.5453 92 28.1 88.4 93.3 65.5 77.1 237.0563 0:03:57 6286.45 116157.23 5955.36 6061.53 1.92 9.82 187.06 449.03
homfam myb_DNA-binding 10398 5 46.5583 61 40.7 94.4 93.3 78.6 84.0 241.7216 0:04:01 6234.21 125995.67 5899.59 5983.24 1.80 13.21 140.35 343.56
homfam msb 4884 8 106.037 158 26.6 85.3 88.1 60.7 74.5 241.2779 0:04:01 6494.57 125993.60 6159.85 6239.51 1.87 10.14 136.68 334.12
homfam ghf1 4358 8 403.813 562 38.4 90.7 91.4 69.8 77.5 1062.6234 0:17:42 9171.57 125993.19 8837.26 8972.76 1.92 14.94 196.53 2092.65
homfam rvp 93681 6 94.2886 132 36.6 38.2 77.1 9.9 11.2 614.4936 0:10:14 6706.87 126007.54 6372.82 6456.69 1.77 72.98 270.15 1669.18
homfam lyase_1 7632 5 295.082 511 30.9 76.3 76.4 54.7 58.9 756.5922 0:12:36 7755.34 106309.03 7421.31 7537.45 1.87 18.47 195.71 1485.10
homfam ldh 7367 14 121.378 371 31.9 87.9 87.6 56.2 67.7 465.1721 0:07:45 6673.22 107669.50 6338.27 6459.46 1.94 12.69 182.22 851.94
homfam subt 7517 11 301.598 414 39.5 78.6 80.0 26.3 38.0 1569.5253 0:26:09 7833.25 117591.33 7500.75 7657.37 1.85 19.83 465.95 7318.25
homfam sodfe 4455 8 77.4471 219 42.3 90.7 89.8 64.1 68.8 304.3162 0:05:04 6352.29 107624.44 6018.09 6146.29 1.95 8.90 160.96 494.19
homfam LIM 6428 5 57.0143 86 52.8 97.9 97.9 89.0 96.8 211.1043 0:03:31 6253.23 125994.53 5919.12 6077.76 1.91 6.51 131.30 281.58
homfam blm 9105 8 300.727 274 39.1 86.5 87.9 64.8 67.4 910.7544 0:15:10 8102.22 125997.88 7766.85 7850.82 1.86 20.62 269.94 2467.77
homfam DMRL_synthase 2099 5 140.59 182 33.2 89.8 88.8 67.5 77.0 238.7258 0:03:58 6667.63 106182.51 6333.68 6413.48 1.96 6.90 136.71 330.50
homfam tRNA-synt_2b 11293 5 177.564 467 18.7 44.4 44.0 22.1 30.8 598.2906 0:09:58 6937.27 116636.37 6603.02 6683.04 1.91 19.70 414.22 2485.15
homfam Stap_Strp_toxin 640 6 87.3922 254 32.5 79.1 78.5 49.4 54.2 221.7735 0:03:41 6353.92 105022.34 6019.93 6099.80 1.99 1.62 123.60 278.40
homfam Acetyltransf 46285 6 82.9897 229 24.1 63.5 62.8 34.9 44.7 590.1364 0:09:50 6484.00 126000.66 6151.18 6257.39 1.79 44.33 600.69 3553.44
homfam ghf22 760 12 107.567 131 51.4 94.4 94.6 83.1 86.5 209.8889 0:03:29 6472.02 107624.54 6138.31 6218.10 1.98 2.69 124.36 265.32
homfam sdr 50157 13 163.253 361 23.3 78.1 77.3 33.8 44.8 905.4377 0:15:05 6992.28 114707.37 6657.01 6740.73 1.72 69.05 234.13 2123.76
homfam ltn 1068 12 204.148 282 49.9 93.4 93.9 70.4 78.5 339.4147 0:05:39 7115.64 105781.51 6781.48 6887.55 1.97 4.09 157.99 539.70
homfam hpr 3349 5 83.0427 89 44.4 99.3 99.3 97.7 98.5 211.4779 0:03:31 6358.75 109669.85 6025.26 6105.08 1.94 7.70 126.75 272.39
homfam bowman 499 5 26.1443 73 64.9 94.2 94.2 82.9 84.9 165.0615 0:02:45 6043.79 107624.11 5710.36 5789.90 1.99 2.24 99.38 168.13
homfam hip 167 5 66.2096 88 33.4 84.1 83.4 56.0 66.3 194.4076 0:03:14 6180.62 125993.09 5846.75 5926.50 1.99 1.91 108.41 215.09
homfam HMG_box 4779 5 66.0716 89 24.8 97.3 96.2 85.2 93.9 209.3670 0:03:29 6288.01 125993.65 5953.59 6033.53 1.93 8.00 131.59 279.37
homfam icd 5678 5 328.887 433 41.7 93.6 94.3 83.7 86.5 812.0842 0:13:32 8144.63 125997.86 7812.04 7904.00 1.91 16.20 212.34 1730.07
homfam peroxidase 4514 5 256.626 383 37.3 59.8 64.4 24.1 26.2 549.9356 0:09:09 7226.95 117061.97 6893.50 6986.54 1.90 13.90 276.29 1528.09
homfam asp 3262 13 284.142 381 37.5 90.8 91.4 72.2 77.5 587.3629 0:09:47 7818.34 125995.89 7527.37 7633.51 1.91 12.12 183.22 1080.42
homfam flav 4612 6 138.021 183 35.0 82.4 83.7 49.1 55.4 338.8512 0:05:38 6616.87 125997.42 6282.45 6372.28 1.91 10.95 160.28 547.39
homfam cah 1379 5 212.706 279 38.7 88.5 89.5 66.8 76.5 336.4520 0:05:36 7110.95 108054.53 6776.94 6859.52 1.96 6.54 159.98 542.62
homfam ace 3989 6 427.824 601 37.3 84.9 86.6 63.3 70.7 1234.1220 0:20:34 9742.27 118921.80 9407.34 9513.74 1.89 15.60 247.52 3062.71
homfam sti 613 5 165.383 198 36.4 83.3 82.7 57.1 63.1 234.1042 0:03:54 6554.48 121104.12 6219.98 6326.21 1.99 2.89 137.94 326.68
homfam aat 25100 10 337.807 476 28.6 79.4 81.4 45.7 50.7 1557.7548 0:25:57 8390.09 126005.14 8054.39 8134.67 1.82 50.64 244.32 3809.70
homfam oxidored_q6 3348 5 123.044 285 56.7 92.4 94.0 85.3 87.2 347.1624 0:05:47 6583.82 125994.46 6249.19 6329.09 1.95 8.39 162.31 567.82
homfam hormone_rec 3509 5 188.562 308 21.5 73.6 76.2 49.1 62.7 375.1000 0:06:15 6947.74 107623.85 6613.00 6713.56 1.95 9.18 162.42 613.59
homfam rhv 17976 6 143.424 938 33.1 25.5 47.3 4.9 4.2 2925.2171 0:48:45 6720.86 125993.93 6386.40 6488.17 1.96 19.54 308.37 9026.55
homfam tgfb 1606 8 95.4645 118 43.8 86.8 88.5 46.2 53.9 208.1214 0:03:28 6408.00 125990.61 6074.09 6153.91 1.98 4.07 129.59 274.00
homfam cryst 1160 7 80.8078 192 44.4 92.6 92.3 71.8 75.0 214.1903 0:03:34 6394.32 107624.14 6060.26 6173.45 1.97 4.04 127.62 277.68
homfam cyclo 6288 6 159.069 203 44.1 86.8 89.7 67.2 75.6 430.4822 0:07:10 6800.25 125994.05 6466.43 6546.36 1.86 14.72 221.25 958.28
homfam kunitz 2266 10 53.752 64 37.9 97.5 97.5 88.3 87.5 186.2626 0:03:06 6188.88 110537.23 5855.27 5934.95 1.94 5.25 109.37 207.96
homfam Rhodanese 14049 6 102.277 216 22.7 72.5 77.8 44.8 52.9 450.6259 0:07:30 6486.07 125994.66 6155.09 6238.71 1.79 19.44 248.53 1126.17
homfam sodcu 2038 7 141.322 169 42.2 91.0 92.4 73.5 79.6 246.8142 0:04:06 6532.28 125989.85 6197.89 6277.56 1.96 6.15 131.83 329.67
homfam profilin 687 5 123.371 144 39.7 93.2 94.1 82.8 83.3 218.2951 0:03:38 6510.96 125996.09 6177.58 6307.81 1.98 2.63 118.71 263.48
homfam glob 3983 41 100.684 174 31.7 96.3 96.0 68.8 71.7 234.2041 0:03:54 6478.77 125993.30 6144.12 6223.81 1.94 9.50 139.68 331.35
homfam tim 3904 10 205.645 260 47.5 98.0 97.9 92.7 95.7 449.3148 0:07:29 7188.32 125996.64 6853.89 6960.02 1.93 11.16 171.98 776.76
homfam uce 4558 13 134.701 184 34.0 92.1 93.0 68.7 76.7 288.6596 0:04:48 6700.80 125990.27 6367.93 6447.62 1.92 15.24 332.27 963.44
homfam toxin 508 20 62.311 78 43.1 88.2 87.5 57.1 64.0 175.8673 0:02:55 6208.52 107621.35 5919.12 6056.18 1.98 2.18 120.05 215.47
homfam rub 1435 5 46.1575 54 62.1 99.2 99.2 96.3 96.7 178.0251 0:02:58 6143.06 125995.43 5809.98 5913.08 1.96 3.66 116.76 212.20
homfam hom 12037 8 53.4951 98 35.3 93.5 93.3 63.8 77.9 241.8690 0:04:01 6265.68 107623.62 5931.55 6017.46 1.89 12.64 143.47 351.34
homfam biotin_lipoyl 11833 7 71.8928 112 28.9 93.9 94.2 77.6 82.9 258.1233 0:04:18 6319.98 125994.91 5985.92 6069.23 0.00 0.00 158.61 0.00
homfam cys 4316 13 198.11 284 40.5 92.7 92.2 66.8 77.8 478.7583 0:07:58 6822.79 125994.80 6488.07 6594.55 1.90 12.52 226.92 1092.41
homfam ghf11 521 5 167.758 202 49.5 94.7 94.7 84.9 86.4 241.5763 0:04:01 6572.60 125995.25 6238.30 6318.29 1.98 2.93 132.34 324.18
homfam blmb 17200 6 192.465 344 20.6 68.1 72.1 41.5 50.8 786.8365 0:13:06 7076.58 116736.47 6742.94 6860.70 1.87 28.30 540.11 4261.31
homfam aadh 3127 8 225.129 542 38.2 85.4 88.7 51.5 57.1 567.9845 0:09:27 7150.72 116929.49 6820.34 6926.55 1.94 10.44 221.86 1266.26
homfam DEATH 1183 7 80.5689 159 19.6 71.6 73.7 44.4 45.5 211.1321 0:03:31 6402.99 107624.07 6068.88 6148.83 1.97 4.08 129.04 276.61
homfam Sulfotransfer 2489 5 235.798 381 26.2 74.2 76.0 42.2 51.7 464.8905 0:07:44 7266.07 117113.48 6931.10 7025.43 1.92 10.07 221.54 1036.31
homfam serpin 3144 8 291.462 418 34.3 94.7 94.4 80.9 87.7 606.6805 0:10:06 8107.38 125995.72 7772.31 7852.19 1.94 10.91 183.71 1118.86
homfam proteasome 5732 17 174.347 309 21.7 81.2 80.9 29.0 43.4 385.3812 0:06:25 6858.50 107624.58 6524.15 6637.79 1.90 12.68 170.99 663.28
homfam zf-CCHH 88345 15 23.2513 39 35.5 97.1 96.5 88.6 93.0 369.7061 0:06:09 6167.71 107628.96 5833.63 5955.87 1.66 54.75 137.88 514.21
homfam egf 7774 12 32.0765 71 31.1 80.2 80.9 44.1 48.5 197.0189 0:03:17 6128.58 125993.53 5794.02 5873.69 1.84 10.91 110.18 221.33
homfam annexin 3139 6 65.1902 323 57.2 99.7 99.8 99.4 99.4 323.3746 0:05:23 6339.99 107624.29 6005.07 6088.85 1.93 7.78 177.52 578.28
homfam OTCace 4795 5 157.005 350 37.3 95.4 95.6 85.8 89.6 410.5344 0:06:50 6808.52 114581.02 6473.73 6579.89 1.91 14.55 204.68 844.54
homfam rnasemam 498 6 120.072 141 42.2 91.5 88.9 67.9 77.3 203.9626 0:03:23 6428.02 109833.11 6094.22 6208.23 1.98 2.12 132.03 273.62
homfam adh 21331 5 123.64 375 63.9 98.3 98.5 95.2 95.5 596.0366 0:09:56 6618.66 125998.38 6284.09 6404.96 1.83 27.92 266.66 1593.78
homfam il8 1073 11 63.7623 81 34.5 86.7 87.5 58.4 69.9 189.9086 0:03:09 6243.72 107624.39 5909.21 5988.92 1.97 2.69 107.56 208.08
homfam hr 3707 5 65.1513 82 53.3 99.1 99.1 94.9 99.1 203.9125 0:03:23 6276.84 107624.23 5942.74 6022.50 1.96 6.68 130.59 270.72
homfam ChtBD 774 5 38.2713 45 59.3 97.6 98.3 90.7 93.2 166.0364 0:02:46 6091.08 107623.33 5756.72 5906.71 1.98 2.13 97.78 166.68
homfam gluts 10099 14 98.1117 235 39.4 90.1 90.5 68.7 72.3 478.0093 0:07:58 6430.46 125995.23 6102.55 6209.09 1.79 15.98 338.84 1629.73
homfam ghf5 2717 6 260.466 470 17.8 63.0 64.2 31.9 44.9 558.0968 0:09:18 7407.38 106003.86 7072.73 7229.51 1.93 10.47 183.73 1029.60
homfam ghf13 12607 10 264.452 626 26.8 58.9 62.4 21.1 28.6 1189.8077 0:19:49 7838.75 125996.22 7504.88 7584.66 1.87 25.07 375.45 4475.84
homfam PDZ 14950 6 80.8907 110 30.6 85.7 86.0 70.7 72.0 300.5944 0:05:00 6395.16 116242.52 6064.06 6144.13 1.81 18.05 181.80 551.87
homfam az 1086 29 100.416 215 33.4 74.8 76.2 39.1 40.1 222.2335 0:03:42 6447.32 107623.12 6114.02 6193.79 1.97 3.62 116.87 264.05
homfam hla 13465 5 153.148 178 76.5 100.0 100.0 100.0 100.0 436.3898 0:07:16 6908.46 107626.49 6573.80 6657.43 1.92 17.73 161.90 710.85
homfam slectin 932 5 133.052 142 33.3 92.5 94.0 85.4 89.5 240.1473 0:04:00 6567.40 107624.89 6233.21 6325.08 1.98 3.91 140.20 340.96
homfam GEL 2195 5 78.1157 150 23.7 70.3 72.7 36.3 51.8 207.8703 0:03:27 6376.61 110345.22 6042.05 6141.39 1.95 5.66 131.91 278.55
homfam kringle 1091 9 75.9138 100 43.3 93.8 92.9 76.4 81.4 196.0621 0:03:16 6239.36 104959.79 5904.57 5984.28 1.99 3.73 105.27 210.17
homfam p450 21013 12 331.506 512 20.8 77.4 77.8 36.3 45.9 2098.3666 0:34:58 8772.16 126005.08 8437.86 8521.49 0.00 0.00 239.12 0.00
homfam gpdh 7691 8 129.082 360 55.1 96.4 96.2 88.5 91.4 408.3840 0:06:48 6750.28 125996.03 6712.81 6728.46 1.95 18.69 222.27 912.06
homfam int 7572 5 168.037 219 22.5 82.1 85.4 60.4 65.1 462.7821 0:07:42 6805.04 109672.06 6470.07 6553.74 1.84 15.59 170.60 793.89
homfam KAS 2070 6 174.528 404 31.7 78.4 86.2 57.0 61.9 319.0537 0:05:19 6965.04 125995.76 6630.30 6736.22 1.98 7.21 174.40 560.18
homfam trfl 837 7 242.315 702 61.9 92.7 94.3 84.9 84.9 554.8868 0:09:14 7765.49 125997.09 7431.28 7588.04 1.98 4.30 187.28 1043.47
homfam TNF 556 5 119.903 176 32.0 78.2 79.8 58.6 65.6 211.7062 0:03:31 6511.84 107623.08 6178.23 6258.12 1.98 2.36 125.15 269.30
homfam scorptoxin 363 8 53.2562 74 46.3 89.5 88.9 68.5 79.5 171.6763 0:02:51 6140.36 107623.08 5806.18 5886.05 1.99 2.31 124.35 217.80
homfam aldosered 13277 7 268.547 386 41.6 84.9 89.0 65.8 73.8 1046.1090 0:17:26 7397.78 125999.94 7360.09 7375.18 1.82 27.95 272.94 2859.69
homfam rrm 27610 20 67.4587 157 22.9 82.9 81.0 16.2 21.4 326.2289 0:05:26 6373.64 125997.01 6038.93 6145.03 1.85 26.30 159.53 524.74
ext_homfam_huge HATPase_c 1105608 6 109.536 263 24.5 21.3 59.8 12.0 7.1 7166.8904 1:59:26 11419.32 126370.27 11084.26 11175.93 0.08 5135.37 1805.68 129353.79
ext_homfam_huge PAS 459813 3 98.5763 146 31.3 71.6 86.0 53.5 60.9 1153.0294 0:19:13 8209.33 126069.51 7874.12 7965.86 0.61 878.89 211.53 2401.97
ext_homfam_huge igC1 257516 5 76.9806 102 43.5 54.2 61.8 31.4 34.2 1005.0708 0:16:45 7927.21 126027.11 7592.11 7683.57 1.47 372.73 432.27 4349.06
ext_homfam_huge sugbp 348308 4 228.259 329 23.8 81.9 84.6 66.1 72.0 4003.5666 1:06:43 10050.95 126086.26 9859.96 9945.19 1.33 1336.28 221.02 8743.09
ext_homfam_huge helicase_NC 932215 3 131.03 598 31.8 39.2 47.6 17.8 18.6 12290.9917 3:24:50 18759.76 126480.36 18424.53 18508.24 0.07 8889.47 566.17 69316.68
ext_homfam_huge alpha-amylase_NC 258184 23 204.834 891 22.5 23.7 63.0 0.0 0.0 7342.1343 2:02:22 15645.22 123134.15 15335.27 15424.96 0.00 1595.96 1164.94 85534.11
ext_homfam_huge Extradiol_dioxy 376670 3 118.082 319 35.3 69.6 79.6 60.9 61.4 2399.5586 0:39:59 9461.09 126103.52 9125.84 9217.50 1.00 1311.05 602.81 14399.27
ext_homfam_huge kinase 949994 15 222.775 488 25.9 41.2 80.6 0.0 0.0 12884.8052 3:34:44 26123.88 133387.32 25990.61 26058.33 32.25 13882.48 1189.59 153224.83
ext_homfam_huge ANK 380510 3 30.0863 137 26.4 20.6 43.6 0.0 0.0 858.8789 0:14:18 7422.43 126036.16 7087.38 7171.12 0.73 505.05 373.91 3217.74
ext_homfam_huge mdd 871924 3 116.956 394 37.9 92.9 94.5 89.6 90.2 3169.8107 0:52:49 12898.40 126290.70 12574.01 12641.74 0.49 3441.94 546.04 17261.85
ext_homfam_huge gtp 638901 8 165.964 211 33.4 83.3 86.6 46.8 54.1 7959.1814 2:12:39 18689.64 126307.18 18354.73 18513.73 1.05 5780.17 1830.78 145472.77
ext_homfam_huge igvar-l 257537 26 76.9838 122 56.9 76.4 80.9 52.5 58.8 1018.1338 0:16:58 7931.06 126043.64 7643.79 7711.53 1.50 492.90 447.63 4556.12
ext_homfam_huge pdc 444172 4 142.273 599 20.4 44.6 63.4 25.5 27.1 3637.2499 1:00:37 10381.52 126095.77 10046.23 10138.00 4.93 1799.52 333.69 12007.97
ext_homfam_huge GATase_2 257776 3 149.639 508 31.1 1.8 17.6 0.0 0.0 4258.5441 1:10:58 11265.20 126059.57 10929.75 11021.66 1.36 1314.46 1647.59 70146.55
ext_homfam_huge HTH_AraC 307748 4 37.1935 71 27.2 82.5 81.9 61.8 73.7 667.2445 0:11:07 6757.86 126031.43 6423.66 6515.50 5.00 256.45 142.47 954.50
ext_homfam_huge ABC_tran 2966699 6 169.241 354 24.8 39.2 67.4 3.8 5.1 92025.7614 1:1:33:45 63301.64 174519.14 68158.79 68250.69 0.04 108643.88 604.12 555742.35
ext_homfam_huge MHC_II_C 257519 8 76.9809 105 38.8 60.5 67.2 31.7 32.9 1026.3370 0:17:06 7834.59 126027.10 7498.42 7582.63 1.32 468.72 461.05 4734.92
ext_homfam_huge Cyclodex_gly_tran 313216 6 182.583 707 63.0 47.2 82.6 0.1 0.0 6997.8330 1:56:37 15576.23 126071.68 15241.08 15324.81 1.49 2083.15 1108.85 77492.34
ext_homfam_huge tRNA-synt_1 255011 3 337.107 769 24.5 36.4 65.8 22.7 23.2 15703.5215 4:21:43 19357.80 126842.70 19022.24 19113.92 1.50 2921.62 473.27 74113.90
ext_homfam_huge hexapep 339297 3 33.3383 220 13.2 8.8 8.5 0.0 0.0 717.4835 0:11:57 6969.99 126030.41 6634.92 6741.35 0.92 370.09 157.04 1131.09
ext_homfam_huge response_reg 1310484 13 109.384 156 25.3 86.9 87.5 46.4 54.6 2100.3183 0:35:00 10640.12 126406.51 10305.26 10385.23 0.07 3154.87 232.64 4665.95
ext_homfam_huge Acetyltransf 952228 6 92.5945 229 24.1 59.3 65.8 29.1 38.7 3321.3976 0:55:21 10791.59 119491.50 10456.49 10548.21 0.32 3254.17 980.41 32541.02
ext_homfam_huge oat 280732 4 366.716 498 23.9 81.4 83.9 65.2 71.0 6504.6218 1:48:24 13554.43 126193.50 13219.08 13310.93 1.44 1797.98 228.80 14858.29
ext_homfam_huge sdr 1369993 13 177.362 361 23.3 66.7 84.7 21.1 26.4 4751.4501 1:19:11 16315.04 126603.05 15980.68 16064.24 0.06 7099.82 303.73 14178.05
ext_homfam_huge MHC_II_beta_NC 284430 4 76.1279 217 45.7 47.0 78.9 15.8 15.9 2181.0605 0:36:21 7937.22 126029.57 7601.85 7681.56 1.31 666.66 1422.89 31023.79
ext_homfam_huge igI 258816 9 77.029 141 15.5 53.4 63.9 15.2 18.0 1111.0377 0:18:31 8095.59 126026.29 7759.71 7874.46 0.63 534.97 691.26 7674.07
ext_homfam_huge aldedh 570501 4 399.711 524 38.5 93.7 95.1 84.3 88.6 15673.5749 4:21:13 22962.56 130465.32 22626.93 22718.93 0.81 7722.30 232.27 35811.08
ext_homfam_huge SBP_bacterial_1 420155 3 253.065 380 34.0 61.8 64.6 45.3 44.9 5157.2630 1:25:57 13434.56 126119.39 13099.30 13191.00 1.02 2816.86 376.63 19299.09
ext_homfam_huge transketolase_PC 281825 3 141.636 398 26.4 57.9 58.8 35.3 37.3 2441.7209 0:40:41 9038.79 126054.74 8703.50 8787.38 1.40 756.12 816.17 19857.28
ext_homfam_huge aat 818802 10 279.696 476 28.6 65.5 74.9 34.4 39.7 9754.7176 2:42:34 19092.46 126656.57 18756.68 18860.53 4.26 7754.66 337.76 32896.04
ext_homfam_huge thiored 294457 6 75.9243 132 20.6 52.8 53.5 19.1 15.6 921.9114 0:15:21 7692.94 126044.98 7357.73 7441.51 1.09 400.45 322.44 2967.19
ext_homfam_huge Haloperoxidase 740746 9 167.102 372 24.9 56.3 76.3 0.0 0.0 10110.0211 2:48:30 19761.37 127241.03 19374.98 19533.32 0.38 7890.34 1132.41 114219.96
ext_homfam_huge helicase_C 473124 5 105.284 218 27.5 56.7 70.8 28.5 37.2 2353.0887 0:39:13 9030.56 126093.98 8695.49 8779.30 4.94 1696.25 785.52 18463.56
ext_homfam_huge bac_luciferase 261894 4 278.575 336 30.1 27.7 94.9 31.0 7.4 5221.1036 1:27:01 11425.38 126079.79 11066.90 11150.76 1.51 1244.59 267.99 13988.65
ext_homfam_huge igvar-h 257532 21 76.984 137 52.1 70.4 79.7 43.7 49.6 998.1826 0:16:38 7869.69 126026.32 7534.49 7626.19 1.37 484.95 579.30 5785.64
ext_homfam_huge Epimerase 1360465 4 178.021 410 22.4 69.1 72.7 53.3 60.8 9365.5037 2:36:05 13937.20 126589.04 13650.00 13717.83 0.06 7652.62 772.35 72046.26
ext_homfam_huge igcon 257523 12 76.9812 114 33.0 58.2 61.7 15.9 18.3 975.8868 0:16:15 7922.18 126027.32 7586.80 7666.62 1.43 368.93 391.35 3814.12
ext_homfam_huge GATase 265204 3 172.422 251 22.8 82.8 83.6 70.6 76.3 2559.0781 0:42:39 10306.82 126055.05 9971.86 10078.08 1.49 1024.73 581.43 14872.46
ext_homfam_huge AhpC-TSA 296300 3 113.069 229 45.2 89.8 90.9 83.1 85.2 1825.9046 0:30:25 8216.23 126056.60 7880.87 7964.75 1.09 676.21 457.92 8316.43
ext_homfam_huge TyrKc 941307 7 224.419 311 45.0 81.1 85.7 56.7 66.7 12638.3721 3:30:38 24019.60 131445.54 24020.78 24088.56 0.33 12952.21 1162.95 146917.65
ext_homfam_huge CBS 419518 4 51.3699 67 31.1 62.6 67.1 24.6 30.7 911.6496 0:15:11 7421.71 126050.04 7086.64 7170.35 0.75 507.34 218.87 2003.43
ext_homfam_huge apbact 466626 3 256.984 335 20.4 38.7 49.8 30.7 32.2 28039.6063 7:47:19 23413.06 131085.73 23077.89 23161.77 0.96 6316.86 897.24 251338.80
ext_homfam_huge ech 330971 3 219.552 280 26.6 88.5 89.7 82.3 87.5 3854.8013 1:04:14 10629.83 126084.32 10294.47 10374.31 1.33 1553.32 282.11 10751.49
ext_homfam_huge blmb 401802 6 158.083 344 20.6 56.5 66.4 32.7 38.0 3116.2888 0:51:56 11010.68 126135.87 10723.30 10790.98 0.94 1746.42 915.26 28490.15
ext_homfam_huge zf-CCHH 682260 15 22.8962 39 35.5 94.3 94.9 77.1 78.5 799.0303 0:13:19 7745.45 126084.97 7410.84 7502.46 0.18 551.51 156.86 1256.91
ext_homfam_huge adh 406421 5 114.761 375 63.9 94.4 96.3 87.7 88.1 2045.4982 0:34:05 9036.05 126118.30 8700.73 8784.61 1.00 1116.88 326.13 6594.33
ext_homfam_huge AAA 585357 4 120.092 430 28.4 39.7 57.2 19.9 19.1 5748.7301 1:35:48 15406.88 126234.08 15071.62 15163.50 0.55 4048.83 1735.06 99563.58
ext_homfam_huge MHC_II_alpha_NC 261656 4 76.9301 187 44.8 41.2 84.4 0.0 0.0 1148.6943 0:19:08 8216.54 126032.67 7880.84 7995.30 9.38 532.66 940.75 10801.29
ext_homfam_huge rep 423102 4 50.1786 88 30.3 78.2 79.2 52.0 59.4 838.3234 0:13:58 7147.68 126038.36 6812.82 6926.95 1.03 461.86 161.73 1359.91
ext_homfam_huge fn3 254325 14 80.1208 149 15.9 58.1 61.3 0.0 0.0 1060.6379 0:17:40 7519.68 126044.70 7184.25 7264.12 1.40 352.40 476.68 5059.21
ext_homfam_huge gluts 291502 14 71.8456 235 39.4 71.5 81.4 42.1 46.0 1694.1216 0:28:14 7862.45 121902.13 7527.89 7642.03 1.28 493.60 721.10 12224.16
ext_homfam_huge FAD-oxidase_NC 288043 4 162.362 672 14.6 33.8 37.8 14.4 17.0 4170.5801 1:09:30 11016.05 126058.56 10668.59 10752.33 1.39 1543.62 657.51 27413.87
ext_homfam_huge PA_phosphatase 371442 3 188.436 353 39.9 55.4 59.9 35.1 34.4 7437.0113 2:03:57 15340.59 126090.86 14884.46 14989.82 1.07 2635.42 1279.19 95008.06
ext_homfam_huge DEAD 459097 4 157.561 442 29.6 26.4 49.5 10.1 17.9 8690.8734 2:24:50 12164.09 126203.62 11829.04 11912.72 0.81 3308.97 497.46 43215.22
ext_homfam_huge igV 257520 9 76.9813 137 18.2 57.8 62.0 25.6 35.7 1058.5455 0:17:38 7516.86 126026.11 7181.70 7261.52 1.39 501.09 444.34 4706.23
ext_homfam_huge Cys_Met_Meta_PP 289963 3 240.41 407 30.5 89.7 92.8 83.6 85.2 5150.6315 1:25:50 11741.38 126146.87 11405.10 11489.41 5.31 1492.31 629.29 32248.08
ext_homfam_huge molybdopterin 347815 4 254.332 836 39.3 41.5 69.1 9.2 5.1 15248.4836 4:14:08 21773.82 129676.50 21881.09 21972.76 1.41 3892.62 625.65 95349.83
ext_homfam_huge Phage_integrase 380607 4 155.938 241 15.5 58.8 58.6 24.2 29.5 2774.0127 0:46:14 11111.84 126122.43 10776.66 10860.31 0.93 1552.47 802.89 22245.48
ext_homfam_huge grs 433471 11 77.6264 558 30.3 75.1 84.1 25.2 29.4 1857.9255 0:30:57 8625.30 126054.79 8289.21 8403.89 0.96 1116.26 195.18 3585.54
ext_homfam_huge p450 386670 12 301.863 512 20.8 70.2 77.2 36.9 46.6 12249.0415 3:24:09 19308.73 126813.65 19278.50 19291.81 12.84 4075.45 278.66 34113.43
ext_homfam_huge aabp 319835 3 206.726 241 42.8 95.3 95.7 90.8 92.0 4632.4888 1:17:12 16559.43 126117.86 16224.14 16337.88 1.35 2543.73 544.75 25209.37
ext_homfam_huge aldosered 345677 7 259.927 386 41.6 82.1 90.4 61.5 68.8 6404.8475 1:46:44 15838.17 126186.99 15977.57 15992.66 1.36 2822.97 323.35 20697.28
homstrad ricin 7 7 254.714 281 37.5 65.3 64.7 41.0 44.3 627.4211 0:10:27 7118.96 99803.33 6783.80 6863.75 1.99 0.89 198.61 1247.05
homstrad ghf10 5 5 316 364 43.3 62.3 61.2 44.3 47.9 829.9052 0:13:49 7469.46 99802.32 7134.40 7214.18 1.99 0.83 199.59 1657.31
homstrad seatoxin 5 5 47 54 42.6 62.5 60.1 16.3 18.5 287.9719 0:04:47 6058.30 103835.46 5724.26 5880.93 1.99 0.61 141.20 407.51
homstrad mofe 6 6 489.5 609 30.0 27.4 38.8 0.2 0.0 1323.1976 0:22:03 8984.65 99802.20 8945.94 8962.02 1.99 0.61 209.88 2778.05
homstrad cyt3 6 6 110 130 40.3 68.2 67.1 40.7 47.3 429.2898 0:07:09 6272.92 101848.63 5938.41 6068.07 1.99 0.89 177.13 761.34
homstrad ins 6 6 55.8333 74 44.9 50.3 48.6 29.0 41.6 335.8143 0:05:35 6076.07 99803.33 5740.97 5841.04 1.99 0.84 164.69 553.89
homstrad Ald_Xan_dh_2 6 6 763.5 885 31.8 18.1 28.0 0.0 0.0 1878.8613 0:31:18 9558.48 101883.33 9267.76 9384.38 1.99 0.67 190.88 3586.95
homstrad tms 5 5 285 357 45.9 40.2 56.1 0.0 0.0 774.6833 0:12:54 7295.23 103835.68 6961.07 7066.67 1.99 0.88 206.89 1603.73
homstrad phc 12 12 166.417 179 37.2 87.1 87.9 64.2 70.4 440.6102 0:07:20 6598.18 99799.38 6263.29 6420.53 1.99 0.68 187.99 828.74
homstrad cytb 6 6 86 100 35.6 79.9 80.9 46.7 51.3 380.3892 0:06:20 6221.93 103835.34 5887.89 6017.67 1.99 0.91 181.45 691.11
homstrad mmp 6 6 164 180 55.1 95.8 95.7 85.8 87.9 522.5007 0:08:42 6552.98 99802.32 6361.99 6447.14 1.99 0.64 187.90 982.77
homstrad phoslip 18 18 121.667 137 48.9 91.3 90.8 66.9 75.0 382.0577 0:06:22 6320.15 103835.46 5984.98 6064.55 1.99 1.05 171.81 657.20
homstrad HLH 5 5 71.2 92 28.1 63.2 63.0 46.4 38.3 339.0195 0:05:39 6129.84 103835.33 5794.74 5889.29 1.99 0.86 161.80 549.50
homstrad myb_DNA-binding 5 5 53.6 61 40.7 80.0 78.1 46.4 52.1 301.7094 0:05:01 6073.78 103832.65 5738.79 5844.99 1.99 0.86 158.39 478.78
homstrad msb 8 8 126 158 26.6 28.8 29.1 0.0 0.0 443.4304 0:07:23 6348.67 103834.22 6013.75 6119.86 1.99 0.93 190.09 843.72
homstrad ghf1 8 8 445.125 562 34.8 50.4 49.0 14.1 18.6 1060.2548 0:17:40 8766.38 101849.64 8431.41 8522.70 1.99 0.89 200.62 2127.45
homstrad rvp 6 6 106.333 132 36.6 61.0 60.0 16.2 18.3 455.5038 0:07:35 6294.39 103835.34 5959.15 6050.75 1.99 0.86 181.31 826.68
homstrad lyase_1 5 5 444.6 511 30.9 33.5 33.8 3.4 1.4 1212.4243 0:20:12 8724.50 97722.77 8390.50 8505.47 1.99 0.87 205.13 2487.95
homstrad ldh 14 14 319.071 371 31.9 67.2 75.9 21.9 26.2 758.5960 0:12:38 7516.32 102478.65 7183.40 7288.97 61.99 1.00 178.60 1355.42
homstrad subt 11 11 294.364 414 39.5 54.2 55.5 1.3 0.0 693.8429 0:11:33 7337.38 103835.68 7002.46 7159.62 9.99 0.75 197.74 1372.84
homstrad sodfe 8 8 198.5 219 42.3 80.6 79.7 47.8 52.2 526.8314 0:08:46 6747.43 97910.76 6412.57 6569.82 1.99 0.59 185.28 977.07
homstrad LIM 5 5 69.8 86 52.8 97.9 97.9 89.0 96.8 358.1686 0:05:58 6127.99 103875.78 5793.04 5879.79 1.99 0.86 171.35 614.63
homstrad blm 8 8 261.375 274 39.1 90.0 89.8 71.2 73.7 724.1793 0:12:04 7158.21 99255.18 6823.06 6902.74 1.99 0.92 196.80 1426.06
homstrad DMRL_synthase 5 5 158 182 33.2 75.2 75.0 39.1 45.1 517.3531 0:08:37 6541.91 101899.34 6206.87 6312.61 1.99 0.85 187.76 971.46
homstrad tRNA-synt_2b 5 5 307.8 467 18.7 8.3 7.3 0.0 0.0 768.6314 0:12:48 7366.34 103832.64 7326.45 7342.26 1.99 0.63 195.58 1504.16
homstrad Stap_Strp_toxin 6 6 220.333 254 32.5 27.7 28.5 8.6 10.4 652.8614 0:10:52 6912.63 103840.07 6784.71 6800.53 1.99 0.69 203.16 1327.16
homstrad Acetyltransf 6 6 161.5 229 24.1 24.8 22.9 0.0 0.0 557.1966 0:09:17 6568.22 103839.18 6234.08 6313.46 1.99 0.88 189.79 1058.42
homstrad ghf22 12 12 126.5 131 51.4 92.4 92.5 76.9 80.5 353.1798 0:05:53 6340.72 95704.64 6006.71 6163.43 1.99 0.69 177.12 626.68
homstrad sdr 13 13 259.462 361 23.3 51.4 50.9 3.2 4.3 549.1695 0:09:09 7191.61 99802.20 6856.45 7013.84 1.99 0.65 189.43 1041.15
homstrad ltn 12 12 234.417 282 49.9 85.4 84.7 54.2 60.6 609.7408 0:10:09 6996.79 99799.39 6661.84 6753.34 1.99 0.95 192.38 1173.91
homstrad hpr 5 5 87 89 44.4 98.1 98.2 92.0 93.6 363.8580 0:06:03 6207.11 97785.78 5872.60 5952.13 1.99 0.86 168.78 614.95
homstrad bowman 5 5 50 73 64.9 89.8 92.0 74.3 77.9 313.4838 0:05:13 6104.03 99803.32 6056.41 6072.73 1.99 0.60 154.82 486.26
homstrad hip 5 5 74.2 88 33.4 40.9 40.0 8.3 7.9 348.5916 0:05:48 6141.12 101883.34 5806.05 5905.82 0.00 0.00 176.92 0.00
homstrad HMG_box 5 5 76.4 89 24.8 8.5 8.3 0.0 0.0 338.5073 0:05:38 6137.34 103836.55 5943.76 6028.30 1.99 0.58 164.53 557.83
homstrad icd 5 5 367 433 41.7 54.5 72.0 1.1 0.5 962.3916 0:16:02 7726.89 99799.40 7393.12 7484.34 1.99 0.86 210.68 2028.71
homstrad peroxidase 5 5 334.4 383 37.3 60.7 59.1 0.9 0.6 891.3637 0:14:51 7635.53 101848.62 7300.57 7388.64 1.99 0.93 201.54 1797.32
homstrad asp 13 13 332.077 381 37.5 81.2 81.0 46.5 51.3 801.2662 0:13:21 7778.13 102704.80 7444.63 7601.41 272.00 0.38 187.36 1501.88
homstrad flav 6 6 161.667 183 35.0 26.4 27.3 0.0 0.0 547.3773 0:09:07 6526.03 99802.33 6191.14 6270.82 1.99 0.88 191.39 1048.54
homstrad cah 5 5 249.2 279 38.7 49.1 47.9 18.1 20.2 682.7930 0:11:22 7116.67 103837.36 6781.78 6861.64 1.99 0.89 203.98 1393.70
homstrad ace 6 6 533.833 601 37.3 31.0 46.1 8.0 9.1 1425.6968 0:23:45 9013.15 100615.90 8679.38 8784.67 1.99 0.85 203.76 2905.21
homstrad sti 5 5 173.6 198 36.4 56.9 55.9 16.8 17.7 504.7796 0:08:24 6608.23 98166.79 6417.96 6502.73 1.99 0.61 194.22 981.48
homstrad aat 10 10 403.6 476 25.5 24.2 30.5 0.0 0.0 893.9607 0:14:53 8044.26 99802.32 7709.04 7788.83 1.99 0.87 202.33 1809.67
homstrad oxidored_q6 5 5 265.2 285 56.7 96.1 96.3 87.6 90.0 701.2946 0:11:41 7169.17 99802.32 6835.45 6992.20 1.99 0.64 197.28 1384.35
homstrad hormone_rec 5 5 248.6 308 21.5 20.1 19.4 0.0 0.0 687.1898 0:11:27 7118.65 103867.35 6783.42 6863.32 1.99 0.86 200.60 1379.07
homstrad rhv 6 6 780.833 938 33.1 32.0 31.3 0.0 0.0 1931.1936 0:32:11 9729.36 103835.45 9394.63 9474.54 1.99 0.91 194.10 3749.36
homstrad tgfb 8 8 97.625 118 43.8 71.4 71.6 25.6 31.1 400.8083 0:06:40 6287.57 101848.64 5952.73 6058.36 1.99 0.91 170.07 682.64
homstrad cryst 7 7 174.714 192 44.4 45.1 51.8 0.0 0.0 467.3394 0:07:47 6631.40 103835.33 6439.88 6525.04 1.99 0.64 178.99 837.37
homstrad cyclo 6 6 171.833 203 44.1 76.0 77.2 47.6 47.7 538.2010 0:08:58 6601.68 103835.62 6266.66 6424.01 1.99 0.62 196.13 1056.47
homstrad kunitz 10 10 57.7 64 37.9 88.6 89.0 45.0 46.6 282.5826 0:04:42 6088.96 99832.39 5753.94 5852.35 1.99 0.89 145.51 412.35
homstrad Rhodanese 6 6 150 216 22.7 10.1 9.5 2.1 0.2 546.7863 0:09:06 6526.19 104086.83 6191.04 6306.75 1.99 0.88 188.88 1033.67
homstrad sodcu 7 7 152.571 169 42.2 61.8 60.3 28.3 31.0 439.9239 0:07:19 6516.35 99803.31 6180.63 6261.05 1.99 0.97 186.52 821.46
homstrad profilin 5 5 128.6 144 39.7 56.5 57.0 11.7 12.1 444.8484 0:07:24 6385.34 101848.67 6188.30 6273.26 1.99 0.64 186.13 828.39
homstrad glob 41 41 146.098 174 31.7 87.9 87.6 37.1 42.1 320.9751 0:05:20 6547.31 103832.59 6356.72 6441.64 1.99 1.06 172.03 552.58
homstrad tim 10 10 249.5 260 47.5 93.0 92.8 79.2 82.0 680.1342 0:11:20 7011.88 99799.39 6676.98 6803.30 0.00 0.00 198.48 0.00
homstrad uce 13 13 149.385 184 34.0 91.3 89.8 53.6 60.8 395.2828 0:06:35 6479.38 98839.02 6145.25 6302.12 1.99 0.71 174.92 692.37
homstrad toxin 20 20 63.5 78 43.1 86.3 83.6 58.4 67.4 255.1005 0:04:15 6104.99 103835.44 5770.92 5927.78 1.99 0.60 134.52 344.11
homstrad rub 5 5 51.2 54 62.1 96.7 96.7 85.2 86.9 281.9695 0:04:41 6069.37 101848.63 6024.21 6040.27 1.99 0.60 148.83 420.81
homstrad hom 8 8 63.5 98 35.3 75.1 73.8 27.5 32.9 324.3333 0:05:24 6110.18 101884.34 5776.24 5932.79 1.99 0.68 170.04 552.46
homstrad biotin_lipoyl 7 7 83.4286 112 28.9 76.4 76.2 52.9 59.0 371.5936 0:06:11 6207.38 103832.93 5872.43 5978.47 1.99 0.87 165.15 614.59
homstrad cys 13 13 223.692 284 40.5 73.1 72.3 36.2 40.1 505.7550 0:08:25 6901.66 103835.44 6566.60 6723.70 1.99 0.80 191.97 971.77
homstrad ghf11 5 5 185.4 202 49.5 68.9 68.8 50.5 51.8 547.8799 0:09:07 6672.43 103835.45 6627.73 6643.34 1.99 0.63 188.31 1032.62
homstrad blmb 6 6 241.667 344 20.6 17.8 17.0 0.0 0.0 729.6924 0:12:09 7054.35 103832.64 6720.14 6850.03 1.99 0.85 202.41 1477.90
homstrad aadh 8 8 415.125 542 38.2 52.6 52.5 7.5 8.2 1124.0930 0:18:44 7787.27 96765.62 7454.01 7611.62 1.99 0.90 203.01 2283.04
homstrad DEATH 7 7 107.143 159 19.6 22.3 22.6 0.0 0.0 411.7371 0:06:51 6294.80 103836.44 5959.78 6117.14 1.99 0.66 188.53 777.16
homstrad Sulfotransfer 5 5 281.8 381 26.2 18.8 28.4 0.0 0.0 787.4574 0:13:07 7216.01 103836.01 6882.28 7039.06 1.99 0.64 203.13 1600.56
homstrad serpin 8 8 376.25 418 34.3 31.5 46.9 1.8 0.9 861.4085 0:14:21 7928.65 103835.34 7890.34 7906.29 1.99 0.72 202.79 1747.19
homstrad proteasome 17 17 223.353 309 21.7 69.5 66.0 23.8 30.5 609.0820 0:10:09 7010.92 101992.18 6876.49 6902.09 89.99 0.81 164.56 1002.76
homstrad zf-CCHH 15 15 29.0667 39 35.5 91.0 89.4 60.0 68.2 218.4944 0:03:38 6004.05 101884.34 5669.12 5775.26 1.99 0.91 125.76 275.73
homstrad egf 12 12 47.75 71 31.1 39.9 39.4 0.0 0.0 264.5226 0:04:24 6058.95 99802.32 6020.71 6036.28 1.99 0.73 158.97 421.49
homstrad annexin 6 6 317.167 323 57.2 100.0 100.0 100.0 100.0 855.5152 0:14:15 7409.32 99802.32 7074.23 7231.58 1.99 0.65 202.80 1735.91
homstrad OTCace 5 5 318 350 37.3 71.5 70.8 46.3 51.3 796.4691 0:13:16 7484.19 99799.39 7290.37 7375.52 1.99 0.64 202.28 1612.22
homstrad rnasemam 6 6 121.5 141 42.2 70.6 70.2 35.1 41.4 447.6429 0:07:27 6360.16 99802.33 6025.21 6123.68 1.99 0.89 186.83 836.84
homstrad adh 5 5 373.6 375 63.9 97.6 98.1 93.6 94.0 887.9835 0:14:47 7915.22 103835.45 7786.75 7802.36 1.99 0.62 197.87 1757.91
homstrad il8 11 11 68.8182 81 34.5 79.4 78.7 32.5 37.6 285.1170 0:04:45 6119.36 99802.32 5784.27 5886.55 1.99 0.85 142.96 408.46
homstrad hr 5 5 74 82 53.3 99.4 99.4 98.7 98.6 343.2075 0:05:43 6168.82 99802.32 5834.73 5991.41 1.99 0.62 160.05 550.19
homstrad ChtBD 5 5 42.6 45 59.3 97.3 97.6 93.0 94.7 268.1267 0:04:28 6040.72 103833.65 6004.04 6017.82 1.99 0.86 153.87 413.51
homstrad gluts 14 14 215.643 235 39.4 76.4 77.4 46.8 50.8 488.0822 0:08:08 6887.87 103838.24 6552.74 6658.26 1.99 1.03 183.74 897.73
homstrad ghf5 6 6 327.167 470 17.8 6.0 5.5 0.0 0.0 975.7200 0:16:15 7536.25 99802.20 7202.47 7359.01 1.99 0.67 205.63 2007.29
homstrad ghf13 10 10 469.8 626 26.8 18.2 27.7 2.0 0.1 1012.8409 0:16:52 8137.55 103903.84 7802.89 7890.11 1.99 1.00 202.00 2046.77
homstrad PDZ 6 6 93 110 30.6 57.8 57.0 28.3 28.0 400.1106 0:06:40 6216.12 103845.43 5881.03 5987.08 1.99 0.86 174.08 697.41
homstrad az 29 29 113.069 215 33.4 53.4 52.9 23.4 15.3 309.7384 0:05:09 6315.62 103832.65 5981.05 6060.65 1.99 0.90 153.39 475.45
homstrad hla 5 5 178 178 76.5 100.0 100.0 100.0 100.0 501.0161 0:08:21 6624.04 95701.82 6288.84 6446.21 1.99 0.65 194.90 977.73
homstrad slectin 5 5 133.4 142 33.3 82.2 82.8 68.6 72.7 426.3647 0:07:06 6375.04 103832.64 6056.54 6197.62 1.99 0.62 181.32 774.01
homstrad GEL 5 5 118.6 150 23.7 25.9 24.2 0.0 0.0 427.4935 0:07:07 6327.82 101884.28 5992.79 6098.74 1.99 0.87 178.66 764.75
homstrad kringle 9 9 82.8889 100 43.3 93.1 91.8 73.0 78.0 329.8900 0:05:29 6206.79 101883.34 5871.77 5977.91 1.99 0.89 165.01 545.29
homstrad p450 12 12 408 512 20.8 19.0 22.4 0.0 0.0 857.5562 0:14:17 8229.59 101883.34 7894.33 8051.73 1.99 0.75 196.41 1684.81
homstrad gpdh 8 8 338.75 360 55.1 83.1 83.3 68.2 71.4 942.4216 0:15:42 7592.88 96556.48 7393.51 7438.21 1.99 0.91 206.17 1943.78
homstrad int 5 5 192 219 22.5 28.1 28.1 0.0 0.0 591.4210 0:09:51 6686.75 103834.45 6351.75 6466.12 1.99 0.93 199.05 1178.10
homstrad KAS 6 6 344.667 404 31.7 43.1 67.0 7.2 1.0 1039.5306 0:17:19 7586.25 97817.80 7554.04 7567.82 1.99 0.88 201.19 2092.28
homstrad trfl 7 7 526.286 702 61.9 88.2 87.9 77.9 77.9 1274.2371 0:21:14 8393.05 103833.63 8257.22 8273.51 1.99 0.66 194.04 2473.29
homstrad TNF 5 5 149.6 176 32.0 37.0 37.2 14.6 16.5 487.7870 0:08:07 6470.58 103836.25 6279.32 6364.54 1.99 0.62 184.46 900.67
homstrad scorptoxin 8 8 64.75 74 46.3 84.0 82.8 58.9 66.2 297.2556 0:04:57 6112.84 101915.34 5778.37 5935.15 1.99 0.65 163.72 487.55
homstrad aldosered 7 7 310.857 386 41.6 79.7 77.9 34.5 38.7 787.1189 0:13:07 7445.02 97787.59 7110.17 7189.82 1.99 0.91 201.25 1585.06
homstrad rrm 20 20 86.65 157 22.9 77.3 74.6 16.2 24.0 299.9909 0:04:59 6218.37 99802.32 5883.86 5963.69 1.99 1.05 159.58 479.67
