homfam ricin 747 7 198.708 281 37.5 93.5 93.8 78.4 86.1 137.3509 0:02:17 239.22 5072.00 198.17 202.85 0.00 33.85 57.52 6.99
homfam ghf10 1502 5 220.34 364 43.3 95.9 95.9 87.0 90.8 842.5971 0:14:02 312.93 5145.11 272.50 278.98 0.00 50.23 95.32 664.65
homfam seatoxin 93 5 43.6344 54 42.6 73.1 71.5 26.5 25.7 0.5938 0:00:00 105.93 4603.02 76.69 80.13 0.00 0.02 0.00 4.44
homfam mofe 2567 6 353.074 609 30.0 88.6 89.1 76.0 81.3 575.2015 0:09:35 331.52 5164.41 290.78 296.28 0.00 64.34 92.34 262.87
homfam cyt3 385 6 92.3065 130 40.3 88.0 87.9 68.6 76.4 54.6559 0:00:54 182.78 5015.87 142.14 147.55 0.00 12.07 86.97 44.20
homfam ins 793 6 65.2825 74 44.9 95.4 95.7 78.3 92.1 80.3503 0:01:20 201.14 5033.90 160.48 166.95 0.00 14.45 97.33 70.76
homfam Ald_Xan_dh_2 2589 6 109.304 885 31.8 77.8 81.3 56.2 61.8 101.4489 0:01:41 226.32 5059.66 185.67 190.34 0.00 15.80 48.05 59.44
homfam tms 2118 5 264.245 357 45.9 95.3 95.1 84.2 90.0 221.3462 0:03:41 253.09 5086.33 212.24 216.32 0.00 31.72 76.48 61.35
homfam phc 2957 12 98.4711 179 37.2 97.6 97.6 91.6 93.8 43.7497 0:00:43 149.79 4966.12 109.40 113.48 0.00 1.13 41.79 23.11
homfam cytb 3206 6 82.1454 100 35.6 85.3 86.1 65.2 74.2 61.1956 0:01:01 208.41 5041.63 167.75 171.86 0.00 18.22 78.86 38.13
homfam mmp 1427 6 157.93 180 55.1 97.6 98.3 88.8 94.4 308.8249 0:05:08 270.13 5103.68 229.45 234.90 0.00 30.14 84.10 237.32
homfam phoslip 946 18 113.33 137 48.9 94.6 94.6 70.6 79.7 42.1578 0:00:42 158.07 4973.60 117.29 120.96 0.00 0.48 43.86 23.34
homfam HLH 6781 5 53.5453 92 28.1 81.4 87.7 65.5 74.2 41.4430 0:00:41 177.38 5010.84 136.81 141.13 0.00 10.29 43.57 18.54
homfam myb_DNA-binding 10398 5 46.5583 61 40.7 91.8 94.0 75.0 84.2 68.2254 0:01:08 629.80 5459.21 588.45 592.22 0.00 13.62 26.42 34.63
homfam msb 4884 8 106.037 158 26.6 89.3 90.5 59.3 73.0 194.5523 0:03:14 228.77 5061.80 188.01 192.15 0.00 25.99 71.64 149.96
homfam ghf1 4358 8 403.813 562 38.4 58.5 78.7 5.8 4.4 577.6992 0:09:37 322.84 5156.20 282.05 287.54 0.00 67.23 86.68 40.89
homfam rvp 93681 6 94.2886 132 36.6 65.8 76.1 32.4 36.5 5506.2421 1:31:46 34202.40 39025.00 34192.20 34192.94 0.00 59.63 99.85 5509.47
homfam lyase_1 7632 5 295.082 511 30.9 77.8 78.6 58.1 60.5 309.1047 0:05:09 434.80 5261.59 393.94 398.71 0.00 44.91 74.10 71.38
homfam ldh 7367 14 121.378 371 31.9 83.9 84.8 48.6 56.5 108.8049 0:01:48 391.58 5219.51 350.70 354.85 0.00 25.55 44.46 47.15
homfam subt 7517 11 301.598 414 39.5 72.9 81.7 27.0 32.4 4079.2617 1:07:59 832.97 5647.36 791.88 807.80 0.00 284.21 98.06 19.96
homfam sodfe 4455 8 77.4471 219 42.3 90.4 89.8 61.2 64.7 35.9297 0:00:35 182.27 5016.07 141.61 146.07 0.00 12.05 50.27 11.56
homfam LIM 6428 5 57.0143 86 52.8 94.5 95.8 79.3 92.3 33.4897 0:00:33 183.29 5016.15 142.37 146.43 0.00 13.64 50.09 16.89
homfam blm 9105 8 300.727 274 39.1 97.9 97.8 91.0 92.9 1254.6165 0:20:54 721.79 5536.72 711.43 712.17 0.00 73.45 95.18 276.15
homfam DMRL_synthase 2099 5 140.59 182 33.2 81.4 86.1 50.9 57.7 55.4176 0:00:55 179.43 5012.95 138.71 142.39 0.00 12.09 33.59 19.12
homfam tRNA-synt_2b 11293 5 177.564 467 18.7 51.1 60.9 25.9 35.3 293.7932 0:04:53 742.77 5558.32 702.06 706.28 4.00 38.53 78.01 160.06
homfam Stap_Strp_toxin 640 6 87.3922 254 32.5 83.7 83.4 49.4 55.7 25.6159 0:00:25 192.67 5026.14 152.19 156.30 0.00 15.75 69.29 9.41
homfam Acetyltransf 46285 6 82.9897 229 24.1 49.2 74.5 18.5 22.2 3157.3982 0:52:37 9575.48 14393.30 9533.83 9544.55 0.00 288.32 98.24 23.46
homfam ghf22 760 12 107.567 131 51.4 95.6 95.9 85.4 88.1 44.4824 0:00:44 165.58 4981.42 125.15 128.78 0.00 0.39 40.97 23.06
homfam sdr 50157 13 163.253 361 23.3 62.5 76.4 11.7 15.1 3660.3376 1:01:00 10847.33 15665.07 10806.38 10814.47 0.00 69.47 98.01 3466.34
homfam ltn 1068 12 204.148 282 49.9 94.0 94.6 75.9 83.0 293.2078 0:04:53 274.43 5106.81 233.43 241.49 0.00 40.57 88.57 193.06
homfam hpr 3349 5 83.0427 89 44.4 99.1 99.5 97.7 97.7 28.7744 0:00:28 172.20 5005.35 131.52 136.09 0.00 9.68 62.37 11.29
homfam bowman 499 5 26.1443 73 64.9 46.2 54.6 24.3 16.9 5.8679 0:00:05 166.80 4999.86 126.06 130.16 0.00 7.77 88.88 9.59
homfam hip 167 5 66.2096 88 33.4 85.3 84.6 63.1 70.7 1.9016 0:00:01 140.57 4973.34 99.84 103.98 0.00 1.27 9.42 5.43
homfam HMG_box 4779 5 66.0716 89 24.8 97.3 96.2 85.2 93.9 28.6476 0:00:28 170.74 5004.16 130.21 133.94 0.00 8.64 60.43 15.30
homfam icd 5678 5 328.887 433 41.7 93.8 94.7 83.2 86.3 395.2086 0:06:35 315.73 5142.02 275.04 279.82 0.00 65.34 80.95 46.40
homfam peroxidase 4514 5 256.626 383 37.3 84.7 89.9 57.3 60.7 425.5198 0:07:05 286.45 5119.62 245.66 251.09 0.00 46.74 82.32 27.55
homfam asp 3262 13 284.142 381 37.5 90.6 91.8 68.4 74.4 2405.1804 0:40:05 398.30 5231.71 357.70 365.80 0.00 70.00 97.32 42.55
homfam flav 4612 6 138.021 183 35.0 81.1 84.5 58.3 59.9 134.1814 0:02:14 220.69 5054.01 179.88 184.00 0.00 26.18 58.33 75.61
homfam cah 1379 5 212.706 279 38.7 86.4 88.3 65.3 70.3 187.8766 0:03:07 265.51 5098.41 224.66 228.77 0.00 41.73 74.05 62.23
homfam ace 3989 6 427.824 601 37.3 88.3 91.2 72.5 78.1 2730.7411 0:45:30 506.41 5340.14 465.64 481.43 0.00 102.61 97.86 113.23
homfam sti 613 5 165.383 198 36.4 84.9 84.6 60.3 67.8 95.0478 0:01:35 240.12 5073.29 199.43 203.11 0.00 35.81 51.32 30.33
homfam aat 25100 10 337.807 476 28.6 84.3 88.5 56.5 64.0 2256.0721 0:37:36 3084.61 7900.21 3043.64 3059.56 0.00 103.97 97.10 1344.00
homfam oxidored_q6 3348 5 123.044 285 56.7 97.5 98.0 92.1 94.2 78.3819 0:01:18 218.62 5052.08 177.91 182.01 0.00 25.53 23.73 13.18
homfam hormone_rec 3509 5 188.562 308 21.5 76.0 75.8 51.2 65.4 332.4335 0:05:32 255.20 5087.85 214.27 218.41 0.00 35.57 78.27 11.12
homfam rhv 17976 6 143.424 938 33.1 12.7 29.9 0.0 0.0 529.3014 0:08:49 1596.10 6412.58 1555.35 1559.53 0.00 135.00 83.28 9.09
homfam tgfb 1606 8 95.4645 118 43.8 89.7 91.7 54.7 63.2 31.3992 0:00:31 155.72 4971.52 115.06 119.15 0.00 0.66 56.04 22.37
homfam cryst 1160 7 80.8078 192 44.4 45.9 60.3 0.0 0.0 33.9089 0:00:33 193.92 5027.11 153.36 157.46 0.00 14.20 52.04 9.99
homfam cyclo 6288 6 159.069 203 44.1 90.8 94.0 78.8 80.9 222.5227 0:03:42 364.45 5188.67 323.86 327.96 0.00 36.18 62.37 40.77
homfam kunitz 2266 10 53.752 64 37.9 89.0 93.0 55.0 58.8 21.4286 0:00:21 176.78 5009.82 135.94 140.43 0.00 10.74 84.22 17.87
homfam Rhodanese 14049 6 102.277 216 22.7 71.3 75.8 47.9 54.9 391.6824 0:06:31 1034.04 5849.21 993.45 998.12 0.00 31.23 81.75 180.47
homfam sodcu 2038 7 141.322 169 42.2 91.3 92.2 77.7 83.2 99.3567 0:01:39 230.06 5063.36 189.22 193.32 0.00 28.46 48.99 42.75
homfam profilin 687 5 123.371 144 39.7 92.1 92.2 78.1 80.0 60.4251 0:01:00 206.00 5038.85 165.18 169.85 0.00 20.89 30.50 25.68
homfam glob 3983 41 100.684 174 31.7 95.3 96.1 48.2 52.3 43.6405 0:00:43 163.16 4979.56 122.60 126.69 0.00 1.51 42.49 23.32
homfam tim 3904 10 205.645 260 47.5 97.6 98.0 91.5 95.0 175.0908 0:02:55 227.46 5057.51 186.80 190.56 0.00 22.19 61.98 16.95
homfam uce 4558 13 134.701 184 34.0 85.6 90.9 43.4 49.3 118.5757 0:01:58 261.50 5090.21 220.70 224.84 0.00 27.11 40.27 17.75
homfam toxin 508 20 62.311 78 43.1 91.4 90.6 50.6 58.2 15.8901 0:00:15 183.10 5016.14 142.39 146.55 0.00 14.14 100.16 14.48
homfam rub 1435 5 46.1575 54 62.1 99.2 99.2 96.3 96.7 9.4066 0:00:09 161.23 4994.02 120.37 124.99 0.00 6.41 88.92 6.00
homfam hom 12037 8 53.4951 98 35.3 91.0 91.7 58.0 70.8 64.2043 0:01:04 773.73 5604.18 732.48 736.65 0.00 10.99 74.40 41.25
homfam biotin_lipoyl 11833 7 71.8928 112 28.9 92.0 91.9 69.4 77.3 77.8386 0:01:17 745.75 5561.15 705.26 708.97 0.00 13.33 61.36 67.08
homfam cys 4316 13 198.11 284 40.5 89.3 92.6 60.8 67.3 946.6571 0:15:46 293.41 5125.43 252.50 260.57 0.00 48.29 91.17 20.77
homfam ghf11 521 5 167.758 202 49.5 93.8 93.8 83.3 85.2 86.0742 0:01:26 210.04 5042.87 169.27 173.93 0.00 21.11 56.07 34.06
homfam blmb 17200 6 192.465 344 20.6 49.2 67.3 21.1 23.2 1284.2261 0:21:24 1662.16 6477.04 1621.23 1631.95 0.00 161.63 93.02 12.11
homfam aadh 3127 8 225.129 542 38.2 80.8 84.7 50.8 55.3 187.6748 0:03:07 240.33 5073.26 199.46 203.55 0.00 28.83 74.04 71.56
homfam DEATH 1183 7 80.5689 159 19.6 76.8 82.0 44.4 60.3 34.9262 0:00:34 189.55 5022.66 148.82 152.92 0.00 14.41 50.99 10.49
homfam Sulfotransfer 2489 5 235.798 381 26.2 70.2 77.8 39.9 48.9 972.7002 0:16:12 326.89 5160.08 286.14 296.79 0.00 48.41 94.88 830.85
homfam serpin 3144 8 291.462 418 34.3 94.7 95.0 80.2 86.8 944.7566 0:15:44 326.96 5160.58 286.64 297.23 0.00 56.70 91.41 13.41
homfam proteasome 5732 17 174.347 309 21.7 82.7 84.1 32.8 42.3 134.4620 0:02:14 272.71 5088.72 231.95 236.06 0.00 31.61 35.68 12.25
homfam zf-CCHH 88345 15 23.2513 39 35.5 85.3 88.5 45.7 52.7 2267.9854 0:37:47 30380.04 35220.89 30339.09 30347.32 0.00 29.17 100.20 2271.94
homfam egf 7774 12 32.0765 71 31.1 59.5 69.3 10.3 17.8 37.9535 0:00:37 175.43 5009.06 134.94 139.05 0.00 10.33 47.35 21.04
homfam annexin 3139 6 65.1902 323 57.2 63.8 81.8 27.0 26.7 32.8267 0:00:32 180.21 5013.45 139.46 143.57 0.00 8.64 54.54 15.01
homfam OTCace 4795 5 157.005 350 37.3 86.7 94.5 66.8 67.4 109.9176 0:01:49 256.40 5084.69 215.22 219.33 0.00 27.68 44.32 22.00
homfam rnasemam 498 6 120.072 141 42.2 94.2 91.0 72.4 82.4 40.6162 0:00:40 160.80 4977.02 120.47 124.62 0.00 0.31 45.54 23.37
homfam adh 21331 5 123.64 375 63.9 98.3 98.5 94.9 95.4 642.8039 0:10:42 2146.79 6964.27 2106.03 2112.55 0.00 39.41 87.31 491.24
homfam il8 1073 11 63.7623 81 34.5 85.6 87.0 48.1 56.0 20.2072 0:00:20 181.85 5014.86 141.26 145.35 0.00 12.82 86.32 15.48
homfam hr 3707 5 65.1513 82 53.3 98.3 99.4 94.9 96.1 19.5510 0:00:19 219.45 5050.86 178.69 182.86 0.00 9.02 88.71 10.20
homfam ChtBD 774 5 38.2713 45 59.3 95.9 95.7 88.4 89.9 12.3463 0:00:12 170.83 5003.84 130.22 134.30 0.00 9.51 97.70 14.80
homfam gluts 10099 14 98.1117 235 39.4 79.6 90.0 55.8 60.4 299.4314 0:04:59 655.00 5480.20 614.20 618.35 0.00 25.98 76.73 100.97
homfam ghf5 2717 6 260.466 470 17.8 63.4 72.9 35.2 49.6 1573.4442 0:26:13 387.54 5220.43 346.93 357.87 0.00 63.91 97.04 1387.30
homfam ghf13 12607 10 264.452 626 26.8 54.9 71.2 29.0 38.2 1397.3217 0:23:17 1012.22 5827.36 971.20 979.54 0.00 81.10 94.22 357.60
homfam PDZ 14950 6 80.8907 110 30.6 80.1 87.9 61.6 62.7 270.1361 0:04:30 1114.21 5940.27 1073.05 1077.73 0.00 23.82 84.78 167.89
homfam az 1086 29 100.416 215 33.4 75.2 75.5 40.8 36.8 82.6461 0:01:22 212.06 5044.75 171.41 175.50 0.00 22.79 58.93 60.51
homfam hla 13465 5 153.148 178 76.5 100.0 100.0 100.0 100.0 189.0599 0:03:09 897.23 5726.82 856.55 860.65 0.00 19.26 57.34 118.86
homfam slectin 932 5 133.052 142 33.3 95.5 95.8 91.2 92.3 85.3331 0:01:25 223.20 5056.05 182.49 186.60 0.00 23.46 57.06 45.98
homfam GEL 2195 5 78.1157 150 23.7 66.6 64.8 36.3 49.2 33.4963 0:00:33 190.41 5023.51 149.64 153.32 0.00 15.20 53.62 11.24
homfam kringle 1091 9 75.9138 100 43.3 96.5 95.2 80.9 88.2 31.0988 0:00:31 185.74 5018.90 145.11 149.79 0.00 13.77 57.77 12.57
homfam p450 21013 12 331.506 512 20.8 57.3 71.6 12.6 15.3 3937.9923 1:05:37 2901.75 7718.80 2891.85 2892.59 0.00 343.60 97.77 20.98
homfam gpdh 7691 8 129.082 360 55.1 94.4 94.7 83.8 87.2 119.3821 0:01:59 423.06 5249.37 382.05 386.24 0.00 26.36 39.65 38.96
homfam int 7572 5 168.037 219 22.5 78.9 85.8 52.5 57.1 515.7147 0:08:35 512.12 5333.27 471.61 477.12 0.00 41.81 85.56 103.98
homfam KAS 2070 6 174.528 404 31.7 86.6 87.0 71.5 76.5 108.7398 0:01:48 193.07 5026.73 152.48 156.61 0.00 14.91 44.70 10.05
homfam trfl 837 7 242.315 702 61.9 45.7 58.4 3.9 1.4 397.3446 0:06:37 371.99 5204.89 331.29 337.81 0.00 52.47 88.19 200.62
homfam TNF 556 5 119.903 176 32.0 84.1 87.6 66.2 71.7 54.9855 0:00:54 206.64 5039.87 166.10 170.76 0.00 21.84 33.83 26.14
homfam scorptoxin 363 8 53.2562 74 46.3 91.1 90.1 75.3 82.9 6.3031 0:00:06 160.14 4993.06 119.20 123.72 0.00 7.27 83.09 8.05
homfam aldosered 13277 7 268.547 386 41.6 88.5 91.8 64.6 73.1 1105.0032 0:18:25 1045.77 5861.39 1005.16 1013.21 0.00 66.00 94.49 387.20
homfam rrm 27610 20 67.4587 157 22.9 76.7 80.6 17.1 25.3 432.2124 0:07:12 3263.80 8090.69 3222.82 3226.88 0.00 22.71 88.05 380.85
