homfam ricin 747 7 198.708 281 37.5 88.8 91.5 71.1 77.4 95.5806 0:01:35 679.63 8572.90 609.39 617.73 0.00 59.78 140.31 201.44
homfam ghf10 1502 5 220.34 364 43.3 93.2 94.8 82.7 87.4 151.0875 0:02:31 504.40 10080.76 433.37 436.29 0.00 79.82 352.22 144.02
homfam seatoxin 93 5 43.6344 54 42.6 81.2 80.0 49.0 50.0 1.8737 0:00:01 141.02 3572.57 96.50 106.77 0.00 0.48 2.13 3.16
homfam mofe 2567 6 353.074 609 30.0 85.4 95.3 72.3 78.9 448.9810 0:07:28 2142.06 17826.94 2034.46 2045.58 0.00 146.12 639.26 11.26
homfam cyt3 385 6 92.3065 130 40.3 79.9 86.2 55.1 61.9 32.7814 0:00:32 236.12 7109.70 192.07 194.32 0.00 7.34 668.89 154.04
homfam ins 793 6 65.2825 74 44.9 92.8 97.8 66.7 88.3 49.6931 0:00:49 295.18 3997.46 259.38 273.82 0.00 26.44 254.62 13.31
homfam Ald_Xan_dh_2 2589 6 109.304 885 31.8 26.1 97.8 17.1 13.9 60.5583 0:01:00 516.61 9653.20 448.64 464.65 0.00 30.96 170.68 26.43
homfam tms 2118 5 264.245 357 45.9 93.5 95.2 78.6 84.5 191.1221 0:03:11 914.15 11602.66 844.49 855.38 0.00 68.20 423.26 223.67
homfam phc 2957 12 98.4711 179 37.2 93.3 96.2 78.8 83.9 50.7258 0:00:50 389.05 11743.44 293.33 310.53 0.00 26.85 231.94 12.50
homfam cytb 3206 6 82.1454 100 35.6 85.0 92.6 65.2 73.8 129.7966 0:02:09 352.95 5424.31 292.79 308.20 0.00 19.95 538.28 25.70
homfam mmp 1427 6 157.93 180 55.1 84.7 98.4 58.6 59.9 117.7101 0:01:57 1099.93 10694.50 1027.94 1031.01 0.00 74.07 124.73 26.86
homfam phoslip 946 18 113.33 137 48.9 95.1 95.1 72.8 82.7 19.5419 0:00:19 441.88 14289.27 360.62 363.38 0.00 32.55 1319.47 13.37
homfam HLH 6781 5 53.5453 92 28.1 75.8 98.3 53.6 72.1 231.0461 0:03:51 308.31 11844.10 244.57 259.28 0.00 372.23 55.85 16.96
homfam myb_DNA-binding 10398 5 46.5583 61 40.7 87.2 96.5 69.6 78.2 245.2508 0:04:05 307.95 10379.08 238.33 248.72 0.00 356.24 368.92 17.33
homfam msb 4884 8 106.037 158 26.6 81.9 92.1 51.7 64.7 384.7289 0:06:24 490.64 8825.84 414.55 424.89 0.00 381.02 255.79 47.98
homfam ghf1 4358 8 403.813 562 38.4 83.8 91.0 45.9 46.8 399.3237 0:06:39 1841.56 26658.29 1719.12 1723.29 0.01 285.09 651.52 287.96
homfam rvp 93681 6 94.2886 132 36.6 75.8 78.9 45.9 51.8 3432.0537 0:57:12 2748.26 17157.41 2684.20 2695.17 180.02 1910.52 684.31 143.55
homfam lyase_1 7632 5 295.082 511 30.9 64.8 88.9 55.7 53.6 628.9019 0:10:28 587.81 15272.68 520.01 525.12 0.00 685.77 464.11 94.15
homfam ldh 7367 14 121.378 371 31.9 46.7 91.9 32.2 36.4 362.2121 0:06:02 390.62 10963.37 331.39 342.65 0.00 448.09 125.62 29.41
homfam subt 7517 11 301.598 414 39.5 73.5 88.4 33.9 46.5 6579.2603 1:49:39 5048.09 18510.80 4977.03 4983.86 0.00 2274.72 735.31 295.92
homfam sodfe 4455 8 77.4471 219 42.3 39.2 89.8 26.3 26.3 84.1595 0:01:24 292.76 8659.30 228.04 238.75 0.00 97.45 113.40 15.09
homfam LIM 6428 5 57.0143 86 52.8 92.9 99.3 68.3 89.7 121.9570 0:02:01 259.78 7878.64 204.82 208.48 0.00 322.25 225.28 11.54
homfam blm 9105 8 300.727 274 39.1 88.7 96.9 73.4 75.9 4127.5438 1:08:47 2326.76 15650.20 2250.05 2256.90 756.06 1740.24 496.56 161.67
homfam DMRL_synthase 2099 5 140.59 182 33.2 90.4 92.2 71.6 82.3 32.0965 0:00:32 198.51 7209.09 157.87 160.01 0.00 7.38 929.84 304.94
homfam tRNA-synt_2b 11293 5 177.564 467 18.7 49.8 74.6 28.2 39.4 552.3934 0:09:12 819.58 13599.29 751.75 755.61 8.00 741.35 539.11 50.22
homfam Stap_Strp_toxin 640 6 87.3922 254 32.5 71.7 75.2 39.9 43.0 0.4633 0:00:00 105.86 4594.93 76.65 78.38 0.00 0.02 0.00 4.51
homfam Acetyltransf 46285 6 82.9897 229 24.1 46.5 85.3 23.8 31.2 45.2766 0:00:45 584.93 5302.39 548.42 550.44 8.00 503.34 40.12 23.03
homfam ghf22 760 12 107.567 131 51.4 93.9 95.6 79.2 82.9 12.8344 0:00:12 359.23 12125.98 295.27 299.01 0.00 31.05 1132.71 6.14
homfam sdr 50157 13 163.253 361 23.3 59.9 88.5 29.7 39.4 5239.9597 1:27:19 1296.27 15680.43 1225.64 1229.72 0.00 2501.86 1983.89 111.36
homfam ltn 1068 12 204.148 282 49.9 93.3 95.1 71.1 79.6 79.7761 0:01:19 327.05 7284.89 283.30 285.63 0.00 83.47 180.40 8.67
homfam hpr 3349 5 83.0427 89 44.4 98.3 100.0 95.5 97.1 21.5833 0:00:21 188.14 7264.20 144.55 146.86 0.00 5.06 1614.91 6.10
homfam bowman 499 5 26.1443 73 64.9 54.7 66.2 21.4 14.8 6.5419 0:00:06 252.48 6638.84 203.41 210.58 60.00 13.89 244.66 4.23
homfam hip 167 5 66.2096 88 33.4 81.4 84.4 51.2 56.8 6.4285 0:00:06 197.02 6230.13 146.78 157.05 0.00 14.12 555.99 9.57
homfam HMG_box 4779 5 66.0716 89 24.8 92.4 96.4 77.8 88.1 59.5580 0:00:59 193.30 7271.04 152.09 154.40 0.00 110.60 530.38 8.85
homfam icd 5678 5 328.887 433 41.7 92.8 96.4 82.1 85.4 1222.9528 0:20:22 946.41 14560.23 868.21 879.34 0.01 674.93 204.50 42.00
homfam peroxidase 4514 5 256.626 383 37.3 86.1 93.5 63.6 65.8 781.3318 0:13:01 1586.89 12863.45 1494.88 1506.35 0.00 403.91 270.95 31.45
homfam asp 3262 13 284.142 381 37.5 90.0 94.1 69.5 76.0 804.2589 0:13:24 3028.79 18748.39 2904.47 2915.16 0.00 186.29 761.69 12.93
homfam flav 4612 6 138.021 183 35.0 84.4 91.9 65.7 70.1 271.5593 0:04:31 518.11 8143.56 446.77 457.85 0.10 263.39 145.37 56.50
homfam cah 1379 5 212.706 279 38.7 89.6 91.5 72.7 77.2 144.4405 0:02:24 940.48 12379.04 829.66 847.54 0.00 77.81 263.57 192.47
homfam ace 3989 6 427.824 601 37.3 85.9 90.3 69.4 73.7 2340.4584 0:39:00 4735.94 18811.24 4603.34 4614.62 0.00 567.71 914.87 66.75
homfam sti 613 5 165.383 198 36.4 85.5 86.9 62.5 69.7 59.6401 0:00:59 595.11 9131.28 521.11 532.34 0.00 59.03 180.66 77.60
homfam aat 25100 10 337.807 476 28.6 75.4 86.8 40.8 46.0 4784.5196 1:19:44 2195.40 18373.11 2119.48 2126.32 588.02 2543.41 340.25 171.98
homfam oxidored_q6 3348 5 123.044 285 56.7 98.8 98.7 95.1 96.3 100.1452 0:01:40 406.98 8076.18 314.36 332.34 0.00 55.21 68.16 49.49
homfam hormone_rec 3509 5 188.562 308 21.5 73.2 77.3 49.5 63.5 288.5393 0:04:48 878.44 12091.45 789.79 801.45 0.00 126.84 383.79 25.10
homfam rhv 17976 6 143.424 938 33.1 13.1 54.0 0.7 0.1 879.8033 0:14:39 1080.35 13673.67 992.49 1003.30 1.12 671.77 329.72 55.28
homfam tgfb 1606 8 95.4645 118 43.8 91.2 93.0 60.7 73.9 31.8720 0:00:31 193.36 3889.03 152.02 166.12 0.00 6.74 478.98 135.89
homfam cryst 1160 7 80.8078 192 44.4 39.8 62.3 0.0 0.0 1.9618 0:00:01 140.13 4867.31 103.73 106.90 8.00 0.57 15.59 4.92
homfam cyclo 6288 6 159.069 203 44.1 85.7 94.5 69.3 72.8 502.8476 0:08:22 446.28 9471.72 386.99 390.32 172.02 618.66 621.17 22.68
homfam kunitz 2266 10 53.752 64 37.9 93.8 97.8 78.3 80.4 30.1804 0:00:30 182.80 7184.30 138.96 141.27 0.00 4.22 1157.95 360.12
homfam Rhodanese 14049 6 102.277 216 22.7 64.8 85.6 49.5 46.1 555.9053 0:09:15 416.72 14667.06 351.12 354.56 0.00 748.52 691.32 41.11
homfam sodcu 2038 7 141.322 169 42.2 94.2 96.2 83.1 88.3 49.6267 0:00:49 237.42 7213.87 193.54 195.87 0.00 12.12 248.54 68.99
homfam profilin 687 5 123.371 144 39.7 94.1 95.2 85.2 86.7 44.8247 0:00:44 225.25 3960.05 182.87 192.45 0.00 7.89 250.47 45.91
homfam glob 3983 41 100.684 174 31.7 76.5 95.6 41.2 50.0 56.9015 0:00:56 190.39 7762.71 149.47 154.71 0.00 75.73 474.16 46.40
homfam tim 3904 10 205.645 260 47.5 95.4 98.2 88.0 92.4 125.8193 0:02:05 278.32 8897.38 231.43 235.10 8.00 119.14 684.90 16.22
homfam uce 4558 13 134.701 184 34.0 89.3 94.7 59.0 68.6 321.8921 0:05:21 482.32 9416.59 399.62 410.78 0.00 219.66 281.00 15.44
homfam toxin 508 20 62.311 78 43.1 93.5 92.9 62.3 70.9 12.9077 0:00:12 336.71 9711.57 251.30 264.38 0.00 26.43 612.51 4.30
homfam rub 1435 5 46.1575 54 62.1 96.1 99.2 88.9 89.4 14.0711 0:00:14 286.79 7802.02 200.30 213.35 0.00 17.19 731.93 4.27
homfam hom 12037 8 53.4951 98 35.3 93.4 98.2 69.6 84.3 222.8269 0:03:42 316.99 8667.00 245.49 256.72 0.00 296.78 243.75 19.96
homfam biotin_lipoyl 11833 7 71.8928 112 28.9 89.9 98.0 72.9 79.5 282.9515 0:04:42 303.20 8314.00 261.79 269.04 2500.00 326.96 316.65 27.83
homfam cys 4316 13 198.11 284 40.5 91.8 96.2 71.6 81.3 716.9910 0:11:56 1502.89 16083.57 1378.29 1389.43 0.00 366.25 362.24 17.29
homfam ghf11 521 5 167.758 202 49.5 91.3 93.0 78.6 80.4 22.8977 0:00:22 326.97 7831.00 273.72 278.22 0.00 20.16 1041.94 13.62
homfam blmb 17200 6 192.465 344 20.6 68.9 89.2 44.4 51.7 2491.8141 0:41:31 1412.57 12590.23 1321.80 1338.06 164.11 1737.80 213.68 159.66
homfam aadh 3127 8 225.129 542 38.2 55.8 90.6 30.6 34.7 188.1869 0:03:08 1211.04 16444.95 1089.57 1101.44 0.00 71.80 564.56 345.94
homfam DEATH 1183 7 80.5689 159 19.6 73.4 85.2 39.5 53.7 32.0634 0:00:32 190.52 3888.02 148.04 157.53 0.00 5.14 470.89 135.07
homfam Sulfotransfer 2489 5 235.798 381 26.2 72.6 88.9 42.6 52.1 515.4164 0:08:35 2431.95 16952.55 2303.91 2320.39 0.00 134.46 628.02 41.31
homfam serpin 3144 8 291.462 418 34.3 95.1 96.6 82.2 89.5 299.0997 0:04:59 2059.43 18726.45 1942.25 1947.00 8.00 136.86 1235.64 131.95
homfam proteasome 5732 17 174.347 309 21.7 83.1 90.9 41.4 61.5 278.1329 0:04:38 511.43 12785.89 444.43 447.64 0.00 445.52 587.35 17.74
homfam zf-CCHH 88345 15 23.2513 39 35.5 78.3 92.5 51.4 67.4 878.7754 0:14:38 2384.29 13342.05 2336.78 2339.59 0.00 1221.20 783.26 48.88
homfam egf 7774 12 32.0765 71 31.1 71.1 88.8 33.8 48.7 174.9687 0:02:54 196.16 4534.40 168.59 175.03 0.00 327.59 325.65 12.26
homfam annexin 3139 6 65.1902 323 57.2 18.8 77.0 0.0 0.0 37.1045 0:00:37 172.11 3937.71 155.80 160.32 0.00 5.88 403.00 154.23
homfam OTCace 4795 5 157.005 350 37.3 47.6 97.9 47.5 46.2 261.7068 0:04:21 577.84 10271.32 492.19 503.90 0.00 257.32 306.28 18.35
homfam rnasemam 498 6 120.072 141 42.2 96.2 92.9 76.9 87.3 12.6414 0:00:12 476.55 17663.29 398.78 405.32 0.00 38.12 734.73 6.24
homfam adh 21331 5 123.64 375 63.9 72.2 98.4 31.7 31.7 1274.9175 0:21:14 597.75 8680.43 526.74 536.70 0.01 912.19 302.73 103.64
homfam il8 1073 11 63.7623 81 34.5 89.9 90.4 63.6 74.9 18.1059 0:00:18 276.77 7403.19 219.66 228.07 0.00 13.90 611.43 13.49
homfam hr 3707 5 65.1513 82 53.3 97.9 100.0 88.6 97.7 44.9561 0:00:44 183.80 3940.34 141.36 151.26 0.00 5.55 283.16 123.43
homfam ChtBD 774 5 38.2713 45 59.3 98.3 98.1 93.0 94.7 10.4547 0:00:10 321.89 10512.61 236.57 254.12 0.00 18.38 540.09 4.19
homfam gluts 10099 14 98.1117 235 39.4 70.5 89.1 39.1 41.1 929.4485 0:15:29 641.96 9694.16 553.38 565.60 0.00 664.66 241.35 55.95
homfam ghf5 2717 6 260.466 470 17.8 67.0 79.5 37.8 51.9 577.1203 0:09:37 2825.16 18560.78 2700.68 2716.97 0.00 158.38 760.56 53.04
homfam ghf13 12607 10 264.452 626 26.8 60.9 86.9 34.5 44.1 3175.6635 0:52:55 2213.85 15540.43 2120.26 2136.47 84.27 1444.35 323.59 157.17
homfam PDZ 14950 6 80.8907 110 30.6 80.3 93.2 61.6 63.8 799.6946 0:13:19 335.48 6847.39 284.80 294.28 0.08 633.82 375.52 59.78
homfam az 1086 29 100.416 215 33.4 74.4 82.4 38.0 37.9 57.1359 0:00:57 642.36 10886.92 577.96 584.72 2628.35 38.19 168.27 132.16
homfam hla 13465 5 153.148 178 76.5 100.0 100.0 100.0 100.0 671.3598 0:11:11 328.94 7639.35 274.18 290.08 1280.45 471.52 290.93 46.85
homfam slectin 932 5 133.052 142 33.3 92.7 95.7 84.7 88.6 58.0861 0:00:58 613.78 10598.62 529.09 545.33 0.00 35.86 179.41 117.53
homfam GEL 2195 5 78.1157 150 23.7 67.4 77.3 42.5 52.8 39.7986 0:00:39 191.40 3961.03 173.27 177.80 1992.00 5.77 320.97 124.93
homfam kringle 1091 9 75.9138 100 43.3 95.2 95.0 78.7 87.4 26.6212 0:00:26 192.96 3888.02 151.63 161.13 0.00 5.61 548.93 3.82
homfam p450 21013 12 331.506 512 20.8 64.1 80.6 22.2 27.0 8314.0100 2:18:34 2524.18 19904.53 2428.77 2444.92 548.03 3331.42 518.09 694.66
homfam gpdh 7691 8 129.082 360 55.1 46.7 96.3 40.8 40.1 512.3576 0:08:32 735.51 12259.63 646.12 662.11 0.00 572.31 237.70 27.19
homfam int 7572 5 168.037 219 22.5 85.7 92.2 67.3 75.3 1607.9776 0:26:47 1492.60 11777.91 1402.13 1412.79 0.00 1032.54 210.04 96.65
homfam KAS 2070 6 174.528 404 31.7 73.2 89.5 44.0 45.4 83.3871 0:01:23 216.68 3961.07 174.00 183.43 0.00 8.41 560.19 375.45
homfam trfl 837 7 242.315 702 61.9 30.6 44.0 0.3 0.0 153.3559 0:02:33 1166.34 9355.85 1087.68 1103.74 0.00 72.08 213.48 233.51
homfam TNF 556 5 119.903 176 32.0 85.5 91.8 68.8 72.9 45.2432 0:00:45 217.83 3960.04 175.36 189.51 0.00 7.15 255.91 3.24
homfam scorptoxin 363 8 53.2562 74 46.3 91.2 92.1 76.7 82.1 10.4676 0:00:10 305.53 7856.52 223.35 239.80 0.12 27.09 425.39 3.92
homfam aldosered 13277 7 268.547 386 41.6 90.4 94.8 69.5 75.6 1436.1687 0:23:56 1164.54 16770.02 1089.56 1093.95 8.00 1656.31 544.85 69.86
homfam rrm 27610 20 67.4587 157 22.9 77.5 88.4 18.9 28.0 485.2106 0:08:05 434.74 9389.97 350.96 356.94 0.00 630.50 952.96 35.50
