ext_homfam_large CH 44833 4 101.255 143 22.6 77.1 80.2 56.0 61.7 356.0788 0:05:56 742.29 6360.70 708.82 712.48 0.00 0.02 724.87 2585.96
ext_homfam_large fkbp 98017 4 91.5776 126 47.3 88.5 96.0 77.9 80.8 1055.0245 0:17:35 1307.85 6701.78 1274.55 1278.12 0.00 0.02 895.12 9449.24
ext_homfam_large cyclin 52844 3 108.15 288 16.3 44.8 44.4 36.7 40.1 779.7675 0:12:59 1044.56 6527.45 1010.54 1014.23 0.00 0.02 938.59 7323.63
ext_homfam_large DUF170 58645 3 71.4808 89 21.8 75.8 79.6 68.2 71.1 444.6417 0:07:24 898.05 6342.83 864.91 869.12 0.00 0.02 931.64 4147.38
ext_homfam_large citrate_synt 69185 3 306.645 452 30.2 93.7 95.2 88.0 92.4 3875.8732 1:04:35 2064.63 7628.37 2030.49 2034.20 0.00 0.02 772.89 29961.75
ext_homfam_large ACPS 58467 3 91.2324 122 16.7 42.1 47.2 20.9 22.0 804.9094 0:13:24 1064.35 6612.07 1030.80 1034.47 0.00 0.02 906.97 7304.92
ext_homfam_large cbp 47126 8 26.6756 200 38.3 29.2 67.1 7.3 0.3 49.4671 0:00:49 290.54 6191.04 259.01 264.73 0.00 0.02 390.00 197.92
ext_homfam_large rnh 76222 3 122.222 161 34.3 82.3 85.8 71.7 72.9 848.3391 0:14:08 826.41 6495.50 792.72 796.41 0.00 0.02 753.97 6401.34
ext_homfam_large Fapy_DNA_glyco 41627 4 111.499 279 40.3 66.1 93.2 35.0 35.0 830.5157 0:13:50 1659.33 7237.50 1625.54 1630.44 0.00 53.31 895.40 7441.08
ext_homfam_large DAHP_synth_1 64082 3 259.458 375 25.6 73.0 74.9 57.6 60.2 1278.0185 0:21:18 861.98 6355.38 828.43 832.12 0.00 0.02 393.61 5035.43
ext_homfam_large Glyco_hydro_18_D2 70609 4 284.482 91 23.5 83.1 83.7 62.7 71.0 5770.1924 1:36:10 6272.26 12714.17 6238.30 6241.98 0.00 505.46 908.19 52409.11
ext_homfam_large dutpase 45714 3 116.124 138 28.6 89.4 95.1 85.8 87.7 448.3412 0:07:28 1075.50 6298.58 1041.62 1045.82 0.00 0.02 789.16 3543.17
ext_homfam_large DHOdehase 70950 4 232.402 396 26.1 81.9 81.8 63.5 68.5 2322.6023 0:38:42 1083.23 6660.74 1049.71 1053.43 0.00 0.02 645.84 15005.52
ext_homfam_large Glyco_hydro_18_D1 70609 4 284.497 444 28.1 84.2 85.0 66.8 76.1 5778.4810 1:36:18 6339.37 12703.59 6305.57 6309.31 0.00 64.84 921.92 53277.71
ext_homfam_large Asp_Glu_race_D 76399 4 200.362 123 17.8 21.4 65.8 0.9 0.5 1861.6739 0:31:01 1855.66 7583.83 1822.22 1825.92 0.00 0.02 748.03 13931.11
ext_homfam_large Bacterial_PQQ 64175 3 31.747 635 44.1 7.8 21.6 0.3 0.2 280.3149 0:04:40 550.61 6317.66 518.17 521.89 0.00 0.02 434.50 1222.75
ext_homfam_large GAL4 82674 3 34.7695 49 48.9 81.6 82.4 70.3 73.8 339.0833 0:05:39 1039.55 6391.92 1006.04 1009.70 0.00 0.02 827.39 2810.79
ext_homfam_large PEP-utilizers 59219 3 73.0971 154 36.6 70.0 85.3 61.1 57.1 188.6595 0:03:08 645.80 6231.98 613.98 617.65 0.00 0.02 543.05 1029.54
ext_homfam_large RuBisCO_large 80140 7 241.993 342 50.4 91.0 94.6 72.8 76.0 1333.4055 0:22:13 1178.59 6353.53 1144.88 1148.61 0.00 0.02 297.68 3974.06
ext_homfam_large Bac_DNA_binding 54315 4 86.796 101 33.0 92.7 96.0 87.4 89.9 210.7766 0:03:30 368.25 6235.66 337.96 341.52 0.00 0.02 498.79 1056.29
ext_homfam_large ung 82384 3 152.042 235 48.3 92.0 95.9 90.1 91.1 1268.2789 0:21:08 1082.82 6577.89 1051.18 1055.35 0.00 0.02 751.23 9532.51
ext_homfam_large myb_DNA-binding 72066 5 45.6103 61 40.7 86.8 91.2 69.6 78.2 306.1755 0:05:06 870.91 6364.86 837.14 841.33 0.00 0.02 710.45 2179.99
ext_homfam_large msb 69329 8 103.238 158 26.6 85.2 85.7 57.9 71.1 1378.3705 0:22:58 1621.86 7341.98 1587.49 1591.14 0.00 0.02 994.91 13718.50
ext_homfam_large ARM 41154 3 37.9796 486 28.5 2.4 10.5 0.2 0.1 121.5703 0:02:01 629.64 6203.88 595.78 599.90 0.00 0.02 404.58 497.25
ext_homfam_large tRNA_bind 60715 3 96.4105 128 22.8 74.4 72.2 57.0 61.1 400.6025 0:06:40 1165.65 6286.62 1131.92 1135.68 0.00 0.02 686.37 2754.43
ext_homfam_large sodfe 69746 8 89.9976 219 42.3 65.7 79.7 0.5 0.1 275.7649 0:04:35 311.46 6266.34 280.25 285.16 0.00 0.02 419.75 1162.57
ext_homfam_large Glyco_hydro_2 54968 3 98.0938 129 10.6 20.9 21.3 6.2 5.5 1043.9333 0:17:23 1055.99 6726.45 1022.44 1026.15 0.00 0.02 972.67 10158.99
ext_homfam_large Orn_DAP_Arg_deC 67331 3 234.09 179 77.6 96.0 95.1 93.5 94.0 3162.3306 0:52:42 2182.20 7619.01 2148.36 2152.05 0.00 0.02 738.32 23352.75
ext_homfam_large LIM 46552 5 54.4262 86 52.8 94.8 98.2 76.8 93.5 144.6457 0:02:24 661.41 6248.83 627.59 631.81 0.00 0.02 742.03 1078.23
ext_homfam_large TIG 45878 6 77.2108 88 55.4 76.3 81.0 57.5 60.2 454.4341 0:07:34 567.68 6515.81 534.41 538.06 0.00 0.02 870.53 3960.79
ext_homfam_large Lum_binding 56467 4 84.6084 114 27.1 91.4 91.1 80.0 88.4 300.4800 0:05:00 814.04 6286.79 782.73 786.42 0.00 0.02 653.60 1968.71
ext_homfam_large DHH 60101 3 146.145 189 66.5 75.3 96.3 73.7 74.0 1349.8958 0:22:29 1596.35 7001.17 1563.35 1567.41 0.00 0.02 715.29 9660.49
ext_homfam_large EGF_Lam 75793 3 45.7537 61 33.9 75.9 80.3 59.6 67.6 262.6669 0:04:22 964.46 6323.44 933.23 936.95 0.00 0.02 816.08 2148.55
ext_homfam_large Adenylsucc_synt 44036 3 378.745 441 56.1 98.6 98.4 97.2 97.6 2822.3387 0:47:02 1744.10 7382.84 1710.48 1714.16 0.00 0.02 636.13 17959.06
ext_homfam_large KISc 60991 4 282.977 412 45.1 87.9 88.3 74.1 78.3 9611.8207 2:40:11 7842.55 14152.43 7809.10 7812.66 0.00 1001.43 1055.81 101486.46
ext_homfam_large ferritin 65240 4 132.879 173 60.4 94.0 99.7 89.0 88.5 510.9961 0:08:30 640.41 6303.98 609.51 613.17 0.00 0.02 532.77 2727.50
ext_homfam_large RNase_HII 44930 3 178.359 228 40.1 83.4 86.6 74.8 78.8 1038.0759 0:17:18 1260.11 6417.04 1226.27 1229.94 0.00 0.02 747.39 7763.28
ext_homfam_large peroxidase 68141 5 261.962 383 37.3 73.4 83.5 54.7 60.4 2450.5016 0:40:50 2189.05 7878.74 2155.41 2159.10 0.00 0.02 663.72 16269.56
ext_homfam_large asp 47635 13 273.267 381 37.5 87.9 91.3 63.6 71.0 6553.7295 1:49:13 4219.49 9704.71 4185.76 4189.39 0.00 0.02 999.25 65493.34
ext_homfam_large flav 59460 6 126.005 183 35.0 82.1 85.6 58.9 61.5 891.0853 0:14:51 1387.60 7014.82 1353.89 1358.10 0.00 0.02 874.18 7796.86
ext_homfam_large ptpase 46221 3 166.676 311 39.2 87.7 89.4 82.2 82.6 2258.3028 0:37:38 2191.25 7893.30 2157.45 2161.08 0.00 0.02 996.74 22514.07
ext_homfam_large PK 83424 4 231.495 524 47.5 73.6 84.0 69.8 72.6 3450.6626 0:57:30 3014.77 8323.64 2981.36 2985.06 0.00 0.02 833.93 28781.49
ext_homfam_large ghf18 70610 5 284.494 349 19.9 50.0 54.9 17.5 18.2 5660.9410 1:34:20 6012.18 12441.65 5978.12 5981.79 0.00 0.02 904.97 51234.21
ext_homfam_large cat3 87444 4 213.469 256 24.8 83.9 84.5 62.1 67.1 1640.9808 0:27:20 1815.14 7530.68 1781.21 1784.91 0.00 213.28 630.98 10359.64
ext_homfam_large sh3 64226 20 45.6022 115 31.9 78.8 85.3 35.6 55.3 133.5793 0:02:13 366.61 6234.88 334.35 338.00 0.00 0.02 546.28 734.60
ext_homfam_large Pro_CA 43482 4 143.131 268 39.2 87.6 86.1 74.9 79.2 836.5202 0:13:56 1714.31 7535.40 1680.59 1684.77 0.00 0.02 924.14 7735.60
ext_homfam_large CUB 61058 3 102.6 114 41.7 94.2 93.9 90.9 91.4 1083.1412 0:18:03 1160.58 6546.14 1127.04 1130.82 0.00 0.02 1118.64 12121.62
ext_homfam_large cyclo 94131 6 150.667 203 44.1 90.7 92.7 76.7 79.9 2253.8398 0:37:33 4029.87 9627.30 3996.10 3999.82 0.00 0.02 918.88 20715.32
ext_homfam_large Methyltransf_1 83642 3 76.3578 184 28.8 53.6 51.0 39.2 42.7 527.4112 0:08:47 1031.34 6392.29 997.33 1001.04 0.00 0.02 788.19 4161.88
ext_homfam_large tim 51027 10 220.35 260 47.5 93.8 95.2 75.7 79.4 1378.6460 0:22:58 1247.75 6447.51 1213.97 1218.22 0.00 0.02 724.97 9999.35
ext_homfam_large PH 81662 13 97.5814 228 16.6 64.2 66.3 4.7 9.4 734.6231 0:12:14 730.89 6679.86 697.21 700.86 0.00 0.02 879.76 6467.58
ext_homfam_large uce 47029 13 120.381 184 34.0 85.4 88.3 50.0 57.1 713.5823 0:11:53 1339.33 6471.49 1305.72 1309.41 0.00 0.02 926.08 6613.25
ext_homfam_large igps 76266 3 215.593 276 19.3 42.2 42.3 20.0 19.2 2737.5655 0:45:37 1934.63 7776.38 1900.88 1905.03 0.00 0.02 905.33 24789.27
ext_homfam_large hom 48083 8 52.118 98 35.3 90.1 93.3 69.6 83.9 142.3610 0:02:22 696.84 6239.68 665.63 669.33 0.00 0.02 772.71 1104.88
ext_homfam_large ligase-CoA 45322 3 119.659 183 29.2 69.1 67.7 49.3 53.0 322.9758 0:05:22 1020.86 6259.76 987.06 990.74 0.00 0.02 622.08 2014.09
ext_homfam_large aadh 92451 8 164.389 542 38.2 41.8 73.1 0.2 0.1 2137.4912 0:35:37 2015.61 7508.41 1982.20 1986.40 0.00 0.02 804.16 17194.12
ext_homfam_large Sulfotransfer 56833 5 211.235 381 26.2 74.3 80.3 44.6 54.5 4687.6129 1:18:07 4438.55 9959.20 4404.65 4409.51 0.00 75.59 1058.43 49620.01
ext_homfam_large Ribosomal_L6_D 53998 4 72.9764 103 17.8 69.2 69.8 45.7 54.3 289.1507 0:04:49 1022.00 6279.97 991.08 994.77 0.00 0.02 842.73 2441.77
ext_homfam_large S_100 51521 6 27.8658 103 34.3 31.1 61.6 1.0 0.8 37.6103 0:00:37 140.01 5257.58 107.36 111.51 0.00 0.02 52.23 24.65
ext_homfam_large LDLa 74332 4 36.1029 48 45.6 88.2 90.1 74.4 82.0 127.7306 0:02:07 402.66 6234.39 370.43 374.13 0.00 0.02 564.02 725.45
ext_homfam_large proteasome 59434 17 167.998 309 21.7 83.2 84.5 37.9 56.1 988.5617 0:16:28 1677.27 7527.06 1643.50 1647.21 0.00 0.02 810.30 8014.93
ext_homfam_large Cu_nir 56602 3 123.831 337 72.9 99.3 99.6 98.8 99.0 1131.6124 0:18:51 2032.27 7614.08 1998.69 2002.35 0.00 94.20 861.93 9759.01
ext_homfam_large egf 93003 12 30.3664 71 31.1 67.0 75.6 30.9 43.8 159.5789 0:02:39 568.24 6283.88 536.48 541.38 0.00 0.02 593.09 951.37
ext_homfam_large csp 69967 3 61.2304 70 67.2 93.9 95.9 90.9 90.9 216.3161 0:03:36 853.25 6277.76 819.30 822.96 0.00 0.02 623.15 1352.72
ext_homfam_large cat 51685 3 333.558 730 44.4 77.8 89.5 74.6 77.0 1955.7506 0:32:35 2282.80 7661.48 2248.94 2252.61 0.00 0.02 478.44 9362.05
ext_homfam_large porin 49455 4 262.201 361 24.6 52.0 55.1 24.7 23.8 2604.1150 0:43:24 2263.96 7911.99 2230.27 2235.09 0.00 152.55 801.28 20871.26
ext_homfam_large parv 47125 7 26.6651 109 55.6 76.6 98.1 56.9 57.1 24.9667 0:00:24 202.25 6159.02 171.68 176.55 0.00 0.02 204.01 56.00
ext_homfam_large FAD-oxidase_C 93603 4 227.568 367 10.8 40.7 45.4 8.0 7.6 2821.1867 0:47:01 3243.27 8741.35 3209.41 3213.08 0.00 0.02 782.66 22085.39
ext_homfam_large EFTU_C 47040 3 85.1735 107 53.8 97.8 99.3 96.8 96.8 205.8818 0:03:25 997.03 6246.98 963.16 968.07 0.00 0.02 550.23 1137.59
ext_homfam_large ghf5 62230 6 234.799 470 17.8 67.5 75.2 38.8 53.1 2955.3042 0:49:15 1441.34 7189.67 1407.89 1411.61 0.00 0.02 817.49 24164.64
ext_homfam_large Glyco_hydro_18 70609 4 284.501 534 27.6 86.4 89.3 72.0 81.3 5734.3082 1:35:34 3273.96 8823.25 3239.97 3243.69 0.00 0.02 916.30 21.24
ext_homfam_large MoCF_biosynth 99836 4 143.205 203 28.2 79.3 85.7 55.7 65.1 1318.8739 0:21:58 1462.75 7137.36 1429.22 1432.89 0.00 0.02 748.94 9882.66
ext_homfam_large phs 46393 3 513.488 890 45.3 89.5 89.1 82.7 84.4 6301.5438 1:45:01 3792.18 9360.25 3758.46 3762.11 0.00 0.02 656.88 41398.37
ext_homfam_large cpa 58140 4 202.33 333 46.2 89.2 94.2 80.6 81.8 3151.3481 0:52:31 4705.06 10164.22 4671.61 4675.78 0.00 248.23 878.04 27675.72
ext_homfam_large EF_TS 47306 3 145.243 217 29.0 34.8 63.3 36.2 18.7 639.7364 0:10:39 595.73 6347.14 561.99 565.64 0.00 0.02 511.31 3275.98
ext_homfam_large ccH 87847 4 53.8964 65 34.7 84.5 87.3 74.6 77.0 431.0522 0:07:11 1118.04 6377.90 1084.29 1087.97 0.00 0.02 948.05 4091.51
ext_homfam_large LMWPc 76645 3 129.111 161 54.3 96.4 98.7 93.6 94.4 897.8868 0:14:57 791.60 6451.54 760.12 764.28 0.00 0.02 771.57 6932.92
ext_homfam_large COX3 67464 3 195.409 278 31.5 82.8 84.3 77.0 74.2 1436.1758 0:23:56 1814.06 7602.09 1780.46 1784.62 0.00 0.02 758.12 10893.03
ext_homfam_large KAS 47886 6 138.716 404 31.7 53.8 86.2 48.5 47.7 1255.6285 0:20:55 1363.74 6650.92 1330.27 1334.45 0.00 0.02 895.94 11254.68
ext_homfam_large DNA_pol3_beta 97572 3 113.738 138 11.6 84.7 85.2 74.6 78.7 1202.2725 0:20:02 1189.58 6559.82 1156.11 1159.70 0.00 0.02 910.94 10956.76
ext_homfam_large laminin_G 43331 4 123.858 213 18.3 69.1 76.3 51.8 61.1 512.8524 0:08:32 517.04 6429.15 483.23 487.41 0.00 0.02 786.84 4040.30
ext_homfam_large MM_CoA_mutase 72484 4 104.911 193 32.4 76.7 83.1 63.6 67.6 988.0233 0:16:28 1044.35 6468.25 1010.51 1014.19 0.00 0.02 918.80 9083.26
ext_homfam_large pgk 46729 4 347.047 435 51.4 95.3 95.4 90.8 93.0 2864.4494 0:47:44 2347.45 7720.09 2313.62 2317.30 0.00 0.02 674.20 19317.48
ext_homfam_xlarge Peptidase_M24 172250 4 215.363 363 22.1 78.0 82.4 60.9 67.6 3859.1850 1:04:19 6687.39 12837.48 6653.88 6658.04 0.00 0.02 688.82 26589.98
ext_homfam_xlarge xia 209226 6 231.707 398 69.1 94.9 95.5 88.6 89.7 6777.6655 1:52:57 9474.77 15629.02 9441.13 9444.84 4.00 456.36 820.39 55609.33
ext_homfam_xlarge TPR 125824 6 32.084 237 17.0 7.2 9.8 0.0 0.0 247.6106 0:04:07 775.19 6318.43 744.09 748.33 0.00 0.02 690.10 1713.62
ext_homfam_xlarge HMA 121128 3 57.6601 72 28.4 93.3 97.0 86.1 88.5 537.7641 0:08:57 1137.11 6402.86 1106.19 1109.82 0.00 0.02 878.96 4731.80
ext_homfam_xlarge Ald_Xan_dh_2 200468 6 271.37 885 31.8 26.0 65.7 14.8 13.6 19090.5187 5:18:10 14792.72 19902.34 14759.04 14762.80 0.00 2540.25 715.26 136551.31
ext_homfam_xlarge CPSase_L_chain 105928 4 104.716 143 23.0 57.1 58.5 31.7 34.5 395.9374 0:06:35 325.40 6287.28 292.01 295.73 0.00 0.02 279.94 1113.22
ext_homfam_xlarge ATP-synt 197504 4 146.75 535 36.5 35.4 61.3 2.8 0.5 4285.2875 1:11:25 2598.61 8053.93 2564.88 2568.58 0.00 0.02 563.17 24138.29
ext_homfam_xlarge Ald_Xan_dh_1 227053 6 66.8665 205 43.4 36.3 63.0 12.1 1.0 1421.9555 0:23:41 1403.56 6802.65 1370.03 1374.88 0.00 0.02 786.45 11188.24
ext_homfam_xlarge LRR 124140 3 21.1644 485 38.1 41.8 81.1 18.6 7.8 190.7723 0:03:10 782.94 6368.00 749.16 752.80 0.00 0.02 506.13 970.77
ext_homfam_xlarge ghf1 107507 8 381.152 562 38.4 93.5 93.9 75.0 83.3 10703.8759 2:58:23 5846.32 11737.53 5812.63 5816.78 0.00 167.96 744.86 79734.50
ext_homfam_xlarge rvp 198002 6 90.8504 132 36.6 87.8 87.0 65.8 74.1 311.0695 0:05:11 326.98 6298.09 296.08 299.76 0.00 0.02 167.38 523.91
ext_homfam_xlarge lyase_1 140178 5 285.639 511 30.9 61.3 61.0 47.3 52.6 3517.8940 0:58:37 1724.23 7235.84 1690.91 1694.49 0.00 0.02 460.39 16201.05
ext_homfam_xlarge ldh 192821 14 145.613 371 31.9 48.9 74.8 1.9 0.0 3389.8033 0:56:29 6028.55 11534.81 5995.06 5999.26 0.00 777.53 763.94 25901.05
ext_homfam_xlarge subt 169430 11 276.407 414 39.5 73.9 84.2 36.0 40.3 48295.2846 13:24:55 44370.11 50367.09 44336.54 44340.73 0.00 8041.18 1108.23 535227.94
ext_homfam_xlarge inositol_P 101015 3 234.461 448 19.9 56.7 62.3 37.1 45.3 6100.7081 1:41:40 5745.53 11737.61 5712.05 5715.61 0.00 255.06 959.41 58535.73
ext_homfam_xlarge Toprim 117099 3 104.453 139 19.1 67.2 70.0 49.6 54.2 652.6259 0:10:52 1992.66 7793.79 1958.80 1962.47 0.00 80.35 593.56 3878.92
ext_homfam_xlarge blm 234666 8 288.271 274 39.1 64.3 76.7 38.2 39.4 20803.8626 5:46:43 24968.64 32395.71 24934.74 24938.52 0.00 4463.48 925.41 192526.78
ext_homfam_xlarge cox 206585 4 191.297 661 32.2 38.1 66.7 28.5 6.7 7597.0982 2:06:37 12359.28 18111.86 12325.37 12329.03 0.00 2185.73 836.45 63551.02
ext_homfam_xlarge tRNA-synt_2b 158768 5 222.601 467 18.7 49.3 57.5 24.4 30.5 4466.1919 1:14:26 5164.21 10533.31 5130.25 5133.97 0.00 0.02 704.77 31481.59
ext_homfam_xlarge UPF0076 125187 3 113.476 129 45.4 90.8 98.0 88.7 88.6 1043.0708 0:17:23 1516.82 7243.71 1483.38 1487.09 0.00 0.02 808.31 8435.91
ext_homfam_xlarge Nitroreductase 151688 3 145.346 273 21.4 77.0 84.2 68.5 72.4 2352.0996 0:39:12 2406.25 8242.18 2372.77 2376.33 0.00 0.02 667.57 15706.41
ext_homfam_xlarge S4 131028 3 44.4202 48 44.2 93.0 93.0 87.5 88.7 287.0536 0:04:47 1047.15 6296.88 1013.36 1017.01 0.00 0.02 703.00 2022.85
ext_homfam_xlarge icd 101244 5 327.38 433 41.7 92.4 93.3 79.6 82.9 4021.2446 1:07:01 3206.39 8867.88 3172.92 3176.60 0.00 157.38 515.39 20730.52
ext_homfam_xlarge galpha 148827 3 160.363 337 52.5 96.0 97.4 93.9 94.2 5925.6793 1:38:45 13426.17 20122.65 13392.49 13396.21 0.00 1776.03 829.66 49168.04
ext_homfam_xlarge NTP_transferase 234612 4 220.704 311 32.3 84.4 88.1 66.8 77.9 7752.3906 2:09:12 10692.87 17073.75 10659.12 10662.69 0.00 1492.55 766.04 59391.69
ext_homfam_xlarge fer2 166512 13 64.0801 119 45.3 80.4 83.4 48.3 52.5 837.0143 0:13:57 1196.72 6578.05 1163.17 1166.92 0.00 0.02 859.34 7194.56
ext_homfam_xlarge transketolase_C 135540 3 112.745 164 25.7 69.4 73.4 53.3 55.0 927.4433 0:15:27 1328.70 6473.59 1297.18 1300.89 0.00 0.02 684.55 6353.86
ext_homfam_xlarge ace 146203 6 256.61 601 37.3 78.9 84.5 55.5 62.1 25696.1875 7:08:16 21528.62 27041.05 21494.65 21498.36 0.00 2646.14 891.89 229185.03
ext_homfam_xlarge PGAM 200162 3 150.289 261 44.3 85.9 88.9 78.0 80.6 5639.9062 1:33:59 8373.28 13854.57 8339.32 8343.04 0.00 1458.01 918.17 51788.84
ext_homfam_xlarge fer4 167880 14 21.0592 179 33.3 22.4 37.2 0.0 0.0 132.9276 0:02:12 593.79 6295.29 560.18 563.95 0.00 0.02 473.79 634.83
ext_homfam_xlarge mle 198305 3 159.65 379 28.2 13.1 28.1 4.3 3.6 3284.8723 0:54:44 3141.01 8758.46 3107.39 3111.18 0.00 0.02 768.79 25259.23
ext_homfam_xlarge serbact 214135 5 181.194 205 52.5 90.8 94.0 81.2 83.5 17678.3813 4:54:38 16262.16 22003.57 16228.40 16232.10 0.00 2771.88 1190.88 210533.22
ext_homfam_xlarge COX2 113644 3 91.1234 293 30.5 61.9 71.1 41.1 58.0 581.3664 0:09:41 1167.55 6379.19 1134.13 1138.31 0.00 0.02 672.45 3914.26
ext_homfam_xlarge Mur_ligase_C 128718 3 77.2071 149 17.5 34.8 54.2 25.4 27.7 730.3766 0:12:10 1182.56 6538.07 1149.16 1152.72 0.00 0.02 734.51 5369.45
ext_homfam_xlarge GAF 244682 3 129.555 201 16.3 74.7 77.3 60.6 64.6 6568.3457 1:49:28 11991.62 18378.26 11958.11 11962.31 0.00 682.22 1066.72 70070.75
ext_homfam_xlarge adk 113057 9 146.734 301 32.6 78.6 82.3 37.8 43.6 1755.3279 0:29:15 1483.65 6648.44 1449.71 1453.44 0.00 0.02 738.93 12975.27
ext_homfam_xlarge Rhodanese 240100 6 96.8885 216 22.7 65.4 76.9 49.0 52.2 2617.4128 0:43:37 7451.68 12884.85 7418.04 7421.75 0.00 539.76 847.68 22192.34
ext_homfam_xlarge alpha-amylase 226460 23 220.82 780 23.2 63.0 73.0 9.3 18.7 8526.8133 2:22:06 14711.27 20477.56 14677.82 14681.44 0.00 0.02 664.38 26.90
ext_homfam_xlarge transket_pyr 146288 3 168.402 236 26.5 83.1 82.6 69.1 72.8 1171.4403 0:19:31 749.27 6454.53 715.67 719.87 0.00 0.02 353.32 4143.82
ext_homfam_xlarge reductases 229913 7 97.3646 358 22.1 20.1 32.0 0.6 0.0 2488.7520 0:41:28 6206.09 11975.49 6172.43 6176.15 0.00 708.68 842.88 20982.68
ext_homfam_xlarge RuBisCO_large_NC 115109 7 201.689 496 50.2 27.2 53.1 0.6 0.0 2049.7817 0:34:09 1122.39 6402.28 1088.56 1092.71 0.00 0.02 445.16 9129.44
ext_homfam_xlarge cytc 195303 11 88.0563 138 44.5 93.7 94.9 78.0 87.2 1400.3965 0:23:20 6919.10 12842.49 6885.38 6889.60 0.00 1348.45 696.88 9763.93
ext_homfam_xlarge chorismate_bind 138684 3 210.116 521 46.8 38.2 60.8 9.0 3.4 3400.4955 0:56:40 4465.32 10061.20 4431.79 4435.95 0.00 0.02 687.46 23383.06
ext_homfam_xlarge biotin_lipoyl 161409 7 67.2255 112 28.9 86.9 89.4 65.9 73.4 495.3198 0:08:15 1007.12 6361.83 975.59 979.79 0.00 0.02 641.26 3180.92
ext_homfam_xlarge C2 122466 3 95.8403 143 25.5 69.9 80.7 63.6 66.3 1177.6153 0:19:37 2102.12 7833.93 2068.38 2072.10 0.00 0.02 835.95 9849.11
ext_homfam_xlarge actin 226896 4 332.58 457 39.7 79.6 80.5 54.0 55.6 33884.0630 9:24:44 39281.01 49775.98 39273.51 39274.57 52.00 7686.52 767.88 260193.17
ext_homfam_xlarge dCMP_cyt_deam 129481 3 99.138 136 24.2 66.8 76.3 47.3 58.3 1168.2823 0:19:28 3587.25 9455.73 3553.84 3557.51 0.00 188.44 763.62 8925.98
ext_homfam_xlarge RING 109955 3 41.9605 64 25.9 58.6 63.8 40.3 45.1 642.1288 0:10:42 1297.19 6544.76 1266.17 1269.90 0.00 0.02 817.37 5253.26
ext_homfam_xlarge OTCace 130785 5 145.658 350 37.3 75.9 77.4 40.1 44.5 2565.5012 0:42:45 2224.40 7608.62 2190.46 2194.61 0.00 0.02 630.17 16171.93
ext_homfam_xlarge cdh 227063 3 89.2674 117 34.5 80.7 82.1 66.7 70.3 2661.5112 0:44:21 2033.59 7258.32 2000.01 2004.15 0.00 0.02 1017.25 27079.56
ext_homfam_xlarge EFTU_2 115028 4 69.089 125 39.7 90.0 94.8 80.0 84.8 272.8286 0:04:32 940.73 6291.17 906.84 911.00 0.00 0.02 494.28 1353.53
ext_homfam_xlarge NADHdh_2 152703 3 142.109 273 60.3 93.7 99.1 90.8 90.3 2413.3649 0:40:13 1525.43 6926.96 1491.83 1495.50 0.00 0.02 790.74 19088.38
ext_homfam_xlarge PDZ 193638 6 67.4089 110 30.6 66.8 76.9 41.4 45.1 2236.2629 0:37:16 1640.55 7204.92 1606.84 1611.04 0.00 0.02 996.58 22291.40
ext_homfam_xlarge CPS 245767 3 174.884 278 25.4 79.2 90.6 63.4 75.6 3515.0731 0:58:35 4112.91 9636.63 4079.29 4083.00 0.00 75.80 648.41 22797.71
ext_homfam_xlarge AP_endonuc_2 209223 3 231.703 308 17.0 76.6 80.8 62.9 68.2 6743.6169 1:52:23 9811.07 15960.55 9777.20 9781.41 0.00 768.89 812.60 54804.18
ext_homfam_xlarge cyt5 195298 6 88.0548 93 50.2 78.5 79.4 33.3 34.0 1353.4579 0:22:33 6424.58 12332.91 6390.77 6394.46 0.00 639.46 675.45 9146.86
ext_homfam_xlarge gpdh 113214 8 125.638 360 55.1 93.5 95.0 79.9 83.8 738.7152 0:12:18 1492.45 7228.70 1458.78 1462.98 0.00 193.75 449.55 3325.79
ext_homfam_xlarge dpo1 114725 4 253.361 726 32.6 31.5 57.2 0.5 0.6 6597.3243 1:49:57 8468.59 15407.71 8434.86 8438.61 0.00 387.27 747.43 49315.06
ext_homfam_xlarge lacI 147279 3 44.7033 65 41.8 89.1 88.5 82.1 87.2 190.8326 0:03:10 704.74 6278.94 673.91 677.55 0.00 0.02 531.60 1019.76
ext_homfam_xlarge int 140686 5 158.705 219 22.5 86.1 90.7 68.3 74.4 4143.2943 1:09:03 7132.39 13260.36 7098.54 7102.75 0.00 834.66 1055.39 43733.01
ext_homfam_xlarge asprs 233293 3 217.228 542 28.3 82.4 82.5 70.8 74.9 9632.3395 2:40:32 15107.84 20486.88 15073.76 15077.48 0.00 1953.73 681.67 65666.48
ext_homfam_xlarge HGTP_anticodon 117450 6 87.6784 127 22.1 88.6 93.6 68.7 80.5 1002.7105 0:16:42 1309.75 6529.45 1276.08 1280.27 0.00 0.02 841.72 8445.05
ext_homfam_xlarge pnp 113917 3 211.723 293 38.1 83.8 85.8 70.6 72.8 3888.8742 1:04:48 3177.71 8751.37 3143.82 3148.68 0.00 0.02 800.59 31138.91
ext_homfam_xlarge prt 224881 3 116.205 226 24.0 70.9 73.3 52.4 59.5 3176.7376 0:52:56 7210.59 12706.13 7176.55 7180.25 0.00 1083.70 808.93 25703.55
ext_homfam_xlarge rrm 230657 20 63.9034 157 22.9 72.2 76.3 16.2 24.0 1677.4167 0:27:57 2381.61 7986.61 2347.96 2351.68 0.00 0.02 1068.99 17936.37
ext_homfam_xlarge FAD_binding_4 194444 4 130.97 314 17.8 55.1 65.9 33.0 38.5 2734.1714 0:45:34 3578.12 9100.26 3544.21 3547.73 0.00 0.02 833.99 22808.33
ext_homfam_xlarge sermam 214157 27 181.2 309 37.5 92.5 92.5 59.6 73.9 16380.9055 4:33:00 16537.93 22292.14 16504.35 16508.03 0.00 2874.09 1225.30 200720.10
ext_homfam_small cytprime 8229 4 112.012 136 26.7 92.6 93.5 82.9 85.9 129.6536 0:02:09 578.82 6175.93 545.12 549.92 0.00 0.02 734.32 957.21
ext_homfam_small MIF 4369 3 104.545 118 51.8 98.2 98.8 97.4 97.4 37.3041 0:00:37 116.96 5105.62 84.38 88.55 0.00 0.02 70.03 30.85
ext_homfam_small ricin 2156 7 169.377 281 37.5 80.0 89.2 66.7 72.8 94.1397 0:01:34 265.00 6165.30 232.02 235.77 0.00 0.02 674.40 639.82
ext_homfam_small PSI_PsaE 940 3 59.3223 78 74.0 95.8 96.8 92.8 93.2 1.3538 0:00:01 119.68 6126.34 105.49 105.71 0.00 0.02 135.83 6.87
ext_homfam_small rnase 7246 3 80.1155 108 61.4 95.8 96.4 90.6 93.5 25.3433 0:00:25 122.13 5875.35 91.27 98.35 0.00 0.02 127.55 37.17
ext_homfam_small B 778 3 45.7172 56 78.1 100.0 100.0 100.0 100.0 0.6109 0:00:00 117.07 6054.43 108.84 111.82 0.00 0.02 0.00 6.25
ext_homfam_small Yers_vir_YopE 269 3 66.5985 136 26.4 46.3 54.5 26.6 32.3 0.5201 0:00:00 107.92 4602.93 78.54 92.19 0.00 0.02 0.00 4.48
ext_homfam_small cyt3 5521 6 77.3802 130 40.3 82.4 85.5 57.6 65.8 57.1747 0:00:57 277.42 6181.30 246.23 260.12 0.00 0.02 573.13 332.77
ext_homfam_small cyto 613 3 141.687 159 82.3 100.0 100.0 100.0 100.0 8.3088 0:00:08 162.35 6132.30 151.70 153.01 0.00 0.02 601.32 54.93
ext_homfam_small ins 3677 6 83.6742 74 44.9 93.8 94.0 75.4 86.4 41.6602 0:00:41 115.36 4760.51 81.68 85.84 0.00 0.02 44.12 23.42
ext_homfam_small pot 1950 4 60.5754 70 38.7 97.4 97.4 92.6 94.2 6.8643 0:00:06 192.94 6134.64 159.20 167.23 0.00 0.02 628.37 48.37
ext_homfam_small Levi_coat 207 4 100.246 135 46.9 88.2 89.3 75.4 77.3 1.6479 0:00:01 128.43 6126.32 123.38 124.66 0.00 0.02 311.19 10.02
ext_homfam_small DNA_PPF 949 4 112.256 131 32.5 37.0 38.8 3.8 0.8 3.4046 0:00:03 114.54 4758.11 107.30 108.56 0.00 0.02 231.34 4.80
ext_homfam_small phc 9471 12 122.04 179 37.2 95.2 96.0 84.4 86.6 47.7461 0:00:47 186.60 6147.19 154.02 157.67 0.00 0.02 394.87 193.45
ext_homfam_small mycin 586 4 93.6075 116 39.8 95.6 95.6 87.6 90.1 5.1174 0:00:05 137.07 6130.87 105.38 114.70 0.00 0.02 728.86 42.10
ext_homfam_small lta 1239 3 160.941 193 70.1 99.3 98.9 98.4 98.7 49.8435 0:00:49 235.89 6154.16 202.11 211.57 0.00 0.02 769.75 388.65
ext_homfam_small FN1 2335 3 37.3859 53 28.7 74.2 83.1 58.3 63.6 0.8270 0:00:00 112.51 4686.11 78.94 88.41 0.00 0.02 0.00 5.00
ext_homfam_small DISIN 8237 3 73.6888 74 57.1 85.9 88.2 78.6 77.6 42.7291 0:00:42 150.44 6135.91 119.65 123.78 0.00 0.02 105.97 50.09
ext_homfam_small phoslip 4820 18 100.297 137 48.9 89.2 94.8 69.1 79.2 50.9122 0:00:50 491.83 6173.97 458.13 462.31 0.00 0.02 756.18 390.08
ext_homfam_small NO_synthase 5614 3 326.529 428 67.4 94.0 94.8 90.2 90.9 402.4777 0:06:42 1508.34 7404.32 1474.68 1478.31 0.00 0.02 841.98 3393.73
ext_homfam_small ngf 2408 4 90.5465 120 56.7 96.7 97.6 94.4 94.4 9.6387 0:00:09 175.45 6135.64 144.16 158.24 0.00 0.02 580.76 60.89
ext_homfam_small THAUMATIN 9013 3 189.313 217 57.4 96.4 97.0 93.2 94.4 784.0481 0:13:04 1360.10 6483.25 1326.29 1331.10 0.00 0.02 1015.44 7966.45
ext_homfam_small GATA 8389 3 33.5682 71 48.4 76.7 75.2 57.8 74.0 6.5937 0:00:06 187.33 6139.27 156.60 163.76 0.00 0.02 427.23 33.26
ext_homfam_small TMV_coat 683 4 139.098 160 45.7 98.4 98.4 94.9 96.5 3.1990 0:00:03 130.41 6127.58 103.55 109.66 0.00 0.02 235.11 12.34
ext_homfam_small MCR_beta 377 3 237.613 256 68.7 98.1 98.7 96.4 97.2 5.0578 0:00:05 116.21 4760.04 107.84 109.11 0.00 0.02 86.78 9.45
ext_homfam_small EF1BD 4175 3 81.8137 91 30.1 85.8 87.8 78.9 78.7 17.4658 0:00:17 224.16 6144.16 190.95 196.59 0.00 0.02 615.29 112.29
ext_homfam_small Stap_Strp_toxin 3060 6 76.4301 254 32.5 71.9 78.2 38.3 39.0 8.1455 0:00:08 148.03 6133.68 116.64 126.06 0.00 0.02 475.77 43.80
ext_homfam_small ghf22 4009 12 108.649 131 51.4 94.1 94.2 80.8 84.1 84.2621 0:01:24 888.37 6185.18 854.93 862.15 0.00 0.02 1146.13 970.88
ext_homfam_small MCR_beta_NC 751 3 206.819 443 61.8 99.5 99.5 98.9 99.3 17.1878 0:00:17 161.98 6131.32 157.45 158.68 0.00 0.02 204.89 40.12
ext_homfam_small ghf14 4290 3 304.267 529 44.3 88.1 87.2 75.5 83.3 737.0612 0:12:17 2035.86 7517.74 2002.33 2005.99 0.00 0.02 1099.87 8111.61
ext_homfam_small BIR 8229 4 66.494 165 36.2 80.1 80.1 62.9 73.4 56.7043 0:00:56 452.73 6180.02 421.86 427.51 0.00 0.02 699.33 401.32
ext_homfam_small ENTH 7524 3 108.643 280 34.3 64.8 68.6 46.2 63.3 83.1846 0:01:23 443.00 6188.40 409.34 414.21 0.00 0.02 746.19 628.13
ext_homfam_small Colicin 1246 3 152.028 202 34.9 88.3 89.7 77.9 82.2 11.5052 0:00:11 157.48 6132.11 125.43 132.64 0.00 0.02 414.51 52.38
ext_homfam_small bowman 521 5 23.5509 73 64.9 93.3 93.3 80.0 85.8 0.3179 0:00:00 107.88 4602.93 78.57 92.25 0.00 0.02 0.00 4.48
ext_homfam_small hip 2423 5 59.9674 88 33.4 79.8 83.7 50.0 62.1 5.6304 0:00:05 145.75 6133.23 132.59 133.87 0.00 0.02 503.58 33.45
ext_homfam_small mthinb 1143 3 57.9519 31 83.3 97.8 97.8 96.7 96.7 2.6164 0:00:02 149.91 6129.06 118.56 125.57 0.00 0.02 407.99 15.44
ext_homfam_small leukocidin 1384 3 233.638 323 42.9 89.1 85.5 77.7 81.3 43.2395 0:00:43 120.38 4763.84 86.79 92.56 0.00 0.02 41.80 23.13
ext_homfam_small ghf7 7650 4 235.468 452 47.4 94.9 95.2 86.8 90.5 456.5243 0:07:36 868.81 6229.45 836.39 840.02 0.00 0.02 635.13 2904.19
ext_homfam_small ghf6 8342 3 272.548 373 39.3 74.8 78.3 60.7 64.1 584.3452 0:09:44 1617.26 7419.08 1583.91 1593.34 0.00 0.02 900.47 5266.42
ext_homfam_small cks 1954 3 67.1433 102 65.2 98.1 98.1 95.9 96.7 5.8071 0:00:05 175.80 6135.70 142.37 156.26 0.00 0.02 519.31 35.20
ext_homfam_small sti 3191 5 157.281 198 36.4 81.5 82.4 57.1 62.9 84.5653 0:01:24 260.52 6174.64 227.56 231.76 0.00 0.02 767.00 653.56
ext_homfam_small NTP_transf_2_2 3285 3 105.676 179 53.9 90.0 89.8 82.4 85.7 84.5505 0:01:24 290.28 6168.56 256.64 262.46 0.00 0.02 676.77 577.38
ext_homfam_small pp 570 3 33.5 36 48.1 96.3 98.1 94.4 94.4 0.2373 0:00:00 105.93 4602.94 103.56 103.79 0.00 0.02 0.00 4.44
ext_homfam_small tgfb 9741 8 93.9962 118 43.8 90.3 90.3 53.8 65.3 103.4703 0:01:43 769.35 6182.48 735.98 743.03 0.00 0.02 787.90 820.01
ext_homfam_small intb 9453 6 104.183 162 29.8 62.7 69.0 33.3 38.4 221.4692 0:03:41 1317.86 6226.54 1284.07 1293.50 0.00 0.02 1046.43 2322.33
ext_homfam_small tbpc 7905 4 77.3722 193 60.7 56.4 77.2 14.1 13.2 123.5266 0:02:03 935.00 6216.60 901.41 905.53 0.00 0.02 819.52 1017.42
ext_homfam_small cbm12 2252 3 24.5524 67 28.4 63.3 59.6 40.0 46.9 0.7400 0:00:00 113.11 6055.00 82.38 91.98 0.00 0.02 0.00 5.21
ext_homfam_small Bcl-2 3912 3 89.5153 201 36.1 76.6 87.9 64.0 69.7 33.3576 0:00:33 209.99 6137.38 176.63 183.83 0.00 0.02 263.94 93.33
ext_homfam_small CBM_20 9185 8 83.7415 120 51.8 84.5 87.4 55.6 59.1 171.2430 0:02:51 1122.07 6252.14 1088.34 1093.21 0.00 0.02 1095.57 1881.02
ext_homfam_small MCR_alpha_N 1536 3 112.758 283 63.3 97.7 98.6 95.9 96.6 9.2393 0:00:09 155.66 6128.44 123.46 130.49 0.00 0.02 209.59 24.40
ext_homfam_small bv 1255 7 171.164 256 12.7 23.5 28.8 0.0 0.0 28.2668 0:00:28 117.89 5040.94 84.72 89.54 0.00 0.02 74.20 26.06
ext_homfam_small SAP 8609 3 32.5649 54 24.4 89.1 96.1 86.4 87.3 6.1993 0:00:06 141.16 6138.77 108.32 112.85 0.00 0.02 338.88 26.29
ext_homfam_small RuBisCO_small 5655 7 88.1202 166 46.2 90.3 90.7 74.3 77.2 13.7340 0:00:13 149.29 6136.05 116.32 121.19 0.00 0.02 277.16 43.07
ext_homfam_small Peptidase_S21 478 3 270.439 227 36.6 91.7 91.7 83.6 87.8 21.3349 0:00:21 222.08 6135.45 189.93 199.25 0.00 0.02 335.28 76.56
ext_homfam_small adeno_fiber 374 3 157.821 201 51.7 94.8 94.0 90.4 91.9 4.4716 0:00:04 148.25 6127.77 116.36 130.34 0.00 0.02 471.48 25.90
ext_homfam_small profilin 4934 5 121.89 144 39.7 94.1 94.5 84.4 86.2 77.2473 0:01:17 329.16 6195.91 296.38 303.53 0.00 5.00 918.92 714.90
ext_homfam_small Binary_toxA 3993 3 150.797 228 26.6 85.9 83.8 69.6 76.3 141.9921 0:02:21 244.71 6183.61 211.16 215.99 0.00 0.02 954.10 1359.63
ext_homfam_small P 4043 3 41.371 62 45.5 86.0 86.6 73.2 82.0 9.6909 0:00:09 198.16 6143.36 164.75 174.08 0.00 0.02 726.35 74.90
ext_homfam_small toxin 1618 20 70.8257 78 43.1 88.0 87.8 50.6 61.3 4.6292 0:00:04 144.30 6131.08 138.70 139.95 0.00 0.02 625.26 34.03
ext_homfam_small LuxS 9397 4 142.792 162 42.5 90.6 90.8 79.1 84.2 60.5363 0:01:00 120.81 4765.96 87.03 90.64 0.00 0.02 79.20 53.00
ext_homfam_small ghf11 4398 5 168.894 202 49.5 91.8 92.7 81.2 82.6 122.8096 0:02:02 835.14 6189.13 801.46 805.61 0.00 0.02 845.96 1043.99
ext_homfam_small MMOB 1790 3 83.6235 99 35.5 88.3 86.0 75.8 81.5 3.4921 0:00:03 123.07 6128.58 118.34 119.57 0.00 0.02 274.17 14.39
ext_homfam_small toxin_2 210 21 31.3619 48 41.3 88.2 87.8 35.6 43.8 0.1923 0:00:00 107.92 4602.91 105.47 105.71 0.00 0.02 0.00 4.45
ext_homfam_small rnasemam 2891 6 111.153 141 42.2 91.3 91.0 70.9 82.4 23.5384 0:00:23 185.48 6132.70 178.31 179.57 0.00 0.02 306.98 77.07
ext_homfam_small planttoxin 2018 3 46.1749 49 55.3 92.4 93.8 85.1 87.0 2.8246 0:00:02 126.83 6130.67 95.19 104.67 0.00 0.02 676.80 23.95
ext_homfam_small ets 4318 4 75.8333 112 48.5 92.8 92.8 83.0 89.5 27.2747 0:00:27 511.09 6153.78 505.93 507.20 0.00 0.02 532.86 150.25
ext_homfam_small MCR_beta_N 377 3 174.379 187 52.4 100.0 100.0 100.0 100.0 3.4098 0:00:03 135.83 6127.06 104.95 118.92 0.00 0.02 220.80 12.36
ext_homfam_small ALBUMIN 3177 3 162.429 201 21.6 90.6 90.6 84.2 85.3 32.7383 0:00:32 115.75 4760.90 82.13 86.34 0.00 0.02 55.64 23.30
ext_homfam_small ChtBD 5651 5 36.4148 45 59.3 90.6 98.2 79.1 82.1 31.9816 0:00:31 551.28 6163.48 520.41 525.30 0.00 0.02 501.99 164.72
ext_homfam_small Huristasin 2039 3 26.5738 56 38.3 92.5 92.5 86.5 89.7 0.9496 0:00:00 114.08 4685.86 107.14 108.38 0.00 0.02 0.00 5.01
ext_homfam_small Cyclotide 393 3 28.0738 39 55.3 87.3 89.9 75.9 84.5 0.2585 0:00:00 105.95 4602.92 103.55 103.77 0.00 0.02 0.00 4.45
ext_homfam_small ghf33 5352 4 11.2973 573 22.9 29.2 42.4 8.0 8.7 6.6786 0:00:06 136.01 6134.11 104.82 118.80 0.00 0.02 165.08 17.11
ext_homfam_small Cys-protease-3C 3922 3 153.845 219 28.2 76.5 75.9 62.2 63.6 32.1491 0:00:32 118.31 4761.57 84.54 88.75 0.00 0.02 57.04 23.42
ext_homfam_small thionin 287 3 44.3031 48 53.3 94.1 94.1 91.1 91.1 0.4102 0:00:00 107.93 4602.93 105.51 105.71 0.00 0.02 0.00 4.44
ext_homfam_small UcrQ 1661 3 71.7074 94 44.3 93.6 93.6 88.9 91.9 4.4368 0:00:04 125.76 6129.85 96.11 103.20 0.00 0.02 330.95 19.54
ext_homfam_small MCR_gamma 387 3 236.183 252 59.8 97.5 98.8 94.8 96.3 4.0777 0:00:04 148.98 6128.26 116.86 122.84 0.00 0.02 150.93 11.14
ext_homfam_small Propep_M14 4977 4 69.9908 98 49.4 92.2 95.4 81.9 82.7 41.9167 0:00:41 392.03 6146.63 361.35 375.23 0.00 0.02 298.85 130.40
ext_homfam_small mthina 1143 3 57.9536 32 93.5 100.0 100.0 100.0 100.0 2.5489 0:00:02 150.95 6129.90 119.36 133.24 0.00 0.02 407.42 15.58
ext_homfam_small CBD_3 3655 3 78.925 170 31.4 43.8 64.6 34.2 33.6 19.6044 0:00:19 281.85 6145.96 248.53 252.19 0.00 0.02 596.19 121.09
ext_homfam_small UCR_TM 1702 3 56.3255 76 47.4 56.8 61.6 36.5 37.0 2.8364 0:00:02 132.52 6130.99 102.97 112.28 0.00 0.02 562.40 20.70
ext_homfam_small squash 207 4 32.8309 36 47.8 79.8 85.9 62.1 62.5 0.2540 0:00:00 107.97 4602.91 105.48 105.70 0.00 0.02 0.00 4.45
ext_homfam_small trfl 6092 7 260.067 702 61.9 46.8 57.3 2.3 0.7 694.4051 0:11:34 1906.84 7529.00 1872.33 1877.07 0.00 0.02 929.45 6459.06
ext_homfam_small TNF 4958 5 118.155 176 32.0 83.7 86.0 66.2 70.9 91.8123 0:01:31 450.46 6165.05 419.34 425.14 0.00 0.02 727.67 673.14
ext_homfam_small E2_C 1119 3 76.0679 87 44.4 89.7 92.6 84.0 87.0 4.9841 0:00:04 173.73 6132.30 140.30 154.20 0.00 0.02 486.64 29.09
ext_homfam_small scorptoxin 894 8 49.4664 74 46.3 88.8 95.5 75.3 79.4 2.0814 0:00:02 127.07 6129.12 119.75 121.04 0.00 0.02 401.94 13.46
ext_homfam_small Colicin_Pyocin 3144 3 75.0945 87 58.2 96.0 96.4 92.0 94.0 13.5211 0:00:13 271.49 6143.64 237.78 244.99 0.00 0.02 633.94 90.36
ext_homfam_medium fibrinogen_C 21250 3 169.391 265 45.1 93.2 95.6 90.2 90.5 936.5439 0:15:36 1562.41 7423.89 1528.70 1532.89 0.00 0.02 992.16 9296.85
ext_homfam_medium chromo 22016 3 49.6303 90 23.0 71.8 71.3 56.5 66.1 193.5485 0:03:13 1026.80 6258.36 993.23 997.40 0.00 0.02 858.47 1666.21
ext_homfam_medium TIL 18392 4 55.1856 87 36.0 72.0 74.2 46.2 52.5 101.8414 0:01:41 968.23 6215.98 934.66 938.29 0.00 0.02 736.05 754.44
ext_homfam_medium gpr 30147 3 120.939 159 41.5 80.4 97.6 76.9 80.0 242.5088 0:04:02 1180.65 6235.43 1147.30 1152.05 0.00 0.02 633.63 1541.68
ext_homfam_medium lamb 15484 3 336.803 465 43.5 89.1 87.9 79.0 83.8 755.3346 0:12:35 770.63 6291.20 737.46 741.20 0.00 0.02 598.84 4528.00
ext_homfam_medium MHC_II_N 31069 13 68.7297 96 30.8 74.9 79.6 35.8 39.5 59.2260 0:00:59 385.86 6164.50 354.43 358.07 0.00 0.02 204.72 126.26
ext_homfam_medium aldose 13310 3 262.93 365 61.0 98.4 98.4 96.7 97.3 501.8168 0:08:21 911.19 6227.59 877.45 881.10 0.00 0.02 668.66 3360.28
ext_homfam_medium ghf10 20775 5 271.047 364 43.3 92.9 93.5 79.6 85.1 1392.7514 0:23:12 1418.38 6460.12 1384.57 1388.24 0.00 0.02 843.36 11750.61
ext_homfam_medium mofe 24946 6 365.099 609 30.0 87.4 88.4 72.5 79.7 2321.8334 0:38:41 1391.05 6520.03 1357.44 1361.11 0.00 0.02 751.42 17451.44
ext_homfam_medium tln 32038 4 144.922 340 43.5 24.1 46.8 0.0 0.0 448.8036 0:07:28 442.11 6299.87 408.59 412.23 0.00 0.02 750.64 3373.73
ext_homfam_medium NiFeSe_Hases 26637 3 247.003 544 66.5 99.7 99.7 99.4 99.6 1209.2610 0:20:09 809.86 6363.59 775.88 779.57 0.00 0.02 489.02 5918.59
ext_homfam_medium RGS 19502 4 116.285 148 33.3 95.3 96.7 87.5 91.1 265.3551 0:04:25 361.46 6284.32 327.64 331.89 0.00 0.02 757.92 2016.14
ext_homfam_medium kazal 17772 6 41.3777 61 40.8 86.9 92.6 75.9 80.0 98.7987 0:01:38 562.50 6190.77 528.83 532.38 0.00 0.02 696.41 692.98
ext_homfam_medium rnr 31114 3 262.586 346 21.5 89.0 92.7 79.4 85.8 745.0982 0:12:25 1214.19 6302.75 1180.51 1184.69 0.00 0.02 575.53 4293.50
ext_homfam_medium tms 37100 5 256.89 357 45.9 82.1 90.4 56.1 59.3 1140.7077 0:19:00 1286.59 6461.43 1252.99 1256.71 0.00 0.02 606.53 6923.31
ext_homfam_medium fbpase 16163 4 171.943 356 67.9 61.1 77.8 51.2 51.5 254.5773 0:04:14 319.17 6211.98 286.07 290.90 0.00 0.02 559.28 1428.63
ext_homfam_medium cytb 31119 6 69.9154 100 35.6 85.1 88.6 64.1 73.7 201.6494 0:03:21 654.73 6271.28 623.25 626.90 0.00 0.02 810.19 1638.64
ext_homfam_medium mmp 21481 6 134.919 180 55.1 96.6 97.2 88.8 93.4 731.4317 0:12:11 1313.76 6400.12 1279.94 1284.85 0.00 0.02 864.12 6325.58
ext_homfam_medium ghf34 32170 3 321.333 402 36.9 91.1 91.1 85.3 86.4 430.2114 0:07:10 160.37 4803.68 126.75 130.36 0.00 0.02 94.96 413.68
ext_homfam_medium Band_41_M 17525 3 126.838 115 50.1 97.4 97.4 94.6 95.5 271.8775 0:04:31 512.19 6254.05 478.99 482.55 0.00 0.02 630.69 1719.58
ext_homfam_medium RRF 29754 4 159.391 192 40.2 87.5 86.6 73.7 75.5 229.0597 0:03:49 356.42 6196.84 322.89 326.58 0.00 0.02 395.75 911.42
ext_homfam_medium sh2 30882 11 75.1949 128 35.0 79.5 80.9 53.2 63.7 293.9067 0:04:53 1003.54 6282.85 970.17 974.89 0.00 0.02 928.90 2734.94
ext_homfam_medium Ribosomal_L1 33223 3 184.744 236 43.9 86.5 91.4 78.9 79.6 483.1799 0:08:03 555.69 6276.01 522.07 525.80 0.00 0.02 517.27 2504.40
ext_homfam_medium glnasn 33687 4 179.685 334 51.7 69.7 88.0 56.2 56.1 598.0646 0:09:58 492.15 6306.71 460.81 464.49 0.00 0.02 670.00 4011.99
ext_homfam_medium HLH 38900 5 52.2475 92 28.1 82.6 88.4 64.3 74.0 143.1533 0:02:23 358.76 6320.97 326.80 330.50 0.00 0.02 647.68 931.92
ext_homfam_medium Filamin 25072 3 87.7086 122 36.0 83.8 88.3 71.6 76.6 189.5927 0:03:09 333.18 6266.58 300.05 304.25 0.00 0.02 523.32 996.99
ext_homfam_medium recombinase 23584 3 39.2079 57 14.2 78.3 75.9 59.2 67.4 97.0584 0:01:37 960.73 6216.56 927.11 931.95 0.00 0.02 805.12 786.66
ext_homfam_medium dsrm 38153 3 63.8069 100 25.6 84.1 87.0 76.2 80.8 235.9083 0:03:55 933.76 6276.02 901.22 905.37 0.00 0.02 869.31 2055.68
ext_homfam_medium Ribosomal_L7Ae 20160 3 84.4274 126 21.8 75.4 85.1 63.9 70.2 126.9559 0:02:06 529.11 6197.27 495.53 500.36 0.00 0.02 623.97 797.04
ext_homfam_medium bromodomain 32387 4 75.9541 145 34.3 77.3 88.2 67.2 72.5 281.2215 0:04:41 911.99 6288.96 878.18 883.03 0.00 0.02 812.14 2288.61
ext_homfam_medium Cu_bind_like 10512 3 79.2035 111 40.7 84.4 83.8 75.0 76.1 90.0955 0:01:30 744.11 6192.93 710.34 715.18 0.00 0.02 746.43 677.29
ext_homfam_medium DMRL_synthase 29673 5 134.887 182 33.2 89.7 90.1 69.8 79.2 255.4542 0:04:15 807.66 6212.91 776.88 781.78 0.00 0.02 462.38 1186.26
ext_homfam_medium pec_lyase 14383 4 174.991 470 29.5 52.6 56.4 37.4 41.4 244.2358 0:04:04 476.43 6222.89 442.70 446.35 0.00 0.02 561.19 1375.62
ext_homfam_medium Band_41_N 17525 3 126.834 90 46.1 76.5 75.2 63.1 63.4 269.5301 0:04:29 510.86 6262.86 476.98 482.71 0.00 0.02 641.24 1733.19
ext_homfam_medium ltn 12156 12 211.455 282 49.9 94.2 94.7 71.9 80.1 839.5970 0:13:59 862.61 6371.43 829.59 834.30 0.00 0.02 989.46 8312.70
ext_homfam_medium hpr 35890 5 77.3519 89 44.4 92.8 94.8 86.4 88.6 169.4939 0:02:49 690.40 6214.12 656.73 661.59 0.00 0.02 780.90 1328.67
ext_homfam_medium svmp 17105 3 173.137 201 57.6 99.5 99.7 99.0 99.3 579.6784 0:09:39 1338.04 6313.15 1304.31 1307.96 0.00 0.02 950.77 5515.97
ext_homfam_medium HMG_box 26550 5 64.2612 89 24.8 87.5 89.0 67.9 74.8 285.7062 0:04:45 928.61 6254.05 895.27 898.95 0.00 0.02 892.02 2553.41
ext_homfam_medium Cu_amine_oxid 27974 4 224.687 685 28.2 63.3 87.5 57.1 60.7 1526.9764 0:25:26 1566.57 6976.32 1532.36 1536.04 0.00 0.02 791.37 12088.56
ext_homfam_medium hexokinase 20736 3 203.323 459 46.7 96.2 96.5 93.3 94.5 812.8227 0:13:32 818.75 6401.40 784.86 788.55 0.00 0.02 793.08 6451.36
ext_homfam_medium ATP-gua_Ptrans 14968 3 151.565 385 49.2 55.7 79.8 35.9 35.1 722.9861 0:12:02 1406.21 6270.51 1372.73 1377.58 0.00 0.02 1032.17 7470.47
ext_homfam_medium fabp 21816 17 125.7 147 35.5 95.3 95.9 72.5 79.1 243.1365 0:04:03 672.56 6239.62 641.70 647.48 0.00 0.02 666.57 1625.49
ext_homfam_medium cah 24119 5 209.772 279 38.7 89.5 90.5 71.2 78.0 1691.4431 0:28:11 1638.53 7336.75 1604.79 1608.50 0.00 0.02 1073.36 18160.63
ext_homfam_medium ADF 12965 3 113.292 176 37.5 85.8 90.9 78.8 82.0 164.6640 0:02:44 325.33 6211.41 291.73 295.94 0.00 0.02 576.67 954.57
ext_homfam_medium SRF-TF 13590 3 43.8623 85 43.9 81.0 93.4 71.4 70.8 24.4052 0:00:24 446.32 6155.02 412.57 416.72 0.00 0.02 523.48 133.02
ext_homfam_medium oxidored_q6 30094 5 121.008 285 56.7 70.7 96.8 55.3 56.7 281.3353 0:04:41 857.06 6246.16 823.10 827.94 0.00 0.02 648.80 1830.57
ext_homfam_medium hormone_rec 23626 5 161.554 308 21.5 68.0 80.7 38.8 49.8 497.2409 0:08:17 739.05 6350.55 707.71 712.55 0.00 0.02 757.38 3770.85
ext_homfam_medium pilin 17981 3 103.818 179 24.7 49.8 49.5 23.0 29.8 321.5032 0:05:21 913.74 6348.31 882.09 885.78 0.00 0.02 892.45 2874.16
ext_homfam_medium rhv 35978 6 119.891 938 33.1 29.2 60.5 3.7 0.7 403.9315 0:06:43 529.77 6242.04 496.27 499.97 0.00 0.02 334.77 1357.15
ext_homfam_medium kex 38255 3 318.645 498 26.5 84.0 87.1 76.1 79.5 7550.9542 2:05:50 2815.71 8275.09 2782.21 2785.85 0.00 0.02 1024.57 77370.56
ext_homfam_medium cryst 18916 7 78.4265 192 44.4 33.5 49.4 0.0 0.0 97.6460 0:01:37 403.47 6174.25 369.75 373.97 0.00 0.02 554.78 546.97
ext_homfam_medium Sm 22137 4 65.4283 93 19.5 77.3 85.6 57.1 62.3 180.6459 0:03:00 712.62 6244.37 678.77 682.90 0.00 0.02 737.67 1337.61
ext_homfam_medium YgbB 27469 3 150.749 158 52.3 94.4 94.4 88.5 90.6 190.1758 0:03:10 239.60 6168.43 205.99 210.14 0.00 0.02 205.90 396.48
ext_homfam_medium Band_41_NME 20180 3 139.281 304 48.9 60.0 73.3 39.8 39.0 437.1146 0:07:17 568.00 6318.90 534.86 538.53 0.00 0.02 641.28 2807.93
ext_homfam_medium plantltp 14018 5 84.6242 96 48.8 80.6 80.6 41.8 43.3 323.4449 0:05:23 1215.48 6276.65 1181.74 1185.37 0.00 0.02 1021.41 3308.73
ext_homfam_medium kunitz 20157 10 51.0009 64 37.9 92.8 94.6 75.0 80.2 88.4530 0:01:28 746.29 6197.01 712.64 716.83 0.00 0.02 764.59 681.10
ext_homfam_medium alpha-amylase_C 31745 21 90.654 122 21.0 56.5 58.6 5.0 0.1 320.1933 0:05:20 997.94 6276.00 964.52 968.67 0.00 0.02 914.64 2933.64
ext_homfam_medium sodcu 21583 7 130.263 169 42.2 88.5 92.6 76.5 80.9 339.4633 0:05:39 1338.38 6265.38 1304.61 1308.27 0.00 0.02 821.62 2794.23
ext_homfam_medium lipase 32051 5 160.786 452 73.7 83.0 97.9 74.3 74.3 1392.4142 0:23:12 2003.31 7558.78 1969.87 1974.07 0.00 0.02 935.72 13033.91
ext_homfam_medium cystatin 10622 3 79.5615 123 30.9 75.8 73.5 62.2 61.7 208.8290 0:03:28 849.77 6210.94 842.66 843.89 0.00 0.02 1060.62 2219.84
ext_homfam_medium WW 17958 4 29.162 51 29.0 88.4 89.3 63.0 84.8 6.8658 0:00:06 157.09 6149.37 123.38 132.88 0.00 0.02 394.99 31.96
ext_homfam_medium ppase 24211 4 151.222 288 38.9 84.5 90.9 74.3 76.4 231.1791 0:03:51 702.22 6221.00 668.76 672.32 0.00 0.02 565.68 1312.53
ext_homfam_medium Lipase_3 32943 3 114.918 280 40.5 63.1 93.7 48.1 47.7 805.8663 0:13:25 874.51 6680.45 840.95 844.71 0.00 0.02 896.92 7233.31
ext_homfam_medium UBQ 38050 3 65.1746 76 67.8 91.8 95.7 87.8 88.6 393.7903 0:06:33 1158.00 6314.87 1124.29 1128.43 0.00 0.02 977.30 3853.39
ext_homfam_medium glob 25307 41 96.2105 174 31.7 85.6 90.8 41.8 50.4 151.2538 0:02:31 308.95 6201.20 275.19 279.44 0.00 0.02 619.15 941.59
ext_homfam_medium PTB 12979 3 118.877 182 20.8 84.1 83.6 69.6 77.0 124.8273 0:02:04 285.44 6202.25 253.27 257.04 0.00 0.02 518.25 651.92
ext_homfam_medium tryp_alpha_amyl 14016 3 84.6294 128 42.6 70.6 76.6 58.6 60.1 342.9308 0:05:42 1270.17 6264.35 1236.54 1240.21 0.00 0.02 959.68 3295.72
ext_homfam_medium DHHA2 10451 3 126.467 122 63.0 99.4 98.9 97.5 98.6 118.4667 0:01:58 244.10 6189.99 212.11 215.74 0.00 0.02 569.57 679.71
ext_homfam_medium rub 14189 5 45.7718 54 62.1 94.7 94.7 83.3 86.9 9.6348 0:00:09 163.31 6150.51 132.07 136.22 0.00 1.65 292.35 33.06
ext_homfam_medium cys 39235 13 177.714 284 40.5 93.1 93.8 70.5 80.2 1854.9504 0:30:54 2227.51 8064.00 2193.26 2197.41 0.00 37.20 935.68 17361.47
ext_homfam_medium B_lectin 18019 3 94.1621 110 59.9 96.3 96.6 94.4 94.4 405.8232 0:06:45 1222.27 6271.22 1188.74 1193.46 0.00 0.02 1024.23 4161.13
ext_homfam_medium DEATH 11663 7 74.8489 159 19.6 71.6 78.3 41.1 55.9 122.7006 0:02:02 662.84 6190.05 628.99 632.65 0.00 0.02 850.55 1048.56
ext_homfam_medium Bac_rhodopsin 10018 3 160.955 241 30.4 94.7 96.2 90.3 92.6 429.5441 0:07:09 1572.43 7412.31 1538.89 1542.56 0.00 0.02 992.46 4268.16
ext_homfam_medium C1 14349 3 49.8858 66 41.9 98.6 99.3 96.4 98.6 23.3140 0:00:23 324.30 6149.03 290.65 294.24 0.00 0.02 409.97 100.52
ext_homfam_medium serpin 35134 8 299.611 418 34.3 96.4 95.9 82.9 89.4 5813.1457 1:36:53 1546.79 7041.43 1512.91 1517.12 0.00 0.02 1057.61 61485.71
ext_homfam_medium acid_phosphat 26060 3 297.97 458 40.6 68.2 81.6 50.9 51.1 2896.0805 0:48:16 1427.16 6799.90 1393.41 1397.06 0.00 0.02 741.60 21482.00
ext_homfam_medium hemopexin 18955 4 42.6516 226 32.1 24.3 65.1 1.0 0.2 39.0226 0:00:39 124.11 4767.81 90.56 94.69 0.00 0.02 46.47 23.19
ext_homfam_medium annexin 29440 6 62.2414 323 57.2 49.1 81.4 4.7 4.5 125.3753 0:02:05 414.16 6194.61 380.03 384.25 0.00 0.02 388.77 492.25
ext_homfam_medium RuBisCO_large_N 34975 6 109.301 154 45.7 91.3 93.9 78.9 81.0 153.5034 0:02:33 673.02 6197.00 639.28 643.54 0.00 0.02 634.22 978.70
ext_homfam_medium il8 10004 11 56.1178 81 34.5 78.8 84.1 39.0 46.6 52.1937 0:00:52 549.88 6190.71 516.21 521.02 0.00 0.02 835.68 440.87
ext_homfam_medium TRANSTHYRETIN 16266 3 109.291 120 82.2 100.0 100.0 100.0 100.0 191.3222 0:03:11 609.69 6222.75 576.19 580.33 0.00 0.02 692.87 1330.42
ext_homfam_medium hr 12048 5 61.3182 82 53.3 97.4 98.4 89.9 95.1 52.3524 0:00:52 316.38 6168.72 282.80 292.31 0.00 0.02 711.81 377.46
ext_homfam_medium dhfr 39355 4 149.518 189 36.0 89.6 89.2 78.0 84.1 809.1775 0:13:29 1337.15 6398.81 1303.36 1307.36 0.00 0.02 903.20 7313.53
ext_homfam_medium az 25326 29 93.8285 215 33.4 68.2 70.4 22.3 33.8 454.2906 0:07:34 1364.45 6292.23 1330.67 1336.41 0.00 0.02 947.20 4307.87
ext_homfam_medium hla 39898 5 139.74 178 76.5 94.7 98.1 91.0 91.0 394.7525 0:06:34 662.02 6226.29 628.31 631.99 0.00 0.02 440.25 1742.79
ext_homfam_medium slectin 10595 5 127.962 142 33.3 91.6 93.9 83.2 87.3 202.3706 0:03:22 712.32 6223.15 678.70 682.32 0.00 0.02 876.81 1779.27
ext_homfam_medium MCR_alpha 16404 3 117.091 287 71.0 96.6 96.8 94.6 94.8 62.2837 0:01:02 126.67 4770.60 93.30 97.42 0.00 0.02 76.91 53.02
ext_homfam_medium GEL 24752 5 71.3498 150 23.7 59.7 73.1 37.7 49.4 116.8223 0:01:56 534.93 6215.88 501.27 506.06 0.00 0.02 656.18 771.42
ext_homfam_medium kringle 10191 9 76.5912 100 43.3 93.6 93.2 76.4 83.7 85.9723 0:01:25 956.83 6203.83 923.03 926.70 0.00 0.02 981.32 848.60
ext_homfam_medium MCR_alpha_NC 17937 3 116.74 570 67.2 32.2 68.4 0.0 0.0 135.9893 0:02:15 259.88 6155.82 228.00 233.73 0.00 0.02 153.47 213.66
ext_homfam_medium lipocalin 21814 15 125.72 210 20.0 81.9 82.0 39.4 52.6 226.8265 0:03:46 323.72 6235.81 290.96 295.09 0.00 0.02 545.83 1243.25
ext_homfam_medium Fork_head 12082 3 78.088 101 51.5 95.0 96.8 91.5 93.8 59.8471 0:00:59 270.53 6170.24 239.01 243.17 0.00 0.02 483.40 295.32
ext_homfam_medium histone 34300 4 93.7347 96 17.4 73.1 78.0 52.3 61.3 417.5483 0:06:57 660.79 6362.05 627.28 631.46 0.00 0.02 802.47 3355.58
ext_homfam_medium ndk 37011 4 126.38 152 55.9 94.3 95.0 88.1 90.7 480.1181 0:08:00 1244.45 6275.62 1210.79 1215.65 0.00 0.02 813.17 3908.82
ext_homfam_medium Invasin 14713 3 62.3379 108 23.5 76.6 75.7 63.9 67.4 211.8601 0:03:31 1142.80 6222.08 1108.98 1112.64 0.00 0.02 997.21 2117.71
homfam ricin 747 7 198.708 281 37.5 79.1 90.9 66.7 72.8 17.1969 0:00:17 188.16 6136.48 180.96 182.22 0.00 0.02 742.63 132.64
homfam ghf10 1502 5 220.34 364 43.3 93.7 93.8 80.8 86.8 154.5836 0:02:34 536.21 6187.50 502.40 507.21 0.00 0.02 702.91 1091.55
homfam seatoxin 93 5 43.6344 54 42.6 82.9 81.2 55.1 53.7 0.1201 0:00:00 107.95 4602.93 105.50 105.74 0.00 0.02 0.00 4.45
homfam mofe 2567 6 353.074 609 30.0 88.8 89.4 75.5 81.7 252.2998 0:04:12 403.11 6188.31 369.68 373.85 0.00 0.02 539.29 1365.46
homfam cyt3 385 6 92.3065 130 40.3 83.7 83.2 55.1 62.2 5.9932 0:00:05 139.70 6132.27 134.83 136.10 0.00 0.02 799.93 52.78
homfam ins 793 6 65.2825 74 44.9 92.2 92.4 71.0 86.5 6.3290 0:00:06 148.25 6132.39 116.56 127.63 0.00 0.02 871.49 60.11
homfam Ald_Xan_dh_2 2589 6 109.304 885 31.8 18.4 36.1 13.8 13.6 103.0561 0:01:43 234.73 6157.40 204.15 209.04 0.00 0.02 202.89 214.17
homfam tms 2118 5 264.245 357 45.9 97.0 96.9 88.1 93.3 79.0769 0:01:19 369.86 6165.53 336.01 339.71 0.00 0.02 649.01 518.21
homfam phc 2957 12 98.4711 179 37.2 96.8 97.1 87.7 89.7 9.2943 0:00:09 159.33 6132.70 127.58 132.47 0.00 0.02 477.58 49.44
homfam cytb 3206 6 82.1454 100 35.6 74.9 80.5 44.6 51.2 20.6981 0:00:20 184.36 6149.49 153.21 157.33 0.00 0.02 484.68 105.34
homfam mmp 1427 6 157.93 180 55.1 96.7 97.0 88.8 93.4 47.5837 0:00:47 246.78 6151.92 213.02 217.88 0.00 0.02 853.25 410.74
homfam phoslip 946 18 113.33 137 48.9 95.5 95.5 72.8 82.7 6.8565 0:00:06 151.59 6131.50 118.17 132.21 0.00 0.02 634.47 48.22
homfam HLH 6781 5 53.5453 92 28.1 79.6 87.4 54.8 68.5 12.3619 0:00:12 157.29 6147.85 126.84 136.14 0.00 0.02 756.54 5.81
homfam myb_DNA-binding 10398 5 46.5583 61 40.7 89.8 91.2 71.4 80.2 13.6075 0:00:13 196.99 6152.54 166.38 175.69 0.00 0.02 644.63 92.04
homfam msb 4884 8 106.037 158 26.6 91.0 90.3 57.9 73.0 120.5091 0:02:00 459.03 6201.39 425.79 435.11 0.00 0.02 850.27 1029.71
homfam ghf1 4358 8 403.813 562 38.4 93.6 94.1 75.3 84.6 623.9758 0:10:23 508.23 6242.14 475.28 484.79 0.00 0.02 781.29 4883.09
homfam rvp 93681 6 94.2886 132 36.6 73.4 76.4 45.0 50.7 91.8962 0:01:31 168.92 4812.68 135.46 139.17 0.00 0.02 85.49 83.64
homfam lyase_1 7632 5 295.082 511 30.9 61.5 61.1 48.5 53.2 230.3386 0:03:50 343.66 6182.07 310.82 314.87 0.00 0.02 485.43 1123.13
homfam ldh 7367 14 121.378 371 31.9 48.6 56.0 30.8 34.7 40.7702 0:00:40 120.65 4763.73 87.38 96.24 0.00 0.02 45.01 23.39
homfam subt 7517 11 301.598 414 39.5 79.2 84.3 42.3 47.6 1843.0355 0:30:43 1040.64 6471.29 1007.19 1011.40 0.00 0.02 943.73 17398.01
homfam sodfe 4455 8 77.4471 219 42.3 40.3 46.6 23.4 24.8 13.8314 0:00:13 203.92 6141.78 170.60 176.25 0.00 0.02 510.50 75.20
homfam LIM 6428 5 57.0143 86 52.8 94.5 97.8 75.6 91.9 11.3665 0:00:11 209.95 6143.49 178.98 188.47 0.00 0.02 768.57 92.05
homfam blm 9105 8 300.727 274 39.1 95.3 96.7 88.0 90.5 1107.2413 0:18:27 549.75 6376.04 515.99 523.09 0.00 0.02 963.97 10678.30
homfam DMRL_synthase 2099 5 140.59 182 33.2 91.0 89.1 71.0 81.1 20.5552 0:00:20 252.71 6135.50 219.72 223.92 0.00 0.02 680.38 144.29
homfam tRNA-synt_2b 11293 5 177.564 467 18.7 53.1 74.2 29.4 40.3 164.1542 0:02:44 285.98 6183.00 252.17 257.09 0.00 0.02 376.12 622.35
homfam Stap_Strp_toxin 640 6 87.3922 254 32.5 82.8 82.7 51.0 55.9 1.1718 0:00:01 129.28 6127.35 121.65 124.62 0.00 0.02 426.83 10.06
homfam Acetyltransf 46285 6 82.9897 229 24.1 57.2 80.9 31.7 38.9 390.4199 0:06:30 612.49 6583.74 578.91 583.11 0.00 0.02 806.66 3154.18
homfam ghf22 760 12 107.567 131 51.4 93.5 94.1 80.0 83.7 4.2720 0:00:04 152.93 6129.57 119.62 133.49 0.00 0.02 518.50 27.24
homfam sdr 50157 13 163.253 361 23.3 64.7 78.1 31.9 43.4 2840.4716 0:47:20 1852.04 7730.07 1817.98 1821.63 0.00 0.02 1126.06 31989.80
homfam ltn 1068 12 204.148 282 49.9 92.3 94.7 73.5 82.0 70.2060 0:01:10 247.20 6144.73 213.70 218.52 0.00 0.02 445.46 317.72
homfam hpr 3349 5 83.0427 89 44.4 92.8 95.4 86.4 88.6 8.9861 0:00:08 169.21 6134.97 138.00 143.86 0.00 0.02 608.87 59.79
homfam bowman 499 5 26.1443 73 64.9 96.8 96.8 90.0 93.9 0.1775 0:00:00 107.83 4602.91 105.47 105.71 0.00 0.02 0.00 4.44
homfam hip 167 5 66.2096 88 33.4 81.4 84.7 54.8 63.4 0.3838 0:00:00 107.87 4602.93 105.51 105.75 0.00 0.02 0.00 4.45
homfam HMG_box 4779 5 66.0716 89 24.8 85.1 88.1 61.7 70.8 14.4620 0:00:14 194.66 6143.95 189.94 191.20 0.00 0.02 790.35 118.99
homfam icd 5678 5 328.887 433 41.7 91.5 93.3 80.7 84.3 359.2983 0:05:59 532.05 6231.79 500.32 503.96 0.00 0.02 749.19 2696.54
homfam peroxidase 4514 5 256.626 383 37.3 86.1 89.3 61.9 65.1 414.6747 0:06:54 1509.19 7294.88 1475.54 1489.60 0.00 0.02 1052.52 4369.63
homfam asp 3262 13 284.142 381 37.5 90.2 92.8 65.8 71.2 565.5854 0:09:25 670.32 6245.76 636.43 640.58 0.00 0.02 984.71 5574.34
homfam flav 4612 6 138.021 183 35.0 85.8 89.2 64.6 66.9 45.3194 0:00:45 118.39 4761.68 84.68 88.98 0.00 0.02 40.47 23.36
homfam cah 1379 5 212.706 279 38.7 91.6 91.9 75.6 81.6 115.1328 0:01:55 544.61 6170.87 511.52 525.40 0.00 0.02 948.81 1098.29
homfam ace 3989 6 427.824 601 37.3 89.8 91.4 75.1 81.1 1866.7523 0:31:06 1781.12 7439.80 1747.65 1751.35 0.00 0.02 1020.82 19060.96
homfam sti 613 5 165.383 198 36.4 86.5 87.4 66.8 74.3 10.0582 0:00:10 165.09 6134.12 159.41 160.67 0.00 0.02 734.85 78.71
homfam aat 25100 10 337.807 476 28.6 86.8 88.4 59.0 66.4 2063.7634 0:34:23 1277.12 6975.07 1243.42 1247.62 0.00 0.02 824.44 17020.99
homfam oxidored_q6 3348 5 123.044 285 56.7 71.6 84.2 56.0 57.6 17.7411 0:00:17 187.48 6139.58 156.23 163.40 0.00 0.02 485.63 91.35
homfam hormone_rec 3509 5 188.562 308 21.5 75.3 79.3 48.8 62.6 105.0336 0:01:45 226.92 6174.08 194.45 198.62 0.00 0.02 466.63 495.06
homfam rhv 17976 6 143.424 938 33.1 14.6 33.4 1.9 0.2 266.5208 0:04:26 701.30 6239.87 667.27 672.11 0.00 0.02 652.14 1743.04
homfam tgfb 1606 8 95.4645 118 43.8 89.6 89.4 49.6 60.0 5.5451 0:00:05 160.85 6132.52 127.52 134.58 0.00 0.02 525.08 33.93
homfam cryst 1160 7 80.8078 192 44.4 49.3 76.6 6.6 7.1 4.9380 0:00:04 138.50 6131.27 133.68 134.91 0.00 0.02 513.36 30.39
homfam cyclo 6288 6 159.069 203 44.1 91.5 93.1 79.9 83.1 173.1007 0:02:53 693.46 6226.46 662.73 666.86 0.00 0.02 887.14 1540.76
homfam kunitz 2266 10 53.752 64 37.9 92.8 93.8 71.7 76.6 5.1912 0:00:05 139.63 6132.90 109.65 118.96 0.00 0.02 720.78 42.21
homfam Rhodanese 14049 6 102.277 216 22.7 69.4 78.4 47.9 49.3 159.7407 0:02:39 284.26 6243.79 250.96 255.68 0.00 0.02 656.59 1053.79
homfam sodcu 2038 7 141.322 169 42.2 91.5 92.7 78.9 83.0 31.3807 0:00:31 135.63 5808.84 102.29 107.16 0.00 0.02 131.29 46.27
homfam profilin 687 5 123.371 144 39.7 93.8 94.0 82.8 85.3 5.6630 0:00:05 140.41 6130.45 133.86 135.12 0.00 0.02 695.12 44.59
homfam glob 3983 41 100.684 174 31.7 94.2 95.4 52.9 61.6 15.7548 0:00:15 150.94 6137.14 118.05 123.70 0.00 0.02 598.02 99.09
homfam tim 3904 10 205.645 260 47.5 96.5 97.4 87.6 92.1 137.9404 0:02:17 602.36 6180.08 568.50 572.68 0.00 0.02 829.61 1149.11
homfam uce 4558 13 134.701 184 34.0 86.1 87.3 44.0 52.1 72.5934 0:01:12 385.88 6146.52 352.42 356.57 0.00 0.02 452.26 333.26
homfam toxin 508 20 62.311 78 43.1 92.3 90.9 48.1 59.0 1.3920 0:00:01 130.75 6127.21 121.07 124.34 0.00 0.02 454.01 11.22
homfam rub 1435 5 46.1575 54 62.1 94.7 94.7 83.3 86.9 0.9663 0:00:00 111.91 4685.60 104.98 106.24 0.00 0.02 0.00 5.05
homfam hom 12037 8 53.4951 98 35.3 91.8 92.2 69.6 84.2 17.3095 0:00:17 351.52 6152.40 317.58 321.75 0.00 0.02 804.95 144.12
homfam biotin_lipoyl 11833 7 71.8928 112 28.9 86.3 90.9 63.5 70.7 20.6207 0:00:20 219.14 6140.75 187.23 191.38 0.00 0.02 291.64 65.18
homfam cys 4316 13 198.11 284 40.5 95.2 95.3 76.1 84.8 242.5100 0:04:02 374.18 6211.34 341.18 350.60 0.00 0.02 903.21 2195.32
homfam ghf11 521 5 167.758 202 49.5 90.8 91.5 75.5 77.6 8.7449 0:00:08 165.06 6133.25 144.12 147.87 0.00 0.02 576.70 55.36
homfam blmb 17200 6 192.465 344 20.6 73.9 79.5 46.5 54.9 647.9496 0:10:47 489.69 6352.53 456.19 460.24 0.00 0.02 865.23 5611.16
homfam aadh 3127 8 225.129 542 38.2 86.4 87.3 56.0 62.0 93.5178 0:01:33 248.25 6154.42 215.22 224.65 0.00 0.02 336.90 320.00
homfam DEATH 1183 7 80.5689 159 19.6 74.4 79.2 44.4 60.3 7.8952 0:00:07 141.07 6134.40 134.58 135.80 0.00 0.02 916.65 77.52
homfam Sulfotransfer 2489 5 235.798 381 26.2 76.5 78.9 44.9 53.4 274.5735 0:04:34 322.04 6195.19 288.61 295.21 0.00 0.02 916.54 2521.74
homfam serpin 3144 8 291.462 418 34.3 95.9 95.8 82.4 89.7 704.4101 0:11:44 1737.55 7444.86 1703.86 1713.24 0.00 0.02 1116.55 7869.93
homfam proteasome 5732 17 174.347 309 21.7 81.0 83.9 43.1 58.3 146.2046 0:02:26 610.18 6189.12 576.30 581.21 0.00 0.02 785.08 1152.49
homfam zf-CCHH 88345 15 23.2513 39 35.5 81.9 86.5 54.3 67.5 16.2744 0:00:16 207.45 6201.62 174.08 178.87 0.00 16.75 436.20 5.73
homfam egf 7774 12 32.0765 71 31.1 71.3 79.3 29.4 43.7 8.2303 0:00:08 253.70 6147.02 222.66 227.61 0.00 0.02 639.17 57.17
homfam annexin 3139 6 65.1902 323 57.2 47.4 84.9 12.3 12.3 17.1298 0:00:17 218.88 6144.80 185.04 194.54 0.00 0.02 577.71 104.25
homfam OTCace 4795 5 157.005 350 37.3 75.2 94.5 44.8 41.8 52.9524 0:00:52 285.22 6154.42 251.36 255.49 0.00 0.02 402.91 218.29
homfam rnasemam 498 6 120.072 141 42.2 93.6 91.1 73.1 83.1 2.5007 0:00:02 127.40 6127.46 123.28 124.55 0.00 0.02 298.84 12.33
homfam adh 21331 5 123.64 375 63.9 95.2 99.4 88.0 88.3 415.9161 0:06:55 582.18 6307.04 550.09 555.86 0.00 0.02 896.22 3732.55
homfam il8 1073 11 63.7623 81 34.5 79.4 81.9 35.1 42.0 3.0348 0:00:03 129.81 6130.43 122.66 123.93 0.00 0.02 674.60 25.52
homfam hr 3707 5 65.1513 82 53.3 97.3 98.3 87.3 96.9 9.2511 0:00:09 242.03 6141.25 210.88 216.70 0.00 0.02 777.00 76.65
homfam ChtBD 774 5 38.2713 45 59.3 95.7 97.3 90.7 91.3 0.7701 0:00:00 116.14 6054.51 112.53 113.79 0.00 0.02 0.00 6.52
homfam gluts 10099 14 98.1117 235 39.4 93.8 94.1 79.0 85.2 108.0969 0:01:48 245.66 6207.48 211.82 215.58 0.00 0.02 829.97 902.00
homfam ghf5 2717 6 260.466 470 17.8 67.8 72.8 37.0 50.8 279.8545 0:04:39 344.82 6202.70 311.18 314.86 0.00 0.02 801.34 2247.60
homfam ghf13 12607 10 264.452 626 26.8 64.4 75.4 34.5 46.8 827.4998 0:13:47 883.86 6367.29 851.31 854.97 0.00 0.02 770.81 6383.54
homfam PDZ 14950 6 80.8907 110 30.6 77.7 83.2 47.5 54.1 268.1488 0:04:28 866.50 6255.98 832.92 837.71 0.00 0.02 993.07 2668.04
homfam az 1086 29 100.416 215 33.4 70.3 71.4 30.4 31.1 9.7740 0:00:09 151.69 6135.80 137.43 138.69 0.00 0.02 773.82 80.31
homfam hla 13465 5 153.148 178 76.5 97.6 99.1 96.1 96.1 80.8164 0:01:20 214.71 6149.68 180.88 184.62 0.00 0.02 253.92 210.13
homfam slectin 932 5 133.052 142 33.3 91.6 92.7 82.5 86.1 14.2884 0:00:14 163.16 6136.61 157.60 158.85 0.00 0.02 810.93 120.85
homfam GEL 2195 5 78.1157 150 23.7 66.2 74.4 41.1 54.3 8.6854 0:00:08 149.52 6137.00 117.97 122.77 0.00 0.02 677.33 64.11
homfam kringle 1091 9 75.9138 100 43.3 96.3 94.9 78.7 88.6 8.4808 0:00:08 248.62 6139.96 215.39 229.29 0.00 0.02 871.44 78.87
homfam p450 21013 12 331.506 512 20.8 77.8 79.7 42.1 53.6 5872.8797 1:37:52 3157.22 8623.61 3123.66 3127.34 0.00 0.02 1008.95 59259.43
homfam gpdh 7691 8 129.082 360 55.1 46.2 46.1 41.1 41.6 198.0423 0:03:18 1211.09 6255.57 1177.37 1181.47 0.00 0.02 977.22 1940.13
homfam int 7572 5 168.037 219 22.5 87.1 89.6 66.3 74.2 320.1298 0:05:20 283.59 6222.79 250.50 254.65 0.00 0.02 1084.95 3478.90
homfam KAS 2070 6 174.528 404 31.7 71.5 94.2 51.8 48.4 39.4839 0:00:39 117.87 4763.42 84.46 88.62 0.00 0.02 44.34 22.53
homfam trfl 837 7 242.315 702 61.9 44.7 60.2 5.0 3.1 56.3959 0:00:56 259.56 6139.34 226.09 239.96 0.00 0.02 410.53 236.47
homfam TNF 556 5 119.903 176 32.0 90.9 90.9 70.7 79.1 4.9026 0:00:04 140.13 6131.03 109.61 123.50 0.00 0.02 639.52 36.37
homfam scorptoxin 363 8 53.2562 74 46.3 93.7 92.8 83.6 87.9 0.5624 0:00:00 107.87 4602.93 105.50 105.72 0.00 0.02 0.00 4.45
homfam aldosered 13277 7 268.547 386 41.6 90.1 92.9 70.2 76.4 1422.0750 0:23:42 2169.48 7536.16 2135.91 2139.55 0.00 0.02 1076.95 15320.05
homfam rrm 27610 20 67.4587 157 22.9 73.6 78.3 16.2 24.0 305.2612 0:05:05 876.76 6252.88 842.93 847.15 0.00 0.02 1026.76 3139.26
ext_homfam_huge HATPase_c 1105608 6 109.536 263 24.5 46.9 59.2 24.4 27.8 38288.7144 10:38:08 100614.29 116571.54 100580.82 100590.20 28.00 19846.56 858.02 328529.81
ext_homfam_huge PAS 459813 3 98.5763 146 31.3 63.9 69.0 45.7 50.5 18051.1671 5:00:51 9699.30 15296.07 9665.63 9669.83 0.00 0.02 1057.66 190927.06
ext_homfam_huge igC1 257516 5 76.9806 102 43.5 76.4 85.0 55.9 60.1 2381.1682 0:39:41 8101.74 13922.00 8068.33 8071.89 0.00 509.58 804.66 19165.31
ext_homfam_huge sugbp 348308 4 228.259 329 23.8 87.3 90.2 73.8 80.6 22335.4740 6:12:15 13234.53 18845.90 13200.75 13207.90 0.00 2182.22 1199.57 267932.24
ext_homfam_huge helicase_NC 932215 3 131.03 598 31.8 30.2 49.1 14.7 6.3 22121.9350 6:08:41 129849.30 161990.98 129815.39 129820.30 0.00 29040.43 734.10 162401.07
ext_homfam_huge alpha-amylase_NC 258184 23 204.834 891 22.5 50.6 67.3 6.8 14.0 10240.6814 2:50:40 19039.95 27531.35 19006.08 19009.78 0.00 2309.42 751.13 76928.42
ext_homfam_huge Extradiol_dioxy 376670 3 118.082 319 35.3 36.6 61.9 26.8 27.0 3719.8438 1:01:59 21826.05 27635.00 21792.86 21796.42 0.00 4429.82 618.95 23029.35
ext_homfam_huge kinase 949994 15 222.775 488 25.9 78.1 80.5 30.9 50.9 134459.4310 1:13:20:59 249930.89 256817.79 249896.96 249900.69 0.00 54543.32 1210.19 1627219.42
ext_homfam_huge ANK 380510 3 30.0863 137 26.4 7.7 18.2 0.0 0.0 2442.2233 0:40:42 7167.99 12631.85 7134.04 7138.24 0.00 182.37 673.30 16448.12
ext_homfam_huge mdd 871924 3 116.956 394 37.9 18.2 36.4 0.3 0.1 9300.9438 2:35:00 26722.41 32038.92 26688.75 26692.46 0.00 4488.31 730.04 67909.11
ext_homfam_huge gtp 638901 8 165.964 211 33.4 88.0 90.7 55.3 60.9 14853.2944 4:07:33 62031.83 71678.07 61998.34 62001.91 0.00 12760.55 779.95 115851.81
ext_homfam_huge igvar-l 257537 26 76.9838 122 56.9 89.2 90.6 63.1 69.7 2509.0672 0:41:49 7593.18 13398.40 7559.09 7562.78 0.00 32.25 825.05 20706.17
ext_homfam_huge pdc 444172 4 142.273 599 20.4 5.0 18.2 0.4 0.1 5163.0045 1:26:03 13611.13 19328.98 13577.48 13582.42 0.00 2565.77 620.76 32056.39
ext_homfam_huge GATase_2 257776 3 149.639 508 31.1 10.2 24.5 5.5 2.8 6095.9046 1:41:35 9866.26 15534.50 9833.04 9836.60 0.00 1660.92 748.62 45640.17
ext_homfam_huge HTH_AraC 307748 4 37.1935 71 27.2 64.6 66.1 36.8 47.1 603.0423 0:10:03 1157.90 6626.57 1127.05 1130.74 0.00 0.02 668.57 4036.46
ext_homfam_huge ABC_tran 2966699 0 169.241 354 0 0 0 0 0 259200 72:0:0 0. 0. 0. 0. 0. 0. 0. 0.
ext_homfam_huge MHC_II_C 257519 8 76.9809 105 38.8 78.6 88.0 48.5 50.4 2455.8899 0:40:55 9203.42 15031.43 9169.79 9173.56 0.00 1600.55 810.70 19914.81
ext_homfam_huge Cyclodex_gly_tran 313216 6 182.583 707 63.0 98.5 98.7 94.5 95.5 11220.7209 3:07:00 31248.54 38760.68 31214.91 31218.49 4.00 5720.59 695.48 78044.60
ext_homfam_huge tRNA-synt_1 255011 3 337.107 769 24.5 22.8 58.8 7.9 3.2 31074.3215 8:37:54 33006.78 38452.21 32972.77 32977.01 0.00 6297.64 777.18 241509.23
ext_homfam_huge hexapep 339297 3 33.3383 220 13.2 0.5 1.0 0.0 0.0 1219.1448 0:20:19 1333.53 6779.44 1299.73 1303.47 0.00 0.02 926.31 11297.78
ext_homfam_huge response_reg 1310484 13 109.384 156 25.3 86.0 87.8 50.7 62.0 38462.5256 10:41:02 24205.01 29861.84 24170.89 24175.76 0.00 2968.45 1317.40 506709.73
ext_homfam_huge Acetyltransf 952228 6 92.5945 229 24.1 56.0 66.1 25.4 35.6 13183.9696 3:39:43 55556.21 61297.37 55522.07 55527.81 0.00 10446.70 792.13 104437.93
ext_homfam_huge oat 280732 4 366.716 498 23.9 82.9 85.4 65.9 72.6 17747.0429 4:55:47 12731.40 19150.00 12697.79 12701.48 0.00 1260.71 672.34 119326.73
ext_homfam_huge sdr 1369993 13 177.362 361 23.3 69.3 83.0 34.7 47.2 82104.9636 22:48:24 77472.58 83885.09 77439.40 77453.28 0.00 14868.34 1210.47 993851.81
ext_homfam_huge MHC_II_beta_NC 284430 4 76.1279 217 45.7 45.0 75.7 34.7 33.9 2554.5565 0:42:34 9412.44 15223.37 9378.77 9382.47 0.00 1204.04 789.75 20179.32
ext_homfam_huge igI 258816 9 77.029 141 15.5 64.9 71.2 33.3 39.8 2570.5021 0:42:50 7552.34 13398.62 7518.78 7522.54 0.00 0.02 850.92 21878.13
ext_homfam_huge aldedh 570501 4 399.711 524 38.5 94.1 95.4 85.5 89.3 42278.7685 11:44:38 28238.30 35595.40 28230.93 28232.20 48.00 5045.87 600.61 253935.15
ext_homfam_huge SBP_bacterial_1 420155 3 253.065 380 34.0 63.2 77.9 44.7 45.1 23172.4358 6:26:12 26021.65 31809.41 26015.03 26015.43 0.00 5243.38 1011.63 234429.20
ext_homfam_huge transketolase_PC 281825 3 141.636 398 26.4 14.6 22.5 0.6 0.2 2698.4777 0:44:58 5088.10 10636.85 5054.81 5058.38 0.00 682.04 634.79 17135.10
ext_homfam_huge aat 818802 10 279.696 476 28.6 83.0 85.6 51.4 57.3 42157.7403 11:42:37 73407.97 86162.86 73374.27 73383.59 0.00 14147.00 733.36 309172.30
ext_homfam_huge thiored 294457 6 75.9243 132 20.6 47.3 53.4 18.3 16.0 3168.0113 0:52:48 2031.55 7582.03 1997.84 2002.04 0.00 0.02 996.63 31578.18
ext_homfam_huge Haloperoxidase 740746 9 167.102 372 24.9 60.9 74.3 34.9 43.6 35353.6432 9:49:13 105308.37 131005.38 105274.73 105278.43 0.00 22995.34 842.46 297847.99
ext_homfam_huge helicase_C 473124 5 105.284 218 27.5 68.2 79.5 39.8 50.2 3986.5930 1:06:26 21799.84 28438.05 21766.16 21770.35 20.00 0.02 629.24 17.56
ext_homfam_huge bac_luciferase 261894 4 278.575 336 30.1 56.8 67.1 39.0 36.5 11302.3251 3:08:22 14726.72 20601.46 14693.36 14697.06 0.00 2109.53 720.18 81402.35
ext_homfam_huge igvar-h 257532 21 76.984 137 52.1 93.7 95.8 69.6 78.2 2460.6931 0:41:00 9050.38 14902.87 9016.77 9020.54 0.00 1339.63 809.98 19935.88
ext_homfam_huge Epimerase 1360465 4 178.021 410 22.4 64.2 76.0 49.9 55.8 47472.4265 13:11:12 124001.46 140735.75 123967.95 123977.34 0.00 0.02 756.86 156.96
ext_homfam_huge igcon 257523 12 76.9812 114 33.0 66.8 76.1 39.3 45.3 2442.5460 0:40:42 7858.19 13714.79 7824.52 7828.78 0.00 392.70 813.81 19882.21
ext_homfam_huge GATase 265204 3 172.422 251 22.8 75.9 80.9 68.1 71.0 4713.0161 1:18:33 12715.31 18944.60 12681.55 12685.31 0.00 2112.00 691.23 32582.53
ext_homfam_huge AhpC-TSA 296300 3 113.069 229 45.2 69.5 84.6 60.5 66.4 3975.0779 1:06:15 7867.71 13535.69 7834.07 7837.74 8.00 269.89 846.85 33669.53
ext_homfam_huge TyrKc 941307 7 224.419 311 45.0 80.5 88.5 56.0 65.6 140634.2593 1:15:03:54 246122.03 253302.19 246115.34 246115.72 0.00 53741.15 1220.19 1716009.58
ext_homfam_huge CBS 419518 4 51.3699 67 31.1 83.3 86.3 55.4 70.0 2533.7145 0:42:13 1805.27 7377.57 1771.77 1775.46 0.00 0.02 924.87 23439.49
ext_homfam_huge apbact 466626 3 256.984 335 20.4 49.2 57.0 37.1 40.8 27237.3724 7:33:57 55689.27 61875.38 55655.45 55660.33 0.00 12280.70 682.12 185796.51
ext_homfam_huge ech 330971 3 219.552 280 26.6 90.2 93.0 84.1 88.1 13357.1916 3:42:37 8807.87 14210.50 8773.95 8788.02 0.00 448.09 1029.72 137546.02
ext_homfam_huge blmb 401802 6 158.083 344 20.6 68.4 74.8 41.5 47.5 9385.2781 2:36:25 28142.66 33823.53 28108.86 28112.63 4.00 5322.52 768.44 72128.06
ext_homfam_huge zf-CCHH 682260 15 22.8962 39 35.5 79.5 87.7 54.3 63.8 276.1987 0:04:36 916.17 6595.04 885.04 888.71 0.00 0.02 334.94 930.14
ext_homfam_huge adh 406421 5 114.761 375 63.9 99.3 99.5 97.9 98.3 5507.9648 1:31:47 10417.76 15807.29 10384.05 10388.24 0.00 720.88 866.59 47736.64
ext_homfam_huge AAA 585357 4 120.092 430 28.4 39.0 59.8 26.0 17.9 7661.2351 2:07:41 45841.17 57968.27 45807.48 45811.54 36.00 9912.33 781.64 59891.07
ext_homfam_huge MHC_II_alpha_NC 261656 4 76.9301 187 44.8 91.6 92.8 83.0 84.2 2387.7382 0:39:47 7934.71 13790.05 7900.80 7904.47 0.00 219.42 801.96 19153.73
ext_homfam_huge rep 423102 4 50.1786 88 30.3 75.1 74.9 50.7 57.9 2702.8525 0:45:02 1745.93 7339.03 1712.46 1716.14 0.00 0.02 926.97 25059.57
ext_homfam_huge fn3 254325 14 80.1208 149 15.9 50.5 55.0 5.3 8.2 3748.1578 1:02:28 7606.25 13221.85 7572.52 7576.20 0.00 1034.18 973.43 36490.66
ext_homfam_huge gluts 291502 14 71.8456 235 39.4 37.1 70.2 2.1 0.3 2365.4810 0:39:25 5195.61 10676.87 5161.76 5165.52 0.00 631.86 857.29 20283.90
ext_homfam_huge FAD-oxidase_NC 288043 4 162.362 672 14.6 23.0 40.1 13.8 15.8 6006.9265 1:40:06 10950.06 16437.35 10916.54 10920.25 12.00 1823.67 781.28 46937.77
ext_homfam_huge PA_phosphatase 371442 3 188.436 353 39.9 67.0 85.6 52.3 50.2 21093.6262 5:51:33 56345.99 72096.41 56312.30 56316.01 0.00 11581.92 1081.18 228063.04
ext_homfam_huge DEAD 459097 4 157.561 442 29.6 67.5 76.1 59.7 51.1 12410.0309 3:26:50 53948.41 60237.07 53914.79 53920.55 0.00 11920.77 719.43 89287.04
ext_homfam_huge igV 257520 9 76.9813 137 18.2 59.6 62.8 26.3 36.8 2528.1395 0:42:08 8401.72 14207.18 8367.50 8371.27 0.00 785.03 837.97 21190.75
ext_homfam_huge Cys_Met_Meta_PP 289963 3 240.41 407 30.5 93.9 94.4 90.0 91.1 9442.9694 2:37:22 10501.17 15985.59 10467.38 10472.24 0.00 1167.79 598.29 56502.50
ext_homfam_huge molybdopterin 347815 4 254.332 836 39.3 39.1 70.9 14.4 14.6 20889.8380 5:48:09 32415.13 40321.60 32381.48 32385.70 0.00 5195.13 653.54 136527.86
ext_homfam_huge Phage_integrase 380607 4 155.938 241 15.5 67.0 67.7 35.9 45.3 12021.2414 3:20:21 25017.65 30663.00 24984.21 24987.78 40.00 3758.51 952.92 114560.79
ext_homfam_huge grs 433471 11 77.6264 558 30.3 22.7 35.9 0.2 0.0 4752.3870 1:19:12 7318.61 12758.37 7285.09 7289.31 0.00 405.18 780.13 37080.01
ext_homfam_huge p450 386670 12 301.863 512 20.8 72.3 78.6 38.3 48.7 79867.1457 22:11:07 57052.04 63102.93 57018.22 57022.43 0.00 10337.60 980.38 783001.98
ext_homfam_huge aabp 319835 3 206.726 241 42.8 92.9 94.0 86.6 88.4 12527.3681 3:28:47 21289.98 26817.07 21256.21 21259.92 0.00 4466.50 911.08 114139.58
ext_homfam_huge aldosered 345677 7 259.927 386 41.6 89.7 92.0 68.9 75.2 14865.3834 4:07:45 22936.71 28369.14 22902.65 22906.39 0.00 3433.17 773.90 115049.20
homstrad ricin 7 7 254.714 281 37.5 94.2 93.7 81.3 87.7 0.1202 0:00:00 107.29 2426.94 78.21 91.83 0.00 0.02 0.00 2.93
homstrad ghf10 5 5 316 364 43.3 91.9 91.0 77.4 81.9 0.1120 0:00:00 107.50 2426.92 78.23 87.34 0.00 0.02 0.00 2.89
homstrad seatoxin 5 5 47 54 42.6 81.9 80.5 51.0 50.7 0.0499 0:00:00 107.40 2426.93 78.20 91.80 0.00 0.02 0.00 2.86
homstrad mofe 6 6 489.5 609 30.0 78.6 79.1 58.9 63.9 0.2558 0:00:00 107.50 2426.93 78.18 87.28 0.00 0.02 0.00 2.92
homstrad cyt3 6 6 110 130 40.3 84.9 83.5 54.2 62.4 0.0647 0:00:00 107.70 2426.94 78.23 87.31 0.00 0.02 0.00 2.91
homstrad ins 6 6 55.8333 74 44.9 96.5 95.5 81.2 92.6 0.0531 0:00:00 107.47 2426.93 78.21 87.34 0.00 0.02 0.00 2.92
homstrad Ald_Xan_dh_2 6 6 763.5 885 31.8 87.9 88.3 70.6 77.5 0.4587 0:00:00 107.16 2426.92 105.05 105.30 0.00 0.02 0.00 2.88
homstrad tms 5 5 285 357 45.9 97.3 96.7 89.5 93.3 0.1050 0:00:00 107.49 2426.93 78.25 91.84 0.00 0.02 0.00 2.89
homstrad phc 12 12 166.417 179 37.2 96.7 97.0 86.6 90.6 0.1213 0:00:00 107.46 2426.93 78.20 91.82 0.00 0.02 0.00 2.92
homstrad cytb 6 6 86 100 35.6 94.2 94.2 77.2 86.8 0.0549 0:00:00 107.60 2426.93 78.14 91.10 0.00 0.02 0.00 2.95
homstrad mmp 6 6 164 180 55.1 98.4 98.2 94.1 96.3 0.0674 0:00:00 107.64 2426.94 78.21 91.80 0.00 0.02 0.00 2.84
homstrad phoslip 18 18 121.667 137 48.9 95.1 94.9 73.5 83.1 0.1242 0:00:00 107.35 2426.92 78.18 91.77 0.00 0.02 0.00 2.86
homstrad HLH 5 5 71.2 92 28.1 92.6 92.6 78.6 84.7 0.0515 0:00:00 107.76 2426.93 78.21 91.81 0.00 0.02 0.00 2.89
homstrad myb_DNA-binding 5 5 53.6 61 40.7 95.0 93.9 80.4 87.4 0.0501 0:00:00 107.39 2426.92 78.19 87.28 0.00 0.02 0.00 2.94
homstrad msb 8 8 126 158 26.6 89.7 87.7 57.2 70.6 0.0753 0:00:00 107.70 2426.94 105.10 105.35 0.00 0.02 0.00 2.78
homstrad ghf1 8 8 445.125 562 38.4 93.5 93.3 73.4 82.0 0.2801 0:00:00 107.67 2426.91 78.20 87.30 0.00 0.02 0.00 2.88
homstrad rvp 6 6 106.333 132 36.6 83.8 83.6 57.7 65.0 0.0575 0:00:00 107.41 2426.91 78.20 87.31 0.00 0.02 0.00 2.86
homstrad lyase_1 5 5 444.6 511 30.9 78.3 78.9 55.3 58.8 0.1931 0:00:00 107.13 2426.91 78.18 91.78 0.00 0.02 0.00 2.93
homstrad ldh 14 14 319.071 371 31.9 90.2 89.2 61.9 72.1 0.3362 0:00:00 107.41 2426.92 78.11 87.27 0.00 0.02 0.00 2.93
homstrad subt 11 11 294.364 414 39.5 76.5 75.3 30.6 36.2 0.2721 0:00:00 107.59 2426.93 78.22 87.32 0.00 0.02 0.00 2.89
homstrad sodfe 8 8 198.5 219 42.3 90.7 89.7 64.6 69.6 0.1033 0:00:00 107.73 2426.93 78.22 87.37 0.00 0.02 0.00 2.92
homstrad LIM 5 5 69.8 86 52.8 98.4 98.5 87.8 98.1 0.0525 0:00:00 107.39 2426.93 78.20 91.80 0.00 0.02 0.00 2.94
homstrad blm 8 8 261.375 274 39.1 95.7 95.4 83.9 86.9 0.1286 0:00:00 107.50 2426.92 78.19 87.32 0.00 0.02 0.00 2.90
homstrad DMRL_synthase 5 5 158 182 33.2 90.2 87.7 69.2 79.3 0.0718 0:00:00 107.58 2426.94 78.23 90.40 0.00 0.02 0.00 2.66
homstrad tRNA-synt_2b 5 5 307.8 467 18.7 47.3 48.4 15.1 20.9 0.1375 0:00:00 107.16 2426.94 78.21 91.82 0.00 0.02 0.00 2.88
homstrad Stap_Strp_toxin 6 6 220.333 254 32.5 71.2 72.1 30.0 35.6 0.0845 0:00:00 107.59 2426.92 78.15 87.47 0.00 0.02 0.00 2.88
homstrad Acetyltransf 6 6 161.5 229 24.1 71.3 70.7 31.2 39.9 0.0819 0:00:00 107.26 2426.92 78.18 91.79 0.00 0.02 0.00 2.91
homstrad ghf22 12 12 126.5 131 51.4 97.0 97.0 84.6 87.6 0.0855 0:00:00 107.61 2426.91 78.18 87.27 0.00 0.02 0.00 2.97
homstrad sdr 13 13 259.462 361 23.3 80.1 79.1 33.4 43.9 0.2824 0:00:00 107.36 2426.94 105.06 105.27 0.00 0.02 0.00 2.88
homstrad ltn 12 12 234.417 282 49.9 95.6 95.3 77.9 85.7 0.1802 0:00:00 107.44 2426.92 78.15 87.26 0.00 0.02 0.00 1.99
homstrad hpr 5 5 87 89 44.4 98.3 98.3 94.3 95.9 0.0544 0:00:00 107.54 2426.93 78.17 87.28 0.00 0.02 0.00 2.91
homstrad bowman 5 5 50 73 64.9 97.7 97.1 91.4 95.6 0.0526 0:00:00 107.74 2426.93 78.17 87.27 0.00 0.02 0.00 2.88
homstrad hip 5 5 74.2 88 33.4 81.9 81.3 53.6 63.9 0.0515 0:00:00 107.39 2426.93 78.21 91.15 0.00 0.02 0.00 2.91
homstrad HMG_box 5 5 76.4 89 24.8 96.7 95.7 86.4 94.3 0.0530 0:00:00 107.31 2426.92 78.18 87.53 0.00 0.02 0.00 2.73
homstrad icd 5 5 367 433 41.7 94.0 93.8 84.0 87.0 0.1529 0:00:00 107.15 2426.94 78.21 87.30 0.00 0.02 0.00 2.89
homstrad peroxidase 5 5 334.4 383 37.3 89.2 88.0 66.5 71.1 0.1272 0:00:00 107.33 2426.93 78.20 87.30 0.00 0.02 0.00 2.90
homstrad asp 13 13 332.077 381 37.5 91.0 91.1 66.3 71.6 0.3336 0:00:00 107.50 2426.93 78.07 87.24 108.00 0.02 0.00 3.95
homstrad flav 6 6 161.667 183 35.0 88.0 88.7 66.3 68.0 0.0751 0:00:00 107.71 2426.93 78.16 87.26 0.00 0.02 0.00 2.91
homstrad cah 5 5 249.2 279 38.7 87.0 86.8 64.6 71.8 0.0978 0:00:00 107.65 2426.92 78.12 87.28 0.00 0.02 0.00 2.95
homstrad ace 6 6 533.833 601 37.3 86.4 85.6 67.8 75.1 0.2737 0:00:00 107.77 2426.93 78.20 87.30 0.00 0.02 0.00 2.92
homstrad sti 5 5 173.6 198 36.4 82.3 81.1 54.3 61.3 0.0725 0:00:00 107.42 2426.94 78.21 85.06 0.00 0.02 0.00 2.95
homstrad aat 10 10 403.6 476 28.6 83.0 82.1 48.8 54.0 0.3811 0:00:00 107.66 2426.91 78.12 87.28 1128.00 0.02 0.00 4.80
homstrad oxidored_q6 5 5 265.2 285 56.7 98.6 98.5 94.7 96.4 0.0898 0:00:00 107.62 2426.92 78.08 87.17 0.00 0.02 0.00 2.73
homstrad hormone_rec 5 5 248.6 308 21.5 72.0 69.1 43.1 54.9 0.1371 0:00:00 107.44 2426.94 105.05 105.27 0.00 0.02 0.00 2.91
homstrad rhv 6 6 780.833 938 33.1 84.5 83.5 57.7 69.8 0.5330 0:00:00 107.50 2426.91 78.11 87.25 500.00 0.02 0.00 4.49
homstrad tgfb 8 8 97.625 118 43.8 91.4 90.6 61.5 67.5 0.0648 0:00:00 107.50 2426.94 78.23 87.42 0.00 0.02 0.00 2.89
homstrad cryst 7 7 174.714 192 44.4 88.0 87.5 56.4 60.4 0.0874 0:00:00 107.67 2426.94 78.16 87.29 0.00 0.02 0.00 2.90
homstrad cyclo 6 6 171.833 203 44.1 87.1 87.3 69.3 71.7 0.0811 0:00:00 107.18 2426.94 98.35 101.93 0.00 0.02 0.00 2.92
homstrad kunitz 10 10 57.7 64 37.9 96.2 96.2 83.3 84.7 0.0545 0:00:00 107.42 2426.92 78.14 87.26 0.00 0.02 0.00 2.91
homstrad Rhodanese 6 6 150 216 22.7 60.7 59.9 31.8 35.2 0.0718 0:00:00 107.15 2426.92 78.18 87.30 0.00 0.02 0.00 2.93
homstrad sodcu 7 7 152.571 169 42.2 89.4 89.6 74.1 79.6 0.0762 0:00:00 107.64 2426.93 78.23 87.31 0.00 0.02 0.00 2.90
homstrad profilin 5 5 128.6 144 39.7 95.6 95.6 90.6 91.0 0.0682 0:00:00 107.19 2426.93 78.20 86.28 0.00 0.02 0.00 2.93
homstrad glob 41 41 146.098 174 31.7 95.1 94.9 52.4 60.6 0.6995 0:00:00 129.25 3590.16 97.90 111.86 0.00 0.02 0.00 9.92
homstrad tim 10 10 249.5 260 47.5 98.1 97.9 91.1 95.3 0.1494 0:00:00 107.49 2426.94 78.21 90.28 0.00 0.02 0.00 2.85
homstrad uce 13 13 149.385 184 34.0 92.4 91.4 58.4 67.5 0.1220 0:00:00 107.61 2426.93 78.21 87.29 0.00 0.02 0.00 2.82
homstrad toxin 20 20 63.5 78 43.1 92.9 91.3 55.8 66.2 0.0898 0:00:00 107.53 2426.93 78.21 91.81 0.00 0.02 0.00 2.91
homstrad rub 5 5 51.2 54 62.1 98.0 98.0 92.6 94.5 0.0484 0:00:00 107.14 2426.92 78.18 87.28 0.00 0.02 0.00 2.90
homstrad hom 8 8 63.5 98 35.3 95.0 94.4 72.5 86.9 0.0539 0:00:00 107.49 2426.94 78.20 87.31 0.00 0.02 0.00 2.91
homstrad biotin_lipoyl 7 7 83.4286 112 28.9 91.3 89.7 71.8 79.9 0.0600 0:00:00 107.42 2426.94 78.20 87.29 0.00 0.02 0.00 2.94
homstrad cys 13 13 223.692 284 40.5 91.0 90.4 62.3 69.6 0.1769 0:00:00 107.66 2426.93 78.21 91.04 0.00 0.02 0.00 2.90
homstrad ghf11 5 5 185.4 202 49.5 94.4 94.2 84.4 87.2 0.0738 0:00:00 107.42 2426.93 78.93 92.22 0.00 0.02 0.00 2.92
homstrad blmb 6 6 241.667 344 20.6 61.5 62.8 24.7 27.9 0.1088 0:00:00 107.61 2426.93 78.17 87.49 0.00 0.02 0.00 2.93
homstrad aadh 8 8 415.125 542 38.2 89.1 89.3 62.4 67.9 0.2615 0:00:00 107.51 2426.92 78.19 85.04 0.00 0.02 0.00 2.90
homstrad DEATH 7 7 107.143 159 19.6 65.0 65.8 21.8 29.6 0.0716 0:00:00 107.47 2426.93 78.15 90.32 0.00 0.02 0.00 2.87
homstrad Sulfotransfer 5 5 281.8 381 26.2 69.7 70.3 31.8 37.6 0.1252 0:00:00 107.43 2426.91 78.23 91.83 0.00 0.02 0.00 2.93
homstrad serpin 8 8 376.25 418 34.3 97.0 96.0 83.9 91.3 0.2194 0:00:00 107.73 2426.94 78.21 91.17 0.00 0.02 0.00 2.89
homstrad proteasome 17 17 223.353 309 21.7 84.3 80.4 32.4 41.4 0.3835 0:00:00 107.39 2426.91 78.12 87.26 324.00 0.02 0.00 4.33
homstrad zf-CCHH 15 15 29.0667 39 35.5 89.8 88.6 68.6 75.8 0.0530 0:00:00 107.34 2426.93 78.26 91.83 0.00 0.02 0.00 2.86
homstrad egf 12 12 47.75 71 31.1 74.7 76.8 33.8 46.4 0.0609 0:00:00 107.41 2426.91 78.19 91.82 0.00 0.02 0.00 2.86
homstrad annexin 6 6 317.167 323 57.2 99.8 99.8 99.1 99.5 0.1249 0:00:00 107.58 2426.92 78.16 91.76 0.00 0.02 0.00 2.89
homstrad OTCace 5 5 318 350 37.3 94.3 94.4 83.1 86.2 0.1260 0:00:00 107.51 2426.93 78.20 87.30 0.00 0.02 0.00 2.94
homstrad rnasemam 6 6 121.5 141 42.2 93.6 90.6 71.6 80.8 0.0601 0:00:00 107.38 2426.92 78.15 91.09 0.00 0.02 0.00 2.85
homstrad adh 5 5 373.6 375 63.9 99.2 99.2 97.9 98.1 0.1382 0:00:00 107.71 2426.91 78.20 87.33 0.00 0.02 0.00 2.94
homstrad il8 11 11 68.8182 81 34.5 90.2 89.6 61.0 73.0 0.0656 0:00:00 107.43 2426.93 78.20 87.29 0.00 0.02 0.00 2.92
homstrad hr 5 5 74 82 53.3 99.0 99.0 93.7 98.6 0.0506 0:00:00 107.43 2426.93 78.20 87.28 0.00 0.02 0.00 2.92
homstrad ChtBD 5 5 42.6 45 59.3 96.9 96.6 88.4 90.8 0.0458 0:00:00 107.41 2426.93 78.20 91.19 0.00 0.02 0.00 2.87
homstrad gluts 14 14 215.643 235 39.4 92.5 92.5 74.7 80.7 0.1927 0:00:00 107.50 2426.92 78.18 87.29 0.00 0.02 0.00 2.93
homstrad ghf5 6 6 327.167 470 17.8 67.9 66.7 31.9 44.4 0.1568 0:00:00 107.54 2426.92 78.21 87.32 0.00 0.02 0.00 2.66
homstrad ghf13 10 10 469.8 626 26.8 73.1 71.2 29.0 37.6 0.4595 0:00:00 107.34 2426.93 78.09 87.24 0.00 0.02 0.00 2.93
homstrad PDZ 6 6 93 110 30.6 87.9 87.1 67.7 70.2 0.0537 0:00:00 107.71 2426.93 78.21 87.35 0.00 0.02 0.00 2.85
homstrad az 29 29 113.069 215 33.4 74.9 73.6 30.4 34.3 0.4401 0:00:00 107.66 2426.93 78.20 85.04 0.00 0.02 0.00 2.93
homstrad hla 5 5 178 178 76.5 100.0 100.0 100.0 100.0 0.0750 0:00:00 107.27 2426.93 78.15 91.48 0.00 0.02 0.00 2.91
homstrad slectin 5 5 133.4 142 33.3 91.6 92.0 82.5 86.5 0.0590 0:00:00 107.78 2426.92 78.20 91.83 0.00 0.02 0.00 2.89
homstrad GEL 5 5 118.6 150 23.7 71.3 68.9 37.0 51.0 0.0729 0:00:00 107.71 2426.93 78.20 91.84 0.00 0.02 0.00 2.84
homstrad kringle 9 9 82.8889 100 43.3 95.5 94.0 78.7 87.0 0.0601 0:00:00 107.55 2426.93 78.20 87.30 0.00 0.02 0.00 2.86
homstrad p450 12 12 408 512 20.8 74.5 75.1 37.9 48.0 0.5151 0:00:00 107.25 2426.92 105.05 105.28 4.00 0.02 0.00 2.93
homstrad gpdh 8 8 338.75 360 55.1 95.5 95.3 85.8 89.5 0.1842 0:00:00 107.14 2426.92 78.18 87.51 0.00 0.02 0.00 2.93
homstrad int 5 5 192 219 22.5 91.2 91.2 75.2 82.0 0.0358 0:00:00 64.04 158.13 42.75 48.10 0.00 0.02 0.00 0.21
homstrad KAS 6 6 344.667 404 31.7 87.3 87.2 71.0 77.6 0.1446 0:00:00 107.71 2426.93 78.32 91.88 0.00 0.02 0.00 2.90
homstrad trfl 7 7 526.286 702 61.9 96.8 96.7 91.9 92.9 0.3414 0:00:00 105.33 2426.92 103.16 103.40 0.00 0.02 0.00 2.89
homstrad TNF 5 5 149.6 176 32.0 84.0 83.8 61.8 65.1 0.0650 0:00:00 107.40 2426.91 78.17 91.76 0.00 0.02 0.00 2.94
homstrad scorptoxin 8 8 64.75 74 46.3 92.9 92.2 78.1 84.0 0.0545 0:00:00 107.44 2426.93 78.16 87.34 0.00 0.02 0.00 2.87
homstrad aldosered 7 7 310.857 386 41.6 91.1 90.1 66.2 72.4 0.1615 0:00:00 107.39 2426.93 78.09 87.14 0.00 0.02 0.00 2.91
homstrad rrm 20 20 86.65 157 22.9 81.2 79.1 21.6 32.0 0.1369 0:00:00 107.77 2426.93 101.29 103.38 0.00 0.02 0.00 2.89
