ext_homfam_large CH 44833 4 101.255 143 22.6 79.3 84.6 61.2 66.5 443.3608 0:07:23 800.22 12754.08 766.06 770.28 0.00 2.02 842.12 3745.17
ext_homfam_large fkbp 98017 4 91.5776 126 47.3 72.6 91.3 44.2 46.2 1297.7760 0:21:37 3851.35 33984.00 3817.73 3821.87 0.00 4.40 829.06 10763.95
ext_homfam_large cyclin 52844 3 108.15 288 16.3 51.8 52.7 40.6 44.1 763.0222 0:12:43 993.27 7679.49 959.69 963.40 0.00 2.33 944.15 7212.97
ext_homfam_large DUF170 58645 3 71.4808 89 21.8 32.1 52.6 22.7 23.7 511.6140 0:08:31 627.52 7322.18 594.12 598.20 0.00 2.53 855.21 4386.40
ext_homfam_large citrate_synt 69185 3 306.645 452 30.2 72.1 82.1 60.7 64.4 2940.8316 0:49:00 3901.67 26828.21 3868.08 3871.78 0.00 545.96 564.65 20.92
ext_homfam_large ACPS 58467 3 91.2324 122 16.7 39.5 47.1 20.0 20.4 709.8280 0:11:49 3051.71 7799.13 2169.17 2593.27 0.00 2413.89 965.12 14.57
ext_homfam_large cbp 47126 8 26.6756 200 38.3 68.8 70.5 0.0 0.0 177.6836 0:02:57 661.11 7453.77 627.69 632.47 0.00 7.41 202.98 7.11
ext_homfam_large rnh 76222 3 122.222 161 34.3 75.6 78.3 60.7 61.7 1188.9168 0:19:48 1773.48 8296.69 1740.09 1743.69 0.00 3.36 873.49 10389.84
ext_homfam_large Fapy_DNA_glyco 41627 4 111.499 279 40.3 91.2 92.1 81.2 84.0 520.2979 0:08:40 769.35 9452.93 736.00 739.61 0.00 1.84 874.38 4560.99
ext_homfam_large DAHP_synth_1 64082 3 259.458 375 25.6 67.0 67.3 49.4 52.7 2129.5252 0:35:29 1407.89 7742.43 1374.47 1378.09 0.00 2.89 595.75 12691.48
ext_homfam_large Glyco_hydro_18_D2 70609 4 284.482 91 23.5 17.2 23.1 0.0 0.0 4506.4892 1:15:06 5847.02 28182.54 5812.55 5816.22 0.00 3.18 1023.85 46143.56
ext_homfam_large dutpase 45714 3 116.124 138 28.6 69.1 77.1 55.8 57.4 509.8381 0:08:29 722.97 7397.20 689.34 693.03 0.00 2.05 850.20 4340.89
ext_homfam_large DHOdehase 70950 4 232.402 396 26.1 74.0 78.1 56.3 61.9 2212.2758 0:36:52 2741.95 26328.58 2707.60 2711.30 0.00 3.20 684.28 15141.78
ext_homfam_large Glyco_hydro_18_D1 70609 4 284.497 444 28.1 53.9 70.0 28.2 33.3 4345.5029 1:12:25 2831.55 16851.78 2797.33 2800.98 0.00 715.61 937.71 24.83
ext_homfam_large Asp_Glu_race_D 76399 4 200.362 123 17.8 13.7 46.4 0.0 0.0 2008.9359 0:33:28 1948.92 7901.80 1915.37 1919.61 0.00 319.68 698.24 16.31
ext_homfam_large Bacterial_PQQ 64175 3 31.747 635 44.1 92.2 91.0 83.3 86.7 384.8313 0:06:24 1282.31 8041.72 1248.89 1252.47 0.00 2.86 557.71 2160.53
ext_homfam_large GAL4 82674 3 34.7695 49 48.9 100.0 100.0 100.0 100.0 503.6468 0:08:23 1676.75 8401.58 1643.61 1647.21 0.00 3.46 626.13 3164.42
ext_homfam_large PEP-utilizers 59219 3 73.0971 154 36.6 85.0 84.5 74.0 74.8 462.9586 0:07:42 925.26 7953.46 887.15 891.91 0.00 2.72 666.74 3093.58
ext_homfam_large RuBisCO_large 80140 7 241.993 342 50.4 89.5 89.7 61.3 63.2 2382.2860 0:39:42 1550.16 18161.87 1515.85 1519.47 0.00 3.46 462.99 11034.28
ext_homfam_large Bac_DNA_binding 54315 4 86.796 101 33.0 88.9 96.9 81.1 83.2 498.4541 0:08:18 594.07 7272.78 560.75 564.37 0.00 2.35 733.91 3666.85
ext_homfam_large ung 82384 3 152.042 235 48.3 96.0 96.9 93.7 93.9 1508.3083 0:25:08 1906.12 8425.24 1868.02 1871.61 0.00 3.73 792.38 11956.43
ext_homfam_large myb_DNA-binding 72066 5 45.6103 61 40.7 81.0 94.0 62.5 70.1 418.1462 0:06:58 1007.74 7718.43 974.11 977.72 0.00 3.15 648.87 2724.58
ext_homfam_large msb 69329 8 103.238 158 26.6 49.9 73.7 17.2 22.3 1273.7685 0:21:13 2776.01 25496.64 2742.45 2746.15 0.00 3.16 1280.49 16315.31
ext_homfam_large ARM 41154 3 37.9796 486 28.5 31.6 33.0 7.5 7.6 190.7137 0:03:10 454.67 7245.86 421.70 425.29 0.00 1.84 704.90 1359.96
ext_homfam_large tRNA_bind 60715 3 96.4105 128 22.8 55.6 63.2 39.3 41.6 607.7587 0:10:07 636.18 7279.80 602.75 606.87 0.00 5.28 653.95 7.84
ext_homfam_large sodfe 69746 8 89.9976 219 42.3 83.1 83.2 51.2 54.1 626.1827 0:10:26 1058.11 7681.50 1024.43 1028.08 0.00 3.07 748.45 4693.13
ext_homfam_large Glyco_hydro_2 54968 3 98.0938 129 10.6 7.3 9.5 6.2 2.6 831.7438 0:13:51 1721.09 7620.21 1687.69 1691.91 0.11 567.89 1148.67 14.84
ext_homfam_large Orn_DAP_Arg_deC 67331 3 234.09 179 77.6 96.5 95.6 93.5 94.0 2411.2808 0:40:11 2281.32 18378.40 2247.12 2250.81 0.00 3.08 737.56 17787.23
ext_homfam_large LIM 46552 5 54.4262 86 52.8 97.9 97.9 89.0 96.8 259.7276 0:04:19 790.09 7546.35 756.67 760.30 0.00 2.09 787.55 2060.07
ext_homfam_large TIG 45878 6 77.2108 88 55.4 91.9 94.9 73.6 74.9 588.1635 0:09:48 752.16 7478.64 718.77 722.96 0.00 2.10 1175.28 6924.67
ext_homfam_large Lum_binding 56467 4 84.6084 114 27.1 63.1 82.9 40.9 47.5 511.1114 0:08:31 670.39 7356.69 637.29 640.87 0.00 5.81 669.16 7.80
ext_homfam_large DHH 60101 3 146.145 189 66.5 53.3 69.6 31.2 31.3 1076.2541 0:17:56 1778.79 7984.54 1745.47 1749.70 0.00 125.07 863.14 11.53
ext_homfam_large EGF_Lam 75793 3 45.7537 61 33.9 57.9 66.1 40.4 47.6 467.9258 0:07:47 1066.23 19079.71 1032.46 1036.07 0.00 3.50 733.08 3437.22
ext_homfam_large Adenylsucc_synt 44036 3 378.745 441 56.1 96.3 98.4 94.2 95.2 2188.4038 0:36:28 3060.10 7752.86 1379.17 1383.29 0.11 67.90 564.69 13.39
ext_homfam_large KISc 60991 4 282.977 412 45.1 83.8 90.3 71.7 75.3 3103.2026 0:51:43 4826.22 26537.46 4792.63 4796.83 0.16 2467.61 1048.19 36.03
ext_homfam_large ferritin 65240 4 132.879 173 60.4 99.9 100.0 99.4 99.9 926.7367 0:15:26 758.43 13526.18 724.93 729.05 0.00 2.93 700.24 6494.33
ext_homfam_large RNase_HII 44930 3 178.359 228 40.1 80.3 91.6 74.3 76.9 885.4243 0:14:45 1103.74 7698.64 1070.26 1074.35 0.00 2.04 778.89 6903.91
ext_homfam_large peroxidase 68141 5 261.962 383 37.3 80.5 82.8 49.6 52.1 2656.5597 0:44:16 2513.48 20258.07 2479.58 2483.19 0.00 3.08 673.38 17893.23
ext_homfam_large asp 47635 13 273.267 381 37.5 77.7 87.6 43.9 46.2 2689.8981 0:44:49 3885.83 21281.45 3852.00 3856.14 0.00 644.57 1239.46 21.28
ext_homfam_large flav 59460 6 126.005 183 35.0 78.2 82.2 46.3 53.8 861.7598 0:14:21 1757.51 7630.45 1724.36 1728.05 0.00 308.98 739.87 12.88
ext_homfam_large ptpase 46221 3 166.676 311 39.2 86.2 87.6 78.6 79.9 1099.3508 0:18:19 2574.76 20040.91 2541.23 2545.42 0.00 2.10 1166.14 12826.43
ext_homfam_large PK 83424 4 231.495 524 47.5 94.5 94.4 86.2 90.9 2712.0578 0:45:12 4132.83 30243.56 4099.16 4103.35 0.00 3.76 606.84 16463.31
ext_homfam_large ghf18 70610 5 284.494 349 19.9 33.3 45.7 4.6 5.1 4391.6405 1:13:11 5801.20 28272.00 5767.71 5771.41 0.00 2657.84 999.53 40.06
ext_homfam_large cat3 87444 4 213.469 256 24.8 71.4 71.3 40.3 42.6 2221.7456 0:37:01 3383.20 30599.99 3349.50 3353.10 0.00 122.30 656.10 15.12
ext_homfam_large sh3 64226 20 45.6022 115 31.9 88.3 91.2 48.3 73.4 387.5430 0:06:27 744.91 12429.83 711.46 715.54 0.00 2.88 766.25 2982.01
ext_homfam_large Pro_CA 43482 4 143.131 268 39.2 89.8 88.5 77.0 81.4 634.2497 0:10:34 798.93 7444.90 765.38 769.02 0.00 1.98 782.25 4971.20
ext_homfam_large CUB 61058 3 102.6 114 41.7 94.8 94.8 90.9 92.0 863.6235 0:14:23 1761.53 7992.73 1728.22 1731.95 0.00 644.67 1207.43 15.95
ext_homfam_large cyclo 94131 6 150.667 203 44.1 70.4 87.5 41.8 45.7 2107.3430 0:35:07 4218.83 33890.77 4185.01 4188.70 0.00 1345.48 1247.21 24.94
ext_homfam_large Methyltransf_1 83642 3 76.3578 184 28.8 15.6 24.9 0.0 0.0 721.5847 0:12:01 791.30 7400.47 757.87 761.96 0.00 3.71 768.13 5548.88
ext_homfam_large tim 51027 10 220.35 260 47.5 93.2 97.6 81.9 85.9 1407.1692 0:23:27 957.78 15606.36 853.79 857.49 0.00 2.24 701.24 9873.34
ext_homfam_large PH 81662 13 97.5814 228 16.6 21.3 30.5 0.0 0.0 1396.2368 0:23:16 1387.67 8399.82 1354.12 1357.78 0.00 3.70 968.34 13525.15
ext_homfam_large uce 47029 13 120.381 184 34.0 81.5 90.2 34.3 39.6 597.3357 0:09:57 653.03 7313.12 619.18 622.87 0.00 2.04 951.58 5691.61
ext_homfam_large igps 76266 3 215.593 276 19.3 23.9 25.1 0.0 0.0 2411.5449 0:40:11 3294.25 28242.39 3259.99 3264.09 0.00 3.41 678.83 16375.05
ext_homfam_large hom 48083 8 52.118 98 35.3 67.7 74.1 15.9 18.2 248.3500 0:04:08 690.18 7444.27 656.67 660.78 0.00 2.12 756.44 1892.60
ext_homfam_large ligase-CoA 45322 3 119.659 183 29.2 71.8 68.9 50.7 54.0 544.0404 0:09:04 718.24 12444.40 684.38 688.50 0.00 2.09 645.55 3521.85
ext_homfam_large aadh 92451 8 164.389 542 38.2 79.5 79.8 43.5 48.2 2082.5449 0:34:42 2409.89 21677.18 2375.99 2379.71 0.00 4.20 648.73 13514.64
ext_homfam_large Sulfotransfer 56833 5 211.235 381 26.2 69.9 78.4 42.9 52.5 2523.6007 0:42:03 1799.50 8257.56 1766.21 1770.42 0.00 2254.79 1388.00 31.91
ext_homfam_large Ribosomal_L6_D 53998 4 72.9764 103 17.8 49.5 50.3 23.4 26.7 418.4536 0:06:58 639.47 7342.27 606.09 610.86 0.00 2.38 691.35 2903.56
ext_homfam_large S_100 51521 6 27.8658 103 34.3 75.1 75.0 44.9 47.9 201.6537 0:03:21 1021.46 7802.87 988.00 991.59 0.00 2.25 366.22 751.42
ext_homfam_large LDLa 74332 4 36.1029 48 45.6 88.6 89.0 79.1 84.6 438.8854 0:07:18 1825.61 7659.33 1791.53 1795.76 0.00 149.33 626.82 10.28
ext_homfam_large proteasome 59434 17 167.998 309 21.7 67.6 69.4 26.9 32.4 1108.2995 0:18:28 1143.00 7662.95 1109.14 1112.83 0.00 2.63 728.20 8076.14
ext_homfam_large Cu_nir 56602 3 123.831 337 72.9 100.0 100.0 100.0 100.0 961.4695 0:16:01 1031.54 7643.13 997.92 1002.08 0.00 2.53 826.48 7953.60
ext_homfam_large egf 93003 12 30.3664 71 31.1 66.1 68.3 13.2 22.9 542.7813 0:09:02 1322.23 8031.66 1288.73 1292.34 0.00 20.00 438.64 8.39
ext_homfam_large csp 69967 3 61.2304 70 67.2 98.0 98.0 97.0 97.0 474.7846 0:07:54 1472.16 8159.96 1438.88 1442.54 0.00 3.04 734.79 3497.89
ext_homfam_large cat 51685 3 333.558 730 44.4 94.1 94.1 88.9 91.8 2273.3097 0:37:53 1458.08 7773.31 1424.28 1427.96 0.00 2.36 477.96 10869.55
ext_homfam_large porin 49455 4 262.201 361 24.6 43.5 49.9 19.8 19.8 2018.4347 0:33:38 1225.88 8840.95 1192.59 1196.23 0.00 2.23 697.25 14078.21
ext_homfam_large parv 47125 7 26.6651 109 55.6 68.9 83.3 35.8 34.7 176.4006 0:02:56 764.61 18981.81 730.82 734.45 0.00 2.06 607.49 1088.07
ext_homfam_large FAD-oxidase_C 93603 4 227.568 367 10.8 29.0 28.8 4.9 5.6 3018.9602 0:50:18 4384.65 32589.61 4350.50 4354.19 0.00 4.31 706.95 21348.24
ext_homfam_large EFTU_C 47040 3 85.1735 107 53.8 98.6 100.0 97.8 97.8 355.8410 0:05:55 552.91 7263.34 519.38 523.50 0.00 2.05 563.23 2016.16
ext_homfam_large ghf5 62230 6 234.799 470 17.8 37.7 42.3 9.3 13.2 3226.9715 0:53:46 4179.35 24928.02 4145.76 4149.95 0.12 297.32 1049.69 18.01
ext_homfam_large Glyco_hydro_18 70609 4 284.501 534 27.6 74.1 81.0 54.6 61.4 4982.7762 1:23:02 5725.96 29794.09 5691.65 5695.28 0.00 14428.95 984.51 45.79
ext_homfam_large MoCF_biosynth 99836 4 143.205 203 28.2 67.3 73.3 38.5 45.7 1770.3220 0:29:30 3468.64 33923.65 3433.95 3437.66 0.00 538.33 711.42 18.28
ext_homfam_large phs 46393 3 513.488 890 45.3 96.0 95.5 92.0 93.5 4252.5243 1:10:52 1826.12 7949.74 1792.57 1796.73 0.00 2.14 420.75 17897.26
ext_homfam_large cpa 58140 4 202.33 333 46.2 48.8 59.8 3.6 3.7 2152.6071 0:35:52 1705.44 8176.19 1671.69 1675.82 0.00 2.62 978.69 21071.18
ext_homfam_large EF_TS 47306 3 145.243 217 29.0 59.3 64.8 33.3 33.3 868.2647 0:14:28 697.11 7323.06 663.61 667.83 0.00 2.14 684.18 5949.12
ext_homfam_large ccH 87847 4 53.8964 65 34.7 63.6 76.8 45.8 45.8 727.9957 0:12:07 841.07 7841.73 807.68 811.31 0.00 4.06 847.20 6175.71
ext_homfam_large LMWPc 76645 3 129.111 161 54.3 99.1 99.1 98.7 98.7 1120.2192 0:18:40 1267.06 9240.81 1233.54 1237.17 0.00 3.40 829.09 9292.19
ext_homfam_large COX3 67464 3 195.409 278 31.5 74.9 78.4 67.8 64.6 1638.3960 0:27:18 1185.50 11258.83 1150.70 1154.33 0.00 2.98 606.74 9945.56
ext_homfam_large KAS 47886 6 138.716 404 31.7 80.2 79.5 53.5 62.6 745.3195 0:12:25 1117.21 7748.55 1083.89 1087.51 0.00 2.15 737.75 5507.03
ext_homfam_large DNA_pol3_beta 97572 3 113.738 138 11.6 77.5 82.7 68.0 69.8 1413.3813 0:23:33 2861.56 32673.39 2827.64 2831.89 0.09 92.31 847.50 12.70
ext_homfam_large laminin_G 43331 4 123.858 213 18.3 58.2 56.1 35.4 42.8 877.7810 0:14:37 48565.09 53703.85 1391.80 2826.61 0.00 41.36 997.02 36.06
ext_homfam_large MM_CoA_mutase 72484 4 104.911 193 32.4 79.8 79.2 62.9 67.4 997.0126 0:16:37 844.65 7653.29 810.83 814.99 0.00 3.25 896.10 8939.73
ext_homfam_large pgk 46729 4 347.047 435 51.4 90.9 97.0 84.9 87.0 2193.1367 0:36:33 1390.27 7755.71 1356.31 1360.48 0.00 2.08 633.05 13888.84
ext_homfam_xlarge Peptidase_M24 172250 4 215.363 363 22.1 65.3 69.1 45.9 51.3 6467.6353 1:47:47 10133.82 57588.06 10100.29 10103.95 0.05 7780.32 697.25 71.43
ext_homfam_xlarge xia 209226 6 231.707 398 69.1 97.7 97.7 92.1 93.1 13790.6492 3:49:50 14828.71 69275.73 14795.13 14798.79 24.00 30361.09 823.17 302.73
ext_homfam_xlarge TPR 125824 6 32.084 237 17.0 34.2 33.4 0.0 0.0 980.7412 0:16:20 2639.81 9292.07 2606.47 2610.07 0.00 5.53 405.47 3982.25
ext_homfam_xlarge HMA 121128 3 57.6601 72 28.4 95.2 96.1 93.1 92.8 1031.7337 0:17:11 2655.04 20621.44 2621.60 2625.19 0.00 5.27 707.86 7307.84
ext_homfam_xlarge Ald_Xan_dh_2 200468 6 271.37 885 31.8 74.5 75.6 54.2 58.8 11237.0651 3:07:17 15464.32 68476.56 15430.67 15434.30 0.15 7647.41 648.77 122.50
ext_homfam_xlarge CPSase_L_chain 105928 4 104.716 143 23.0 69.4 72.0 50.8 51.8 1462.5993 0:24:22 1671.53 8120.99 1638.12 1641.71 0.00 4.64 680.14 9951.29
ext_homfam_xlarge ATP-synt 197504 4 146.75 535 36.5 77.5 76.2 59.8 66.0 4773.0047 1:19:33 9672.52 62081.54 9638.77 9642.42 0.06 301.45 526.06 32.94
ext_homfam_xlarge Ald_Xan_dh_1 227053 6 66.8665 205 43.4 90.1 90.0 78.4 77.8 2185.0482 0:36:25 6318.48 67055.69 6285.27 6290.04 0.00 10.00 699.97 15298.77
ext_homfam_xlarge LRR 124140 3 21.1644 485 38.1 49.1 47.9 30.7 20.1 742.1796 0:12:22 2179.25 9256.18 2145.80 2149.98 0.00 133.25 398.83 12.57
ext_homfam_xlarge ghf1 107507 8 381.152 562 38.4 79.0 85.9 47.9 54.3 6797.5265 1:53:17 7552.99 38889.20 7518.96 7522.66 0.00 3145.12 636.32 57.51
ext_homfam_xlarge rvp 198002 6 90.8504 132 36.6 71.4 73.4 45.9 51.8 2596.9605 0:43:16 4633.82 48347.00 4600.44 4604.55 0.00 8.11 447.91 11636.44
ext_homfam_xlarge lyase_1 140178 5 285.639 511 30.9 81.9 82.4 62.8 66.7 6096.1795 1:41:36 4194.71 46296.98 3545.68 3549.32 0.20 6917.96 487.99 39.20
ext_homfam_xlarge ldh 192821 14 145.613 371 31.9 50.1 59.2 0.0 0.0 4119.2863 1:08:39 8421.71 60999.56 8388.11 8391.72 0.04 3370.20 697.83 52.32
ext_homfam_xlarge subt 169430 11 276.407 414 39.5 44.9 56.8 3.3 0.1 23684.0199 6:34:44 20521.69 69369.48 20487.70 20491.45 0.00 168127.75 1130.05 1081.31
ext_homfam_xlarge inositol_P 101015 3 234.461 448 19.9 43.9 52.4 26.9 32.8 3988.2753 1:06:28 6016.30 35770.50 5982.63 5986.30 0.00 644.05 888.14 25.71
ext_homfam_xlarge Toprim 117099 3 104.453 139 19.1 46.5 51.6 30.4 38.7 1489.7900 0:24:49 1804.29 8603.15 1770.04 1773.64 0.00 5.25 684.94 10209.46
ext_homfam_xlarge blm 234666 8 288.271 274 39.1 86.0 94.6 56.6 58.8 22295.0935 6:11:35 21828.67 81621.29 21791.86 21795.46 0.28 148135.05 916.62 975.08
ext_homfam_xlarge cox 206585 4 191.297 661 32.2 54.2 52.2 24.4 26.6 6990.6030 1:56:30 12187.28 68551.08 12150.63 12154.29 0.17 18258.44 807.00 125.29
ext_homfam_xlarge tRNA-synt_2b 158768 5 222.601 467 18.7 40.0 44.5 14.5 20.5 6028.3659 1:40:28 8754.64 52093.30 8720.81 8725.01 0.26 1803.27 602.43 46.23
ext_homfam_xlarge UPF0076 125187 3 113.476 129 45.4 81.1 88.2 71.0 71.4 1836.0054 0:30:36 4240.95 35218.41 3191.29 3195.42 0.07 120.09 740.32 15.12
ext_homfam_xlarge Nitroreductase 151688 3 145.346 273 21.4 57.8 71.1 44.5 48.7 4376.9752 1:12:56 6690.26 48574.29 6655.92 6659.45 0.00 616.35 725.90 31.60
ext_homfam_xlarge S4 131028 3 44.4202 48 44.2 100.0 100.0 100.0 100.0 787.7875 0:13:07 1256.80 7844.46 1223.36 1226.99 0.00 5.69 597.86 4714.63
ext_homfam_xlarge icd 101244 5 327.38 433 41.7 89.1 92.4 74.9 77.4 4698.5892 1:18:18 7733.58 35656.45 5810.49 5814.72 0.00 136.39 554.75 27.43
ext_homfam_xlarge galpha 148827 3 160.363 337 52.5 93.8 96.0 90.7 91.0 4795.2676 1:19:55 11032.43 54442.06 10999.10 11003.20 0.07 7126.39 918.75 245.47
ext_homfam_xlarge NTP_transferase 234612 4 220.704 311 32.3 77.2 76.9 60.5 62.3 10452.3508 2:54:12 12442.18 72220.39 12408.08 12412.29 0.30 16981.04 756.82 135.77
ext_homfam_xlarge fer2 166512 13 64.0801 119 45.3 76.8 79.2 26.7 31.6 1493.2251 0:24:53 2681.98 36638.59 2648.39 2652.53 0.00 7.28 716.22 10699.00
ext_homfam_xlarge transketolase_C 135540 3 112.745 164 25.7 67.8 65.6 46.0 48.0 1936.2527 0:32:16 3477.57 42382.45 3443.76 3447.46 0.00 6.21 692.15 13406.62
ext_homfam_xlarge ace 146203 6 256.61 601 37.3 57.7 72.6 30.6 32.0 9992.4313 2:46:32 13602.27 55299.63 13568.40 13572.07 0.00 86625.47 1122.62 475.67
ext_homfam_xlarge PGAM 200162 3 150.289 261 44.3 87.7 88.1 79.5 82.2 5665.3137 1:34:25 9997.45 62787.15 9963.54 9967.21 0.02 14311.37 864.42 124.38
ext_homfam_xlarge fer4 167880 14 21.0592 179 33.3 29.4 33.7 0.0 0.0 1228.4931 0:20:28 3572.07 10207.53 3538.91 3543.05 0.00 7.22 371.76 10.08
ext_homfam_xlarge mle 198305 3 159.65 379 28.2 71.9 73.0 54.7 56.0 5259.5035 1:27:39 9340.60 63329.05 9307.31 9311.05 0.00 14653.49 719.74 66.49
ext_homfam_xlarge serbact 214135 5 181.194 205 52.5 89.4 92.2 71.7 75.2 9695.7979 2:41:35 14517.31 70881.62 14483.56 14487.33 0.00 136197.82 1067.01 794.47
ext_homfam_xlarge COX2 113644 3 91.1234 293 30.5 38.9 50.0 16.9 23.4 1138.6411 0:18:58 2818.39 36721.44 2784.08 2788.20 0.19 496.01 680.05 15.93
ext_homfam_xlarge Mur_ligase_C 128718 3 77.2071 149 17.5 37.2 37.4 23.1 25.6 1249.2468 0:20:49 2198.65 9377.32 2165.04 2168.63 0.00 5.85 778.16 9725.21
ext_homfam_xlarge GAF 244682 3 129.555 201 16.3 32.1 54.3 18.3 19.7 9510.3187 2:38:30 12704.07 76336.43 12669.98 12673.69 0.00 60592.37 1018.39 240.27
ext_homfam_xlarge adk 113057 9 146.734 301 32.6 64.7 67.3 12.2 14.8 2134.6654 0:35:34 2228.13 19067.53 2194.82 2199.07 0.00 673.18 787.52 21.52
ext_homfam_xlarge Rhodanese 240100 6 96.8885 216 22.7 63.4 67.2 24.5 26.6 4164.2243 1:09:24 8751.48 72198.46 8717.82 8721.50 0.00 5680.51 847.54 89.38
ext_homfam_xlarge alpha-amylase 226460 23 220.82 780 23.2 45.7 49.8 4.9 10.4 9680.5870 2:41:20 14819.53 75255.95 14784.95 14788.62 0.16 11897.54 696.64 145.52
ext_homfam_xlarge transket_pyr 146288 3 168.402 236 26.5 63.4 66.5 40.8 45.9 3071.0408 0:51:11 5222.45 46240.14 5188.93 5192.60 0.00 161.74 593.81 19.77
ext_homfam_xlarge reductases 229913 7 97.3646 358 22.1 62.5 61.3 31.6 41.3 3419.0067 0:56:59 8695.34 69320.52 8660.03 8663.75 0.00 3330.96 768.46 57.81
ext_homfam_xlarge RuBisCO_large_NC 115109 7 201.689 496 50.2 92.1 92.0 67.4 70.6 2998.8252 0:49:58 2300.77 14965.92 2206.45 2210.16 0.00 13787.18 479.34 35.98
ext_homfam_xlarge cytc 195303 11 88.0563 138 44.5 66.4 83.4 25.0 23.3 3308.4789 0:55:08 7060.23 59432.51 7024.70 7028.85 0.08 8305.09 825.69 59.72
ext_homfam_xlarge chorismate_bind 138684 3 210.116 521 46.8 84.1 83.9 71.3 73.1 4415.8379 1:13:35 6514.94 45720.77 6479.63 6483.34 0.00 10598.78 635.02 50.72
ext_homfam_xlarge biotin_lipoyl 161409 7 67.2255 112 28.9 87.8 89.9 60.0 62.3 1688.9411 0:28:08 3495.54 10087.71 3651.59 3655.17 0.00 7.17 614.01 10375.48
ext_homfam_xlarge C2 122466 3 95.8403 143 25.5 73.2 75.2 60.5 63.6 2494.8710 0:41:34 4772.68 40368.84 4738.95 4743.10 0.00 3027.93 935.44 47.75
ext_homfam_xlarge actin 226896 4 332.58 457 39.7 59.8 65.2 20.8 19.3 21636.3338 6:00:36 25054.02 85133.71 25020.29 25025.11 32.70 117774.98 744.20 917.65
ext_homfam_xlarge dCMP_cyt_deam 129481 3 99.138 136 24.2 46.1 53.1 32.1 25.1 1658.5988 0:27:38 2311.96 9399.70 2278.32 2282.00 0.00 541.76 784.69 19.23
ext_homfam_xlarge RING 109955 3 41.9605 64 25.9 47.5 76.2 38.7 39.5 750.6138 0:12:30 2333.21 8965.44 2299.79 2303.41 0.00 4.84 722.57 5428.19
ext_homfam_xlarge OTCace 130785 5 145.658 350 37.3 85.4 87.0 71.5 72.3 2263.9210 0:37:43 4451.11 42349.36 4531.16 4534.81 0.00 5.93 643.05 14561.75
ext_homfam_xlarge cdh 227063 3 89.2674 117 34.5 75.9 77.5 60.8 63.4 3511.9558 0:58:31 8332.66 69332.00 8297.54 8301.22 0.00 26958.91 822.64 76.84
ext_homfam_xlarge EFTU_2 115028 4 69.089 125 39.7 83.9 84.2 65.0 66.3 895.8342 0:14:55 1787.41 8610.19 1753.88 1757.49 0.00 5.21 649.69 5824.32
ext_homfam_xlarge NADHdh_2 152703 3 142.109 273 60.3 94.3 100.0 92.3 91.4 3388.3252 0:56:28 5918.27 48081.85 5884.35 5887.98 0.00 364.65 894.15 22.51
ext_homfam_xlarge PDZ 193638 6 67.4089 110 30.6 55.4 77.2 34.3 32.7 2436.2551 0:40:36 5758.19 58567.29 5723.93 5727.62 0.00 7368.54 729.63 58.16
ext_homfam_xlarge CPS 245767 3 174.884 278 25.4 86.2 90.2 80.2 80.2 6209.2658 1:43:29 10303.22 74825.25 10269.62 10273.28 0.20 3630.53 603.77 70.41
ext_homfam_xlarge AP_endonuc_2 209223 3 231.703 308 17.0 34.3 43.8 16.2 16.5 19354.0549 5:22:34 15877.36 69308.46 15843.49 15847.68 0.06 36497.46 759.06 557.83
ext_homfam_xlarge cyt5 195298 6 88.0548 93 50.2 70.6 77.0 34.5 37.6 3169.5217 0:52:49 7136.11 59942.50 7102.50 7106.68 0.02 3101.23 811.59 48.93
ext_homfam_xlarge gpdh 113214 8 125.638 360 55.1 95.5 95.4 88.0 90.2 1686.4769 0:28:06 1802.39 8155.38 1768.98 1773.08 0.00 5.04 636.33 10736.30
ext_homfam_xlarge dpo1 114725 4 253.361 726 32.6 69.2 68.3 50.8 54.3 5803.9152 1:36:43 8252.94 42207.10 8219.18 8223.38 0.20 7914.85 694.70 57.05
ext_homfam_xlarge lacI 147279 3 44.7033 65 41.8 91.0 88.8 82.1 85.9 1135.5316 0:18:55 3214.36 44551.51 3180.89 3184.48 0.00 6.35 526.29 5980.59
ext_homfam_xlarge int 140686 5 158.705 219 22.5 55.9 66.9 20.8 23.4 4729.8051 1:18:49 7394.50 46778.39 7360.89 7364.99 0.08 6529.72 1070.21 84.20
ext_homfam_xlarge asprs 233293 3 217.228 542 28.3 75.3 75.2 64.9 68.8 9788.4186 2:43:08 16422.11 77711.82 16388.53 16392.17 16.00 18205.67 639.60 123.43
ext_homfam_xlarge HGTP_anticodon 117450 6 87.6784 127 22.1 63.8 76.3 39.1 35.1 1333.8502 0:22:13 65954.95 71064.73 1868.15 3328.03 0.00 51.32 771.65 31.27
ext_homfam_xlarge pnp 113917 3 211.723 293 38.1 63.2 71.9 43.6 41.6 3841.6397 1:04:01 2807.11 11414.09 2773.41 2777.08 0.00 10235.75 778.07 47.94
ext_homfam_xlarge prt 224881 3 116.205 226 24.0 54.5 66.7 33.7 38.9 4500.6935 1:15:00 8208.20 67393.53 8174.27 8177.91 0.12 6098.14 722.64 196.84
ext_homfam_xlarge rrm 230657 20 63.9034 157 22.9 70.7 73.3 16.2 21.4 2778.3337 0:46:18 6470.06 68261.79 6436.73 6440.41 0.00 1937.82 727.30 41.86
ext_homfam_xlarge FAD_binding_4 194444 4 130.97 314 17.8 49.9 52.3 22.0 22.7 3489.7029 0:58:09 6808.57 59557.25 6773.88 6777.53 0.00 2543.24 712.11 50.05
ext_homfam_xlarge sermam 214157 27 181.2 309 37.5 58.8 73.5 16.0 18.5 10290.8910 2:51:30 14207.07 71473.82 14173.31 14176.98 0.00 126712.88 1080.26 1051.78
ext_homfam_small cytprime 8229 4 112.012 136 26.7 83.0 84.0 67.4 69.7 87.3571 0:01:27 193.35 7027.62 159.87 166.94 0.00 0.39 980.34 876.73
ext_homfam_small MIF 4369 3 104.545 118 51.8 98.8 99.4 98.2 98.2 33.1086 0:00:33 171.96 7032.76 138.57 142.73 0.00 0.02 127.06 62.54
ext_homfam_small ricin 2156 7 169.377 281 37.5 68.2 83.5 39.2 41.7 74.5481 0:01:14 150.29 7012.75 116.56 121.46 0.00 0.12 1197.74 911.16
ext_homfam_small PSI_PsaE 940 3 59.3223 78 74.0 99.0 99.0 98.6 98.4 3.4882 0:00:03 1270.62 6994.27 1264.00 1264.75 0.00 0.78 813.94 5.30
ext_homfam_small rnase 7246 3 80.1155 108 61.4 97.4 97.4 93.4 95.1 42.8755 0:00:42 159.29 7013.40 130.45 135.14 0.00 0.02 52.97 43.98
ext_homfam_small B 778 3 45.7172 56 78.1 100.0 100.0 100.0 100.0 2.4751 0:00:02 1268.26 6993.28 566.86 722.72 0.00 0.46 267.52 5.19
ext_homfam_small Yers_vir_YopE 269 3 66.5985 136 26.4 64.3 65.0 50.0 54.0 1.5331 0:00:01 2052.19 6918.46 2012.47 2029.09 0.00 0.12 3.28 5.40
ext_homfam_small cyt3 5521 6 77.3802 130 40.3 74.9 74.6 39.8 46.0 50.3556 0:00:50 309.15 7046.52 234.67 262.18 0.00 2.48 63.49 6.56
ext_homfam_small cyto 613 3 141.687 159 82.3 100.0 100.0 100.0 100.0 5.8984 0:00:05 2383.24 7035.83 2363.73 2370.12 0.00 0.25 1227.79 5.94
ext_homfam_small ins 3677 6 83.6742 74 44.9 74.5 90.7 26.1 36.2 31.7266 0:00:31 160.29 7044.75 126.62 130.28 0.00 0.18 580.42 198.57
ext_homfam_small pot 1950 4 60.5754 70 38.7 99.2 99.2 98.5 98.4 9.6227 0:00:09 1127.20 7008.33 1055.66 1085.20 0.00 1.07 1177.68 5.83
ext_homfam_small Levi_coat 207 4 100.246 135 46.9 91.0 91.0 79.2 81.7 2.0232 0:00:02 1260.10 6991.61 1226.47 1239.12 0.00 0.09 821.02 5.12
ext_homfam_small DNA_PPF 949 4 112.256 131 32.5 51.3 49.7 27.5 23.7 5.7604 0:00:05 1269.19 6998.77 1262.50 1263.33 0.00 1.11 543.17 5.57
ext_homfam_small phc 9471 12 122.04 179 37.2 92.3 94.3 75.4 79.3 93.8858 0:01:33 195.32 7044.11 162.13 167.76 0.00 0.42 472.95 463.52
ext_homfam_small mycin 586 4 93.6075 116 39.8 87.8 88.5 73.5 75.2 5.2118 0:00:05 1264.53 6993.24 610.91 682.06 0.00 0.83 1376.03 5.44
ext_homfam_small lta 1239 3 160.941 193 70.1 99.3 98.9 98.4 98.7 30.6403 0:00:30 137.78 7003.62 103.98 109.29 0.00 0.08 894.43 285.30
ext_homfam_small FN1 2335 3 37.3859 53 28.7 91.7 91.7 81.2 85.6 5.5771 0:00:05 1279.14 7005.04 924.77 944.54 0.00 3.58 856.54 6.16
ext_homfam_small DISIN 8237 3 73.6888 74 57.1 94.9 100.0 94.3 94.9 53.2806 0:00:53 190.02 7038.16 156.44 160.19 0.00 0.40 948.13 525.18
ext_homfam_small phoslip 4820 18 100.297 137 48.9 90.5 90.3 60.3 69.9 34.8868 0:00:34 164.16 7014.34 130.39 134.02 0.00 0.02 130.19 65.33
ext_homfam_small NO_synthase 5614 3 326.529 428 67.4 94.4 94.4 90.5 90.6 167.2144 0:02:47 216.21 7048.79 182.85 186.48 0.00 0.28 465.46 797.37
ext_homfam_small ngf 2408 4 90.5465 120 56.7 94.4 95.3 88.0 88.3 13.1024 0:00:13 143.96 7018.47 110.66 122.99 0.00 0.12 1006.42 142.79
ext_homfam_small THAUMATIN 9013 3 189.313 217 57.4 91.4 94.7 86.3 87.4 177.5370 0:02:57 223.99 7034.53 190.64 196.34 0.00 0.42 1137.10 2037.39
ext_homfam_small GATA 8389 3 33.5682 71 48.4 97.3 95.4 89.1 95.3 20.7461 0:00:20 191.25 7070.20 176.63 177.88 0.00 0.39 1007.72 222.32
ext_homfam_small TMV_coat 683 4 139.098 160 45.7 99.1 99.1 96.8 97.7 5.6073 0:00:05 1300.72 6997.17 1246.87 1267.49 0.00 0.05 744.38 4.97
ext_homfam_small MCR_beta 377 3 237.613 256 68.7 99.7 99.7 99.6 99.6 5.2484 0:00:05 1262.48 6995.99 1228.65 1238.46 0.00 0.78 638.73 5.59
ext_homfam_small EF1BD 4175 3 81.8137 91 30.1 84.3 86.3 76.7 76.5 25.3903 0:00:25 161.68 7048.59 128.27 135.33 0.00 0.21 383.53 114.23
ext_homfam_small Stap_Strp_toxin 3060 6 76.4301 254 32.5 64.7 63.6 27.2 29.6 16.6996 0:00:16 1286.71 7019.00 1253.06 1258.02 0.00 7.20 841.16 7.41
ext_homfam_small ghf22 4009 12 108.649 131 51.4 95.2 95.7 81.5 83.8 32.0856 0:00:32 162.04 7030.25 128.45 137.88 0.00 0.20 280.89 107.76
ext_homfam_small MCR_beta_NC 751 3 206.819 443 61.8 99.8 99.8 99.8 99.8 10.4783 0:00:10 1264.19 6998.80 1230.12 1237.42 0.00 0.32 756.31 6.00
ext_homfam_small ghf14 4290 3 304.267 529 44.3 90.0 88.9 80.0 83.3 123.3840 0:02:03 185.67 7029.27 151.94 155.61 0.00 0.21 732.64 924.31
ext_homfam_small BIR 8229 4 66.494 165 36.2 88.9 89.4 72.4 82.9 43.3806 0:00:43 195.24 7081.68 165.60 170.35 0.00 0.02 45.40 40.20
ext_homfam_small ENTH 7524 3 108.643 280 34.3 77.1 84.4 72.9 66.4 63.7666 0:01:03 176.16 7040.00 144.59 151.70 0.00 0.35 506.91 343.28
ext_homfam_small Colicin 1246 3 152.028 202 34.9 88.8 89.0 79.4 82.1 13.7733 0:00:13 2142.38 7003.91 2080.21 2104.84 0.00 0.57 828.88 7.12
ext_homfam_small bowman 521 5 23.5509 73 64.9 88.7 88.7 71.4 74.4 1.5725 0:00:01 1999.87 6919.38 1982.10 1987.82 0.00 0.15 2.57 5.38
ext_homfam_small hip 2423 5 59.9674 88 33.4 74.9 74.7 41.7 46.8 12.1361 0:00:12 1638.51 7019.71 1566.42 1594.42 0.00 1.32 937.44 5.96
ext_homfam_small mthinb 1143 3 57.9519 31 83.3 93.3 94.4 90.0 90.0 6.8094 0:00:06 1264.96 7000.50 90.51 322.20 0.00 0.07 667.77 5.14
ext_homfam_small leukocidin 1384 3 233.638 323 42.9 44.5 46.9 16.2 15.0 28.0568 0:00:28 141.75 7003.90 107.73 113.24 0.00 0.09 362.28 118.13
ext_homfam_small ghf7 7650 4 235.468 452 47.4 89.6 92.9 80.0 83.9 182.6816 0:03:02 253.34 7079.96 219.47 223.66 0.00 0.34 807.95 1495.37
ext_homfam_small ghf6 8342 3 272.548 373 39.3 76.8 78.3 61.3 63.4 249.3219 0:04:09 242.81 7062.06 209.25 212.84 0.00 0.40 665.14 1677.03
ext_homfam_small cks 1954 3 67.1433 102 65.2 98.6 98.1 95.9 97.6 9.2462 0:00:09 2200.34 7012.95 2134.97 2157.37 0.00 7.83 1258.08 6.56
ext_homfam_small sti 3191 5 157.281 198 36.4 73.3 81.2 50.5 54.6 52.3055 0:00:52 159.27 7013.05 125.64 129.36 0.00 0.16 1516.33 813.11
ext_homfam_small NTP_transf_2_2 3285 3 105.676 179 53.9 69.7 76.3 46.5 49.7 30.3883 0:00:30 159.92 7030.47 131.85 136.61 0.00 0.17 487.26 163.09
ext_homfam_small pp 570 3 33.5 36 48.1 100.0 100.0 100.0 100.0 1.6113 0:00:01 1858.11 6920.79 1839.64 1845.67 0.00 0.17 2.51 5.32
ext_homfam_small tgfb 9741 8 93.9962 118 43.8 76.2 82.1 33.3 42.4 68.9519 0:01:08 191.89 7027.38 158.10 161.81 0.00 0.46 465.00 340.58
ext_homfam_small intb 9453 6 104.183 162 29.8 54.3 57.5 19.5 20.3 80.7993 0:01:20 1699.19 7042.59 1519.48 1592.47 0.00 3.84 204.46 7.12
ext_homfam_small tbpc 7905 4 77.3722 193 60.7 50.3 66.6 2.2 1.1 51.1673 0:00:51 165.00 7015.86 136.18 140.34 0.00 0.02 49.57 47.16
ext_homfam_small cbm12 2252 3 24.5524 67 28.4 72.7 73.2 56.0 62.5 5.6439 0:00:05 635.91 7002.45 560.16 591.88 0.00 1.33 629.28 5.03
ext_homfam_small Bcl-2 3912 3 89.5153 201 36.1 97.0 96.6 92.5 95.9 29.5385 0:00:29 167.84 7046.42 134.24 141.32 0.00 0.20 455.17 150.20
ext_homfam_small CBM_20 9185 8 83.7415 120 51.8 87.0 87.0 58.3 61.3 74.2356 0:01:14 177.21 7021.19 147.60 151.72 0.00 0.43 520.85 406.94
ext_homfam_small MCR_alpha_N 1536 3 112.758 283 63.3 93.1 92.8 88.8 89.7 11.4607 0:00:11 968.83 7007.52 903.01 925.07 0.00 0.09 872.01 5.86
ext_homfam_small bv 1255 7 171.164 256 12.7 15.1 14.6 0.0 0.0 26.7502 0:00:26 132.47 7004.59 98.74 104.17 0.00 0.08 876.54 246.87
ext_homfam_small SAP 8609 3 32.5649 54 24.4 90.0 90.0 79.5 84.5 28.3303 0:00:28 223.50 7085.70 190.58 197.64 0.00 0.02 79.73 38.35
ext_homfam_small RuBisCO_small 5655 7 88.1202 166 46.2 92.2 91.6 75.7 77.5 31.1971 0:00:31 169.04 7019.19 135.36 140.91 0.00 0.02 126.96 59.53
ext_homfam_small Peptidase_S21 478 3 270.439 227 36.6 90.7 91.9 82.6 87.1 10.9017 0:00:10 1689.09 6999.58 1638.23 1657.33 0.00 0.88 790.86 6.05
ext_homfam_small adeno_fiber 374 3 157.821 201 51.7 92.4 91.9 86.1 88.6 3.6816 0:00:03 2320.17 6994.42 2277.34 2295.26 0.00 0.18 949.16 5.71
ext_homfam_small profilin 4934 5 121.89 144 39.7 89.4 89.9 72.7 75.1 54.3440 0:00:54 156.61 7024.74 125.07 129.23 0.00 0.23 1141.94 641.64
ext_homfam_small Binary_toxA 3993 3 150.797 228 26.6 78.8 80.4 66.7 72.0 196.8526 0:03:16 179.27 7026.80 145.59 149.25 0.00 0.20 1245.52 2472.61
ext_homfam_small P 4043 3 41.371 62 45.5 71.3 71.3 51.8 58.0 13.7216 0:00:13 1243.51 7042.84 1142.10 1181.97 0.00 1.87 1219.12 6.20
ext_homfam_small toxin 1618 20 70.8257 78 43.1 88.6 88.7 61.0 68.2 8.7113 0:00:08 4745.57 9413.29 1250.21 1505.54 0.00 2.97 1252.00 6.43
ext_homfam_small LuxS 9397 4 142.792 162 42.5 91.6 91.4 81.0 86.0 92.3331 0:01:32 212.89 7037.50 179.55 183.14 0.00 0.45 479.07 461.68
ext_homfam_small ghf11 4398 5 168.894 202 49.5 89.8 92.3 71.9 77.0 63.3983 0:01:03 161.11 7004.58 127.14 133.26 0.00 0.22 565.98 378.57
ext_homfam_small MMOB 1790 3 83.6235 99 35.5 83.8 82.2 75.8 81.5 10.3282 0:00:10 1907.71 7005.16 1844.23 1872.17 0.00 0.98 815.67 6.09
ext_homfam_small toxin_2 210 21 31.3619 48 41.3 89.6 87.9 31.1 35.1 1.1142 0:00:01 1487.28 6068.48 1470.15 1475.53 0.00 0.09 0.00 5.10
ext_homfam_small rnasemam 2891 6 111.153 141 42.2 87.9 88.7 59.7 68.1 23.6747 0:00:23 151.64 7031.43 117.82 121.46 0.00 0.15 846.92 214.81
ext_homfam_small planttoxin 2018 3 46.1749 49 55.3 89.3 90.7 83.0 83.2 8.8852 0:00:08 2011.90 7014.83 1945.85 1970.92 0.00 5.21 1105.07 7.16
ext_homfam_small ets 4318 4 75.8333 112 48.5 96.9 96.9 93.6 94.0 21.1429 0:00:21 154.34 7056.07 120.93 130.39 0.00 0.21 911.59 207.51
ext_homfam_small MCR_beta_N 377 3 174.379 187 52.4 100.0 100.0 100.0 100.0 4.1996 0:00:04 1264.04 6993.73 151.00 682.68 0.00 0.37 622.04 5.42
ext_homfam_small ALBUMIN 3177 3 162.429 201 21.6 82.9 83.5 73.0 75.4 36.0854 0:00:36 160.42 7012.92 126.96 130.57 0.00 0.02 76.16 49.04
ext_homfam_small ChtBD 5651 5 36.4148 45 59.3 94.0 95.1 83.7 85.0 21.5463 0:00:21 179.07 7047.28 176.62 177.83 0.00 0.26 905.43 207.75
ext_homfam_small Huristasin 2039 3 26.5738 56 38.3 80.8 81.9 71.2 71.9 5.4836 0:00:05 1273.25 7011.34 1167.10 1183.24 0.00 2.60 891.96 6.14
ext_homfam_small Cyclotide 393 3 28.0738 39 55.3 83.1 83.1 79.3 83.1 1.4561 0:00:01 1248.29 6918.84 1230.03 1236.41 0.00 0.11 3.44 5.04
ext_homfam_small ghf33 5352 4 11.2973 573 22.9 29.1 26.7 10.9 13.0 10.7367 0:00:10 654.62 7043.84 560.79 602.04 0.00 2.72 649.27 5.29
ext_homfam_small Cys-protease-3C 3922 3 153.845 219 28.2 78.8 77.6 66.1 67.2 47.6824 0:00:47 149.78 7001.89 119.45 126.37 0.00 0.02 58.01 48.43
ext_homfam_small thionin 287 3 44.3031 48 53.3 95.6 95.6 93.3 93.3 1.4951 0:00:01 2378.65 7031.25 2354.21 2362.88 0.00 0.12 3.36 5.58
ext_homfam_small UcrQ 1661 3 71.7074 94 44.3 91.9 91.9 84.0 86.8 7.7350 0:00:07 754.23 7012.11 712.91 727.87 0.00 0.79 1030.83 5.38
ext_homfam_small MCR_gamma 387 3 236.183 252 59.8 98.6 98.6 96.4 97.4 5.7607 0:00:05 1262.47 6993.99 787.41 805.98 0.00 0.80 639.12 5.56
ext_homfam_small Propep_M14 4977 4 69.9908 98 49.4 93.9 93.9 84.0 85.5 29.4831 0:00:29 164.58 7028.59 130.56 136.36 0.00 0.24 364.68 123.63
ext_homfam_small mthina 1143 3 57.9536 32 93.5 100.0 100.0 100.0 100.0 6.8493 0:00:06 1272.74 7002.06 1058.45 1155.46 0.00 1.68 902.05 5.94
ext_homfam_small CBD_3 3655 3 78.925 170 31.4 72.7 72.7 54.8 58.6 22.4829 0:00:22 155.20 7044.11 128.20 131.42 0.00 0.19 945.97 226.84
ext_homfam_small UCR_TM 1702 3 56.3255 76 47.4 85.9 85.5 74.3 78.6 7.3834 0:00:07 1456.90 6998.44 1395.12 1417.75 0.00 0.85 872.25 5.57
ext_homfam_small squash 207 4 32.8309 36 47.8 85.1 85.1 72.4 73.2 1.1633 0:00:01 1340.09 5921.37 1323.20 1328.50 0.00 0.09 0.00 5.02
ext_homfam_small trfl 6092 7 260.067 702 61.9 56.0 57.6 6.1 2.6 162.4321 0:02:42 212.82 7030.40 179.37 185.08 0.00 0.29 835.94 1376.93
ext_homfam_small TNF 4958 5 118.155 176 32.0 79.3 79.1 58.6 65.3 50.6381 0:00:50 158.04 7005.33 125.10 138.23 0.00 0.25 1286.20 672.46
ext_homfam_small E2_C 1119 3 76.0679 87 44.4 96.0 96.0 90.1 94.6 5.9722 0:00:05 2452.61 7196.11 2393.02 2414.92 0.00 2.50 1068.59 5.89
ext_homfam_small scorptoxin 894 8 49.4664 74 46.3 89.9 90.4 71.2 79.7 3.5900 0:00:03 1308.15 6999.80 1274.68 1288.78 0.00 1.37 1118.55 5.42
ext_homfam_small Colicin_Pyocin 3144 3 75.0945 87 58.2 88.0 88.3 85.1 86.7 16.8458 0:00:16 151.35 7026.88 117.73 124.74 0.00 0.16 961.48 174.87
ext_homfam_medium fibrinogen_C 21250 3 169.391 265 45.1 91.6 92.5 87.8 87.7 420.4304 0:07:00 531.13 7274.98 497.51 501.16 0.00 0.97 1266.37 5339.76
ext_homfam_medium chromo 22016 3 49.6303 90 23.0 57.1 68.2 30.4 35.6 120.0449 0:02:00 321.80 7144.17 288.43 292.02 0.00 0.97 1001.96 1221.43
ext_homfam_medium TIL 18392 4 55.1856 87 36.0 56.9 67.9 33.8 37.0 112.9697 0:01:52 274.08 7114.43 240.51 249.92 0.00 0.87 367.79 434.27
ext_homfam_medium gpr 30147 3 120.939 159 41.5 95.3 95.1 91.7 92.7 392.1901 0:06:32 387.08 7120.25 353.77 357.90 0.00 1.36 517.93 2045.06
ext_homfam_medium lamb 15484 3 336.803 465 43.5 74.8 76.0 58.6 62.4 627.9056 0:10:27 473.07 7172.87 439.15 443.39 0.00 0.70 564.84 3560.96
ext_homfam_medium MHC_II_N 31069 13 68.7297 96 30.8 53.9 56.4 11.6 11.0 179.6990 0:02:59 340.68 7120.30 307.14 311.90 0.00 1.28 737.31 1341.07
ext_homfam_medium aldose 13310 3 262.93 365 61.0 94.7 97.8 92.8 93.8 364.5974 0:06:04 304.04 7060.12 270.54 274.16 0.00 0.61 645.45 2370.14
ext_homfam_medium ghf10 20775 5 271.047 364 43.3 81.2 86.2 58.5 63.6 678.9893 0:11:18 1469.24 7160.42 1435.66 1439.84 0.00 852.82 991.29 10.37
ext_homfam_medium mofe 24946 6 365.099 609 30.0 40.3 51.4 4.7 1.1 1308.7949 0:21:48 773.88 7352.63 740.48 744.61 0.00 1.14 684.56 8967.99
ext_homfam_medium tln 32038 4 144.922 340 43.5 27.3 41.1 3.1 0.6 511.1426 0:08:31 642.14 7344.66 608.47 613.35 0.00 1.50 867.33 4446.02
ext_homfam_medium NiFeSe_Hases 26637 3 247.003 544 66.5 98.8 98.8 98.1 98.2 831.4524 0:13:51 4136.65 8799.32 659.93 1321.19 0.00 27.46 619.63 9.24
ext_homfam_medium RGS 19502 4 116.285 148 33.3 89.0 94.2 78.7 78.9 294.5797 0:04:54 1732.92 7129.20 1408.61 1554.43 0.00 7.52 983.04 7.87
ext_homfam_medium kazal 17772 6 41.3777 61 40.8 81.3 87.5 70.7 74.5 76.0616 0:01:16 224.03 7060.30 190.74 194.41 0.00 0.02 111.14 104.35
ext_homfam_medium rnr 31114 3 262.586 346 21.5 78.0 84.0 65.8 70.9 852.6903 0:14:12 610.87 7213.29 577.38 581.58 0.00 1.43 536.78 4582.82
ext_homfam_medium tms 37100 5 256.89 357 45.9 90.5 94.0 75.8 81.1 1121.2376 0:18:41 991.25 7545.38 957.59 961.28 0.00 1.67 687.60 7715.11
ext_homfam_medium fbpase 16163 4 171.943 356 67.9 91.4 91.4 78.0 81.4 248.9090 0:04:08 313.87 7090.04 280.51 285.31 0.00 0.74 780.10 1958.77
ext_homfam_medium cytb 31119 6 69.9154 100 35.6 73.7 78.7 51.1 55.5 227.3072 0:03:47 341.98 7120.45 308.66 312.82 0.00 1.36 907.44 2076.54
ext_homfam_medium mmp 21481 6 134.919 180 55.1 85.6 89.3 65.1 66.8 384.5364 0:06:24 336.64 7098.91 303.25 308.02 0.00 0.98 1026.02 3961.40
ext_homfam_medium ghf34 32170 3 321.333 402 36.9 89.8 89.4 83.2 84.2 1171.2111 0:19:31 612.02 7149.02 578.69 582.80 0.00 1.43 262.58 3081.97
ext_homfam_medium Band_41_M 17525 3 126.838 115 50.1 90.7 94.0 86.5 87.5 299.1028 0:04:59 460.61 7245.30 427.00 430.88 0.00 0.83 975.28 2934.79
ext_homfam_medium RRF 29754 4 159.391 192 40.2 89.9 89.1 77.4 78.8 513.7758 0:08:33 45420.18 50661.36 1393.68 2762.22 0.00 17.35 604.46 16.85
ext_homfam_medium sh2 30882 11 75.1949 128 35.0 67.4 85.0 29.8 37.3 213.1788 0:03:33 378.70 8107.73 344.81 349.08 0.00 1.41 959.69 2061.87
ext_homfam_medium Ribosomal_L1 33223 3 184.744 236 43.9 87.3 86.4 78.4 79.8 666.9904 0:11:06 606.95 7267.96 573.38 577.55 0.00 1.50 720.67 4813.38
ext_homfam_medium glnasn 33687 4 179.685 334 51.7 98.1 98.1 94.8 96.2 611.3493 0:10:11 614.42 7273.90 580.57 584.77 0.00 1.52 807.76 4948.37
ext_homfam_medium HLH 38900 5 52.2475 92 28.1 56.4 89.9 33.3 44.6 228.2035 0:03:48 1561.09 7177.80 1527.83 1531.55 0.00 524.84 721.53 9.77
ext_homfam_medium Filamin 25072 3 87.7086 122 36.0 68.0 79.1 46.1 49.3 279.3273 0:04:39 534.80 7315.75 501.47 507.20 0.00 1.18 967.14 2718.52
ext_homfam_medium recombinase 23584 3 39.2079 57 14.2 78.3 75.9 63.3 72.1 107.0481 0:01:47 279.97 7107.37 247.02 256.32 0.00 1.06 314.65 356.30
ext_homfam_medium dsrm 38153 3 63.8069 100 25.6 62.6 88.2 46.2 51.9 254.6920 0:04:14 434.24 7205.80 401.02 404.63 0.00 1.73 836.30 2144.70
ext_homfam_medium Ribosomal_L7Ae 20160 3 84.4274 126 21.8 74.8 75.2 63.9 65.8 144.2231 0:02:24 296.94 7098.67 263.81 273.17 0.00 0.89 925.45 1352.44
ext_homfam_medium bromodomain 32387 4 75.9541 145 34.3 82.8 83.7 70.5 73.4 248.9019 0:04:08 361.97 7132.75 328.58 332.18 0.00 1.46 927.38 2324.13
ext_homfam_medium Cu_bind_like 10512 3 79.2035 111 40.7 80.4 81.9 68.8 71.7 72.0606 0:01:12 186.12 7073.93 155.27 160.05 0.00 0.48 466.62 356.23
ext_homfam_medium DMRL_synthase 29673 5 134.887 182 33.2 85.5 90.5 65.1 74.5 388.5090 0:06:28 395.84 7119.09 362.66 367.42 0.00 4.15 577.98 7.03
ext_homfam_medium pec_lyase 14383 4 174.991 470 29.5 55.3 52.0 27.4 32.5 277.7266 0:04:37 336.05 7117.16 302.24 305.88 0.00 0.67 787.44 2204.00
ext_homfam_medium Band_41_N 17525 3 126.834 90 46.1 38.2 49.2 8.3 6.3 250.2470 0:04:10 365.27 7150.02 331.75 336.47 0.00 0.83 850.91 2147.00
ext_homfam_medium ltn 12156 12 211.455 282 49.9 83.4 87.5 54.5 61.8 322.5309 0:05:22 259.69 7055.10 226.56 232.25 0.00 0.55 1209.69 3918.72
ext_homfam_medium hpr 35890 5 77.3519 89 44.4 96.7 97.6 92.0 91.8 266.2582 0:04:26 482.07 7243.10 448.82 452.42 0.00 1.57 812.26 2177.71
ext_homfam_medium svmp 17105 3 173.137 201 57.6 100.0 100.0 100.0 100.0 294.8553 0:04:54 404.40 7171.00 370.63 374.36 0.00 0.79 1098.61 3255.74
ext_homfam_medium HMG_box 26550 5 64.2612 89 24.8 97.3 96.2 85.2 93.9 178.2062 0:02:58 331.47 7133.59 298.31 301.88 0.00 1.18 957.70 1723.52
ext_homfam_medium Cu_amine_oxid 27974 4 224.687 685 28.2 83.3 83.1 70.1 73.2 704.2922 0:11:44 724.50 7405.47 690.66 694.36 0.00 1.28 778.29 5492.66
ext_homfam_medium hexokinase 20736 3 203.323 459 46.7 30.0 48.1 0.0 0.0 471.7674 0:07:51 353.00 7100.32 319.38 323.49 0.00 0.94 826.46 3913.26
ext_homfam_medium ATP-gua_Ptrans 14968 3 151.565 385 49.2 94.6 94.3 90.2 91.4 205.1670 0:03:25 460.42 10081.66 426.42 431.23 0.00 0.67 828.50 1717.08
ext_homfam_medium fabp 21816 17 125.7 147 35.5 85.3 92.4 40.8 41.2 253.4801 0:04:13 309.17 7079.49 275.78 280.18 0.00 0.98 859.89 2195.88
ext_homfam_medium cah 24119 5 209.772 279 38.7 85.1 88.7 66.8 71.9 634.6513 0:10:34 625.87 7326.33 592.34 596.49 0.00 1.09 1099.70 6992.27
ext_homfam_medium ADF 12965 3 113.292 176 37.5 76.5 85.3 67.2 69.4 132.6423 0:02:12 228.11 7043.38 194.58 198.29 0.00 0.59 813.90 1098.70
ext_homfam_medium SRF-TF 13590 3 43.8623 85 43.9 92.0 93.7 89.3 88.1 47.8296 0:00:47 310.04 7157.02 279.17 283.33 0.00 0.02 45.17 42.93
ext_homfam_medium oxidored_q6 30094 5 121.008 285 56.7 93.5 95.2 82.0 83.7 329.5260 0:05:29 384.38 7119.86 351.19 356.82 0.00 1.36 779.40 2582.21
ext_homfam_medium hormone_rec 23626 5 161.554 308 21.5 72.9 69.4 49.1 63.0 451.2022 0:07:31 368.91 7103.86 335.39 339.07 0.00 1.07 863.83 3912.39
ext_homfam_medium pilin 17981 3 103.818 179 24.7 25.4 32.1 6.5 7.3 230.9822 0:03:50 270.54 7066.96 236.52 240.14 0.00 0.81 977.05 2274.68
ext_homfam_medium rhv 35978 6 119.891 938 33.1 74.0 73.2 43.2 54.5 417.7846 0:06:57 548.54 7255.45 514.85 518.51 0.00 1.49 658.29 2764.33
ext_homfam_medium kex 38255 3 318.645 498 26.5 69.3 76.1 61.3 64.5 2036.9168 0:33:56 2683.61 16880.97 2649.94 2653.57 0.00 1816.49 1111.17 23.24
ext_homfam_medium cryst 18916 7 78.4265 192 44.4 46.4 56.6 0.0 0.0 126.9918 0:02:06 259.51 7084.47 225.96 231.70 0.00 0.88 874.35 1129.22
ext_homfam_medium Sm 22137 4 65.4283 93 19.5 77.1 94.1 54.5 60.9 136.6449 0:02:16 266.57 7077.44 233.84 237.85 0.00 0.95 679.09 945.40
ext_homfam_medium YgbB 27469 3 150.749 158 52.3 94.0 94.4 89.1 90.4 402.1537 0:06:42 386.97 7109.37 353.44 358.15 0.00 1.25 574.22 2323.22
ext_homfam_medium Band_41_NME 20180 3 139.281 304 48.9 83.8 83.8 72.4 75.0 336.9129 0:05:36 416.58 7184.27 382.98 386.62 0.00 0.95 924.57 3132.07
ext_homfam_medium plantltp 14018 5 84.6242 96 48.8 78.6 79.6 36.3 37.4 108.3972 0:01:48 220.91 7041.74 187.59 194.71 0.00 0.63 375.40 426.02
ext_homfam_medium kunitz 20157 10 51.0009 64 37.9 91.6 96.8 68.3 73.1 108.8719 0:01:48 263.29 7092.73 231.18 234.79 0.00 0.92 267.61 310.94
ext_homfam_medium alpha-amylase_C 31745 21 90.654 122 21.0 42.6 49.5 5.8 0.0 262.3733 0:04:22 366.79 7125.07 333.25 337.99 0.00 1.47 743.32 1965.11
ext_homfam_medium sodcu 21583 7 130.263 169 42.2 82.4 89.3 65.1 72.4 275.8483 0:04:35 311.09 7104.11 277.92 281.53 0.00 0.98 911.61 2530.80
ext_homfam_medium lipase 32051 5 160.786 452 73.7 99.5 99.6 98.2 99.0 717.6508 0:11:57 610.86 7297.05 577.39 580.96 0.00 1.46 1115.87 8017.86
ext_homfam_medium cystatin 10622 3 79.5615 123 30.9 75.8 70.9 55.1 59.1 75.9093 0:01:15 187.79 7027.01 155.06 159.86 0.00 0.49 391.40 317.09
ext_homfam_medium WW 17958 4 29.162 51 29.0 91.4 91.4 80.4 81.8 49.8114 0:00:49 375.85 7222.21 343.72 357.56 0.00 0.02 58.92 49.20
ext_homfam_medium ppase 24211 4 151.222 288 38.9 89.5 89.5 78.9 80.8 310.3224 0:05:10 355.95 7104.29 322.26 326.98 0.00 1.11 648.93 2027.95
ext_homfam_medium Lipase_3 32943 3 114.918 280 40.5 85.2 85.6 76.7 77.7 710.6011 0:11:50 1551.44 7384.00 1518.18 1523.06 0.00 530.03 1105.06 13.45
ext_homfam_medium UBQ 38050 3 65.1746 76 67.8 100.0 100.0 100.0 100.0 328.1555 0:05:28 708.52 7474.22 675.25 680.01 0.00 1.65 958.00 3158.43
ext_homfam_medium glob 25307 41 96.2105 174 31.7 91.7 93.2 42.9 41.6 216.0992 0:03:36 317.29 7094.14 283.90 289.57 0.00 1.12 852.40 1858.43
ext_homfam_medium PTB 12979 3 118.877 182 20.8 75.9 83.9 60.1 70.5 133.0090 0:02:13 236.45 7049.07 202.88 206.52 0.00 0.61 727.35 985.90
ext_homfam_medium tryp_alpha_amyl 14016 3 84.6294 128 42.6 39.2 56.1 9.5 7.3 111.9441 0:01:51 221.02 7054.48 187.61 193.36 0.00 0.64 387.35 6.24
ext_homfam_medium DHHA2 10451 3 126.467 122 63.0 100.0 99.4 99.2 99.7 122.4310 0:02:02 224.89 7059.57 191.18 195.29 0.00 0.50 815.44 1017.07
ext_homfam_medium rub 14189 5 45.7718 54 62.1 96.7 97.5 87.0 89.0 54.3908 0:00:54 196.43 7056.02 164.69 168.78 0.00 0.64 706.52 405.34
ext_homfam_medium cys 39235 13 177.714 284 40.5 81.6 84.6 43.7 52.0 933.0236 0:15:33 684.83 7310.76 650.96 655.16 0.00 1.75 1250.36 11675.02
ext_homfam_medium B_lectin 18019 3 94.1621 110 59.9 97.5 97.5 96.3 96.3 186.0397 0:03:06 280.87 7086.64 247.66 251.74 0.00 0.81 1093.46 2052.28
ext_homfam_medium DEATH 11663 7 74.8489 159 19.6 69.3 71.6 43.5 44.4 90.4427 0:01:30 209.04 7056.23 175.54 179.16 0.00 0.55 1062.75 981.23
ext_homfam_medium Bac_rhodopsin 10018 3 160.955 241 30.4 85.3 89.6 78.0 80.8 164.8603 0:02:44 234.59 7062.68 200.98 204.66 0.00 0.44 627.68 1053.71
ext_homfam_medium C1 14349 3 49.8858 66 41.9 93.9 98.6 85.7 93.2 55.0795 0:00:55 197.13 7041.61 167.43 172.97 0.00 0.66 891.79 511.01
ext_homfam_medium serpin 35134 8 299.611 418 34.3 86.4 90.0 61.3 66.4 1831.3953 0:30:31 1615.26 7743.45 1582.08 1586.28 0.00 143.77 1182.99 13.10
ext_homfam_medium acid_phosphat 26060 3 297.97 458 40.6 69.7 70.0 50.6 52.5 1605.1417 0:26:45 2241.13 14959.11 2207.58 2211.22 0.00 1.18 947.63 15219.38
ext_homfam_medium hemopexin 18955 4 42.6516 226 32.1 80.3 78.2 57.9 59.4 77.1780 0:01:17 225.12 7061.45 196.59 200.74 0.00 0.88 261.47 221.02
ext_homfam_medium annexin 29440 6 62.2414 323 57.2 100.0 100.0 100.0 100.0 167.2107 0:02:47 368.65 7162.77 335.05 339.87 0.00 1.34 596.05 1013.89
ext_homfam_medium RuBisCO_large_N 34975 6 109.301 154 45.7 92.1 91.6 71.8 80.7 305.9028 0:05:05 597.99 7321.23 564.67 568.27 0.00 1.47 695.82 2141.73
ext_homfam_medium il8 10004 11 56.1178 81 34.5 91.5 91.3 67.5 76.6 44.6261 0:00:44 253.69 7105.85 225.02 234.41 0.00 0.02 45.50 41.51
ext_homfam_medium TRANSTHYRETIN 16266 3 109.291 120 82.2 91.5 100.0 91.2 91.2 147.3090 0:02:27 266.70 7067.34 232.75 236.83 0.00 0.75 892.65 1332.89
ext_homfam_medium hr 12048 5 61.3182 82 53.3 92.7 98.8 78.5 86.9 61.6801 0:01:01 187.12 7032.21 155.38 160.15 0.00 0.54 699.79 451.61
ext_homfam_medium dhfr 39355 4 149.518 189 36.0 81.9 85.7 68.3 72.4 643.8972 0:10:43 802.24 7463.95 768.61 773.37 0.00 1.74 979.60 6317.45
ext_homfam_medium az 25326 29 93.8285 215 33.4 67.9 71.1 27.7 17.7 251.1992 0:04:11 404.63 7179.91 371.23 374.81 0.00 1.14 997.65 2522.16
ext_homfam_medium hla 39898 5 139.74 178 76.5 99.8 100.0 99.4 99.4 521.1624 0:08:41 576.34 10622.39 542.47 546.58 0.00 1.66 754.76 3944.69
ext_homfam_medium slectin 10595 5 127.962 142 33.3 87.5 87.7 68.6 72.0 129.2487 0:02:09 207.45 7028.47 174.20 177.85 0.00 0.49 978.52 1283.88
ext_homfam_medium MCR_alpha 16404 3 117.091 287 71.0 99.0 99.0 98.6 98.5 136.4252 0:02:16 254.27 7053.98 221.07 225.23 0.00 0.70 301.19 431.07
ext_homfam_medium GEL 24752 5 71.3498 150 23.7 53.2 51.9 24.7 34.9 139.8819 0:02:19 292.12 7090.07 258.78 262.42 0.00 1.13 491.22 703.95
ext_homfam_medium kringle 10191 9 76.5912 100 43.3 83.2 86.7 51.7 57.6 59.1089 0:00:59 180.62 7051.22 151.36 164.83 0.00 0.49 787.07 485.58
ext_homfam_medium MCR_alpha_NC 17937 3 116.74 570 67.2 95.6 95.7 93.2 93.6 159.8146 0:02:39 273.44 7064.81 239.80 243.39 0.00 0.76 496.97 811.66
ext_homfam_medium lipocalin 21814 15 125.72 210 20.0 47.1 50.2 10.8 12.5 255.3483 0:04:15 362.69 7130.56 329.10 332.73 0.00 0.98 829.46 2134.64
ext_homfam_medium Fork_head 12082 3 78.088 101 51.5 95.3 95.3 91.5 92.2 72.1853 0:01:12 199.18 7032.88 166.21 170.26 0.00 0.55 297.56 234.12
ext_homfam_medium histone 34300 4 93.7347 96 17.4 44.9 53.0 19.3 22.7 335.6724 0:05:35 394.91 7138.27 361.32 365.44 0.00 1.45 907.54 3060.76
ext_homfam_medium ndk 37011 4 126.38 152 55.9 98.9 98.9 96.0 98.2 455.3336 0:07:35 455.73 7155.46 422.15 426.89 0.00 1.64 746.06 3409.31
ext_homfam_medium Invasin 14713 3 62.3379 108 23.5 81.0 80.7 69.1 72.2 114.9933 0:01:54 285.84 7119.59 252.61 257.39 0.00 0.69 1056.02 1233.49
homfam ricin 747 7 198.708 281 37.5 89.2 89.0 75.8 81.8 10.8299 0:00:10 1270.80 6999.14 1180.99 1195.12 0.00 1.32 1159.05 5.95
homfam ghf10 1502 5 220.34 364 43.3 89.1 90.3 72.8 78.9 35.2286 0:00:35 154.05 7021.57 120.55 124.24 0.00 0.09 459.66 177.20
homfam seatoxin 93 5 43.6344 54 42.6 81.2 79.6 46.9 47.0 1.0130 0:00:01 2224.43 6805.63 2209.51 2213.72 0.00 0.07 0.00 5.41
homfam mofe 2567 6 353.074 609 30.0 84.3 84.2 66.6 71.9 101.8497 0:01:41 169.98 7024.54 136.06 140.13 0.00 0.13 569.67 600.73
homfam cyt3 385 6 92.3065 130 40.3 74.5 73.8 43.2 49.3 4.0515 0:00:04 123.32 6992.57 89.70 103.13 0.00 0.04 1600.25 4.87
homfam ins 793 6 65.2825 74 44.9 62.8 72.4 0.0 0.0 4.7210 0:00:04 1270.79 6996.44 1237.14 1251.36 0.00 2.31 1533.82 5.44
homfam Ald_Xan_dh_2 2589 6 109.304 885 31.8 87.0 86.4 72.7 77.0 23.5464 0:00:23 173.05 7030.03 139.59 145.30 0.00 0.13 863.14 216.86
homfam tms 2118 5 264.245 357 45.9 92.4 91.7 79.6 85.0 45.9490 0:00:45 138.12 6995.97 110.42 115.15 0.00 0.02 49.75 44.12
homfam phc 2957 12 98.4711 179 37.2 94.2 94.5 73.7 79.7 19.4150 0:00:19 147.46 7029.71 113.67 118.62 0.00 0.13 837.85 178.60
homfam cytb 3206 6 82.1454 100 35.6 81.6 84.1 55.4 62.2 30.4491 0:00:30 149.63 7038.05 116.05 120.19 0.00 0.15 837.75 267.37
homfam mmp 1427 6 157.93 180 55.1 96.0 96.0 88.2 89.8 29.2229 0:00:29 144.94 7006.02 111.19 116.97 0.00 0.08 874.22 267.01
homfam phoslip 946 18 113.33 137 48.9 92.0 91.5 64.0 73.9 6.4542 0:00:06 1271.91 6997.39 1264.89 1265.73 0.00 1.08 1049.73 5.61
homfam HLH 6781 5 53.5453 92 28.1 59.6 89.1 32.1 43.6 24.5701 0:00:24 172.62 7053.09 144.44 153.86 0.00 0.27 772.67 204.46
homfam myb_DNA-binding 10398 5 46.5583 61 40.7 89.6 93.7 69.6 75.4 32.5705 0:00:32 232.36 7111.35 201.43 210.81 0.00 0.02 174.98 75.12
homfam msb 4884 8 106.037 158 26.6 75.7 81.5 37.9 46.9 71.1126 0:01:11 181.59 7039.05 151.22 155.36 0.00 0.23 1130.13 823.55
homfam ghf1 4358 8 403.813 562 38.4 88.2 90.3 63.0 71.7 187.3397 0:03:07 210.79 7040.59 177.39 182.19 0.00 0.20 808.70 1536.64
homfam rvp 93681 6 94.2886 132 36.6 81.5 82.5 53.2 59.9 908.1059 0:15:08 1481.49 8349.04 1447.95 1451.55 0.00 3.58 448.45 4077.25
homfam lyase_1 7632 5 295.082 511 30.9 73.4 73.8 52.5 53.2 226.2193 0:03:46 230.12 7034.32 196.81 200.46 0.00 0.33 496.35 1141.28
homfam ldh 7367 14 121.378 371 31.9 87.8 86.9 55.7 64.1 82.7359 0:01:22 188.86 7033.80 155.20 159.31 0.00 0.27 512.72 444.68
homfam subt 7517 11 301.598 414 39.5 60.3 69.7 11.7 16.8 605.0729 0:10:05 362.59 7472.95 329.13 333.25 0.00 0.34 1437.41 8716.32
homfam sodfe 4455 8 77.4471 219 42.3 88.4 88.1 64.1 67.3 20.3209 0:00:20 158.54 7047.75 125.03 130.75 0.00 0.19 1015.89 220.38
homfam LIM 6428 5 57.0143 86 52.8 93.1 94.0 82.9 88.7 27.8516 0:00:27 177.59 7060.35 148.21 154.90 0.00 0.27 715.53 213.21
homfam blm 9105 8 300.727 274 39.1 93.7 94.4 79.0 81.0 610.8689 0:10:10 355.44 7135.89 321.98 325.61 0.00 0.39 1203.87 7372.03
homfam DMRL_synthase 2099 5 140.59 182 33.2 93.9 91.5 75.7 85.0 19.1752 0:00:19 141.64 7017.23 108.41 117.71 0.00 0.11 852.45 178.10
homfam tRNA-synt_2b 11293 5 177.564 467 18.7 50.8 49.4 20.1 28.3 175.8835 0:02:55 314.34 7113.70 280.68 287.78 0.00 0.46 792.86 1412.56
homfam Stap_Strp_toxin 640 6 87.3922 254 32.5 81.2 80.3 47.7 54.9 2.7375 0:00:02 1866.27 6993.63 1819.79 1835.03 0.00 0.21 731.57 5.45
homfam Acetyltransf 46285 6 82.9897 229 24.1 52.8 52.2 14.3 20.0 922.8142 0:15:22 1645.64 10662.39 1612.47 1617.36 0.00 161.95 1027.64 11.20
homfam ghf22 760 12 107.567 131 51.4 96.4 96.5 86.2 89.5 4.7198 0:00:04 1268.74 6997.34 1262.15 1262.90 0.00 0.73 971.60 5.45
homfam sdr 50157 13 163.253 361 23.3 61.7 63.0 13.6 18.5 1522.9867 0:25:22 2218.95 21006.30 2185.00 2188.66 0.00 2075.49 1184.68 19.35
homfam ltn 1068 12 204.148 282 49.9 92.0 91.9 64.4 70.5 23.5862 0:00:23 135.70 7002.13 102.17 111.66 0.00 0.07 1132.87 279.03
homfam hpr 3349 5 83.0427 89 44.4 100.0 100.0 100.0 100.0 17.0119 0:00:17 740.68 7020.61 649.18 680.47 0.00 1.44 1009.94 6.36
homfam bowman 499 5 26.1443 73 64.9 91.0 91.0 71.4 74.4 1.2502 0:00:01 1263.18 5948.03 1256.23 1256.95 0.00 0.53 37.86 5.12
homfam hip 167 5 66.2096 88 33.4 86.7 85.5 61.9 72.7 1.3409 0:00:01 1260.31 5905.92 424.19 681.08 0.00 0.17 40.44 5.08
homfam HMG_box 4779 5 66.0716 89 24.8 96.2 95.6 84.0 92.5 21.2776 0:00:21 156.59 7041.22 123.13 128.83 0.00 0.21 1016.55 230.14
homfam icd 5678 5 328.887 433 41.7 90.7 92.9 76.3 79.3 185.6123 0:03:05 208.42 7019.36 174.83 178.45 0.00 0.25 614.06 1158.60
homfam peroxidase 4514 5 256.626 383 37.3 67.4 71.1 33.2 36.8 125.7196 0:02:05 176.99 7007.90 143.07 146.74 0.00 0.21 755.47 969.83
homfam asp 3262 13 284.142 381 37.5 76.5 84.7 40.9 42.7 147.2565 0:02:27 196.17 7041.33 162.24 165.94 0.00 0.16 1551.72 2304.93
homfam flav 4612 6 138.021 183 35.0 80.9 83.0 48.6 53.3 53.7205 0:00:53 163.73 7010.46 129.95 134.60 0.00 0.20 948.43 530.41
homfam cah 1379 5 212.706 279 38.7 83.5 86.2 67.2 71.0 32.4219 0:00:32 139.52 7007.29 105.66 112.90 0.00 0.08 593.85 207.53
homfam ace 3989 6 427.824 601 37.3 74.8 78.1 52.8 57.9 382.6567 0:06:22 244.40 7056.47 210.56 214.68 0.00 0.19 1494.03 5736.29
homfam sti 613 5 165.383 198 36.4 76.9 78.2 47.8 52.0 7.3666 0:00:07 1306.16 6996.24 1272.81 1282.22 0.00 2.39 1379.76 5.73
homfam aat 25100 10 337.807 476 28.6 76.2 78.6 31.0 35.8 1258.1505 0:20:58 790.55 7387.23 757.07 760.72 0.00 1.05 959.44 12077.86
homfam oxidored_q6 3348 5 123.044 285 56.7 97.2 97.4 91.0 92.7 24.3978 0:00:24 152.24 7018.66 118.65 125.87 0.00 0.15 505.15 140.29
homfam hormone_rec 3509 5 188.562 308 21.5 73.3 70.0 49.1 62.6 109.9397 0:01:49 2253.31 7007.57 2157.88 2189.11 0.00 2.09 861.14 7.98
homfam rhv 17976 6 143.424 938 33.1 75.5 74.2 45.9 57.9 178.4112 0:02:58 287.10 7085.87 253.79 258.57 0.00 0.68 615.64 1115.56
homfam tgfb 1606 8 95.4645 118 43.8 88.2 88.0 48.7 57.3 8.6271 0:00:08 1277.52 7008.19 1243.46 1256.67 0.00 4.40 1105.81 6.49
homfam cryst 1160 7 80.8078 192 44.4 40.4 55.7 0.0 0.0 7.4594 0:00:07 1274.27 6997.51 443.65 674.24 0.00 3.93 1244.42 6.17
homfam cyclo 6288 6 159.069 203 44.1 87.3 88.1 69.8 72.7 85.5069 0:01:25 203.07 7037.39 169.73 173.80 0.00 0.28 1155.20 1008.66
homfam kunitz 2266 10 53.752 64 37.9 95.4 96.4 78.3 76.8 9.2607 0:00:09 1281.35 7016.74 1247.98 1261.27 0.00 4.49 1368.13 6.43
homfam Rhodanese 14049 6 102.277 216 22.7 38.0 45.2 12.5 14.2 155.2124 0:02:35 251.15 7166.00 218.36 221.97 0.00 0.57 1282.69 2009.18
homfam sodcu 2038 7 141.322 169 42.2 87.4 87.3 66.9 73.0 23.0484 0:00:23 140.54 7014.33 106.80 111.89 0.00 0.11 751.04 188.06
homfam profilin 687 5 123.371 144 39.7 92.1 92.5 78.9 80.3 6.5529 0:00:06 125.88 6997.28 118.96 120.21 0.00 0.05 1487.29 104.45
homfam glob 3983 41 100.684 174 31.7 94.8 94.6 45.9 44.3 26.7342 0:00:26 157.24 7047.97 123.54 130.72 0.00 0.18 420.05 129.27
homfam tim 3904 10 205.645 260 47.5 95.6 97.5 87.6 90.6 67.3294 0:01:07 157.80 7008.49 125.59 132.62 0.00 0.18 402.45 291.65
homfam uce 4558 13 134.701 184 34.0 89.9 91.7 48.8 55.4 45.4487 0:00:45 178.02 7035.29 149.84 154.68 0.00 0.02 48.08 42.91
homfam toxin 508 20 62.311 78 43.1 89.7 89.0 46.8 53.0 2.2032 0:00:02 1746.62 6992.96 1728.77 1734.38 0.00 0.17 736.53 5.26
homfam rub 1435 5 46.1575 54 62.1 99.2 99.2 96.3 96.7 4.2111 0:00:04 4741.94 9407.89 1225.50 1512.23 0.00 2.27 665.58 5.89
homfam hom 12037 8 53.4951 98 35.3 91.4 91.0 58.0 68.7 36.8048 0:00:36 239.51 7134.58 207.95 212.06 0.00 0.02 59.42 42.77
homfam biotin_lipoyl 11833 7 71.8928 112 28.9 95.2 93.8 80.0 81.9 66.9375 0:01:06 192.68 7034.34 159.72 164.54 0.00 0.02 257.99 192.80
homfam cys 4316 13 198.11 284 40.5 85.4 86.1 54.1 64.8 99.9067 0:01:39 162.23 7003.94 130.34 135.15 0.00 0.21 1136.78 1156.28
homfam ghf11 521 5 167.758 202 49.5 91.8 91.8 79.7 80.8 6.2836 0:00:06 124.03 6995.82 116.90 118.14 0.00 0.05 1097.83 4.87
homfam blmb 17200 6 192.465 344 20.6 38.2 50.9 13.8 18.6 682.7412 0:11:22 424.89 7180.84 391.08 396.83 0.00 0.71 1137.71 7783.83
homfam aadh 3127 8 225.129 542 38.2 77.6 78.0 39.7 43.1 64.1734 0:01:04 161.03 7042.29 127.23 132.12 0.00 0.15 450.41 309.83
homfam DEATH 1183 7 80.5689 159 19.6 80.1 81.0 52.4 54.4 12.6537 0:00:12 130.15 6998.12 122.94 124.18 0.00 0.07 2043.45 265.63
homfam Sulfotransfer 2489 5 235.798 381 26.2 53.0 60.3 22.3 27.6 156.3482 0:02:36 166.95 7027.44 133.17 138.03 0.00 0.13 1486.59 2346.03
homfam serpin 3144 8 291.462 418 34.3 91.2 92.1 74.4 80.4 169.8409 0:02:49 192.14 7029.48 158.55 163.34 0.00 0.16 1378.43 2361.57
homfam proteasome 5732 17 174.347 309 21.7 79.0 75.6 34.5 44.1 78.4919 0:01:18 173.93 7020.18 140.52 147.59 0.00 0.25 214.42 188.56
homfam zf-CCHH 88345 15 23.2513 39 35.5 84.4 87.9 54.3 67.5 292.5331 0:04:52 894.32 8511.38 860.97 865.08 0.00 3.25 577.17 1699.44
homfam egf 7774 12 32.0765 71 31.1 75.5 74.6 23.5 35.7 21.2024 0:00:21 190.01 7074.75 162.47 167.97 0.00 0.33 1021.01 229.46
homfam annexin 3139 6 65.1902 323 57.2 100.0 100.0 100.0 100.0 14.3842 0:00:14 1719.25 7017.92 1637.06 1667.93 0.00 1.64 1128.51 6.41
homfam OTCace 4795 5 157.005 350 37.3 93.0 93.3 83.7 85.6 52.5756 0:00:52 169.38 7012.29 135.74 140.46 0.00 0.21 838.23 461.44
homfam rnasemam 498 6 120.072 141 42.2 92.3 89.9 67.2 79.1 3.6019 0:00:03 1265.43 6994.00 1231.72 1245.78 0.00 0.62 739.23 5.44
homfam adh 21331 5 123.64 375 63.9 98.8 98.8 97.3 97.7 303.7244 0:05:03 359.34 7130.73 325.88 330.61 0.00 0.88 1248.17 3807.38
homfam il8 1073 11 63.7623 81 34.5 91.3 90.5 59.7 67.5 5.0933 0:00:05 1266.32 6996.25 116.08 318.18 0.00 0.37 1144.64 5.37
homfam hr 3707 5 65.1513 82 53.3 98.9 98.9 97.5 97.1 15.6212 0:00:15 1717.54 7030.45 1627.09 1660.61 0.00 1.46 1114.52 6.54
homfam ChtBD 774 5 38.2713 45 59.3 95.4 95.2 86.0 87.4 2.3518 0:00:02 1306.27 6990.69 1295.62 1298.36 0.00 0.84 546.74 5.30
homfam gluts 10099 14 98.1117 235 39.4 93.3 93.0 76.4 81.2 142.7215 0:02:22 367.32 9613.59 333.26 340.39 0.00 0.43 1340.82 1933.45
homfam ghf5 2717 6 260.466 470 17.8 39.3 45.6 15.9 22.8 143.9729 0:02:23 177.87 7023.71 144.09 149.48 0.00 0.14 1730.28 2511.93
homfam ghf13 12607 10 264.452 626 26.8 55.9 57.6 18.7 26.0 495.2327 0:08:15 407.11 7164.75 373.09 377.22 0.00 0.54 984.44 4891.35
homfam PDZ 14950 6 80.8907 110 30.6 58.8 75.8 41.4 40.8 130.4002 0:02:10 228.37 7057.12 195.11 198.69 0.00 0.60 1031.65 1363.75
homfam az 1086 29 100.416 215 33.4 77.1 75.7 37.0 36.7 8.9334 0:00:08 1014.81 7000.56 977.39 990.11 0.00 0.45 1448.86 5.73
homfam hla 13465 5 153.148 178 76.5 100.0 100.0 100.0 100.0 146.4918 0:02:26 253.17 7049.56 219.35 222.97 0.00 0.54 643.91 961.58
homfam slectin 932 5 133.052 142 33.3 93.4 93.8 87.6 89.3 11.3970 0:00:11 1273.39 7000.91 1239.54 1253.59 0.00 2.57 1680.19 6.09
homfam GEL 2195 5 78.1157 150 23.7 69.5 65.8 37.0 51.0 11.6652 0:00:11 1381.32 7018.54 1305.84 1327.91 0.00 1.00 1336.89 6.29
homfam kringle 1091 9 75.9138 100 43.3 87.5 87.9 73.0 75.8 6.0116 0:00:06 636.98 6994.96 577.74 600.28 0.00 0.39 1361.47 5.11
homfam p450 21013 12 331.506 512 20.8 63.2 69.4 24.2 30.2 1646.1611 0:27:26 1485.41 9536.79 1451.88 1455.61 0.00 218.11 1336.59 13.11
homfam gpdh 7691 8 129.082 360 55.1 94.7 94.7 85.2 87.8 70.6115 0:01:10 184.12 7028.24 151.07 155.16 0.00 0.31 383.04 290.43
homfam int 7572 5 168.037 219 22.5 62.5 71.7 33.2 37.1 218.8187 0:03:38 226.59 7053.72 192.68 199.91 0.00 0.34 1600.41 3521.64
homfam KAS 2070 6 174.528 404 31.7 74.7 75.1 50.5 54.9 25.4123 0:00:25 144.75 7007.35 111.10 114.77 0.00 0.11 284.52 90.02
homfam trfl 837 7 242.315 702 61.9 44.8 54.6 1.4 0.1 17.7864 0:00:17 2441.59 7189.38 2386.01 2407.82 0.00 0.40 1176.79 7.65
homfam TNF 556 5 119.903 176 32.0 82.3 82.1 59.2 64.7 5.5215 0:00:05 1987.52 6994.63 1968.59 1974.59 0.00 0.22 1385.52 5.73
homfam scorptoxin 363 8 53.2562 74 46.3 91.2 91.6 75.3 80.4 1.7768 0:00:01 1311.62 6919.28 1296.62 1301.17 0.00 0.04 25.95 4.61
homfam aldosered 13277 7 268.547 386 41.6 90.5 91.5 65.5 72.0 504.3065 0:08:24 368.57 7120.60 335.12 338.82 0.00 0.57 1027.81 5198.85
homfam rrm 27610 20 67.4587 157 22.9 73.2 77.0 13.5 20.0 216.0621 0:03:36 419.16 7212.20 385.61 390.42 0.00 1.09 1253.74 2725.29
ext_homfam_huge HATPase_c 1105608 6 109.536 263 24.5 52.4 53.5 20.2 24.5 44291.7383 12:18:11 57701.55 331042.34 57667.82 57671.50 49043.57 1016127.37 528.38 11183.72
ext_homfam_huge PAS 459813 3 98.5763 146 31.3 53.2 75.7 33.3 32.1 12425.6538 3:27:05 22522.12 135256.57 22488.55 22492.78 0.56 101425.81 910.34 382.11
ext_homfam_huge igC1 257516 5 76.9806 102 43.5 58.4 73.0 32.4 34.5 4533.7521 1:15:33 99198.19 104397.68 8834.80 8838.48 0.00 8724.17 755.59 117.95
ext_homfam_huge sugbp 348308 4 228.259 329 23.8 69.6 74.3 47.5 50.4 19243.8445 5:20:43 25855.65 114216.18 25821.77 25825.95 0.00 102804.76 857.43 702.77
ext_homfam_huge helicase_NC 932215 3 131.03 598 31.8 42.5 49.2 17.2 7.8 46566.6302 12:56:06 81082.33 311534.84 81049.04 81063.01 0.09 751432.36 626.50 6069.32
ext_homfam_huge alpha-amylase_NC 258184 23 204.834 891 22.5 23.9 26.5 0.1 0.0 10937.1345 3:02:17 17745.36 84821.13 17711.72 17715.38 0.21 35470.75 708.65 337.24
ext_homfam_huge Extradiol_dioxy 376670 3 118.082 319 35.3 46.6 76.6 21.8 20.4 15066.2588 4:11:06 25304.10 116275.51 25270.39 25274.02 0.00 98941.67 734.02 979.22
ext_homfam_huge kinase 949994 0 222.775 488 0 0 0 0 0 144024.8720 1:16:00:24 114424.14 343716.55 114390.19 114399.71 1696526.59 3394157.52 868.30 30657.39
ext_homfam_huge ANK 380510 3 30.0863 137 26.4 68.7 68.9 54.8 56.3 4370.7098 1:12:50 127613.48 132710.98 9681.20 9685.38 0.28 17020.56 440.63 91.89
ext_homfam_huge mdd 871924 3 116.956 394 37.9 98.6 98.6 97.7 98.2 21893.0986 6:04:53 41642.58 255281.89 41608.56 41612.22 4.61 227657.81 553.22 701.38
ext_homfam_huge gtp 638901 8 165.964 211 33.4 50.6 62.2 13.7 15.9 27450.4603 7:37:30 42389.56 194484.76 42352.49 42356.71 8.00 402696.67 674.44 2597.29
ext_homfam_huge igvar-l 257537 26 76.9838 122 56.9 89.0 89.9 62.3 69.7 5106.8667 1:25:06 9050.45 76056.96 9017.05 9020.66 0.00 8383.90 800.98 138.17
ext_homfam_huge pdc 444172 4 142.273 599 20.4 73.8 72.6 59.1 64.6 11302.3738 3:08:22 22860.16 137865.52 22826.66 22830.38 12.14 44922.73 594.23 216.14
ext_homfam_huge GATase_2 257776 3 149.639 508 31.1 41.2 47.4 28.0 14.1 7530.3829 2:05:30 13307.52 79819.28 13273.66 13277.33 0.32 16730.44 612.08 129.97
ext_homfam_huge HTH_AraC 307748 4 37.1935 71 27.2 68.5 68.3 61.8 57.5 2942.8306 0:49:02 7213.40 58123.88 7180.10 7183.68 0.00 4822.91 431.46 33.76
ext_homfam_huge ABC_tran 2966699 0 169.241 354 0 0 0 0 0 82477.3698 22:54:37 104820.97 110196.46 104787.54 104794.34 0.07 0.03 174.39 781.80
ext_homfam_huge MHC_II_C 257519 8 76.9809 105 38.8 76.3 92.0 18.8 18.3 4596.7662 1:16:36 8771.29 75835.49 8737.77 8741.44 0.00 51792.91 776.11 135.33
ext_homfam_huge Cyclodex_gly_tran 313216 6 182.583 707 63.0 97.7 97.8 93.0 93.8 14103.6292 3:55:03 22376.25 101842.81 22338.24 22341.88 68.02 80408.62 708.05 308.73
ext_homfam_huge tRNA-synt_1 255011 3 337.107 769 24.5 27.3 51.1 15.8 17.3 18748.7333 5:12:28 25070.44 92027.64 25036.45 25040.67 4.01 123165.18 588.15 619.64
ext_homfam_huge hexapep 339297 3 33.3383 220 13.2 12.6 11.8 0.0 0.0 3700.2627 1:01:40 7979.58 94688.60 7946.39 7950.00 0.00 9530.53 419.21 57.07
ext_homfam_huge response_reg 1310484 13 109.384 156 25.3 70.7 80.6 20.7 25.3 41231.6143 11:27:11 66892.95 382294.81 66886.11 66887.33 8.28 577804.83 609.48 2849.05
ext_homfam_huge Acetyltransf 952228 6 92.5945 229 24.1 38.6 51.5 14.3 13.4 45971.4553 12:46:11 58906.09 300310.81 58872.14 58876.96 0.17 772979.28 649.84 10422.51
ext_homfam_huge oat 280732 4 366.716 498 23.9 62.1 75.9 43.4 48.0 20187.2930 5:36:27 19993.61 92333.83 19959.95 19964.72 0.12 23741.23 571.92 609.39
ext_homfam_huge sdr 1369993 0 177.362 361 0 0 0 0 0 105111.7146 1:5:11:51 96114.85 426946.79 96080.95 96095.02 838923.48 1679349.05 647.82 20923.55
ext_homfam_huge MHC_II_beta_NC 284430 4 76.1279 217 45.7 77.0 79.9 58.4 58.3 5591.6137 1:33:11 10670.89 83724.25 10633.37 10637.53 0.41 54718.49 757.94 164.86
ext_homfam_huge igI 258816 9 77.029 141 15.5 21.7 44.5 0.0 0.0 4747.5410 1:19:07 9632.41 76603.04 9598.72 9602.41 0.00 8443.20 778.61 139.40
ext_homfam_huge aldedh 570501 4 399.711 524 38.5 91.0 94.3 79.5 83.2 52058.7820 14:27:38 49739.96 202060.36 49706.21 49713.39 0.56 203587.43 551.49 765.35
ext_homfam_huge SBP_bacterial_1 420155 3 253.065 380 34.0 45.4 50.9 17.8 17.3 57297.6058 15:54:57 38105.67 137491.35 38098.63 38099.03 0.12 250578.20 991.50 1886.21
ext_homfam_huge transketolase_PC 281825 3 141.636 398 26.4 54.1 51.9 27.4 29.9 5971.3865 1:39:31 11529.92 84919.90 11495.87 11499.53 0.29 2419.93 582.10 60.04
ext_homfam_huge aat 818802 10 279.696 476 28.6 62.4 72.9 20.4 22.7 82956.3650 23:02:36 81190.99 287207.56 81157.12 81171.20 155.10 831995.05 648.31 8549.84
ext_homfam_huge thiored 294457 6 75.9243 132 20.6 36.1 38.8 8.7 3.5 4475.5809 1:14:35 9853.14 86227.53 9817.14 9820.83 0.00 37634.06 815.14 104.60
ext_homfam_huge Haloperoxidase 740746 9 167.102 372 24.9 30.0 47.1 3.4 4.2 60333.3298 16:45:33 71306.62 252878.44 71272.80 71276.44 13360.01 812511.86 849.69 7168.55
ext_homfam_huge helicase_C 473124 5 105.284 218 27.5 40.5 57.3 3.8 3.0 10993.4848 3:03:13 21691.28 137639.74 21657.43 21661.11 0.00 75736.37 649.04 1080.80
ext_homfam_huge bac_luciferase 261894 4 278.575 336 30.1 23.1 28.4 5.1 1.2 17143.3479 4:45:43 17276.73 84755.54 17242.79 17246.43 0.00 78266.17 654.17 219.86
ext_homfam_huge igvar-h 257532 21 76.984 137 52.1 81.2 84.5 52.6 58.9 4860.3177 1:21:00 99249.53 104471.25 8887.09 8890.75 0.00 20822.10 775.21 135.59
ext_homfam_huge Epimerase 1360465 0 178.021 410 0 0 0 0 0 127185.7987 1:11:19:45 128440.58 439975.58 128433.30 128434.53 1045814.29 2093147.28 699.41 27504.18
ext_homfam_huge igcon 257523 12 76.9812 114 33.0 53.0 61.5 0.9 1.1 4635.2754 1:17:15 8987.32 75918.20 8953.40 8957.06 0.00 37685.88 782.80 137.04
ext_homfam_huge GATase 265204 3 172.422 251 22.8 48.2 66.5 28.4 30.3 8042.6138 2:14:02 12804.16 80491.14 12770.66 12774.83 0.34 30464.62 688.11 413.37
ext_homfam_huge AhpC-TSA 296300 3 113.069 229 45.2 66.0 82.7 47.2 51.1 6679.0442 1:51:19 12358.70 88328.80 12324.79 12328.47 0.00 54787.40 901.75 142.88
ext_homfam_huge TyrKc 941307 0 224.419 311 0 0 0 0 0 128295.7898 1:11:38:15 114460.51 345052.87 114426.68 114430.38 1658396.37 3318121.03 778.74 32174.92
ext_homfam_huge CBS 419518 4 51.3699 67 31.1 23.3 33.5 10.8 11.7 6033.7955 1:40:33 11355.37 117020.74 11321.50 11325.18 0.00 6290.96 568.20 107.01
ext_homfam_huge apbact 466626 3 256.984 335 20.4 12.5 25.4 2.5 1.0 39513.3471 10:58:33 47016.27 158068.04 46982.55 46986.17 0.00 260445.35 700.44 1333.19
ext_homfam_huge ech 330971 3 219.552 280 26.6 83.4 93.7 76.4 80.7 14818.3671 4:06:58 18469.14 102977.86 18435.32 18438.98 0.00 46695.95 707.17 236.05
ext_homfam_huge blmb 401802 6 158.083 344 20.6 39.0 43.2 10.9 10.2 19878.2735 5:31:18 25440.97 129948.59 25407.09 25412.92 0.18 208799.71 763.64 1650.66
ext_homfam_huge zf-CCHH 682260 15 22.8962 39 35.5 81.7 86.7 28.6 37.5 7248.6790 2:00:48 17450.40 23156.93 17416.94 17420.57 0.57 1364.00 332.78 94.05
ext_homfam_huge adh 406421 5 114.761 375 63.9 98.6 98.7 97.1 97.4 9203.4042 2:33:23 19950.98 122454.46 19916.57 19920.73 0.37 36048.10 716.12 222.25
ext_homfam_huge AAA 585357 4 120.092 430 28.4 25.8 37.0 9.4 2.1 21337.6639 5:55:37 32019.86 174008.21 31986.08 31990.88 0.44 215215.16 788.36 984.78
ext_homfam_huge MHC_II_alpha_NC 261656 4 76.9301 187 44.8 70.4 75.3 43.4 43.6 5109.7546 1:25:09 100223.48 105437.32 9534.64 9538.80 0.23 44483.75 780.48 132.01
ext_homfam_huge rep 423102 4 50.1786 88 30.3 69.3 69.6 40.0 45.7 6384.8225 1:46:24 137812.74 142933.55 10450.63 10454.25 0.00 21447.13 545.59 93.49
ext_homfam_huge fn3 254325 14 80.1208 149 15.9 19.6 40.9 0.0 0.0 5138.8464 1:25:38 8949.19 75538.93 8915.55 8919.20 0.00 7043.97 1085.95 116.97
ext_homfam_huge gluts 291502 14 71.8456 235 39.4 74.9 77.2 40.3 44.1 3954.8691 1:05:54 9204.93 85672.40 9171.39 9175.10 0.00 4224.86 716.19 78.91
ext_homfam_huge FAD-oxidase_NC 288043 4 162.362 672 14.6 23.7 23.0 0.2 0.0 8627.0726 2:23:47 15822.26 92672.27 15787.29 15790.93 0.00 15888.20 663.70 128.73
ext_homfam_huge PA_phosphatase 371442 3 188.436 353 39.9 36.6 53.6 7.6 2.8 35568.8716 9:52:48 34026.12 127822.04 33991.05 33994.71 0.07 330528.27 908.06 2606.19
ext_homfam_huge DEAD 459097 4 157.561 442 29.6 15.7 21.4 0.0 0.0 20336.6972 5:38:56 35748.56 155674.25 35715.02 35724.33 1.27 240825.43 718.65 1364.55
ext_homfam_huge igV 257520 9 76.9813 137 18.2 29.6 50.7 0.0 0.0 4689.1718 1:18:09 8656.80 75621.94 8622.99 8626.65 0.00 50435.99 793.29 134.89
ext_homfam_huge Cys_Met_Meta_PP 289963 3 240.41 407 30.5 86.3 90.4 80.6 82.7 13539.1556 3:45:39 19183.62 93036.69 19145.59 19150.48 0.21 47176.09 607.51 160.32
ext_homfam_huge molybdopterin 347815 4 254.332 836 39.3 82.1 82.7 60.1 62.8 24265.0590 6:44:25 32754.36 116321.46 32718.37 32722.03 0.00 98273.84 665.63 307.40
ext_homfam_huge Phage_integrase 380607 4 155.938 241 15.5 14.1 21.9 0.5 0.7 18716.5075 5:11:56 24309.64 118405.32 24300.76 24302.01 0.15 211369.45 870.50 2020.74
ext_homfam_huge grs 433471 11 77.6264 558 30.3 79.8 78.5 35.5 39.9 6656.8940 1:50:56 16618.40 126132.42 16584.59 16588.30 0.51 19651.30 611.80 103.05
ext_homfam_huge p450 386670 12 301.863 512 20.8 58.4 63.5 26.1 33.9 42608.9677 11:50:08 46745.88 142163.52 46712.05 46715.74 0.00 659298.59 974.97 5728.59
ext_homfam_huge aabp 319835 3 206.726 241 42.8 89.6 92.6 82.8 83.5 19877.7693 5:31:17 26785.79 108636.52 26752.22 26756.36 0.11 81498.69 855.05 359.53
ext_homfam_huge aldosered 345677 7 259.927 386 41.6 85.8 92.6 62.5 68.2 20177.9044 5:36:17 27884.33 118934.66 27850.36 27855.12 4.12 125478.44 726.48 1442.93
homstrad ricin 7 7 254.714 281 37.5 91.8 91.4 77.3 84.9 1.4226 0:00:01 1084.18 3489.22 1047.00 1061.65 0.00 0.07 0.00 3.80
homstrad ghf10 5 5 316 364 43.3 91.5 90.6 75.9 80.7 1.3096 0:00:01 1257.51 3727.36 1223.67 1233.24 0.00 0.05 81.37 3.90
homstrad seatoxin 5 5 47 54 42.6 81.0 79.5 46.9 47.0 1.3269 0:00:01 1257.84 3727.75 1224.21 1236.95 0.00 0.05 79.58 3.92
homstrad mofe 6 6 489.5 609 30.0 81.9 81.3 61.9 69.0 1.6145 0:00:01 1988.63 4465.88 1951.29 1961.24 0.00 0.07 66.01 4.59
homstrad cyt3 6 6 110 130 40.3 78.6 77.8 48.3 54.0 1.3383 0:00:01 1258.63 3728.12 1201.72 1212.38 0.00 0.09 41.13 3.56
homstrad ins 6 6 55.8333 74 44.9 96.3 95.2 76.8 92.8 1.4576 0:00:01 2307.33 4784.53 2270.19 2284.89 0.00 0.07 73.88 4.85
homstrad Ald_Xan_dh_2 6 6 763.5 885 31.8 86.2 85.9 69.1 75.0 1.7600 0:00:01 1336.93 3814.14 1327.14 1329.05 40.00 0.12 59.52 4.01
homstrad tms 5 5 285 357 45.9 96.3 95.7 85.6 91.5 1.3211 0:00:01 1256.36 3728.14 1159.30 1169.94 0.00 0.09 40.89 3.93
homstrad phc 12 12 166.417 179 37.2 93.9 93.9 82.7 85.2 1.4214 0:00:01 2336.80 4813.81 2299.41 2313.26 0.00 0.07 77.72 4.85
homstrad cytb 6 6 86 100 35.6 90.8 90.5 70.7 77.7 1.3284 0:00:01 1258.32 3728.14 1209.50 1224.28 0.00 0.09 42.88 3.90
homstrad mmp 6 6 164 180 55.1 98.4 98.2 92.9 94.8 1.3480 0:00:01 1258.20 3727.87 1224.24 1233.93 0.00 0.05 78.15 3.92
homstrad phoslip 18 18 121.667 137 48.9 93.1 92.7 66.2 74.6 1.3518 0:00:01 1257.73 3727.88 1224.39 1238.70 0.00 0.05 78.93 3.86
homstrad HLH 5 5 71.2 92 28.1 91.6 91.6 84.5 85.5 1.3374 0:00:01 1255.53 3725.19 1221.55 1231.17 0.00 0.05 80.38 3.92
homstrad myb_DNA-binding 5 5 53.6 61 40.7 96.8 95.6 83.9 90.0 1.2781 0:00:01 1312.10 3728.02 1274.91 1285.66 0.00 0.09 39.16 3.86
homstrad msb 8 8 126 158 26.6 88.4 87.0 60.7 73.1 1.3131 0:00:01 1257.93 3727.88 1224.28 1238.42 0.00 0.05 82.71 3.94
homstrad ghf1 8 8 445.125 562 38.4 92.6 92.6 75.5 84.1 1.5444 0:00:01 1932.84 4410.06 1922.84 1924.77 0.00 0.07 69.67 4.46
homstrad rvp 6 6 106.333 132 36.6 83.4 83.0 55.9 62.9 1.3690 0:00:01 1258.04 3727.86 1224.23 1233.80 0.00 0.05 79.24 3.93
homstrad lyase_1 5 5 444.6 511 30.9 77.5 77.9 59.4 59.9 1.4287 0:00:01 2278.27 4755.15 2240.84 2255.56 0.00 0.07 76.67 4.77
homstrad ldh 14 14 319.071 371 31.9 89.2 88.1 60.3 68.6 1.6148 0:00:01 1874.67 4351.55 1864.46 1866.43 372.02 0.07 65.65 5.44
homstrad subt 11 11 294.364 414 39.5 75.7 74.2 25.0 34.5 1.5531 0:00:01 1974.42 4451.58 1937.20 1952.66 0.00 0.07 69.26 4.58
homstrad sodfe 8 8 198.5 219 42.3 91.1 89.9 63.2 67.3 1.7004 0:00:01 1612.64 4089.87 1575.72 1585.57 0.00 0.12 150.29 4.06
homstrad LIM 5 5 69.8 86 52.8 97.9 97.9 89.0 96.8 1.3318 0:00:01 1326.75 3731.89 1289.60 1300.35 0.00 0.09 38.28 3.60
homstrad blm 8 8 261.375 274 39.1 96.7 96.4 87.3 89.0 1.4432 0:00:01 2264.28 4741.47 2227.06 2238.15 0.00 0.07 75.21 4.83
homstrad DMRL_synthase 5 5 158 182 33.2 91.1 88.4 71.6 82.0 1.3897 0:00:01 1229.71 3634.58 1192.25 1202.60 0.00 0.07 0.00 3.91
homstrad tRNA-synt_2b 5 5 307.8 467 18.7 44.3 40.6 14.5 16.7 1.4166 0:00:01 2346.84 4824.08 2309.72 2325.20 0.00 0.07 76.60 4.79
homstrad Stap_Strp_toxin 6 6 220.333 254 32.5 73.7 72.9 36.2 41.5 1.3836 0:00:01 1102.12 3507.39 1064.97 1075.70 0.00 0.07 0.00 3.81
homstrad Acetyltransf 6 6 161.5 229 24.1 71.6 69.0 30.7 40.0 1.3474 0:00:01 1246.38 3716.28 1212.60 1224.69 0.00 0.05 79.92 3.92
homstrad ghf22 12 12 126.5 131 51.4 97.3 97.3 87.7 90.1 1.3901 0:00:01 1210.96 3680.57 1176.96 1189.51 0.00 0.05 77.34 3.94
homstrad sdr 13 13 259.462 361 23.3 76.3 74.7 27.4 35.7 1.6597 0:00:01 1744.04 4220.98 1706.65 1720.94 0.00 0.03 88.40 2.99
homstrad ltn 12 12 234.417 282 49.9 94.3 93.7 72.7 80.2 1.5263 0:00:01 2118.09 4595.18 2080.82 2093.46 0.00 0.07 70.42 4.73
homstrad hpr 5 5 87 89 44.4 100.0 100.0 100.0 100.0 1.3414 0:00:01 1258.45 3728.12 1204.65 1215.41 0.00 0.09 39.55 3.95
homstrad bowman 5 5 50 73 64.9 97.7 97.1 92.9 95.3 1.3387 0:00:01 1257.13 3726.86 1223.27 1232.06 0.00 0.05 79.54 3.97
homstrad hip 5 5 74.2 88 33.4 82.8 81.8 59.5 69.5 1.2977 0:00:01 1256.02 3661.66 1219.29 1229.94 0.00 0.07 0.00 3.89
homstrad HMG_box 5 5 76.4 89 24.8 97.3 96.2 85.2 93.9 1.3709 0:00:01 1257.86 3727.75 1224.27 1233.93 0.00 0.05 78.18 3.97
homstrad icd 5 5 367 433 41.7 92.6 92.7 80.7 83.0 1.4111 0:00:01 2376.07 4853.30 2339.34 2354.76 0.00 0.07 77.16 4.79
homstrad peroxidase 5 5 334.4 383 37.3 87.0 85.9 59.0 63.8 1.3725 0:00:01 1063.35 3468.68 1026.32 1037.19 0.00 0.07 0.00 3.72
homstrad asp 13 13 332.077 381 37.5 89.0 88.8 65.8 71.5 1.6774 0:00:01 1718.66 4195.46 1680.66 1689.17 0.00 0.16 89.15 4.07
homstrad flav 6 6 161.667 183 35.0 86.9 87.4 66.9 70.0 1.3271 0:00:01 1258.23 3728.13 1151.80 1161.70 0.00 0.09 41.45 3.92
homstrad cah 5 5 249.2 279 38.7 86.1 85.0 64.6 71.0 1.3943 0:00:01 2360.34 4837.61 2323.40 2338.73 4.00 0.07 77.83 4.91
homstrad ace 6 6 533.833 601 37.3 80.3 79.9 60.7 66.4 1.5429 0:00:01 1941.18 4417.92 1931.07 1933.20 4.00 0.07 71.46 4.51
homstrad sti 5 5 173.6 198 36.4 78.2 76.7 46.7 51.8 1.3868 0:00:01 1244.68 3714.35 1210.56 1223.28 0.00 0.05 78.27 3.93
homstrad aat 10 10 403.6 476 28.6 74.9 73.6 21.1 24.3 1.6557 0:00:01 1807.37 4284.88 1770.51 1779.01 0.00 0.03 90.82 3.00
homstrad oxidored_q6 5 5 265.2 285 56.7 97.3 97.3 92.1 93.7 1.3246 0:00:01 1258.49 3728.15 1151.89 1162.64 0.00 0.09 43.07 3.88
homstrad hormone_rec 5 5 248.6 308 21.5 77.1 73.6 50.5 64.5 1.4287 0:00:01 1132.59 3538.16 1095.83 1110.56 0.00 0.07 0.00 3.83
homstrad rhv 6 6 780.833 938 33.1 78.6 77.5 50.4 61.8 3.0755 0:00:03 2413.64 4899.02 2375.15 2385.90 4.00 0.07 55.76 5.16
homstrad tgfb 8 8 97.625 118 43.8 90.0 89.3 55.6 64.0 1.2917 0:00:01 1258.35 3728.15 1233.45 1235.34 0.00 0.09 41.07 3.89
homstrad cryst 7 7 174.714 192 44.4 63.8 74.5 1.7 0.8 1.3745 0:00:01 1125.44 3530.57 1088.30 1098.95 0.00 0.07 0.00 3.84
homstrad cyclo 6 6 171.833 203 44.1 86.4 86.3 73.5 72.7 1.3252 0:00:01 1226.78 3631.85 1189.58 1204.91 0.00 0.07 0.00 3.87
homstrad kunitz 10 10 57.7 64 37.9 96.1 96.8 81.7 80.4 1.3383 0:00:01 1215.94 3621.46 1179.16 1194.60 0.00 0.07 0.00 3.96
homstrad Rhodanese 6 6 150 216 22.7 61.1 57.1 30.7 34.3 1.3930 0:00:01 1249.46 3719.24 1215.49 1228.05 0.00 0.05 79.17 3.97
homstrad sodcu 7 7 152.571 169 42.2 91.0 90.8 77.7 82.9 1.3690 0:00:01 1258.01 3727.88 1224.30 1236.78 0.00 0.05 79.89 3.89
homstrad profilin 5 5 128.6 144 39.7 93.1 93.1 85.9 86.9 1.3627 0:00:01 1247.04 3652.11 1209.85 1225.33 0.00 0.07 0.00 3.89
homstrad glob 41 41 146.098 174 31.7 96.6 96.3 63.5 65.7 1.7069 0:00:01 1657.28 4134.21 1646.50 1648.78 16.00 0.16 86.91 4.02
homstrad tim 10 10 249.5 260 47.5 98.5 98.3 92.7 95.7 1.4792 0:00:01 2177.38 4654.33 2139.93 2153.70 0.00 0.07 73.36 4.84
homstrad uce 13 13 149.385 184 34.0 88.0 87.7 59.0 68.0 1.4552 0:00:01 2288.44 4765.48 2250.91 2261.80 0.00 0.07 74.56 4.84
homstrad toxin 20 20 63.5 78 43.1 89.3 87.6 61.0 69.8 1.3906 0:00:01 1245.01 3714.99 1211.36 1223.60 0.00 0.05 76.80 3.96
homstrad rub 5 5 51.2 54 62.1 99.2 99.2 96.3 96.7 1.3622 0:00:01 1270.49 3675.81 1233.43 1243.94 0.00 0.07 0.00 3.88
homstrad hom 8 8 63.5 98 35.3 98.1 97.3 79.7 95.3 1.3476 0:00:01 1258.12 3727.88 1227.73 1238.37 0.00 0.05 76.08 3.86
homstrad biotin_lipoyl 7 7 83.4286 112 28.9 95.3 94.0 81.2 84.2 1.3175 0:00:01 1310.32 3728.12 1273.14 1287.08 0.00 0.09 38.70 3.94
homstrad cys 13 13 223.692 284 40.5 89.8 89.2 54.9 66.8 1.4706 0:00:01 2156.13 4633.10 2118.57 2132.62 0.00 0.07 74.43 4.67
homstrad ghf11 5 5 185.4 202 49.5 94.8 94.7 87.0 88.6 1.3129 0:00:01 1279.62 3728.12 1242.62 1257.99 0.00 0.09 39.50 3.84
homstrad blmb 6 6 241.667 344 20.6 42.1 41.9 9.1 10.9 1.4355 0:00:01 2388.64 4865.62 2351.35 2362.12 0.00 0.07 74.19 4.96
homstrad aadh 8 8 415.125 542 38.2 85.2 85.3 54.2 60.4 1.5222 0:00:01 1975.71 4452.97 1965.65 1967.71 4.00 0.07 69.38 4.57
homstrad DEATH 7 7 107.143 159 19.6 59.2 60.7 23.4 28.7 1.3618 0:00:01 1254.00 3723.76 1219.98 1229.60 0.00 0.05 79.60 3.98
homstrad Sulfotransfer 5 5 281.8 381 26.2 71.0 70.2 31.1 37.0 1.3892 0:00:01 1134.90 3540.19 1097.78 1112.40 0.00 0.07 0.00 3.79
homstrad serpin 8 8 376.25 418 34.3 93.3 92.5 74.4 79.5 1.5382 0:00:01 1973.79 4450.92 1936.53 1951.99 0.00 0.07 70.17 4.59
homstrad proteasome 17 17 223.353 309 21.7 83.2 79.6 29.7 39.0 1.8038 0:00:01 1758.32 4235.44 1721.23 1736.72 0.00 0.15 82.30 4.17
homstrad zf-CCHH 15 15 29.0667 39 35.5 91.0 89.9 65.7 75.7 1.2863 0:00:01 1325.71 3730.95 1288.42 1299.24 0.00 0.09 36.56 3.83
homstrad egf 12 12 47.75 71 31.1 75.3 75.1 51.5 47.9 1.3818 0:00:01 1263.36 3668.65 1226.21 1236.73 0.00 0.07 0.00 3.91
homstrad annexin 6 6 317.167 323 57.2 100.0 100.0 100.0 100.0 1.4051 0:00:01 1041.70 3446.93 1004.50 1019.86 0.00 0.07 0.00 3.57
homstrad OTCace 5 5 318 350 37.3 93.9 93.9 81.6 84.4 1.3704 0:00:01 1242.41 3712.39 1208.64 1218.26 0.00 0.05 79.11 3.89
homstrad rnasemam 6 6 121.5 141 42.2 94.7 91.4 72.4 84.1 1.3523 0:00:01 1204.46 3609.71 1167.39 1182.09 0.00 0.07 0.00 3.90
homstrad adh 5 5 373.6 375 63.9 98.8 98.8 96.8 97.0 1.3280 0:00:01 1230.35 3700.16 1223.71 1224.40 0.00 0.05 81.73 3.89
homstrad il8 11 11 68.8182 81 34.5 93.2 91.9 63.6 72.2 1.3355 0:00:01 1291.28 3728.17 1254.50 1265.25 0.00 0.09 36.72 3.83
homstrad hr 5 5 74 82 53.3 100.0 100.0 100.0 100.0 1.3646 0:00:01 1258.04 3727.75 1242.62 1247.87 0.00 0.05 80.98 3.98
homstrad ChtBD 5 5 42.6 45 59.3 93.2 91.5 79.1 80.2 1.3647 0:00:01 1252.02 3721.82 1235.80 1241.16 4.00 0.05 79.49 3.96
homstrad gluts 14 14 215.643 235 39.4 93.5 93.3 76.8 81.4 1.4920 0:00:01 2149.47 4626.39 2130.39 2136.91 0.00 0.07 73.49 4.76
homstrad ghf5 6 6 327.167 470 17.8 54.8 53.2 23.9 33.9 1.5117 0:00:01 2133.55 4610.87 2096.46 2108.26 0.00 0.07 71.67 4.68
homstrad ghf13 10 10 469.8 626 26.8 66.9 65.0 27.7 36.0 1.8032 0:00:01 1346.13 3823.27 1336.25 1338.16 8.00 0.12 85.43 4.04
homstrad PDZ 6 6 93 110 30.6 77.3 76.3 58.6 61.1 1.3324 0:00:01 1274.01 3679.21 1236.71 1252.24 0.00 0.07 0.00 3.88
homstrad az 29 29 113.069 215 33.4 71.8 69.9 36.4 39.6 1.4215 0:00:01 2284.54 4761.86 2266.00 2272.34 0.00 0.07 76.31 4.61
homstrad hla 5 5 178 178 76.5 100.0 100.0 100.0 100.0 1.3590 0:00:01 1257.98 3727.74 1224.39 1238.69 0.00 0.05 79.90 3.94
homstrad slectin 5 5 133.4 142 33.3 93.0 93.3 83.9 87.9 1.3709 0:00:01 1257.95 3727.74 1224.46 1238.68 0.00 0.05 79.29 3.96
homstrad GEL 5 5 118.6 150 23.7 62.5 59.7 26.0 37.8 1.3628 0:00:01 1258.09 3727.75 1224.27 1236.96 0.00 0.05 79.77 3.94
homstrad kringle 9 9 82.8889 100 43.3 93.8 92.4 77.5 82.2 1.3968 0:00:01 1211.27 3680.95 1177.08 1189.75 0.00 0.05 76.18 3.95
homstrad p450 12 12 408 512 20.8 68.3 66.6 28.3 35.9 1.8572 0:00:01 1258.20 3734.62 1251.69 1252.41 692.00 0.05 60.89 5.76
homstrad gpdh 8 8 338.75 360 55.1 95.4 95.2 87.4 89.9 1.5110 0:00:01 2110.53 4587.58 2073.15 2083.11 0.00 0.07 70.47 4.67
homstrad int 5 5 192 219 22.5 90.9 90.7 75.2 82.0 1.3602 0:00:01 1258.06 3727.76 1224.32 1237.14 0.00 0.05 78.45 3.93
homstrad KAS 6 6 344.667 404 31.7 88.2 86.7 72.2 77.0 1.3533 0:00:01 1127.06 3532.25 1089.80 1100.49 0.00 0.07 0.00 3.78
homstrad trfl 7 7 526.286 702 61.9 96.5 96.4 91.9 92.7 1.6831 0:00:01 1801.54 4278.46 1764.11 1779.39 0.00 0.16 85.23 4.04
homstrad TNF 5 5 149.6 176 32.0 85.9 85.8 65.6 70.9 1.3138 0:00:01 1258.49 3728.14 1224.74 1233.66 0.00 0.09 40.40 3.92
homstrad scorptoxin 8 8 64.75 74 46.3 95.0 95.0 83.6 88.2 1.3238 0:00:01 1258.14 3728.12 1200.04 1210.82 0.00 0.09 40.06 3.92
homstrad aldosered 7 7 310.857 386 41.6 93.4 92.4 74.5 79.7 1.5009 0:00:01 2185.23 4662.35 2148.00 2157.62 0.00 0.07 72.31 4.81
homstrad rrm 20 20 86.65 157 22.9 83.5 80.7 23.4 34.6 1.4284 0:00:01 2370.03 4847.12 2332.61 2346.63 0.00 0.07 76.66 4.79
